16768
16562
16206
16632
16380
16425
Load data
RNN type: GRU Grammar: g1 Seed: 4
Model total parameters: 7800
Saving hinit ... 

Epoch 0: Time: 0.1189 Cost: 25.2276 Pre: 0.0404 Re: 0.4000 Acc: 0.5826 F1: 0.0734


--------------------------------------------------------------------
Eval results: Cost:23.4822 Pre:0.0588 Re:0.5000 Acc:0.7901 F1:0.1053
--------------------------------------------------------------------

Epoch 1: Time: 0.0451 Cost: 23.6893 Pre: 0.0800 Re: 0.4000 Acc: 0.7851 F1: 0.1333
Epoch 2: Time: 0.0456 Cost: 21.5388 Pre: 0.1667 Re: 0.3000 Acc: 0.9091 F1: 0.2143
Epoch 3: Time: 0.0450 Cost: 19.0308 Pre: 0.2500 Re: 0.2000 Acc: 0.9421 F1: 0.2222
Epoch 4: Time: 0.0450 Cost: 16.1850 Pre: 0.3333 Re: 0.2000 Acc: 0.9504 F1: 0.2500
Epoch 5: Time: 0.0450 Cost: 12.9675 Pre: 0.2500 Re: 0.1000 Acc: 0.9504 F1: 0.1429
Epoch 6: Time: 0.0454 Cost: 9.4907 Pre: 0.5000 Re: 0.1000 Acc: 0.9587 F1: 0.1667
Epoch 7: Time: 0.0450 Cost: 6.3530 Pre: 0.5000 Re: 0.1000 Acc: 0.9587 F1: 0.1667
Epoch 8: Time: 0.0450 Cost: 4.4559 Pre: 0.5000 Re: 0.1000 Acc: 0.9587 F1: 0.1667
Epoch 9: Time: 0.0466 Cost: 3.7616 Pre: 0.5000 Re: 0.1000 Acc: 0.9587 F1: 0.1667
Epoch 10: Time: 0.0449 Cost: 3.5688 Pre: 0.5000 Re: 0.1000 Acc: 0.9587 F1: 0.1667


--------------------------------------------------------------------
Eval results: Cost:2.7378 Pre:0.5000 Re:0.2500 Acc:0.9753 F1:0.3333
--------------------------------------------------------------------

Epoch 11: Time: 0.0465 Cost: 3.5150 Pre: 0.5000 Re: 0.1000 Acc: 0.9587 F1: 0.1667
Epoch 12: Time: 0.0457 Cost: 3.4991 Pre: 0.5000 Re: 0.1000 Acc: 0.9587 F1: 0.1667
Epoch 13: Time: 0.0453 Cost: 3.4942 Pre: 0.5000 Re: 0.1000 Acc: 0.9587 F1: 0.1667
Epoch 14: Time: 0.0452 Cost: 3.4925 Pre: 0.5000 Re: 0.1000 Acc: 0.9587 F1: 0.1667
Epoch 15: Time: 0.0471 Cost: 3.4915 Pre: 0.5000 Re: 0.1000 Acc: 0.9587 F1: 0.1667
Epoch 16: Time: 0.0449 Cost: 3.4903 Pre: 0.5000 Re: 0.1000 Acc: 0.9587 F1: 0.1667
Epoch 17: Time: 0.0451 Cost: 3.4887 Pre: 0.5000 Re: 0.1000 Acc: 0.9587 F1: 0.1667
Epoch 18: Time: 0.0451 Cost: 3.4866 Pre: 0.5000 Re: 0.1000 Acc: 0.9587 F1: 0.1667
Epoch 19: Time: 0.0453 Cost: 3.4840 Pre: 0.5000 Re: 0.1000 Acc: 0.9587 F1: 0.1667
Epoch 20: Time: 0.0450 Cost: 3.4808 Pre: 0.5000 Re: 0.1000 Acc: 0.9587 F1: 0.1667


--------------------------------------------------------------------
Eval results: Cost:2.7490 Pre:0.5000 Re:0.2500 Acc:0.9753 F1:0.3333
--------------------------------------------------------------------

Epoch 21: Time: 0.0456 Cost: 3.4771 Pre: 0.5000 Re: 0.1000 Acc: 0.9587 F1: 0.1667
Epoch 22: Time: 0.0452 Cost: 3.4728 Pre: 0.5000 Re: 0.1000 Acc: 0.9587 F1: 0.1667
Epoch 23: Time: 0.0450 Cost: 3.4679 Pre: 0.5000 Re: 0.1000 Acc: 0.9587 F1: 0.1667
Epoch 24: Time: 0.0449 Cost: 3.4624 Pre: 0.5000 Re: 0.1000 Acc: 0.9587 F1: 0.1667
Epoch 25: Time: 0.0466 Cost: 3.4561 Pre: 0.5000 Re: 0.1000 Acc: 0.9587 F1: 0.1667
Epoch 26: Time: 0.0452 Cost: 3.4490 Pre: 0.5000 Re: 0.1000 Acc: 0.9587 F1: 0.1667
Epoch 27: Time: 0.0453 Cost: 3.4409 Pre: 0.5000 Re: 0.1000 Acc: 0.9587 F1: 0.1667
Epoch 28: Time: 0.0450 Cost: 3.4317 Pre: 0.5000 Re: 0.1000 Acc: 0.9587 F1: 0.1667
Epoch 29: Time: 0.0451 Cost: 3.4213 Pre: 0.5000 Re: 0.1000 Acc: 0.9587 F1: 0.1667
Epoch 30: Time: 0.0452 Cost: 3.4094 Pre: 0.5000 Re: 0.1000 Acc: 0.9587 F1: 0.1667


--------------------------------------------------------------------
Eval results: Cost:2.6779 Pre:0.5000 Re:0.2500 Acc:0.9753 F1:0.3333
--------------------------------------------------------------------

Epoch 31: Time: 0.0459 Cost: 3.3960 Pre: 0.5000 Re: 0.1000 Acc: 0.9587 F1: 0.1667
Epoch 32: Time: 0.0456 Cost: 3.3807 Pre: 0.5000 Re: 0.1000 Acc: 0.9587 F1: 0.1667
Epoch 33: Time: 0.0451 Cost: 3.3637 Pre: 0.5000 Re: 0.1000 Acc: 0.9587 F1: 0.1667
Epoch 34: Time: 0.0449 Cost: 3.3451 Pre: 0.5000 Re: 0.1000 Acc: 0.9587 F1: 0.1667
Epoch 35: Time: 0.0476 Cost: 3.3252 Pre: 0.5000 Re: 0.1000 Acc: 0.9587 F1: 0.1667
Epoch 36: Time: 0.0450 Cost: 3.3043 Pre: 0.5000 Re: 0.1000 Acc: 0.9587 F1: 0.1667
Epoch 37: Time: 0.0451 Cost: 3.2825 Pre: 0.5000 Re: 0.1000 Acc: 0.9587 F1: 0.1667
Epoch 38: Time: 0.0452 Cost: 3.2592 Pre: 0.5000 Re: 0.1000 Acc: 0.9587 F1: 0.1667
Epoch 39: Time: 0.0453 Cost: 3.2340 Pre: 0.5000 Re: 0.1000 Acc: 0.9587 F1: 0.1667
Epoch 40: Time: 0.0450 Cost: 3.2064 Pre: 0.5000 Re: 0.1000 Acc: 0.9587 F1: 0.1667


--------------------------------------------------------------------
Eval results: Cost:2.4574 Pre:0.5000 Re:0.2500 Acc:0.9753 F1:0.3333
--------------------------------------------------------------------

Epoch 41: Time: 0.0454 Cost: 3.1764 Pre: 0.5000 Re: 0.1000 Acc: 0.9587 F1: 0.1667
Epoch 42: Time: 0.0452 Cost: 3.1446 Pre: 0.5000 Re: 0.1000 Acc: 0.9587 F1: 0.1667
Epoch 43: Time: 0.0450 Cost: 3.1112 Pre: 0.5000 Re: 0.1000 Acc: 0.9587 F1: 0.1667
Epoch 44: Time: 0.0449 Cost: 3.0760 Pre: 0.5000 Re: 0.1000 Acc: 0.9587 F1: 0.1667
Epoch 45: Time: 0.0453 Cost: 3.0391 Pre: 0.5000 Re: 0.1000 Acc: 0.9587 F1: 0.1667
Epoch 46: Time: 0.0453 Cost: 3.0002 Pre: 0.5000 Re: 0.1000 Acc: 0.9587 F1: 0.1667
Epoch 47: Time: 0.0450 Cost: 2.9597 Pre: 0.5000 Re: 0.1000 Acc: 0.9587 F1: 0.1667
Epoch 48: Time: 0.0456 Cost: 2.9172 Pre: 0.5000 Re: 0.1000 Acc: 0.9587 F1: 0.1667
Epoch 49: Time: 0.0452 Cost: 2.8728 Pre: 0.5000 Re: 0.1000 Acc: 0.9587 F1: 0.1667
Epoch 50: Time: 0.0450 Cost: 2.8260 Pre: 0.5000 Re: 0.1000 Acc: 0.9587 F1: 0.1667


--------------------------------------------------------------------
Eval results: Cost:2.1286 Pre:0.5000 Re:0.2500 Acc:0.9753 F1:0.3333
--------------------------------------------------------------------

Epoch 51: Time: 0.0457 Cost: 2.7770 Pre: 0.5000 Re: 0.1000 Acc: 0.9587 F1: 0.1667
Epoch 52: Time: 0.0454 Cost: 2.7265 Pre: 0.5000 Re: 0.1000 Acc: 0.9587 F1: 0.1667
Epoch 53: Time: 0.0453 Cost: 2.6743 Pre: 0.5000 Re: 0.1000 Acc: 0.9587 F1: 0.1667
Epoch 54: Time: 0.0473 Cost: 2.6205 Pre: 0.5000 Re: 0.1000 Acc: 0.9587 F1: 0.1667
Epoch 55: Time: 0.0452 Cost: 2.5650 Pre: 0.5000 Re: 0.1000 Acc: 0.9587 F1: 0.1667
Epoch 56: Time: 0.0451 Cost: 2.5081 Pre: 0.5000 Re: 0.1000 Acc: 0.9587 F1: 0.1667
Epoch 57: Time: 0.0451 Cost: 2.4497 Pre: 0.5000 Re: 0.1000 Acc: 0.9587 F1: 0.1667
Epoch 58: Time: 0.0449 Cost: 2.3901 Pre: 0.5000 Re: 0.1000 Acc: 0.9587 F1: 0.1667
Epoch 59: Time: 0.0450 Cost: 2.3293 Pre: 0.5000 Re: 0.1000 Acc: 0.9587 F1: 0.1667
Epoch 60: Time: 0.0451 Cost: 2.2678 Pre: 0.6667 Re: 0.2000 Acc: 0.9628 F1: 0.3077


--------------------------------------------------------------------
Eval results: Cost:1.6246 Pre:0.5000 Re:0.2500 Acc:0.9753 F1:0.3333
--------------------------------------------------------------------

Epoch 61: Time: 0.0450 Cost: 2.2059 Pre: 0.6667 Re: 0.2000 Acc: 0.9628 F1: 0.3077
Epoch 62: Time: 0.0450 Cost: 2.1455 Pre: 0.6667 Re: 0.2000 Acc: 0.9628 F1: 0.3077
Epoch 63: Time: 0.0452 Cost: 2.0867 Pre: 0.6667 Re: 0.2000 Acc: 0.9628 F1: 0.3077
Epoch 64: Time: 0.0453 Cost: 2.0293 Pre: 0.6667 Re: 0.2000 Acc: 0.9628 F1: 0.3077
Epoch 65: Time: 0.0454 Cost: 1.9737 Pre: 0.6667 Re: 0.2000 Acc: 0.9628 F1: 0.3077
Epoch 66: Time: 0.0455 Cost: 1.9202 Pre: 0.7500 Re: 0.3000 Acc: 0.9669 F1: 0.4286
Epoch 67: Time: 0.0451 Cost: 1.8692 Pre: 0.7500 Re: 0.3000 Acc: 0.9669 F1: 0.4286
Epoch 68: Time: 0.0449 Cost: 1.8212 Pre: 0.7500 Re: 0.3000 Acc: 0.9669 F1: 0.4286
Epoch 69: Time: 0.0501 Cost: 1.7766 Pre: 0.6000 Re: 0.3000 Acc: 0.9628 F1: 0.4000
Epoch 70: Time: 0.0453 Cost: 1.7355 Pre: 0.6667 Re: 0.4000 Acc: 0.9669 F1: 0.5000


--------------------------------------------------------------------
Eval results: Cost:1.1438 Pre:0.6667 Re:0.5000 Acc:0.9815 F1:0.5714
--------------------------------------------------------------------

Epoch 71: Time: 0.0457 Cost: 1.6980 Pre: 0.6667 Re: 0.4000 Acc: 0.9669 F1: 0.5000
Epoch 72: Time: 0.0452 Cost: 1.6646 Pre: 0.6667 Re: 0.4000 Acc: 0.9669 F1: 0.5000
Epoch 73: Time: 0.0453 Cost: 1.6349 Pre: 0.7143 Re: 0.5000 Acc: 0.9711 F1: 0.5882
Epoch 74: Time: 0.0470 Cost: 1.6085 Pre: 0.6250 Re: 0.5000 Acc: 0.9669 F1: 0.5556
Epoch 75: Time: 0.0448 Cost: 1.5849 Pre: 0.6667 Re: 0.6000 Acc: 0.9711 F1: 0.6316
Epoch 76: Time: 0.0450 Cost: 1.5639 Pre: 0.6667 Re: 0.6000 Acc: 0.9711 F1: 0.6316
Epoch 77: Time: 0.0452 Cost: 1.5451 Pre: 0.7000 Re: 0.7000 Acc: 0.9752 F1: 0.7000
Epoch 78: Time: 0.0450 Cost: 1.5281 Pre: 0.7273 Re: 0.8000 Acc: 0.9793 F1: 0.7619
Epoch 79: Time: 0.0451 Cost: 1.5127 Pre: 0.6429 Re: 0.9000 Acc: 0.9752 F1: 0.7500
Epoch 80: Time: 0.0586 Cost: 1.4988 Pre: 0.6250 Re: 1.0000 Acc: 0.9752 F1: 0.7692


--------------------------------------------------------------------
Eval results: Cost:0.9194 Pre:0.6667 Re:1.0000 Acc:0.9877 F1:0.8000
--------------------------------------------------------------------

Epoch 81: Time: 0.0451 Cost: 1.4860 Pre: 0.6250 Re: 1.0000 Acc: 0.9752 F1: 0.7692
Epoch 82: Time: 0.0452 Cost: 1.4743 Pre: 0.6250 Re: 1.0000 Acc: 0.9752 F1: 0.7692
Epoch 83: Time: 0.0453 Cost: 1.4636 Pre: 0.6250 Re: 1.0000 Acc: 0.9752 F1: 0.7692
Epoch 84: Time: 0.0453 Cost: 1.4536 Pre: 0.6250 Re: 1.0000 Acc: 0.9752 F1: 0.7692
Epoch 85: Time: 0.0449 Cost: 1.4443 Pre: 0.6250 Re: 1.0000 Acc: 0.9752 F1: 0.7692
Epoch 86: Time: 0.0449 Cost: 1.4355 Pre: 0.6250 Re: 1.0000 Acc: 0.9752 F1: 0.7692
Epoch 87: Time: 0.0451 Cost: 1.4271 Pre: 0.6250 Re: 1.0000 Acc: 0.9752 F1: 0.7692
Epoch 88: Time: 0.0448 Cost: 1.4191 Pre: 0.6250 Re: 1.0000 Acc: 0.9752 F1: 0.7692
Epoch 89: Time: 0.0453 Cost: 1.4115 Pre: 0.6250 Re: 1.0000 Acc: 0.9752 F1: 0.7692
Epoch 90: Time: 0.0490 Cost: 1.4041 Pre: 0.6250 Re: 1.0000 Acc: 0.9752 F1: 0.7692


--------------------------------------------------------------------
Eval results: Cost:0.8325 Pre:0.6667 Re:1.0000 Acc:0.9877 F1:0.8000
--------------------------------------------------------------------

Epoch 91: Time: 0.0454 Cost: 1.3971 Pre: 0.6250 Re: 1.0000 Acc: 0.9752 F1: 0.7692
Epoch 92: Time: 0.0450 Cost: 1.3903 Pre: 0.6667 Re: 1.0000 Acc: 0.9793 F1: 0.8000
Epoch 93: Time: 0.0456 Cost: 1.3837 Pre: 0.6667 Re: 1.0000 Acc: 0.9793 F1: 0.8000
Epoch 94: Time: 0.0466 Cost: 1.3773 Pre: 0.6667 Re: 1.0000 Acc: 0.9793 F1: 0.8000
Epoch 95: Time: 0.0450 Cost: 1.3710 Pre: 0.6667 Re: 1.0000 Acc: 0.9793 F1: 0.8000
Epoch 96: Time: 0.0454 Cost: 1.3649 Pre: 0.6667 Re: 1.0000 Acc: 0.9793 F1: 0.8000
Epoch 97: Time: 0.0449 Cost: 1.3589 Pre: 0.6667 Re: 1.0000 Acc: 0.9793 F1: 0.8000
Epoch 98: Time: 0.0452 Cost: 1.3529 Pre: 0.6667 Re: 1.0000 Acc: 0.9793 F1: 0.8000
Epoch 99: Time: 0.0448 Cost: 1.3471 Pre: 0.6667 Re: 1.0000 Acc: 0.9793 F1: 0.8000
Epoch 100: Time: 0.0456 Cost: 1.3413 Pre: 0.6667 Re: 1.0000 Acc: 0.9793 F1: 0.8000


--------------------------------------------------------------------
Eval results: Cost:0.7780 Pre:0.8000 Re:1.0000 Acc:0.9938 F1:0.8889
--------------------------------------------------------------------

Epoch 101: Time: 0.0451 Cost: 1.3356 Pre: 0.6667 Re: 1.0000 Acc: 0.9793 F1: 0.8000
Epoch 102: Time: 0.0450 Cost: 1.3299 Pre: 0.6667 Re: 1.0000 Acc: 0.9793 F1: 0.8000
Epoch 103: Time: 0.0457 Cost: 1.3243 Pre: 0.6667 Re: 1.0000 Acc: 0.9793 F1: 0.8000
Epoch 104: Time: 0.0451 Cost: 1.3188 Pre: 0.6667 Re: 1.0000 Acc: 0.9793 F1: 0.8000
Epoch 105: Time: 0.0451 Cost: 1.3133 Pre: 0.6667 Re: 1.0000 Acc: 0.9793 F1: 0.8000
Epoch 106: Time: 0.0449 Cost: 1.3078 Pre: 0.6667 Re: 1.0000 Acc: 0.9793 F1: 0.8000
Epoch 107: Time: 0.0448 Cost: 1.3024 Pre: 0.6667 Re: 1.0000 Acc: 0.9793 F1: 0.8000
Epoch 108: Time: 0.0449 Cost: 1.2969 Pre: 0.7143 Re: 1.0000 Acc: 0.9835 F1: 0.8333
Epoch 109: Time: 0.0448 Cost: 1.2915 Pre: 0.7143 Re: 1.0000 Acc: 0.9835 F1: 0.8333
Epoch 110: Time: 0.0516 Cost: 1.2860 Pre: 0.7143 Re: 1.0000 Acc: 0.9835 F1: 0.8333


--------------------------------------------------------------------
Eval results: Cost:0.7336 Pre:1.0000 Re:1.0000 Acc:1.0000 F1:1.0000
--------------------------------------------------------------------

Epoch 111: Time: 0.0454 Cost: 1.2806 Pre: 0.7143 Re: 1.0000 Acc: 0.9835 F1: 0.8333
Epoch 112: Time: 0.0458 Cost: 1.2751 Pre: 0.7143 Re: 1.0000 Acc: 0.9835 F1: 0.8333
Epoch 113: Time: 0.0468 Cost: 1.2697 Pre: 0.7143 Re: 1.0000 Acc: 0.9835 F1: 0.8333
Epoch 114: Time: 0.0451 Cost: 1.2644 Pre: 0.7143 Re: 1.0000 Acc: 0.9835 F1: 0.8333
Epoch 115: Time: 0.0449 Cost: 1.2590 Pre: 0.7143 Re: 1.0000 Acc: 0.9835 F1: 0.8333
Epoch 116: Time: 0.0450 Cost: 1.2536 Pre: 0.7143 Re: 1.0000 Acc: 0.9835 F1: 0.8333
Epoch 117: Time: 0.0453 Cost: 1.2482 Pre: 0.7143 Re: 1.0000 Acc: 0.9835 F1: 0.8333
Epoch 118: Time: 0.0449 Cost: 1.2428 Pre: 0.7143 Re: 1.0000 Acc: 0.9835 F1: 0.8333
Epoch 119: Time: 0.0452 Cost: 1.2373 Pre: 0.7143 Re: 1.0000 Acc: 0.9835 F1: 0.8333
Epoch 120: Time: 0.0451 Cost: 1.2318 Pre: 0.7143 Re: 1.0000 Acc: 0.9835 F1: 0.8333


--------------------------------------------------------------------
Eval results: Cost:0.6932 Pre:1.0000 Re:1.0000 Acc:1.0000 F1:1.0000
--------------------------------------------------------------------

Epoch 121: Time: 0.0449 Cost: 1.2263 Pre: 0.7143 Re: 1.0000 Acc: 0.9835 F1: 0.8333
Epoch 122: Time: 0.0452 Cost: 1.2209 Pre: 0.7143 Re: 1.0000 Acc: 0.9835 F1: 0.8333
Epoch 123: Time: 0.0454 Cost: 1.2154 Pre: 0.7143 Re: 1.0000 Acc: 0.9835 F1: 0.8333
Epoch 124: Time: 0.0451 Cost: 1.2100 Pre: 0.8333 Re: 1.0000 Acc: 0.9917 F1: 0.9091
Epoch 125: Time: 0.0450 Cost: 1.2045 Pre: 0.8333 Re: 1.0000 Acc: 0.9917 F1: 0.9091
Epoch 126: Time: 0.0451 Cost: 1.1991 Pre: 0.8333 Re: 1.0000 Acc: 0.9917 F1: 0.9091
Epoch 127: Time: 0.0450 Cost: 1.1936 Pre: 0.8333 Re: 1.0000 Acc: 0.9917 F1: 0.9091
Epoch 128: Time: 0.0449 Cost: 1.1880 Pre: 0.8333 Re: 1.0000 Acc: 0.9917 F1: 0.9091
Epoch 129: Time: 0.0464 Cost: 1.1825 Pre: 0.8333 Re: 1.0000 Acc: 0.9917 F1: 0.9091
Epoch 130: Time: 0.0460 Cost: 1.1769 Pre: 0.8333 Re: 1.0000 Acc: 0.9917 F1: 0.9091


--------------------------------------------------------------------
Eval results: Cost:0.6545 Pre:1.0000 Re:1.0000 Acc:1.0000 F1:1.0000
--------------------------------------------------------------------

Epoch 131: Time: 0.0451 Cost: 1.1713 Pre: 0.8333 Re: 1.0000 Acc: 0.9917 F1: 0.9091
Epoch 132: Time: 0.0454 Cost: 1.1657 Pre: 0.8333 Re: 1.0000 Acc: 0.9917 F1: 0.9091
Epoch 133: Time: 0.0468 Cost: 1.1602 Pre: 0.8333 Re: 1.0000 Acc: 0.9917 F1: 0.9091
Epoch 134: Time: 0.0449 Cost: 1.1546 Pre: 0.8333 Re: 1.0000 Acc: 0.9917 F1: 0.9091
Epoch 135: Time: 0.0450 Cost: 1.1491 Pre: 0.8333 Re: 1.0000 Acc: 0.9917 F1: 0.9091
Epoch 136: Time: 0.0451 Cost: 1.1435 Pre: 0.8333 Re: 1.0000 Acc: 0.9917 F1: 0.9091
Epoch 137: Time: 0.0450 Cost: 1.1379 Pre: 0.8333 Re: 1.0000 Acc: 0.9917 F1: 0.9091
Epoch 138: Time: 0.0454 Cost: 1.1323 Pre: 0.8333 Re: 1.0000 Acc: 0.9917 F1: 0.9091
Epoch 139: Time: 0.0451 Cost: 1.1266 Pre: 0.8333 Re: 1.0000 Acc: 0.9917 F1: 0.9091
Epoch 140: Time: 0.0451 Cost: 1.1210 Pre: 0.8333 Re: 1.0000 Acc: 0.9917 F1: 0.9091


--------------------------------------------------------------------
Eval results: Cost:0.6169 Pre:1.0000 Re:1.0000 Acc:1.0000 F1:1.0000
--------------------------------------------------------------------

Epoch 141: Time: 0.0450 Cost: 1.1153 Pre: 0.8333 Re: 1.0000 Acc: 0.9917 F1: 0.9091
Epoch 142: Time: 0.0449 Cost: 1.1096 Pre: 0.8333 Re: 1.0000 Acc: 0.9917 F1: 0.9091
Epoch 143: Time: 0.0453 Cost: 1.1040 Pre: 0.8333 Re: 1.0000 Acc: 0.9917 F1: 0.9091
Epoch 144: Time: 0.0450 Cost: 1.0984 Pre: 0.8333 Re: 1.0000 Acc: 0.9917 F1: 0.9091
Epoch 145: Time: 0.0450 Cost: 1.0928 Pre: 0.8333 Re: 1.0000 Acc: 0.9917 F1: 0.9091
Epoch 146: Time: 0.0450 Cost: 1.0872 Pre: 0.8333 Re: 1.0000 Acc: 0.9917 F1: 0.9091
Epoch 147: Time: 0.0458 Cost: 1.0815 Pre: 0.8333 Re: 1.0000 Acc: 0.9917 F1: 0.9091
Epoch 148: Time: 0.0461 Cost: 1.0758 Pre: 0.8333 Re: 1.0000 Acc: 0.9917 F1: 0.9091
Epoch 149: Time: 0.0467 Cost: 1.0701 Pre: 0.8333 Re: 1.0000 Acc: 0.9917 F1: 0.9091
Epoch 150: Time: 0.0454 Cost: 1.0644 Pre: 0.8333 Re: 1.0000 Acc: 0.9917 F1: 0.9091


--------------------------------------------------------------------
Eval results: Cost:0.5804 Pre:1.0000 Re:1.0000 Acc:1.0000 F1:1.0000
--------------------------------------------------------------------

Epoch 151: Time: 0.0454 Cost: 1.0587 Pre: 0.8333 Re: 1.0000 Acc: 0.9917 F1: 0.9091
Epoch 152: Time: 0.0454 Cost: 1.0530 Pre: 0.8333 Re: 1.0000 Acc: 0.9917 F1: 0.9091
Epoch 153: Time: 0.0508 Cost: 1.0473 Pre: 0.8333 Re: 1.0000 Acc: 0.9917 F1: 0.9091
Epoch 154: Time: 0.0449 Cost: 1.0417 Pre: 0.8333 Re: 1.0000 Acc: 0.9917 F1: 0.9091
Epoch 155: Time: 0.0453 Cost: 1.0361 Pre: 0.8333 Re: 1.0000 Acc: 0.9917 F1: 0.9091
Epoch 156: Time: 0.0448 Cost: 1.0304 Pre: 0.8333 Re: 1.0000 Acc: 0.9917 F1: 0.9091
Epoch 157: Time: 0.0449 Cost: 1.0247 Pre: 0.9091 Re: 1.0000 Acc: 0.9959 F1: 0.9524
Epoch 158: Time: 0.0451 Cost: 1.0190 Pre: 0.9091 Re: 1.0000 Acc: 0.9959 F1: 0.9524
Epoch 159: Time: 0.0456 Cost: 1.0133 Pre: 0.9091 Re: 1.0000 Acc: 0.9959 F1: 0.9524
Epoch 160: Time: 0.0450 Cost: 1.0076 Pre: 0.9091 Re: 1.0000 Acc: 0.9959 F1: 0.9524


--------------------------------------------------------------------
Eval results: Cost:0.5450 Pre:1.0000 Re:1.0000 Acc:1.0000 F1:1.0000
--------------------------------------------------------------------

Epoch 161: Time: 0.0451 Cost: 1.0019 Pre: 0.9091 Re: 1.0000 Acc: 0.9959 F1: 0.9524
Epoch 162: Time: 0.0450 Cost: 0.9962 Pre: 0.9091 Re: 1.0000 Acc: 0.9959 F1: 0.9524
Epoch 163: Time: 0.0448 Cost: 0.9906 Pre: 0.9091 Re: 1.0000 Acc: 0.9959 F1: 0.9524
Epoch 164: Time: 0.0451 Cost: 0.9849 Pre: 0.9091 Re: 1.0000 Acc: 0.9959 F1: 0.9524
Epoch 165: Time: 0.0451 Cost: 0.9793 Pre: 0.9091 Re: 1.0000 Acc: 0.9959 F1: 0.9524
Epoch 166: Time: 0.0449 Cost: 0.9737 Pre: 0.9091 Re: 1.0000 Acc: 0.9959 F1: 0.9524
Epoch 167: Time: 0.0449 Cost: 0.9680 Pre: 0.9091 Re: 1.0000 Acc: 0.9959 F1: 0.9524
Epoch 168: Time: 0.0452 Cost: 0.9624 Pre: 0.9091 Re: 1.0000 Acc: 0.9959 F1: 0.9524
Epoch 169: Time: 0.0475 Cost: 0.9567 Pre: 0.9091 Re: 1.0000 Acc: 0.9959 F1: 0.9524
Epoch 170: Time: 0.0453 Cost: 0.9510 Pre: 0.9091 Re: 1.0000 Acc: 0.9959 F1: 0.9524


--------------------------------------------------------------------
Eval results: Cost:0.5109 Pre:1.0000 Re:1.0000 Acc:1.0000 F1:1.0000
--------------------------------------------------------------------

Epoch 171: Time: 0.0451 Cost: 0.9453 Pre: 0.9091 Re: 1.0000 Acc: 0.9959 F1: 0.9524
Epoch 172: Time: 0.0460 Cost: 0.9397 Pre: 0.9091 Re: 1.0000 Acc: 0.9959 F1: 0.9524
Epoch 173: Time: 0.0462 Cost: 0.9341 Pre: 0.9091 Re: 1.0000 Acc: 0.9959 F1: 0.9524
Epoch 174: Time: 0.0450 Cost: 0.9285 Pre: 0.9091 Re: 1.0000 Acc: 0.9959 F1: 0.9524
Epoch 175: Time: 0.0450 Cost: 0.9230 Pre: 0.9091 Re: 1.0000 Acc: 0.9959 F1: 0.9524
Epoch 176: Time: 0.0450 Cost: 0.9174 Pre: 0.9091 Re: 1.0000 Acc: 0.9959 F1: 0.9524
Epoch 177: Time: 0.0452 Cost: 0.9118 Pre: 0.9091 Re: 1.0000 Acc: 0.9959 F1: 0.9524
Epoch 178: Time: 0.0455 Cost: 0.9062 Pre: 0.9091 Re: 1.0000 Acc: 0.9959 F1: 0.9524
Epoch 179: Time: 0.0452 Cost: 0.9006 Pre: 0.9091 Re: 1.0000 Acc: 0.9959 F1: 0.9524
Epoch 180: Time: 0.0449 Cost: 0.8949 Pre: 0.9091 Re: 1.0000 Acc: 0.9959 F1: 0.9524


--------------------------------------------------------------------
Eval results: Cost:0.4785 Pre:1.0000 Re:1.0000 Acc:1.0000 F1:1.0000
--------------------------------------------------------------------

Epoch 181: Time: 0.0451 Cost: 0.8893 Pre: 0.9091 Re: 1.0000 Acc: 0.9959 F1: 0.9524
Epoch 182: Time: 0.0452 Cost: 0.8837 Pre: 0.9091 Re: 1.0000 Acc: 0.9959 F1: 0.9524
Epoch 183: Time: 0.0449 Cost: 0.8782 Pre: 0.9091 Re: 1.0000 Acc: 0.9959 F1: 0.9524
Epoch 184: Time: 0.0449 Cost: 0.8727 Pre: 0.9091 Re: 1.0000 Acc: 0.9959 F1: 0.9524
Epoch 185: Time: 0.0449 Cost: 0.8672 Pre: 0.9091 Re: 1.0000 Acc: 0.9959 F1: 0.9524
Epoch 186: Time: 0.0451 Cost: 0.8616 Pre: 0.9091 Re: 1.0000 Acc: 0.9959 F1: 0.9524
Epoch 187: Time: 0.0450 Cost: 0.8561 Pre: 0.9091 Re: 1.0000 Acc: 0.9959 F1: 0.9524
Epoch 188: Time: 0.0449 Cost: 0.8505 Pre: 0.9091 Re: 1.0000 Acc: 0.9959 F1: 0.9524
Epoch 189: Time: 0.0480 Cost: 0.8450 Pre: 0.9091 Re: 1.0000 Acc: 0.9959 F1: 0.9524
Epoch 190: Time: 0.0456 Cost: 0.8394 Pre: 0.9091 Re: 1.0000 Acc: 0.9959 F1: 0.9524


--------------------------------------------------------------------
Eval results: Cost:0.4484 Pre:1.0000 Re:1.0000 Acc:1.0000 F1:1.0000
--------------------------------------------------------------------

Epoch 191: Time: 0.0450 Cost: 0.8338 Pre: 0.9091 Re: 1.0000 Acc: 0.9959 F1: 0.9524
Epoch 192: Time: 0.0468 Cost: 0.8283 Pre: 0.9091 Re: 1.0000 Acc: 0.9959 F1: 0.9524
Epoch 193: Time: 0.0455 Cost: 0.8228 Pre: 0.9091 Re: 1.0000 Acc: 0.9959 F1: 0.9524
Epoch 194: Time: 0.0451 Cost: 0.8173 Pre: 0.9091 Re: 1.0000 Acc: 0.9959 F1: 0.9524
Epoch 195: Time: 0.0448 Cost: 0.8118 Pre: 0.9091 Re: 1.0000 Acc: 0.9959 F1: 0.9524
Epoch 196: Time: 0.0452 Cost: 0.8063 Pre: 0.9091 Re: 1.0000 Acc: 0.9959 F1: 0.9524
Epoch 197: Time: 0.0448 Cost: 0.8008 Pre: 0.9091 Re: 1.0000 Acc: 0.9959 F1: 0.9524
Epoch 198: Time: 0.0450 Cost: 0.7952 Pre: 0.9091 Re: 1.0000 Acc: 0.9959 F1: 0.9524
Epoch 199: Time: 0.0454 Cost: 0.7897 Pre: 0.9091 Re: 1.0000 Acc: 0.9959 F1: 0.9524
Epoch 200: Time: 0.0450 Cost: 0.7841 Pre: 0.9091 Re: 1.0000 Acc: 0.9959 F1: 0.9524


--------------------------------------------------------------------
Eval results: Cost:0.4208 Pre:1.0000 Re:1.0000 Acc:1.0000 F1:1.0000
--------------------------------------------------------------------

Epoch 201: Time: 0.0452 Cost: 0.7786 Pre: 0.9091 Re: 1.0000 Acc: 0.9959 F1: 0.9524
Epoch 202: Time: 0.0451 Cost: 0.7730 Pre: 0.9091 Re: 1.0000 Acc: 0.9959 F1: 0.9524
Epoch 203: Time: 0.0449 Cost: 0.7675 Pre: 0.9091 Re: 1.0000 Acc: 0.9959 F1: 0.9524
Epoch 204: Time: 0.0453 Cost: 0.7620 Pre: 0.9091 Re: 1.0000 Acc: 0.9959 F1: 0.9524
Epoch 205: Time: 0.0448 Cost: 0.7565 Pre: 0.9091 Re: 1.0000 Acc: 0.9959 F1: 0.9524
Epoch 206: Time: 0.0450 Cost: 0.7510 Pre: 0.9091 Re: 1.0000 Acc: 0.9959 F1: 0.9524
Epoch 207: Time: 0.0449 Cost: 0.7455 Pre: 0.9091 Re: 1.0000 Acc: 0.9959 F1: 0.9524
Epoch 208: Time: 0.0464 Cost: 0.7399 Pre: 0.9091 Re: 1.0000 Acc: 0.9959 F1: 0.9524
Epoch 209: Time: 0.0462 Cost: 0.7344 Pre: 0.9091 Re: 1.0000 Acc: 0.9959 F1: 0.9524
Epoch 210: Time: 0.0453 Cost: 0.7288 Pre: 0.9091 Re: 1.0000 Acc: 0.9959 F1: 0.9524


--------------------------------------------------------------------
Eval results: Cost:0.3956 Pre:1.0000 Re:1.0000 Acc:1.0000 F1:1.0000
--------------------------------------------------------------------

Epoch 211: Time: 0.0456 Cost: 0.7233 Pre: 0.9091 Re: 1.0000 Acc: 0.9959 F1: 0.9524
Epoch 212: Time: 0.0469 Cost: 0.7178 Pre: 0.9091 Re: 1.0000 Acc: 0.9959 F1: 0.9524
Epoch 213: Time: 0.0448 Cost: 0.7122 Pre: 0.9091 Re: 1.0000 Acc: 0.9959 F1: 0.9524
Epoch 214: Time: 0.0449 Cost: 0.7068 Pre: 1.0000 Re: 1.0000 Acc: 1.0000 F1: 1.0000
Epoch 215: Time: 0.0451 Cost: 0.7013 Pre: 1.0000 Re: 1.0000 Acc: 1.0000 F1: 1.0000
Epoch 216: Time: 0.0448 Cost: 0.6958 Pre: 1.0000 Re: 1.0000 Acc: 1.0000 F1: 1.0000
Epoch 217: Time: 0.0451 Cost: 0.6903 Pre: 1.0000 Re: 1.0000 Acc: 1.0000 F1: 1.0000
Epoch 218: Time: 0.0473 Cost: 0.6848 Pre: 1.0000 Re: 1.0000 Acc: 1.0000 F1: 1.0000
Epoch 219: Time: 0.0450 Cost: 0.6792 Pre: 1.0000 Re: 1.0000 Acc: 1.0000 F1: 1.0000
Epoch 220: Time: 0.0450 Cost: 0.6737 Pre: 1.0000 Re: 1.0000 Acc: 1.0000 F1: 1.0000


--------------------------------------------------------------------
Eval results: Cost:0.3710 Pre:1.0000 Re:1.0000 Acc:1.0000 F1:1.0000
--------------------------------------------------------------------

Epoch 221: Time: 0.0450 Cost: 0.6683 Pre: 1.0000 Re: 1.0000 Acc: 1.0000 F1: 1.0000
Epoch 222: Time: 0.0473 Cost: 0.6628 Pre: 1.0000 Re: 1.0000 Acc: 1.0000 F1: 1.0000
Epoch 223: Time: 0.0457 Cost: 0.6573 Pre: 1.0000 Re: 1.0000 Acc: 1.0000 F1: 1.0000
Epoch 224: Time: 0.0449 Cost: 0.6519 Pre: 1.0000 Re: 1.0000 Acc: 1.0000 F1: 1.0000
Epoch 225: Time: 0.0451 Cost: 0.6465 Pre: 1.0000 Re: 1.0000 Acc: 1.0000 F1: 1.0000
Epoch 226: Time: 0.0451 Cost: 0.6411 Pre: 1.0000 Re: 1.0000 Acc: 1.0000 F1: 1.0000
Epoch 227: Time: 0.0470 Cost: 0.6356 Pre: 1.0000 Re: 1.0000 Acc: 1.0000 F1: 1.0000
Epoch 228: Time: 0.0468 Cost: 0.6302 Pre: 1.0000 Re: 1.0000 Acc: 1.0000 F1: 1.0000
Epoch 229: Time: 0.0457 Cost: 0.6248 Pre: 1.0000 Re: 1.0000 Acc: 1.0000 F1: 1.0000
Epoch 230: Time: 0.0454 Cost: 0.6194 Pre: 1.0000 Re: 1.0000 Acc: 1.0000 F1: 1.0000


--------------------------------------------------------------------
Eval results: Cost:0.3455 Pre:1.0000 Re:1.0000 Acc:1.0000 F1:1.0000
--------------------------------------------------------------------

Epoch 231: Time: 0.0451 Cost: 0.6141 Pre: 1.0000 Re: 1.0000 Acc: 1.0000 F1: 1.0000
Epoch 232: Time: 0.0465 Cost: 0.6086 Pre: 1.0000 Re: 1.0000 Acc: 1.0000 F1: 1.0000
Epoch 233: Time: 0.0449 Cost: 0.6033 Pre: 1.0000 Re: 1.0000 Acc: 1.0000 F1: 1.0000
Epoch 234: Time: 0.0450 Cost: 0.5979 Pre: 1.0000 Re: 1.0000 Acc: 1.0000 F1: 1.0000
Epoch 235: Time: 0.0461 Cost: 0.5926 Pre: 1.0000 Re: 1.0000 Acc: 1.0000 F1: 1.0000
Epoch 236: Time: 0.0450 Cost: 0.5873 Pre: 1.0000 Re: 1.0000 Acc: 1.0000 F1: 1.0000
Epoch 237: Time: 0.0451 Cost: 0.5820 Pre: 1.0000 Re: 1.0000 Acc: 1.0000 F1: 1.0000
Epoch 238: Time: 0.0453 Cost: 0.5766 Pre: 1.0000 Re: 1.0000 Acc: 1.0000 F1: 1.0000
Epoch 239: Time: 0.0451 Cost: 0.5713 Pre: 1.0000 Re: 1.0000 Acc: 1.0000 F1: 1.0000
Epoch 240: Time: 0.0449 Cost: 0.5660 Pre: 1.0000 Re: 1.0000 Acc: 1.0000 F1: 1.0000


--------------------------------------------------------------------
Eval results: Cost:0.3187 Pre:1.0000 Re:1.0000 Acc:1.0000 F1:1.0000
--------------------------------------------------------------------

Epoch 241: Time: 0.0450 Cost: 0.5608 Pre: 1.0000 Re: 1.0000 Acc: 1.0000 F1: 1.0000
Epoch 242: Time: 0.0450 Cost: 0.5554 Pre: 1.0000 Re: 1.0000 Acc: 1.0000 F1: 1.0000
Epoch 243: Time: 0.0452 Cost: 0.5502 Pre: 1.0000 Re: 1.0000 Acc: 1.0000 F1: 1.0000
Epoch 244: Time: 0.0450 Cost: 0.5449 Pre: 1.0000 Re: 1.0000 Acc: 1.0000 F1: 1.0000
Epoch 245: Time: 0.0450 Cost: 0.5397 Pre: 1.0000 Re: 1.0000 Acc: 1.0000 F1: 1.0000
Epoch 246: Time: 0.0449 Cost: 0.5345 Pre: 1.0000 Re: 1.0000 Acc: 1.0000 F1: 1.0000
Epoch 247: Time: 0.0452 Cost: 0.5292 Pre: 1.0000 Re: 1.0000 Acc: 1.0000 F1: 1.0000
Epoch 248: Time: 0.0470 Cost: 0.5240 Pre: 1.0000 Re: 1.0000 Acc: 1.0000 F1: 1.0000
Epoch 249: Time: 0.0456 Cost: 0.5187 Pre: 1.0000 Re: 1.0000 Acc: 1.0000 F1: 1.0000
Epoch 250: Time: 0.0451 Cost: 0.5135 Pre: 1.0000 Re: 1.0000 Acc: 1.0000 F1: 1.0000


--------------------------------------------------------------------
Eval results: Cost:0.2909 Pre:1.0000 Re:1.0000 Acc:1.0000 F1:1.0000
--------------------------------------------------------------------

Epoch 251: Time: 0.0458 Cost: 0.5083 Pre: 1.0000 Re: 1.0000 Acc: 1.0000 F1: 1.0000
Epoch 252: Time: 0.0461 Cost: 0.5031 Pre: 1.0000 Re: 1.0000 Acc: 1.0000 F1: 1.0000
Epoch 253: Time: 0.0451 Cost: 0.4979 Pre: 1.0000 Re: 1.0000 Acc: 1.0000 F1: 1.0000
Epoch 254: Time: 0.0451 Cost: 0.4927 Pre: 1.0000 Re: 1.0000 Acc: 1.0000 F1: 1.0000
Epoch 255: Time: 0.0452 Cost: 0.4875 Pre: 1.0000 Re: 1.0000 Acc: 1.0000 F1: 1.0000
Epoch 256: Time: 0.0450 Cost: 0.4824 Pre: 1.0000 Re: 1.0000 Acc: 1.0000 F1: 1.0000
Epoch 257: Time: 0.0450 Cost: 0.4772 Pre: 1.0000 Re: 1.0000 Acc: 1.0000 F1: 1.0000
Epoch 258: Time: 0.0453 Cost: 0.4720 Pre: 1.0000 Re: 1.0000 Acc: 1.0000 F1: 1.0000
Epoch 259: Time: 0.0449 Cost: 0.4668 Pre: 1.0000 Re: 1.0000 Acc: 1.0000 F1: 1.0000
Epoch 260: Time: 0.0450 Cost: 0.4616 Pre: 1.0000 Re: 1.0000 Acc: 1.0000 F1: 1.0000


--------------------------------------------------------------------
Eval results: Cost:0.2621 Pre:1.0000 Re:1.0000 Acc:1.0000 F1:1.0000
--------------------------------------------------------------------

Epoch 261: Time: 0.0457 Cost: 0.4565 Pre: 1.0000 Re: 1.0000 Acc: 1.0000 F1: 1.0000
Epoch 262: Time: 0.0450 Cost: 0.4512 Pre: 1.0000 Re: 1.0000 Acc: 1.0000 F1: 1.0000
Epoch 263: Time: 0.0448 Cost: 0.4460 Pre: 1.0000 Re: 1.0000 Acc: 1.0000 F1: 1.0000
Epoch 264: Time: 0.0451 Cost: 0.4409 Pre: 1.0000 Re: 1.0000 Acc: 1.0000 F1: 1.0000
Epoch 265: Time: 0.0451 Cost: 0.4357 Pre: 1.0000 Re: 1.0000 Acc: 1.0000 F1: 1.0000
Epoch 266: Time: 0.0450 Cost: 0.4305 Pre: 1.0000 Re: 1.0000 Acc: 1.0000 F1: 1.0000
Epoch 267: Time: 0.0450 Cost: 0.4253 Pre: 1.0000 Re: 1.0000 Acc: 1.0000 F1: 1.0000
Epoch 268: Time: 0.0477 Cost: 0.4201 Pre: 1.0000 Re: 1.0000 Acc: 1.0000 F1: 1.0000
Epoch 269: Time: 0.0451 Cost: 0.4149 Pre: 1.0000 Re: 1.0000 Acc: 1.0000 F1: 1.0000
Epoch 270: Time: 0.0452 Cost: 0.4096 Pre: 1.0000 Re: 1.0000 Acc: 1.0000 F1: 1.0000


--------------------------------------------------------------------
Eval results: Cost:0.2321 Pre:1.0000 Re:1.0000 Acc:1.0000 F1:1.0000
--------------------------------------------------------------------

Epoch 271: Time: 0.0462 Cost: 0.4045 Pre: 1.0000 Re: 1.0000 Acc: 1.0000 F1: 1.0000
Epoch 272: Time: 0.0457 Cost: 0.3992 Pre: 1.0000 Re: 1.0000 Acc: 1.0000 F1: 1.0000
Epoch 273: Time: 0.0448 Cost: 0.3939 Pre: 1.0000 Re: 1.0000 Acc: 1.0000 F1: 1.0000
Epoch 274: Time: 0.0450 Cost: 0.3887 Pre: 1.0000 Re: 1.0000 Acc: 1.0000 F1: 1.0000
Epoch 275: Time: 0.0450 Cost: 0.3834 Pre: 1.0000 Re: 1.0000 Acc: 1.0000 F1: 1.0000
Epoch 276: Time: 0.0450 Cost: 0.3782 Pre: 1.0000 Re: 1.0000 Acc: 1.0000 F1: 1.0000
Epoch 277: Time: 0.0529 Cost: 0.3729 Pre: 1.0000 Re: 1.0000 Acc: 1.0000 F1: 1.0000
Epoch 278: Time: 0.0452 Cost: 0.3675 Pre: 1.0000 Re: 1.0000 Acc: 1.0000 F1: 1.0000
Epoch 279: Time: 0.0454 Cost: 0.3622 Pre: 1.0000 Re: 1.0000 Acc: 1.0000 F1: 1.0000
Epoch 280: Time: 0.0450 Cost: 0.3568 Pre: 1.0000 Re: 1.0000 Acc: 1.0000 F1: 1.0000


--------------------------------------------------------------------
Eval results: Cost:0.2005 Pre:1.0000 Re:1.0000 Acc:1.0000 F1:1.0000
--------------------------------------------------------------------

Epoch 281: Time: 0.0460 Cost: 0.3515 Pre: 1.0000 Re: 1.0000 Acc: 1.0000 F1: 1.0000
Epoch 282: Time: 0.0450 Cost: 0.3461 Pre: 1.0000 Re: 1.0000 Acc: 1.0000 F1: 1.0000
Epoch 283: Time: 0.0450 Cost: 0.3407 Pre: 1.0000 Re: 1.0000 Acc: 1.0000 F1: 1.0000
Epoch 284: Time: 0.0452 Cost: 0.3353 Pre: 1.0000 Re: 1.0000 Acc: 1.0000 F1: 1.0000
Epoch 285: Time: 0.0449 Cost: 0.3299 Pre: 1.0000 Re: 1.0000 Acc: 1.0000 F1: 1.0000
Epoch 286: Time: 0.0449 Cost: 0.3245 Pre: 1.0000 Re: 1.0000 Acc: 1.0000 F1: 1.0000
Epoch 287: Time: 0.0483 Cost: 0.3191 Pre: 1.0000 Re: 1.0000 Acc: 1.0000 F1: 1.0000
Epoch 288: Time: 0.0458 Cost: 0.3136 Pre: 1.0000 Re: 1.0000 Acc: 1.0000 F1: 1.0000
Epoch 289: Time: 0.0452 Cost: 0.3082 Pre: 1.0000 Re: 1.0000 Acc: 1.0000 F1: 1.0000
Epoch 290: Time: 0.0451 Cost: 0.3027 Pre: 1.0000 Re: 1.0000 Acc: 1.0000 F1: 1.0000


--------------------------------------------------------------------
Eval results: Cost:0.1676 Pre:1.0000 Re:1.0000 Acc:1.0000 F1:1.0000
--------------------------------------------------------------------

Epoch 291: Time: 0.0469 Cost: 0.2973 Pre: 1.0000 Re: 1.0000 Acc: 1.0000 F1: 1.0000
Epoch 292: Time: 0.0453 Cost: 0.2918 Pre: 1.0000 Re: 1.0000 Acc: 1.0000 F1: 1.0000
Epoch 293: Time: 0.0450 Cost: 0.2864 Pre: 1.0000 Re: 1.0000 Acc: 1.0000 F1: 1.0000
Epoch 294: Time: 0.0449 Cost: 0.2810 Pre: 1.0000 Re: 1.0000 Acc: 1.0000 F1: 1.0000
Epoch 295: Time: 0.0455 Cost: 0.2756 Pre: 1.0000 Re: 1.0000 Acc: 1.0000 F1: 1.0000
Epoch 296: Time: 0.0448 Cost: 0.2703 Pre: 1.0000 Re: 1.0000 Acc: 1.0000 F1: 1.0000
Epoch 297: Time: 0.0452 Cost: 0.2649 Pre: 1.0000 Re: 1.0000 Acc: 1.0000 F1: 1.0000
Epoch 298: Time: 0.0453 Cost: 0.2596 Pre: 1.0000 Re: 1.0000 Acc: 1.0000 F1: 1.0000
Epoch 299: Time: 0.0449 Cost: 0.2544 Pre: 1.0000 Re: 1.0000 Acc: 1.0000 F1: 1.0000
Epoch 300: Time: 0.0450 Cost: 0.2492 Pre: 1.0000 Re: 1.0000 Acc: 1.0000 F1: 1.0000


--------------------------------------------------------------------
Eval results: Cost:0.1355 Pre:1.0000 Re:1.0000 Acc:1.0000 F1:1.0000
--------------------------------------------------------------------

Epoch 301: Time: 0.0455 Cost: 0.2441 Pre: 1.0000 Re: 1.0000 Acc: 1.0000 F1: 1.0000
Epoch 302: Time: 0.0451 Cost: 0.2390 Pre: 1.0000 Re: 1.0000 Acc: 1.0000 F1: 1.0000
Epoch 303: Time: 0.0451 Cost: 0.2341 Pre: 1.0000 Re: 1.0000 Acc: 1.0000 F1: 1.0000
Epoch 304: Time: 0.0450 Cost: 0.2292 Pre: 1.0000 Re: 1.0000 Acc: 1.0000 F1: 1.0000
Epoch 305: Time: 0.0457 Cost: 0.2244 Pre: 1.0000 Re: 1.0000 Acc: 1.0000 F1: 1.0000
Epoch 306: Time: 0.0451 Cost: 0.2197 Pre: 1.0000 Re: 1.0000 Acc: 1.0000 F1: 1.0000
Epoch 307: Time: 0.0510 Cost: 0.2151 Pre: 1.0000 Re: 1.0000 Acc: 1.0000 F1: 1.0000
Epoch 308: Time: 0.0461 Cost: 0.2106 Pre: 1.0000 Re: 1.0000 Acc: 1.0000 F1: 1.0000
Epoch 309: Time: 0.0449 Cost: 0.2061 Pre: 1.0000 Re: 1.0000 Acc: 1.0000 F1: 1.0000
Epoch 310: Time: 0.0451 Cost: 0.2019 Pre: 1.0000 Re: 1.0000 Acc: 1.0000 F1: 1.0000


--------------------------------------------------------------------
Eval results: Cost:0.1083 Pre:1.0000 Re:1.0000 Acc:1.0000 F1:1.0000
--------------------------------------------------------------------

Epoch 311: Time: 0.0465 Cost: 0.1977 Pre: 1.0000 Re: 1.0000 Acc: 1.0000 F1: 1.0000
Epoch 312: Time: 0.0449 Cost: 0.1936 Pre: 1.0000 Re: 1.0000 Acc: 1.0000 F1: 1.0000
Epoch 313: Time: 0.0449 Cost: 0.1896 Pre: 1.0000 Re: 1.0000 Acc: 1.0000 F1: 1.0000
Epoch 314: Time: 0.0449 Cost: 0.1857 Pre: 1.0000 Re: 1.0000 Acc: 1.0000 F1: 1.0000
Epoch 315: Time: 0.0449 Cost: 0.1819 Pre: 1.0000 Re: 1.0000 Acc: 1.0000 F1: 1.0000
Epoch 316: Time: 0.0452 Cost: 0.1782 Pre: 1.0000 Re: 1.0000 Acc: 1.0000 F1: 1.0000
Epoch 317: Time: 0.0451 Cost: 0.1746 Pre: 1.0000 Re: 1.0000 Acc: 1.0000 F1: 1.0000
Epoch 318: Time: 0.0452 Cost: 0.1711 Pre: 1.0000 Re: 1.0000 Acc: 1.0000 F1: 1.0000
Epoch 319: Time: 0.0448 Cost: 0.1677 Pre: 1.0000 Re: 1.0000 Acc: 1.0000 F1: 1.0000
Epoch 320: Time: 0.0449 Cost: 0.1644 Pre: 1.0000 Re: 1.0000 Acc: 1.0000 F1: 1.0000


--------------------------------------------------------------------
Eval results: Cost:0.0875 Pre:1.0000 Re:1.0000 Acc:1.0000 F1:1.0000
--------------------------------------------------------------------

Epoch 321: Time: 0.0456 Cost: 0.1612 Pre: 1.0000 Re: 1.0000 Acc: 1.0000 F1: 1.0000
Epoch 322: Time: 0.0448 Cost: 0.1580 Pre: 1.0000 Re: 1.0000 Acc: 1.0000 F1: 1.0000
Epoch 323: Time: 0.0451 Cost: 0.1549 Pre: 1.0000 Re: 1.0000 Acc: 1.0000 F1: 1.0000
Epoch 324: Time: 0.0450 Cost: 0.1519 Pre: 1.0000 Re: 1.0000 Acc: 1.0000 F1: 1.0000
Epoch 325: Time: 0.0449 Cost: 0.1489 Pre: 1.0000 Re: 1.0000 Acc: 1.0000 F1: 1.0000
Epoch 326: Time: 0.0450 Cost: 0.1461 Pre: 1.0000 Re: 1.0000 Acc: 1.0000 F1: 1.0000
Epoch 327: Time: 0.0479 Cost: 0.1433 Pre: 1.0000 Re: 1.0000 Acc: 1.0000 F1: 1.0000
Epoch 328: Time: 0.0459 Cost: 0.1405 Pre: 1.0000 Re: 1.0000 Acc: 1.0000 F1: 1.0000
Epoch 329: Time: 0.0451 Cost: 0.1378 Pre: 1.0000 Re: 1.0000 Acc: 1.0000 F1: 1.0000
Epoch 330: Time: 0.0453 Cost: 0.1352 Pre: 1.0000 Re: 1.0000 Acc: 1.0000 F1: 1.0000


--------------------------------------------------------------------
Eval results: Cost:0.0718 Pre:1.0000 Re:1.0000 Acc:1.0000 F1:1.0000
--------------------------------------------------------------------

Epoch 331: Time: 0.0459 Cost: 0.1327 Pre: 1.0000 Re: 1.0000 Acc: 1.0000 F1: 1.0000
Epoch 332: Time: 0.0447 Cost: 0.1302 Pre: 1.0000 Re: 1.0000 Acc: 1.0000 F1: 1.0000
Epoch 333: Time: 0.0451 Cost: 0.1277 Pre: 1.0000 Re: 1.0000 Acc: 1.0000 F1: 1.0000
Epoch 334: Time: 0.0451 Cost: 0.1254 Pre: 1.0000 Re: 1.0000 Acc: 1.0000 F1: 1.0000
Epoch 335: Time: 0.0451 Cost: 0.1230 Pre: 1.0000 Re: 1.0000 Acc: 1.0000 F1: 1.0000
Epoch 336: Time: 0.0454 Cost: 0.1207 Pre: 1.0000 Re: 1.0000 Acc: 1.0000 F1: 1.0000
Epoch 337: Time: 0.0452 Cost: 0.1185 Pre: 1.0000 Re: 1.0000 Acc: 1.0000 F1: 1.0000
Epoch 338: Time: 0.0449 Cost: 0.1163 Pre: 1.0000 Re: 1.0000 Acc: 1.0000 F1: 1.0000
Epoch 339: Time: 0.0448 Cost: 0.1142 Pre: 1.0000 Re: 1.0000 Acc: 1.0000 F1: 1.0000
Epoch 340: Time: 0.0449 Cost: 0.1121 Pre: 1.0000 Re: 1.0000 Acc: 1.0000 F1: 1.0000


--------------------------------------------------------------------
Eval results: Cost:0.0595 Pre:1.0000 Re:1.0000 Acc:1.0000 F1:1.0000
--------------------------------------------------------------------

Epoch 341: Time: 0.0448 Cost: 0.1100 Pre: 1.0000 Re: 1.0000 Acc: 1.0000 F1: 1.0000
Epoch 342: Time: 0.0451 Cost: 0.1080 Pre: 1.0000 Re: 1.0000 Acc: 1.0000 F1: 1.0000
Epoch 343: Time: 0.0448 Cost: 0.1060 Pre: 1.0000 Re: 1.0000 Acc: 1.0000 F1: 1.0000
Epoch 344: Time: 0.0452 Cost: 0.1041 Pre: 1.0000 Re: 1.0000 Acc: 1.0000 F1: 1.0000
Epoch 345: Time: 0.0451 Cost: 0.1023 Pre: 1.0000 Re: 1.0000 Acc: 1.0000 F1: 1.0000
Epoch 346: Time: 0.0466 Cost: 0.1004 Pre: 1.0000 Re: 1.0000 Acc: 1.0000 F1: 1.0000
Epoch 347: Time: 0.0460 Cost: 0.0986 Pre: 1.0000 Re: 1.0000 Acc: 1.0000 F1: 1.0000
Epoch 348: Time: 0.0452 Cost: 0.0969 Pre: 1.0000 Re: 1.0000 Acc: 1.0000 F1: 1.0000
Epoch 349: Time: 0.0449 Cost: 0.0951 Pre: 1.0000 Re: 1.0000 Acc: 1.0000 F1: 1.0000
Epoch 350: Time: 0.0455 Cost: 0.0934 Pre: 1.0000 Re: 1.0000 Acc: 1.0000 F1: 1.0000


--------------------------------------------------------------------
Eval results: Cost:0.0497 Pre:1.0000 Re:1.0000 Acc:1.0000 F1:1.0000
--------------------------------------------------------------------

Epoch 351: Time: 0.0448 Cost: 0.0918 Pre: 1.0000 Re: 1.0000 Acc: 1.0000 F1: 1.0000
Epoch 352: Time: 0.0450 Cost: 0.0902 Pre: 1.0000 Re: 1.0000 Acc: 1.0000 F1: 1.0000
Epoch 353: Time: 0.0449 Cost: 0.0886 Pre: 1.0000 Re: 1.0000 Acc: 1.0000 F1: 1.0000
Epoch 354: Time: 0.0450 Cost: 0.0871 Pre: 1.0000 Re: 1.0000 Acc: 1.0000 F1: 1.0000
Epoch 355: Time: 0.0450 Cost: 0.0855 Pre: 1.0000 Re: 1.0000 Acc: 1.0000 F1: 1.0000
Epoch 356: Time: 0.0454 Cost: 0.0840 Pre: 1.0000 Re: 1.0000 Acc: 1.0000 F1: 1.0000
Epoch 357: Time: 0.0451 Cost: 0.0826 Pre: 1.0000 Re: 1.0000 Acc: 1.0000 F1: 1.0000
Epoch 358: Time: 0.0449 Cost: 0.0812 Pre: 1.0000 Re: 1.0000 Acc: 1.0000 F1: 1.0000
Epoch 359: Time: 0.0449 Cost: 0.0798 Pre: 1.0000 Re: 1.0000 Acc: 1.0000 F1: 1.0000
Epoch 360: Time: 0.0448 Cost: 0.0784 Pre: 1.0000 Re: 1.0000 Acc: 1.0000 F1: 1.0000


--------------------------------------------------------------------
Eval results: Cost:0.0418 Pre:1.0000 Re:1.0000 Acc:1.0000 F1:1.0000
--------------------------------------------------------------------

Epoch 361: Time: 0.0449 Cost: 0.0771 Pre: 1.0000 Re: 1.0000 Acc: 1.0000 F1: 1.0000
Epoch 362: Time: 0.0451 Cost: 0.0758 Pre: 1.0000 Re: 1.0000 Acc: 1.0000 F1: 1.0000
Epoch 363: Time: 0.0457 Cost: 0.0745 Pre: 1.0000 Re: 1.0000 Acc: 1.0000 F1: 1.0000
Epoch 364: Time: 0.0780 Cost: 0.0732 Pre: 1.0000 Re: 1.0000 Acc: 1.0000 F1: 1.0000
Epoch 365: Time: 0.0717 Cost: 0.0720 Pre: 1.0000 Re: 1.0000 Acc: 1.0000 F1: 1.0000
Epoch 366: Time: 0.0630 Cost: 0.0708 Pre: 1.0000 Re: 1.0000 Acc: 1.0000 F1: 1.0000
Epoch 367: Time: 0.0642 Cost: 0.0696 Pre: 1.0000 Re: 1.0000 Acc: 1.0000 F1: 1.0000
Epoch 368: Time: 0.0554 Cost: 0.0685 Pre: 1.0000 Re: 1.0000 Acc: 1.0000 F1: 1.0000
Epoch 369: Time: 0.0542 Cost: 0.0674 Pre: 1.0000 Re: 1.0000 Acc: 1.0000 F1: 1.0000
Epoch 370: Time: 0.0522 Cost: 0.0663 Pre: 1.0000 Re: 1.0000 Acc: 1.0000 F1: 1.0000


--------------------------------------------------------------------
Eval results: Cost:0.0354 Pre:1.0000 Re:1.0000 Acc:1.0000 F1:1.0000
--------------------------------------------------------------------

Epoch 371: Time: 0.0524 Cost: 0.0652 Pre: 1.0000 Re: 1.0000 Acc: 1.0000 F1: 1.0000
Epoch 372: Time: 0.0551 Cost: 0.0641 Pre: 1.0000 Re: 1.0000 Acc: 1.0000 F1: 1.0000
Epoch 373: Time: 0.0511 Cost: 0.0631 Pre: 1.0000 Re: 1.0000 Acc: 1.0000 F1: 1.0000
Epoch 374: Time: 0.0557 Cost: 0.0621 Pre: 1.0000 Re: 1.0000 Acc: 1.0000 F1: 1.0000
Epoch 375: Time: 0.0492 Cost: 0.0611 Pre: 1.0000 Re: 1.0000 Acc: 1.0000 F1: 1.0000
Epoch 376: Time: 0.0487 Cost: 0.0601 Pre: 1.0000 Re: 1.0000 Acc: 1.0000 F1: 1.0000
Epoch 377: Time: 0.0455 Cost: 0.0591 Pre: 1.0000 Re: 1.0000 Acc: 1.0000 F1: 1.0000
Epoch 378: Time: 0.0451 Cost: 0.0582 Pre: 1.0000 Re: 1.0000 Acc: 1.0000 F1: 1.0000
Epoch 379: Time: 0.0448 Cost: 0.0573 Pre: 1.0000 Re: 1.0000 Acc: 1.0000 F1: 1.0000
Epoch 380: Time: 0.0452 Cost: 0.0564 Pre: 1.0000 Re: 1.0000 Acc: 1.0000 F1: 1.0000


--------------------------------------------------------------------
Eval results: Cost:0.0303 Pre:1.0000 Re:1.0000 Acc:1.0000 F1:1.0000
--------------------------------------------------------------------

Epoch 381: Time: 0.0460 Cost: 0.0555 Pre: 1.0000 Re: 1.0000 Acc: 1.0000 F1: 1.0000
Epoch 382: Time: 0.0470 Cost: 0.0547 Pre: 1.0000 Re: 1.0000 Acc: 1.0000 F1: 1.0000
Epoch 383: Time: 0.0465 Cost: 0.0538 Pre: 1.0000 Re: 1.0000 Acc: 1.0000 F1: 1.0000
Epoch 384: Time: 0.0459 Cost: 0.0530 Pre: 1.0000 Re: 1.0000 Acc: 1.0000 F1: 1.0000
Epoch 385: Time: 0.0448 Cost: 0.0522 Pre: 1.0000 Re: 1.0000 Acc: 1.0000 F1: 1.0000
Epoch 386: Time: 0.0449 Cost: 0.0514 Pre: 1.0000 Re: 1.0000 Acc: 1.0000 F1: 1.0000
Epoch 387: Time: 0.0470 Cost: 0.0506 Pre: 1.0000 Re: 1.0000 Acc: 1.0000 F1: 1.0000
Epoch 388: Time: 0.0456 Cost: 0.0498 Pre: 1.0000 Re: 1.0000 Acc: 1.0000 F1: 1.0000
Epoch 389: Time: 0.0447 Cost: 0.0491 Pre: 1.0000 Re: 1.0000 Acc: 1.0000 F1: 1.0000
Epoch 390: Time: 0.0453 Cost: 0.0484 Pre: 1.0000 Re: 1.0000 Acc: 1.0000 F1: 1.0000


--------------------------------------------------------------------
Eval results: Cost:0.0261 Pre:1.0000 Re:1.0000 Acc:1.0000 F1:1.0000
--------------------------------------------------------------------

Epoch 391: Time: 0.0482 Cost: 0.0477 Pre: 1.0000 Re: 1.0000 Acc: 1.0000 F1: 1.0000
Epoch 392: Time: 0.0454 Cost: 0.0469 Pre: 1.0000 Re: 1.0000 Acc: 1.0000 F1: 1.0000
Epoch 393: Time: 0.0456 Cost: 0.0463 Pre: 1.0000 Re: 1.0000 Acc: 1.0000 F1: 1.0000
Epoch 394: Time: 0.0448 Cost: 0.0456 Pre: 1.0000 Re: 1.0000 Acc: 1.0000 F1: 1.0000
Epoch 395: Time: 0.0451 Cost: 0.0449 Pre: 1.0000 Re: 1.0000 Acc: 1.0000 F1: 1.0000
Epoch 396: Time: 0.0453 Cost: 0.0443 Pre: 1.0000 Re: 1.0000 Acc: 1.0000 F1: 1.0000
Epoch 397: Time: 0.0448 Cost: 0.0436 Pre: 1.0000 Re: 1.0000 Acc: 1.0000 F1: 1.0000
Epoch 398: Time: 0.0449 Cost: 0.0430 Pre: 1.0000 Re: 1.0000 Acc: 1.0000 F1: 1.0000
Epoch 399: Time: 0.0451 Cost: 0.0424 Pre: 1.0000 Re: 1.0000 Acc: 1.0000 F1: 1.0000
Epoch 400: Time: 0.0452 Cost: 0.0418 Pre: 1.0000 Re: 1.0000 Acc: 1.0000 F1: 1.0000


--------------------------------------------------------------------
Eval results: Cost:0.0227 Pre:1.0000 Re:1.0000 Acc:1.0000 F1:1.0000
--------------------------------------------------------------------

Epoch 401: Time: 0.0461 Cost: 0.0412 Pre: 1.0000 Re: 1.0000 Acc: 1.0000 F1: 1.0000
Epoch 402: Time: 0.0474 Cost: 0.0406 Pre: 1.0000 Re: 1.0000 Acc: 1.0000 F1: 1.0000
Epoch 403: Time: 0.0451 Cost: 0.0401 Pre: 1.0000 Re: 1.0000 Acc: 1.0000 F1: 1.0000
Epoch 404: Time: 0.0448 Cost: 0.0395 Pre: 1.0000 Re: 1.0000 Acc: 1.0000 F1: 1.0000
Epoch 405: Time: 0.0463 Cost: 0.0390 Pre: 1.0000 Re: 1.0000 Acc: 1.0000 F1: 1.0000
Epoch 406: Time: 0.0457 Cost: 0.0384 Pre: 1.0000 Re: 1.0000 Acc: 1.0000 F1: 1.0000
Epoch 407: Time: 0.0460 Cost: 0.0379 Pre: 1.0000 Re: 1.0000 Acc: 1.0000 F1: 1.0000
Epoch 408: Time: 0.0450 Cost: 0.0374 Pre: 1.0000 Re: 1.0000 Acc: 1.0000 F1: 1.0000
Epoch 409: Time: 0.0450 Cost: 0.0369 Pre: 1.0000 Re: 1.0000 Acc: 1.0000 F1: 1.0000
Epoch 410: Time: 0.0451 Cost: 0.0364 Pre: 1.0000 Re: 1.0000 Acc: 1.0000 F1: 1.0000


--------------------------------------------------------------------
Eval results: Cost:0.0198 Pre:1.0000 Re:1.0000 Acc:1.0000 F1:1.0000
--------------------------------------------------------------------

Epoch 411: Time: 0.0456 Cost: 0.0359 Pre: 1.0000 Re: 1.0000 Acc: 1.0000 F1: 1.0000
Epoch 412: Time: 0.0456 Cost: 0.0354 Pre: 1.0000 Re: 1.0000 Acc: 1.0000 F1: 1.0000
Epoch 413: Time: 0.0447 Cost: 0.0350 Pre: 1.0000 Re: 1.0000 Acc: 1.0000 F1: 1.0000
Epoch 414: Time: 0.0448 Cost: 0.0345 Pre: 1.0000 Re: 1.0000 Acc: 1.0000 F1: 1.0000
Epoch 415: Time: 0.0454 Cost: 0.0341 Pre: 1.0000 Re: 1.0000 Acc: 1.0000 F1: 1.0000
Epoch 416: Time: 0.0464 Cost: 0.0336 Pre: 1.0000 Re: 1.0000 Acc: 1.0000 F1: 1.0000
Epoch 417: Time: 0.0451 Cost: 0.0332 Pre: 1.0000 Re: 1.0000 Acc: 1.0000 F1: 1.0000
Epoch 418: Time: 0.0451 Cost: 0.0327 Pre: 1.0000 Re: 1.0000 Acc: 1.0000 F1: 1.0000
Epoch 419: Time: 0.0451 Cost: 0.0323 Pre: 1.0000 Re: 1.0000 Acc: 1.0000 F1: 1.0000
Epoch 420: Time: 0.0451 Cost: 0.0319 Pre: 1.0000 Re: 1.0000 Acc: 1.0000 F1: 1.0000


--------------------------------------------------------------------
Eval results: Cost:0.0174 Pre:1.0000 Re:1.0000 Acc:1.0000 F1:1.0000
--------------------------------------------------------------------

Epoch 421: Time: 0.0486 Cost: 0.0315 Pre: 1.0000 Re: 1.0000 Acc: 1.0000 F1: 1.0000
Epoch 422: Time: 0.0482 Cost: 0.0311 Pre: 1.0000 Re: 1.0000 Acc: 1.0000 F1: 1.0000
Epoch 423: Time: 0.0480 Cost: 0.0307 Pre: 1.0000 Re: 1.0000 Acc: 1.0000 F1: 1.0000
Epoch 424: Time: 0.0457 Cost: 0.0303 Pre: 1.0000 Re: 1.0000 Acc: 1.0000 F1: 1.0000
Epoch 425: Time: 0.0452 Cost: 0.0300 Pre: 1.0000 Re: 1.0000 Acc: 1.0000 F1: 1.0000
Epoch 426: Time: 0.0471 Cost: 0.0296 Pre: 1.0000 Re: 1.0000 Acc: 1.0000 F1: 1.0000
Epoch 427: Time: 0.0452 Cost: 0.0292 Pre: 1.0000 Re: 1.0000 Acc: 1.0000 F1: 1.0000
Epoch 428: Time: 0.0459 Cost: 0.0289 Pre: 1.0000 Re: 1.0000 Acc: 1.0000 F1: 1.0000
Epoch 429: Time: 0.0449 Cost: 0.0285 Pre: 1.0000 Re: 1.0000 Acc: 1.0000 F1: 1.0000
Epoch 430: Time: 0.0449 Cost: 0.0282 Pre: 1.0000 Re: 1.0000 Acc: 1.0000 F1: 1.0000


--------------------------------------------------------------------
Eval results: Cost:0.0155 Pre:1.0000 Re:1.0000 Acc:1.0000 F1:1.0000
--------------------------------------------------------------------

Epoch 431: Time: 0.0455 Cost: 0.0278 Pre: 1.0000 Re: 1.0000 Acc: 1.0000 F1: 1.0000
Epoch 432: Time: 0.0451 Cost: 0.0275 Pre: 1.0000 Re: 1.0000 Acc: 1.0000 F1: 1.0000
Epoch 433: Time: 0.0454 Cost: 0.0272 Pre: 1.0000 Re: 1.0000 Acc: 1.0000 F1: 1.0000
Epoch 434: Time: 0.0451 Cost: 0.0268 Pre: 1.0000 Re: 1.0000 Acc: 1.0000 F1: 1.0000
Epoch 435: Time: 0.0451 Cost: 0.0265 Pre: 1.0000 Re: 1.0000 Acc: 1.0000 F1: 1.0000
Epoch 436: Time: 0.0453 Cost: 0.0262 Pre: 1.0000 Re: 1.0000 Acc: 1.0000 F1: 1.0000
Epoch 437: Time: 0.0450 Cost: 0.0259 Pre: 1.0000 Re: 1.0000 Acc: 1.0000 F1: 1.0000
Epoch 438: Time: 0.0449 Cost: 0.0256 Pre: 1.0000 Re: 1.0000 Acc: 1.0000 F1: 1.0000
Epoch 439: Time: 0.0450 Cost: 0.0253 Pre: 1.0000 Re: 1.0000 Acc: 1.0000 F1: 1.0000
Epoch 440: Time: 0.0451 Cost: 0.0250 Pre: 1.0000 Re: 1.0000 Acc: 1.0000 F1: 1.0000


--------------------------------------------------------------------
Eval results: Cost:0.0138 Pre:1.0000 Re:1.0000 Acc:1.0000 F1:1.0000
--------------------------------------------------------------------

Epoch 441: Time: 0.0491 Cost: 0.0247 Pre: 1.0000 Re: 1.0000 Acc: 1.0000 F1: 1.0000
Epoch 442: Time: 0.0461 Cost: 0.0244 Pre: 1.0000 Re: 1.0000 Acc: 1.0000 F1: 1.0000
Epoch 443: Time: 0.0455 Cost: 0.0241 Pre: 1.0000 Re: 1.0000 Acc: 1.0000 F1: 1.0000
Epoch 444: Time: 0.0453 Cost: 0.0239 Pre: 1.0000 Re: 1.0000 Acc: 1.0000 F1: 1.0000
Epoch 445: Time: 0.0487 Cost: 0.0236 Pre: 1.0000 Re: 1.0000 Acc: 1.0000 F1: 1.0000
Epoch 446: Time: 0.0456 Cost: 0.0233 Pre: 1.0000 Re: 1.0000 Acc: 1.0000 F1: 1.0000
Epoch 447: Time: 0.0450 Cost: 0.0231 Pre: 1.0000 Re: 1.0000 Acc: 1.0000 F1: 1.0000
Epoch 448: Time: 0.0453 Cost: 0.0228 Pre: 1.0000 Re: 1.0000 Acc: 1.0000 F1: 1.0000
Epoch 449: Time: 0.0450 Cost: 0.0226 Pre: 1.0000 Re: 1.0000 Acc: 1.0000 F1: 1.0000
Epoch 450: Time: 0.0451 Cost: 0.0223 Pre: 1.0000 Re: 1.0000 Acc: 1.0000 F1: 1.0000


--------------------------------------------------------------------
Eval results: Cost:0.0123 Pre:1.0000 Re:1.0000 Acc:1.0000 F1:1.0000
--------------------------------------------------------------------

Epoch 451: Time: 0.0457 Cost: 0.0221 Pre: 1.0000 Re: 1.0000 Acc: 1.0000 F1: 1.0000
Epoch 452: Time: 0.0448 Cost: 0.0218 Pre: 1.0000 Re: 1.0000 Acc: 1.0000 F1: 1.0000
Epoch 453: Time: 0.0450 Cost: 0.0216 Pre: 1.0000 Re: 1.0000 Acc: 1.0000 F1: 1.0000
Epoch 454: Time: 0.0447 Cost: 0.0214 Pre: 1.0000 Re: 1.0000 Acc: 1.0000 F1: 1.0000
Epoch 455: Time: 0.0456 Cost: 0.0211 Pre: 1.0000 Re: 1.0000 Acc: 1.0000 F1: 1.0000
Epoch 456: Time: 0.0453 Cost: 0.0209 Pre: 1.0000 Re: 1.0000 Acc: 1.0000 F1: 1.0000
Epoch 457: Time: 0.0450 Cost: 0.0207 Pre: 1.0000 Re: 1.0000 Acc: 1.0000 F1: 1.0000
Epoch 458: Time: 0.0451 Cost: 0.0205 Pre: 1.0000 Re: 1.0000 Acc: 1.0000 F1: 1.0000
Epoch 459: Time: 0.0527 Cost: 0.0202 Pre: 1.0000 Re: 1.0000 Acc: 1.0000 F1: 1.0000
Epoch 460: Time: 0.0701 Cost: 0.0200 Pre: 1.0000 Re: 1.0000 Acc: 1.0000 F1: 1.0000


--------------------------------------------------------------------
Eval results: Cost:0.0111 Pre:1.0000 Re:1.0000 Acc:1.0000 F1:1.0000
--------------------------------------------------------------------

Epoch 461: Time: 0.0464 Cost: 0.0198 Pre: 1.0000 Re: 1.0000 Acc: 1.0000 F1: 1.0000
Epoch 462: Time: 0.0451 Cost: 0.0196 Pre: 1.0000 Re: 1.0000 Acc: 1.0000 F1: 1.0000
Epoch 463: Time: 0.0456 Cost: 0.0194 Pre: 1.0000 Re: 1.0000 Acc: 1.0000 F1: 1.0000
Epoch 464: Time: 0.0456 Cost: 0.0192 Pre: 1.0000 Re: 1.0000 Acc: 1.0000 F1: 1.0000
Epoch 465: Time: 0.0459 Cost: 0.0190 Pre: 1.0000 Re: 1.0000 Acc: 1.0000 F1: 1.0000
Epoch 466: Time: 0.0450 Cost: 0.0188 Pre: 1.0000 Re: 1.0000 Acc: 1.0000 F1: 1.0000
Epoch 467: Time: 0.0452 Cost: 0.0186 Pre: 1.0000 Re: 1.0000 Acc: 1.0000 F1: 1.0000
Epoch 468: Time: 0.0459 Cost: 0.0184 Pre: 1.0000 Re: 1.0000 Acc: 1.0000 F1: 1.0000
Epoch 469: Time: 0.0452 Cost: 0.0183 Pre: 1.0000 Re: 1.0000 Acc: 1.0000 F1: 1.0000
Epoch 470: Time: 0.0582 Cost: 0.0181 Pre: 1.0000 Re: 1.0000 Acc: 1.0000 F1: 1.0000


--------------------------------------------------------------------
Eval results: Cost:0.0101 Pre:1.0000 Re:1.0000 Acc:1.0000 F1:1.0000
--------------------------------------------------------------------

Epoch 471: Time: 0.0451 Cost: 0.0179 Pre: 1.0000 Re: 1.0000 Acc: 1.0000 F1: 1.0000
Epoch 472: Time: 0.0455 Cost: 0.0177 Pre: 1.0000 Re: 1.0000 Acc: 1.0000 F1: 1.0000
Epoch 473: Time: 0.0453 Cost: 0.0175 Pre: 1.0000 Re: 1.0000 Acc: 1.0000 F1: 1.0000
Epoch 474: Time: 0.0453 Cost: 0.0174 Pre: 1.0000 Re: 1.0000 Acc: 1.0000 F1: 1.0000
Epoch 475: Time: 0.0452 Cost: 0.0172 Pre: 1.0000 Re: 1.0000 Acc: 1.0000 F1: 1.0000
Epoch 476: Time: 0.0450 Cost: 0.0170 Pre: 1.0000 Re: 1.0000 Acc: 1.0000 F1: 1.0000
Epoch 477: Time: 0.0451 Cost: 0.0169 Pre: 1.0000 Re: 1.0000 Acc: 1.0000 F1: 1.0000
Epoch 478: Time: 0.0452 Cost: 0.0167 Pre: 1.0000 Re: 1.0000 Acc: 1.0000 F1: 1.0000
Epoch 479: Time: 0.0450 Cost: 0.0166 Pre: 1.0000 Re: 1.0000 Acc: 1.0000 F1: 1.0000
Epoch 480: Time: 0.0481 Cost: 0.0164 Pre: 1.0000 Re: 1.0000 Acc: 1.0000 F1: 1.0000


--------------------------------------------------------------------
Eval results: Cost:0.0092 Pre:1.0000 Re:1.0000 Acc:1.0000 F1:1.0000
--------------------------------------------------------------------

Epoch 481: Time: 0.0450 Cost: 0.0162 Pre: 1.0000 Re: 1.0000 Acc: 1.0000 F1: 1.0000
Epoch 482: Time: 0.0452 Cost: 0.0161 Pre: 1.0000 Re: 1.0000 Acc: 1.0000 F1: 1.0000
Epoch 483: Time: 0.0449 Cost: 0.0159 Pre: 1.0000 Re: 1.0000 Acc: 1.0000 F1: 1.0000
Epoch 484: Time: 0.0470 Cost: 0.0158 Pre: 1.0000 Re: 1.0000 Acc: 1.0000 F1: 1.0000
Epoch 485: Time: 0.0451 Cost: 0.0156 Pre: 1.0000 Re: 1.0000 Acc: 1.0000 F1: 1.0000
Epoch 486: Time: 0.0449 Cost: 0.0155 Pre: 1.0000 Re: 1.0000 Acc: 1.0000 F1: 1.0000
Epoch 487: Time: 0.0447 Cost: 0.0154 Pre: 1.0000 Re: 1.0000 Acc: 1.0000 F1: 1.0000
Epoch 488: Time: 0.0453 Cost: 0.0152 Pre: 1.0000 Re: 1.0000 Acc: 1.0000 F1: 1.0000
Epoch 489: Time: 0.0453 Cost: 0.0151 Pre: 1.0000 Re: 1.0000 Acc: 1.0000 F1: 1.0000
Epoch 490: Time: 0.0455 Cost: 0.0150 Pre: 1.0000 Re: 1.0000 Acc: 1.0000 F1: 1.0000


--------------------------------------------------------------------
Eval results: Cost:0.0084 Pre:1.0000 Re:1.0000 Acc:1.0000 F1:1.0000
--------------------------------------------------------------------

Epoch 491: Time: 0.0449 Cost: 0.0148 Pre: 1.0000 Re: 1.0000 Acc: 1.0000 F1: 1.0000
Epoch 492: Time: 0.0450 Cost: 0.0147 Pre: 1.0000 Re: 1.0000 Acc: 1.0000 F1: 1.0000
Epoch 493: Time: 0.0449 Cost: 0.0146 Pre: 1.0000 Re: 1.0000 Acc: 1.0000 F1: 1.0000
Epoch 494: Time: 0.0451 Cost: 0.0144 Pre: 1.0000 Re: 1.0000 Acc: 1.0000 F1: 1.0000
Epoch 495: Time: 0.0456 Cost: 0.0143 Pre: 1.0000 Re: 1.0000 Acc: 1.0000 F1: 1.0000
Epoch 496: Time: 0.0449 Cost: 0.0142 Pre: 1.0000 Re: 1.0000 Acc: 1.0000 F1: 1.0000
Epoch 497: Time: 0.0450 Cost: 0.0141 Pre: 1.0000 Re: 1.0000 Acc: 1.0000 F1: 1.0000
Epoch 498: Time: 0.0452 Cost: 0.0139 Pre: 1.0000 Re: 1.0000 Acc: 1.0000 F1: 1.0000
Epoch 499: Time: 0.0452 Cost: 0.0138 Pre: 1.0000 Re: 1.0000 Acc: 1.0000 F1: 1.0000
Epoch 500: Time: 0.0526 Cost: 0.0137 Pre: 1.0000 Re: 1.0000 Acc: 1.0000 F1: 1.0000


--------------------------------------------------------------------
Eval results: Cost:0.0077 Pre:1.0000 Re:1.0000 Acc:1.0000 F1:1.0000
--------------------------------------------------------------------

Epoch 501: Time: 0.0451 Cost: 0.0136 Pre: 1.0000 Re: 1.0000 Acc: 1.0000 F1: 1.0000
Epoch 502: Time: 0.0451 Cost: 0.0135 Pre: 1.0000 Re: 1.0000 Acc: 1.0000 F1: 1.0000
Epoch 503: Time: 0.0460 Cost: 0.0134 Pre: 1.0000 Re: 1.0000 Acc: 1.0000 F1: 1.0000
Epoch 504: Time: 0.0462 Cost: 0.0132 Pre: 1.0000 Re: 1.0000 Acc: 1.0000 F1: 1.0000
Epoch 505: Time: 0.0449 Cost: 0.0131 Pre: 1.0000 Re: 1.0000 Acc: 1.0000 F1: 1.0000
Epoch 506: Time: 0.0451 Cost: 0.0130 Pre: 1.0000 Re: 1.0000 Acc: 1.0000 F1: 1.0000
Epoch 507: Time: 0.0448 Cost: 0.0129 Pre: 1.0000 Re: 1.0000 Acc: 1.0000 F1: 1.0000
Epoch 508: Time: 0.0450 Cost: 0.0128 Pre: 1.0000 Re: 1.0000 Acc: 1.0000 F1: 1.0000
Epoch 509: Time: 0.0450 Cost: 0.0127 Pre: 1.0000 Re: 1.0000 Acc: 1.0000 F1: 1.0000
Epoch 510: Time: 0.0456 Cost: 0.0126 Pre: 1.0000 Re: 1.0000 Acc: 1.0000 F1: 1.0000


--------------------------------------------------------------------
Eval results: Cost:0.0071 Pre:1.0000 Re:1.0000 Acc:1.0000 F1:1.0000
--------------------------------------------------------------------

Epoch 511: Time: 0.0454 Cost: 0.0125 Pre: 1.0000 Re: 1.0000 Acc: 1.0000 F1: 1.0000
Epoch 512: Time: 0.0464 Cost: 0.0124 Pre: 1.0000 Re: 1.0000 Acc: 1.0000 F1: 1.0000
Epoch 513: Time: 0.0462 Cost: 0.0123 Pre: 1.0000 Re: 1.0000 Acc: 1.0000 F1: 1.0000
Epoch 514: Time: 0.0451 Cost: 0.0122 Pre: 1.0000 Re: 1.0000 Acc: 1.0000 F1: 1.0000
Epoch 515: Time: 0.0447 Cost: 0.0121 Pre: 1.0000 Re: 1.0000 Acc: 1.0000 F1: 1.0000
Epoch 516: Time: 0.0447 Cost: 0.0120 Pre: 1.0000 Re: 1.0000 Acc: 1.0000 F1: 1.0000
Epoch 517: Time: 0.0450 Cost: 0.0119 Pre: 1.0000 Re: 1.0000 Acc: 1.0000 F1: 1.0000
Epoch 518: Time: 0.0449 Cost: 0.0118 Pre: 1.0000 Re: 1.0000 Acc: 1.0000 F1: 1.0000
Epoch 519: Time: 0.0462 Cost: 0.0117 Pre: 1.0000 Re: 1.0000 Acc: 1.0000 F1: 1.0000
Epoch 520: Time: 0.0473 Cost: 0.0117 Pre: 1.0000 Re: 1.0000 Acc: 1.0000 F1: 1.0000


--------------------------------------------------------------------
Eval results: Cost:0.0066 Pre:1.0000 Re:1.0000 Acc:1.0000 F1:1.0000
--------------------------------------------------------------------

Epoch 521: Time: 0.0449 Cost: 0.0116 Pre: 1.0000 Re: 1.0000 Acc: 1.0000 F1: 1.0000
Epoch 522: Time: 0.0451 Cost: 0.0115 Pre: 1.0000 Re: 1.0000 Acc: 1.0000 F1: 1.0000
Epoch 523: Time: 0.0465 Cost: 0.0114 Pre: 1.0000 Re: 1.0000 Acc: 1.0000 F1: 1.0000
Epoch 524: Time: 0.0459 Cost: 0.0113 Pre: 1.0000 Re: 1.0000 Acc: 1.0000 F1: 1.0000
Epoch 525: Time: 0.0451 Cost: 0.0112 Pre: 1.0000 Re: 1.0000 Acc: 1.0000 F1: 1.0000
Epoch 526: Time: 0.0449 Cost: 0.0111 Pre: 1.0000 Re: 1.0000 Acc: 1.0000 F1: 1.0000
Epoch 527: Time: 0.0450 Cost: 0.0111 Pre: 1.0000 Re: 1.0000 Acc: 1.0000 F1: 1.0000
Epoch 528: Time: 0.0450 Cost: 0.0110 Pre: 1.0000 Re: 1.0000 Acc: 1.0000 F1: 1.0000
Epoch 529: Time: 0.0455 Cost: 0.0109 Pre: 1.0000 Re: 1.0000 Acc: 1.0000 F1: 1.0000
Epoch 530: Time: 0.0451 Cost: 0.0108 Pre: 1.0000 Re: 1.0000 Acc: 1.0000 F1: 1.0000


--------------------------------------------------------------------
Eval results: Cost:0.0062 Pre:1.0000 Re:1.0000 Acc:1.0000 F1:1.0000
--------------------------------------------------------------------

Early stopping...
--------------------------------------------------------------------
--------------------------------------------------------------------
Test 464 samples take time: 0.2155
Test results: Cost:0.0054 Pre:1.0000 Re:1.0000 Acc:1.0000 F1:1.0000
--------------------------------------------------------------------

