16768
16562
16206
16632
16380
16425
Load data
RNN type: LSTM Grammar: g1 Seed: 8
Model total parameters: 10400
Saving hinit ... 

Epoch 0: Time: 0.1504 Cost: 9.2361 Pre: 0.0000 Re: 0.0000 Acc: 0.9587 F1: 0.0000


--------------------------------------------------------------------
Eval results: Cost:8.8106 Pre:0.0000 Re:0.0000 Acc:0.9753 F1:0.0000
--------------------------------------------------------------------

Epoch 1: Time: 0.0657 Cost: 8.9025 Pre: 0.0000 Re: 0.0000 Acc: 0.9587 F1: 0.0000
Epoch 2: Time: 0.0687 Cost: 8.4404 Pre: 0.0000 Re: 0.0000 Acc: 0.9587 F1: 0.0000
Epoch 3: Time: 0.0648 Cost: 7.9173 Pre: 0.0000 Re: 0.0000 Acc: 0.9587 F1: 0.0000
Epoch 4: Time: 0.0657 Cost: 7.3560 Pre: 0.0000 Re: 0.0000 Acc: 0.9587 F1: 0.0000
Epoch 5: Time: 0.0647 Cost: 6.7661 Pre: 0.0000 Re: 0.0000 Acc: 0.9587 F1: 0.0000
Epoch 6: Time: 0.0654 Cost: 6.1590 Pre: 0.0000 Re: 0.0000 Acc: 0.9587 F1: 0.0000
Epoch 7: Time: 0.0650 Cost: 5.5579 Pre: 0.0000 Re: 0.0000 Acc: 0.9587 F1: 0.0000
Epoch 8: Time: 0.0659 Cost: 5.0009 Pre: 0.0000 Re: 0.0000 Acc: 0.9587 F1: 0.0000
Epoch 9: Time: 0.0650 Cost: 4.5319 Pre: 0.0000 Re: 0.0000 Acc: 0.9587 F1: 0.0000
Epoch 10: Time: 0.0651 Cost: 4.1801 Pre: 0.0000 Re: 0.0000 Acc: 0.9587 F1: 0.0000


--------------------------------------------------------------------
Eval results: Cost:3.5015 Pre:0.0000 Re:0.0000 Acc:0.9753 F1:0.0000
--------------------------------------------------------------------

Epoch 11: Time: 0.0661 Cost: 3.9436 Pre: 0.0000 Re: 0.0000 Acc: 0.9587 F1: 0.0000
Epoch 12: Time: 0.0653 Cost: 3.7974 Pre: 0.0000 Re: 0.0000 Acc: 0.9587 F1: 0.0000
Epoch 13: Time: 0.0650 Cost: 3.7113 Pre: 0.0000 Re: 0.0000 Acc: 0.9587 F1: 0.0000
Epoch 14: Time: 0.0649 Cost: 3.6614 Pre: 0.0000 Re: 0.0000 Acc: 0.9587 F1: 0.0000
Epoch 15: Time: 0.0648 Cost: 3.6316 Pre: 0.0000 Re: 0.0000 Acc: 0.9587 F1: 0.0000
Epoch 16: Time: 0.0808 Cost: 3.6127 Pre: 0.0000 Re: 0.0000 Acc: 0.9587 F1: 0.0000
Epoch 17: Time: 0.0676 Cost: 3.5995 Pre: 0.0000 Re: 0.0000 Acc: 0.9587 F1: 0.0000
Epoch 18: Time: 0.0655 Cost: 3.5892 Pre: 0.0000 Re: 0.0000 Acc: 0.9587 F1: 0.0000
Epoch 19: Time: 0.0649 Cost: 3.5803 Pre: 0.0000 Re: 0.0000 Acc: 0.9587 F1: 0.0000
Epoch 20: Time: 0.0650 Cost: 3.5720 Pre: 0.0000 Re: 0.0000 Acc: 0.9587 F1: 0.0000


--------------------------------------------------------------------
Eval results: Cost:2.9604 Pre:0.0000 Re:0.0000 Acc:0.9753 F1:0.0000
--------------------------------------------------------------------

Epoch 21: Time: 0.0673 Cost: 3.5639 Pre: 0.0000 Re: 0.0000 Acc: 0.9587 F1: 0.0000
Epoch 22: Time: 0.0650 Cost: 3.5557 Pre: 0.0000 Re: 0.0000 Acc: 0.9587 F1: 0.0000
Epoch 23: Time: 0.0647 Cost: 3.5473 Pre: 0.0000 Re: 0.0000 Acc: 0.9587 F1: 0.0000
Epoch 24: Time: 0.0654 Cost: 3.5386 Pre: 0.0000 Re: 0.0000 Acc: 0.9587 F1: 0.0000
Epoch 25: Time: 0.0644 Cost: 3.5296 Pre: 0.0000 Re: 0.0000 Acc: 0.9587 F1: 0.0000
Epoch 26: Time: 0.0644 Cost: 3.5202 Pre: 0.0000 Re: 0.0000 Acc: 0.9587 F1: 0.0000
Epoch 27: Time: 0.0651 Cost: 3.5104 Pre: 0.0000 Re: 0.0000 Acc: 0.9587 F1: 0.0000
Epoch 28: Time: 0.0670 Cost: 3.5001 Pre: 0.0000 Re: 0.0000 Acc: 0.9587 F1: 0.0000
Epoch 29: Time: 0.0648 Cost: 3.4892 Pre: 0.0000 Re: 0.0000 Acc: 0.9587 F1: 0.0000
Epoch 30: Time: 0.0683 Cost: 3.4778 Pre: 0.0000 Re: 0.0000 Acc: 0.9587 F1: 0.0000


--------------------------------------------------------------------
Eval results: Cost:2.8249 Pre:0.0000 Re:0.0000 Acc:0.9753 F1:0.0000
--------------------------------------------------------------------

Epoch 31: Time: 0.0668 Cost: 3.4657 Pre: 0.0000 Re: 0.0000 Acc: 0.9587 F1: 0.0000
Epoch 32: Time: 0.0659 Cost: 3.4527 Pre: 0.0000 Re: 0.0000 Acc: 0.9587 F1: 0.0000
Epoch 33: Time: 0.0645 Cost: 3.4388 Pre: 0.0000 Re: 0.0000 Acc: 0.9587 F1: 0.0000
Epoch 34: Time: 0.0648 Cost: 3.4236 Pre: 0.0000 Re: 0.0000 Acc: 0.9587 F1: 0.0000
Epoch 35: Time: 0.0657 Cost: 3.4071 Pre: 0.0000 Re: 0.0000 Acc: 0.9587 F1: 0.0000
Epoch 36: Time: 0.0650 Cost: 3.3889 Pre: 0.0000 Re: 0.0000 Acc: 0.9587 F1: 0.0000
Epoch 37: Time: 0.0647 Cost: 3.3683 Pre: 0.0000 Re: 0.0000 Acc: 0.9587 F1: 0.0000
Epoch 38: Time: 0.0651 Cost: 3.3449 Pre: 0.0000 Re: 0.0000 Acc: 0.9587 F1: 0.0000
Epoch 39: Time: 0.0647 Cost: 3.3174 Pre: 0.0000 Re: 0.0000 Acc: 0.9587 F1: 0.0000
Epoch 40: Time: 0.0649 Cost: 3.2843 Pre: 0.0000 Re: 0.0000 Acc: 0.9587 F1: 0.0000


--------------------------------------------------------------------
Eval results: Cost:2.5796 Pre:1.0000 Re:0.2500 Acc:0.9815 F1:0.4000
--------------------------------------------------------------------

Epoch 41: Time: 0.0652 Cost: 3.2434 Pre: 1.0000 Re: 0.1000 Acc: 0.9628 F1: 0.1818
Epoch 42: Time: 0.0651 Cost: 3.1917 Pre: 0.5000 Re: 0.1000 Acc: 0.9587 F1: 0.1667
Epoch 43: Time: 0.0686 Cost: 3.1253 Pre: 0.5000 Re: 0.1000 Acc: 0.9587 F1: 0.1667
Epoch 44: Time: 0.0649 Cost: 3.0425 Pre: 0.5000 Re: 0.1000 Acc: 0.9587 F1: 0.1667
Epoch 45: Time: 0.0658 Cost: 2.9463 Pre: 0.5000 Re: 0.1000 Acc: 0.9587 F1: 0.1667
Epoch 46: Time: 0.0646 Cost: 2.8428 Pre: 0.5000 Re: 0.1000 Acc: 0.9587 F1: 0.1667
Epoch 47: Time: 0.0649 Cost: 2.7315 Pre: 0.5000 Re: 0.1000 Acc: 0.9587 F1: 0.1667
Epoch 48: Time: 0.0647 Cost: 2.6097 Pre: 0.5000 Re: 0.1000 Acc: 0.9587 F1: 0.1667
Epoch 49: Time: 0.0664 Cost: 2.4843 Pre: 0.5000 Re: 0.1000 Acc: 0.9587 F1: 0.1667
Epoch 50: Time: 0.0645 Cost: 2.3654 Pre: 0.5000 Re: 0.1000 Acc: 0.9587 F1: 0.1667


--------------------------------------------------------------------
Eval results: Cost:1.6874 Pre:0.5000 Re:0.2500 Acc:0.9753 F1:0.3333
--------------------------------------------------------------------

Epoch 51: Time: 0.0664 Cost: 2.2555 Pre: 0.5000 Re: 0.1000 Acc: 0.9587 F1: 0.1667
Epoch 52: Time: 0.0646 Cost: 2.1540 Pre: 0.5000 Re: 0.1000 Acc: 0.9587 F1: 0.1667
Epoch 53: Time: 0.0647 Cost: 2.0640 Pre: 0.5000 Re: 0.1000 Acc: 0.9587 F1: 0.1667
Epoch 54: Time: 0.0650 Cost: 1.9866 Pre: 0.5000 Re: 0.1000 Acc: 0.9587 F1: 0.1667
Epoch 55: Time: 0.0652 Cost: 1.9175 Pre: 0.7500 Re: 0.3000 Acc: 0.9669 F1: 0.4286
Epoch 56: Time: 0.0646 Cost: 1.8538 Pre: 0.7500 Re: 0.3000 Acc: 0.9669 F1: 0.4286
Epoch 57: Time: 0.0675 Cost: 1.7948 Pre: 0.8000 Re: 0.4000 Acc: 0.9711 F1: 0.5333
Epoch 58: Time: 0.0652 Cost: 1.7393 Pre: 0.8000 Re: 0.4000 Acc: 0.9711 F1: 0.5333
Epoch 59: Time: 0.0651 Cost: 1.6875 Pre: 0.8333 Re: 0.5000 Acc: 0.9752 F1: 0.6250
Epoch 60: Time: 0.0646 Cost: 1.6401 Pre: 0.8333 Re: 0.5000 Acc: 0.9752 F1: 0.6250


--------------------------------------------------------------------
Eval results: Cost:1.3477 Pre:0.5000 Re:0.7500 Acc:0.9753 F1:0.6000
--------------------------------------------------------------------

Epoch 61: Time: 0.0662 Cost: 1.5962 Pre: 0.8333 Re: 0.5000 Acc: 0.9752 F1: 0.6250
Epoch 62: Time: 0.0657 Cost: 1.5541 Pre: 0.8333 Re: 0.5000 Acc: 0.9752 F1: 0.6250
Epoch 63: Time: 0.0722 Cost: 1.5134 Pre: 0.8571 Re: 0.6000 Acc: 0.9793 F1: 0.7059
Epoch 64: Time: 0.0661 Cost: 1.4747 Pre: 0.8571 Re: 0.6000 Acc: 0.9793 F1: 0.7059
Epoch 65: Time: 0.0709 Cost: 1.4388 Pre: 0.8571 Re: 0.6000 Acc: 0.9793 F1: 0.7059
Epoch 66: Time: 0.0665 Cost: 1.4060 Pre: 0.8571 Re: 0.6000 Acc: 0.9793 F1: 0.7059
Epoch 67: Time: 0.0661 Cost: 1.3752 Pre: 0.8571 Re: 0.6000 Acc: 0.9793 F1: 0.7059
Epoch 68: Time: 0.0651 Cost: 1.3461 Pre: 0.8571 Re: 0.6000 Acc: 0.9793 F1: 0.7059
Epoch 69: Time: 0.0652 Cost: 1.3187 Pre: 0.8571 Re: 0.6000 Acc: 0.9793 F1: 0.7059
Epoch 70: Time: 0.0647 Cost: 1.2933 Pre: 0.8750 Re: 0.7000 Acc: 0.9835 F1: 0.7778


--------------------------------------------------------------------
Eval results: Cost:1.1816 Pre:0.6000 Re:0.7500 Acc:0.9815 F1:0.6667
--------------------------------------------------------------------

Epoch 71: Time: 0.0659 Cost: 1.2699 Pre: 0.8750 Re: 0.7000 Acc: 0.9835 F1: 0.7778
Epoch 72: Time: 0.0651 Cost: 1.2480 Pre: 0.8750 Re: 0.7000 Acc: 0.9835 F1: 0.7778
Epoch 73: Time: 0.0649 Cost: 1.2274 Pre: 0.8750 Re: 0.7000 Acc: 0.9835 F1: 0.7778
Epoch 74: Time: 0.0658 Cost: 1.2078 Pre: 0.8750 Re: 0.7000 Acc: 0.9835 F1: 0.7778
Epoch 75: Time: 0.0643 Cost: 1.1892 Pre: 0.8750 Re: 0.7000 Acc: 0.9835 F1: 0.7778
Epoch 76: Time: 0.0652 Cost: 1.1716 Pre: 0.8750 Re: 0.7000 Acc: 0.9835 F1: 0.7778
Epoch 77: Time: 0.0654 Cost: 1.1549 Pre: 0.8889 Re: 0.8000 Acc: 0.9876 F1: 0.8421
Epoch 78: Time: 0.0652 Cost: 1.1388 Pre: 0.9000 Re: 0.9000 Acc: 0.9917 F1: 0.9000
Epoch 79: Time: 0.0657 Cost: 1.1234 Pre: 0.9000 Re: 0.9000 Acc: 0.9917 F1: 0.9000
Epoch 80: Time: 0.0653 Cost: 1.1084 Pre: 0.9000 Re: 0.9000 Acc: 0.9917 F1: 0.9000


--------------------------------------------------------------------
Eval results: Cost:1.0367 Pre:0.6667 Re:1.0000 Acc:0.9877 F1:0.8000
--------------------------------------------------------------------

Epoch 81: Time: 0.0659 Cost: 1.0917 Pre: 0.9091 Re: 1.0000 Acc: 0.9959 F1: 0.9524
Epoch 82: Time: 0.0658 Cost: 1.0804 Pre: 0.9091 Re: 1.0000 Acc: 0.9959 F1: 0.9524
Epoch 83: Time: 0.0643 Cost: 1.0688 Pre: 0.9091 Re: 1.0000 Acc: 0.9959 F1: 0.9524
Epoch 84: Time: 0.0674 Cost: 1.0566 Pre: 0.9091 Re: 1.0000 Acc: 0.9959 F1: 0.9524
Epoch 85: Time: 0.0648 Cost: 1.0444 Pre: 0.9091 Re: 1.0000 Acc: 0.9959 F1: 0.9524
Epoch 86: Time: 0.0658 Cost: 1.0327 Pre: 0.9091 Re: 1.0000 Acc: 0.9959 F1: 0.9524
Epoch 87: Time: 0.0645 Cost: 1.0210 Pre: 0.9091 Re: 1.0000 Acc: 0.9959 F1: 0.9524
Epoch 88: Time: 0.0646 Cost: 1.0092 Pre: 0.9091 Re: 1.0000 Acc: 0.9959 F1: 0.9524
Epoch 89: Time: 0.0652 Cost: 0.9978 Pre: 0.9091 Re: 1.0000 Acc: 0.9959 F1: 0.9524
Epoch 90: Time: 0.0733 Cost: 0.9871 Pre: 0.9091 Re: 1.0000 Acc: 0.9959 F1: 0.9524


--------------------------------------------------------------------
Eval results: Cost:0.7618 Pre:0.8000 Re:1.0000 Acc:0.9938 F1:0.8889
--------------------------------------------------------------------

Epoch 91: Time: 0.0655 Cost: 0.9769 Pre: 0.9091 Re: 1.0000 Acc: 0.9959 F1: 0.9524
Epoch 92: Time: 0.0658 Cost: 0.9668 Pre: 0.9091 Re: 1.0000 Acc: 0.9959 F1: 0.9524
Epoch 93: Time: 0.0647 Cost: 0.9566 Pre: 0.9091 Re: 1.0000 Acc: 0.9959 F1: 0.9524
Epoch 94: Time: 0.0646 Cost: 0.9463 Pre: 0.9091 Re: 1.0000 Acc: 0.9959 F1: 0.9524
Epoch 95: Time: 0.0667 Cost: 0.9358 Pre: 0.9091 Re: 1.0000 Acc: 0.9959 F1: 0.9524
Epoch 96: Time: 0.0646 Cost: 0.9255 Pre: 0.9091 Re: 1.0000 Acc: 0.9959 F1: 0.9524
Epoch 97: Time: 0.0653 Cost: 0.9155 Pre: 0.9091 Re: 1.0000 Acc: 0.9959 F1: 0.9524
Epoch 98: Time: 0.0674 Cost: 0.9058 Pre: 0.9091 Re: 1.0000 Acc: 0.9959 F1: 0.9524
Epoch 99: Time: 0.0646 Cost: 0.8964 Pre: 0.9091 Re: 1.0000 Acc: 0.9959 F1: 0.9524
Epoch 100: Time: 0.0655 Cost: 0.8869 Pre: 0.9091 Re: 1.0000 Acc: 0.9959 F1: 0.9524


--------------------------------------------------------------------
Eval results: Cost:0.5526 Pre:1.0000 Re:1.0000 Acc:1.0000 F1:1.0000
--------------------------------------------------------------------

Epoch 101: Time: 0.0659 Cost: 0.8754 Pre: 0.9091 Re: 1.0000 Acc: 0.9959 F1: 0.9524
Epoch 102: Time: 0.0645 Cost: 0.8669 Pre: 0.9091 Re: 1.0000 Acc: 0.9959 F1: 0.9524
Epoch 103: Time: 0.0659 Cost: 0.8584 Pre: 0.9091 Re: 1.0000 Acc: 0.9959 F1: 0.9524
Epoch 104: Time: 0.0649 Cost: 0.8495 Pre: 0.9091 Re: 1.0000 Acc: 0.9959 F1: 0.9524
Epoch 105: Time: 0.0647 Cost: 0.8403 Pre: 0.9091 Re: 1.0000 Acc: 0.9959 F1: 0.9524
Epoch 106: Time: 0.0710 Cost: 0.8308 Pre: 0.9091 Re: 1.0000 Acc: 0.9959 F1: 0.9524
Epoch 107: Time: 0.0651 Cost: 0.8215 Pre: 0.9091 Re: 1.0000 Acc: 0.9959 F1: 0.9524
Epoch 108: Time: 0.0653 Cost: 0.8127 Pre: 0.9091 Re: 1.0000 Acc: 0.9959 F1: 0.9524
Epoch 109: Time: 0.0646 Cost: 0.8043 Pre: 0.9091 Re: 1.0000 Acc: 0.9959 F1: 0.9524
Epoch 110: Time: 0.0644 Cost: 0.7960 Pre: 0.9091 Re: 1.0000 Acc: 0.9959 F1: 0.9524


--------------------------------------------------------------------
Eval results: Cost:0.4585 Pre:1.0000 Re:1.0000 Acc:1.0000 F1:1.0000
--------------------------------------------------------------------

Epoch 111: Time: 0.0662 Cost: 0.7878 Pre: 0.9091 Re: 1.0000 Acc: 0.9959 F1: 0.9524
Epoch 112: Time: 0.0652 Cost: 0.7790 Pre: 0.9091 Re: 1.0000 Acc: 0.9959 F1: 0.9524
Epoch 113: Time: 0.0650 Cost: 0.7702 Pre: 0.9091 Re: 1.0000 Acc: 0.9959 F1: 0.9524
Epoch 114: Time: 0.0648 Cost: 0.7618 Pre: 0.9091 Re: 1.0000 Acc: 0.9959 F1: 0.9524
Epoch 115: Time: 0.0652 Cost: 0.7537 Pre: 0.9091 Re: 1.0000 Acc: 0.9959 F1: 0.9524
Epoch 116: Time: 0.0651 Cost: 0.7458 Pre: 0.9091 Re: 1.0000 Acc: 0.9959 F1: 0.9524
Epoch 117: Time: 0.0652 Cost: 0.7379 Pre: 0.9091 Re: 1.0000 Acc: 0.9959 F1: 0.9524
Epoch 118: Time: 0.0652 Cost: 0.7298 Pre: 0.9091 Re: 1.0000 Acc: 0.9959 F1: 0.9524
Epoch 119: Time: 0.0648 Cost: 0.7219 Pre: 0.9091 Re: 1.0000 Acc: 0.9959 F1: 0.9524
Epoch 120: Time: 0.0663 Cost: 0.7142 Pre: 0.9091 Re: 1.0000 Acc: 0.9959 F1: 0.9524


--------------------------------------------------------------------
Eval results: Cost:0.4151 Pre:1.0000 Re:1.0000 Acc:1.0000 F1:1.0000
--------------------------------------------------------------------

Epoch 121: Time: 0.0661 Cost: 0.7069 Pre: 1.0000 Re: 1.0000 Acc: 1.0000 F1: 1.0000
Epoch 122: Time: 0.0652 Cost: 0.6994 Pre: 1.0000 Re: 1.0000 Acc: 1.0000 F1: 1.0000
Epoch 123: Time: 0.0651 Cost: 0.6921 Pre: 1.0000 Re: 1.0000 Acc: 1.0000 F1: 1.0000
Epoch 124: Time: 0.0655 Cost: 0.6849 Pre: 1.0000 Re: 1.0000 Acc: 1.0000 F1: 1.0000
Epoch 125: Time: 0.0677 Cost: 0.6779 Pre: 1.0000 Re: 1.0000 Acc: 1.0000 F1: 1.0000
Epoch 126: Time: 0.0650 Cost: 0.6710 Pre: 1.0000 Re: 1.0000 Acc: 1.0000 F1: 1.0000
Epoch 127: Time: 0.0654 Cost: 0.6641 Pre: 1.0000 Re: 1.0000 Acc: 1.0000 F1: 1.0000
Epoch 128: Time: 0.0651 Cost: 0.6574 Pre: 1.0000 Re: 1.0000 Acc: 1.0000 F1: 1.0000
Epoch 129: Time: 0.0645 Cost: 0.6508 Pre: 1.0000 Re: 1.0000 Acc: 1.0000 F1: 1.0000
Epoch 130: Time: 0.0646 Cost: 0.6443 Pre: 1.0000 Re: 1.0000 Acc: 1.0000 F1: 1.0000


--------------------------------------------------------------------
Eval results: Cost:0.3784 Pre:1.0000 Re:1.0000 Acc:1.0000 F1:1.0000
--------------------------------------------------------------------

Epoch 131: Time: 0.0661 Cost: 0.6381 Pre: 1.0000 Re: 1.0000 Acc: 1.0000 F1: 1.0000
Epoch 132: Time: 0.0655 Cost: 0.6316 Pre: 1.0000 Re: 1.0000 Acc: 1.0000 F1: 1.0000
Epoch 133: Time: 0.0655 Cost: 0.6254 Pre: 1.0000 Re: 1.0000 Acc: 1.0000 F1: 1.0000
Epoch 134: Time: 0.0646 Cost: 0.6194 Pre: 1.0000 Re: 1.0000 Acc: 1.0000 F1: 1.0000
Epoch 135: Time: 0.0652 Cost: 0.6134 Pre: 1.0000 Re: 1.0000 Acc: 1.0000 F1: 1.0000
Epoch 136: Time: 0.0646 Cost: 0.6075 Pre: 1.0000 Re: 1.0000 Acc: 1.0000 F1: 1.0000
Epoch 137: Time: 0.0660 Cost: 0.6016 Pre: 1.0000 Re: 1.0000 Acc: 1.0000 F1: 1.0000
Epoch 138: Time: 0.0659 Cost: 0.5958 Pre: 1.0000 Re: 1.0000 Acc: 1.0000 F1: 1.0000
Epoch 139: Time: 0.0669 Cost: 0.5902 Pre: 1.0000 Re: 1.0000 Acc: 1.0000 F1: 1.0000
Epoch 140: Time: 0.0657 Cost: 0.5847 Pre: 1.0000 Re: 1.0000 Acc: 1.0000 F1: 1.0000


--------------------------------------------------------------------
Eval results: Cost:0.3468 Pre:1.0000 Re:1.0000 Acc:1.0000 F1:1.0000
--------------------------------------------------------------------

Epoch 141: Time: 0.0657 Cost: 0.5794 Pre: 1.0000 Re: 1.0000 Acc: 1.0000 F1: 1.0000
Epoch 142: Time: 0.0655 Cost: 0.5738 Pre: 1.0000 Re: 1.0000 Acc: 1.0000 F1: 1.0000
Epoch 143: Time: 0.0651 Cost: 0.5684 Pre: 1.0000 Re: 1.0000 Acc: 1.0000 F1: 1.0000
Epoch 144: Time: 0.0656 Cost: 0.5632 Pre: 1.0000 Re: 1.0000 Acc: 1.0000 F1: 1.0000
Epoch 145: Time: 0.0651 Cost: 0.5581 Pre: 1.0000 Re: 1.0000 Acc: 1.0000 F1: 1.0000
Epoch 146: Time: 0.0647 Cost: 0.5529 Pre: 1.0000 Re: 1.0000 Acc: 1.0000 F1: 1.0000
Epoch 147: Time: 0.0655 Cost: 0.5478 Pre: 1.0000 Re: 1.0000 Acc: 1.0000 F1: 1.0000
Epoch 148: Time: 0.0645 Cost: 0.5428 Pre: 1.0000 Re: 1.0000 Acc: 1.0000 F1: 1.0000
Epoch 149: Time: 0.0649 Cost: 0.5379 Pre: 1.0000 Re: 1.0000 Acc: 1.0000 F1: 1.0000
Epoch 150: Time: 0.0976 Cost: 0.5331 Pre: 1.0000 Re: 1.0000 Acc: 1.0000 F1: 1.0000


--------------------------------------------------------------------
Eval results: Cost:0.3192 Pre:1.0000 Re:1.0000 Acc:1.0000 F1:1.0000
--------------------------------------------------------------------

Epoch 151: Time: 0.0862 Cost: 0.5285 Pre: 1.0000 Re: 1.0000 Acc: 1.0000 F1: 1.0000
Epoch 152: Time: 0.0834 Cost: 0.5235 Pre: 1.0000 Re: 1.0000 Acc: 1.0000 F1: 1.0000
Epoch 153: Time: 0.0778 Cost: 0.5188 Pre: 1.0000 Re: 1.0000 Acc: 1.0000 F1: 1.0000
Epoch 154: Time: 0.0698 Cost: 0.5143 Pre: 1.0000 Re: 1.0000 Acc: 1.0000 F1: 1.0000
Epoch 155: Time: 0.0766 Cost: 0.5098 Pre: 1.0000 Re: 1.0000 Acc: 1.0000 F1: 1.0000
Epoch 156: Time: 0.0730 Cost: 0.5053 Pre: 1.0000 Re: 1.0000 Acc: 1.0000 F1: 1.0000
Epoch 157: Time: 0.0795 Cost: 0.5007 Pre: 1.0000 Re: 1.0000 Acc: 1.0000 F1: 1.0000
Epoch 158: Time: 0.0715 Cost: 0.4964 Pre: 1.0000 Re: 1.0000 Acc: 1.0000 F1: 1.0000
Epoch 159: Time: 0.0779 Cost: 0.4921 Pre: 1.0000 Re: 1.0000 Acc: 1.0000 F1: 1.0000
Epoch 160: Time: 0.0682 Cost: 0.4878 Pre: 1.0000 Re: 1.0000 Acc: 1.0000 F1: 1.0000


--------------------------------------------------------------------
Eval results: Cost:0.2949 Pre:1.0000 Re:1.0000 Acc:1.0000 F1:1.0000
--------------------------------------------------------------------

Epoch 161: Time: 0.0671 Cost: 0.4838 Pre: 1.0000 Re: 1.0000 Acc: 1.0000 F1: 1.0000
Epoch 162: Time: 0.0647 Cost: 0.4794 Pre: 1.0000 Re: 1.0000 Acc: 1.0000 F1: 1.0000
Epoch 163: Time: 0.0675 Cost: 0.4752 Pre: 1.0000 Re: 1.0000 Acc: 1.0000 F1: 1.0000
Epoch 164: Time: 0.0654 Cost: 0.4713 Pre: 1.0000 Re: 1.0000 Acc: 1.0000 F1: 1.0000
Epoch 165: Time: 0.0661 Cost: 0.4673 Pre: 1.0000 Re: 1.0000 Acc: 1.0000 F1: 1.0000
Epoch 166: Time: 0.0649 Cost: 0.4632 Pre: 1.0000 Re: 1.0000 Acc: 1.0000 F1: 1.0000
Epoch 167: Time: 0.0651 Cost: 0.4592 Pre: 1.0000 Re: 1.0000 Acc: 1.0000 F1: 1.0000
Epoch 168: Time: 0.0651 Cost: 0.4554 Pre: 1.0000 Re: 1.0000 Acc: 1.0000 F1: 1.0000
Epoch 169: Time: 0.0654 Cost: 0.4516 Pre: 1.0000 Re: 1.0000 Acc: 1.0000 F1: 1.0000
Epoch 170: Time: 0.0665 Cost: 0.4478 Pre: 1.0000 Re: 1.0000 Acc: 1.0000 F1: 1.0000


--------------------------------------------------------------------
Eval results: Cost:0.2733 Pre:1.0000 Re:1.0000 Acc:1.0000 F1:1.0000
--------------------------------------------------------------------

Epoch 171: Time: 0.0667 Cost: 0.4442 Pre: 1.0000 Re: 1.0000 Acc: 1.0000 F1: 1.0000
Epoch 172: Time: 0.0648 Cost: 0.4403 Pre: 1.0000 Re: 1.0000 Acc: 1.0000 F1: 1.0000
Epoch 173: Time: 0.0652 Cost: 0.4366 Pre: 1.0000 Re: 1.0000 Acc: 1.0000 F1: 1.0000
Epoch 174: Time: 0.0651 Cost: 0.4331 Pre: 1.0000 Re: 1.0000 Acc: 1.0000 F1: 1.0000
Epoch 175: Time: 0.0649 Cost: 0.4296 Pre: 1.0000 Re: 1.0000 Acc: 1.0000 F1: 1.0000
Epoch 176: Time: 0.0647 Cost: 0.4259 Pre: 1.0000 Re: 1.0000 Acc: 1.0000 F1: 1.0000
Epoch 177: Time: 0.0671 Cost: 0.4224 Pre: 1.0000 Re: 1.0000 Acc: 1.0000 F1: 1.0000
Epoch 178: Time: 0.0652 Cost: 0.4189 Pre: 1.0000 Re: 1.0000 Acc: 1.0000 F1: 1.0000
Epoch 179: Time: 0.0656 Cost: 0.4156 Pre: 1.0000 Re: 1.0000 Acc: 1.0000 F1: 1.0000
Epoch 180: Time: 0.0650 Cost: 0.4122 Pre: 1.0000 Re: 1.0000 Acc: 1.0000 F1: 1.0000


--------------------------------------------------------------------
Eval results: Cost:0.2540 Pre:1.0000 Re:1.0000 Acc:1.0000 F1:1.0000
--------------------------------------------------------------------

Epoch 181: Time: 0.0658 Cost: 0.4090 Pre: 1.0000 Re: 1.0000 Acc: 1.0000 F1: 1.0000
Epoch 182: Time: 0.0648 Cost: 0.4055 Pre: 1.0000 Re: 1.0000 Acc: 1.0000 F1: 1.0000
Epoch 183: Time: 0.0651 Cost: 0.4023 Pre: 1.0000 Re: 1.0000 Acc: 1.0000 F1: 1.0000
Epoch 184: Time: 0.0646 Cost: 0.3991 Pre: 1.0000 Re: 1.0000 Acc: 1.0000 F1: 1.0000
Epoch 185: Time: 0.0651 Cost: 0.3959 Pre: 1.0000 Re: 1.0000 Acc: 1.0000 F1: 1.0000
Epoch 186: Time: 0.0656 Cost: 0.3927 Pre: 1.0000 Re: 1.0000 Acc: 1.0000 F1: 1.0000
Epoch 187: Time: 0.0654 Cost: 0.3895 Pre: 1.0000 Re: 1.0000 Acc: 1.0000 F1: 1.0000
Epoch 188: Time: 0.0651 Cost: 0.3865 Pre: 1.0000 Re: 1.0000 Acc: 1.0000 F1: 1.0000
Epoch 189: Time: 0.0665 Cost: 0.3835 Pre: 1.0000 Re: 1.0000 Acc: 1.0000 F1: 1.0000
Epoch 190: Time: 0.0648 Cost: 0.3805 Pre: 1.0000 Re: 1.0000 Acc: 1.0000 F1: 1.0000


--------------------------------------------------------------------
Eval results: Cost:0.2368 Pre:1.0000 Re:1.0000 Acc:1.0000 F1:1.0000
--------------------------------------------------------------------

Epoch 191: Time: 0.0652 Cost: 0.3776 Pre: 1.0000 Re: 1.0000 Acc: 1.0000 F1: 1.0000
Epoch 192: Time: 0.0652 Cost: 0.3745 Pre: 1.0000 Re: 1.0000 Acc: 1.0000 F1: 1.0000
Epoch 193: Time: 0.0673 Cost: 0.3716 Pre: 1.0000 Re: 1.0000 Acc: 1.0000 F1: 1.0000
Epoch 194: Time: 0.0648 Cost: 0.3688 Pre: 1.0000 Re: 1.0000 Acc: 1.0000 F1: 1.0000
Epoch 195: Time: 0.0652 Cost: 0.3660 Pre: 1.0000 Re: 1.0000 Acc: 1.0000 F1: 1.0000
Epoch 196: Time: 0.0653 Cost: 0.3631 Pre: 1.0000 Re: 1.0000 Acc: 1.0000 F1: 1.0000
Epoch 197: Time: 0.0662 Cost: 0.3603 Pre: 1.0000 Re: 1.0000 Acc: 1.0000 F1: 1.0000
Epoch 198: Time: 0.0650 Cost: 0.3576 Pre: 1.0000 Re: 1.0000 Acc: 1.0000 F1: 1.0000
Epoch 199: Time: 0.0646 Cost: 0.3549 Pre: 1.0000 Re: 1.0000 Acc: 1.0000 F1: 1.0000
Epoch 200: Time: 0.0674 Cost: 0.3522 Pre: 1.0000 Re: 1.0000 Acc: 1.0000 F1: 1.0000


--------------------------------------------------------------------
Eval results: Cost:0.2215 Pre:1.0000 Re:1.0000 Acc:1.0000 F1:1.0000
--------------------------------------------------------------------

Epoch 201: Time: 0.0656 Cost: 0.3496 Pre: 1.0000 Re: 1.0000 Acc: 1.0000 F1: 1.0000
Epoch 202: Time: 0.0653 Cost: 0.3469 Pre: 1.0000 Re: 1.0000 Acc: 1.0000 F1: 1.0000
Epoch 203: Time: 0.0646 Cost: 0.3443 Pre: 1.0000 Re: 1.0000 Acc: 1.0000 F1: 1.0000
Epoch 204: Time: 0.0680 Cost: 0.3418 Pre: 1.0000 Re: 1.0000 Acc: 1.0000 F1: 1.0000
Epoch 205: Time: 0.0653 Cost: 0.3393 Pre: 1.0000 Re: 1.0000 Acc: 1.0000 F1: 1.0000
Epoch 206: Time: 0.0648 Cost: 0.3367 Pre: 1.0000 Re: 1.0000 Acc: 1.0000 F1: 1.0000
Epoch 207: Time: 0.0651 Cost: 0.3342 Pre: 1.0000 Re: 1.0000 Acc: 1.0000 F1: 1.0000
Epoch 208: Time: 0.0648 Cost: 0.3318 Pre: 1.0000 Re: 1.0000 Acc: 1.0000 F1: 1.0000
Epoch 209: Time: 0.0649 Cost: 0.3294 Pre: 1.0000 Re: 1.0000 Acc: 1.0000 F1: 1.0000
Epoch 210: Time: 0.0644 Cost: 0.3269 Pre: 1.0000 Re: 1.0000 Acc: 1.0000 F1: 1.0000


--------------------------------------------------------------------
Eval results: Cost:0.2077 Pre:1.0000 Re:1.0000 Acc:1.0000 F1:1.0000
--------------------------------------------------------------------

Epoch 211: Time: 0.0657 Cost: 0.3247 Pre: 1.0000 Re: 1.0000 Acc: 1.0000 F1: 1.0000
Epoch 212: Time: 0.0648 Cost: 0.3222 Pre: 1.0000 Re: 1.0000 Acc: 1.0000 F1: 1.0000
Epoch 213: Time: 0.0661 Cost: 0.3199 Pre: 1.0000 Re: 1.0000 Acc: 1.0000 F1: 1.0000
Epoch 214: Time: 0.0699 Cost: 0.3177 Pre: 1.0000 Re: 1.0000 Acc: 1.0000 F1: 1.0000
Epoch 215: Time: 0.0647 Cost: 0.3154 Pre: 1.0000 Re: 1.0000 Acc: 1.0000 F1: 1.0000
Epoch 216: Time: 0.0650 Cost: 0.3131 Pre: 1.0000 Re: 1.0000 Acc: 1.0000 F1: 1.0000
Epoch 217: Time: 0.0651 Cost: 0.3108 Pre: 1.0000 Re: 1.0000 Acc: 1.0000 F1: 1.0000
Epoch 218: Time: 0.0688 Cost: 0.3087 Pre: 1.0000 Re: 1.0000 Acc: 1.0000 F1: 1.0000
Epoch 219: Time: 0.0656 Cost: 0.3065 Pre: 1.0000 Re: 1.0000 Acc: 1.0000 F1: 1.0000
Epoch 220: Time: 0.0649 Cost: 0.3044 Pre: 1.0000 Re: 1.0000 Acc: 1.0000 F1: 1.0000


--------------------------------------------------------------------
Eval results: Cost:0.1954 Pre:1.0000 Re:1.0000 Acc:1.0000 F1:1.0000
--------------------------------------------------------------------

Epoch 221: Time: 0.0656 Cost: 0.3024 Pre: 1.0000 Re: 1.0000 Acc: 1.0000 F1: 1.0000
Epoch 222: Time: 0.0651 Cost: 0.3001 Pre: 1.0000 Re: 1.0000 Acc: 1.0000 F1: 1.0000
Epoch 223: Time: 0.0761 Cost: 0.2981 Pre: 1.0000 Re: 1.0000 Acc: 1.0000 F1: 1.0000
Epoch 224: Time: 0.0675 Cost: 0.2961 Pre: 1.0000 Re: 1.0000 Acc: 1.0000 F1: 1.0000
Epoch 225: Time: 0.0647 Cost: 0.2941 Pre: 1.0000 Re: 1.0000 Acc: 1.0000 F1: 1.0000
Epoch 226: Time: 0.0660 Cost: 0.2920 Pre: 1.0000 Re: 1.0000 Acc: 1.0000 F1: 1.0000
Epoch 227: Time: 0.0652 Cost: 0.2900 Pre: 1.0000 Re: 1.0000 Acc: 1.0000 F1: 1.0000
Epoch 228: Time: 0.0651 Cost: 0.2881 Pre: 1.0000 Re: 1.0000 Acc: 1.0000 F1: 1.0000
Epoch 229: Time: 0.0642 Cost: 0.2862 Pre: 1.0000 Re: 1.0000 Acc: 1.0000 F1: 1.0000
Epoch 230: Time: 0.0672 Cost: 0.2842 Pre: 1.0000 Re: 1.0000 Acc: 1.0000 F1: 1.0000


--------------------------------------------------------------------
Eval results: Cost:0.1843 Pre:1.0000 Re:1.0000 Acc:1.0000 F1:1.0000
--------------------------------------------------------------------

Epoch 231: Time: 0.0685 Cost: 0.2825 Pre: 1.0000 Re: 1.0000 Acc: 1.0000 F1: 1.0000
Epoch 232: Time: 0.0649 Cost: 0.2804 Pre: 1.0000 Re: 1.0000 Acc: 1.0000 F1: 1.0000
Epoch 233: Time: 0.0653 Cost: 0.2786 Pre: 1.0000 Re: 1.0000 Acc: 1.0000 F1: 1.0000
Epoch 234: Time: 0.0658 Cost: 0.2769 Pre: 1.0000 Re: 1.0000 Acc: 1.0000 F1: 1.0000
Epoch 235: Time: 0.0652 Cost: 0.2750 Pre: 1.0000 Re: 1.0000 Acc: 1.0000 F1: 1.0000
Epoch 236: Time: 0.0647 Cost: 0.2732 Pre: 1.0000 Re: 1.0000 Acc: 1.0000 F1: 1.0000
Epoch 237: Time: 0.0646 Cost: 0.2714 Pre: 1.0000 Re: 1.0000 Acc: 1.0000 F1: 1.0000
Epoch 238: Time: 0.0657 Cost: 0.2697 Pre: 1.0000 Re: 1.0000 Acc: 1.0000 F1: 1.0000
Epoch 239: Time: 0.0646 Cost: 0.2679 Pre: 1.0000 Re: 1.0000 Acc: 1.0000 F1: 1.0000
Epoch 240: Time: 0.0682 Cost: 0.2662 Pre: 1.0000 Re: 1.0000 Acc: 1.0000 F1: 1.0000


--------------------------------------------------------------------
Eval results: Cost:0.1744 Pre:1.0000 Re:1.0000 Acc:1.0000 F1:1.0000
--------------------------------------------------------------------

Epoch 241: Time: 0.0657 Cost: 0.2646 Pre: 1.0000 Re: 1.0000 Acc: 1.0000 F1: 1.0000
Epoch 242: Time: 0.0647 Cost: 0.2628 Pre: 1.0000 Re: 1.0000 Acc: 1.0000 F1: 1.0000
Epoch 243: Time: 0.0663 Cost: 0.2612 Pre: 1.0000 Re: 1.0000 Acc: 1.0000 F1: 1.0000
Epoch 244: Time: 0.0649 Cost: 0.2596 Pre: 1.0000 Re: 1.0000 Acc: 1.0000 F1: 1.0000
Epoch 245: Time: 0.0677 Cost: 0.2580 Pre: 1.0000 Re: 1.0000 Acc: 1.0000 F1: 1.0000
Epoch 246: Time: 0.0652 Cost: 0.2563 Pre: 1.0000 Re: 1.0000 Acc: 1.0000 F1: 1.0000
Epoch 247: Time: 0.0656 Cost: 0.2547 Pre: 1.0000 Re: 1.0000 Acc: 1.0000 F1: 1.0000
Epoch 248: Time: 0.0668 Cost: 0.2532 Pre: 1.0000 Re: 1.0000 Acc: 1.0000 F1: 1.0000
Epoch 249: Time: 0.0649 Cost: 0.2516 Pre: 1.0000 Re: 1.0000 Acc: 1.0000 F1: 1.0000
Epoch 250: Time: 0.0652 Cost: 0.2500 Pre: 1.0000 Re: 1.0000 Acc: 1.0000 F1: 1.0000


--------------------------------------------------------------------
Eval results: Cost:0.1655 Pre:1.0000 Re:1.0000 Acc:1.0000 F1:1.0000
--------------------------------------------------------------------

Epoch 251: Time: 0.0665 Cost: 0.2487 Pre: 1.0000 Re: 1.0000 Acc: 1.0000 F1: 1.0000
Epoch 252: Time: 0.0653 Cost: 0.2470 Pre: 1.0000 Re: 1.0000 Acc: 1.0000 F1: 1.0000
Epoch 253: Time: 0.0656 Cost: 0.2456 Pre: 1.0000 Re: 1.0000 Acc: 1.0000 F1: 1.0000
Epoch 254: Time: 0.0648 Cost: 0.2442 Pre: 1.0000 Re: 1.0000 Acc: 1.0000 F1: 1.0000
Epoch 255: Time: 0.0655 Cost: 0.2427 Pre: 1.0000 Re: 1.0000 Acc: 1.0000 F1: 1.0000
Epoch 256: Time: 0.0651 Cost: 0.2412 Pre: 1.0000 Re: 1.0000 Acc: 1.0000 F1: 1.0000
Epoch 257: Time: 0.0649 Cost: 0.2398 Pre: 1.0000 Re: 1.0000 Acc: 1.0000 F1: 1.0000
Epoch 258: Time: 0.0647 Cost: 0.2384 Pre: 1.0000 Re: 1.0000 Acc: 1.0000 F1: 1.0000
Epoch 259: Time: 0.0678 Cost: 0.2370 Pre: 1.0000 Re: 1.0000 Acc: 1.0000 F1: 1.0000
Epoch 260: Time: 0.0650 Cost: 0.2356 Pre: 1.0000 Re: 1.0000 Acc: 1.0000 F1: 1.0000


--------------------------------------------------------------------
Eval results: Cost:0.1575 Pre:1.0000 Re:1.0000 Acc:1.0000 F1:1.0000
--------------------------------------------------------------------

Epoch 261: Time: 0.0674 Cost: 0.2343 Pre: 1.0000 Re: 1.0000 Acc: 1.0000 F1: 1.0000
Epoch 262: Time: 0.0651 Cost: 0.2329 Pre: 1.0000 Re: 1.0000 Acc: 1.0000 F1: 1.0000
Epoch 263: Time: 0.0656 Cost: 0.2316 Pre: 1.0000 Re: 1.0000 Acc: 1.0000 F1: 1.0000
Epoch 264: Time: 0.0649 Cost: 0.2303 Pre: 1.0000 Re: 1.0000 Acc: 1.0000 F1: 1.0000
Epoch 265: Time: 0.0656 Cost: 0.2290 Pre: 1.0000 Re: 1.0000 Acc: 1.0000 F1: 1.0000
Epoch 266: Time: 0.0646 Cost: 0.2276 Pre: 1.0000 Re: 1.0000 Acc: 1.0000 F1: 1.0000
Epoch 267: Time: 0.0653 Cost: 0.2263 Pre: 1.0000 Re: 1.0000 Acc: 1.0000 F1: 1.0000
Epoch 268: Time: 0.0648 Cost: 0.2251 Pre: 1.0000 Re: 1.0000 Acc: 1.0000 F1: 1.0000
Epoch 269: Time: 0.0645 Cost: 0.2238 Pre: 1.0000 Re: 1.0000 Acc: 1.0000 F1: 1.0000
Epoch 270: Time: 0.0646 Cost: 0.2226 Pre: 1.0000 Re: 1.0000 Acc: 1.0000 F1: 1.0000


--------------------------------------------------------------------
Eval results: Cost:0.1503 Pre:1.0000 Re:1.0000 Acc:1.0000 F1:1.0000
--------------------------------------------------------------------

Epoch 271: Time: 0.0655 Cost: 0.2215 Pre: 1.0000 Re: 1.0000 Acc: 1.0000 F1: 1.0000
Epoch 272: Time: 0.0676 Cost: 0.2201 Pre: 1.0000 Re: 1.0000 Acc: 1.0000 F1: 1.0000
Epoch 273: Time: 0.0653 Cost: 0.2190 Pre: 1.0000 Re: 1.0000 Acc: 1.0000 F1: 1.0000
Epoch 274: Time: 0.0653 Cost: 0.2178 Pre: 1.0000 Re: 1.0000 Acc: 1.0000 F1: 1.0000
Epoch 275: Time: 0.0651 Cost: 0.2166 Pre: 1.0000 Re: 1.0000 Acc: 1.0000 F1: 1.0000
Epoch 276: Time: 0.0657 Cost: 0.2154 Pre: 1.0000 Re: 1.0000 Acc: 1.0000 F1: 1.0000
Epoch 277: Time: 0.0650 Cost: 0.2143 Pre: 1.0000 Re: 1.0000 Acc: 1.0000 F1: 1.0000
Epoch 278: Time: 0.0647 Cost: 0.2132 Pre: 1.0000 Re: 1.0000 Acc: 1.0000 F1: 1.0000
Epoch 279: Time: 0.0664 Cost: 0.2120 Pre: 1.0000 Re: 1.0000 Acc: 1.0000 F1: 1.0000
Epoch 280: Time: 0.0643 Cost: 0.2109 Pre: 1.0000 Re: 1.0000 Acc: 1.0000 F1: 1.0000


--------------------------------------------------------------------
Eval results: Cost:0.1438 Pre:1.0000 Re:1.0000 Acc:1.0000 F1:1.0000
--------------------------------------------------------------------

Epoch 281: Time: 0.0658 Cost: 0.2099 Pre: 1.0000 Re: 1.0000 Acc: 1.0000 F1: 1.0000
Epoch 282: Time: 0.0648 Cost: 0.2087 Pre: 1.0000 Re: 1.0000 Acc: 1.0000 F1: 1.0000
Epoch 283: Time: 0.0651 Cost: 0.2076 Pre: 1.0000 Re: 1.0000 Acc: 1.0000 F1: 1.0000
Epoch 284: Time: 0.0646 Cost: 0.2066 Pre: 1.0000 Re: 1.0000 Acc: 1.0000 F1: 1.0000
Epoch 285: Time: 0.0683 Cost: 0.2055 Pre: 1.0000 Re: 1.0000 Acc: 1.0000 F1: 1.0000
Epoch 286: Time: 0.0682 Cost: 0.2044 Pre: 1.0000 Re: 1.0000 Acc: 1.0000 F1: 1.0000
Epoch 287: Time: 0.0651 Cost: 0.2034 Pre: 1.0000 Re: 1.0000 Acc: 1.0000 F1: 1.0000
Epoch 288: Time: 0.0653 Cost: 0.2024 Pre: 1.0000 Re: 1.0000 Acc: 1.0000 F1: 1.0000
Epoch 289: Time: 0.0649 Cost: 0.2013 Pre: 1.0000 Re: 1.0000 Acc: 1.0000 F1: 1.0000
Epoch 290: Time: 0.0650 Cost: 0.2003 Pre: 1.0000 Re: 1.0000 Acc: 1.0000 F1: 1.0000


--------------------------------------------------------------------
Eval results: Cost:0.1379 Pre:1.0000 Re:1.0000 Acc:1.0000 F1:1.0000
--------------------------------------------------------------------

Epoch 291: Time: 0.0657 Cost: 0.1994 Pre: 1.0000 Re: 1.0000 Acc: 1.0000 F1: 1.0000
Epoch 292: Time: 0.0660 Cost: 0.1983 Pre: 1.0000 Re: 1.0000 Acc: 1.0000 F1: 1.0000
Epoch 293: Time: 0.0646 Cost: 0.1974 Pre: 1.0000 Re: 1.0000 Acc: 1.0000 F1: 1.0000
Epoch 294: Time: 0.0653 Cost: 0.1965 Pre: 1.0000 Re: 1.0000 Acc: 1.0000 F1: 1.0000
Epoch 295: Time: 0.0652 Cost: 0.1955 Pre: 1.0000 Re: 1.0000 Acc: 1.0000 F1: 1.0000
Epoch 296: Time: 0.0652 Cost: 0.1945 Pre: 1.0000 Re: 1.0000 Acc: 1.0000 F1: 1.0000
Epoch 297: Time: 0.0648 Cost: 0.1936 Pre: 1.0000 Re: 1.0000 Acc: 1.0000 F1: 1.0000
Epoch 298: Time: 0.0664 Cost: 0.1927 Pre: 1.0000 Re: 1.0000 Acc: 1.0000 F1: 1.0000
Epoch 299: Time: 0.0648 Cost: 0.1917 Pre: 1.0000 Re: 1.0000 Acc: 1.0000 F1: 1.0000
Epoch 300: Time: 0.0677 Cost: 0.1908 Pre: 1.0000 Re: 1.0000 Acc: 1.0000 F1: 1.0000


--------------------------------------------------------------------
Eval results: Cost:0.1325 Pre:1.0000 Re:1.0000 Acc:1.0000 F1:1.0000
--------------------------------------------------------------------

Epoch 301: Time: 0.0660 Cost: 0.1900 Pre: 1.0000 Re: 1.0000 Acc: 1.0000 F1: 1.0000
Epoch 302: Time: 0.0648 Cost: 0.1890 Pre: 1.0000 Re: 1.0000 Acc: 1.0000 F1: 1.0000
Epoch 303: Time: 0.0660 Cost: 0.1881 Pre: 1.0000 Re: 1.0000 Acc: 1.0000 F1: 1.0000
Epoch 304: Time: 0.0648 Cost: 0.1873 Pre: 1.0000 Re: 1.0000 Acc: 1.0000 F1: 1.0000
Epoch 305: Time: 0.0648 Cost: 0.1864 Pre: 1.0000 Re: 1.0000 Acc: 1.0000 F1: 1.0000
Epoch 306: Time: 0.0662 Cost: 0.1855 Pre: 1.0000 Re: 1.0000 Acc: 1.0000 F1: 1.0000
Epoch 307: Time: 0.0667 Cost: 0.1847 Pre: 1.0000 Re: 1.0000 Acc: 1.0000 F1: 1.0000
Epoch 308: Time: 0.0682 Cost: 0.1839 Pre: 1.0000 Re: 1.0000 Acc: 1.0000 F1: 1.0000
Epoch 309: Time: 0.0680 Cost: 0.1830 Pre: 1.0000 Re: 1.0000 Acc: 1.0000 F1: 1.0000
Epoch 310: Time: 0.0649 Cost: 0.1822 Pre: 1.0000 Re: 1.0000 Acc: 1.0000 F1: 1.0000


--------------------------------------------------------------------
Eval results: Cost:0.1277 Pre:1.0000 Re:1.0000 Acc:1.0000 F1:1.0000
--------------------------------------------------------------------

Epoch 311: Time: 0.0656 Cost: 0.1815 Pre: 1.0000 Re: 1.0000 Acc: 1.0000 F1: 1.0000
Epoch 312: Time: 0.0657 Cost: 0.1805 Pre: 1.0000 Re: 1.0000 Acc: 1.0000 F1: 1.0000
Epoch 313: Time: 0.0667 Cost: 0.1798 Pre: 1.0000 Re: 1.0000 Acc: 1.0000 F1: 1.0000
Epoch 314: Time: 0.0649 Cost: 0.1790 Pre: 1.0000 Re: 1.0000 Acc: 1.0000 F1: 1.0000
Epoch 315: Time: 0.0654 Cost: 0.1782 Pre: 1.0000 Re: 1.0000 Acc: 1.0000 F1: 1.0000
Epoch 316: Time: 0.0650 Cost: 0.1774 Pre: 1.0000 Re: 1.0000 Acc: 1.0000 F1: 1.0000
Epoch 317: Time: 0.0642 Cost: 0.1766 Pre: 1.0000 Re: 1.0000 Acc: 1.0000 F1: 1.0000
Epoch 318: Time: 0.0651 Cost: 0.1759 Pre: 1.0000 Re: 1.0000 Acc: 1.0000 F1: 1.0000
Epoch 319: Time: 0.0649 Cost: 0.1751 Pre: 1.0000 Re: 1.0000 Acc: 1.0000 F1: 1.0000
Epoch 320: Time: 0.0663 Cost: 0.1743 Pre: 1.0000 Re: 1.0000 Acc: 1.0000 F1: 1.0000


--------------------------------------------------------------------
Eval results: Cost:0.1232 Pre:1.0000 Re:1.0000 Acc:1.0000 F1:1.0000
--------------------------------------------------------------------

Epoch 321: Time: 0.0658 Cost: 0.1737 Pre: 1.0000 Re: 1.0000 Acc: 1.0000 F1: 1.0000
Epoch 322: Time: 0.0649 Cost: 0.1729 Pre: 1.0000 Re: 1.0000 Acc: 1.0000 F1: 1.0000
Epoch 323: Time: 0.0703 Cost: 0.1722 Pre: 1.0000 Re: 1.0000 Acc: 1.0000 F1: 1.0000
Epoch 324: Time: 0.0647 Cost: 0.1715 Pre: 1.0000 Re: 1.0000 Acc: 1.0000 F1: 1.0000
Epoch 325: Time: 0.0646 Cost: 0.1707 Pre: 1.0000 Re: 1.0000 Acc: 1.0000 F1: 1.0000
Epoch 326: Time: 0.0643 Cost: 0.1700 Pre: 1.0000 Re: 1.0000 Acc: 1.0000 F1: 1.0000
Epoch 327: Time: 0.0677 Cost: 0.1693 Pre: 1.0000 Re: 1.0000 Acc: 1.0000 F1: 1.0000
Epoch 328: Time: 0.0659 Cost: 0.1686 Pre: 1.0000 Re: 1.0000 Acc: 1.0000 F1: 1.0000
Epoch 329: Time: 0.0657 Cost: 0.1679 Pre: 1.0000 Re: 1.0000 Acc: 1.0000 F1: 1.0000
Epoch 330: Time: 0.0655 Cost: 0.1672 Pre: 1.0000 Re: 1.0000 Acc: 1.0000 F1: 1.0000


--------------------------------------------------------------------
Eval results: Cost:0.1192 Pre:1.0000 Re:1.0000 Acc:1.0000 F1:1.0000
--------------------------------------------------------------------

Epoch 331: Time: 0.0663 Cost: 0.1667 Pre: 1.0000 Re: 1.0000 Acc: 1.0000 F1: 1.0000
Epoch 332: Time: 0.0648 Cost: 0.1659 Pre: 1.0000 Re: 1.0000 Acc: 1.0000 F1: 1.0000
Epoch 333: Time: 0.0664 Cost: 0.1652 Pre: 1.0000 Re: 1.0000 Acc: 1.0000 F1: 1.0000
Epoch 334: Time: 0.0645 Cost: 0.1646 Pre: 1.0000 Re: 1.0000 Acc: 1.0000 F1: 1.0000
Epoch 335: Time: 0.0656 Cost: 0.1639 Pre: 1.0000 Re: 1.0000 Acc: 1.0000 F1: 1.0000
Epoch 336: Time: 0.0646 Cost: 0.1633 Pre: 1.0000 Re: 1.0000 Acc: 1.0000 F1: 1.0000
Epoch 337: Time: 0.0647 Cost: 0.1627 Pre: 1.0000 Re: 1.0000 Acc: 1.0000 F1: 1.0000
Epoch 338: Time: 0.0647 Cost: 0.1620 Pre: 1.0000 Re: 1.0000 Acc: 1.0000 F1: 1.0000
Epoch 339: Time: 0.0649 Cost: 0.1614 Pre: 1.0000 Re: 1.0000 Acc: 1.0000 F1: 1.0000
Epoch 340: Time: 0.0648 Cost: 0.1607 Pre: 1.0000 Re: 1.0000 Acc: 1.0000 F1: 1.0000


--------------------------------------------------------------------
Eval results: Cost:0.1155 Pre:1.0000 Re:1.0000 Acc:1.0000 F1:1.0000
--------------------------------------------------------------------

Epoch 341: Time: 0.0664 Cost: 0.1602 Pre: 1.0000 Re: 1.0000 Acc: 1.0000 F1: 1.0000
Epoch 342: Time: 0.0648 Cost: 0.1595 Pre: 1.0000 Re: 1.0000 Acc: 1.0000 F1: 1.0000
Epoch 343: Time: 0.0654 Cost: 0.1589 Pre: 1.0000 Re: 1.0000 Acc: 1.0000 F1: 1.0000
Epoch 344: Time: 0.0650 Cost: 0.1584 Pre: 1.0000 Re: 1.0000 Acc: 1.0000 F1: 1.0000
Epoch 345: Time: 0.0646 Cost: 0.1578 Pre: 1.0000 Re: 1.0000 Acc: 1.0000 F1: 1.0000
Epoch 346: Time: 0.0646 Cost: 0.1571 Pre: 1.0000 Re: 1.0000 Acc: 1.0000 F1: 1.0000
Epoch 347: Time: 0.0666 Cost: 0.1566 Pre: 1.0000 Re: 1.0000 Acc: 1.0000 F1: 1.0000
Epoch 348: Time: 0.0645 Cost: 0.1560 Pre: 1.0000 Re: 1.0000 Acc: 1.0000 F1: 1.0000
Epoch 349: Time: 0.0645 Cost: 0.1554 Pre: 1.0000 Re: 1.0000 Acc: 1.0000 F1: 1.0000
Epoch 350: Time: 0.0654 Cost: 0.1549 Pre: 1.0000 Re: 1.0000 Acc: 1.0000 F1: 1.0000


--------------------------------------------------------------------
Eval results: Cost:0.1122 Pre:1.0000 Re:1.0000 Acc:1.0000 F1:1.0000
--------------------------------------------------------------------

Epoch 351: Time: 0.0651 Cost: 0.1544 Pre: 1.0000 Re: 1.0000 Acc: 1.0000 F1: 1.0000
Epoch 352: Time: 0.0660 Cost: 0.1537 Pre: 1.0000 Re: 1.0000 Acc: 1.0000 F1: 1.0000
Epoch 353: Time: 0.0646 Cost: 0.1532 Pre: 1.0000 Re: 1.0000 Acc: 1.0000 F1: 1.0000
Epoch 354: Time: 0.0668 Cost: 0.1527 Pre: 1.0000 Re: 1.0000 Acc: 1.0000 F1: 1.0000
Epoch 355: Time: 0.0654 Cost: 0.1521 Pre: 1.0000 Re: 1.0000 Acc: 1.0000 F1: 1.0000
Epoch 356: Time: 0.0668 Cost: 0.1516 Pre: 1.0000 Re: 1.0000 Acc: 1.0000 F1: 1.0000
Epoch 357: Time: 0.0650 Cost: 0.1511 Pre: 1.0000 Re: 1.0000 Acc: 1.0000 F1: 1.0000
Epoch 358: Time: 0.0649 Cost: 0.1505 Pre: 1.0000 Re: 1.0000 Acc: 1.0000 F1: 1.0000
Epoch 359: Time: 0.0651 Cost: 0.1500 Pre: 1.0000 Re: 1.0000 Acc: 1.0000 F1: 1.0000
Epoch 360: Time: 0.0696 Cost: 0.1495 Pre: 1.0000 Re: 1.0000 Acc: 1.0000 F1: 1.0000


--------------------------------------------------------------------
Eval results: Cost:0.1091 Pre:1.0000 Re:1.0000 Acc:1.0000 F1:1.0000
--------------------------------------------------------------------

Epoch 361: Time: 0.0654 Cost: 0.1491 Pre: 1.0000 Re: 1.0000 Acc: 1.0000 F1: 1.0000
Epoch 362: Time: 0.0661 Cost: 0.1484 Pre: 1.0000 Re: 1.0000 Acc: 1.0000 F1: 1.0000
Epoch 363: Time: 0.0649 Cost: 0.1480 Pre: 1.0000 Re: 1.0000 Acc: 1.0000 F1: 1.0000
Epoch 364: Time: 0.0658 Cost: 0.1475 Pre: 1.0000 Re: 1.0000 Acc: 1.0000 F1: 1.0000
Epoch 365: Time: 0.0653 Cost: 0.1470 Pre: 1.0000 Re: 1.0000 Acc: 1.0000 F1: 1.0000
Epoch 366: Time: 0.0651 Cost: 0.1465 Pre: 1.0000 Re: 1.0000 Acc: 1.0000 F1: 1.0000
Epoch 367: Time: 0.0659 Cost: 0.1460 Pre: 1.0000 Re: 1.0000 Acc: 1.0000 F1: 1.0000
Epoch 368: Time: 0.0678 Cost: 0.1455 Pre: 1.0000 Re: 1.0000 Acc: 1.0000 F1: 1.0000
Epoch 369: Time: 0.0656 Cost: 0.1450 Pre: 1.0000 Re: 1.0000 Acc: 1.0000 F1: 1.0000
Epoch 370: Time: 0.0652 Cost: 0.1446 Pre: 1.0000 Re: 1.0000 Acc: 1.0000 F1: 1.0000


--------------------------------------------------------------------
Eval results: Cost:0.1063 Pre:1.0000 Re:1.0000 Acc:1.0000 F1:1.0000
--------------------------------------------------------------------

Epoch 371: Time: 0.0665 Cost: 0.1442 Pre: 1.0000 Re: 1.0000 Acc: 1.0000 F1: 1.0000
Epoch 372: Time: 0.0646 Cost: 0.1436 Pre: 1.0000 Re: 1.0000 Acc: 1.0000 F1: 1.0000
Epoch 373: Time: 0.0649 Cost: 0.1432 Pre: 1.0000 Re: 1.0000 Acc: 1.0000 F1: 1.0000
Epoch 374: Time: 0.0664 Cost: 0.1428 Pre: 1.0000 Re: 1.0000 Acc: 1.0000 F1: 1.0000
Epoch 375: Time: 0.0655 Cost: 0.1423 Pre: 1.0000 Re: 1.0000 Acc: 1.0000 F1: 1.0000
Epoch 376: Time: 0.0654 Cost: 0.1418 Pre: 1.0000 Re: 1.0000 Acc: 1.0000 F1: 1.0000
Epoch 377: Time: 0.0687 Cost: 0.1414 Pre: 1.0000 Re: 1.0000 Acc: 1.0000 F1: 1.0000
Epoch 378: Time: 0.0651 Cost: 0.1410 Pre: 1.0000 Re: 1.0000 Acc: 1.0000 F1: 1.0000
Epoch 379: Time: 0.0648 Cost: 0.1405 Pre: 1.0000 Re: 1.0000 Acc: 1.0000 F1: 1.0000
Epoch 380: Time: 0.0647 Cost: 0.1401 Pre: 1.0000 Re: 1.0000 Acc: 1.0000 F1: 1.0000


--------------------------------------------------------------------
Eval results: Cost:0.1037 Pre:1.0000 Re:1.0000 Acc:1.0000 F1:1.0000
--------------------------------------------------------------------

Epoch 381: Time: 0.0680 Cost: 0.1397 Pre: 1.0000 Re: 1.0000 Acc: 1.0000 F1: 1.0000
Epoch 382: Time: 0.0650 Cost: 0.1392 Pre: 1.0000 Re: 1.0000 Acc: 1.0000 F1: 1.0000
Epoch 383: Time: 0.0656 Cost: 0.1388 Pre: 1.0000 Re: 1.0000 Acc: 1.0000 F1: 1.0000
Epoch 384: Time: 0.0650 Cost: 0.1384 Pre: 1.0000 Re: 1.0000 Acc: 1.0000 F1: 1.0000
Epoch 385: Time: 0.0651 Cost: 0.1380 Pre: 1.0000 Re: 1.0000 Acc: 1.0000 F1: 1.0000
Epoch 386: Time: 0.0651 Cost: 0.1375 Pre: 1.0000 Re: 1.0000 Acc: 1.0000 F1: 1.0000
Epoch 387: Time: 0.0652 Cost: 0.1372 Pre: 1.0000 Re: 1.0000 Acc: 1.0000 F1: 1.0000
Epoch 388: Time: 0.0657 Cost: 0.1368 Pre: 1.0000 Re: 1.0000 Acc: 1.0000 F1: 1.0000
Epoch 389: Time: 0.0699 Cost: 0.1363 Pre: 1.0000 Re: 1.0000 Acc: 1.0000 F1: 1.0000
Epoch 390: Time: 0.0706 Cost: 0.1359 Pre: 1.0000 Re: 1.0000 Acc: 1.0000 F1: 1.0000


--------------------------------------------------------------------
Eval results: Cost:0.1013 Pre:1.0000 Re:1.0000 Acc:1.0000 F1:1.0000
--------------------------------------------------------------------

Epoch 391: Time: 0.0672 Cost: 0.1356 Pre: 1.0000 Re: 1.0000 Acc: 1.0000 F1: 1.0000
Epoch 392: Time: 0.0649 Cost: 0.1352 Pre: 1.0000 Re: 1.0000 Acc: 1.0000 F1: 1.0000
Epoch 393: Time: 0.0649 Cost: 0.1348 Pre: 1.0000 Re: 1.0000 Acc: 1.0000 F1: 1.0000
Epoch 394: Time: 0.0658 Cost: 0.1345 Pre: 1.0000 Re: 1.0000 Acc: 1.0000 F1: 1.0000
Epoch 395: Time: 0.0763 Cost: 0.1340 Pre: 1.0000 Re: 1.0000 Acc: 1.0000 F1: 1.0000
Epoch 396: Time: 0.0646 Cost: 0.1336 Pre: 1.0000 Re: 1.0000 Acc: 1.0000 F1: 1.0000
Epoch 397: Time: 0.0659 Cost: 0.1333 Pre: 1.0000 Re: 1.0000 Acc: 1.0000 F1: 1.0000
Epoch 398: Time: 0.0661 Cost: 0.1329 Pre: 1.0000 Re: 1.0000 Acc: 1.0000 F1: 1.0000
Epoch 399: Time: 0.0648 Cost: 0.1325 Pre: 1.0000 Re: 1.0000 Acc: 1.0000 F1: 1.0000
Epoch 400: Time: 0.0651 Cost: 0.1322 Pre: 1.0000 Re: 1.0000 Acc: 1.0000 F1: 1.0000


--------------------------------------------------------------------
Eval results: Cost:0.0991 Pre:1.0000 Re:1.0000 Acc:1.0000 F1:1.0000
--------------------------------------------------------------------

Epoch 401: Time: 0.0662 Cost: 0.1319 Pre: 1.0000 Re: 1.0000 Acc: 1.0000 F1: 1.0000
Epoch 402: Time: 0.0649 Cost: 0.1314 Pre: 1.0000 Re: 1.0000 Acc: 1.0000 F1: 1.0000
Epoch 403: Time: 0.0654 Cost: 0.1311 Pre: 1.0000 Re: 1.0000 Acc: 1.0000 F1: 1.0000
Epoch 404: Time: 0.0644 Cost: 0.1308 Pre: 1.0000 Re: 1.0000 Acc: 1.0000 F1: 1.0000
Epoch 405: Time: 0.0651 Cost: 0.1304 Pre: 1.0000 Re: 1.0000 Acc: 1.0000 F1: 1.0000
Epoch 406: Time: 0.0654 Cost: 0.1300 Pre: 1.0000 Re: 1.0000 Acc: 1.0000 F1: 1.0000
Epoch 407: Time: 0.0658 Cost: 0.1297 Pre: 1.0000 Re: 1.0000 Acc: 1.0000 F1: 1.0000
Epoch 408: Time: 0.0650 Cost: 0.1294 Pre: 1.0000 Re: 1.0000 Acc: 1.0000 F1: 1.0000
Epoch 409: Time: 0.0670 Cost: 0.1290 Pre: 1.0000 Re: 1.0000 Acc: 1.0000 F1: 1.0000
Epoch 410: Time: 0.0649 Cost: 0.1287 Pre: 1.0000 Re: 1.0000 Acc: 1.0000 F1: 1.0000


--------------------------------------------------------------------
Eval results: Cost:0.0971 Pre:1.0000 Re:1.0000 Acc:1.0000 F1:1.0000
--------------------------------------------------------------------

Epoch 411: Time: 0.0656 Cost: 0.1284 Pre: 1.0000 Re: 1.0000 Acc: 1.0000 F1: 1.0000
Epoch 412: Time: 0.0650 Cost: 0.1280 Pre: 1.0000 Re: 1.0000 Acc: 1.0000 F1: 1.0000
Epoch 413: Time: 0.0648 Cost: 0.1277 Pre: 1.0000 Re: 1.0000 Acc: 1.0000 F1: 1.0000
Epoch 414: Time: 0.0647 Cost: 0.1275 Pre: 1.0000 Re: 1.0000 Acc: 1.0000 F1: 1.0000
Epoch 415: Time: 0.0653 Cost: 0.1271 Pre: 1.0000 Re: 1.0000 Acc: 1.0000 F1: 1.0000
Epoch 416: Time: 0.0646 Cost: 0.1267 Pre: 1.0000 Re: 1.0000 Acc: 1.0000 F1: 1.0000
Epoch 417: Time: 0.0657 Cost: 0.1265 Pre: 1.0000 Re: 1.0000 Acc: 1.0000 F1: 1.0000
Epoch 418: Time: 0.0641 Cost: 0.1261 Pre: 1.0000 Re: 1.0000 Acc: 1.0000 F1: 1.0000
Epoch 419: Time: 0.0645 Cost: 0.1258 Pre: 1.0000 Re: 1.0000 Acc: 1.0000 F1: 1.0000
Epoch 420: Time: 0.0649 Cost: 0.1255 Pre: 1.0000 Re: 1.0000 Acc: 1.0000 F1: 1.0000


--------------------------------------------------------------------
Eval results: Cost:0.0952 Pre:1.0000 Re:1.0000 Acc:1.0000 F1:1.0000
--------------------------------------------------------------------

Epoch 421: Time: 0.0847 Cost: 0.1253 Pre: 1.0000 Re: 1.0000 Acc: 1.0000 F1: 1.0000
Epoch 422: Time: 0.0756 Cost: 0.1249 Pre: 1.0000 Re: 1.0000 Acc: 1.0000 F1: 1.0000
Epoch 423: Time: 0.0652 Cost: 0.1246 Pre: 1.0000 Re: 1.0000 Acc: 1.0000 F1: 1.0000
Epoch 424: Time: 0.0645 Cost: 0.1244 Pre: 1.0000 Re: 1.0000 Acc: 1.0000 F1: 1.0000
Epoch 425: Time: 0.0653 Cost: 0.1240 Pre: 1.0000 Re: 1.0000 Acc: 1.0000 F1: 1.0000
Epoch 426: Time: 0.0648 Cost: 0.1237 Pre: 1.0000 Re: 1.0000 Acc: 1.0000 F1: 1.0000
Epoch 427: Time: 0.0646 Cost: 0.1235 Pre: 1.0000 Re: 1.0000 Acc: 1.0000 F1: 1.0000
Epoch 428: Time: 0.0657 Cost: 0.1232 Pre: 1.0000 Re: 1.0000 Acc: 1.0000 F1: 1.0000
Epoch 429: Time: 0.0651 Cost: 0.1229 Pre: 1.0000 Re: 1.0000 Acc: 1.0000 F1: 1.0000
Epoch 430: Time: 0.0643 Cost: 0.1226 Pre: 1.0000 Re: 1.0000 Acc: 1.0000 F1: 1.0000


--------------------------------------------------------------------
Eval results: Cost:0.0935 Pre:1.0000 Re:1.0000 Acc:1.0000 F1:1.0000
--------------------------------------------------------------------

Epoch 431: Time: 0.0653 Cost: 0.1224 Pre: 1.0000 Re: 1.0000 Acc: 1.0000 F1: 1.0000
Epoch 432: Time: 0.0650 Cost: 0.1220 Pre: 1.0000 Re: 1.0000 Acc: 1.0000 F1: 1.0000
Epoch 433: Time: 0.0649 Cost: 0.1218 Pre: 1.0000 Re: 1.0000 Acc: 1.0000 F1: 1.0000
Epoch 434: Time: 0.0649 Cost: 0.1215 Pre: 1.0000 Re: 1.0000 Acc: 1.0000 F1: 1.0000
Epoch 435: Time: 0.0665 Cost: 0.1212 Pre: 1.0000 Re: 1.0000 Acc: 1.0000 F1: 1.0000
Epoch 436: Time: 0.0668 Cost: 0.1209 Pre: 1.0000 Re: 1.0000 Acc: 1.0000 F1: 1.0000
Epoch 437: Time: 0.0652 Cost: 0.1207 Pre: 1.0000 Re: 1.0000 Acc: 1.0000 F1: 1.0000
Epoch 438: Time: 0.0648 Cost: 0.1204 Pre: 1.0000 Re: 1.0000 Acc: 1.0000 F1: 1.0000
Epoch 439: Time: 0.0653 Cost: 0.1201 Pre: 1.0000 Re: 1.0000 Acc: 1.0000 F1: 1.0000
Epoch 440: Time: 0.0650 Cost: 0.1199 Pre: 1.0000 Re: 1.0000 Acc: 1.0000 F1: 1.0000


--------------------------------------------------------------------
Eval results: Cost:0.0920 Pre:1.0000 Re:1.0000 Acc:1.0000 F1:1.0000
--------------------------------------------------------------------

Epoch 441: Time: 0.0671 Cost: 0.1197 Pre: 1.0000 Re: 1.0000 Acc: 1.0000 F1: 1.0000
Epoch 442: Time: 0.0653 Cost: 0.1194 Pre: 1.0000 Re: 1.0000 Acc: 1.0000 F1: 1.0000
Epoch 443: Time: 0.0647 Cost: 0.1191 Pre: 1.0000 Re: 1.0000 Acc: 1.0000 F1: 1.0000
Epoch 444: Time: 0.0658 Cost: 0.1189 Pre: 1.0000 Re: 1.0000 Acc: 1.0000 F1: 1.0000
Epoch 445: Time: 0.0648 Cost: 0.1186 Pre: 1.0000 Re: 1.0000 Acc: 1.0000 F1: 1.0000
Epoch 446: Time: 0.0650 Cost: 0.1184 Pre: 1.0000 Re: 1.0000 Acc: 1.0000 F1: 1.0000
Epoch 447: Time: 0.0651 Cost: 0.1181 Pre: 1.0000 Re: 1.0000 Acc: 1.0000 F1: 1.0000
Epoch 448: Time: 0.0653 Cost: 0.1179 Pre: 1.0000 Re: 1.0000 Acc: 1.0000 F1: 1.0000
Epoch 449: Time: 0.0665 Cost: 0.1176 Pre: 1.0000 Re: 1.0000 Acc: 1.0000 F1: 1.0000
Epoch 450: Time: 0.0668 Cost: 0.1174 Pre: 1.0000 Re: 1.0000 Acc: 1.0000 F1: 1.0000


--------------------------------------------------------------------
Eval results: Cost:0.0905 Pre:1.0000 Re:1.0000 Acc:1.0000 F1:1.0000
--------------------------------------------------------------------

Epoch 451: Time: 0.0659 Cost: 0.1172 Pre: 1.0000 Re: 1.0000 Acc: 1.0000 F1: 1.0000
Epoch 452: Time: 0.0657 Cost: 0.1169 Pre: 1.0000 Re: 1.0000 Acc: 1.0000 F1: 1.0000
Epoch 453: Time: 0.0644 Cost: 0.1167 Pre: 1.0000 Re: 1.0000 Acc: 1.0000 F1: 1.0000
Epoch 454: Time: 0.0646 Cost: 0.1165 Pre: 1.0000 Re: 1.0000 Acc: 1.0000 F1: 1.0000
Epoch 455: Time: 0.0638 Cost: 0.1162 Pre: 1.0000 Re: 1.0000 Acc: 1.0000 F1: 1.0000
Epoch 456: Time: 0.0657 Cost: 0.1160 Pre: 1.0000 Re: 1.0000 Acc: 1.0000 F1: 1.0000
Epoch 457: Time: 0.0644 Cost: 0.1158 Pre: 1.0000 Re: 1.0000 Acc: 1.0000 F1: 1.0000
Epoch 458: Time: 0.0652 Cost: 0.1155 Pre: 1.0000 Re: 1.0000 Acc: 1.0000 F1: 1.0000
Epoch 459: Time: 0.0647 Cost: 0.1153 Pre: 1.0000 Re: 1.0000 Acc: 1.0000 F1: 1.0000
Epoch 460: Time: 0.0650 Cost: 0.1151 Pre: 1.0000 Re: 1.0000 Acc: 1.0000 F1: 1.0000


--------------------------------------------------------------------
Eval results: Cost:0.0891 Pre:1.0000 Re:1.0000 Acc:1.0000 F1:1.0000
--------------------------------------------------------------------

Epoch 461: Time: 0.0665 Cost: 0.1149 Pre: 1.0000 Re: 1.0000 Acc: 1.0000 F1: 1.0000
Epoch 462: Time: 0.0657 Cost: 0.1146 Pre: 1.0000 Re: 1.0000 Acc: 1.0000 F1: 1.0000
Epoch 463: Time: 0.0670 Cost: 0.1144 Pre: 1.0000 Re: 1.0000 Acc: 1.0000 F1: 1.0000
Epoch 464: Time: 0.0647 Cost: 0.1143 Pre: 1.0000 Re: 1.0000 Acc: 1.0000 F1: 1.0000
Epoch 465: Time: 0.0657 Cost: 0.1140 Pre: 1.0000 Re: 1.0000 Acc: 1.0000 F1: 1.0000
Epoch 466: Time: 0.0647 Cost: 0.1138 Pre: 1.0000 Re: 1.0000 Acc: 1.0000 F1: 1.0000
Epoch 467: Time: 0.0654 Cost: 0.1136 Pre: 1.0000 Re: 1.0000 Acc: 1.0000 F1: 1.0000
Epoch 468: Time: 0.0650 Cost: 0.1134 Pre: 1.0000 Re: 1.0000 Acc: 1.0000 F1: 1.0000
Epoch 469: Time: 0.0654 Cost: 0.1132 Pre: 1.0000 Re: 1.0000 Acc: 1.0000 F1: 1.0000
Epoch 470: Time: 0.0656 Cost: 0.1130 Pre: 1.0000 Re: 1.0000 Acc: 1.0000 F1: 1.0000


--------------------------------------------------------------------
Eval results: Cost:0.0879 Pre:1.0000 Re:1.0000 Acc:1.0000 F1:1.0000
--------------------------------------------------------------------

Epoch 471: Time: 0.0659 Cost: 0.1128 Pre: 1.0000 Re: 1.0000 Acc: 1.0000 F1: 1.0000
Epoch 472: Time: 0.0649 Cost: 0.1125 Pre: 1.0000 Re: 1.0000 Acc: 1.0000 F1: 1.0000
Epoch 473: Time: 0.0645 Cost: 0.1124 Pre: 1.0000 Re: 1.0000 Acc: 1.0000 F1: 1.0000
Epoch 474: Time: 0.0648 Cost: 0.1122 Pre: 1.0000 Re: 1.0000 Acc: 1.0000 F1: 1.0000
Epoch 475: Time: 0.0649 Cost: 0.1120 Pre: 1.0000 Re: 1.0000 Acc: 1.0000 F1: 1.0000
Epoch 476: Time: 0.0653 Cost: 0.1118 Pre: 1.0000 Re: 1.0000 Acc: 1.0000 F1: 1.0000
Epoch 477: Time: 0.0667 Cost: 0.1116 Pre: 1.0000 Re: 1.0000 Acc: 1.0000 F1: 1.0000
Epoch 478: Time: 0.0644 Cost: 0.1114 Pre: 1.0000 Re: 1.0000 Acc: 1.0000 F1: 1.0000
Epoch 479: Time: 0.0652 Cost: 0.1112 Pre: 1.0000 Re: 1.0000 Acc: 1.0000 F1: 1.0000
Epoch 480: Time: 0.0644 Cost: 0.1110 Pre: 1.0000 Re: 1.0000 Acc: 1.0000 F1: 1.0000


--------------------------------------------------------------------
Eval results: Cost:0.0867 Pre:1.0000 Re:1.0000 Acc:1.0000 F1:1.0000
--------------------------------------------------------------------

Epoch 481: Time: 0.0654 Cost: 0.1108 Pre: 1.0000 Re: 1.0000 Acc: 1.0000 F1: 1.0000
Epoch 482: Time: 0.0650 Cost: 0.1106 Pre: 1.0000 Re: 1.0000 Acc: 1.0000 F1: 1.0000
Epoch 483: Time: 0.0829 Cost: 0.1104 Pre: 1.0000 Re: 1.0000 Acc: 1.0000 F1: 1.0000
Epoch 484: Time: 0.1099 Cost: 0.1103 Pre: 1.0000 Re: 1.0000 Acc: 1.0000 F1: 1.0000
Epoch 485: Time: 0.1032 Cost: 0.1101 Pre: 1.0000 Re: 1.0000 Acc: 1.0000 F1: 1.0000
Epoch 486: Time: 0.0901 Cost: 0.1099 Pre: 1.0000 Re: 1.0000 Acc: 1.0000 F1: 1.0000
Epoch 487: Time: 0.0740 Cost: 0.1097 Pre: 1.0000 Re: 1.0000 Acc: 1.0000 F1: 1.0000
Epoch 488: Time: 0.1116 Cost: 0.1095 Pre: 1.0000 Re: 1.0000 Acc: 1.0000 F1: 1.0000
Epoch 489: Time: 0.1243 Cost: 0.1093 Pre: 1.0000 Re: 1.0000 Acc: 1.0000 F1: 1.0000
Epoch 490: Time: 0.1556 Cost: 0.1092 Pre: 1.0000 Re: 1.0000 Acc: 1.0000 F1: 1.0000


--------------------------------------------------------------------
Eval results: Cost:0.0856 Pre:1.0000 Re:1.0000 Acc:1.0000 F1:1.0000
--------------------------------------------------------------------

Epoch 491: Time: 0.1331 Cost: 0.1090 Pre: 1.0000 Re: 1.0000 Acc: 1.0000 F1: 1.0000
Epoch 492: Time: 0.1088 Cost: 0.1088 Pre: 1.0000 Re: 1.0000 Acc: 1.0000 F1: 1.0000
Epoch 493: Time: 0.1024 Cost: 0.1087 Pre: 1.0000 Re: 1.0000 Acc: 1.0000 F1: 1.0000
Epoch 494: Time: 0.0979 Cost: 0.1085 Pre: 1.0000 Re: 1.0000 Acc: 1.0000 F1: 1.0000
Epoch 495: Time: 0.1000 Cost: 0.1083 Pre: 1.0000 Re: 1.0000 Acc: 1.0000 F1: 1.0000
Epoch 496: Time: 0.0950 Cost: 0.1081 Pre: 1.0000 Re: 1.0000 Acc: 1.0000 F1: 1.0000
Epoch 497: Time: 0.0903 Cost: 0.1080 Pre: 1.0000 Re: 1.0000 Acc: 1.0000 F1: 1.0000
Epoch 498: Time: 0.0941 Cost: 0.1078 Pre: 1.0000 Re: 1.0000 Acc: 1.0000 F1: 1.0000
Epoch 499: Time: 0.0953 Cost: 0.1076 Pre: 1.0000 Re: 1.0000 Acc: 1.0000 F1: 1.0000
Epoch 500: Time: 0.0857 Cost: 0.1075 Pre: 1.0000 Re: 1.0000 Acc: 1.0000 F1: 1.0000


--------------------------------------------------------------------
Eval results: Cost:0.0846 Pre:1.0000 Re:1.0000 Acc:1.0000 F1:1.0000
--------------------------------------------------------------------

Epoch 501: Time: 0.0912 Cost: 0.1073 Pre: 1.0000 Re: 1.0000 Acc: 1.0000 F1: 1.0000
Epoch 502: Time: 0.0883 Cost: 0.1071 Pre: 1.0000 Re: 1.0000 Acc: 1.0000 F1: 1.0000
Epoch 503: Time: 0.0940 Cost: 0.1070 Pre: 1.0000 Re: 1.0000 Acc: 1.0000 F1: 1.0000
Epoch 504: Time: 0.0940 Cost: 0.1069 Pre: 1.0000 Re: 1.0000 Acc: 1.0000 F1: 1.0000
Epoch 505: Time: 0.0878 Cost: 0.1067 Pre: 1.0000 Re: 1.0000 Acc: 1.0000 F1: 1.0000
Epoch 506: Time: 0.0911 Cost: 0.1065 Pre: 1.0000 Re: 1.0000 Acc: 1.0000 F1: 1.0000
Epoch 507: Time: 0.0991 Cost: 0.1064 Pre: 1.0000 Re: 1.0000 Acc: 1.0000 F1: 1.0000
Epoch 508: Time: 0.0936 Cost: 0.1062 Pre: 1.0000 Re: 1.0000 Acc: 1.0000 F1: 1.0000
Epoch 509: Time: 0.0976 Cost: 0.1060 Pre: 1.0000 Re: 1.0000 Acc: 1.0000 F1: 1.0000
Epoch 510: Time: 0.0760 Cost: 0.1059 Pre: 1.0000 Re: 1.0000 Acc: 1.0000 F1: 1.0000


--------------------------------------------------------------------
Eval results: Cost:0.0837 Pre:1.0000 Re:1.0000 Acc:1.0000 F1:1.0000
--------------------------------------------------------------------

Epoch 511: Time: 0.0856 Cost: 0.1058 Pre: 1.0000 Re: 1.0000 Acc: 1.0000 F1: 1.0000
Epoch 512: Time: 0.0675 Cost: 0.1056 Pre: 1.0000 Re: 1.0000 Acc: 1.0000 F1: 1.0000
Epoch 513: Time: 0.0647 Cost: 0.1055 Pre: 1.0000 Re: 1.0000 Acc: 1.0000 F1: 1.0000
Epoch 514: Time: 0.0650 Cost: 0.1053 Pre: 1.0000 Re: 1.0000 Acc: 1.0000 F1: 1.0000
Epoch 515: Time: 0.0645 Cost: 0.1052 Pre: 1.0000 Re: 1.0000 Acc: 1.0000 F1: 1.0000
Epoch 516: Time: 0.0674 Cost: 0.1050 Pre: 1.0000 Re: 1.0000 Acc: 1.0000 F1: 1.0000
Epoch 517: Time: 0.0650 Cost: 0.1049 Pre: 1.0000 Re: 1.0000 Acc: 1.0000 F1: 1.0000
Epoch 518: Time: 0.0657 Cost: 0.1047 Pre: 1.0000 Re: 1.0000 Acc: 1.0000 F1: 1.0000
Epoch 519: Time: 0.0657 Cost: 0.1046 Pre: 1.0000 Re: 1.0000 Acc: 1.0000 F1: 1.0000
Epoch 520: Time: 0.0645 Cost: 0.1044 Pre: 1.0000 Re: 1.0000 Acc: 1.0000 F1: 1.0000


--------------------------------------------------------------------
Eval results: Cost:0.0828 Pre:1.0000 Re:1.0000 Acc:1.0000 F1:1.0000
--------------------------------------------------------------------

Epoch 521: Time: 0.0656 Cost: 0.1043 Pre: 1.0000 Re: 1.0000 Acc: 1.0000 F1: 1.0000
Epoch 522: Time: 0.0659 Cost: 0.1041 Pre: 1.0000 Re: 1.0000 Acc: 1.0000 F1: 1.0000
Epoch 523: Time: 0.0645 Cost: 0.1040 Pre: 1.0000 Re: 1.0000 Acc: 1.0000 F1: 1.0000
Epoch 524: Time: 0.0649 Cost: 0.1039 Pre: 1.0000 Re: 1.0000 Acc: 1.0000 F1: 1.0000
Epoch 525: Time: 0.0689 Cost: 0.1037 Pre: 1.0000 Re: 1.0000 Acc: 1.0000 F1: 1.0000
Epoch 526: Time: 0.0650 Cost: 0.1036 Pre: 1.0000 Re: 1.0000 Acc: 1.0000 F1: 1.0000
Epoch 527: Time: 0.0652 Cost: 0.1035 Pre: 1.0000 Re: 1.0000 Acc: 1.0000 F1: 1.0000
Epoch 528: Time: 0.0650 Cost: 0.1033 Pre: 1.0000 Re: 1.0000 Acc: 1.0000 F1: 1.0000
Epoch 529: Time: 0.0644 Cost: 0.1032 Pre: 1.0000 Re: 1.0000 Acc: 1.0000 F1: 1.0000
Epoch 530: Time: 0.0675 Cost: 0.1031 Pre: 1.0000 Re: 1.0000 Acc: 1.0000 F1: 1.0000


--------------------------------------------------------------------
Eval results: Cost:0.0820 Pre:1.0000 Re:1.0000 Acc:1.0000 F1:1.0000
--------------------------------------------------------------------

Epoch 531: Time: 0.0664 Cost: 0.1030 Pre: 1.0000 Re: 1.0000 Acc: 1.0000 F1: 1.0000
Epoch 532: Time: 0.0656 Cost: 0.1028 Pre: 1.0000 Re: 1.0000 Acc: 1.0000 F1: 1.0000
Epoch 533: Time: 0.0647 Cost: 0.1027 Pre: 1.0000 Re: 1.0000 Acc: 1.0000 F1: 1.0000
Epoch 534: Time: 0.0644 Cost: 0.1026 Pre: 1.0000 Re: 1.0000 Acc: 1.0000 F1: 1.0000
Epoch 535: Time: 0.0651 Cost: 0.1024 Pre: 1.0000 Re: 1.0000 Acc: 1.0000 F1: 1.0000
Epoch 536: Time: 0.0649 Cost: 0.1023 Pre: 1.0000 Re: 1.0000 Acc: 1.0000 F1: 1.0000
Epoch 537: Time: 0.0660 Cost: 0.1022 Pre: 1.0000 Re: 1.0000 Acc: 1.0000 F1: 1.0000
Epoch 538: Time: 0.0650 Cost: 0.1020 Pre: 1.0000 Re: 1.0000 Acc: 1.0000 F1: 1.0000
Epoch 539: Time: 0.0661 Cost: 0.1019 Pre: 1.0000 Re: 1.0000 Acc: 1.0000 F1: 1.0000
Epoch 540: Time: 0.0647 Cost: 0.1018 Pre: 1.0000 Re: 1.0000 Acc: 1.0000 F1: 1.0000


--------------------------------------------------------------------
Eval results: Cost:0.0812 Pre:1.0000 Re:1.0000 Acc:1.0000 F1:1.0000
--------------------------------------------------------------------

Epoch 541: Time: 0.0664 Cost: 0.1017 Pre: 1.0000 Re: 1.0000 Acc: 1.0000 F1: 1.0000
Epoch 542: Time: 0.0645 Cost: 0.1015 Pre: 1.0000 Re: 1.0000 Acc: 1.0000 F1: 1.0000
Epoch 543: Time: 0.0677 Cost: 0.1014 Pre: 1.0000 Re: 1.0000 Acc: 1.0000 F1: 1.0000
Epoch 544: Time: 0.0652 Cost: 0.1013 Pre: 1.0000 Re: 1.0000 Acc: 1.0000 F1: 1.0000
Epoch 545: Time: 0.0652 Cost: 0.1012 Pre: 1.0000 Re: 1.0000 Acc: 1.0000 F1: 1.0000
Epoch 546: Time: 0.0650 Cost: 0.1011 Pre: 1.0000 Re: 1.0000 Acc: 1.0000 F1: 1.0000
Epoch 547: Time: 0.0650 Cost: 0.1010 Pre: 1.0000 Re: 1.0000 Acc: 1.0000 F1: 1.0000
Epoch 548: Time: 0.0649 Cost: 0.1008 Pre: 1.0000 Re: 1.0000 Acc: 1.0000 F1: 1.0000
Epoch 549: Time: 0.0642 Cost: 0.1007 Pre: 1.0000 Re: 1.0000 Acc: 1.0000 F1: 1.0000
Epoch 550: Time: 0.0649 Cost: 0.1006 Pre: 1.0000 Re: 1.0000 Acc: 1.0000 F1: 1.0000


--------------------------------------------------------------------
Eval results: Cost:0.0805 Pre:1.0000 Re:1.0000 Acc:1.0000 F1:1.0000
--------------------------------------------------------------------

Epoch 551: Time: 0.0663 Cost: 0.1005 Pre: 1.0000 Re: 1.0000 Acc: 1.0000 F1: 1.0000
Epoch 552: Time: 0.0666 Cost: 0.1004 Pre: 1.0000 Re: 1.0000 Acc: 1.0000 F1: 1.0000
Epoch 553: Time: 0.0650 Cost: 0.1003 Pre: 1.0000 Re: 1.0000 Acc: 1.0000 F1: 1.0000
Epoch 554: Time: 0.0647 Cost: 0.1002 Pre: 1.0000 Re: 1.0000 Acc: 1.0000 F1: 1.0000
Epoch 555: Time: 0.0651 Cost: 0.1000 Pre: 1.0000 Re: 1.0000 Acc: 1.0000 F1: 1.0000
Epoch 556: Time: 0.0665 Cost: 0.0999 Pre: 1.0000 Re: 1.0000 Acc: 1.0000 F1: 1.0000
Epoch 557: Time: 0.0679 Cost: 0.0998 Pre: 1.0000 Re: 1.0000 Acc: 1.0000 F1: 1.0000
Epoch 558: Time: 0.0661 Cost: 0.0997 Pre: 1.0000 Re: 1.0000 Acc: 1.0000 F1: 1.0000
Epoch 559: Time: 0.0655 Cost: 0.0996 Pre: 1.0000 Re: 1.0000 Acc: 1.0000 F1: 1.0000
Epoch 560: Time: 0.0660 Cost: 0.0995 Pre: 1.0000 Re: 1.0000 Acc: 1.0000 F1: 1.0000


--------------------------------------------------------------------
Eval results: Cost:0.0798 Pre:1.0000 Re:1.0000 Acc:1.0000 F1:1.0000
--------------------------------------------------------------------

Epoch 561: Time: 0.0653 Cost: 0.0994 Pre: 1.0000 Re: 1.0000 Acc: 1.0000 F1: 1.0000
Epoch 562: Time: 0.0653 Cost: 0.0993 Pre: 1.0000 Re: 1.0000 Acc: 1.0000 F1: 1.0000
Epoch 563: Time: 0.0648 Cost: 0.0992 Pre: 1.0000 Re: 1.0000 Acc: 1.0000 F1: 1.0000
Epoch 564: Time: 0.0658 Cost: 0.0991 Pre: 1.0000 Re: 1.0000 Acc: 1.0000 F1: 1.0000
Epoch 565: Time: 0.0647 Cost: 0.0990 Pre: 1.0000 Re: 1.0000 Acc: 1.0000 F1: 1.0000
Epoch 566: Time: 0.0663 Cost: 0.0988 Pre: 1.0000 Re: 1.0000 Acc: 1.0000 F1: 1.0000
Epoch 567: Time: 0.0647 Cost: 0.0988 Pre: 1.0000 Re: 1.0000 Acc: 1.0000 F1: 1.0000
Epoch 568: Time: 0.0646 Cost: 0.0987 Pre: 1.0000 Re: 1.0000 Acc: 1.0000 F1: 1.0000
Epoch 569: Time: 0.0648 Cost: 0.0985 Pre: 1.0000 Re: 1.0000 Acc: 1.0000 F1: 1.0000
Epoch 570: Time: 0.0651 Cost: 0.0984 Pre: 1.0000 Re: 1.0000 Acc: 1.0000 F1: 1.0000


--------------------------------------------------------------------
Eval results: Cost:0.0792 Pre:1.0000 Re:1.0000 Acc:1.0000 F1:1.0000
--------------------------------------------------------------------

Epoch 571: Time: 0.0667 Cost: 0.0984 Pre: 1.0000 Re: 1.0000 Acc: 1.0000 F1: 1.0000
Epoch 572: Time: 0.0656 Cost: 0.0982 Pre: 1.0000 Re: 1.0000 Acc: 1.0000 F1: 1.0000
Epoch 573: Time: 0.0649 Cost: 0.0981 Pre: 1.0000 Re: 1.0000 Acc: 1.0000 F1: 1.0000
Epoch 574: Time: 0.0647 Cost: 0.0981 Pre: 1.0000 Re: 1.0000 Acc: 1.0000 F1: 1.0000
Epoch 575: Time: 0.0652 Cost: 0.0980 Pre: 1.0000 Re: 1.0000 Acc: 1.0000 F1: 1.0000
Epoch 576: Time: 0.0644 Cost: 0.0978 Pre: 1.0000 Re: 1.0000 Acc: 1.0000 F1: 1.0000
Epoch 577: Time: 0.0652 Cost: 0.0978 Pre: 1.0000 Re: 1.0000 Acc: 1.0000 F1: 1.0000
Epoch 578: Time: 0.0664 Cost: 0.0977 Pre: 1.0000 Re: 1.0000 Acc: 1.0000 F1: 1.0000
Epoch 579: Time: 0.0646 Cost: 0.0976 Pre: 1.0000 Re: 1.0000 Acc: 1.0000 F1: 1.0000
Epoch 580: Time: 0.0666 Cost: 0.0975 Pre: 1.0000 Re: 1.0000 Acc: 1.0000 F1: 1.0000


--------------------------------------------------------------------
Eval results: Cost:0.0786 Pre:1.0000 Re:1.0000 Acc:1.0000 F1:1.0000
--------------------------------------------------------------------

Epoch 581: Time: 0.0658 Cost: 0.0974 Pre: 1.0000 Re: 1.0000 Acc: 1.0000 F1: 1.0000
Epoch 582: Time: 0.0655 Cost: 0.0973 Pre: 1.0000 Re: 1.0000 Acc: 1.0000 F1: 1.0000
Epoch 583: Time: 0.0651 Cost: 0.0972 Pre: 1.0000 Re: 1.0000 Acc: 1.0000 F1: 1.0000
Epoch 584: Time: 0.0673 Cost: 0.0971 Pre: 1.0000 Re: 1.0000 Acc: 1.0000 F1: 1.0000
Epoch 585: Time: 0.0659 Cost: 0.0970 Pre: 1.0000 Re: 1.0000 Acc: 1.0000 F1: 1.0000
Epoch 586: Time: 0.0656 Cost: 0.0969 Pre: 1.0000 Re: 1.0000 Acc: 1.0000 F1: 1.0000
Epoch 587: Time: 0.0658 Cost: 0.0968 Pre: 1.0000 Re: 1.0000 Acc: 1.0000 F1: 1.0000
Epoch 588: Time: 0.0650 Cost: 0.0967 Pre: 1.0000 Re: 1.0000 Acc: 1.0000 F1: 1.0000
Epoch 589: Time: 0.0664 Cost: 0.0966 Pre: 1.0000 Re: 1.0000 Acc: 1.0000 F1: 1.0000
Epoch 590: Time: 0.0653 Cost: 0.0965 Pre: 1.0000 Re: 1.0000 Acc: 1.0000 F1: 1.0000


--------------------------------------------------------------------
Eval results: Cost:0.0781 Pre:1.0000 Re:1.0000 Acc:1.0000 F1:1.0000
--------------------------------------------------------------------

Epoch 591: Time: 0.0672 Cost: 0.0965 Pre: 1.0000 Re: 1.0000 Acc: 1.0000 F1: 1.0000
Epoch 592: Time: 0.0650 Cost: 0.0964 Pre: 1.0000 Re: 1.0000 Acc: 1.0000 F1: 1.0000
Epoch 593: Time: 0.0660 Cost: 0.0963 Pre: 1.0000 Re: 1.0000 Acc: 1.0000 F1: 1.0000
Epoch 594: Time: 0.0649 Cost: 0.0962 Pre: 1.0000 Re: 1.0000 Acc: 1.0000 F1: 1.0000
Epoch 595: Time: 0.0658 Cost: 0.0961 Pre: 1.0000 Re: 1.0000 Acc: 1.0000 F1: 1.0000
Epoch 596: Time: 0.0648 Cost: 0.0960 Pre: 1.0000 Re: 1.0000 Acc: 1.0000 F1: 1.0000
Epoch 597: Time: 0.0649 Cost: 0.0959 Pre: 1.0000 Re: 1.0000 Acc: 1.0000 F1: 1.0000
Epoch 598: Time: 0.0674 Cost: 0.0959 Pre: 1.0000 Re: 1.0000 Acc: 1.0000 F1: 1.0000
Epoch 599: Time: 0.0664 Cost: 0.0958 Pre: 1.0000 Re: 1.0000 Acc: 1.0000 F1: 1.0000
Epoch 600: Time: 0.0647 Cost: 0.0957 Pre: 1.0000 Re: 1.0000 Acc: 1.0000 F1: 1.0000


--------------------------------------------------------------------
Eval results: Cost:0.0775 Pre:1.0000 Re:1.0000 Acc:1.0000 F1:1.0000
--------------------------------------------------------------------

Epoch 601: Time: 0.0657 Cost: 0.0956 Pre: 1.0000 Re: 1.0000 Acc: 1.0000 F1: 1.0000
Epoch 602: Time: 0.0654 Cost: 0.0955 Pre: 1.0000 Re: 1.0000 Acc: 1.0000 F1: 1.0000
Epoch 603: Time: 0.0653 Cost: 0.0954 Pre: 1.0000 Re: 1.0000 Acc: 1.0000 F1: 1.0000
Epoch 604: Time: 0.0649 Cost: 0.0954 Pre: 1.0000 Re: 1.0000 Acc: 1.0000 F1: 1.0000
Epoch 605: Time: 0.0662 Cost: 0.0953 Pre: 1.0000 Re: 1.0000 Acc: 1.0000 F1: 1.0000
Epoch 606: Time: 0.0650 Cost: 0.0952 Pre: 1.0000 Re: 1.0000 Acc: 1.0000 F1: 1.0000
Epoch 607: Time: 0.0658 Cost: 0.0951 Pre: 1.0000 Re: 1.0000 Acc: 1.0000 F1: 1.0000
Epoch 608: Time: 0.0650 Cost: 0.0950 Pre: 1.0000 Re: 1.0000 Acc: 1.0000 F1: 1.0000
Epoch 609: Time: 0.0648 Cost: 0.0949 Pre: 1.0000 Re: 1.0000 Acc: 1.0000 F1: 1.0000
Epoch 610: Time: 0.0646 Cost: 0.0949 Pre: 1.0000 Re: 1.0000 Acc: 1.0000 F1: 1.0000


--------------------------------------------------------------------
Eval results: Cost:0.0770 Pre:1.0000 Re:1.0000 Acc:1.0000 F1:1.0000
--------------------------------------------------------------------

Epoch 611: Time: 0.0677 Cost: 0.0948 Pre: 1.0000 Re: 1.0000 Acc: 1.0000 F1: 1.0000
Epoch 612: Time: 0.0659 Cost: 0.0947 Pre: 1.0000 Re: 1.0000 Acc: 1.0000 F1: 1.0000
Epoch 613: Time: 0.0645 Cost: 0.0946 Pre: 1.0000 Re: 1.0000 Acc: 1.0000 F1: 1.0000
Epoch 614: Time: 0.0651 Cost: 0.0946 Pre: 1.0000 Re: 1.0000 Acc: 1.0000 F1: 1.0000
Epoch 615: Time: 0.0648 Cost: 0.0945 Pre: 1.0000 Re: 1.0000 Acc: 1.0000 F1: 1.0000
Epoch 616: Time: 0.0648 Cost: 0.0944 Pre: 1.0000 Re: 1.0000 Acc: 1.0000 F1: 1.0000
Epoch 617: Time: 0.0648 Cost: 0.0943 Pre: 1.0000 Re: 1.0000 Acc: 1.0000 F1: 1.0000
Epoch 618: Time: 0.0785 Cost: 0.0943 Pre: 1.0000 Re: 1.0000 Acc: 1.0000 F1: 1.0000
Epoch 619: Time: 0.0669 Cost: 0.0942 Pre: 1.0000 Re: 1.0000 Acc: 1.0000 F1: 1.0000
Epoch 620: Time: 0.0653 Cost: 0.0941 Pre: 1.0000 Re: 1.0000 Acc: 1.0000 F1: 1.0000


--------------------------------------------------------------------
Eval results: Cost:0.0766 Pre:1.0000 Re:1.0000 Acc:1.0000 F1:1.0000
--------------------------------------------------------------------

Early stopping...
--------------------------------------------------------------------
--------------------------------------------------------------------
Test 464 samples take time: 0.3200
Test results: Cost:0.0497 Pre:1.0000 Re:1.0000 Acc:1.0000 F1:1.0000
--------------------------------------------------------------------

