16768
16562
16206
16632
16380
16425
Load data
RNN type: LSTM Grammar: g1 Seed: 4
Model total parameters: 480
Saving hinit ... 

Epoch 0: Time: 0.0956 Cost: 13.9237 Pre: 0.0000 Re: 0.0000 Acc: 0.9587 F1: 0.0000


--------------------------------------------------------------------
Eval results: Cost:14.4238 Pre:0.0000 Re:0.0000 Acc:0.9753 F1:0.0000
--------------------------------------------------------------------

Epoch 1: Time: 0.0203 Cost: 13.7627 Pre: 0.0000 Re: 0.0000 Acc: 0.9587 F1: 0.0000
Epoch 2: Time: 0.0189 Cost: 13.5387 Pre: 0.0000 Re: 0.0000 Acc: 0.9587 F1: 0.0000
Epoch 3: Time: 0.0195 Cost: 13.2811 Pre: 0.0000 Re: 0.0000 Acc: 0.9587 F1: 0.0000
Epoch 4: Time: 0.0192 Cost: 13.0019 Pre: 0.0000 Re: 0.0000 Acc: 0.9587 F1: 0.0000
Epoch 5: Time: 0.0192 Cost: 12.7070 Pre: 0.0000 Re: 0.0000 Acc: 0.9587 F1: 0.0000
Epoch 6: Time: 0.0190 Cost: 12.3985 Pre: 0.0000 Re: 0.0000 Acc: 0.9587 F1: 0.0000
Epoch 7: Time: 0.0188 Cost: 12.0770 Pre: 0.0000 Re: 0.0000 Acc: 0.9587 F1: 0.0000
Epoch 8: Time: 0.0191 Cost: 11.7421 Pre: 0.0000 Re: 0.0000 Acc: 0.9587 F1: 0.0000
Epoch 9: Time: 0.0193 Cost: 11.3939 Pre: 0.0000 Re: 0.0000 Acc: 0.9587 F1: 0.0000
Epoch 10: Time: 0.0193 Cost: 11.0332 Pre: 0.0000 Re: 0.0000 Acc: 0.9587 F1: 0.0000


--------------------------------------------------------------------
Eval results: Cost:11.2267 Pre:0.0000 Re:0.0000 Acc:0.9753 F1:0.0000
--------------------------------------------------------------------

Epoch 11: Time: 0.0214 Cost: 10.6625 Pre: 0.0000 Re: 0.0000 Acc: 0.9587 F1: 0.0000
Epoch 12: Time: 0.0216 Cost: 10.2871 Pre: 0.0000 Re: 0.0000 Acc: 0.9587 F1: 0.0000
Epoch 13: Time: 0.0221 Cost: 9.9092 Pre: 0.0000 Re: 0.0000 Acc: 0.9587 F1: 0.0000
Epoch 14: Time: 0.0218 Cost: 9.5313 Pre: 0.0000 Re: 0.0000 Acc: 0.9587 F1: 0.0000
Epoch 15: Time: 0.0220 Cost: 9.1558 Pre: 0.0000 Re: 0.0000 Acc: 0.9587 F1: 0.0000
Epoch 16: Time: 0.0228 Cost: 8.7846 Pre: 0.0000 Re: 0.0000 Acc: 0.9587 F1: 0.0000
Epoch 17: Time: 0.0223 Cost: 8.4196 Pre: 0.0000 Re: 0.0000 Acc: 0.9587 F1: 0.0000
Epoch 18: Time: 0.0218 Cost: 8.0620 Pre: 0.0000 Re: 0.0000 Acc: 0.9587 F1: 0.0000
Epoch 19: Time: 0.0195 Cost: 7.7129 Pre: 0.0000 Re: 0.0000 Acc: 0.9587 F1: 0.0000
Epoch 20: Time: 0.0193 Cost: 7.3731 Pre: 0.0000 Re: 0.0000 Acc: 0.9587 F1: 0.0000


--------------------------------------------------------------------
Eval results: Cost:6.9963 Pre:0.0000 Re:0.0000 Acc:0.9753 F1:0.0000
--------------------------------------------------------------------

Epoch 21: Time: 0.0190 Cost: 7.0432 Pre: 0.0000 Re: 0.0000 Acc: 0.9587 F1: 0.0000
Epoch 22: Time: 0.0189 Cost: 6.7229 Pre: 0.0000 Re: 0.0000 Acc: 0.9587 F1: 0.0000
Epoch 23: Time: 0.0190 Cost: 6.4138 Pre: 0.0000 Re: 0.0000 Acc: 0.9587 F1: 0.0000
Epoch 24: Time: 0.0195 Cost: 6.1180 Pre: 0.0000 Re: 0.0000 Acc: 0.9587 F1: 0.0000
Epoch 25: Time: 0.0203 Cost: 5.8379 Pre: 0.0000 Re: 0.0000 Acc: 0.9587 F1: 0.0000
Epoch 26: Time: 0.0190 Cost: 5.5757 Pre: 0.0000 Re: 0.0000 Acc: 0.9587 F1: 0.0000
Epoch 27: Time: 0.0193 Cost: 5.3334 Pre: 0.0000 Re: 0.0000 Acc: 0.9587 F1: 0.0000
Epoch 28: Time: 0.0192 Cost: 5.1127 Pre: 0.0000 Re: 0.0000 Acc: 0.9587 F1: 0.0000
Epoch 29: Time: 0.0194 Cost: 4.9146 Pre: 0.0000 Re: 0.0000 Acc: 0.9587 F1: 0.0000
Epoch 30: Time: 0.0206 Cost: 4.7395 Pre: 0.0000 Re: 0.0000 Acc: 0.9587 F1: 0.0000


--------------------------------------------------------------------
Eval results: Cost:4.2351 Pre:0.0000 Re:0.0000 Acc:0.9753 F1:0.0000
--------------------------------------------------------------------

Epoch 31: Time: 0.0197 Cost: 4.5873 Pre: 0.0000 Re: 0.0000 Acc: 0.9587 F1: 0.0000
Epoch 32: Time: 0.0198 Cost: 4.4566 Pre: 0.0000 Re: 0.0000 Acc: 0.9587 F1: 0.0000
Epoch 33: Time: 0.0190 Cost: 4.3458 Pre: 0.0000 Re: 0.0000 Acc: 0.9587 F1: 0.0000
Epoch 34: Time: 0.0193 Cost: 4.2530 Pre: 0.0000 Re: 0.0000 Acc: 0.9587 F1: 0.0000
Epoch 35: Time: 0.0219 Cost: 4.1758 Pre: 0.0000 Re: 0.0000 Acc: 0.9587 F1: 0.0000
Epoch 36: Time: 0.0225 Cost: 4.1118 Pre: 0.0000 Re: 0.0000 Acc: 0.9587 F1: 0.0000
Epoch 37: Time: 0.0223 Cost: 4.0586 Pre: 0.0000 Re: 0.0000 Acc: 0.9587 F1: 0.0000
Epoch 38: Time: 0.0225 Cost: 4.0143 Pre: 0.0000 Re: 0.0000 Acc: 0.9587 F1: 0.0000
Epoch 39: Time: 0.0227 Cost: 3.9772 Pre: 0.0000 Re: 0.0000 Acc: 0.9587 F1: 0.0000
Epoch 40: Time: 0.0227 Cost: 3.9457 Pre: 0.0000 Re: 0.0000 Acc: 0.9587 F1: 0.0000


--------------------------------------------------------------------
Eval results: Cost:3.4364 Pre:0.0000 Re:0.0000 Acc:0.9753 F1:0.0000
--------------------------------------------------------------------

Epoch 41: Time: 0.0207 Cost: 3.9189 Pre: 0.0000 Re: 0.0000 Acc: 0.9587 F1: 0.0000
Epoch 42: Time: 0.0193 Cost: 3.8956 Pre: 0.0000 Re: 0.0000 Acc: 0.9587 F1: 0.0000
Epoch 43: Time: 0.0193 Cost: 3.8753 Pre: 0.0000 Re: 0.0000 Acc: 0.9587 F1: 0.0000
Epoch 44: Time: 0.0213 Cost: 3.8572 Pre: 0.0000 Re: 0.0000 Acc: 0.9587 F1: 0.0000
Epoch 45: Time: 0.0195 Cost: 3.8411 Pre: 0.0000 Re: 0.0000 Acc: 0.9587 F1: 0.0000
Epoch 46: Time: 0.0194 Cost: 3.8265 Pre: 0.0000 Re: 0.0000 Acc: 0.9587 F1: 0.0000
Epoch 47: Time: 0.0191 Cost: 3.8132 Pre: 0.0000 Re: 0.0000 Acc: 0.9587 F1: 0.0000
Epoch 48: Time: 0.0188 Cost: 3.8010 Pre: 0.0000 Re: 0.0000 Acc: 0.9587 F1: 0.0000
Epoch 49: Time: 0.0208 Cost: 3.7895 Pre: 0.0000 Re: 0.0000 Acc: 0.9587 F1: 0.0000
Epoch 50: Time: 0.0192 Cost: 3.7788 Pre: 0.0000 Re: 0.0000 Acc: 0.9587 F1: 0.0000


--------------------------------------------------------------------
Eval results: Cost:3.2573 Pre:0.0000 Re:0.0000 Acc:0.9753 F1:0.0000
--------------------------------------------------------------------

Epoch 51: Time: 0.0195 Cost: 3.7685 Pre: 0.0000 Re: 0.0000 Acc: 0.9587 F1: 0.0000
Epoch 52: Time: 0.0189 Cost: 3.7586 Pre: 0.0000 Re: 0.0000 Acc: 0.9587 F1: 0.0000
Epoch 53: Time: 0.0193 Cost: 3.7490 Pre: 0.0000 Re: 0.0000 Acc: 0.9587 F1: 0.0000
Epoch 54: Time: 0.0195 Cost: 3.7395 Pre: 0.0000 Re: 0.0000 Acc: 0.9587 F1: 0.0000
Epoch 55: Time: 0.0191 Cost: 3.7301 Pre: 0.0000 Re: 0.0000 Acc: 0.9587 F1: 0.0000
Epoch 56: Time: 0.0192 Cost: 3.7207 Pre: 0.0000 Re: 0.0000 Acc: 0.9587 F1: 0.0000
Epoch 57: Time: 0.0190 Cost: 3.7112 Pre: 0.0000 Re: 0.0000 Acc: 0.9587 F1: 0.0000
Epoch 58: Time: 0.0188 Cost: 3.7015 Pre: 0.0000 Re: 0.0000 Acc: 0.9587 F1: 0.0000
Epoch 59: Time: 0.0215 Cost: 3.6916 Pre: 0.0000 Re: 0.0000 Acc: 0.9587 F1: 0.0000
Epoch 60: Time: 0.0225 Cost: 3.6813 Pre: 0.0000 Re: 0.0000 Acc: 0.9587 F1: 0.0000


--------------------------------------------------------------------
Eval results: Cost:3.1468 Pre:0.0000 Re:0.0000 Acc:0.9753 F1:0.0000
--------------------------------------------------------------------

Epoch 61: Time: 0.0225 Cost: 3.6706 Pre: 0.0000 Re: 0.0000 Acc: 0.9587 F1: 0.0000
Epoch 62: Time: 0.0227 Cost: 3.6593 Pre: 0.0000 Re: 0.0000 Acc: 0.9587 F1: 0.0000
Epoch 63: Time: 0.0232 Cost: 3.6473 Pre: 0.0000 Re: 0.0000 Acc: 0.9587 F1: 0.0000
Epoch 64: Time: 0.0223 Cost: 3.6344 Pre: 0.0000 Re: 0.0000 Acc: 0.9587 F1: 0.0000
Epoch 65: Time: 0.0212 Cost: 3.6205 Pre: 0.0000 Re: 0.0000 Acc: 0.9587 F1: 0.0000
Epoch 66: Time: 0.0195 Cost: 3.6055 Pre: 0.0000 Re: 0.0000 Acc: 0.9587 F1: 0.0000
Epoch 67: Time: 0.0200 Cost: 3.5894 Pre: 0.0000 Re: 0.0000 Acc: 0.9587 F1: 0.0000
Epoch 68: Time: 0.0195 Cost: 3.5718 Pre: 0.0000 Re: 0.0000 Acc: 0.9587 F1: 0.0000
Epoch 69: Time: 0.0197 Cost: 3.5526 Pre: 0.0000 Re: 0.0000 Acc: 0.9587 F1: 0.0000
Epoch 70: Time: 0.0191 Cost: 3.5318 Pre: 0.0000 Re: 0.0000 Acc: 0.9587 F1: 0.0000


--------------------------------------------------------------------
Eval results: Cost:2.9781 Pre:0.0000 Re:0.0000 Acc:0.9753 F1:0.0000
--------------------------------------------------------------------

Epoch 71: Time: 0.0192 Cost: 3.5091 Pre: 0.0000 Re: 0.0000 Acc: 0.9587 F1: 0.0000
Epoch 72: Time: 0.0197 Cost: 3.4843 Pre: 0.0000 Re: 0.0000 Acc: 0.9587 F1: 0.0000
Epoch 73: Time: 0.0190 Cost: 3.4571 Pre: 0.0000 Re: 0.0000 Acc: 0.9587 F1: 0.0000
Epoch 74: Time: 0.0193 Cost: 3.4275 Pre: 0.0000 Re: 0.0000 Acc: 0.9587 F1: 0.0000
Epoch 75: Time: 0.0200 Cost: 3.3952 Pre: 0.0000 Re: 0.0000 Acc: 0.9587 F1: 0.0000
Epoch 76: Time: 0.0199 Cost: 3.3599 Pre: 0.0000 Re: 0.0000 Acc: 0.9587 F1: 0.0000
Epoch 77: Time: 0.0196 Cost: 3.3213 Pre: 0.0000 Re: 0.0000 Acc: 0.9587 F1: 0.0000
Epoch 78: Time: 0.0187 Cost: 3.2791 Pre: 0.0000 Re: 0.0000 Acc: 0.9587 F1: 0.0000
Epoch 79: Time: 0.0189 Cost: 3.2327 Pre: 0.0000 Re: 0.0000 Acc: 0.9587 F1: 0.0000
Epoch 80: Time: 0.0195 Cost: 3.1816 Pre: 0.0000 Re: 0.0000 Acc: 0.9587 F1: 0.0000


--------------------------------------------------------------------
Eval results: Cost:2.6192 Pre:0.0000 Re:0.0000 Acc:0.9753 F1:0.0000
--------------------------------------------------------------------

Epoch 81: Time: 0.0202 Cost: 3.1250 Pre: 0.0000 Re: 0.0000 Acc: 0.9587 F1: 0.0000
Epoch 82: Time: 0.0218 Cost: 3.0617 Pre: 0.0000 Re: 0.0000 Acc: 0.9587 F1: 0.0000
Epoch 83: Time: 0.0218 Cost: 2.9898 Pre: 0.0000 Re: 0.0000 Acc: 0.9587 F1: 0.0000
Epoch 84: Time: 0.0222 Cost: 2.9063 Pre: 0.0000 Re: 0.0000 Acc: 0.9587 F1: 0.0000
Epoch 85: Time: 0.0222 Cost: 2.8055 Pre: 0.0000 Re: 0.0000 Acc: 0.9587 F1: 0.0000
Epoch 86: Time: 0.0210 Cost: 2.6779 Pre: 0.0000 Re: 0.0000 Acc: 0.9587 F1: 0.0000
Epoch 87: Time: 0.0223 Cost: 2.5184 Pre: 0.0000 Re: 0.0000 Acc: 0.9587 F1: 0.0000
Epoch 88: Time: 0.0223 Cost: 2.3543 Pre: 0.0000 Re: 0.0000 Acc: 0.9587 F1: 0.0000
Epoch 89: Time: 0.0199 Cost: 2.2307 Pre: 0.0000 Re: 0.0000 Acc: 0.9587 F1: 0.0000
Epoch 90: Time: 0.0196 Cost: 2.1425 Pre: 0.0000 Re: 0.0000 Acc: 0.9587 F1: 0.0000


--------------------------------------------------------------------
Eval results: Cost:1.5187 Pre:0.0000 Re:0.0000 Acc:0.9753 F1:0.0000
--------------------------------------------------------------------

Epoch 91: Time: 0.0192 Cost: 2.0680 Pre: 0.0000 Re: 0.0000 Acc: 0.9587 F1: 0.0000
Epoch 92: Time: 0.0191 Cost: 1.9959 Pre: 0.0000 Re: 0.0000 Acc: 0.9587 F1: 0.0000
Epoch 93: Time: 0.0190 Cost: 1.9240 Pre: 0.0000 Re: 0.0000 Acc: 0.9587 F1: 0.0000
Epoch 94: Time: 0.0199 Cost: 1.8539 Pre: 0.0000 Re: 0.0000 Acc: 0.9587 F1: 0.0000
Epoch 95: Time: 0.0192 Cost: 1.7880 Pre: 1.0000 Re: 0.2000 Acc: 0.9669 F1: 0.3333
Epoch 96: Time: 0.0192 Cost: 1.7278 Pre: 1.0000 Re: 0.2000 Acc: 0.9669 F1: 0.3333
Epoch 97: Time: 0.0192 Cost: 1.6734 Pre: 1.0000 Re: 0.3000 Acc: 0.9711 F1: 0.4615
Epoch 98: Time: 0.0195 Cost: 1.6242 Pre: 1.0000 Re: 0.3000 Acc: 0.9711 F1: 0.4615
Epoch 99: Time: 0.0193 Cost: 1.5793 Pre: 1.0000 Re: 0.4000 Acc: 0.9752 F1: 0.5714
Epoch 100: Time: 0.0191 Cost: 1.5377 Pre: 1.0000 Re: 0.4000 Acc: 0.9752 F1: 0.5714


--------------------------------------------------------------------
Eval results: Cost:1.0839 Pre:1.0000 Re:0.5000 Acc:0.9877 F1:0.6667
--------------------------------------------------------------------

Epoch 101: Time: 0.0192 Cost: 1.4987 Pre: 1.0000 Re: 0.5000 Acc: 0.9793 F1: 0.6667
Epoch 102: Time: 0.0189 Cost: 1.4617 Pre: 1.0000 Re: 0.5000 Acc: 0.9793 F1: 0.6667
Epoch 103: Time: 0.0192 Cost: 1.4266 Pre: 1.0000 Re: 0.5000 Acc: 0.9793 F1: 0.6667
Epoch 104: Time: 0.0198 Cost: 1.3932 Pre: 1.0000 Re: 0.6000 Acc: 0.9835 F1: 0.7500
Epoch 105: Time: 0.0198 Cost: 1.3614 Pre: 1.0000 Re: 0.7000 Acc: 0.9876 F1: 0.8235
Epoch 106: Time: 0.0214 Cost: 1.3312 Pre: 1.0000 Re: 0.7000 Acc: 0.9876 F1: 0.8235
Epoch 107: Time: 0.0214 Cost: 1.3023 Pre: 1.0000 Re: 0.7000 Acc: 0.9876 F1: 0.8235
Epoch 108: Time: 0.0211 Cost: 1.2747 Pre: 1.0000 Re: 0.8000 Acc: 0.9917 F1: 0.8889
Epoch 109: Time: 0.0217 Cost: 1.2482 Pre: 1.0000 Re: 0.8000 Acc: 0.9917 F1: 0.8889
Epoch 110: Time: 0.0221 Cost: 1.2227 Pre: 1.0000 Re: 0.8000 Acc: 0.9917 F1: 0.8889


--------------------------------------------------------------------
Eval results: Cost:0.8296 Pre:1.0000 Re:1.0000 Acc:1.0000 F1:1.0000
--------------------------------------------------------------------

Epoch 111: Time: 0.0217 Cost: 1.1982 Pre: 1.0000 Re: 0.8000 Acc: 0.9917 F1: 0.8889
Epoch 112: Time: 0.0202 Cost: 1.1747 Pre: 1.0000 Re: 0.8000 Acc: 0.9917 F1: 0.8889
Epoch 113: Time: 0.0195 Cost: 1.1520 Pre: 1.0000 Re: 0.8000 Acc: 0.9917 F1: 0.8889
Epoch 114: Time: 0.0195 Cost: 1.1302 Pre: 1.0000 Re: 0.9000 Acc: 0.9959 F1: 0.9474
Epoch 115: Time: 0.0204 Cost: 1.1092 Pre: 1.0000 Re: 1.0000 Acc: 1.0000 F1: 1.0000
Epoch 116: Time: 0.0190 Cost: 1.0890 Pre: 1.0000 Re: 1.0000 Acc: 1.0000 F1: 1.0000
Epoch 117: Time: 0.0193 Cost: 1.0695 Pre: 1.0000 Re: 1.0000 Acc: 1.0000 F1: 1.0000
Epoch 118: Time: 0.0191 Cost: 1.0507 Pre: 1.0000 Re: 1.0000 Acc: 1.0000 F1: 1.0000
Epoch 119: Time: 0.0191 Cost: 1.0325 Pre: 1.0000 Re: 1.0000 Acc: 1.0000 F1: 1.0000
Epoch 120: Time: 0.0213 Cost: 1.0150 Pre: 1.0000 Re: 1.0000 Acc: 1.0000 F1: 1.0000


--------------------------------------------------------------------
Eval results: Cost:0.6563 Pre:1.0000 Re:1.0000 Acc:1.0000 F1:1.0000
--------------------------------------------------------------------

Epoch 121: Time: 0.0191 Cost: 0.9981 Pre: 1.0000 Re: 1.0000 Acc: 1.0000 F1: 1.0000
Epoch 122: Time: 0.0191 Cost: 0.9818 Pre: 1.0000 Re: 1.0000 Acc: 1.0000 F1: 1.0000
Epoch 123: Time: 0.0194 Cost: 0.9660 Pre: 1.0000 Re: 1.0000 Acc: 1.0000 F1: 1.0000
Epoch 124: Time: 0.0195 Cost: 0.9507 Pre: 1.0000 Re: 1.0000 Acc: 1.0000 F1: 1.0000
Epoch 125: Time: 0.0195 Cost: 0.9358 Pre: 1.0000 Re: 1.0000 Acc: 1.0000 F1: 1.0000
Epoch 126: Time: 0.0189 Cost: 0.9214 Pre: 1.0000 Re: 1.0000 Acc: 1.0000 F1: 1.0000
Epoch 127: Time: 0.0191 Cost: 0.9075 Pre: 1.0000 Re: 1.0000 Acc: 1.0000 F1: 1.0000
Epoch 128: Time: 0.0190 Cost: 0.8939 Pre: 1.0000 Re: 1.0000 Acc: 1.0000 F1: 1.0000
Epoch 129: Time: 0.0192 Cost: 0.8808 Pre: 1.0000 Re: 1.0000 Acc: 1.0000 F1: 1.0000
Epoch 130: Time: 0.0208 Cost: 0.8680 Pre: 1.0000 Re: 1.0000 Acc: 1.0000 F1: 1.0000


--------------------------------------------------------------------
Eval results: Cost:0.5441 Pre:1.0000 Re:1.0000 Acc:1.0000 F1:1.0000
--------------------------------------------------------------------

Epoch 131: Time: 0.0217 Cost: 0.8556 Pre: 1.0000 Re: 1.0000 Acc: 1.0000 F1: 1.0000
Epoch 132: Time: 0.0215 Cost: 0.8435 Pre: 1.0000 Re: 1.0000 Acc: 1.0000 F1: 1.0000
Epoch 133: Time: 0.0222 Cost: 0.8318 Pre: 1.0000 Re: 1.0000 Acc: 1.0000 F1: 1.0000
Epoch 134: Time: 0.0219 Cost: 0.8204 Pre: 1.0000 Re: 1.0000 Acc: 1.0000 F1: 1.0000
Epoch 135: Time: 0.0215 Cost: 0.8093 Pre: 1.0000 Re: 1.0000 Acc: 1.0000 F1: 1.0000
Epoch 136: Time: 0.0222 Cost: 0.7985 Pre: 1.0000 Re: 1.0000 Acc: 1.0000 F1: 1.0000
Epoch 137: Time: 0.0196 Cost: 0.7880 Pre: 1.0000 Re: 1.0000 Acc: 1.0000 F1: 1.0000
Epoch 138: Time: 0.0200 Cost: 0.7777 Pre: 1.0000 Re: 1.0000 Acc: 1.0000 F1: 1.0000
Epoch 139: Time: 0.0211 Cost: 0.7677 Pre: 1.0000 Re: 1.0000 Acc: 1.0000 F1: 1.0000
Epoch 140: Time: 0.0192 Cost: 0.7580 Pre: 1.0000 Re: 1.0000 Acc: 1.0000 F1: 1.0000


--------------------------------------------------------------------
Eval results: Cost:0.4665 Pre:1.0000 Re:1.0000 Acc:1.0000 F1:1.0000
--------------------------------------------------------------------

Epoch 141: Time: 0.0193 Cost: 0.7484 Pre: 1.0000 Re: 1.0000 Acc: 1.0000 F1: 1.0000
Epoch 142: Time: 0.0197 Cost: 0.7392 Pre: 1.0000 Re: 1.0000 Acc: 1.0000 F1: 1.0000
Epoch 143: Time: 0.0193 Cost: 0.7301 Pre: 1.0000 Re: 1.0000 Acc: 1.0000 F1: 1.0000
Epoch 144: Time: 0.0200 Cost: 0.7213 Pre: 1.0000 Re: 1.0000 Acc: 1.0000 F1: 1.0000
Epoch 145: Time: 0.0194 Cost: 0.7127 Pre: 1.0000 Re: 1.0000 Acc: 1.0000 F1: 1.0000
Epoch 146: Time: 0.0187 Cost: 0.7043 Pre: 1.0000 Re: 1.0000 Acc: 1.0000 F1: 1.0000
Epoch 147: Time: 0.0191 Cost: 0.6961 Pre: 1.0000 Re: 1.0000 Acc: 1.0000 F1: 1.0000
Epoch 148: Time: 0.0191 Cost: 0.6881 Pre: 1.0000 Re: 1.0000 Acc: 1.0000 F1: 1.0000
Epoch 149: Time: 0.0194 Cost: 0.6803 Pre: 1.0000 Re: 1.0000 Acc: 1.0000 F1: 1.0000
Epoch 150: Time: 0.0190 Cost: 0.6726 Pre: 1.0000 Re: 1.0000 Acc: 1.0000 F1: 1.0000


--------------------------------------------------------------------
Eval results: Cost:0.4099 Pre:1.0000 Re:1.0000 Acc:1.0000 F1:1.0000
--------------------------------------------------------------------

Epoch 151: Time: 0.0280 Cost: 0.6651 Pre: 1.0000 Re: 1.0000 Acc: 1.0000 F1: 1.0000
Epoch 152: Time: 0.0219 Cost: 0.6578 Pre: 1.0000 Re: 1.0000 Acc: 1.0000 F1: 1.0000
Epoch 153: Time: 0.0227 Cost: 0.6507 Pre: 1.0000 Re: 1.0000 Acc: 1.0000 F1: 1.0000
Epoch 154: Time: 0.0226 Cost: 0.6437 Pre: 1.0000 Re: 1.0000 Acc: 1.0000 F1: 1.0000
Epoch 155: Time: 0.0214 Cost: 0.6368 Pre: 1.0000 Re: 1.0000 Acc: 1.0000 F1: 1.0000
Epoch 156: Time: 0.0230 Cost: 0.6301 Pre: 1.0000 Re: 1.0000 Acc: 1.0000 F1: 1.0000
Epoch 157: Time: 0.0228 Cost: 0.6235 Pre: 1.0000 Re: 1.0000 Acc: 1.0000 F1: 1.0000
Epoch 158: Time: 0.0221 Cost: 0.6171 Pre: 1.0000 Re: 1.0000 Acc: 1.0000 F1: 1.0000
Epoch 159: Time: 0.0288 Cost: 0.6108 Pre: 1.0000 Re: 1.0000 Acc: 1.0000 F1: 1.0000
Epoch 160: Time: 0.0204 Cost: 0.6046 Pre: 1.0000 Re: 1.0000 Acc: 1.0000 F1: 1.0000


--------------------------------------------------------------------
Eval results: Cost:0.3669 Pre:1.0000 Re:1.0000 Acc:1.0000 F1:1.0000
--------------------------------------------------------------------

Epoch 161: Time: 0.0202 Cost: 0.5986 Pre: 1.0000 Re: 1.0000 Acc: 1.0000 F1: 1.0000
Epoch 162: Time: 0.0217 Cost: 0.5926 Pre: 1.0000 Re: 1.0000 Acc: 1.0000 F1: 1.0000
Epoch 163: Time: 0.0212 Cost: 0.5868 Pre: 1.0000 Re: 1.0000 Acc: 1.0000 F1: 1.0000
Epoch 164: Time: 0.0208 Cost: 0.5811 Pre: 1.0000 Re: 1.0000 Acc: 1.0000 F1: 1.0000
Epoch 165: Time: 0.0196 Cost: 0.5755 Pre: 1.0000 Re: 1.0000 Acc: 1.0000 F1: 1.0000
Epoch 166: Time: 0.0192 Cost: 0.5700 Pre: 1.0000 Re: 1.0000 Acc: 1.0000 F1: 1.0000
Epoch 167: Time: 0.0200 Cost: 0.5646 Pre: 1.0000 Re: 1.0000 Acc: 1.0000 F1: 1.0000
Epoch 168: Time: 0.0195 Cost: 0.5593 Pre: 1.0000 Re: 1.0000 Acc: 1.0000 F1: 1.0000
Epoch 169: Time: 0.0192 Cost: 0.5541 Pre: 1.0000 Re: 1.0000 Acc: 1.0000 F1: 1.0000
Epoch 170: Time: 0.0197 Cost: 0.5489 Pre: 1.0000 Re: 1.0000 Acc: 1.0000 F1: 1.0000


--------------------------------------------------------------------
Eval results: Cost:0.3330 Pre:1.0000 Re:1.0000 Acc:1.0000 F1:1.0000
--------------------------------------------------------------------

Epoch 171: Time: 0.0196 Cost: 0.5439 Pre: 1.0000 Re: 1.0000 Acc: 1.0000 F1: 1.0000
Epoch 172: Time: 0.0195 Cost: 0.5389 Pre: 1.0000 Re: 1.0000 Acc: 1.0000 F1: 1.0000
Epoch 173: Time: 0.0194 Cost: 0.5341 Pre: 1.0000 Re: 1.0000 Acc: 1.0000 F1: 1.0000
Epoch 174: Time: 0.0223 Cost: 0.5293 Pre: 1.0000 Re: 1.0000 Acc: 1.0000 F1: 1.0000
Epoch 175: Time: 0.0219 Cost: 0.5245 Pre: 1.0000 Re: 1.0000 Acc: 1.0000 F1: 1.0000
Epoch 176: Time: 0.0218 Cost: 0.5199 Pre: 1.0000 Re: 1.0000 Acc: 1.0000 F1: 1.0000
Epoch 177: Time: 0.0218 Cost: 0.5153 Pre: 1.0000 Re: 1.0000 Acc: 1.0000 F1: 1.0000
Epoch 178: Time: 0.0217 Cost: 0.5108 Pre: 1.0000 Re: 1.0000 Acc: 1.0000 F1: 1.0000
Epoch 179: Time: 0.0218 Cost: 0.5064 Pre: 1.0000 Re: 1.0000 Acc: 1.0000 F1: 1.0000
Epoch 180: Time: 0.0220 Cost: 0.5020 Pre: 1.0000 Re: 1.0000 Acc: 1.0000 F1: 1.0000


--------------------------------------------------------------------
Eval results: Cost:0.3053 Pre:1.0000 Re:1.0000 Acc:1.0000 F1:1.0000
--------------------------------------------------------------------

Epoch 181: Time: 0.0197 Cost: 0.4977 Pre: 1.0000 Re: 1.0000 Acc: 1.0000 F1: 1.0000
Epoch 182: Time: 0.0195 Cost: 0.4935 Pre: 1.0000 Re: 1.0000 Acc: 1.0000 F1: 1.0000
Epoch 183: Time: 0.0210 Cost: 0.4893 Pre: 1.0000 Re: 1.0000 Acc: 1.0000 F1: 1.0000
Epoch 184: Time: 0.0192 Cost: 0.4852 Pre: 1.0000 Re: 1.0000 Acc: 1.0000 F1: 1.0000
Epoch 185: Time: 0.0193 Cost: 0.4812 Pre: 1.0000 Re: 1.0000 Acc: 1.0000 F1: 1.0000
Epoch 186: Time: 0.0200 Cost: 0.4772 Pre: 1.0000 Re: 1.0000 Acc: 1.0000 F1: 1.0000
Epoch 187: Time: 0.0191 Cost: 0.4732 Pre: 1.0000 Re: 1.0000 Acc: 1.0000 F1: 1.0000
Epoch 188: Time: 0.0191 Cost: 0.4694 Pre: 1.0000 Re: 1.0000 Acc: 1.0000 F1: 1.0000
Epoch 189: Time: 0.0189 Cost: 0.4655 Pre: 1.0000 Re: 1.0000 Acc: 1.0000 F1: 1.0000
Epoch 190: Time: 0.0193 Cost: 0.4618 Pre: 1.0000 Re: 1.0000 Acc: 1.0000 F1: 1.0000


--------------------------------------------------------------------
Eval results: Cost:0.2821 Pre:1.0000 Re:1.0000 Acc:1.0000 F1:1.0000
--------------------------------------------------------------------

Epoch 191: Time: 0.0192 Cost: 0.4580 Pre: 1.0000 Re: 1.0000 Acc: 1.0000 F1: 1.0000
Epoch 192: Time: 0.0191 Cost: 0.4544 Pre: 1.0000 Re: 1.0000 Acc: 1.0000 F1: 1.0000
Epoch 193: Time: 0.0192 Cost: 0.4507 Pre: 1.0000 Re: 1.0000 Acc: 1.0000 F1: 1.0000
Epoch 194: Time: 0.0187 Cost: 0.4472 Pre: 1.0000 Re: 1.0000 Acc: 1.0000 F1: 1.0000
Epoch 195: Time: 0.0190 Cost: 0.4436 Pre: 1.0000 Re: 1.0000 Acc: 1.0000 F1: 1.0000
Epoch 196: Time: 0.0191 Cost: 0.4402 Pre: 1.0000 Re: 1.0000 Acc: 1.0000 F1: 1.0000
Epoch 197: Time: 0.0192 Cost: 0.4367 Pre: 1.0000 Re: 1.0000 Acc: 1.0000 F1: 1.0000
Epoch 198: Time: 0.0215 Cost: 0.4333 Pre: 1.0000 Re: 1.0000 Acc: 1.0000 F1: 1.0000
Epoch 199: Time: 0.0221 Cost: 0.4300 Pre: 1.0000 Re: 1.0000 Acc: 1.0000 F1: 1.0000
Epoch 200: Time: 0.0219 Cost: 0.4267 Pre: 1.0000 Re: 1.0000 Acc: 1.0000 F1: 1.0000


--------------------------------------------------------------------
Eval results: Cost:0.2623 Pre:1.0000 Re:1.0000 Acc:1.0000 F1:1.0000
--------------------------------------------------------------------

Epoch 201: Time: 0.0218 Cost: 0.4234 Pre: 1.0000 Re: 1.0000 Acc: 1.0000 F1: 1.0000
Epoch 202: Time: 0.0218 Cost: 0.4202 Pre: 1.0000 Re: 1.0000 Acc: 1.0000 F1: 1.0000
Epoch 203: Time: 0.0211 Cost: 0.4170 Pre: 1.0000 Re: 1.0000 Acc: 1.0000 F1: 1.0000
Epoch 204: Time: 0.0202 Cost: 0.4139 Pre: 1.0000 Re: 1.0000 Acc: 1.0000 F1: 1.0000
Epoch 205: Time: 0.0192 Cost: 0.4108 Pre: 1.0000 Re: 1.0000 Acc: 1.0000 F1: 1.0000
Epoch 206: Time: 0.0218 Cost: 0.4077 Pre: 1.0000 Re: 1.0000 Acc: 1.0000 F1: 1.0000
Epoch 207: Time: 0.0200 Cost: 0.4047 Pre: 1.0000 Re: 1.0000 Acc: 1.0000 F1: 1.0000
Epoch 208: Time: 0.0197 Cost: 0.4017 Pre: 1.0000 Re: 1.0000 Acc: 1.0000 F1: 1.0000
Epoch 209: Time: 0.0189 Cost: 0.3988 Pre: 1.0000 Re: 1.0000 Acc: 1.0000 F1: 1.0000
Epoch 210: Time: 0.0191 Cost: 0.3959 Pre: 1.0000 Re: 1.0000 Acc: 1.0000 F1: 1.0000


--------------------------------------------------------------------
Eval results: Cost:0.2452 Pre:1.0000 Re:1.0000 Acc:1.0000 F1:1.0000
--------------------------------------------------------------------

Epoch 211: Time: 0.0192 Cost: 0.3930 Pre: 1.0000 Re: 1.0000 Acc: 1.0000 F1: 1.0000
Epoch 212: Time: 0.0194 Cost: 0.3901 Pre: 1.0000 Re: 1.0000 Acc: 1.0000 F1: 1.0000
Epoch 213: Time: 0.0194 Cost: 0.3873 Pre: 1.0000 Re: 1.0000 Acc: 1.0000 F1: 1.0000
Epoch 214: Time: 0.0191 Cost: 0.3845 Pre: 1.0000 Re: 1.0000 Acc: 1.0000 F1: 1.0000
Epoch 215: Time: 0.0187 Cost: 0.3818 Pre: 1.0000 Re: 1.0000 Acc: 1.0000 F1: 1.0000
Epoch 216: Time: 0.0191 Cost: 0.3791 Pre: 1.0000 Re: 1.0000 Acc: 1.0000 F1: 1.0000
Epoch 217: Time: 0.0191 Cost: 0.3764 Pre: 1.0000 Re: 1.0000 Acc: 1.0000 F1: 1.0000
Epoch 218: Time: 0.0190 Cost: 0.3738 Pre: 1.0000 Re: 1.0000 Acc: 1.0000 F1: 1.0000
Epoch 219: Time: 0.0190 Cost: 0.3712 Pre: 1.0000 Re: 1.0000 Acc: 1.0000 F1: 1.0000
Epoch 220: Time: 0.0187 Cost: 0.3686 Pre: 1.0000 Re: 1.0000 Acc: 1.0000 F1: 1.0000


--------------------------------------------------------------------
Eval results: Cost:0.2301 Pre:1.0000 Re:1.0000 Acc:1.0000 F1:1.0000
--------------------------------------------------------------------

Epoch 221: Time: 0.0217 Cost: 0.3660 Pre: 1.0000 Re: 1.0000 Acc: 1.0000 F1: 1.0000
Epoch 222: Time: 0.0210 Cost: 0.3635 Pre: 1.0000 Re: 1.0000 Acc: 1.0000 F1: 1.0000
Epoch 223: Time: 0.0218 Cost: 0.3610 Pre: 1.0000 Re: 1.0000 Acc: 1.0000 F1: 1.0000
Epoch 224: Time: 0.0218 Cost: 0.3585 Pre: 1.0000 Re: 1.0000 Acc: 1.0000 F1: 1.0000
Epoch 225: Time: 0.0221 Cost: 0.3561 Pre: 1.0000 Re: 1.0000 Acc: 1.0000 F1: 1.0000
Epoch 226: Time: 0.0217 Cost: 0.3537 Pre: 1.0000 Re: 1.0000 Acc: 1.0000 F1: 1.0000
Epoch 227: Time: 0.0212 Cost: 0.3513 Pre: 1.0000 Re: 1.0000 Acc: 1.0000 F1: 1.0000
Epoch 228: Time: 0.0199 Cost: 0.3489 Pre: 1.0000 Re: 1.0000 Acc: 1.0000 F1: 1.0000
Epoch 229: Time: 0.0195 Cost: 0.3466 Pre: 1.0000 Re: 1.0000 Acc: 1.0000 F1: 1.0000
Epoch 230: Time: 0.0209 Cost: 0.3443 Pre: 1.0000 Re: 1.0000 Acc: 1.0000 F1: 1.0000


--------------------------------------------------------------------
Eval results: Cost:0.2168 Pre:1.0000 Re:1.0000 Acc:1.0000 F1:1.0000
--------------------------------------------------------------------

Epoch 231: Time: 0.0194 Cost: 0.3420 Pre: 1.0000 Re: 1.0000 Acc: 1.0000 F1: 1.0000
Epoch 232: Time: 0.0190 Cost: 0.3397 Pre: 1.0000 Re: 1.0000 Acc: 1.0000 F1: 1.0000
Epoch 233: Time: 0.0201 Cost: 0.3375 Pre: 1.0000 Re: 1.0000 Acc: 1.0000 F1: 1.0000
Epoch 234: Time: 0.0188 Cost: 0.3353 Pre: 1.0000 Re: 1.0000 Acc: 1.0000 F1: 1.0000
Epoch 235: Time: 0.0191 Cost: 0.3331 Pre: 1.0000 Re: 1.0000 Acc: 1.0000 F1: 1.0000
Epoch 236: Time: 0.0190 Cost: 0.3310 Pre: 1.0000 Re: 1.0000 Acc: 1.0000 F1: 1.0000
Epoch 237: Time: 0.0193 Cost: 0.3288 Pre: 1.0000 Re: 1.0000 Acc: 1.0000 F1: 1.0000
Epoch 238: Time: 0.0188 Cost: 0.3267 Pre: 1.0000 Re: 1.0000 Acc: 1.0000 F1: 1.0000
Epoch 239: Time: 0.0188 Cost: 0.3246 Pre: 1.0000 Re: 1.0000 Acc: 1.0000 F1: 1.0000
Epoch 240: Time: 0.0192 Cost: 0.3226 Pre: 1.0000 Re: 1.0000 Acc: 1.0000 F1: 1.0000


--------------------------------------------------------------------
Eval results: Cost:0.2048 Pre:1.0000 Re:1.0000 Acc:1.0000 F1:1.0000
--------------------------------------------------------------------

Epoch 241: Time: 0.0193 Cost: 0.3205 Pre: 1.0000 Re: 1.0000 Acc: 1.0000 F1: 1.0000
Epoch 242: Time: 0.0189 Cost: 0.3185 Pre: 1.0000 Re: 1.0000 Acc: 1.0000 F1: 1.0000
Epoch 243: Time: 0.0187 Cost: 0.3165 Pre: 1.0000 Re: 1.0000 Acc: 1.0000 F1: 1.0000
Epoch 244: Time: 0.0199 Cost: 0.3145 Pre: 1.0000 Re: 1.0000 Acc: 1.0000 F1: 1.0000
Epoch 245: Time: 0.0213 Cost: 0.3125 Pre: 1.0000 Re: 1.0000 Acc: 1.0000 F1: 1.0000
Epoch 246: Time: 0.0211 Cost: 0.3106 Pre: 1.0000 Re: 1.0000 Acc: 1.0000 F1: 1.0000
Epoch 247: Time: 0.0204 Cost: 0.3087 Pre: 1.0000 Re: 1.0000 Acc: 1.0000 F1: 1.0000
Epoch 248: Time: 0.0202 Cost: 0.3068 Pre: 1.0000 Re: 1.0000 Acc: 1.0000 F1: 1.0000
Epoch 249: Time: 0.0215 Cost: 0.3049 Pre: 1.0000 Re: 1.0000 Acc: 1.0000 F1: 1.0000
Epoch 250: Time: 0.0208 Cost: 0.3030 Pre: 1.0000 Re: 1.0000 Acc: 1.0000 F1: 1.0000


--------------------------------------------------------------------
Eval results: Cost:0.1942 Pre:1.0000 Re:1.0000 Acc:1.0000 F1:1.0000
--------------------------------------------------------------------

Epoch 251: Time: 0.0201 Cost: 0.3012 Pre: 1.0000 Re: 1.0000 Acc: 1.0000 F1: 1.0000
Epoch 252: Time: 0.0199 Cost: 0.2994 Pre: 1.0000 Re: 1.0000 Acc: 1.0000 F1: 1.0000
Epoch 253: Time: 0.0202 Cost: 0.2976 Pre: 1.0000 Re: 1.0000 Acc: 1.0000 F1: 1.0000
Epoch 254: Time: 0.0193 Cost: 0.2958 Pre: 1.0000 Re: 1.0000 Acc: 1.0000 F1: 1.0000
Epoch 255: Time: 0.0193 Cost: 0.2940 Pre: 1.0000 Re: 1.0000 Acc: 1.0000 F1: 1.0000
Epoch 256: Time: 0.0201 Cost: 0.2923 Pre: 1.0000 Re: 1.0000 Acc: 1.0000 F1: 1.0000
Epoch 257: Time: 0.0191 Cost: 0.2905 Pre: 1.0000 Re: 1.0000 Acc: 1.0000 F1: 1.0000
Epoch 258: Time: 0.0190 Cost: 0.2888 Pre: 1.0000 Re: 1.0000 Acc: 1.0000 F1: 1.0000
Epoch 259: Time: 0.0198 Cost: 0.2871 Pre: 1.0000 Re: 1.0000 Acc: 1.0000 F1: 1.0000
Epoch 260: Time: 0.0191 Cost: 0.2854 Pre: 1.0000 Re: 1.0000 Acc: 1.0000 F1: 1.0000


--------------------------------------------------------------------
Eval results: Cost:0.1845 Pre:1.0000 Re:1.0000 Acc:1.0000 F1:1.0000
--------------------------------------------------------------------

Epoch 261: Time: 0.0188 Cost: 0.2838 Pre: 1.0000 Re: 1.0000 Acc: 1.0000 F1: 1.0000
Epoch 262: Time: 0.0194 Cost: 0.2821 Pre: 1.0000 Re: 1.0000 Acc: 1.0000 F1: 1.0000
Epoch 263: Time: 0.0192 Cost: 0.2805 Pre: 1.0000 Re: 1.0000 Acc: 1.0000 F1: 1.0000
Epoch 264: Time: 0.0191 Cost: 0.2789 Pre: 1.0000 Re: 1.0000 Acc: 1.0000 F1: 1.0000
Epoch 265: Time: 0.0189 Cost: 0.2773 Pre: 1.0000 Re: 1.0000 Acc: 1.0000 F1: 1.0000
Epoch 266: Time: 0.0190 Cost: 0.2757 Pre: 1.0000 Re: 1.0000 Acc: 1.0000 F1: 1.0000
Epoch 267: Time: 0.0191 Cost: 0.2741 Pre: 1.0000 Re: 1.0000 Acc: 1.0000 F1: 1.0000
Epoch 268: Time: 0.0191 Cost: 0.2726 Pre: 1.0000 Re: 1.0000 Acc: 1.0000 F1: 1.0000
Epoch 269: Time: 0.0191 Cost: 0.2710 Pre: 1.0000 Re: 1.0000 Acc: 1.0000 F1: 1.0000
Epoch 270: Time: 0.0205 Cost: 0.2695 Pre: 1.0000 Re: 1.0000 Acc: 1.0000 F1: 1.0000


--------------------------------------------------------------------
Eval results: Cost:0.1758 Pre:1.0000 Re:1.0000 Acc:1.0000 F1:1.0000
--------------------------------------------------------------------

Epoch 271: Time: 0.0227 Cost: 0.2680 Pre: 1.0000 Re: 1.0000 Acc: 1.0000 F1: 1.0000
Epoch 272: Time: 0.0230 Cost: 0.2665 Pre: 1.0000 Re: 1.0000 Acc: 1.0000 F1: 1.0000
Epoch 273: Time: 0.0233 Cost: 0.2650 Pre: 1.0000 Re: 1.0000 Acc: 1.0000 F1: 1.0000
Epoch 274: Time: 0.0223 Cost: 0.2636 Pre: 1.0000 Re: 1.0000 Acc: 1.0000 F1: 1.0000
Epoch 275: Time: 0.0222 Cost: 0.2621 Pre: 1.0000 Re: 1.0000 Acc: 1.0000 F1: 1.0000
Epoch 276: Time: 0.0210 Cost: 0.2607 Pre: 1.0000 Re: 1.0000 Acc: 1.0000 F1: 1.0000
Epoch 277: Time: 0.0195 Cost: 0.2593 Pre: 1.0000 Re: 1.0000 Acc: 1.0000 F1: 1.0000
Epoch 278: Time: 0.0194 Cost: 0.2579 Pre: 1.0000 Re: 1.0000 Acc: 1.0000 F1: 1.0000
Epoch 279: Time: 0.0193 Cost: 0.2565 Pre: 1.0000 Re: 1.0000 Acc: 1.0000 F1: 1.0000
Epoch 280: Time: 0.0193 Cost: 0.2551 Pre: 1.0000 Re: 1.0000 Acc: 1.0000 F1: 1.0000


--------------------------------------------------------------------
Eval results: Cost:0.1679 Pre:1.0000 Re:1.0000 Acc:1.0000 F1:1.0000
--------------------------------------------------------------------

Epoch 281: Time: 0.0191 Cost: 0.2537 Pre: 1.0000 Re: 1.0000 Acc: 1.0000 F1: 1.0000
Epoch 282: Time: 0.0187 Cost: 0.2524 Pre: 1.0000 Re: 1.0000 Acc: 1.0000 F1: 1.0000
Epoch 283: Time: 0.0198 Cost: 0.2510 Pre: 1.0000 Re: 1.0000 Acc: 1.0000 F1: 1.0000
Epoch 284: Time: 0.0193 Cost: 0.2497 Pre: 1.0000 Re: 1.0000 Acc: 1.0000 F1: 1.0000
Epoch 285: Time: 0.0201 Cost: 0.2484 Pre: 1.0000 Re: 1.0000 Acc: 1.0000 F1: 1.0000
Epoch 286: Time: 0.0195 Cost: 0.2471 Pre: 1.0000 Re: 1.0000 Acc: 1.0000 F1: 1.0000
Epoch 287: Time: 0.0192 Cost: 0.2458 Pre: 1.0000 Re: 1.0000 Acc: 1.0000 F1: 1.0000
Epoch 288: Time: 0.0190 Cost: 0.2445 Pre: 1.0000 Re: 1.0000 Acc: 1.0000 F1: 1.0000
Epoch 289: Time: 0.0201 Cost: 0.2432 Pre: 1.0000 Re: 1.0000 Acc: 1.0000 F1: 1.0000
Epoch 290: Time: 0.0192 Cost: 0.2420 Pre: 1.0000 Re: 1.0000 Acc: 1.0000 F1: 1.0000


--------------------------------------------------------------------
Eval results: Cost:0.1607 Pre:1.0000 Re:1.0000 Acc:1.0000 F1:1.0000
--------------------------------------------------------------------

Epoch 291: Time: 0.0194 Cost: 0.2407 Pre: 1.0000 Re: 1.0000 Acc: 1.0000 F1: 1.0000
Epoch 292: Time: 0.0195 Cost: 0.2395 Pre: 1.0000 Re: 1.0000 Acc: 1.0000 F1: 1.0000
Epoch 293: Time: 0.0188 Cost: 0.2382 Pre: 1.0000 Re: 1.0000 Acc: 1.0000 F1: 1.0000
Epoch 294: Time: 0.0191 Cost: 0.2370 Pre: 1.0000 Re: 1.0000 Acc: 1.0000 F1: 1.0000
Epoch 295: Time: 0.0193 Cost: 0.2358 Pre: 1.0000 Re: 1.0000 Acc: 1.0000 F1: 1.0000
Epoch 296: Time: 0.0217 Cost: 0.2346 Pre: 1.0000 Re: 1.0000 Acc: 1.0000 F1: 1.0000
Epoch 297: Time: 0.0198 Cost: 0.2335 Pre: 1.0000 Re: 1.0000 Acc: 1.0000 F1: 1.0000
Epoch 298: Time: 0.0190 Cost: 0.2323 Pre: 1.0000 Re: 1.0000 Acc: 1.0000 F1: 1.0000
Epoch 299: Time: 0.0191 Cost: 0.2311 Pre: 1.0000 Re: 1.0000 Acc: 1.0000 F1: 1.0000
Epoch 300: Time: 0.0201 Cost: 0.2300 Pre: 1.0000 Re: 1.0000 Acc: 1.0000 F1: 1.0000


--------------------------------------------------------------------
Eval results: Cost:0.1541 Pre:1.0000 Re:1.0000 Acc:1.0000 F1:1.0000
--------------------------------------------------------------------

Epoch 301: Time: 0.0227 Cost: 0.2289 Pre: 1.0000 Re: 1.0000 Acc: 1.0000 F1: 1.0000
Epoch 302: Time: 0.0216 Cost: 0.2277 Pre: 1.0000 Re: 1.0000 Acc: 1.0000 F1: 1.0000
Epoch 303: Time: 0.0224 Cost: 0.2266 Pre: 1.0000 Re: 1.0000 Acc: 1.0000 F1: 1.0000
Epoch 304: Time: 0.0232 Cost: 0.2255 Pre: 1.0000 Re: 1.0000 Acc: 1.0000 F1: 1.0000
Epoch 305: Time: 0.0228 Cost: 0.2244 Pre: 1.0000 Re: 1.0000 Acc: 1.0000 F1: 1.0000
Epoch 306: Time: 0.0217 Cost: 0.2233 Pre: 1.0000 Re: 1.0000 Acc: 1.0000 F1: 1.0000
Epoch 307: Time: 0.0194 Cost: 0.2222 Pre: 1.0000 Re: 1.0000 Acc: 1.0000 F1: 1.0000
Epoch 308: Time: 0.0191 Cost: 0.2212 Pre: 1.0000 Re: 1.0000 Acc: 1.0000 F1: 1.0000
Epoch 309: Time: 0.0205 Cost: 0.2201 Pre: 1.0000 Re: 1.0000 Acc: 1.0000 F1: 1.0000
Epoch 310: Time: 0.0195 Cost: 0.2190 Pre: 1.0000 Re: 1.0000 Acc: 1.0000 F1: 1.0000


--------------------------------------------------------------------
Eval results: Cost:0.1481 Pre:1.0000 Re:1.0000 Acc:1.0000 F1:1.0000
--------------------------------------------------------------------

Epoch 311: Time: 0.0190 Cost: 0.2180 Pre: 1.0000 Re: 1.0000 Acc: 1.0000 F1: 1.0000
Epoch 312: Time: 0.0190 Cost: 0.2170 Pre: 1.0000 Re: 1.0000 Acc: 1.0000 F1: 1.0000
Epoch 313: Time: 0.0199 Cost: 0.2160 Pre: 1.0000 Re: 1.0000 Acc: 1.0000 F1: 1.0000
Epoch 314: Time: 0.0191 Cost: 0.2149 Pre: 1.0000 Re: 1.0000 Acc: 1.0000 F1: 1.0000
Epoch 315: Time: 0.0192 Cost: 0.2139 Pre: 1.0000 Re: 1.0000 Acc: 1.0000 F1: 1.0000
Epoch 316: Time: 0.0195 Cost: 0.2129 Pre: 1.0000 Re: 1.0000 Acc: 1.0000 F1: 1.0000
Epoch 317: Time: 0.0195 Cost: 0.2119 Pre: 1.0000 Re: 1.0000 Acc: 1.0000 F1: 1.0000
Epoch 318: Time: 0.0203 Cost: 0.2110 Pre: 1.0000 Re: 1.0000 Acc: 1.0000 F1: 1.0000
Epoch 319: Time: 0.0227 Cost: 0.2100 Pre: 1.0000 Re: 1.0000 Acc: 1.0000 F1: 1.0000
Epoch 320: Time: 0.0205 Cost: 0.2090 Pre: 1.0000 Re: 1.0000 Acc: 1.0000 F1: 1.0000


--------------------------------------------------------------------
Eval results: Cost:0.1425 Pre:1.0000 Re:1.0000 Acc:1.0000 F1:1.0000
--------------------------------------------------------------------

Epoch 321: Time: 0.0206 Cost: 0.2081 Pre: 1.0000 Re: 1.0000 Acc: 1.0000 F1: 1.0000
Epoch 322: Time: 0.0212 Cost: 0.2071 Pre: 1.0000 Re: 1.0000 Acc: 1.0000 F1: 1.0000
Epoch 323: Time: 0.0300 Cost: 0.2062 Pre: 1.0000 Re: 1.0000 Acc: 1.0000 F1: 1.0000
Epoch 324: Time: 0.0279 Cost: 0.2053 Pre: 1.0000 Re: 1.0000 Acc: 1.0000 F1: 1.0000
Epoch 325: Time: 0.0231 Cost: 0.2044 Pre: 1.0000 Re: 1.0000 Acc: 1.0000 F1: 1.0000
Epoch 326: Time: 0.0234 Cost: 0.2034 Pre: 1.0000 Re: 1.0000 Acc: 1.0000 F1: 1.0000
Epoch 327: Time: 0.0227 Cost: 0.2025 Pre: 1.0000 Re: 1.0000 Acc: 1.0000 F1: 1.0000
Epoch 328: Time: 0.0231 Cost: 0.2016 Pre: 1.0000 Re: 1.0000 Acc: 1.0000 F1: 1.0000
Epoch 329: Time: 0.0209 Cost: 0.2008 Pre: 1.0000 Re: 1.0000 Acc: 1.0000 F1: 1.0000
Epoch 330: Time: 0.0194 Cost: 0.1999 Pre: 1.0000 Re: 1.0000 Acc: 1.0000 F1: 1.0000


--------------------------------------------------------------------
Eval results: Cost:0.1374 Pre:1.0000 Re:1.0000 Acc:1.0000 F1:1.0000
--------------------------------------------------------------------

Epoch 331: Time: 0.0196 Cost: 0.1990 Pre: 1.0000 Re: 1.0000 Acc: 1.0000 F1: 1.0000
Epoch 332: Time: 0.0191 Cost: 0.1981 Pre: 1.0000 Re: 1.0000 Acc: 1.0000 F1: 1.0000
Epoch 333: Time: 0.0188 Cost: 0.1973 Pre: 1.0000 Re: 1.0000 Acc: 1.0000 F1: 1.0000
Epoch 334: Time: 0.0203 Cost: 0.1964 Pre: 1.0000 Re: 1.0000 Acc: 1.0000 F1: 1.0000
Epoch 335: Time: 0.0190 Cost: 0.1956 Pre: 1.0000 Re: 1.0000 Acc: 1.0000 F1: 1.0000
Epoch 336: Time: 0.0192 Cost: 0.1947 Pre: 1.0000 Re: 1.0000 Acc: 1.0000 F1: 1.0000
Epoch 337: Time: 0.0189 Cost: 0.1939 Pre: 1.0000 Re: 1.0000 Acc: 1.0000 F1: 1.0000
Epoch 338: Time: 0.0192 Cost: 0.1931 Pre: 1.0000 Re: 1.0000 Acc: 1.0000 F1: 1.0000
Epoch 339: Time: 0.0247 Cost: 0.1923 Pre: 1.0000 Re: 1.0000 Acc: 1.0000 F1: 1.0000
Epoch 340: Time: 0.0204 Cost: 0.1915 Pre: 1.0000 Re: 1.0000 Acc: 1.0000 F1: 1.0000


--------------------------------------------------------------------
Eval results: Cost:0.1327 Pre:1.0000 Re:1.0000 Acc:1.0000 F1:1.0000
--------------------------------------------------------------------

Epoch 341: Time: 0.0194 Cost: 0.1907 Pre: 1.0000 Re: 1.0000 Acc: 1.0000 F1: 1.0000
Epoch 342: Time: 0.0190 Cost: 0.1899 Pre: 1.0000 Re: 1.0000 Acc: 1.0000 F1: 1.0000
Epoch 343: Time: 0.0193 Cost: 0.1891 Pre: 1.0000 Re: 1.0000 Acc: 1.0000 F1: 1.0000
Epoch 344: Time: 0.0188 Cost: 0.1883 Pre: 1.0000 Re: 1.0000 Acc: 1.0000 F1: 1.0000
Epoch 345: Time: 0.0191 Cost: 0.1875 Pre: 1.0000 Re: 1.0000 Acc: 1.0000 F1: 1.0000
Epoch 346: Time: 0.0209 Cost: 0.1867 Pre: 1.0000 Re: 1.0000 Acc: 1.0000 F1: 1.0000
Epoch 347: Time: 0.0218 Cost: 0.1860 Pre: 1.0000 Re: 1.0000 Acc: 1.0000 F1: 1.0000
Epoch 348: Time: 0.0226 Cost: 0.1852 Pre: 1.0000 Re: 1.0000 Acc: 1.0000 F1: 1.0000
Epoch 349: Time: 0.0225 Cost: 0.1845 Pre: 1.0000 Re: 1.0000 Acc: 1.0000 F1: 1.0000
Epoch 350: Time: 0.0225 Cost: 0.1837 Pre: 1.0000 Re: 1.0000 Acc: 1.0000 F1: 1.0000


--------------------------------------------------------------------
Eval results: Cost:0.1283 Pre:1.0000 Re:1.0000 Acc:1.0000 F1:1.0000
--------------------------------------------------------------------

Epoch 351: Time: 0.0223 Cost: 0.1830 Pre: 1.0000 Re: 1.0000 Acc: 1.0000 F1: 1.0000
Epoch 352: Time: 0.0218 Cost: 0.1822 Pre: 1.0000 Re: 1.0000 Acc: 1.0000 F1: 1.0000
Epoch 353: Time: 0.0192 Cost: 0.1815 Pre: 1.0000 Re: 1.0000 Acc: 1.0000 F1: 1.0000
Epoch 354: Time: 0.0197 Cost: 0.1808 Pre: 1.0000 Re: 1.0000 Acc: 1.0000 F1: 1.0000
Epoch 355: Time: 0.0204 Cost: 0.1801 Pre: 1.0000 Re: 1.0000 Acc: 1.0000 F1: 1.0000
Epoch 356: Time: 0.0193 Cost: 0.1794 Pre: 1.0000 Re: 1.0000 Acc: 1.0000 F1: 1.0000
Epoch 357: Time: 0.0191 Cost: 0.1787 Pre: 1.0000 Re: 1.0000 Acc: 1.0000 F1: 1.0000
Epoch 358: Time: 0.0190 Cost: 0.1780 Pre: 1.0000 Re: 1.0000 Acc: 1.0000 F1: 1.0000
Epoch 359: Time: 0.0199 Cost: 0.1773 Pre: 1.0000 Re: 1.0000 Acc: 1.0000 F1: 1.0000
Epoch 360: Time: 0.0191 Cost: 0.1766 Pre: 1.0000 Re: 1.0000 Acc: 1.0000 F1: 1.0000


--------------------------------------------------------------------
Eval results: Cost:0.1243 Pre:1.0000 Re:1.0000 Acc:1.0000 F1:1.0000
--------------------------------------------------------------------

Epoch 361: Time: 0.0196 Cost: 0.1759 Pre: 1.0000 Re: 1.0000 Acc: 1.0000 F1: 1.0000
Epoch 362: Time: 0.0192 Cost: 0.1752 Pre: 1.0000 Re: 1.0000 Acc: 1.0000 F1: 1.0000
Epoch 363: Time: 0.0189 Cost: 0.1746 Pre: 1.0000 Re: 1.0000 Acc: 1.0000 F1: 1.0000
Epoch 364: Time: 0.0188 Cost: 0.1739 Pre: 1.0000 Re: 1.0000 Acc: 1.0000 F1: 1.0000
Epoch 365: Time: 0.0191 Cost: 0.1732 Pre: 1.0000 Re: 1.0000 Acc: 1.0000 F1: 1.0000
Epoch 366: Time: 0.0190 Cost: 0.1726 Pre: 1.0000 Re: 1.0000 Acc: 1.0000 F1: 1.0000
Epoch 367: Time: 0.0191 Cost: 0.1719 Pre: 1.0000 Re: 1.0000 Acc: 1.0000 F1: 1.0000
Epoch 368: Time: 0.0189 Cost: 0.1713 Pre: 1.0000 Re: 1.0000 Acc: 1.0000 F1: 1.0000
Epoch 369: Time: 0.0189 Cost: 0.1707 Pre: 1.0000 Re: 1.0000 Acc: 1.0000 F1: 1.0000
Epoch 370: Time: 0.0216 Cost: 0.1700 Pre: 1.0000 Re: 1.0000 Acc: 1.0000 F1: 1.0000


--------------------------------------------------------------------
Eval results: Cost:0.1205 Pre:1.0000 Re:1.0000 Acc:1.0000 F1:1.0000
--------------------------------------------------------------------

Epoch 371: Time: 0.0225 Cost: 0.1694 Pre: 1.0000 Re: 1.0000 Acc: 1.0000 F1: 1.0000
Epoch 372: Time: 0.0227 Cost: 0.1688 Pre: 1.0000 Re: 1.0000 Acc: 1.0000 F1: 1.0000
Epoch 373: Time: 0.0226 Cost: 0.1682 Pre: 1.0000 Re: 1.0000 Acc: 1.0000 F1: 1.0000
Epoch 374: Time: 0.0226 Cost: 0.1675 Pre: 1.0000 Re: 1.0000 Acc: 1.0000 F1: 1.0000
Epoch 375: Time: 0.0223 Cost: 0.1669 Pre: 1.0000 Re: 1.0000 Acc: 1.0000 F1: 1.0000
Epoch 376: Time: 0.0203 Cost: 0.1663 Pre: 1.0000 Re: 1.0000 Acc: 1.0000 F1: 1.0000
Epoch 377: Time: 0.0195 Cost: 0.1657 Pre: 1.0000 Re: 1.0000 Acc: 1.0000 F1: 1.0000
Epoch 378: Time: 0.0195 Cost: 0.1652 Pre: 1.0000 Re: 1.0000 Acc: 1.0000 F1: 1.0000
Epoch 379: Time: 0.0197 Cost: 0.1646 Pre: 1.0000 Re: 1.0000 Acc: 1.0000 F1: 1.0000
Epoch 380: Time: 0.0193 Cost: 0.1640 Pre: 1.0000 Re: 1.0000 Acc: 1.0000 F1: 1.0000


--------------------------------------------------------------------
Eval results: Cost:0.1170 Pre:1.0000 Re:1.0000 Acc:1.0000 F1:1.0000
--------------------------------------------------------------------

Epoch 381: Time: 0.0191 Cost: 0.1634 Pre: 1.0000 Re: 1.0000 Acc: 1.0000 F1: 1.0000
Epoch 382: Time: 0.0209 Cost: 0.1628 Pre: 1.0000 Re: 1.0000 Acc: 1.0000 F1: 1.0000
Epoch 383: Time: 0.0200 Cost: 0.1623 Pre: 1.0000 Re: 1.0000 Acc: 1.0000 F1: 1.0000
Epoch 384: Time: 0.0192 Cost: 0.1617 Pre: 1.0000 Re: 1.0000 Acc: 1.0000 F1: 1.0000
Epoch 385: Time: 0.0197 Cost: 0.1611 Pre: 1.0000 Re: 1.0000 Acc: 1.0000 F1: 1.0000
Epoch 386: Time: 0.0191 Cost: 0.1606 Pre: 1.0000 Re: 1.0000 Acc: 1.0000 F1: 1.0000
Epoch 387: Time: 0.0189 Cost: 0.1600 Pre: 1.0000 Re: 1.0000 Acc: 1.0000 F1: 1.0000
Epoch 388: Time: 0.0190 Cost: 0.1595 Pre: 1.0000 Re: 1.0000 Acc: 1.0000 F1: 1.0000
Epoch 389: Time: 0.0188 Cost: 0.1589 Pre: 1.0000 Re: 1.0000 Acc: 1.0000 F1: 1.0000
Epoch 390: Time: 0.0190 Cost: 0.1584 Pre: 1.0000 Re: 1.0000 Acc: 1.0000 F1: 1.0000


--------------------------------------------------------------------
Eval results: Cost:0.1138 Pre:1.0000 Re:1.0000 Acc:1.0000 F1:1.0000
--------------------------------------------------------------------

Epoch 391: Time: 0.0196 Cost: 0.1579 Pre: 1.0000 Re: 1.0000 Acc: 1.0000 F1: 1.0000
Epoch 392: Time: 0.0191 Cost: 0.1573 Pre: 1.0000 Re: 1.0000 Acc: 1.0000 F1: 1.0000
Epoch 393: Time: 0.0218 Cost: 0.1568 Pre: 1.0000 Re: 1.0000 Acc: 1.0000 F1: 1.0000
Epoch 394: Time: 0.0213 Cost: 0.1563 Pre: 1.0000 Re: 1.0000 Acc: 1.0000 F1: 1.0000
Epoch 395: Time: 0.0221 Cost: 0.1558 Pre: 1.0000 Re: 1.0000 Acc: 1.0000 F1: 1.0000
Epoch 396: Time: 0.0213 Cost: 0.1552 Pre: 1.0000 Re: 1.0000 Acc: 1.0000 F1: 1.0000
Epoch 397: Time: 0.0217 Cost: 0.1547 Pre: 1.0000 Re: 1.0000 Acc: 1.0000 F1: 1.0000
Epoch 398: Time: 0.0220 Cost: 0.1542 Pre: 1.0000 Re: 1.0000 Acc: 1.0000 F1: 1.0000
Epoch 399: Time: 0.0218 Cost: 0.1537 Pre: 1.0000 Re: 1.0000 Acc: 1.0000 F1: 1.0000
Epoch 400: Time: 0.0198 Cost: 0.1532 Pre: 1.0000 Re: 1.0000 Acc: 1.0000 F1: 1.0000


--------------------------------------------------------------------
Eval results: Cost:0.1108 Pre:1.0000 Re:1.0000 Acc:1.0000 F1:1.0000
--------------------------------------------------------------------

Epoch 401: Time: 0.0190 Cost: 0.1528 Pre: 1.0000 Re: 1.0000 Acc: 1.0000 F1: 1.0000
Epoch 402: Time: 0.0192 Cost: 0.1523 Pre: 1.0000 Re: 1.0000 Acc: 1.0000 F1: 1.0000
Epoch 403: Time: 0.0197 Cost: 0.1518 Pre: 1.0000 Re: 1.0000 Acc: 1.0000 F1: 1.0000
Epoch 404: Time: 0.0192 Cost: 0.1513 Pre: 1.0000 Re: 1.0000 Acc: 1.0000 F1: 1.0000
Epoch 405: Time: 0.0195 Cost: 0.1508 Pre: 1.0000 Re: 1.0000 Acc: 1.0000 F1: 1.0000
Epoch 406: Time: 0.0193 Cost: 0.1503 Pre: 1.0000 Re: 1.0000 Acc: 1.0000 F1: 1.0000
Epoch 407: Time: 0.0196 Cost: 0.1499 Pre: 1.0000 Re: 1.0000 Acc: 1.0000 F1: 1.0000
Epoch 408: Time: 0.0194 Cost: 0.1494 Pre: 1.0000 Re: 1.0000 Acc: 1.0000 F1: 1.0000
Epoch 409: Time: 0.0194 Cost: 0.1489 Pre: 1.0000 Re: 1.0000 Acc: 1.0000 F1: 1.0000
Epoch 410: Time: 0.0216 Cost: 0.1485 Pre: 1.0000 Re: 1.0000 Acc: 1.0000 F1: 1.0000


--------------------------------------------------------------------
Eval results: Cost:0.1081 Pre:1.0000 Re:1.0000 Acc:1.0000 F1:1.0000
--------------------------------------------------------------------

Epoch 411: Time: 0.0194 Cost: 0.1480 Pre: 1.0000 Re: 1.0000 Acc: 1.0000 F1: 1.0000
Epoch 412: Time: 0.0189 Cost: 0.1476 Pre: 1.0000 Re: 1.0000 Acc: 1.0000 F1: 1.0000
Epoch 413: Time: 0.0190 Cost: 0.1471 Pre: 1.0000 Re: 1.0000 Acc: 1.0000 F1: 1.0000
Epoch 414: Time: 0.0201 Cost: 0.1467 Pre: 1.0000 Re: 1.0000 Acc: 1.0000 F1: 1.0000
Epoch 415: Time: 0.0193 Cost: 0.1462 Pre: 1.0000 Re: 1.0000 Acc: 1.0000 F1: 1.0000
Epoch 416: Time: 0.0194 Cost: 0.1458 Pre: 1.0000 Re: 1.0000 Acc: 1.0000 F1: 1.0000
Epoch 417: Time: 0.0190 Cost: 0.1453 Pre: 1.0000 Re: 1.0000 Acc: 1.0000 F1: 1.0000
Epoch 418: Time: 0.0188 Cost: 0.1449 Pre: 1.0000 Re: 1.0000 Acc: 1.0000 F1: 1.0000
Epoch 419: Time: 0.0190 Cost: 0.1445 Pre: 1.0000 Re: 1.0000 Acc: 1.0000 F1: 1.0000
Epoch 420: Time: 0.0192 Cost: 0.1441 Pre: 1.0000 Re: 1.0000 Acc: 1.0000 F1: 1.0000


--------------------------------------------------------------------
Eval results: Cost:0.1055 Pre:1.0000 Re:1.0000 Acc:1.0000 F1:1.0000
--------------------------------------------------------------------

Epoch 421: Time: 0.0191 Cost: 0.1436 Pre: 1.0000 Re: 1.0000 Acc: 1.0000 F1: 1.0000
Epoch 422: Time: 0.0188 Cost: 0.1432 Pre: 1.0000 Re: 1.0000 Acc: 1.0000 F1: 1.0000
Epoch 423: Time: 0.0191 Cost: 0.1428 Pre: 1.0000 Re: 1.0000 Acc: 1.0000 F1: 1.0000
Epoch 424: Time: 0.0220 Cost: 0.1424 Pre: 1.0000 Re: 1.0000 Acc: 1.0000 F1: 1.0000
Epoch 425: Time: 0.0216 Cost: 0.1420 Pre: 1.0000 Re: 1.0000 Acc: 1.0000 F1: 1.0000
Epoch 426: Time: 0.0214 Cost: 0.1416 Pre: 1.0000 Re: 1.0000 Acc: 1.0000 F1: 1.0000
Epoch 427: Time: 0.0228 Cost: 0.1412 Pre: 1.0000 Re: 1.0000 Acc: 1.0000 F1: 1.0000
Epoch 428: Time: 0.0230 Cost: 0.1408 Pre: 1.0000 Re: 1.0000 Acc: 1.0000 F1: 1.0000
Epoch 429: Time: 0.0226 Cost: 0.1404 Pre: 1.0000 Re: 1.0000 Acc: 1.0000 F1: 1.0000
Epoch 430: Time: 0.0219 Cost: 0.1400 Pre: 1.0000 Re: 1.0000 Acc: 1.0000 F1: 1.0000


--------------------------------------------------------------------
Eval results: Cost:0.1031 Pre:1.0000 Re:1.0000 Acc:1.0000 F1:1.0000
--------------------------------------------------------------------

Epoch 431: Time: 0.0247 Cost: 0.1396 Pre: 1.0000 Re: 1.0000 Acc: 1.0000 F1: 1.0000
Epoch 432: Time: 0.0212 Cost: 0.1392 Pre: 1.0000 Re: 1.0000 Acc: 1.0000 F1: 1.0000
Epoch 433: Time: 0.0195 Cost: 0.1388 Pre: 1.0000 Re: 1.0000 Acc: 1.0000 F1: 1.0000
Epoch 434: Time: 0.0193 Cost: 0.1384 Pre: 1.0000 Re: 1.0000 Acc: 1.0000 F1: 1.0000
Epoch 435: Time: 0.0201 Cost: 0.1381 Pre: 1.0000 Re: 1.0000 Acc: 1.0000 F1: 1.0000
Epoch 436: Time: 0.0193 Cost: 0.1377 Pre: 1.0000 Re: 1.0000 Acc: 1.0000 F1: 1.0000
Epoch 437: Time: 0.0193 Cost: 0.1373 Pre: 1.0000 Re: 1.0000 Acc: 1.0000 F1: 1.0000
Epoch 438: Time: 0.0189 Cost: 0.1369 Pre: 1.0000 Re: 1.0000 Acc: 1.0000 F1: 1.0000
Epoch 439: Time: 0.0207 Cost: 0.1366 Pre: 1.0000 Re: 1.0000 Acc: 1.0000 F1: 1.0000
Epoch 440: Time: 0.0212 Cost: 0.1362 Pre: 1.0000 Re: 1.0000 Acc: 1.0000 F1: 1.0000


--------------------------------------------------------------------
Eval results: Cost:0.1009 Pre:1.0000 Re:1.0000 Acc:1.0000 F1:1.0000
--------------------------------------------------------------------

Epoch 441: Time: 0.0197 Cost: 0.1359 Pre: 1.0000 Re: 1.0000 Acc: 1.0000 F1: 1.0000
Epoch 442: Time: 0.0197 Cost: 0.1355 Pre: 1.0000 Re: 1.0000 Acc: 1.0000 F1: 1.0000
Epoch 443: Time: 0.0190 Cost: 0.1351 Pre: 1.0000 Re: 1.0000 Acc: 1.0000 F1: 1.0000
Epoch 444: Time: 0.0188 Cost: 0.1348 Pre: 1.0000 Re: 1.0000 Acc: 1.0000 F1: 1.0000
Epoch 445: Time: 0.0190 Cost: 0.1344 Pre: 1.0000 Re: 1.0000 Acc: 1.0000 F1: 1.0000
Epoch 446: Time: 0.0190 Cost: 0.1341 Pre: 1.0000 Re: 1.0000 Acc: 1.0000 F1: 1.0000
Epoch 447: Time: 0.0192 Cost: 0.1337 Pre: 1.0000 Re: 1.0000 Acc: 1.0000 F1: 1.0000
Epoch 448: Time: 0.0189 Cost: 0.1334 Pre: 1.0000 Re: 1.0000 Acc: 1.0000 F1: 1.0000
Epoch 449: Time: 0.0188 Cost: 0.1330 Pre: 1.0000 Re: 1.0000 Acc: 1.0000 F1: 1.0000
Epoch 450: Time: 0.0216 Cost: 0.1327 Pre: 1.0000 Re: 1.0000 Acc: 1.0000 F1: 1.0000


--------------------------------------------------------------------
Eval results: Cost:0.0988 Pre:1.0000 Re:1.0000 Acc:1.0000 F1:1.0000
--------------------------------------------------------------------

Epoch 451: Time: 0.0217 Cost: 0.1324 Pre: 1.0000 Re: 1.0000 Acc: 1.0000 F1: 1.0000
Epoch 452: Time: 0.0216 Cost: 0.1320 Pre: 1.0000 Re: 1.0000 Acc: 1.0000 F1: 1.0000
Epoch 453: Time: 0.0216 Cost: 0.1317 Pre: 1.0000 Re: 1.0000 Acc: 1.0000 F1: 1.0000
Epoch 454: Time: 0.0218 Cost: 0.1314 Pre: 1.0000 Re: 1.0000 Acc: 1.0000 F1: 1.0000
Epoch 455: Time: 0.0216 Cost: 0.1311 Pre: 1.0000 Re: 1.0000 Acc: 1.0000 F1: 1.0000
Epoch 456: Time: 0.0216 Cost: 0.1307 Pre: 1.0000 Re: 1.0000 Acc: 1.0000 F1: 1.0000
Epoch 457: Time: 0.0214 Cost: 0.1304 Pre: 1.0000 Re: 1.0000 Acc: 1.0000 F1: 1.0000
Epoch 458: Time: 0.0210 Cost: 0.1301 Pre: 1.0000 Re: 1.0000 Acc: 1.0000 F1: 1.0000
Epoch 459: Time: 0.0191 Cost: 0.1298 Pre: 1.0000 Re: 1.0000 Acc: 1.0000 F1: 1.0000
Epoch 460: Time: 0.0194 Cost: 0.1295 Pre: 1.0000 Re: 1.0000 Acc: 1.0000 F1: 1.0000


--------------------------------------------------------------------
Eval results: Cost:0.0969 Pre:1.0000 Re:1.0000 Acc:1.0000 F1:1.0000
--------------------------------------------------------------------

Epoch 461: Time: 0.0194 Cost: 0.1292 Pre: 1.0000 Re: 1.0000 Acc: 1.0000 F1: 1.0000
Epoch 462: Time: 0.0191 Cost: 0.1288 Pre: 1.0000 Re: 1.0000 Acc: 1.0000 F1: 1.0000
Epoch 463: Time: 0.0195 Cost: 0.1285 Pre: 1.0000 Re: 1.0000 Acc: 1.0000 F1: 1.0000
Epoch 464: Time: 0.0191 Cost: 0.1282 Pre: 1.0000 Re: 1.0000 Acc: 1.0000 F1: 1.0000
Epoch 465: Time: 0.0191 Cost: 0.1279 Pre: 1.0000 Re: 1.0000 Acc: 1.0000 F1: 1.0000
Epoch 466: Time: 0.0191 Cost: 0.1276 Pre: 1.0000 Re: 1.0000 Acc: 1.0000 F1: 1.0000
Epoch 467: Time: 0.0203 Cost: 0.1273 Pre: 1.0000 Re: 1.0000 Acc: 1.0000 F1: 1.0000
Epoch 468: Time: 0.0192 Cost: 0.1270 Pre: 1.0000 Re: 1.0000 Acc: 1.0000 F1: 1.0000
Epoch 469: Time: 0.0187 Cost: 0.1267 Pre: 1.0000 Re: 1.0000 Acc: 1.0000 F1: 1.0000
Epoch 470: Time: 0.0191 Cost: 0.1265 Pre: 1.0000 Re: 1.0000 Acc: 1.0000 F1: 1.0000


--------------------------------------------------------------------
Eval results: Cost:0.0951 Pre:1.0000 Re:1.0000 Acc:1.0000 F1:1.0000
--------------------------------------------------------------------

Epoch 471: Time: 0.0209 Cost: 0.1262 Pre: 1.0000 Re: 1.0000 Acc: 1.0000 F1: 1.0000
Epoch 472: Time: 0.0198 Cost: 0.1259 Pre: 1.0000 Re: 1.0000 Acc: 1.0000 F1: 1.0000
Epoch 473: Time: 0.0196 Cost: 0.1256 Pre: 1.0000 Re: 1.0000 Acc: 1.0000 F1: 1.0000
Epoch 474: Time: 0.0188 Cost: 0.1253 Pre: 1.0000 Re: 1.0000 Acc: 1.0000 F1: 1.0000
Epoch 475: Time: 0.0212 Cost: 0.1250 Pre: 1.0000 Re: 1.0000 Acc: 1.0000 F1: 1.0000
Epoch 476: Time: 0.0215 Cost: 0.1248 Pre: 1.0000 Re: 1.0000 Acc: 1.0000 F1: 1.0000
Epoch 477: Time: 0.0223 Cost: 0.1245 Pre: 1.0000 Re: 1.0000 Acc: 1.0000 F1: 1.0000
Epoch 478: Time: 0.0219 Cost: 0.1242 Pre: 1.0000 Re: 1.0000 Acc: 1.0000 F1: 1.0000
Epoch 479: Time: 0.0224 Cost: 0.1239 Pre: 1.0000 Re: 1.0000 Acc: 1.0000 F1: 1.0000
Epoch 480: Time: 0.0217 Cost: 0.1237 Pre: 1.0000 Re: 1.0000 Acc: 1.0000 F1: 1.0000


--------------------------------------------------------------------
Eval results: Cost:0.0934 Pre:1.0000 Re:1.0000 Acc:1.0000 F1:1.0000
--------------------------------------------------------------------

Epoch 481: Time: 0.0219 Cost: 0.1234 Pre: 1.0000 Re: 1.0000 Acc: 1.0000 F1: 1.0000
Epoch 482: Time: 0.0222 Cost: 0.1231 Pre: 1.0000 Re: 1.0000 Acc: 1.0000 F1: 1.0000
Epoch 483: Time: 0.0202 Cost: 0.1229 Pre: 1.0000 Re: 1.0000 Acc: 1.0000 F1: 1.0000
Epoch 484: Time: 0.0191 Cost: 0.1226 Pre: 1.0000 Re: 1.0000 Acc: 1.0000 F1: 1.0000
Epoch 485: Time: 0.0204 Cost: 0.1223 Pre: 1.0000 Re: 1.0000 Acc: 1.0000 F1: 1.0000
Epoch 486: Time: 0.0198 Cost: 0.1221 Pre: 1.0000 Re: 1.0000 Acc: 1.0000 F1: 1.0000
Epoch 487: Time: 0.0192 Cost: 0.1218 Pre: 1.0000 Re: 1.0000 Acc: 1.0000 F1: 1.0000
Epoch 488: Time: 0.0199 Cost: 0.1216 Pre: 1.0000 Re: 1.0000 Acc: 1.0000 F1: 1.0000
Epoch 489: Time: 0.0192 Cost: 0.1213 Pre: 1.0000 Re: 1.0000 Acc: 1.0000 F1: 1.0000
Epoch 490: Time: 0.0191 Cost: 0.1211 Pre: 1.0000 Re: 1.0000 Acc: 1.0000 F1: 1.0000


--------------------------------------------------------------------
Eval results: Cost:0.0919 Pre:1.0000 Re:1.0000 Acc:1.0000 F1:1.0000
--------------------------------------------------------------------

Epoch 491: Time: 0.0192 Cost: 0.1208 Pre: 1.0000 Re: 1.0000 Acc: 1.0000 F1: 1.0000
Epoch 492: Time: 0.0193 Cost: 0.1206 Pre: 1.0000 Re: 1.0000 Acc: 1.0000 F1: 1.0000
Epoch 493: Time: 0.0198 Cost: 0.1203 Pre: 1.0000 Re: 1.0000 Acc: 1.0000 F1: 1.0000
Epoch 494: Time: 0.0188 Cost: 0.1201 Pre: 1.0000 Re: 1.0000 Acc: 1.0000 F1: 1.0000
Epoch 495: Time: 0.0195 Cost: 0.1198 Pre: 1.0000 Re: 1.0000 Acc: 1.0000 F1: 1.0000
Epoch 496: Time: 0.0192 Cost: 0.1196 Pre: 1.0000 Re: 1.0000 Acc: 1.0000 F1: 1.0000
Epoch 497: Time: 0.0191 Cost: 0.1194 Pre: 1.0000 Re: 1.0000 Acc: 1.0000 F1: 1.0000
Epoch 498: Time: 0.0190 Cost: 0.1191 Pre: 1.0000 Re: 1.0000 Acc: 1.0000 F1: 1.0000
Epoch 499: Time: 0.0188 Cost: 0.1189 Pre: 1.0000 Re: 1.0000 Acc: 1.0000 F1: 1.0000
Epoch 500: Time: 0.0195 Cost: 0.1187 Pre: 1.0000 Re: 1.0000 Acc: 1.0000 F1: 1.0000


--------------------------------------------------------------------
Eval results: Cost:0.0904 Pre:1.0000 Re:1.0000 Acc:1.0000 F1:1.0000
--------------------------------------------------------------------

Epoch 501: Time: 0.0218 Cost: 0.1184 Pre: 1.0000 Re: 1.0000 Acc: 1.0000 F1: 1.0000
Epoch 502: Time: 0.0247 Cost: 0.1182 Pre: 1.0000 Re: 1.0000 Acc: 1.0000 F1: 1.0000
Epoch 503: Time: 0.0247 Cost: 0.1180 Pre: 1.0000 Re: 1.0000 Acc: 1.0000 F1: 1.0000
Epoch 504: Time: 0.0240 Cost: 0.1177 Pre: 1.0000 Re: 1.0000 Acc: 1.0000 F1: 1.0000
Epoch 505: Time: 0.0237 Cost: 0.1175 Pre: 1.0000 Re: 1.0000 Acc: 1.0000 F1: 1.0000
Epoch 506: Time: 0.0224 Cost: 0.1173 Pre: 1.0000 Re: 1.0000 Acc: 1.0000 F1: 1.0000
Epoch 507: Time: 0.0223 Cost: 0.1171 Pre: 1.0000 Re: 1.0000 Acc: 1.0000 F1: 1.0000
Epoch 508: Time: 0.0210 Cost: 0.1169 Pre: 1.0000 Re: 1.0000 Acc: 1.0000 F1: 1.0000
Epoch 509: Time: 0.0226 Cost: 0.1166 Pre: 1.0000 Re: 1.0000 Acc: 1.0000 F1: 1.0000
Epoch 510: Time: 0.0263 Cost: 0.1164 Pre: 1.0000 Re: 1.0000 Acc: 1.0000 F1: 1.0000


--------------------------------------------------------------------
Eval results: Cost:0.0891 Pre:1.0000 Re:1.0000 Acc:1.0000 F1:1.0000
--------------------------------------------------------------------

Epoch 511: Time: 0.0195 Cost: 0.1162 Pre: 1.0000 Re: 1.0000 Acc: 1.0000 F1: 1.0000
Epoch 512: Time: 0.0192 Cost: 0.1160 Pre: 1.0000 Re: 1.0000 Acc: 1.0000 F1: 1.0000
Epoch 513: Time: 0.0188 Cost: 0.1158 Pre: 1.0000 Re: 1.0000 Acc: 1.0000 F1: 1.0000
Epoch 514: Time: 0.0191 Cost: 0.1156 Pre: 1.0000 Re: 1.0000 Acc: 1.0000 F1: 1.0000
Epoch 515: Time: 0.0213 Cost: 0.1153 Pre: 1.0000 Re: 1.0000 Acc: 1.0000 F1: 1.0000
Epoch 516: Time: 0.0199 Cost: 0.1151 Pre: 1.0000 Re: 1.0000 Acc: 1.0000 F1: 1.0000
Epoch 517: Time: 0.0195 Cost: 0.1149 Pre: 1.0000 Re: 1.0000 Acc: 1.0000 F1: 1.0000
Epoch 518: Time: 0.0191 Cost: 0.1147 Pre: 1.0000 Re: 1.0000 Acc: 1.0000 F1: 1.0000
Epoch 519: Time: 0.0188 Cost: 0.1145 Pre: 1.0000 Re: 1.0000 Acc: 1.0000 F1: 1.0000
Epoch 520: Time: 0.0191 Cost: 0.1143 Pre: 1.0000 Re: 1.0000 Acc: 1.0000 F1: 1.0000


--------------------------------------------------------------------
Eval results: Cost:0.0878 Pre:1.0000 Re:1.0000 Acc:1.0000 F1:1.0000
--------------------------------------------------------------------

Epoch 521: Time: 0.0192 Cost: 0.1141 Pre: 1.0000 Re: 1.0000 Acc: 1.0000 F1: 1.0000
Epoch 522: Time: 0.0191 Cost: 0.1139 Pre: 1.0000 Re: 1.0000 Acc: 1.0000 F1: 1.0000
Epoch 523: Time: 0.0192 Cost: 0.1137 Pre: 1.0000 Re: 1.0000 Acc: 1.0000 F1: 1.0000
Epoch 524: Time: 0.0190 Cost: 0.1135 Pre: 1.0000 Re: 1.0000 Acc: 1.0000 F1: 1.0000
Epoch 525: Time: 0.0208 Cost: 0.1133 Pre: 1.0000 Re: 1.0000 Acc: 1.0000 F1: 1.0000
Epoch 526: Time: 0.0218 Cost: 0.1131 Pre: 1.0000 Re: 1.0000 Acc: 1.0000 F1: 1.0000
Epoch 527: Time: 0.0217 Cost: 0.1129 Pre: 1.0000 Re: 1.0000 Acc: 1.0000 F1: 1.0000
Epoch 528: Time: 0.0212 Cost: 0.1128 Pre: 1.0000 Re: 1.0000 Acc: 1.0000 F1: 1.0000
Epoch 529: Time: 0.0210 Cost: 0.1126 Pre: 1.0000 Re: 1.0000 Acc: 1.0000 F1: 1.0000
Epoch 530: Time: 0.0214 Cost: 0.1124 Pre: 1.0000 Re: 1.0000 Acc: 1.0000 F1: 1.0000


--------------------------------------------------------------------
Eval results: Cost:0.0867 Pre:1.0000 Re:1.0000 Acc:1.0000 F1:1.0000
--------------------------------------------------------------------

Epoch 531: Time: 0.0217 Cost: 0.1122 Pre: 1.0000 Re: 1.0000 Acc: 1.0000 F1: 1.0000
Epoch 532: Time: 0.0218 Cost: 0.1120 Pre: 1.0000 Re: 1.0000 Acc: 1.0000 F1: 1.0000
Epoch 533: Time: 0.0204 Cost: 0.1118 Pre: 1.0000 Re: 1.0000 Acc: 1.0000 F1: 1.0000
Epoch 534: Time: 0.0193 Cost: 0.1116 Pre: 1.0000 Re: 1.0000 Acc: 1.0000 F1: 1.0000
Epoch 535: Time: 0.0206 Cost: 0.1115 Pre: 1.0000 Re: 1.0000 Acc: 1.0000 F1: 1.0000
Epoch 536: Time: 0.0194 Cost: 0.1113 Pre: 1.0000 Re: 1.0000 Acc: 1.0000 F1: 1.0000
Epoch 537: Time: 0.0194 Cost: 0.1111 Pre: 1.0000 Re: 1.0000 Acc: 1.0000 F1: 1.0000
Epoch 538: Time: 0.0201 Cost: 0.1109 Pre: 1.0000 Re: 1.0000 Acc: 1.0000 F1: 1.0000
Epoch 539: Time: 0.0190 Cost: 0.1107 Pre: 1.0000 Re: 1.0000 Acc: 1.0000 F1: 1.0000
Epoch 540: Time: 0.0191 Cost: 0.1106 Pre: 1.0000 Re: 1.0000 Acc: 1.0000 F1: 1.0000


--------------------------------------------------------------------
Eval results: Cost:0.0856 Pre:1.0000 Re:1.0000 Acc:1.0000 F1:1.0000
--------------------------------------------------------------------

Epoch 541: Time: 0.0192 Cost: 0.1104 Pre: 1.0000 Re: 1.0000 Acc: 1.0000 F1: 1.0000
Epoch 542: Time: 0.0190 Cost: 0.1102 Pre: 1.0000 Re: 1.0000 Acc: 1.0000 F1: 1.0000
Epoch 543: Time: 0.0190 Cost: 0.1100 Pre: 1.0000 Re: 1.0000 Acc: 1.0000 F1: 1.0000
Epoch 544: Time: 0.0193 Cost: 0.1099 Pre: 1.0000 Re: 1.0000 Acc: 1.0000 F1: 1.0000
Epoch 545: Time: 0.0190 Cost: 0.1097 Pre: 1.0000 Re: 1.0000 Acc: 1.0000 F1: 1.0000
Epoch 546: Time: 0.0191 Cost: 0.1095 Pre: 1.0000 Re: 1.0000 Acc: 1.0000 F1: 1.0000
Epoch 547: Time: 0.0189 Cost: 0.1094 Pre: 1.0000 Re: 1.0000 Acc: 1.0000 F1: 1.0000
Epoch 548: Time: 0.0188 Cost: 0.1092 Pre: 1.0000 Re: 1.0000 Acc: 1.0000 F1: 1.0000
Epoch 549: Time: 0.0191 Cost: 0.1090 Pre: 1.0000 Re: 1.0000 Acc: 1.0000 F1: 1.0000
Epoch 550: Time: 0.0202 Cost: 0.1089 Pre: 1.0000 Re: 1.0000 Acc: 1.0000 F1: 1.0000


--------------------------------------------------------------------
Eval results: Cost:0.0845 Pre:1.0000 Re:1.0000 Acc:1.0000 F1:1.0000
--------------------------------------------------------------------

Epoch 551: Time: 0.0221 Cost: 0.1087 Pre: 1.0000 Re: 1.0000 Acc: 1.0000 F1: 1.0000
Epoch 552: Time: 0.0216 Cost: 0.1085 Pre: 1.0000 Re: 1.0000 Acc: 1.0000 F1: 1.0000
Epoch 553: Time: 0.0217 Cost: 0.1084 Pre: 1.0000 Re: 1.0000 Acc: 1.0000 F1: 1.0000
Epoch 554: Time: 0.0223 Cost: 0.1082 Pre: 1.0000 Re: 1.0000 Acc: 1.0000 F1: 1.0000
Epoch 555: Time: 0.0213 Cost: 0.1081 Pre: 1.0000 Re: 1.0000 Acc: 1.0000 F1: 1.0000
Epoch 556: Time: 0.0219 Cost: 0.1079 Pre: 1.0000 Re: 1.0000 Acc: 1.0000 F1: 1.0000
Epoch 557: Time: 0.0228 Cost: 0.1077 Pre: 1.0000 Re: 1.0000 Acc: 1.0000 F1: 1.0000
Epoch 558: Time: 0.0196 Cost: 0.1076 Pre: 1.0000 Re: 1.0000 Acc: 1.0000 F1: 1.0000
Epoch 559: Time: 0.0195 Cost: 0.1074 Pre: 1.0000 Re: 1.0000 Acc: 1.0000 F1: 1.0000
Epoch 560: Time: 0.0227 Cost: 0.1073 Pre: 1.0000 Re: 1.0000 Acc: 1.0000 F1: 1.0000


--------------------------------------------------------------------
Eval results: Cost:0.0836 Pre:1.0000 Re:1.0000 Acc:1.0000 F1:1.0000
--------------------------------------------------------------------

Epoch 561: Time: 0.0195 Cost: 0.1071 Pre: 1.0000 Re: 1.0000 Acc: 1.0000 F1: 1.0000
Epoch 562: Time: 0.0196 Cost: 0.1070 Pre: 1.0000 Re: 1.0000 Acc: 1.0000 F1: 1.0000
Epoch 563: Time: 0.0189 Cost: 0.1068 Pre: 1.0000 Re: 1.0000 Acc: 1.0000 F1: 1.0000
Epoch 564: Time: 0.0196 Cost: 0.1067 Pre: 1.0000 Re: 1.0000 Acc: 1.0000 F1: 1.0000
Epoch 565: Time: 0.0191 Cost: 0.1065 Pre: 1.0000 Re: 1.0000 Acc: 1.0000 F1: 1.0000
Epoch 566: Time: 0.0194 Cost: 0.1064 Pre: 1.0000 Re: 1.0000 Acc: 1.0000 F1: 1.0000
Epoch 567: Time: 0.0191 Cost: 0.1062 Pre: 1.0000 Re: 1.0000 Acc: 1.0000 F1: 1.0000
Epoch 568: Time: 0.0189 Cost: 0.1061 Pre: 1.0000 Re: 1.0000 Acc: 1.0000 F1: 1.0000
Epoch 569: Time: 0.0191 Cost: 0.1059 Pre: 1.0000 Re: 1.0000 Acc: 1.0000 F1: 1.0000
Epoch 570: Time: 0.0192 Cost: 0.1058 Pre: 1.0000 Re: 1.0000 Acc: 1.0000 F1: 1.0000


--------------------------------------------------------------------
Eval results: Cost:0.0827 Pre:1.0000 Re:1.0000 Acc:1.0000 F1:1.0000
--------------------------------------------------------------------

Epoch 571: Time: 0.0191 Cost: 0.1057 Pre: 1.0000 Re: 1.0000 Acc: 1.0000 F1: 1.0000
Epoch 572: Time: 0.0189 Cost: 0.1055 Pre: 1.0000 Re: 1.0000 Acc: 1.0000 F1: 1.0000
Epoch 573: Time: 0.0189 Cost: 0.1054 Pre: 1.0000 Re: 1.0000 Acc: 1.0000 F1: 1.0000
Epoch 574: Time: 0.0218 Cost: 0.1052 Pre: 1.0000 Re: 1.0000 Acc: 1.0000 F1: 1.0000
Epoch 575: Time: 0.0215 Cost: 0.1051 Pre: 1.0000 Re: 1.0000 Acc: 1.0000 F1: 1.0000
Epoch 576: Time: 0.0211 Cost: 0.1049 Pre: 1.0000 Re: 1.0000 Acc: 1.0000 F1: 1.0000
Epoch 577: Time: 0.0212 Cost: 0.1048 Pre: 1.0000 Re: 1.0000 Acc: 1.0000 F1: 1.0000
Epoch 578: Time: 0.0217 Cost: 0.1047 Pre: 1.0000 Re: 1.0000 Acc: 1.0000 F1: 1.0000
Epoch 579: Time: 0.0216 Cost: 0.1045 Pre: 1.0000 Re: 1.0000 Acc: 1.0000 F1: 1.0000
Epoch 580: Time: 0.0219 Cost: 0.1044 Pre: 1.0000 Re: 1.0000 Acc: 1.0000 F1: 1.0000


--------------------------------------------------------------------
Eval results: Cost:0.0818 Pre:1.0000 Re:1.0000 Acc:1.0000 F1:1.0000
--------------------------------------------------------------------

Epoch 581: Time: 0.0212 Cost: 0.1043 Pre: 1.0000 Re: 1.0000 Acc: 1.0000 F1: 1.0000
Epoch 582: Time: 0.0199 Cost: 0.1041 Pre: 1.0000 Re: 1.0000 Acc: 1.0000 F1: 1.0000
Epoch 583: Time: 0.0193 Cost: 0.1040 Pre: 1.0000 Re: 1.0000 Acc: 1.0000 F1: 1.0000
Epoch 584: Time: 0.0204 Cost: 0.1039 Pre: 1.0000 Re: 1.0000 Acc: 1.0000 F1: 1.0000
Epoch 585: Time: 0.0191 Cost: 0.1037 Pre: 1.0000 Re: 1.0000 Acc: 1.0000 F1: 1.0000
Epoch 586: Time: 0.0198 Cost: 0.1036 Pre: 1.0000 Re: 1.0000 Acc: 1.0000 F1: 1.0000
Epoch 587: Time: 0.0188 Cost: 0.1035 Pre: 1.0000 Re: 1.0000 Acc: 1.0000 F1: 1.0000
Epoch 588: Time: 0.0190 Cost: 0.1034 Pre: 1.0000 Re: 1.0000 Acc: 1.0000 F1: 1.0000
Epoch 589: Time: 0.0192 Cost: 0.1032 Pre: 1.0000 Re: 1.0000 Acc: 1.0000 F1: 1.0000
Epoch 590: Time: 0.0191 Cost: 0.1031 Pre: 1.0000 Re: 1.0000 Acc: 1.0000 F1: 1.0000


--------------------------------------------------------------------
Eval results: Cost:0.0810 Pre:1.0000 Re:1.0000 Acc:1.0000 F1:1.0000
--------------------------------------------------------------------

Epoch 591: Time: 0.0190 Cost: 0.1030 Pre: 1.0000 Re: 1.0000 Acc: 1.0000 F1: 1.0000
Epoch 592: Time: 0.0188 Cost: 0.1028 Pre: 1.0000 Re: 1.0000 Acc: 1.0000 F1: 1.0000
Epoch 593: Time: 0.0192 Cost: 0.1027 Pre: 1.0000 Re: 1.0000 Acc: 1.0000 F1: 1.0000
Epoch 594: Time: 0.0191 Cost: 0.1026 Pre: 1.0000 Re: 1.0000 Acc: 1.0000 F1: 1.0000
Epoch 595: Time: 0.0193 Cost: 0.1025 Pre: 1.0000 Re: 1.0000 Acc: 1.0000 F1: 1.0000
Epoch 596: Time: 0.0189 Cost: 0.1024 Pre: 1.0000 Re: 1.0000 Acc: 1.0000 F1: 1.0000
Epoch 597: Time: 0.0189 Cost: 0.1022 Pre: 1.0000 Re: 1.0000 Acc: 1.0000 F1: 1.0000
Epoch 598: Time: 0.0191 Cost: 0.1021 Pre: 1.0000 Re: 1.0000 Acc: 1.0000 F1: 1.0000
Epoch 599: Time: 0.0211 Cost: 0.1020 Pre: 1.0000 Re: 1.0000 Acc: 1.0000 F1: 1.0000
Epoch 600: Time: 0.0213 Cost: 0.1019 Pre: 1.0000 Re: 1.0000 Acc: 1.0000 F1: 1.0000


--------------------------------------------------------------------
Eval results: Cost:0.0803 Pre:1.0000 Re:1.0000 Acc:1.0000 F1:1.0000
--------------------------------------------------------------------

Epoch 601: Time: 0.0213 Cost: 0.1018 Pre: 1.0000 Re: 1.0000 Acc: 1.0000 F1: 1.0000
Epoch 602: Time: 0.0209 Cost: 0.1016 Pre: 1.0000 Re: 1.0000 Acc: 1.0000 F1: 1.0000
Epoch 603: Time: 0.0216 Cost: 0.1015 Pre: 1.0000 Re: 1.0000 Acc: 1.0000 F1: 1.0000
Epoch 604: Time: 0.0228 Cost: 0.1014 Pre: 1.0000 Re: 1.0000 Acc: 1.0000 F1: 1.0000
Epoch 605: Time: 0.0221 Cost: 0.1013 Pre: 1.0000 Re: 1.0000 Acc: 1.0000 F1: 1.0000
Epoch 606: Time: 0.0206 Cost: 0.1012 Pre: 1.0000 Re: 1.0000 Acc: 1.0000 F1: 1.0000
Epoch 607: Time: 0.0200 Cost: 0.1011 Pre: 1.0000 Re: 1.0000 Acc: 1.0000 F1: 1.0000
Epoch 608: Time: 0.0192 Cost: 0.1009 Pre: 1.0000 Re: 1.0000 Acc: 1.0000 F1: 1.0000
Epoch 609: Time: 0.0228 Cost: 0.1008 Pre: 1.0000 Re: 1.0000 Acc: 1.0000 F1: 1.0000
Epoch 610: Time: 0.0214 Cost: 0.1007 Pre: 1.0000 Re: 1.0000 Acc: 1.0000 F1: 1.0000


--------------------------------------------------------------------
Eval results: Cost:0.0796 Pre:1.0000 Re:1.0000 Acc:1.0000 F1:1.0000
--------------------------------------------------------------------

Epoch 611: Time: 0.0190 Cost: 0.1006 Pre: 1.0000 Re: 1.0000 Acc: 1.0000 F1: 1.0000
Epoch 612: Time: 0.0199 Cost: 0.1005 Pre: 1.0000 Re: 1.0000 Acc: 1.0000 F1: 1.0000
Epoch 613: Time: 0.0192 Cost: 0.1004 Pre: 1.0000 Re: 1.0000 Acc: 1.0000 F1: 1.0000
Epoch 614: Time: 0.0191 Cost: 0.1003 Pre: 1.0000 Re: 1.0000 Acc: 1.0000 F1: 1.0000
Epoch 615: Time: 0.0195 Cost: 0.1002 Pre: 1.0000 Re: 1.0000 Acc: 1.0000 F1: 1.0000
Epoch 616: Time: 0.0189 Cost: 0.1001 Pre: 1.0000 Re: 1.0000 Acc: 1.0000 F1: 1.0000
Epoch 617: Time: 0.0188 Cost: 0.1000 Pre: 1.0000 Re: 1.0000 Acc: 1.0000 F1: 1.0000
Epoch 618: Time: 0.0191 Cost: 0.0999 Pre: 1.0000 Re: 1.0000 Acc: 1.0000 F1: 1.0000
Epoch 619: Time: 0.0195 Cost: 0.0997 Pre: 1.0000 Re: 1.0000 Acc: 1.0000 F1: 1.0000
Epoch 620: Time: 0.0191 Cost: 0.0996 Pre: 1.0000 Re: 1.0000 Acc: 1.0000 F1: 1.0000


--------------------------------------------------------------------
Eval results: Cost:0.0789 Pre:1.0000 Re:1.0000 Acc:1.0000 F1:1.0000
--------------------------------------------------------------------

Epoch 621: Time: 0.0190 Cost: 0.0995 Pre: 1.0000 Re: 1.0000 Acc: 1.0000 F1: 1.0000
Epoch 622: Time: 0.0190 Cost: 0.0994 Pre: 1.0000 Re: 1.0000 Acc: 1.0000 F1: 1.0000
Epoch 623: Time: 0.0216 Cost: 0.0993 Pre: 1.0000 Re: 1.0000 Acc: 1.0000 F1: 1.0000
Epoch 624: Time: 0.0213 Cost: 0.0992 Pre: 1.0000 Re: 1.0000 Acc: 1.0000 F1: 1.0000
Epoch 625: Time: 0.0217 Cost: 0.0991 Pre: 1.0000 Re: 1.0000 Acc: 1.0000 F1: 1.0000
Epoch 626: Time: 0.0214 Cost: 0.0990 Pre: 1.0000 Re: 1.0000 Acc: 1.0000 F1: 1.0000
Epoch 627: Time: 0.0223 Cost: 0.0989 Pre: 1.0000 Re: 1.0000 Acc: 1.0000 F1: 1.0000
Epoch 628: Time: 0.0219 Cost: 0.0988 Pre: 1.0000 Re: 1.0000 Acc: 1.0000 F1: 1.0000
Epoch 629: Time: 0.0220 Cost: 0.0987 Pre: 1.0000 Re: 1.0000 Acc: 1.0000 F1: 1.0000
Epoch 630: Time: 0.0219 Cost: 0.0986 Pre: 1.0000 Re: 1.0000 Acc: 1.0000 F1: 1.0000


--------------------------------------------------------------------
Eval results: Cost:0.0783 Pre:1.0000 Re:1.0000 Acc:1.0000 F1:1.0000
--------------------------------------------------------------------

Epoch 631: Time: 0.0194 Cost: 0.0985 Pre: 1.0000 Re: 1.0000 Acc: 1.0000 F1: 1.0000
Epoch 632: Time: 0.0200 Cost: 0.0984 Pre: 1.0000 Re: 1.0000 Acc: 1.0000 F1: 1.0000
Epoch 633: Time: 0.0199 Cost: 0.0983 Pre: 1.0000 Re: 1.0000 Acc: 1.0000 F1: 1.0000
Epoch 634: Time: 0.0193 Cost: 0.0982 Pre: 1.0000 Re: 1.0000 Acc: 1.0000 F1: 1.0000
Epoch 635: Time: 0.0204 Cost: 0.0981 Pre: 1.0000 Re: 1.0000 Acc: 1.0000 F1: 1.0000
Epoch 636: Time: 0.0191 Cost: 0.0980 Pre: 1.0000 Re: 1.0000 Acc: 1.0000 F1: 1.0000
Epoch 637: Time: 0.0190 Cost: 0.0979 Pre: 1.0000 Re: 1.0000 Acc: 1.0000 F1: 1.0000
Epoch 638: Time: 0.0191 Cost: 0.0978 Pre: 1.0000 Re: 1.0000 Acc: 1.0000 F1: 1.0000
Epoch 639: Time: 0.0192 Cost: 0.0978 Pre: 1.0000 Re: 1.0000 Acc: 1.0000 F1: 1.0000
Epoch 640: Time: 0.0190 Cost: 0.0977 Pre: 1.0000 Re: 1.0000 Acc: 1.0000 F1: 1.0000


--------------------------------------------------------------------
Eval results: Cost:0.0777 Pre:1.0000 Re:1.0000 Acc:1.0000 F1:1.0000
--------------------------------------------------------------------

Epoch 641: Time: 0.0189 Cost: 0.0976 Pre: 1.0000 Re: 1.0000 Acc: 1.0000 F1: 1.0000
Epoch 642: Time: 0.0194 Cost: 0.0975 Pre: 1.0000 Re: 1.0000 Acc: 1.0000 F1: 1.0000
Epoch 643: Time: 0.0193 Cost: 0.0974 Pre: 1.0000 Re: 1.0000 Acc: 1.0000 F1: 1.0000
Epoch 644: Time: 0.0191 Cost: 0.0973 Pre: 1.0000 Re: 1.0000 Acc: 1.0000 F1: 1.0000
Epoch 645: Time: 0.0194 Cost: 0.0972 Pre: 1.0000 Re: 1.0000 Acc: 1.0000 F1: 1.0000
Epoch 646: Time: 0.0189 Cost: 0.0971 Pre: 1.0000 Re: 1.0000 Acc: 1.0000 F1: 1.0000
Epoch 647: Time: 0.0191 Cost: 0.0970 Pre: 1.0000 Re: 1.0000 Acc: 1.0000 F1: 1.0000
Epoch 648: Time: 0.0192 Cost: 0.0969 Pre: 1.0000 Re: 1.0000 Acc: 1.0000 F1: 1.0000
Epoch 649: Time: 0.0204 Cost: 0.0968 Pre: 1.0000 Re: 1.0000 Acc: 1.0000 F1: 1.0000
Epoch 650: Time: 0.0201 Cost: 0.0968 Pre: 1.0000 Re: 1.0000 Acc: 1.0000 F1: 1.0000


--------------------------------------------------------------------
Eval results: Cost:0.0771 Pre:1.0000 Re:1.0000 Acc:1.0000 F1:1.0000
--------------------------------------------------------------------

Epoch 651: Time: 0.0213 Cost: 0.0967 Pre: 1.0000 Re: 1.0000 Acc: 1.0000 F1: 1.0000
Epoch 652: Time: 0.0209 Cost: 0.0966 Pre: 1.0000 Re: 1.0000 Acc: 1.0000 F1: 1.0000
Epoch 653: Time: 0.0212 Cost: 0.0965 Pre: 1.0000 Re: 1.0000 Acc: 1.0000 F1: 1.0000
Epoch 654: Time: 0.0219 Cost: 0.0964 Pre: 1.0000 Re: 1.0000 Acc: 1.0000 F1: 1.0000
Epoch 655: Time: 0.0216 Cost: 0.0963 Pre: 1.0000 Re: 1.0000 Acc: 1.0000 F1: 1.0000
Epoch 656: Time: 0.0215 Cost: 0.0962 Pre: 1.0000 Re: 1.0000 Acc: 1.0000 F1: 1.0000
Epoch 657: Time: 0.0218 Cost: 0.0962 Pre: 1.0000 Re: 1.0000 Acc: 1.0000 F1: 1.0000
Epoch 658: Time: 0.0206 Cost: 0.0961 Pre: 1.0000 Re: 1.0000 Acc: 1.0000 F1: 1.0000
Epoch 659: Time: 0.0197 Cost: 0.0960 Pre: 1.0000 Re: 1.0000 Acc: 1.0000 F1: 1.0000
Epoch 660: Time: 0.0199 Cost: 0.0959 Pre: 1.0000 Re: 1.0000 Acc: 1.0000 F1: 1.0000


--------------------------------------------------------------------
Eval results: Cost:0.0766 Pre:1.0000 Re:1.0000 Acc:1.0000 F1:1.0000
--------------------------------------------------------------------

Epoch 661: Time: 0.0193 Cost: 0.0958 Pre: 1.0000 Re: 1.0000 Acc: 1.0000 F1: 1.0000
Epoch 662: Time: 0.0194 Cost: 0.0957 Pre: 1.0000 Re: 1.0000 Acc: 1.0000 F1: 1.0000
Epoch 663: Time: 0.0204 Cost: 0.0957 Pre: 1.0000 Re: 1.0000 Acc: 1.0000 F1: 1.0000
Epoch 664: Time: 0.0192 Cost: 0.0956 Pre: 1.0000 Re: 1.0000 Acc: 1.0000 F1: 1.0000
Epoch 665: Time: 0.0189 Cost: 0.0955 Pre: 1.0000 Re: 1.0000 Acc: 1.0000 F1: 1.0000
Epoch 666: Time: 0.0189 Cost: 0.0954 Pre: 1.0000 Re: 1.0000 Acc: 1.0000 F1: 1.0000
Epoch 667: Time: 0.0195 Cost: 0.0953 Pre: 1.0000 Re: 1.0000 Acc: 1.0000 F1: 1.0000
Epoch 668: Time: 0.0193 Cost: 0.0952 Pre: 1.0000 Re: 1.0000 Acc: 1.0000 F1: 1.0000
Epoch 669: Time: 0.0190 Cost: 0.0952 Pre: 1.0000 Re: 1.0000 Acc: 1.0000 F1: 1.0000
Epoch 670: Time: 0.0194 Cost: 0.0951 Pre: 1.0000 Re: 1.0000 Acc: 1.0000 F1: 1.0000


--------------------------------------------------------------------
Eval results: Cost:0.0761 Pre:1.0000 Re:1.0000 Acc:1.0000 F1:1.0000
--------------------------------------------------------------------

Epoch 671: Time: 0.0193 Cost: 0.0950 Pre: 1.0000 Re: 1.0000 Acc: 1.0000 F1: 1.0000
Epoch 672: Time: 0.0193 Cost: 0.0949 Pre: 1.0000 Re: 1.0000 Acc: 1.0000 F1: 1.0000
Epoch 673: Time: 0.0192 Cost: 0.0949 Pre: 1.0000 Re: 1.0000 Acc: 1.0000 F1: 1.0000
Epoch 674: Time: 0.0194 Cost: 0.0948 Pre: 1.0000 Re: 1.0000 Acc: 1.0000 F1: 1.0000
Epoch 675: Time: 0.0215 Cost: 0.0947 Pre: 1.0000 Re: 1.0000 Acc: 1.0000 F1: 1.0000
Epoch 676: Time: 0.0206 Cost: 0.0946 Pre: 1.0000 Re: 1.0000 Acc: 1.0000 F1: 1.0000
Epoch 677: Time: 0.0216 Cost: 0.0945 Pre: 1.0000 Re: 1.0000 Acc: 1.0000 F1: 1.0000
Epoch 678: Time: 0.0215 Cost: 0.0945 Pre: 1.0000 Re: 1.0000 Acc: 1.0000 F1: 1.0000
Epoch 679: Time: 0.0213 Cost: 0.0944 Pre: 1.0000 Re: 1.0000 Acc: 1.0000 F1: 1.0000
Epoch 680: Time: 0.0214 Cost: 0.0943 Pre: 1.0000 Re: 1.0000 Acc: 1.0000 F1: 1.0000


--------------------------------------------------------------------
Eval results: Cost:0.0756 Pre:1.0000 Re:1.0000 Acc:1.0000 F1:1.0000
--------------------------------------------------------------------

Early stopping...
--------------------------------------------------------------------
--------------------------------------------------------------------
Test 464 samples take time: 0.0748
Test results: Cost:0.0504 Pre:1.0000 Re:1.0000 Acc:1.0000 F1:1.0000
--------------------------------------------------------------------

