16768
16562
16206
16632
16380
16425
Load data
RNN type: O2 Grammar: g1 Seed: 7
Model total parameters: 200
Saving hinit ... 

Epoch 0: Time: 0.0903 Cost: 22.3763 Pre: 0.3333 Re: 0.1000 Acc: 0.9545 F1: 0.1538


--------------------------------------------------------------------
Eval results: Cost:22.3565 Pre:0.5000 Re:0.2500 Acc:0.9753 F1:0.3333
--------------------------------------------------------------------

Epoch 1: Time: 0.0155 Cost: 22.2946 Pre: 0.3333 Re: 0.1000 Acc: 0.9545 F1: 0.1538
Epoch 2: Time: 0.0151 Cost: 22.1835 Pre: 0.5000 Re: 0.1000 Acc: 0.9587 F1: 0.1667
Epoch 3: Time: 0.0154 Cost: 22.0580 Pre: 0.5000 Re: 0.1000 Acc: 0.9587 F1: 0.1667
Epoch 4: Time: 0.0153 Cost: 21.9237 Pre: 0.5000 Re: 0.1000 Acc: 0.9587 F1: 0.1667
Epoch 5: Time: 0.0147 Cost: 21.7829 Pre: 0.5000 Re: 0.1000 Acc: 0.9587 F1: 0.1667
Epoch 6: Time: 0.0156 Cost: 21.6360 Pre: 0.5000 Re: 0.1000 Acc: 0.9587 F1: 0.1667
Epoch 7: Time: 0.0153 Cost: 21.4823 Pre: 0.5000 Re: 0.1000 Acc: 0.9587 F1: 0.1667
Epoch 8: Time: 0.0151 Cost: 21.3201 Pre: 0.5000 Re: 0.1000 Acc: 0.9587 F1: 0.1667
Epoch 9: Time: 0.0153 Cost: 21.1475 Pre: 0.5000 Re: 0.1000 Acc: 0.9587 F1: 0.1667
Epoch 10: Time: 0.0155 Cost: 20.9620 Pre: 0.5000 Re: 0.1000 Acc: 0.9587 F1: 0.1667


--------------------------------------------------------------------
Eval results: Cost:20.8541 Pre:0.5000 Re:0.2500 Acc:0.9753 F1:0.3333
--------------------------------------------------------------------

Epoch 11: Time: 0.0154 Cost: 20.7605 Pre: 0.5000 Re: 0.1000 Acc: 0.9587 F1: 0.1667
Epoch 12: Time: 0.0153 Cost: 20.5392 Pre: 0.6667 Re: 0.2000 Acc: 0.9628 F1: 0.3077
Epoch 13: Time: 0.0150 Cost: 20.2937 Pre: 0.6667 Re: 0.2000 Acc: 0.9628 F1: 0.3077
Epoch 14: Time: 0.0155 Cost: 20.0186 Pre: 0.6667 Re: 0.2000 Acc: 0.9628 F1: 0.3077
Epoch 15: Time: 0.0154 Cost: 19.7082 Pre: 0.6667 Re: 0.2000 Acc: 0.9628 F1: 0.3077
Epoch 16: Time: 0.0150 Cost: 19.3554 Pre: 0.6667 Re: 0.2000 Acc: 0.9628 F1: 0.3077
Epoch 17: Time: 0.0153 Cost: 18.9524 Pre: 0.5000 Re: 0.2000 Acc: 0.9587 F1: 0.2857
Epoch 18: Time: 0.0151 Cost: 18.4904 Pre: 0.5000 Re: 0.2000 Acc: 0.9587 F1: 0.2857
Epoch 19: Time: 0.0155 Cost: 17.9596 Pre: 0.5000 Re: 0.2000 Acc: 0.9587 F1: 0.2857
Epoch 20: Time: 0.0153 Cost: 17.3496 Pre: 0.4000 Re: 0.2000 Acc: 0.9545 F1: 0.2667


--------------------------------------------------------------------
Eval results: Cost:16.8124 Pre:0.5000 Re:0.2500 Acc:0.9753 F1:0.3333
--------------------------------------------------------------------

Epoch 21: Time: 0.0153 Cost: 16.6529 Pre: 0.4000 Re: 0.2000 Acc: 0.9545 F1: 0.2667
Epoch 22: Time: 0.0152 Cost: 15.8710 Pre: 0.3333 Re: 0.2000 Acc: 0.9504 F1: 0.2500
Epoch 23: Time: 0.0152 Cost: 14.9987 Pre: 0.3750 Re: 0.3000 Acc: 0.9504 F1: 0.3333
Epoch 24: Time: 0.0155 Cost: 14.0426 Pre: 0.3333 Re: 0.3000 Acc: 0.9463 F1: 0.3158
Epoch 25: Time: 0.0151 Cost: 13.0340 Pre: 0.3333 Re: 0.3000 Acc: 0.9463 F1: 0.3158
Epoch 26: Time: 0.0150 Cost: 12.0335 Pre: 0.2727 Re: 0.3000 Acc: 0.9380 F1: 0.2857
Epoch 27: Time: 0.0151 Cost: 11.1133 Pre: 0.3077 Re: 0.4000 Acc: 0.9380 F1: 0.3478
Epoch 28: Time: 0.0154 Cost: 10.3176 Pre: 0.3077 Re: 0.4000 Acc: 0.9380 F1: 0.3478
Epoch 29: Time: 0.0150 Cost: 9.6367 Pre: 0.2353 Re: 0.4000 Acc: 0.9215 F1: 0.2963
Epoch 30: Time: 0.0153 Cost: 9.0299 Pre: 0.2353 Re: 0.4000 Acc: 0.9215 F1: 0.2963


--------------------------------------------------------------------
Eval results: Cost:6.4945 Pre:0.3333 Re:0.5000 Acc:0.9630 F1:0.4000
--------------------------------------------------------------------

Epoch 31: Time: 0.0149 Cost: 8.4654 Pre: 0.2353 Re: 0.4000 Acc: 0.9215 F1: 0.2963
Epoch 32: Time: 0.0155 Cost: 7.9367 Pre: 0.2353 Re: 0.4000 Acc: 0.9215 F1: 0.2963
Epoch 33: Time: 0.0150 Cost: 7.4463 Pre: 0.2667 Re: 0.4000 Acc: 0.9298 F1: 0.3200
Epoch 34: Time: 0.0152 Cost: 6.9994 Pre: 0.2857 Re: 0.4000 Acc: 0.9339 F1: 0.3333
Epoch 35: Time: 0.0160 Cost: 6.5988 Pre: 0.3077 Re: 0.4000 Acc: 0.9380 F1: 0.3478
Epoch 36: Time: 0.0157 Cost: 6.2435 Pre: 0.3636 Re: 0.4000 Acc: 0.9463 F1: 0.3810
Epoch 37: Time: 0.0153 Cost: 5.9291 Pre: 0.3636 Re: 0.4000 Acc: 0.9463 F1: 0.3810
Epoch 38: Time: 0.0152 Cost: 5.6503 Pre: 0.3636 Re: 0.4000 Acc: 0.9463 F1: 0.3810
Epoch 39: Time: 0.0152 Cost: 5.4010 Pre: 0.3636 Re: 0.4000 Acc: 0.9463 F1: 0.3810
Epoch 40: Time: 0.0151 Cost: 5.1761 Pre: 0.3636 Re: 0.4000 Acc: 0.9463 F1: 0.3810


--------------------------------------------------------------------
Eval results: Cost:3.6273 Pre:0.5000 Re:0.5000 Acc:0.9753 F1:0.5000
--------------------------------------------------------------------

Epoch 41: Time: 0.0153 Cost: 4.9710 Pre: 0.3636 Re: 0.4000 Acc: 0.9463 F1: 0.3810
Epoch 42: Time: 0.0153 Cost: 4.7820 Pre: 0.4000 Re: 0.4000 Acc: 0.9504 F1: 0.4000
Epoch 43: Time: 0.0153 Cost: 4.6053 Pre: 0.4000 Re: 0.4000 Acc: 0.9504 F1: 0.4000
Epoch 44: Time: 0.0149 Cost: 4.4377 Pre: 0.4000 Re: 0.4000 Acc: 0.9504 F1: 0.4000
Epoch 45: Time: 0.0151 Cost: 4.2759 Pre: 0.4545 Re: 0.5000 Acc: 0.9545 F1: 0.4762
Epoch 46: Time: 0.0151 Cost: 4.1161 Pre: 0.4167 Re: 0.5000 Acc: 0.9504 F1: 0.4545
Epoch 47: Time: 0.0151 Cost: 3.9536 Pre: 0.4167 Re: 0.5000 Acc: 0.9504 F1: 0.4545
Epoch 48: Time: 0.0150 Cost: 3.7809 Pre: 0.4167 Re: 0.5000 Acc: 0.9504 F1: 0.4545
Epoch 49: Time: 0.0150 Cost: 3.5845 Pre: 0.4615 Re: 0.6000 Acc: 0.9545 F1: 0.5217
Epoch 50: Time: 0.0152 Cost: 3.3405 Pre: 0.5000 Re: 0.7000 Acc: 0.9587 F1: 0.5833


--------------------------------------------------------------------
Eval results: Cost:2.0761 Pre:0.6000 Re:0.7500 Acc:0.9815 F1:0.6667
--------------------------------------------------------------------

Epoch 51: Time: 0.0153 Cost: 3.0523 Pre: 0.5333 Re: 0.8000 Acc: 0.9628 F1: 0.6400
Epoch 52: Time: 0.0154 Cost: 2.8412 Pre: 0.5556 Re: 1.0000 Acc: 0.9669 F1: 0.7143
Epoch 53: Time: 0.0150 Cost: 2.7421 Pre: 0.6250 Re: 1.0000 Acc: 0.9752 F1: 0.7692
Epoch 54: Time: 0.0151 Cost: 2.6651 Pre: 0.6250 Re: 1.0000 Acc: 0.9752 F1: 0.7692
Epoch 55: Time: 0.0150 Cost: 2.5802 Pre: 0.6250 Re: 1.0000 Acc: 0.9752 F1: 0.7692
Epoch 56: Time: 0.0152 Cost: 2.4886 Pre: 0.6250 Re: 1.0000 Acc: 0.9752 F1: 0.7692
Epoch 57: Time: 0.0151 Cost: 2.3953 Pre: 0.6250 Re: 1.0000 Acc: 0.9752 F1: 0.7692
Epoch 58: Time: 0.0153 Cost: 2.3038 Pre: 0.6250 Re: 1.0000 Acc: 0.9752 F1: 0.7692
Epoch 59: Time: 0.0151 Cost: 2.2173 Pre: 0.6250 Re: 1.0000 Acc: 0.9752 F1: 0.7692
Epoch 60: Time: 0.0149 Cost: 2.1380 Pre: 0.6250 Re: 1.0000 Acc: 0.9752 F1: 0.7692


--------------------------------------------------------------------
Eval results: Cost:1.1067 Pre:0.6667 Re:1.0000 Acc:0.9877 F1:0.8000
--------------------------------------------------------------------

Epoch 61: Time: 0.0150 Cost: 2.0679 Pre: 0.6250 Re: 1.0000 Acc: 0.9752 F1: 0.7692
Epoch 62: Time: 0.0156 Cost: 2.0064 Pre: 0.6250 Re: 1.0000 Acc: 0.9752 F1: 0.7692
Epoch 63: Time: 0.0153 Cost: 1.9502 Pre: 0.6250 Re: 1.0000 Acc: 0.9752 F1: 0.7692
Epoch 64: Time: 0.0151 Cost: 1.8960 Pre: 0.6250 Re: 1.0000 Acc: 0.9752 F1: 0.7692
Epoch 65: Time: 0.0153 Cost: 1.8434 Pre: 0.6250 Re: 1.0000 Acc: 0.9752 F1: 0.7692
Epoch 66: Time: 0.0152 Cost: 1.7937 Pre: 0.6250 Re: 1.0000 Acc: 0.9752 F1: 0.7692
Epoch 67: Time: 0.0147 Cost: 1.7477 Pre: 0.6250 Re: 1.0000 Acc: 0.9752 F1: 0.7692
Epoch 68: Time: 0.0153 Cost: 1.7051 Pre: 0.6250 Re: 1.0000 Acc: 0.9752 F1: 0.7692
Epoch 69: Time: 0.0152 Cost: 1.6650 Pre: 0.6250 Re: 1.0000 Acc: 0.9752 F1: 0.7692
Epoch 70: Time: 0.0156 Cost: 1.6266 Pre: 0.6250 Re: 1.0000 Acc: 0.9752 F1: 0.7692


--------------------------------------------------------------------
Eval results: Cost:0.8251 Pre:0.6667 Re:1.0000 Acc:0.9877 F1:0.8000
--------------------------------------------------------------------

Epoch 71: Time: 0.0150 Cost: 1.5892 Pre: 0.6250 Re: 1.0000 Acc: 0.9752 F1: 0.7692
Epoch 72: Time: 0.0150 Cost: 1.5529 Pre: 0.6250 Re: 1.0000 Acc: 0.9752 F1: 0.7692
Epoch 73: Time: 0.0152 Cost: 1.5174 Pre: 0.6250 Re: 1.0000 Acc: 0.9752 F1: 0.7692
Epoch 74: Time: 0.0149 Cost: 1.4827 Pre: 0.6250 Re: 1.0000 Acc: 0.9752 F1: 0.7692
Epoch 75: Time: 0.0150 Cost: 1.4488 Pre: 0.6250 Re: 1.0000 Acc: 0.9752 F1: 0.7692
Epoch 76: Time: 0.0153 Cost: 1.4154 Pre: 0.6667 Re: 1.0000 Acc: 0.9793 F1: 0.8000
Epoch 77: Time: 0.0151 Cost: 1.3827 Pre: 0.6667 Re: 1.0000 Acc: 0.9793 F1: 0.8000
Epoch 78: Time: 0.0150 Cost: 1.3505 Pre: 0.6667 Re: 1.0000 Acc: 0.9793 F1: 0.8000
Epoch 79: Time: 0.0157 Cost: 1.3188 Pre: 0.6667 Re: 1.0000 Acc: 0.9793 F1: 0.8000
Epoch 80: Time: 0.0155 Cost: 1.2876 Pre: 0.6667 Re: 1.0000 Acc: 0.9793 F1: 0.8000


--------------------------------------------------------------------
Eval results: Cost:0.6807 Pre:0.6667 Re:1.0000 Acc:0.9877 F1:0.8000
--------------------------------------------------------------------

Epoch 81: Time: 0.0152 Cost: 1.2569 Pre: 0.6667 Re: 1.0000 Acc: 0.9793 F1: 0.8000
Epoch 82: Time: 0.0150 Cost: 1.2268 Pre: 0.6667 Re: 1.0000 Acc: 0.9793 F1: 0.8000
Epoch 83: Time: 0.0153 Cost: 1.1973 Pre: 0.6667 Re: 1.0000 Acc: 0.9793 F1: 0.8000
Epoch 84: Time: 0.0153 Cost: 1.1682 Pre: 0.6667 Re: 1.0000 Acc: 0.9793 F1: 0.8000
Epoch 85: Time: 0.0152 Cost: 1.1395 Pre: 0.7143 Re: 1.0000 Acc: 0.9835 F1: 0.8333
Epoch 86: Time: 0.0154 Cost: 1.1112 Pre: 0.7143 Re: 1.0000 Acc: 0.9835 F1: 0.8333
Epoch 87: Time: 0.0152 Cost: 1.0832 Pre: 0.7143 Re: 1.0000 Acc: 0.9835 F1: 0.8333
Epoch 88: Time: 0.0153 Cost: 1.0557 Pre: 0.7143 Re: 1.0000 Acc: 0.9835 F1: 0.8333
Epoch 89: Time: 0.0154 Cost: 1.0285 Pre: 0.7692 Re: 1.0000 Acc: 0.9876 F1: 0.8696
Epoch 90: Time: 0.0152 Cost: 1.0016 Pre: 0.7692 Re: 1.0000 Acc: 0.9876 F1: 0.8696


--------------------------------------------------------------------
Eval results: Cost:0.5522 Pre:0.8000 Re:1.0000 Acc:0.9938 F1:0.8889
--------------------------------------------------------------------

Epoch 91: Time: 0.0150 Cost: 0.9752 Pre: 0.7692 Re: 1.0000 Acc: 0.9876 F1: 0.8696
Epoch 92: Time: 0.0159 Cost: 0.9493 Pre: 0.7692 Re: 1.0000 Acc: 0.9876 F1: 0.8696
Epoch 93: Time: 0.0157 Cost: 0.9238 Pre: 0.7692 Re: 1.0000 Acc: 0.9876 F1: 0.8696
Epoch 94: Time: 0.0162 Cost: 0.8988 Pre: 0.8333 Re: 1.0000 Acc: 0.9917 F1: 0.9091
Epoch 95: Time: 0.0164 Cost: 0.8741 Pre: 0.8333 Re: 1.0000 Acc: 0.9917 F1: 0.9091
Epoch 96: Time: 0.0152 Cost: 0.8498 Pre: 0.8333 Re: 1.0000 Acc: 0.9917 F1: 0.9091
Epoch 97: Time: 0.0157 Cost: 0.8259 Pre: 0.8333 Re: 1.0000 Acc: 0.9917 F1: 0.9091
Epoch 98: Time: 0.0147 Cost: 0.8022 Pre: 0.9091 Re: 1.0000 Acc: 0.9959 F1: 0.9524
Epoch 99: Time: 0.0155 Cost: 0.7790 Pre: 0.9091 Re: 1.0000 Acc: 0.9959 F1: 0.9524
Epoch 100: Time: 0.0151 Cost: 0.7560 Pre: 0.9091 Re: 1.0000 Acc: 0.9959 F1: 0.9524


--------------------------------------------------------------------
Eval results: Cost:0.4374 Pre:0.8000 Re:1.0000 Acc:0.9938 F1:0.8889
--------------------------------------------------------------------

Epoch 101: Time: 0.0153 Cost: 0.7335 Pre: 0.9091 Re: 1.0000 Acc: 0.9959 F1: 0.9524
Epoch 102: Time: 0.0151 Cost: 0.7113 Pre: 0.9091 Re: 1.0000 Acc: 0.9959 F1: 0.9524
Epoch 103: Time: 0.0152 Cost: 0.6896 Pre: 0.9091 Re: 1.0000 Acc: 0.9959 F1: 0.9524
Epoch 104: Time: 0.0154 Cost: 0.6682 Pre: 0.9091 Re: 1.0000 Acc: 0.9959 F1: 0.9524
Epoch 105: Time: 0.0147 Cost: 0.6471 Pre: 0.9091 Re: 1.0000 Acc: 0.9959 F1: 0.9524
Epoch 106: Time: 0.0153 Cost: 0.6263 Pre: 0.9091 Re: 1.0000 Acc: 0.9959 F1: 0.9524
Epoch 107: Time: 0.0153 Cost: 0.6059 Pre: 0.9091 Re: 1.0000 Acc: 0.9959 F1: 0.9524
Epoch 108: Time: 0.0149 Cost: 0.5857 Pre: 0.9091 Re: 1.0000 Acc: 0.9959 F1: 0.9524
Epoch 109: Time: 0.0157 Cost: 0.5659 Pre: 0.9091 Re: 1.0000 Acc: 0.9959 F1: 0.9524
Epoch 110: Time: 0.0153 Cost: 0.5464 Pre: 0.9091 Re: 1.0000 Acc: 0.9959 F1: 0.9524


--------------------------------------------------------------------
Eval results: Cost:0.3310 Pre:0.8000 Re:1.0000 Acc:0.9938 F1:0.8889
--------------------------------------------------------------------

Epoch 111: Time: 0.0151 Cost: 0.5272 Pre: 0.9091 Re: 1.0000 Acc: 0.9959 F1: 0.9524
Epoch 112: Time: 0.0150 Cost: 0.5085 Pre: 0.9091 Re: 1.0000 Acc: 0.9959 F1: 0.9524
Epoch 113: Time: 0.0154 Cost: 0.4903 Pre: 0.9091 Re: 1.0000 Acc: 0.9959 F1: 0.9524
Epoch 114: Time: 0.0153 Cost: 0.4725 Pre: 0.9091 Re: 1.0000 Acc: 0.9959 F1: 0.9524
Epoch 115: Time: 0.0150 Cost: 0.4552 Pre: 0.9091 Re: 1.0000 Acc: 0.9959 F1: 0.9524
Epoch 116: Time: 0.0151 Cost: 0.4383 Pre: 0.9091 Re: 1.0000 Acc: 0.9959 F1: 0.9524
Epoch 117: Time: 0.0151 Cost: 0.4219 Pre: 1.0000 Re: 1.0000 Acc: 1.0000 F1: 1.0000
Epoch 118: Time: 0.0151 Cost: 0.4060 Pre: 1.0000 Re: 1.0000 Acc: 1.0000 F1: 1.0000
Epoch 119: Time: 0.0161 Cost: 0.3907 Pre: 1.0000 Re: 1.0000 Acc: 1.0000 F1: 1.0000
Epoch 120: Time: 0.0152 Cost: 0.3758 Pre: 1.0000 Re: 1.0000 Acc: 1.0000 F1: 1.0000


--------------------------------------------------------------------
Eval results: Cost:0.2388 Pre:1.0000 Re:1.0000 Acc:1.0000 F1:1.0000
--------------------------------------------------------------------

Epoch 121: Time: 0.0155 Cost: 0.3616 Pre: 1.0000 Re: 1.0000 Acc: 1.0000 F1: 1.0000
Epoch 122: Time: 0.0152 Cost: 0.3480 Pre: 1.0000 Re: 1.0000 Acc: 1.0000 F1: 1.0000
Epoch 123: Time: 0.0159 Cost: 0.3351 Pre: 1.0000 Re: 1.0000 Acc: 1.0000 F1: 1.0000
Epoch 124: Time: 0.0153 Cost: 0.3228 Pre: 1.0000 Re: 1.0000 Acc: 1.0000 F1: 1.0000
Epoch 125: Time: 0.0154 Cost: 0.3110 Pre: 1.0000 Re: 1.0000 Acc: 1.0000 F1: 1.0000
Epoch 126: Time: 0.0154 Cost: 0.2998 Pre: 1.0000 Re: 1.0000 Acc: 1.0000 F1: 1.0000
Epoch 127: Time: 0.0153 Cost: 0.2890 Pre: 1.0000 Re: 1.0000 Acc: 1.0000 F1: 1.0000
Epoch 128: Time: 0.0155 Cost: 0.2788 Pre: 1.0000 Re: 1.0000 Acc: 1.0000 F1: 1.0000
Epoch 129: Time: 0.0149 Cost: 0.2690 Pre: 1.0000 Re: 1.0000 Acc: 1.0000 F1: 1.0000
Epoch 130: Time: 0.0151 Cost: 0.2596 Pre: 1.0000 Re: 1.0000 Acc: 1.0000 F1: 1.0000


--------------------------------------------------------------------
Eval results: Cost:0.1738 Pre:1.0000 Re:1.0000 Acc:1.0000 F1:1.0000
--------------------------------------------------------------------

Epoch 131: Time: 0.0150 Cost: 0.2507 Pre: 1.0000 Re: 1.0000 Acc: 1.0000 F1: 1.0000
Epoch 132: Time: 0.0156 Cost: 0.2422 Pre: 1.0000 Re: 1.0000 Acc: 1.0000 F1: 1.0000
Epoch 133: Time: 0.0151 Cost: 0.2341 Pre: 1.0000 Re: 1.0000 Acc: 1.0000 F1: 1.0000
Epoch 134: Time: 0.0154 Cost: 0.2264 Pre: 1.0000 Re: 1.0000 Acc: 1.0000 F1: 1.0000
Epoch 135: Time: 0.0153 Cost: 0.2190 Pre: 1.0000 Re: 1.0000 Acc: 1.0000 F1: 1.0000
Epoch 136: Time: 0.0151 Cost: 0.2119 Pre: 1.0000 Re: 1.0000 Acc: 1.0000 F1: 1.0000
Epoch 137: Time: 0.0154 Cost: 0.2052 Pre: 1.0000 Re: 1.0000 Acc: 1.0000 F1: 1.0000
Epoch 138: Time: 0.0162 Cost: 0.1987 Pre: 1.0000 Re: 1.0000 Acc: 1.0000 F1: 1.0000
Epoch 139: Time: 0.0151 Cost: 0.1924 Pre: 1.0000 Re: 1.0000 Acc: 1.0000 F1: 1.0000
Epoch 140: Time: 0.0150 Cost: 0.1864 Pre: 1.0000 Re: 1.0000 Acc: 1.0000 F1: 1.0000


--------------------------------------------------------------------
Eval results: Cost:0.1301 Pre:1.0000 Re:1.0000 Acc:1.0000 F1:1.0000
--------------------------------------------------------------------

Epoch 141: Time: 0.0150 Cost: 0.1807 Pre: 1.0000 Re: 1.0000 Acc: 1.0000 F1: 1.0000
Epoch 142: Time: 0.0153 Cost: 0.1751 Pre: 1.0000 Re: 1.0000 Acc: 1.0000 F1: 1.0000
Epoch 143: Time: 0.0160 Cost: 0.1698 Pre: 1.0000 Re: 1.0000 Acc: 1.0000 F1: 1.0000
Epoch 144: Time: 0.0150 Cost: 0.1647 Pre: 1.0000 Re: 1.0000 Acc: 1.0000 F1: 1.0000
Epoch 145: Time: 0.0152 Cost: 0.1598 Pre: 1.0000 Re: 1.0000 Acc: 1.0000 F1: 1.0000
Epoch 146: Time: 0.0156 Cost: 0.1551 Pre: 1.0000 Re: 1.0000 Acc: 1.0000 F1: 1.0000
Epoch 147: Time: 0.0153 Cost: 0.1505 Pre: 1.0000 Re: 1.0000 Acc: 1.0000 F1: 1.0000
Epoch 148: Time: 0.0154 Cost: 0.1461 Pre: 1.0000 Re: 1.0000 Acc: 1.0000 F1: 1.0000
Epoch 149: Time: 0.0150 Cost: 0.1418 Pre: 1.0000 Re: 1.0000 Acc: 1.0000 F1: 1.0000
Epoch 150: Time: 0.0150 Cost: 0.1377 Pre: 1.0000 Re: 1.0000 Acc: 1.0000 F1: 1.0000


--------------------------------------------------------------------
Eval results: Cost:0.0989 Pre:1.0000 Re:1.0000 Acc:1.0000 F1:1.0000
--------------------------------------------------------------------

Epoch 151: Time: 0.0149 Cost: 0.1337 Pre: 1.0000 Re: 1.0000 Acc: 1.0000 F1: 1.0000
Epoch 152: Time: 0.0158 Cost: 0.1299 Pre: 1.0000 Re: 1.0000 Acc: 1.0000 F1: 1.0000
Epoch 153: Time: 0.0159 Cost: 0.1262 Pre: 1.0000 Re: 1.0000 Acc: 1.0000 F1: 1.0000
Epoch 154: Time: 0.0152 Cost: 0.1226 Pre: 1.0000 Re: 1.0000 Acc: 1.0000 F1: 1.0000
Epoch 155: Time: 0.0150 Cost: 0.1192 Pre: 1.0000 Re: 1.0000 Acc: 1.0000 F1: 1.0000
Epoch 156: Time: 0.0155 Cost: 0.1158 Pre: 1.0000 Re: 1.0000 Acc: 1.0000 F1: 1.0000
Epoch 157: Time: 0.0154 Cost: 0.1126 Pre: 1.0000 Re: 1.0000 Acc: 1.0000 F1: 1.0000
Epoch 158: Time: 0.0150 Cost: 0.1094 Pre: 1.0000 Re: 1.0000 Acc: 1.0000 F1: 1.0000
Epoch 159: Time: 0.0154 Cost: 0.1064 Pre: 1.0000 Re: 1.0000 Acc: 1.0000 F1: 1.0000
Epoch 160: Time: 0.0150 Cost: 0.1035 Pre: 1.0000 Re: 1.0000 Acc: 1.0000 F1: 1.0000


--------------------------------------------------------------------
Eval results: Cost:0.0757 Pre:1.0000 Re:1.0000 Acc:1.0000 F1:1.0000
--------------------------------------------------------------------

Epoch 161: Time: 0.0157 Cost: 0.1006 Pre: 1.0000 Re: 1.0000 Acc: 1.0000 F1: 1.0000
Epoch 162: Time: 0.0153 Cost: 0.0979 Pre: 1.0000 Re: 1.0000 Acc: 1.0000 F1: 1.0000
Epoch 163: Time: 0.0150 Cost: 0.0952 Pre: 1.0000 Re: 1.0000 Acc: 1.0000 F1: 1.0000
Epoch 164: Time: 0.0154 Cost: 0.0926 Pre: 1.0000 Re: 1.0000 Acc: 1.0000 F1: 1.0000
Epoch 165: Time: 0.0149 Cost: 0.0901 Pre: 1.0000 Re: 1.0000 Acc: 1.0000 F1: 1.0000
Epoch 166: Time: 0.0153 Cost: 0.0877 Pre: 1.0000 Re: 1.0000 Acc: 1.0000 F1: 1.0000
Epoch 167: Time: 0.0157 Cost: 0.0854 Pre: 1.0000 Re: 1.0000 Acc: 1.0000 F1: 1.0000
Epoch 168: Time: 0.0154 Cost: 0.0831 Pre: 1.0000 Re: 1.0000 Acc: 1.0000 F1: 1.0000
Epoch 169: Time: 0.0152 Cost: 0.0809 Pre: 1.0000 Re: 1.0000 Acc: 1.0000 F1: 1.0000
Epoch 170: Time: 0.0153 Cost: 0.0787 Pre: 1.0000 Re: 1.0000 Acc: 1.0000 F1: 1.0000


--------------------------------------------------------------------
Eval results: Cost:0.0584 Pre:1.0000 Re:1.0000 Acc:1.0000 F1:1.0000
--------------------------------------------------------------------

Epoch 171: Time: 0.0153 Cost: 0.0767 Pre: 1.0000 Re: 1.0000 Acc: 1.0000 F1: 1.0000
Epoch 172: Time: 0.0150 Cost: 0.0747 Pre: 1.0000 Re: 1.0000 Acc: 1.0000 F1: 1.0000
Epoch 173: Time: 0.0152 Cost: 0.0727 Pre: 1.0000 Re: 1.0000 Acc: 1.0000 F1: 1.0000
Epoch 174: Time: 0.0156 Cost: 0.0709 Pre: 1.0000 Re: 1.0000 Acc: 1.0000 F1: 1.0000
Epoch 175: Time: 0.0151 Cost: 0.0690 Pre: 1.0000 Re: 1.0000 Acc: 1.0000 F1: 1.0000
Epoch 176: Time: 0.0149 Cost: 0.0673 Pre: 1.0000 Re: 1.0000 Acc: 1.0000 F1: 1.0000
Epoch 177: Time: 0.0150 Cost: 0.0656 Pre: 1.0000 Re: 1.0000 Acc: 1.0000 F1: 1.0000
Epoch 178: Time: 0.0151 Cost: 0.0639 Pre: 1.0000 Re: 1.0000 Acc: 1.0000 F1: 1.0000
Epoch 179: Time: 0.0151 Cost: 0.0623 Pre: 1.0000 Re: 1.0000 Acc: 1.0000 F1: 1.0000
Epoch 180: Time: 0.0154 Cost: 0.0607 Pre: 1.0000 Re: 1.0000 Acc: 1.0000 F1: 1.0000


--------------------------------------------------------------------
Eval results: Cost:0.0456 Pre:1.0000 Re:1.0000 Acc:1.0000 F1:1.0000
--------------------------------------------------------------------

Epoch 181: Time: 0.0149 Cost: 0.0592 Pre: 1.0000 Re: 1.0000 Acc: 1.0000 F1: 1.0000
Epoch 182: Time: 0.0154 Cost: 0.0577 Pre: 1.0000 Re: 1.0000 Acc: 1.0000 F1: 1.0000
Epoch 183: Time: 0.0152 Cost: 0.0563 Pre: 1.0000 Re: 1.0000 Acc: 1.0000 F1: 1.0000
Epoch 184: Time: 0.0153 Cost: 0.0549 Pre: 1.0000 Re: 1.0000 Acc: 1.0000 F1: 1.0000
Epoch 185: Time: 0.0155 Cost: 0.0536 Pre: 1.0000 Re: 1.0000 Acc: 1.0000 F1: 1.0000
Epoch 186: Time: 0.0149 Cost: 0.0523 Pre: 1.0000 Re: 1.0000 Acc: 1.0000 F1: 1.0000
Epoch 187: Time: 0.0151 Cost: 0.0511 Pre: 1.0000 Re: 1.0000 Acc: 1.0000 F1: 1.0000
Epoch 188: Time: 0.0151 Cost: 0.0498 Pre: 1.0000 Re: 1.0000 Acc: 1.0000 F1: 1.0000
Epoch 189: Time: 0.0155 Cost: 0.0487 Pre: 1.0000 Re: 1.0000 Acc: 1.0000 F1: 1.0000
Epoch 190: Time: 0.0152 Cost: 0.0475 Pre: 1.0000 Re: 1.0000 Acc: 1.0000 F1: 1.0000


--------------------------------------------------------------------
Eval results: Cost:0.0360 Pre:1.0000 Re:1.0000 Acc:1.0000 F1:1.0000
--------------------------------------------------------------------

Epoch 191: Time: 0.0150 Cost: 0.0464 Pre: 1.0000 Re: 1.0000 Acc: 1.0000 F1: 1.0000
Epoch 192: Time: 0.0152 Cost: 0.0453 Pre: 1.0000 Re: 1.0000 Acc: 1.0000 F1: 1.0000
Epoch 193: Time: 0.0151 Cost: 0.0443 Pre: 1.0000 Re: 1.0000 Acc: 1.0000 F1: 1.0000
Epoch 194: Time: 0.0152 Cost: 0.0432 Pre: 1.0000 Re: 1.0000 Acc: 1.0000 F1: 1.0000
Epoch 195: Time: 0.0151 Cost: 0.0423 Pre: 1.0000 Re: 1.0000 Acc: 1.0000 F1: 1.0000
Epoch 196: Time: 0.0150 Cost: 0.0413 Pre: 1.0000 Re: 1.0000 Acc: 1.0000 F1: 1.0000
Epoch 197: Time: 0.0157 Cost: 0.0404 Pre: 1.0000 Re: 1.0000 Acc: 1.0000 F1: 1.0000
Epoch 198: Time: 0.0157 Cost: 0.0395 Pre: 1.0000 Re: 1.0000 Acc: 1.0000 F1: 1.0000
Epoch 199: Time: 0.0153 Cost: 0.0386 Pre: 1.0000 Re: 1.0000 Acc: 1.0000 F1: 1.0000
Epoch 200: Time: 0.0152 Cost: 0.0377 Pre: 1.0000 Re: 1.0000 Acc: 1.0000 F1: 1.0000


--------------------------------------------------------------------
Eval results: Cost:0.0288 Pre:1.0000 Re:1.0000 Acc:1.0000 F1:1.0000
--------------------------------------------------------------------

Epoch 201: Time: 0.0152 Cost: 0.0369 Pre: 1.0000 Re: 1.0000 Acc: 1.0000 F1: 1.0000
Epoch 202: Time: 0.0151 Cost: 0.0361 Pre: 1.0000 Re: 1.0000 Acc: 1.0000 F1: 1.0000
Epoch 203: Time: 0.0153 Cost: 0.0353 Pre: 1.0000 Re: 1.0000 Acc: 1.0000 F1: 1.0000
Epoch 204: Time: 0.0153 Cost: 0.0346 Pre: 1.0000 Re: 1.0000 Acc: 1.0000 F1: 1.0000
Epoch 205: Time: 0.0150 Cost: 0.0338 Pre: 1.0000 Re: 1.0000 Acc: 1.0000 F1: 1.0000
Epoch 206: Time: 0.0149 Cost: 0.0331 Pre: 1.0000 Re: 1.0000 Acc: 1.0000 F1: 1.0000
Epoch 207: Time: 0.0151 Cost: 0.0324 Pre: 1.0000 Re: 1.0000 Acc: 1.0000 F1: 1.0000
Epoch 208: Time: 0.0151 Cost: 0.0317 Pre: 1.0000 Re: 1.0000 Acc: 1.0000 F1: 1.0000
Epoch 209: Time: 0.0151 Cost: 0.0311 Pre: 1.0000 Re: 1.0000 Acc: 1.0000 F1: 1.0000
Epoch 210: Time: 0.0154 Cost: 0.0304 Pre: 1.0000 Re: 1.0000 Acc: 1.0000 F1: 1.0000


--------------------------------------------------------------------
Eval results: Cost:0.0234 Pre:1.0000 Re:1.0000 Acc:1.0000 F1:1.0000
--------------------------------------------------------------------

Epoch 211: Time: 0.0154 Cost: 0.0298 Pre: 1.0000 Re: 1.0000 Acc: 1.0000 F1: 1.0000
Epoch 212: Time: 0.0157 Cost: 0.0292 Pre: 1.0000 Re: 1.0000 Acc: 1.0000 F1: 1.0000
Epoch 213: Time: 0.0154 Cost: 0.0286 Pre: 1.0000 Re: 1.0000 Acc: 1.0000 F1: 1.0000
Epoch 214: Time: 0.0155 Cost: 0.0281 Pre: 1.0000 Re: 1.0000 Acc: 1.0000 F1: 1.0000
Epoch 215: Time: 0.0153 Cost: 0.0275 Pre: 1.0000 Re: 1.0000 Acc: 1.0000 F1: 1.0000
Epoch 216: Time: 0.0150 Cost: 0.0270 Pre: 1.0000 Re: 1.0000 Acc: 1.0000 F1: 1.0000
Epoch 217: Time: 0.0150 Cost: 0.0264 Pre: 1.0000 Re: 1.0000 Acc: 1.0000 F1: 1.0000
Epoch 218: Time: 0.0152 Cost: 0.0259 Pre: 1.0000 Re: 1.0000 Acc: 1.0000 F1: 1.0000
Epoch 219: Time: 0.0148 Cost: 0.0254 Pre: 1.0000 Re: 1.0000 Acc: 1.0000 F1: 1.0000
Epoch 220: Time: 0.0149 Cost: 0.0250 Pre: 1.0000 Re: 1.0000 Acc: 1.0000 F1: 1.0000


--------------------------------------------------------------------
Eval results: Cost:0.0193 Pre:1.0000 Re:1.0000 Acc:1.0000 F1:1.0000
--------------------------------------------------------------------

Epoch 221: Time: 0.0150 Cost: 0.0245 Pre: 1.0000 Re: 1.0000 Acc: 1.0000 F1: 1.0000
Epoch 222: Time: 0.0156 Cost: 0.0240 Pre: 1.0000 Re: 1.0000 Acc: 1.0000 F1: 1.0000
Epoch 223: Time: 0.0152 Cost: 0.0236 Pre: 1.0000 Re: 1.0000 Acc: 1.0000 F1: 1.0000
Epoch 224: Time: 0.0150 Cost: 0.0232 Pre: 1.0000 Re: 1.0000 Acc: 1.0000 F1: 1.0000
Epoch 225: Time: 0.0153 Cost: 0.0227 Pre: 1.0000 Re: 1.0000 Acc: 1.0000 F1: 1.0000
Epoch 226: Time: 0.0154 Cost: 0.0223 Pre: 1.0000 Re: 1.0000 Acc: 1.0000 F1: 1.0000
Epoch 227: Time: 0.0150 Cost: 0.0219 Pre: 1.0000 Re: 1.0000 Acc: 1.0000 F1: 1.0000
Epoch 228: Time: 0.0153 Cost: 0.0215 Pre: 1.0000 Re: 1.0000 Acc: 1.0000 F1: 1.0000
Epoch 229: Time: 0.0149 Cost: 0.0212 Pre: 1.0000 Re: 1.0000 Acc: 1.0000 F1: 1.0000
Epoch 230: Time: 0.0149 Cost: 0.0208 Pre: 1.0000 Re: 1.0000 Acc: 1.0000 F1: 1.0000


--------------------------------------------------------------------
Eval results: Cost:0.0162 Pre:1.0000 Re:1.0000 Acc:1.0000 F1:1.0000
--------------------------------------------------------------------

Epoch 231: Time: 0.0150 Cost: 0.0204 Pre: 1.0000 Re: 1.0000 Acc: 1.0000 F1: 1.0000
Epoch 232: Time: 0.0153 Cost: 0.0201 Pre: 1.0000 Re: 1.0000 Acc: 1.0000 F1: 1.0000
Epoch 233: Time: 0.0151 Cost: 0.0197 Pre: 1.0000 Re: 1.0000 Acc: 1.0000 F1: 1.0000
Epoch 234: Time: 0.0150 Cost: 0.0194 Pre: 1.0000 Re: 1.0000 Acc: 1.0000 F1: 1.0000
Epoch 235: Time: 0.0152 Cost: 0.0191 Pre: 1.0000 Re: 1.0000 Acc: 1.0000 F1: 1.0000
Epoch 236: Time: 0.0150 Cost: 0.0188 Pre: 1.0000 Re: 1.0000 Acc: 1.0000 F1: 1.0000
Epoch 237: Time: 0.0152 Cost: 0.0185 Pre: 1.0000 Re: 1.0000 Acc: 1.0000 F1: 1.0000
Epoch 238: Time: 0.0151 Cost: 0.0182 Pre: 1.0000 Re: 1.0000 Acc: 1.0000 F1: 1.0000
Epoch 239: Time: 0.0153 Cost: 0.0179 Pre: 1.0000 Re: 1.0000 Acc: 1.0000 F1: 1.0000
Epoch 240: Time: 0.0152 Cost: 0.0176 Pre: 1.0000 Re: 1.0000 Acc: 1.0000 F1: 1.0000


--------------------------------------------------------------------
Eval results: Cost:0.0138 Pre:1.0000 Re:1.0000 Acc:1.0000 F1:1.0000
--------------------------------------------------------------------

Epoch 241: Time: 0.0152 Cost: 0.0173 Pre: 1.0000 Re: 1.0000 Acc: 1.0000 F1: 1.0000
Epoch 242: Time: 0.0155 Cost: 0.0171 Pre: 1.0000 Re: 1.0000 Acc: 1.0000 F1: 1.0000
Epoch 243: Time: 0.0151 Cost: 0.0168 Pre: 1.0000 Re: 1.0000 Acc: 1.0000 F1: 1.0000
Epoch 244: Time: 0.0149 Cost: 0.0165 Pre: 1.0000 Re: 1.0000 Acc: 1.0000 F1: 1.0000
Epoch 245: Time: 0.0153 Cost: 0.0163 Pre: 1.0000 Re: 1.0000 Acc: 1.0000 F1: 1.0000
Epoch 246: Time: 0.0153 Cost: 0.0161 Pre: 1.0000 Re: 1.0000 Acc: 1.0000 F1: 1.0000
Epoch 247: Time: 0.0148 Cost: 0.0158 Pre: 1.0000 Re: 1.0000 Acc: 1.0000 F1: 1.0000
Epoch 248: Time: 0.0151 Cost: 0.0156 Pre: 1.0000 Re: 1.0000 Acc: 1.0000 F1: 1.0000
Epoch 249: Time: 0.0153 Cost: 0.0154 Pre: 1.0000 Re: 1.0000 Acc: 1.0000 F1: 1.0000
Epoch 250: Time: 0.0150 Cost: 0.0151 Pre: 1.0000 Re: 1.0000 Acc: 1.0000 F1: 1.0000


--------------------------------------------------------------------
Eval results: Cost:0.0119 Pre:1.0000 Re:1.0000 Acc:1.0000 F1:1.0000
--------------------------------------------------------------------

Epoch 251: Time: 0.0154 Cost: 0.0149 Pre: 1.0000 Re: 1.0000 Acc: 1.0000 F1: 1.0000
Epoch 252: Time: 0.0149 Cost: 0.0147 Pre: 1.0000 Re: 1.0000 Acc: 1.0000 F1: 1.0000
Epoch 253: Time: 0.0150 Cost: 0.0145 Pre: 1.0000 Re: 1.0000 Acc: 1.0000 F1: 1.0000
Epoch 254: Time: 0.0149 Cost: 0.0143 Pre: 1.0000 Re: 1.0000 Acc: 1.0000 F1: 1.0000
Epoch 255: Time: 0.0155 Cost: 0.0141 Pre: 1.0000 Re: 1.0000 Acc: 1.0000 F1: 1.0000
Epoch 256: Time: 0.0161 Cost: 0.0139 Pre: 1.0000 Re: 1.0000 Acc: 1.0000 F1: 1.0000
Epoch 257: Time: 0.0151 Cost: 0.0137 Pre: 1.0000 Re: 1.0000 Acc: 1.0000 F1: 1.0000
Epoch 258: Time: 0.0152 Cost: 0.0136 Pre: 1.0000 Re: 1.0000 Acc: 1.0000 F1: 1.0000
Epoch 259: Time: 0.0152 Cost: 0.0134 Pre: 1.0000 Re: 1.0000 Acc: 1.0000 F1: 1.0000
Epoch 260: Time: 0.0149 Cost: 0.0132 Pre: 1.0000 Re: 1.0000 Acc: 1.0000 F1: 1.0000


--------------------------------------------------------------------
Eval results: Cost:0.0104 Pre:1.0000 Re:1.0000 Acc:1.0000 F1:1.0000
--------------------------------------------------------------------

Epoch 261: Time: 0.0150 Cost: 0.0130 Pre: 1.0000 Re: 1.0000 Acc: 1.0000 F1: 1.0000
Epoch 262: Time: 0.0148 Cost: 0.0129 Pre: 1.0000 Re: 1.0000 Acc: 1.0000 F1: 1.0000
Epoch 263: Time: 0.0151 Cost: 0.0127 Pre: 1.0000 Re: 1.0000 Acc: 1.0000 F1: 1.0000
Epoch 264: Time: 0.0148 Cost: 0.0125 Pre: 1.0000 Re: 1.0000 Acc: 1.0000 F1: 1.0000
Epoch 265: Time: 0.0148 Cost: 0.0124 Pre: 1.0000 Re: 1.0000 Acc: 1.0000 F1: 1.0000
Epoch 266: Time: 0.0151 Cost: 0.0122 Pre: 1.0000 Re: 1.0000 Acc: 1.0000 F1: 1.0000
Epoch 267: Time: 0.0157 Cost: 0.0121 Pre: 1.0000 Re: 1.0000 Acc: 1.0000 F1: 1.0000
Epoch 268: Time: 0.0150 Cost: 0.0119 Pre: 1.0000 Re: 1.0000 Acc: 1.0000 F1: 1.0000
Epoch 269: Time: 0.0149 Cost: 0.0118 Pre: 1.0000 Re: 1.0000 Acc: 1.0000 F1: 1.0000
Epoch 270: Time: 0.0147 Cost: 0.0117 Pre: 1.0000 Re: 1.0000 Acc: 1.0000 F1: 1.0000


--------------------------------------------------------------------
Eval results: Cost:0.0093 Pre:1.0000 Re:1.0000 Acc:1.0000 F1:1.0000
--------------------------------------------------------------------

Epoch 271: Time: 0.0155 Cost: 0.0115 Pre: 1.0000 Re: 1.0000 Acc: 1.0000 F1: 1.0000
Epoch 272: Time: 0.0149 Cost: 0.0114 Pre: 1.0000 Re: 1.0000 Acc: 1.0000 F1: 1.0000
Epoch 273: Time: 0.0155 Cost: 0.0113 Pre: 1.0000 Re: 1.0000 Acc: 1.0000 F1: 1.0000
Epoch 274: Time: 0.0148 Cost: 0.0111 Pre: 1.0000 Re: 1.0000 Acc: 1.0000 F1: 1.0000
Epoch 275: Time: 0.0150 Cost: 0.0110 Pre: 1.0000 Re: 1.0000 Acc: 1.0000 F1: 1.0000
Epoch 276: Time: 0.0149 Cost: 0.0109 Pre: 1.0000 Re: 1.0000 Acc: 1.0000 F1: 1.0000
Epoch 277: Time: 0.0149 Cost: 0.0108 Pre: 1.0000 Re: 1.0000 Acc: 1.0000 F1: 1.0000
Epoch 278: Time: 0.0149 Cost: 0.0106 Pre: 1.0000 Re: 1.0000 Acc: 1.0000 F1: 1.0000
Epoch 279: Time: 0.0152 Cost: 0.0105 Pre: 1.0000 Re: 1.0000 Acc: 1.0000 F1: 1.0000
Epoch 280: Time: 0.0151 Cost: 0.0104 Pre: 1.0000 Re: 1.0000 Acc: 1.0000 F1: 1.0000


--------------------------------------------------------------------
Eval results: Cost:0.0083 Pre:1.0000 Re:1.0000 Acc:1.0000 F1:1.0000
--------------------------------------------------------------------

Epoch 281: Time: 0.0150 Cost: 0.0103 Pre: 1.0000 Re: 1.0000 Acc: 1.0000 F1: 1.0000
Epoch 282: Time: 0.0150 Cost: 0.0102 Pre: 1.0000 Re: 1.0000 Acc: 1.0000 F1: 1.0000
Epoch 283: Time: 0.0150 Cost: 0.0101 Pre: 1.0000 Re: 1.0000 Acc: 1.0000 F1: 1.0000
Epoch 284: Time: 0.0151 Cost: 0.0100 Pre: 1.0000 Re: 1.0000 Acc: 1.0000 F1: 1.0000
Epoch 285: Time: 0.0148 Cost: 0.0099 Pre: 1.0000 Re: 1.0000 Acc: 1.0000 F1: 1.0000
Epoch 286: Time: 0.0151 Cost: 0.0098 Pre: 1.0000 Re: 1.0000 Acc: 1.0000 F1: 1.0000
Epoch 287: Time: 0.0149 Cost: 0.0097 Pre: 1.0000 Re: 1.0000 Acc: 1.0000 F1: 1.0000
Epoch 288: Time: 0.0149 Cost: 0.0096 Pre: 1.0000 Re: 1.0000 Acc: 1.0000 F1: 1.0000
Epoch 289: Time: 0.0150 Cost: 0.0095 Pre: 1.0000 Re: 1.0000 Acc: 1.0000 F1: 1.0000
Epoch 290: Time: 0.0152 Cost: 0.0094 Pre: 1.0000 Re: 1.0000 Acc: 1.0000 F1: 1.0000


--------------------------------------------------------------------
Eval results: Cost:0.0075 Pre:1.0000 Re:1.0000 Acc:1.0000 F1:1.0000
--------------------------------------------------------------------

Epoch 291: Time: 0.0156 Cost: 0.0093 Pre: 1.0000 Re: 1.0000 Acc: 1.0000 F1: 1.0000
Epoch 292: Time: 0.0149 Cost: 0.0092 Pre: 1.0000 Re: 1.0000 Acc: 1.0000 F1: 1.0000
Epoch 293: Time: 0.0156 Cost: 0.0091 Pre: 1.0000 Re: 1.0000 Acc: 1.0000 F1: 1.0000
Epoch 294: Time: 0.0152 Cost: 0.0090 Pre: 1.0000 Re: 1.0000 Acc: 1.0000 F1: 1.0000
Epoch 295: Time: 0.0150 Cost: 0.0089 Pre: 1.0000 Re: 1.0000 Acc: 1.0000 F1: 1.0000
Epoch 296: Time: 0.0151 Cost: 0.0089 Pre: 1.0000 Re: 1.0000 Acc: 1.0000 F1: 1.0000
Epoch 297: Time: 0.0149 Cost: 0.0088 Pre: 1.0000 Re: 1.0000 Acc: 1.0000 F1: 1.0000
Epoch 298: Time: 0.0149 Cost: 0.0087 Pre: 1.0000 Re: 1.0000 Acc: 1.0000 F1: 1.0000
Epoch 299: Time: 0.0149 Cost: 0.0086 Pre: 1.0000 Re: 1.0000 Acc: 1.0000 F1: 1.0000
Epoch 300: Time: 0.0149 Cost: 0.0085 Pre: 1.0000 Re: 1.0000 Acc: 1.0000 F1: 1.0000


--------------------------------------------------------------------
Eval results: Cost:0.0068 Pre:1.0000 Re:1.0000 Acc:1.0000 F1:1.0000
--------------------------------------------------------------------

Epoch 301: Time: 0.0152 Cost: 0.0085 Pre: 1.0000 Re: 1.0000 Acc: 1.0000 F1: 1.0000
Epoch 302: Time: 0.0150 Cost: 0.0084 Pre: 1.0000 Re: 1.0000 Acc: 1.0000 F1: 1.0000
Epoch 303: Time: 0.0149 Cost: 0.0083 Pre: 1.0000 Re: 1.0000 Acc: 1.0000 F1: 1.0000
Epoch 304: Time: 0.0148 Cost: 0.0082 Pre: 1.0000 Re: 1.0000 Acc: 1.0000 F1: 1.0000
Epoch 305: Time: 0.0150 Cost: 0.0082 Pre: 1.0000 Re: 1.0000 Acc: 1.0000 F1: 1.0000
Epoch 306: Time: 0.0149 Cost: 0.0081 Pre: 1.0000 Re: 1.0000 Acc: 1.0000 F1: 1.0000
Epoch 307: Time: 0.0147 Cost: 0.0080 Pre: 1.0000 Re: 1.0000 Acc: 1.0000 F1: 1.0000
Epoch 308: Time: 0.0149 Cost: 0.0080 Pre: 1.0000 Re: 1.0000 Acc: 1.0000 F1: 1.0000
Epoch 309: Time: 0.0150 Cost: 0.0079 Pre: 1.0000 Re: 1.0000 Acc: 1.0000 F1: 1.0000
Epoch 310: Time: 0.0149 Cost: 0.0078 Pre: 1.0000 Re: 1.0000 Acc: 1.0000 F1: 1.0000


--------------------------------------------------------------------
Eval results: Cost:0.0063 Pre:1.0000 Re:1.0000 Acc:1.0000 F1:1.0000
--------------------------------------------------------------------

Epoch 311: Time: 0.0151 Cost: 0.0078 Pre: 1.0000 Re: 1.0000 Acc: 1.0000 F1: 1.0000
Epoch 312: Time: 0.0148 Cost: 0.0077 Pre: 1.0000 Re: 1.0000 Acc: 1.0000 F1: 1.0000
Epoch 313: Time: 0.0149 Cost: 0.0076 Pre: 1.0000 Re: 1.0000 Acc: 1.0000 F1: 1.0000
Epoch 314: Time: 0.0152 Cost: 0.0076 Pre: 1.0000 Re: 1.0000 Acc: 1.0000 F1: 1.0000
Epoch 315: Time: 0.0155 Cost: 0.0075 Pre: 1.0000 Re: 1.0000 Acc: 1.0000 F1: 1.0000
Epoch 316: Time: 0.0154 Cost: 0.0075 Pre: 1.0000 Re: 1.0000 Acc: 1.0000 F1: 1.0000
Epoch 317: Time: 0.0159 Cost: 0.0074 Pre: 1.0000 Re: 1.0000 Acc: 1.0000 F1: 1.0000
Epoch 318: Time: 0.0149 Cost: 0.0073 Pre: 1.0000 Re: 1.0000 Acc: 1.0000 F1: 1.0000
Epoch 319: Time: 0.0150 Cost: 0.0073 Pre: 1.0000 Re: 1.0000 Acc: 1.0000 F1: 1.0000
Epoch 320: Time: 0.0150 Cost: 0.0072 Pre: 1.0000 Re: 1.0000 Acc: 1.0000 F1: 1.0000


--------------------------------------------------------------------
Eval results: Cost:0.0058 Pre:1.0000 Re:1.0000 Acc:1.0000 F1:1.0000
--------------------------------------------------------------------

Epoch 321: Time: 0.0149 Cost: 0.0072 Pre: 1.0000 Re: 1.0000 Acc: 1.0000 F1: 1.0000
Epoch 322: Time: 0.0149 Cost: 0.0071 Pre: 1.0000 Re: 1.0000 Acc: 1.0000 F1: 1.0000
Epoch 323: Time: 0.0152 Cost: 0.0071 Pre: 1.0000 Re: 1.0000 Acc: 1.0000 F1: 1.0000
Epoch 324: Time: 0.0153 Cost: 0.0070 Pre: 1.0000 Re: 1.0000 Acc: 1.0000 F1: 1.0000
Epoch 325: Time: 0.0148 Cost: 0.0069 Pre: 1.0000 Re: 1.0000 Acc: 1.0000 F1: 1.0000
Epoch 326: Time: 0.0149 Cost: 0.0069 Pre: 1.0000 Re: 1.0000 Acc: 1.0000 F1: 1.0000
Epoch 327: Time: 0.0149 Cost: 0.0068 Pre: 1.0000 Re: 1.0000 Acc: 1.0000 F1: 1.0000
Epoch 328: Time: 0.0149 Cost: 0.0068 Pre: 1.0000 Re: 1.0000 Acc: 1.0000 F1: 1.0000
Epoch 329: Time: 0.0149 Cost: 0.0067 Pre: 1.0000 Re: 1.0000 Acc: 1.0000 F1: 1.0000
Epoch 330: Time: 0.0153 Cost: 0.0067 Pre: 1.0000 Re: 1.0000 Acc: 1.0000 F1: 1.0000


--------------------------------------------------------------------
Eval results: Cost:0.0054 Pre:1.0000 Re:1.0000 Acc:1.0000 F1:1.0000
--------------------------------------------------------------------

Early stopping...
--------------------------------------------------------------------
--------------------------------------------------------------------
Test 464 samples take time: 0.0545
Test results: Cost:0.0036 Pre:1.0000 Re:1.0000 Acc:1.0000 F1:1.0000
--------------------------------------------------------------------

