16768
16562
16206
16632
16380
16425
Load data
RNN type: O2 Grammar: g1 Seed: 2
Model total parameters: 200
Saving hinit ... 

Epoch 0: Time: 0.0861 Cost: 24.2514 Pre: 0.0000 Re: 0.0000 Acc: 0.4463 F1: 0.0000


--------------------------------------------------------------------
Eval results: Cost:24.5129 Pre:0.0000 Re:0.0000 Acc:0.4383 F1:0.0000
--------------------------------------------------------------------

Epoch 1: Time: 0.0132 Cost: 23.8941 Pre: 0.0000 Re: 0.0000 Acc: 0.4463 F1: 0.0000
Epoch 2: Time: 0.0128 Cost: 23.4012 Pre: 0.0000 Re: 0.0000 Acc: 0.4463 F1: 0.0000
Epoch 3: Time: 0.0128 Cost: 22.8393 Pre: 0.0000 Re: 0.0000 Acc: 0.4463 F1: 0.0000
Epoch 4: Time: 0.0125 Cost: 22.2374 Pre: 0.0000 Re: 0.0000 Acc: 0.4463 F1: 0.0000
Epoch 5: Time: 0.0128 Cost: 21.6112 Pre: 0.0000 Re: 0.0000 Acc: 0.4463 F1: 0.0000
Epoch 6: Time: 0.0125 Cost: 20.9691 Pre: 0.0000 Re: 0.0000 Acc: 0.4463 F1: 0.0000
Epoch 7: Time: 0.0128 Cost: 20.3149 Pre: 0.0000 Re: 0.0000 Acc: 0.4463 F1: 0.0000
Epoch 8: Time: 0.0125 Cost: 19.6504 Pre: 0.0000 Re: 0.0000 Acc: 0.6074 F1: 0.0000
Epoch 9: Time: 0.0126 Cost: 18.9760 Pre: 0.0000 Re: 0.0000 Acc: 0.9504 F1: 0.0000
Epoch 10: Time: 0.0129 Cost: 18.2917 Pre: 0.0000 Re: 0.0000 Acc: 0.9545 F1: 0.0000


--------------------------------------------------------------------
Eval results: Cost:18.0744 Pre:0.0000 Re:0.0000 Acc:0.9691 F1:0.0000
--------------------------------------------------------------------

Epoch 11: Time: 0.0128 Cost: 17.5963 Pre: 0.0000 Re: 0.0000 Acc: 0.9545 F1: 0.0000
Epoch 12: Time: 0.0125 Cost: 16.8843 Pre: 0.0000 Re: 0.0000 Acc: 0.9545 F1: 0.0000
Epoch 13: Time: 0.0127 Cost: 16.1576 Pre: 0.0000 Re: 0.0000 Acc: 0.9545 F1: 0.0000
Epoch 14: Time: 0.0132 Cost: 15.4193 Pre: 0.0000 Re: 0.0000 Acc: 0.9545 F1: 0.0000
Epoch 15: Time: 0.0129 Cost: 14.6732 Pre: 0.0000 Re: 0.0000 Acc: 0.9545 F1: 0.0000
Epoch 16: Time: 0.0127 Cost: 13.9235 Pre: 0.0000 Re: 0.0000 Acc: 0.9545 F1: 0.0000
Epoch 17: Time: 0.0129 Cost: 13.1750 Pre: 0.0000 Re: 0.0000 Acc: 0.9545 F1: 0.0000
Epoch 18: Time: 0.0138 Cost: 12.4330 Pre: 0.0000 Re: 0.0000 Acc: 0.9545 F1: 0.0000
Epoch 19: Time: 0.0157 Cost: 11.7036 Pre: 0.0000 Re: 0.0000 Acc: 0.9587 F1: 0.0000
Epoch 20: Time: 0.0131 Cost: 10.9934 Pre: 0.0000 Re: 0.0000 Acc: 0.9587 F1: 0.0000


--------------------------------------------------------------------
Eval results: Cost:10.4388 Pre:0.0000 Re:0.0000 Acc:0.9753 F1:0.0000
--------------------------------------------------------------------

Epoch 21: Time: 0.0129 Cost: 10.3082 Pre: 0.0000 Re: 0.0000 Acc: 0.9587 F1: 0.0000
Epoch 22: Time: 0.0126 Cost: 9.6508 Pre: 0.0000 Re: 0.0000 Acc: 0.9587 F1: 0.0000
Epoch 23: Time: 0.0140 Cost: 9.0296 Pre: 0.0000 Re: 0.0000 Acc: 0.9587 F1: 0.0000
Epoch 24: Time: 0.0128 Cost: 8.4525 Pre: 0.0000 Re: 0.0000 Acc: 0.9587 F1: 0.0000
Epoch 25: Time: 0.0128 Cost: 7.9258 Pre: 0.0000 Re: 0.0000 Acc: 0.9587 F1: 0.0000
Epoch 26: Time: 0.0127 Cost: 7.4526 Pre: 0.0000 Re: 0.0000 Acc: 0.9587 F1: 0.0000
Epoch 27: Time: 0.0127 Cost: 7.0336 Pre: 0.0000 Re: 0.0000 Acc: 0.9587 F1: 0.0000
Epoch 28: Time: 0.0129 Cost: 6.6666 Pre: 0.0000 Re: 0.0000 Acc: 0.9587 F1: 0.0000
Epoch 29: Time: 0.0126 Cost: 6.3477 Pre: 0.0000 Re: 0.0000 Acc: 0.9587 F1: 0.0000
Epoch 30: Time: 0.0128 Cost: 6.0720 Pre: 0.0000 Re: 0.0000 Acc: 0.9587 F1: 0.0000


--------------------------------------------------------------------
Eval results: Cost:5.5367 Pre:0.0000 Re:0.0000 Acc:0.9753 F1:0.0000
--------------------------------------------------------------------

Epoch 31: Time: 0.0130 Cost: 5.8339 Pre: 0.0000 Re: 0.0000 Acc: 0.9587 F1: 0.0000
Epoch 32: Time: 0.0125 Cost: 5.6275 Pre: 0.0000 Re: 0.0000 Acc: 0.9587 F1: 0.0000
Epoch 33: Time: 0.0129 Cost: 5.4479 Pre: 0.0000 Re: 0.0000 Acc: 0.9587 F1: 0.0000
Epoch 34: Time: 0.0126 Cost: 5.2909 Pre: 0.0000 Re: 0.0000 Acc: 0.9587 F1: 0.0000
Epoch 35: Time: 0.0131 Cost: 5.1530 Pre: 0.0000 Re: 0.0000 Acc: 0.9587 F1: 0.0000
Epoch 36: Time: 0.0126 Cost: 5.0311 Pre: 0.0000 Re: 0.0000 Acc: 0.9587 F1: 0.0000
Epoch 37: Time: 0.0126 Cost: 4.9226 Pre: 0.0000 Re: 0.0000 Acc: 0.9587 F1: 0.0000
Epoch 38: Time: 0.0129 Cost: 4.8254 Pre: 0.0000 Re: 0.0000 Acc: 0.9587 F1: 0.0000
Epoch 39: Time: 0.0127 Cost: 4.7377 Pre: 0.0000 Re: 0.0000 Acc: 0.9587 F1: 0.0000
Epoch 40: Time: 0.0129 Cost: 4.6581 Pre: 0.0000 Re: 0.0000 Acc: 0.9587 F1: 0.0000


--------------------------------------------------------------------
Eval results: Cost:4.1484 Pre:0.0000 Re:0.0000 Acc:0.9753 F1:0.0000
--------------------------------------------------------------------

Epoch 41: Time: 0.0129 Cost: 4.5852 Pre: 0.0000 Re: 0.0000 Acc: 0.9587 F1: 0.0000
Epoch 42: Time: 0.0126 Cost: 4.5178 Pre: 0.0000 Re: 0.0000 Acc: 0.9587 F1: 0.0000
Epoch 43: Time: 0.0128 Cost: 4.4552 Pre: 0.0000 Re: 0.0000 Acc: 0.9587 F1: 0.0000
Epoch 44: Time: 0.0129 Cost: 4.3968 Pre: 0.0000 Re: 0.0000 Acc: 0.9587 F1: 0.0000
Epoch 45: Time: 0.0132 Cost: 4.3422 Pre: 0.0000 Re: 0.0000 Acc: 0.9587 F1: 0.0000
Epoch 46: Time: 0.0126 Cost: 4.2910 Pre: 0.0000 Re: 0.0000 Acc: 0.9587 F1: 0.0000
Epoch 47: Time: 0.0129 Cost: 4.2431 Pre: 0.0000 Re: 0.0000 Acc: 0.9587 F1: 0.0000
Epoch 48: Time: 0.0129 Cost: 4.1980 Pre: 0.0000 Re: 0.0000 Acc: 0.9587 F1: 0.0000
Epoch 49: Time: 0.0127 Cost: 4.1556 Pre: 0.0000 Re: 0.0000 Acc: 0.9587 F1: 0.0000
Epoch 50: Time: 0.0128 Cost: 4.1157 Pre: 0.0000 Re: 0.0000 Acc: 0.9587 F1: 0.0000


--------------------------------------------------------------------
Eval results: Cost:3.5924 Pre:0.0000 Re:0.0000 Acc:0.9753 F1:0.0000
--------------------------------------------------------------------

Epoch 51: Time: 0.0147 Cost: 4.0781 Pre: 0.0000 Re: 0.0000 Acc: 0.9587 F1: 0.0000
Epoch 52: Time: 0.0138 Cost: 4.0423 Pre: 0.0000 Re: 0.0000 Acc: 0.9587 F1: 0.0000
Epoch 53: Time: 0.0136 Cost: 4.0084 Pre: 0.0000 Re: 0.0000 Acc: 0.9587 F1: 0.0000
Epoch 54: Time: 0.0152 Cost: 3.9762 Pre: 0.0000 Re: 0.0000 Acc: 0.9587 F1: 0.0000
Epoch 55: Time: 0.0127 Cost: 3.9458 Pre: 0.0000 Re: 0.0000 Acc: 0.9587 F1: 0.0000
Epoch 56: Time: 0.0130 Cost: 3.9170 Pre: 0.0000 Re: 0.0000 Acc: 0.9587 F1: 0.0000
Epoch 57: Time: 0.0126 Cost: 3.8898 Pre: 0.0000 Re: 0.0000 Acc: 0.9587 F1: 0.0000
Epoch 58: Time: 0.0131 Cost: 3.8641 Pre: 0.0000 Re: 0.0000 Acc: 0.9587 F1: 0.0000
Epoch 59: Time: 0.0134 Cost: 3.8399 Pre: 0.0000 Re: 0.0000 Acc: 0.9587 F1: 0.0000
Epoch 60: Time: 0.0131 Cost: 3.8170 Pre: 0.0000 Re: 0.0000 Acc: 0.9587 F1: 0.0000


--------------------------------------------------------------------
Eval results: Cost:3.2832 Pre:0.0000 Re:0.0000 Acc:0.9753 F1:0.0000
--------------------------------------------------------------------

Epoch 61: Time: 0.0130 Cost: 3.7954 Pre: 0.0000 Re: 0.0000 Acc: 0.9587 F1: 0.0000
Epoch 62: Time: 0.0131 Cost: 3.7748 Pre: 0.0000 Re: 0.0000 Acc: 0.9587 F1: 0.0000
Epoch 63: Time: 0.0130 Cost: 3.7552 Pre: 0.0000 Re: 0.0000 Acc: 0.9587 F1: 0.0000
Epoch 64: Time: 0.0128 Cost: 3.7366 Pre: 0.0000 Re: 0.0000 Acc: 0.9587 F1: 0.0000
Epoch 65: Time: 0.0129 Cost: 3.7190 Pre: 0.0000 Re: 0.0000 Acc: 0.9587 F1: 0.0000
Epoch 66: Time: 0.0129 Cost: 3.7023 Pre: 0.0000 Re: 0.0000 Acc: 0.9587 F1: 0.0000
Epoch 67: Time: 0.0128 Cost: 3.6864 Pre: 0.0000 Re: 0.0000 Acc: 0.9587 F1: 0.0000
Epoch 68: Time: 0.0128 Cost: 3.6714 Pre: 0.0000 Re: 0.0000 Acc: 0.9587 F1: 0.0000
Epoch 69: Time: 0.0126 Cost: 3.6571 Pre: 0.0000 Re: 0.0000 Acc: 0.9587 F1: 0.0000
Epoch 70: Time: 0.0128 Cost: 3.6436 Pre: 0.0000 Re: 0.0000 Acc: 0.9587 F1: 0.0000


--------------------------------------------------------------------
Eval results: Cost:3.1038 Pre:0.0000 Re:0.0000 Acc:0.9753 F1:0.0000
--------------------------------------------------------------------

Epoch 71: Time: 0.0133 Cost: 3.6307 Pre: 0.0000 Re: 0.0000 Acc: 0.9587 F1: 0.0000
Epoch 72: Time: 0.0129 Cost: 3.6184 Pre: 0.0000 Re: 0.0000 Acc: 0.9587 F1: 0.0000
Epoch 73: Time: 0.0127 Cost: 3.6066 Pre: 0.0000 Re: 0.0000 Acc: 0.9587 F1: 0.0000
Epoch 74: Time: 0.0130 Cost: 3.5953 Pre: 0.0000 Re: 0.0000 Acc: 0.9587 F1: 0.0000
Epoch 75: Time: 0.0126 Cost: 3.5845 Pre: 0.0000 Re: 0.0000 Acc: 0.9587 F1: 0.0000
Epoch 76: Time: 0.0130 Cost: 3.5742 Pre: 0.0000 Re: 0.0000 Acc: 0.9587 F1: 0.0000
Epoch 77: Time: 0.0130 Cost: 3.5643 Pre: 0.0000 Re: 0.0000 Acc: 0.9587 F1: 0.0000
Epoch 78: Time: 0.0129 Cost: 3.5549 Pre: 0.0000 Re: 0.0000 Acc: 0.9587 F1: 0.0000
Epoch 79: Time: 0.0126 Cost: 3.5459 Pre: 0.0000 Re: 0.0000 Acc: 0.9587 F1: 0.0000
Epoch 80: Time: 0.0131 Cost: 3.5373 Pre: 0.0000 Re: 0.0000 Acc: 0.9587 F1: 0.0000


--------------------------------------------------------------------
Eval results: Cost:2.9942 Pre:0.0000 Re:0.0000 Acc:0.9753 F1:0.0000
--------------------------------------------------------------------

Epoch 81: Time: 0.0127 Cost: 3.5290 Pre: 0.0000 Re: 0.0000 Acc: 0.9587 F1: 0.0000
Epoch 82: Time: 0.0128 Cost: 3.5210 Pre: 0.0000 Re: 0.0000 Acc: 0.9587 F1: 0.0000
Epoch 83: Time: 0.0131 Cost: 3.5133 Pre: 0.0000 Re: 0.0000 Acc: 0.9587 F1: 0.0000
Epoch 84: Time: 0.0129 Cost: 3.5058 Pre: 0.0000 Re: 0.0000 Acc: 0.9587 F1: 0.0000
Epoch 85: Time: 0.0126 Cost: 3.4986 Pre: 0.0000 Re: 0.0000 Acc: 0.9587 F1: 0.0000
Epoch 86: Time: 0.0129 Cost: 3.4917 Pre: 0.0000 Re: 0.0000 Acc: 0.9587 F1: 0.0000
Epoch 87: Time: 0.0126 Cost: 3.4850 Pre: 0.0000 Re: 0.0000 Acc: 0.9587 F1: 0.0000
Epoch 88: Time: 0.0129 Cost: 3.4786 Pre: 0.0000 Re: 0.0000 Acc: 0.9587 F1: 0.0000
Epoch 89: Time: 0.0126 Cost: 3.4724 Pre: 0.0000 Re: 0.0000 Acc: 0.9587 F1: 0.0000
Epoch 90: Time: 0.0128 Cost: 3.4663 Pre: 0.0000 Re: 0.0000 Acc: 0.9587 F1: 0.0000


--------------------------------------------------------------------
Eval results: Cost:2.9212 Pre:0.0000 Re:0.0000 Acc:0.9753 F1:0.0000
--------------------------------------------------------------------

Epoch 91: Time: 0.0127 Cost: 3.4605 Pre: 0.0000 Re: 0.0000 Acc: 0.9587 F1: 0.0000
Epoch 92: Time: 0.0135 Cost: 3.4548 Pre: 0.0000 Re: 0.0000 Acc: 0.9587 F1: 0.0000
Epoch 93: Time: 0.0126 Cost: 3.4493 Pre: 0.0000 Re: 0.0000 Acc: 0.9587 F1: 0.0000
Epoch 94: Time: 0.0129 Cost: 3.4439 Pre: 0.0000 Re: 0.0000 Acc: 0.9587 F1: 0.0000
Epoch 95: Time: 0.0129 Cost: 3.4386 Pre: 0.0000 Re: 0.0000 Acc: 0.9587 F1: 0.0000
Epoch 96: Time: 0.0129 Cost: 3.4335 Pre: 0.0000 Re: 0.0000 Acc: 0.9587 F1: 0.0000
Epoch 97: Time: 0.0125 Cost: 3.4285 Pre: 0.0000 Re: 0.0000 Acc: 0.9587 F1: 0.0000
Epoch 98: Time: 0.0130 Cost: 3.4237 Pre: 0.0000 Re: 0.0000 Acc: 0.9587 F1: 0.0000
Epoch 99: Time: 0.0126 Cost: 3.4189 Pre: 0.0000 Re: 0.0000 Acc: 0.9587 F1: 0.0000
Epoch 100: Time: 0.0129 Cost: 3.4143 Pre: 0.0000 Re: 0.0000 Acc: 0.9587 F1: 0.0000


--------------------------------------------------------------------
Eval results: Cost:2.8677 Pre:0.0000 Re:0.0000 Acc:0.9753 F1:0.0000
--------------------------------------------------------------------

Epoch 101: Time: 0.0127 Cost: 3.4097 Pre: 0.0000 Re: 0.0000 Acc: 0.9587 F1: 0.0000
Epoch 102: Time: 0.0127 Cost: 3.4053 Pre: 0.0000 Re: 0.0000 Acc: 0.9587 F1: 0.0000
Epoch 103: Time: 0.0127 Cost: 3.4009 Pre: 0.0000 Re: 0.0000 Acc: 0.9587 F1: 0.0000
Epoch 104: Time: 0.0131 Cost: 3.3965 Pre: 0.0000 Re: 0.0000 Acc: 0.9587 F1: 0.0000
Epoch 105: Time: 0.0126 Cost: 3.3923 Pre: 0.0000 Re: 0.0000 Acc: 0.9587 F1: 0.0000
Epoch 106: Time: 0.0129 Cost: 3.3881 Pre: 0.0000 Re: 0.0000 Acc: 0.9587 F1: 0.0000
Epoch 107: Time: 0.0129 Cost: 3.3840 Pre: 0.0000 Re: 0.0000 Acc: 0.9587 F1: 0.0000
Epoch 108: Time: 0.0130 Cost: 3.3799 Pre: 0.0000 Re: 0.0000 Acc: 0.9587 F1: 0.0000
Epoch 109: Time: 0.0125 Cost: 3.3759 Pre: 0.0000 Re: 0.0000 Acc: 0.9587 F1: 0.0000
Epoch 110: Time: 0.0134 Cost: 3.3719 Pre: 0.0000 Re: 0.0000 Acc: 0.9587 F1: 0.0000


--------------------------------------------------------------------
Eval results: Cost:2.8244 Pre:0.0000 Re:0.0000 Acc:0.9753 F1:0.0000
--------------------------------------------------------------------

Epoch 111: Time: 0.0128 Cost: 3.3680 Pre: 0.0000 Re: 0.0000 Acc: 0.9587 F1: 0.0000
Epoch 112: Time: 0.0128 Cost: 3.3641 Pre: 0.0000 Re: 0.0000 Acc: 0.9587 F1: 0.0000
Epoch 113: Time: 0.0144 Cost: 3.3602 Pre: 0.0000 Re: 0.0000 Acc: 0.9587 F1: 0.0000
Epoch 114: Time: 0.0130 Cost: 3.3564 Pre: 0.0000 Re: 0.0000 Acc: 0.9587 F1: 0.0000
Epoch 115: Time: 0.0126 Cost: 3.3526 Pre: 0.0000 Re: 0.0000 Acc: 0.9587 F1: 0.0000
Epoch 116: Time: 0.0132 Cost: 3.3488 Pre: 0.0000 Re: 0.0000 Acc: 0.9587 F1: 0.0000
Epoch 117: Time: 0.0126 Cost: 3.3450 Pre: 0.0000 Re: 0.0000 Acc: 0.9587 F1: 0.0000
Epoch 118: Time: 0.0130 Cost: 3.3413 Pre: 0.0000 Re: 0.0000 Acc: 0.9587 F1: 0.0000
Epoch 119: Time: 0.0126 Cost: 3.3375 Pre: 0.0000 Re: 0.0000 Acc: 0.9587 F1: 0.0000
Epoch 120: Time: 0.0136 Cost: 3.3338 Pre: 0.0000 Re: 0.0000 Acc: 0.9587 F1: 0.0000


--------------------------------------------------------------------
Eval results: Cost:2.7859 Pre:0.0000 Re:0.0000 Acc:0.9753 F1:0.0000
--------------------------------------------------------------------

Epoch 121: Time: 0.0137 Cost: 3.3301 Pre: 0.0000 Re: 0.0000 Acc: 0.9587 F1: 0.0000
Epoch 122: Time: 0.0130 Cost: 3.3264 Pre: 0.0000 Re: 0.0000 Acc: 0.9587 F1: 0.0000
Epoch 123: Time: 0.0125 Cost: 3.3227 Pre: 0.0000 Re: 0.0000 Acc: 0.9587 F1: 0.0000
Epoch 124: Time: 0.0128 Cost: 3.3190 Pre: 0.0000 Re: 0.0000 Acc: 0.9587 F1: 0.0000
Epoch 125: Time: 0.0126 Cost: 3.3153 Pre: 0.0000 Re: 0.0000 Acc: 0.9587 F1: 0.0000
Epoch 126: Time: 0.0129 Cost: 3.3116 Pre: 0.0000 Re: 0.0000 Acc: 0.9587 F1: 0.0000
Epoch 127: Time: 0.0132 Cost: 3.3079 Pre: 0.0000 Re: 0.0000 Acc: 0.9587 F1: 0.0000
Epoch 128: Time: 0.0137 Cost: 3.3042 Pre: 0.0000 Re: 0.0000 Acc: 0.9587 F1: 0.0000
Epoch 129: Time: 0.0129 Cost: 3.3005 Pre: 0.0000 Re: 0.0000 Acc: 0.9587 F1: 0.0000
Epoch 130: Time: 0.0127 Cost: 3.2968 Pre: 0.0000 Re: 0.0000 Acc: 0.9587 F1: 0.0000


--------------------------------------------------------------------
Eval results: Cost:2.7490 Pre:0.0000 Re:0.0000 Acc:0.9753 F1:0.0000
--------------------------------------------------------------------

Epoch 131: Time: 0.0127 Cost: 3.2931 Pre: 0.0000 Re: 0.0000 Acc: 0.9587 F1: 0.0000
Epoch 132: Time: 0.0129 Cost: 3.2893 Pre: 0.0000 Re: 0.0000 Acc: 0.9587 F1: 0.0000
Epoch 133: Time: 0.0129 Cost: 3.2856 Pre: 0.0000 Re: 0.0000 Acc: 0.9587 F1: 0.0000
Epoch 134: Time: 0.0128 Cost: 3.2818 Pre: 0.0000 Re: 0.0000 Acc: 0.9587 F1: 0.0000
Epoch 135: Time: 0.0125 Cost: 3.2780 Pre: 0.0000 Re: 0.0000 Acc: 0.9587 F1: 0.0000
Epoch 136: Time: 0.0129 Cost: 3.2742 Pre: 0.0000 Re: 0.0000 Acc: 0.9587 F1: 0.0000
Epoch 137: Time: 0.0133 Cost: 3.2704 Pre: 0.0000 Re: 0.0000 Acc: 0.9587 F1: 0.0000
Epoch 138: Time: 0.0129 Cost: 3.2666 Pre: 0.0000 Re: 0.0000 Acc: 0.9587 F1: 0.0000
Epoch 139: Time: 0.0128 Cost: 3.2628 Pre: 0.0000 Re: 0.0000 Acc: 0.9587 F1: 0.0000
Epoch 140: Time: 0.0126 Cost: 3.2590 Pre: 0.0000 Re: 0.0000 Acc: 0.9587 F1: 0.0000


--------------------------------------------------------------------
Eval results: Cost:2.7120 Pre:0.0000 Re:0.0000 Acc:0.9753 F1:0.0000
--------------------------------------------------------------------

Epoch 141: Time: 0.0127 Cost: 3.2551 Pre: 0.0000 Re: 0.0000 Acc: 0.9587 F1: 0.0000
Epoch 142: Time: 0.0129 Cost: 3.2512 Pre: 0.0000 Re: 0.0000 Acc: 0.9587 F1: 0.0000
Epoch 143: Time: 0.0125 Cost: 3.2473 Pre: 0.0000 Re: 0.0000 Acc: 0.9587 F1: 0.0000
Epoch 144: Time: 0.0132 Cost: 3.2434 Pre: 0.0000 Re: 0.0000 Acc: 0.9587 F1: 0.0000
Epoch 145: Time: 0.0130 Cost: 3.2394 Pre: 0.0000 Re: 0.0000 Acc: 0.9587 F1: 0.0000
Epoch 146: Time: 0.0129 Cost: 3.2354 Pre: 0.0000 Re: 0.0000 Acc: 0.9587 F1: 0.0000
Epoch 147: Time: 0.0126 Cost: 3.2314 Pre: 0.0000 Re: 0.0000 Acc: 0.9587 F1: 0.0000
Epoch 148: Time: 0.0127 Cost: 3.2274 Pre: 0.0000 Re: 0.0000 Acc: 0.9587 F1: 0.0000
Epoch 149: Time: 0.0131 Cost: 3.2234 Pre: 0.0000 Re: 0.0000 Acc: 0.9587 F1: 0.0000
Epoch 150: Time: 0.0127 Cost: 3.2193 Pre: 0.0000 Re: 0.0000 Acc: 0.9587 F1: 0.0000


--------------------------------------------------------------------
Eval results: Cost:2.6737 Pre:0.0000 Re:0.0000 Acc:0.9753 F1:0.0000
--------------------------------------------------------------------

Epoch 151: Time: 0.0126 Cost: 3.2152 Pre: 0.0000 Re: 0.0000 Acc: 0.9587 F1: 0.0000
Epoch 152: Time: 0.0128 Cost: 3.2111 Pre: 0.0000 Re: 0.0000 Acc: 0.9587 F1: 0.0000
Epoch 153: Time: 0.0126 Cost: 3.2069 Pre: 0.0000 Re: 0.0000 Acc: 0.9587 F1: 0.0000
Epoch 154: Time: 0.0130 Cost: 3.2027 Pre: 0.0000 Re: 0.0000 Acc: 0.9587 F1: 0.0000
Epoch 155: Time: 0.0127 Cost: 3.1985 Pre: 0.0000 Re: 0.0000 Acc: 0.9587 F1: 0.0000
Epoch 156: Time: 0.0129 Cost: 3.1943 Pre: 0.0000 Re: 0.0000 Acc: 0.9587 F1: 0.0000
Epoch 157: Time: 0.0125 Cost: 3.1900 Pre: 0.0000 Re: 0.0000 Acc: 0.9587 F1: 0.0000
Epoch 158: Time: 0.0129 Cost: 3.1856 Pre: 0.0000 Re: 0.0000 Acc: 0.9587 F1: 0.0000
Epoch 159: Time: 0.0127 Cost: 3.1813 Pre: 0.0000 Re: 0.0000 Acc: 0.9587 F1: 0.0000
Epoch 160: Time: 0.0127 Cost: 3.1769 Pre: 0.0000 Re: 0.0000 Acc: 0.9587 F1: 0.0000


--------------------------------------------------------------------
Eval results: Cost:2.6334 Pre:0.0000 Re:0.0000 Acc:0.9753 F1:0.0000
--------------------------------------------------------------------

Epoch 161: Time: 0.0131 Cost: 3.1725 Pre: 0.0000 Re: 0.0000 Acc: 0.9587 F1: 0.0000
Epoch 162: Time: 0.0130 Cost: 3.1680 Pre: 0.0000 Re: 0.0000 Acc: 0.9587 F1: 0.0000
Epoch 163: Time: 0.0128 Cost: 3.1634 Pre: 0.0000 Re: 0.0000 Acc: 0.9587 F1: 0.0000
Epoch 164: Time: 0.0128 Cost: 3.1588 Pre: 0.0000 Re: 0.0000 Acc: 0.9587 F1: 0.0000
Epoch 165: Time: 0.0126 Cost: 3.1541 Pre: 0.0000 Re: 0.0000 Acc: 0.9587 F1: 0.0000
Epoch 166: Time: 0.0134 Cost: 3.1494 Pre: 0.0000 Re: 0.0000 Acc: 0.9587 F1: 0.0000
Epoch 167: Time: 0.0130 Cost: 3.1446 Pre: 0.0000 Re: 0.0000 Acc: 0.9587 F1: 0.0000
Epoch 168: Time: 0.0130 Cost: 3.1398 Pre: 0.0000 Re: 0.0000 Acc: 0.9587 F1: 0.0000
Epoch 169: Time: 0.0127 Cost: 3.1348 Pre: 0.0000 Re: 0.0000 Acc: 0.9587 F1: 0.0000
Epoch 170: Time: 0.0130 Cost: 3.1299 Pre: 0.0000 Re: 0.0000 Acc: 0.9587 F1: 0.0000


--------------------------------------------------------------------
Eval results: Cost:2.5896 Pre:0.0000 Re:0.0000 Acc:0.9753 F1:0.0000
--------------------------------------------------------------------

Epoch 171: Time: 0.0126 Cost: 3.1248 Pre: 0.0000 Re: 0.0000 Acc: 0.9587 F1: 0.0000
Epoch 172: Time: 0.0131 Cost: 3.1196 Pre: 0.0000 Re: 0.0000 Acc: 0.9587 F1: 0.0000
Epoch 173: Time: 0.0127 Cost: 3.1143 Pre: 0.0000 Re: 0.0000 Acc: 0.9587 F1: 0.0000
Epoch 174: Time: 0.0129 Cost: 3.1089 Pre: 0.0000 Re: 0.0000 Acc: 0.9587 F1: 0.0000
Epoch 175: Time: 0.0128 Cost: 3.1034 Pre: 0.0000 Re: 0.0000 Acc: 0.9587 F1: 0.0000
Epoch 176: Time: 0.0129 Cost: 3.0978 Pre: 0.0000 Re: 0.0000 Acc: 0.9587 F1: 0.0000
Epoch 177: Time: 0.0126 Cost: 3.0921 Pre: 0.0000 Re: 0.0000 Acc: 0.9587 F1: 0.0000
Epoch 178: Time: 0.0128 Cost: 3.0862 Pre: 0.0000 Re: 0.0000 Acc: 0.9587 F1: 0.0000
Epoch 179: Time: 0.0132 Cost: 3.0802 Pre: 0.0000 Re: 0.0000 Acc: 0.9587 F1: 0.0000
Epoch 180: Time: 0.0127 Cost: 3.0741 Pre: 0.0000 Re: 0.0000 Acc: 0.9587 F1: 0.0000


--------------------------------------------------------------------
Eval results: Cost:2.5396 Pre:0.0000 Re:0.0000 Acc:0.9753 F1:0.0000
--------------------------------------------------------------------

Epoch 181: Time: 0.0126 Cost: 3.0678 Pre: 0.0000 Re: 0.0000 Acc: 0.9587 F1: 0.0000
Epoch 182: Time: 0.0127 Cost: 3.0614 Pre: 0.0000 Re: 0.0000 Acc: 0.9587 F1: 0.0000
Epoch 183: Time: 0.0126 Cost: 3.0547 Pre: 0.0000 Re: 0.0000 Acc: 0.9587 F1: 0.0000
Epoch 184: Time: 0.0131 Cost: 3.0479 Pre: 0.0000 Re: 0.0000 Acc: 0.9587 F1: 0.0000
Epoch 185: Time: 0.0125 Cost: 3.0408 Pre: 0.0000 Re: 0.0000 Acc: 0.9587 F1: 0.0000
Epoch 186: Time: 0.0128 Cost: 3.0335 Pre: 0.0000 Re: 0.0000 Acc: 0.9587 F1: 0.0000
Epoch 187: Time: 0.0132 Cost: 3.0261 Pre: 0.0000 Re: 0.0000 Acc: 0.9587 F1: 0.0000
Epoch 188: Time: 0.0130 Cost: 3.0183 Pre: 0.0000 Re: 0.0000 Acc: 0.9587 F1: 0.0000
Epoch 189: Time: 0.0126 Cost: 3.0104 Pre: 0.0000 Re: 0.0000 Acc: 0.9587 F1: 0.0000
Epoch 190: Time: 0.0130 Cost: 3.0021 Pre: 0.0000 Re: 0.0000 Acc: 0.9587 F1: 0.0000


--------------------------------------------------------------------
Eval results: Cost:2.4786 Pre:0.0000 Re:0.0000 Acc:0.9753 F1:0.0000
--------------------------------------------------------------------

Epoch 191: Time: 0.0127 Cost: 2.9936 Pre: 1.0000 Re: 0.1000 Acc: 0.9628 F1: 0.1818
Epoch 192: Time: 0.0128 Cost: 2.9848 Pre: 1.0000 Re: 0.1000 Acc: 0.9628 F1: 0.1818
Epoch 193: Time: 0.0128 Cost: 2.9758 Pre: 1.0000 Re: 0.1000 Acc: 0.9628 F1: 0.1818
Epoch 194: Time: 0.0129 Cost: 2.9664 Pre: 1.0000 Re: 0.1000 Acc: 0.9628 F1: 0.1818
Epoch 195: Time: 0.0125 Cost: 2.9568 Pre: 1.0000 Re: 0.1000 Acc: 0.9628 F1: 0.1818
Epoch 196: Time: 0.0136 Cost: 2.9468 Pre: 1.0000 Re: 0.1000 Acc: 0.9628 F1: 0.1818
Epoch 197: Time: 0.0129 Cost: 2.9365 Pre: 1.0000 Re: 0.1000 Acc: 0.9628 F1: 0.1818
Epoch 198: Time: 0.0136 Cost: 2.9259 Pre: 1.0000 Re: 0.1000 Acc: 0.9628 F1: 0.1818
Epoch 199: Time: 0.0133 Cost: 2.9149 Pre: 1.0000 Re: 0.1000 Acc: 0.9628 F1: 0.1818
Epoch 200: Time: 0.0127 Cost: 2.9035 Pre: 1.0000 Re: 0.1000 Acc: 0.9628 F1: 0.1818


--------------------------------------------------------------------
Eval results: Cost:2.4014 Pre:1.0000 Re:0.2500 Acc:0.9815 F1:0.4000
--------------------------------------------------------------------

Epoch 201: Time: 0.0134 Cost: 2.8918 Pre: 1.0000 Re: 0.1000 Acc: 0.9628 F1: 0.1818
Epoch 202: Time: 0.0130 Cost: 2.8798 Pre: 1.0000 Re: 0.1000 Acc: 0.9628 F1: 0.1818
Epoch 203: Time: 0.0125 Cost: 2.8675 Pre: 1.0000 Re: 0.1000 Acc: 0.9628 F1: 0.1818
Epoch 204: Time: 0.0130 Cost: 2.8549 Pre: 1.0000 Re: 0.1000 Acc: 0.9628 F1: 0.1818
Epoch 205: Time: 0.0125 Cost: 2.8420 Pre: 1.0000 Re: 0.1000 Acc: 0.9628 F1: 0.1818
Epoch 206: Time: 0.0128 Cost: 2.8288 Pre: 1.0000 Re: 0.1000 Acc: 0.9628 F1: 0.1818
Epoch 207: Time: 0.0126 Cost: 2.8152 Pre: 1.0000 Re: 0.1000 Acc: 0.9628 F1: 0.1818
Epoch 208: Time: 0.0134 Cost: 2.8012 Pre: 1.0000 Re: 0.1000 Acc: 0.9628 F1: 0.1818
Epoch 209: Time: 0.0127 Cost: 2.7869 Pre: 1.0000 Re: 0.1000 Acc: 0.9628 F1: 0.1818
Epoch 210: Time: 0.0126 Cost: 2.7721 Pre: 1.0000 Re: 0.1000 Acc: 0.9628 F1: 0.1818


--------------------------------------------------------------------
Eval results: Cost:2.3042 Pre:1.0000 Re:0.2500 Acc:0.9815 F1:0.4000
--------------------------------------------------------------------

Epoch 211: Time: 0.0126 Cost: 2.7570 Pre: 1.0000 Re: 0.1000 Acc: 0.9628 F1: 0.1818
Epoch 212: Time: 0.0129 Cost: 2.7415 Pre: 1.0000 Re: 0.1000 Acc: 0.9628 F1: 0.1818
Epoch 213: Time: 0.0129 Cost: 2.7256 Pre: 1.0000 Re: 0.1000 Acc: 0.9628 F1: 0.1818
Epoch 214: Time: 0.0129 Cost: 2.7092 Pre: 1.0000 Re: 0.1000 Acc: 0.9628 F1: 0.1818
Epoch 215: Time: 0.0125 Cost: 2.6925 Pre: 1.0000 Re: 0.1000 Acc: 0.9628 F1: 0.1818
Epoch 216: Time: 0.0129 Cost: 2.6753 Pre: 1.0000 Re: 0.1000 Acc: 0.9628 F1: 0.1818
Epoch 217: Time: 0.0129 Cost: 2.6577 Pre: 1.0000 Re: 0.1000 Acc: 0.9628 F1: 0.1818
Epoch 218: Time: 0.0129 Cost: 2.6395 Pre: 1.0000 Re: 0.1000 Acc: 0.9628 F1: 0.1818
Epoch 219: Time: 0.0127 Cost: 2.6209 Pre: 1.0000 Re: 0.1000 Acc: 0.9628 F1: 0.1818
Epoch 220: Time: 0.0129 Cost: 2.6018 Pre: 1.0000 Re: 0.1000 Acc: 0.9628 F1: 0.1818


--------------------------------------------------------------------
Eval results: Cost:2.1784 Pre:1.0000 Re:0.2500 Acc:0.9815 F1:0.4000
--------------------------------------------------------------------

Epoch 221: Time: 0.0126 Cost: 2.5820 Pre: 1.0000 Re: 0.1000 Acc: 0.9628 F1: 0.1818
Epoch 222: Time: 0.0131 Cost: 2.5616 Pre: 1.0000 Re: 0.1000 Acc: 0.9628 F1: 0.1818
Epoch 223: Time: 0.0125 Cost: 2.5405 Pre: 1.0000 Re: 0.1000 Acc: 0.9628 F1: 0.1818
Epoch 224: Time: 0.0128 Cost: 2.5187 Pre: 1.0000 Re: 0.1000 Acc: 0.9628 F1: 0.1818
Epoch 225: Time: 0.0128 Cost: 2.4961 Pre: 1.0000 Re: 0.1000 Acc: 0.9628 F1: 0.1818
Epoch 226: Time: 0.0128 Cost: 2.4728 Pre: 1.0000 Re: 0.1000 Acc: 0.9628 F1: 0.1818
Epoch 227: Time: 0.0125 Cost: 2.4487 Pre: 1.0000 Re: 0.2000 Acc: 0.9669 F1: 0.3333
Epoch 228: Time: 0.0129 Cost: 2.4238 Pre: 1.0000 Re: 0.2000 Acc: 0.9669 F1: 0.3333
Epoch 229: Time: 0.0125 Cost: 2.3979 Pre: 1.0000 Re: 0.2000 Acc: 0.9669 F1: 0.3333
Epoch 230: Time: 0.0127 Cost: 2.3711 Pre: 1.0000 Re: 0.2000 Acc: 0.9669 F1: 0.3333


--------------------------------------------------------------------
Eval results: Cost:2.0048 Pre:1.0000 Re:0.2500 Acc:0.9815 F1:0.4000
--------------------------------------------------------------------

Epoch 231: Time: 0.0130 Cost: 2.3432 Pre: 1.0000 Re: 0.2000 Acc: 0.9669 F1: 0.3333
Epoch 232: Time: 0.0128 Cost: 2.3141 Pre: 1.0000 Re: 0.2000 Acc: 0.9669 F1: 0.3333
Epoch 233: Time: 0.0126 Cost: 2.2838 Pre: 1.0000 Re: 0.2000 Acc: 0.9669 F1: 0.3333
Epoch 234: Time: 0.0130 Cost: 2.2521 Pre: 1.0000 Re: 0.2000 Acc: 0.9669 F1: 0.3333
Epoch 235: Time: 0.0130 Cost: 2.2192 Pre: 1.0000 Re: 0.2000 Acc: 0.9669 F1: 0.3333
Epoch 236: Time: 0.0130 Cost: 2.1848 Pre: 1.0000 Re: 0.2000 Acc: 0.9669 F1: 0.3333
Epoch 237: Time: 0.0126 Cost: 2.1491 Pre: 1.0000 Re: 0.2000 Acc: 0.9669 F1: 0.3333
Epoch 238: Time: 0.0130 Cost: 2.1119 Pre: 1.0000 Re: 0.3000 Acc: 0.9711 F1: 0.4615
Epoch 239: Time: 0.0125 Cost: 2.0732 Pre: 1.0000 Re: 0.3000 Acc: 0.9711 F1: 0.4615
Epoch 240: Time: 0.0130 Cost: 2.0329 Pre: 1.0000 Re: 0.3000 Acc: 0.9711 F1: 0.4615


--------------------------------------------------------------------
Eval results: Cost:1.7384 Pre:1.0000 Re:0.2500 Acc:0.9815 F1:0.4000
--------------------------------------------------------------------

Epoch 241: Time: 0.0127 Cost: 1.9910 Pre: 1.0000 Re: 0.3000 Acc: 0.9711 F1: 0.4615
Epoch 242: Time: 0.0128 Cost: 1.9473 Pre: 1.0000 Re: 0.4000 Acc: 0.9752 F1: 0.5714
Epoch 243: Time: 0.0130 Cost: 1.9018 Pre: 1.0000 Re: 0.4000 Acc: 0.9752 F1: 0.5714
Epoch 244: Time: 0.0129 Cost: 1.8545 Pre: 1.0000 Re: 0.4000 Acc: 0.9752 F1: 0.5714
Epoch 245: Time: 0.0126 Cost: 1.8055 Pre: 1.0000 Re: 0.5000 Acc: 0.9793 F1: 0.6667
Epoch 246: Time: 0.0128 Cost: 1.7550 Pre: 1.0000 Re: 0.5000 Acc: 0.9793 F1: 0.6667
Epoch 247: Time: 0.0126 Cost: 1.7028 Pre: 1.0000 Re: 0.6000 Acc: 0.9835 F1: 0.7500
Epoch 248: Time: 0.0130 Cost: 1.6491 Pre: 1.0000 Re: 0.6000 Acc: 0.9835 F1: 0.7500
Epoch 249: Time: 0.0126 Cost: 1.5941 Pre: 1.0000 Re: 0.7000 Acc: 0.9876 F1: 0.8235
Epoch 250: Time: 0.0129 Cost: 1.5378 Pre: 1.0000 Re: 0.8000 Acc: 0.9917 F1: 0.8889


--------------------------------------------------------------------
Eval results: Cost:1.3131 Pre:1.0000 Re:0.7500 Acc:0.9938 F1:0.8571
--------------------------------------------------------------------

Epoch 251: Time: 0.0127 Cost: 1.4804 Pre: 1.0000 Re: 0.9000 Acc: 0.9959 F1: 0.9474
Epoch 252: Time: 0.0127 Cost: 1.4219 Pre: 1.0000 Re: 1.0000 Acc: 1.0000 F1: 1.0000
Epoch 253: Time: 0.0126 Cost: 1.3625 Pre: 1.0000 Re: 1.0000 Acc: 1.0000 F1: 1.0000
Epoch 254: Time: 0.0129 Cost: 1.3027 Pre: 1.0000 Re: 1.0000 Acc: 1.0000 F1: 1.0000
Epoch 255: Time: 0.0125 Cost: 1.2427 Pre: 1.0000 Re: 1.0000 Acc: 1.0000 F1: 1.0000
Epoch 256: Time: 0.0130 Cost: 1.1828 Pre: 1.0000 Re: 1.0000 Acc: 1.0000 F1: 1.0000
Epoch 257: Time: 0.0126 Cost: 1.1234 Pre: 1.0000 Re: 1.0000 Acc: 1.0000 F1: 1.0000
Epoch 258: Time: 0.0128 Cost: 1.0649 Pre: 1.0000 Re: 1.0000 Acc: 1.0000 F1: 1.0000
Epoch 259: Time: 0.0125 Cost: 1.0075 Pre: 1.0000 Re: 1.0000 Acc: 1.0000 F1: 1.0000
Epoch 260: Time: 0.0129 Cost: 0.9516 Pre: 1.0000 Re: 1.0000 Acc: 1.0000 F1: 1.0000


--------------------------------------------------------------------
Eval results: Cost:0.7994 Pre:1.0000 Re:1.0000 Acc:1.0000 F1:1.0000
--------------------------------------------------------------------

Epoch 261: Time: 0.0129 Cost: 0.8975 Pre: 1.0000 Re: 1.0000 Acc: 1.0000 F1: 1.0000
Epoch 262: Time: 0.0131 Cost: 0.8452 Pre: 1.0000 Re: 1.0000 Acc: 1.0000 F1: 1.0000
Epoch 263: Time: 0.0127 Cost: 0.7951 Pre: 1.0000 Re: 1.0000 Acc: 1.0000 F1: 1.0000
Epoch 264: Time: 0.0127 Cost: 0.7473 Pre: 1.0000 Re: 1.0000 Acc: 1.0000 F1: 1.0000
Epoch 265: Time: 0.0129 Cost: 0.7020 Pre: 1.0000 Re: 1.0000 Acc: 1.0000 F1: 1.0000
Epoch 266: Time: 0.0132 Cost: 0.6593 Pre: 1.0000 Re: 1.0000 Acc: 1.0000 F1: 1.0000
Epoch 267: Time: 0.0126 Cost: 0.6193 Pre: 1.0000 Re: 1.0000 Acc: 1.0000 F1: 1.0000
Epoch 268: Time: 0.0139 Cost: 0.5819 Pre: 1.0000 Re: 1.0000 Acc: 1.0000 F1: 1.0000
Epoch 269: Time: 0.0128 Cost: 0.5471 Pre: 1.0000 Re: 1.0000 Acc: 1.0000 F1: 1.0000
Epoch 270: Time: 0.0129 Cost: 0.5149 Pre: 1.0000 Re: 1.0000 Acc: 1.0000 F1: 1.0000


--------------------------------------------------------------------
Eval results: Cost:0.4322 Pre:1.0000 Re:1.0000 Acc:1.0000 F1:1.0000
--------------------------------------------------------------------

Epoch 271: Time: 0.0131 Cost: 0.4851 Pre: 1.0000 Re: 1.0000 Acc: 1.0000 F1: 1.0000
Epoch 272: Time: 0.0129 Cost: 0.4575 Pre: 1.0000 Re: 1.0000 Acc: 1.0000 F1: 1.0000
Epoch 273: Time: 0.0128 Cost: 0.4320 Pre: 1.0000 Re: 1.0000 Acc: 1.0000 F1: 1.0000
Epoch 274: Time: 0.0134 Cost: 0.4085 Pre: 1.0000 Re: 1.0000 Acc: 1.0000 F1: 1.0000
Epoch 275: Time: 0.0126 Cost: 0.3867 Pre: 1.0000 Re: 1.0000 Acc: 1.0000 F1: 1.0000
Epoch 276: Time: 0.0128 Cost: 0.3666 Pre: 1.0000 Re: 1.0000 Acc: 1.0000 F1: 1.0000
Epoch 277: Time: 0.0127 Cost: 0.3480 Pre: 1.0000 Re: 1.0000 Acc: 1.0000 F1: 1.0000
Epoch 278: Time: 0.0131 Cost: 0.3308 Pre: 1.0000 Re: 1.0000 Acc: 1.0000 F1: 1.0000
Epoch 279: Time: 0.0126 Cost: 0.3148 Pre: 1.0000 Re: 1.0000 Acc: 1.0000 F1: 1.0000
Epoch 280: Time: 0.0129 Cost: 0.3000 Pre: 1.0000 Re: 1.0000 Acc: 1.0000 F1: 1.0000


--------------------------------------------------------------------
Eval results: Cost:0.2578 Pre:1.0000 Re:1.0000 Acc:1.0000 F1:1.0000
--------------------------------------------------------------------

Epoch 281: Time: 0.0129 Cost: 0.2863 Pre: 1.0000 Re: 1.0000 Acc: 1.0000 F1: 1.0000
Epoch 282: Time: 0.0127 Cost: 0.2736 Pre: 1.0000 Re: 1.0000 Acc: 1.0000 F1: 1.0000
Epoch 283: Time: 0.0129 Cost: 0.2617 Pre: 1.0000 Re: 1.0000 Acc: 1.0000 F1: 1.0000
Epoch 284: Time: 0.0129 Cost: 0.2505 Pre: 1.0000 Re: 1.0000 Acc: 1.0000 F1: 1.0000
Epoch 285: Time: 0.0126 Cost: 0.2401 Pre: 1.0000 Re: 1.0000 Acc: 1.0000 F1: 1.0000
Epoch 286: Time: 0.0129 Cost: 0.2303 Pre: 1.0000 Re: 1.0000 Acc: 1.0000 F1: 1.0000
Epoch 287: Time: 0.0125 Cost: 0.2211 Pre: 1.0000 Re: 1.0000 Acc: 1.0000 F1: 1.0000
Epoch 288: Time: 0.0130 Cost: 0.2125 Pre: 1.0000 Re: 1.0000 Acc: 1.0000 F1: 1.0000
Epoch 289: Time: 0.0129 Cost: 0.2044 Pre: 1.0000 Re: 1.0000 Acc: 1.0000 F1: 1.0000
Epoch 290: Time: 0.0129 Cost: 0.1968 Pre: 1.0000 Re: 1.0000 Acc: 1.0000 F1: 1.0000


--------------------------------------------------------------------
Eval results: Cost:0.1745 Pre:1.0000 Re:1.0000 Acc:1.0000 F1:1.0000
--------------------------------------------------------------------

Epoch 291: Time: 0.0129 Cost: 0.1896 Pre: 1.0000 Re: 1.0000 Acc: 1.0000 F1: 1.0000
Epoch 292: Time: 0.0130 Cost: 0.1827 Pre: 1.0000 Re: 1.0000 Acc: 1.0000 F1: 1.0000
Epoch 293: Time: 0.0126 Cost: 0.1763 Pre: 1.0000 Re: 1.0000 Acc: 1.0000 F1: 1.0000
Epoch 294: Time: 0.0128 Cost: 0.1701 Pre: 1.0000 Re: 1.0000 Acc: 1.0000 F1: 1.0000
Epoch 295: Time: 0.0129 Cost: 0.1643 Pre: 1.0000 Re: 1.0000 Acc: 1.0000 F1: 1.0000
Epoch 296: Time: 0.0128 Cost: 0.1587 Pre: 1.0000 Re: 1.0000 Acc: 1.0000 F1: 1.0000
Epoch 297: Time: 0.0125 Cost: 0.1534 Pre: 1.0000 Re: 1.0000 Acc: 1.0000 F1: 1.0000
Epoch 298: Time: 0.0131 Cost: 0.1484 Pre: 1.0000 Re: 1.0000 Acc: 1.0000 F1: 1.0000
Epoch 299: Time: 0.0126 Cost: 0.1437 Pre: 1.0000 Re: 1.0000 Acc: 1.0000 F1: 1.0000
Epoch 300: Time: 0.0129 Cost: 0.1391 Pre: 1.0000 Re: 1.0000 Acc: 1.0000 F1: 1.0000


--------------------------------------------------------------------
Eval results: Cost:0.1276 Pre:1.0000 Re:1.0000 Acc:1.0000 F1:1.0000
--------------------------------------------------------------------

Epoch 301: Time: 0.0130 Cost: 0.1348 Pre: 1.0000 Re: 1.0000 Acc: 1.0000 F1: 1.0000
Epoch 302: Time: 0.0127 Cost: 0.1306 Pre: 1.0000 Re: 1.0000 Acc: 1.0000 F1: 1.0000
Epoch 303: Time: 0.0126 Cost: 0.1267 Pre: 1.0000 Re: 1.0000 Acc: 1.0000 F1: 1.0000
Epoch 304: Time: 0.0134 Cost: 0.1229 Pre: 1.0000 Re: 1.0000 Acc: 1.0000 F1: 1.0000
Epoch 305: Time: 0.0126 Cost: 0.1192 Pre: 1.0000 Re: 1.0000 Acc: 1.0000 F1: 1.0000
Epoch 306: Time: 0.0129 Cost: 0.1158 Pre: 1.0000 Re: 1.0000 Acc: 1.0000 F1: 1.0000
Epoch 307: Time: 0.0128 Cost: 0.1124 Pre: 1.0000 Re: 1.0000 Acc: 1.0000 F1: 1.0000
Epoch 308: Time: 0.0129 Cost: 0.1092 Pre: 1.0000 Re: 1.0000 Acc: 1.0000 F1: 1.0000
Epoch 309: Time: 0.0125 Cost: 0.1062 Pre: 1.0000 Re: 1.0000 Acc: 1.0000 F1: 1.0000
Epoch 310: Time: 0.0128 Cost: 0.1032 Pre: 1.0000 Re: 1.0000 Acc: 1.0000 F1: 1.0000


--------------------------------------------------------------------
Eval results: Cost:0.0978 Pre:1.0000 Re:1.0000 Acc:1.0000 F1:1.0000
--------------------------------------------------------------------

Epoch 311: Time: 0.0130 Cost: 0.1004 Pre: 1.0000 Re: 1.0000 Acc: 1.0000 F1: 1.0000
Epoch 312: Time: 0.0126 Cost: 0.0977 Pre: 1.0000 Re: 1.0000 Acc: 1.0000 F1: 1.0000
Epoch 313: Time: 0.0131 Cost: 0.0951 Pre: 1.0000 Re: 1.0000 Acc: 1.0000 F1: 1.0000
Epoch 314: Time: 0.0127 Cost: 0.0926 Pre: 1.0000 Re: 1.0000 Acc: 1.0000 F1: 1.0000
Epoch 315: Time: 0.0126 Cost: 0.0901 Pre: 1.0000 Re: 1.0000 Acc: 1.0000 F1: 1.0000
Epoch 316: Time: 0.0130 Cost: 0.0878 Pre: 1.0000 Re: 1.0000 Acc: 1.0000 F1: 1.0000
Epoch 317: Time: 0.0127 Cost: 0.0856 Pre: 1.0000 Re: 1.0000 Acc: 1.0000 F1: 1.0000
Epoch 318: Time: 0.0133 Cost: 0.0834 Pre: 1.0000 Re: 1.0000 Acc: 1.0000 F1: 1.0000
Epoch 319: Time: 0.0147 Cost: 0.0813 Pre: 1.0000 Re: 1.0000 Acc: 1.0000 F1: 1.0000
Epoch 320: Time: 0.0160 Cost: 0.0793 Pre: 1.0000 Re: 1.0000 Acc: 1.0000 F1: 1.0000


--------------------------------------------------------------------
Eval results: Cost:0.0774 Pre:1.0000 Re:1.0000 Acc:1.0000 F1:1.0000
--------------------------------------------------------------------

Epoch 321: Time: 0.0149 Cost: 0.0774 Pre: 1.0000 Re: 1.0000 Acc: 1.0000 F1: 1.0000
Epoch 322: Time: 0.0150 Cost: 0.0755 Pre: 1.0000 Re: 1.0000 Acc: 1.0000 F1: 1.0000
Epoch 323: Time: 0.0126 Cost: 0.0737 Pre: 1.0000 Re: 1.0000 Acc: 1.0000 F1: 1.0000
Epoch 324: Time: 0.0130 Cost: 0.0719 Pre: 1.0000 Re: 1.0000 Acc: 1.0000 F1: 1.0000
Epoch 325: Time: 0.0147 Cost: 0.0702 Pre: 1.0000 Re: 1.0000 Acc: 1.0000 F1: 1.0000
Epoch 326: Time: 0.0132 Cost: 0.0686 Pre: 1.0000 Re: 1.0000 Acc: 1.0000 F1: 1.0000
Epoch 327: Time: 0.0135 Cost: 0.0670 Pre: 1.0000 Re: 1.0000 Acc: 1.0000 F1: 1.0000
Epoch 328: Time: 0.0129 Cost: 0.0654 Pre: 1.0000 Re: 1.0000 Acc: 1.0000 F1: 1.0000
Epoch 329: Time: 0.0129 Cost: 0.0640 Pre: 1.0000 Re: 1.0000 Acc: 1.0000 F1: 1.0000
Epoch 330: Time: 0.0137 Cost: 0.0625 Pre: 1.0000 Re: 1.0000 Acc: 1.0000 F1: 1.0000


--------------------------------------------------------------------
Eval results: Cost:0.0625 Pre:1.0000 Re:1.0000 Acc:1.0000 F1:1.0000
--------------------------------------------------------------------

Epoch 331: Time: 0.0177 Cost: 0.0611 Pre: 1.0000 Re: 1.0000 Acc: 1.0000 F1: 1.0000
Epoch 332: Time: 0.0128 Cost: 0.0598 Pre: 1.0000 Re: 1.0000 Acc: 1.0000 F1: 1.0000
Epoch 333: Time: 0.0132 Cost: 0.0585 Pre: 1.0000 Re: 1.0000 Acc: 1.0000 F1: 1.0000
Epoch 334: Time: 0.0131 Cost: 0.0572 Pre: 1.0000 Re: 1.0000 Acc: 1.0000 F1: 1.0000
Epoch 335: Time: 0.0139 Cost: 0.0560 Pre: 1.0000 Re: 1.0000 Acc: 1.0000 F1: 1.0000
Epoch 336: Time: 0.0135 Cost: 0.0548 Pre: 1.0000 Re: 1.0000 Acc: 1.0000 F1: 1.0000
Epoch 337: Time: 0.0128 Cost: 0.0537 Pre: 1.0000 Re: 1.0000 Acc: 1.0000 F1: 1.0000
Epoch 338: Time: 0.0132 Cost: 0.0525 Pre: 1.0000 Re: 1.0000 Acc: 1.0000 F1: 1.0000
Epoch 339: Time: 0.0129 Cost: 0.0515 Pre: 1.0000 Re: 1.0000 Acc: 1.0000 F1: 1.0000
Epoch 340: Time: 0.0131 Cost: 0.0504 Pre: 1.0000 Re: 1.0000 Acc: 1.0000 F1: 1.0000


--------------------------------------------------------------------
Eval results: Cost:0.0513 Pre:1.0000 Re:1.0000 Acc:1.0000 F1:1.0000
--------------------------------------------------------------------

Epoch 341: Time: 0.0131 Cost: 0.0494 Pre: 1.0000 Re: 1.0000 Acc: 1.0000 F1: 1.0000
Epoch 342: Time: 0.0126 Cost: 0.0484 Pre: 1.0000 Re: 1.0000 Acc: 1.0000 F1: 1.0000
Epoch 343: Time: 0.0130 Cost: 0.0475 Pre: 1.0000 Re: 1.0000 Acc: 1.0000 F1: 1.0000
Epoch 344: Time: 0.0128 Cost: 0.0466 Pre: 1.0000 Re: 1.0000 Acc: 1.0000 F1: 1.0000
Epoch 345: Time: 0.0127 Cost: 0.0457 Pre: 1.0000 Re: 1.0000 Acc: 1.0000 F1: 1.0000
Epoch 346: Time: 0.0127 Cost: 0.0448 Pre: 1.0000 Re: 1.0000 Acc: 1.0000 F1: 1.0000
Epoch 347: Time: 0.0130 Cost: 0.0439 Pre: 1.0000 Re: 1.0000 Acc: 1.0000 F1: 1.0000
Epoch 348: Time: 0.0130 Cost: 0.0431 Pre: 1.0000 Re: 1.0000 Acc: 1.0000 F1: 1.0000
Epoch 349: Time: 0.0128 Cost: 0.0423 Pre: 1.0000 Re: 1.0000 Acc: 1.0000 F1: 1.0000
Epoch 350: Time: 0.0128 Cost: 0.0416 Pre: 1.0000 Re: 1.0000 Acc: 1.0000 F1: 1.0000


--------------------------------------------------------------------
Eval results: Cost:0.0429 Pre:1.0000 Re:1.0000 Acc:1.0000 F1:1.0000
--------------------------------------------------------------------

Epoch 351: Time: 0.0129 Cost: 0.0408 Pre: 1.0000 Re: 1.0000 Acc: 1.0000 F1: 1.0000
Epoch 352: Time: 0.0125 Cost: 0.0401 Pre: 1.0000 Re: 1.0000 Acc: 1.0000 F1: 1.0000
Epoch 353: Time: 0.0130 Cost: 0.0394 Pre: 1.0000 Re: 1.0000 Acc: 1.0000 F1: 1.0000
Epoch 354: Time: 0.0125 Cost: 0.0387 Pre: 1.0000 Re: 1.0000 Acc: 1.0000 F1: 1.0000
Epoch 355: Time: 0.0130 Cost: 0.0380 Pre: 1.0000 Re: 1.0000 Acc: 1.0000 F1: 1.0000
Epoch 356: Time: 0.0127 Cost: 0.0374 Pre: 1.0000 Re: 1.0000 Acc: 1.0000 F1: 1.0000
Epoch 357: Time: 0.0126 Cost: 0.0368 Pre: 1.0000 Re: 1.0000 Acc: 1.0000 F1: 1.0000
Epoch 358: Time: 0.0128 Cost: 0.0362 Pre: 1.0000 Re: 1.0000 Acc: 1.0000 F1: 1.0000
Epoch 359: Time: 0.0126 Cost: 0.0356 Pre: 1.0000 Re: 1.0000 Acc: 1.0000 F1: 1.0000
Epoch 360: Time: 0.0128 Cost: 0.0350 Pre: 1.0000 Re: 1.0000 Acc: 1.0000 F1: 1.0000


--------------------------------------------------------------------
Eval results: Cost:0.0365 Pre:1.0000 Re:1.0000 Acc:1.0000 F1:1.0000
--------------------------------------------------------------------

Epoch 361: Time: 0.0128 Cost: 0.0344 Pre: 1.0000 Re: 1.0000 Acc: 1.0000 F1: 1.0000
Epoch 362: Time: 0.0128 Cost: 0.0339 Pre: 1.0000 Re: 1.0000 Acc: 1.0000 F1: 1.0000
Epoch 363: Time: 0.0129 Cost: 0.0334 Pre: 1.0000 Re: 1.0000 Acc: 1.0000 F1: 1.0000
Epoch 364: Time: 0.0125 Cost: 0.0329 Pre: 1.0000 Re: 1.0000 Acc: 1.0000 F1: 1.0000
Epoch 365: Time: 0.0131 Cost: 0.0324 Pre: 1.0000 Re: 1.0000 Acc: 1.0000 F1: 1.0000
Epoch 366: Time: 0.0125 Cost: 0.0319 Pre: 1.0000 Re: 1.0000 Acc: 1.0000 F1: 1.0000
Epoch 367: Time: 0.0129 Cost: 0.0314 Pre: 1.0000 Re: 1.0000 Acc: 1.0000 F1: 1.0000
Epoch 368: Time: 0.0130 Cost: 0.0309 Pre: 1.0000 Re: 1.0000 Acc: 1.0000 F1: 1.0000
Epoch 369: Time: 0.0126 Cost: 0.0305 Pre: 1.0000 Re: 1.0000 Acc: 1.0000 F1: 1.0000
Epoch 370: Time: 0.0132 Cost: 0.0301 Pre: 1.0000 Re: 1.0000 Acc: 1.0000 F1: 1.0000


--------------------------------------------------------------------
Eval results: Cost:0.0315 Pre:1.0000 Re:1.0000 Acc:1.0000 F1:1.0000
--------------------------------------------------------------------

Epoch 371: Time: 0.0129 Cost: 0.0296 Pre: 1.0000 Re: 1.0000 Acc: 1.0000 F1: 1.0000
Epoch 372: Time: 0.0126 Cost: 0.0292 Pre: 1.0000 Re: 1.0000 Acc: 1.0000 F1: 1.0000
Epoch 373: Time: 0.0128 Cost: 0.0288 Pre: 1.0000 Re: 1.0000 Acc: 1.0000 F1: 1.0000
Epoch 374: Time: 0.0129 Cost: 0.0284 Pre: 1.0000 Re: 1.0000 Acc: 1.0000 F1: 1.0000
Epoch 375: Time: 0.0128 Cost: 0.0280 Pre: 1.0000 Re: 1.0000 Acc: 1.0000 F1: 1.0000
Epoch 376: Time: 0.0125 Cost: 0.0276 Pre: 1.0000 Re: 1.0000 Acc: 1.0000 F1: 1.0000
Epoch 377: Time: 0.0135 Cost: 0.0273 Pre: 1.0000 Re: 1.0000 Acc: 1.0000 F1: 1.0000
Epoch 378: Time: 0.0127 Cost: 0.0269 Pre: 1.0000 Re: 1.0000 Acc: 1.0000 F1: 1.0000
Epoch 379: Time: 0.0127 Cost: 0.0266 Pre: 1.0000 Re: 1.0000 Acc: 1.0000 F1: 1.0000
Epoch 380: Time: 0.0127 Cost: 0.0262 Pre: 1.0000 Re: 1.0000 Acc: 1.0000 F1: 1.0000


--------------------------------------------------------------------
Eval results: Cost:0.0277 Pre:1.0000 Re:1.0000 Acc:1.0000 F1:1.0000
--------------------------------------------------------------------

Epoch 381: Time: 0.0129 Cost: 0.0259 Pre: 1.0000 Re: 1.0000 Acc: 1.0000 F1: 1.0000
Epoch 382: Time: 0.0125 Cost: 0.0256 Pre: 1.0000 Re: 1.0000 Acc: 1.0000 F1: 1.0000
Epoch 383: Time: 0.0132 Cost: 0.0253 Pre: 1.0000 Re: 1.0000 Acc: 1.0000 F1: 1.0000
Epoch 384: Time: 0.0126 Cost: 0.0250 Pre: 1.0000 Re: 1.0000 Acc: 1.0000 F1: 1.0000
Epoch 385: Time: 0.0128 Cost: 0.0246 Pre: 1.0000 Re: 1.0000 Acc: 1.0000 F1: 1.0000
Epoch 386: Time: 0.0127 Cost: 0.0244 Pre: 1.0000 Re: 1.0000 Acc: 1.0000 F1: 1.0000
Epoch 387: Time: 0.0128 Cost: 0.0241 Pre: 1.0000 Re: 1.0000 Acc: 1.0000 F1: 1.0000
Epoch 388: Time: 0.0125 Cost: 0.0238 Pre: 1.0000 Re: 1.0000 Acc: 1.0000 F1: 1.0000
Epoch 389: Time: 0.0131 Cost: 0.0235 Pre: 1.0000 Re: 1.0000 Acc: 1.0000 F1: 1.0000
Epoch 390: Time: 0.0127 Cost: 0.0232 Pre: 1.0000 Re: 1.0000 Acc: 1.0000 F1: 1.0000


--------------------------------------------------------------------
Eval results: Cost:0.0246 Pre:1.0000 Re:1.0000 Acc:1.0000 F1:1.0000
--------------------------------------------------------------------

Epoch 391: Time: 0.0141 Cost: 0.0230 Pre: 1.0000 Re: 1.0000 Acc: 1.0000 F1: 1.0000
Epoch 392: Time: 0.0126 Cost: 0.0227 Pre: 1.0000 Re: 1.0000 Acc: 1.0000 F1: 1.0000
Epoch 393: Time: 0.0129 Cost: 0.0225 Pre: 1.0000 Re: 1.0000 Acc: 1.0000 F1: 1.0000
Epoch 394: Time: 0.0126 Cost: 0.0222 Pre: 1.0000 Re: 1.0000 Acc: 1.0000 F1: 1.0000
Epoch 395: Time: 0.0129 Cost: 0.0220 Pre: 1.0000 Re: 1.0000 Acc: 1.0000 F1: 1.0000
Epoch 396: Time: 0.0125 Cost: 0.0217 Pre: 1.0000 Re: 1.0000 Acc: 1.0000 F1: 1.0000
Epoch 397: Time: 0.0128 Cost: 0.0215 Pre: 1.0000 Re: 1.0000 Acc: 1.0000 F1: 1.0000
Epoch 398: Time: 0.0130 Cost: 0.0213 Pre: 1.0000 Re: 1.0000 Acc: 1.0000 F1: 1.0000
Epoch 399: Time: 0.0132 Cost: 0.0210 Pre: 1.0000 Re: 1.0000 Acc: 1.0000 F1: 1.0000
Epoch 400: Time: 0.0127 Cost: 0.0208 Pre: 1.0000 Re: 1.0000 Acc: 1.0000 F1: 1.0000


--------------------------------------------------------------------
Eval results: Cost:0.0221 Pre:1.0000 Re:1.0000 Acc:1.0000 F1:1.0000
--------------------------------------------------------------------

Epoch 401: Time: 0.0129 Cost: 0.0206 Pre: 1.0000 Re: 1.0000 Acc: 1.0000 F1: 1.0000
Epoch 402: Time: 0.0125 Cost: 0.0204 Pre: 1.0000 Re: 1.0000 Acc: 1.0000 F1: 1.0000
Epoch 403: Time: 0.0128 Cost: 0.0202 Pre: 1.0000 Re: 1.0000 Acc: 1.0000 F1: 1.0000
Epoch 404: Time: 0.0131 Cost: 0.0200 Pre: 1.0000 Re: 1.0000 Acc: 1.0000 F1: 1.0000
Epoch 405: Time: 0.0134 Cost: 0.0198 Pre: 1.0000 Re: 1.0000 Acc: 1.0000 F1: 1.0000
Epoch 406: Time: 0.0126 Cost: 0.0196 Pre: 1.0000 Re: 1.0000 Acc: 1.0000 F1: 1.0000
Epoch 407: Time: 0.0131 Cost: 0.0194 Pre: 1.0000 Re: 1.0000 Acc: 1.0000 F1: 1.0000
Epoch 408: Time: 0.0125 Cost: 0.0192 Pre: 1.0000 Re: 1.0000 Acc: 1.0000 F1: 1.0000
Epoch 409: Time: 0.0130 Cost: 0.0190 Pre: 1.0000 Re: 1.0000 Acc: 1.0000 F1: 1.0000
Epoch 410: Time: 0.0129 Cost: 0.0188 Pre: 1.0000 Re: 1.0000 Acc: 1.0000 F1: 1.0000


--------------------------------------------------------------------
Eval results: Cost:0.0201 Pre:1.0000 Re:1.0000 Acc:1.0000 F1:1.0000
--------------------------------------------------------------------

Epoch 411: Time: 0.0129 Cost: 0.0187 Pre: 1.0000 Re: 1.0000 Acc: 1.0000 F1: 1.0000
Epoch 412: Time: 0.0130 Cost: 0.0185 Pre: 1.0000 Re: 1.0000 Acc: 1.0000 F1: 1.0000
Epoch 413: Time: 0.0143 Cost: 0.0183 Pre: 1.0000 Re: 1.0000 Acc: 1.0000 F1: 1.0000
Epoch 414: Time: 0.0127 Cost: 0.0181 Pre: 1.0000 Re: 1.0000 Acc: 1.0000 F1: 1.0000
Epoch 415: Time: 0.0130 Cost: 0.0180 Pre: 1.0000 Re: 1.0000 Acc: 1.0000 F1: 1.0000
Epoch 416: Time: 0.0126 Cost: 0.0178 Pre: 1.0000 Re: 1.0000 Acc: 1.0000 F1: 1.0000
Epoch 417: Time: 0.0128 Cost: 0.0177 Pre: 1.0000 Re: 1.0000 Acc: 1.0000 F1: 1.0000
Epoch 418: Time: 0.0125 Cost: 0.0175 Pre: 1.0000 Re: 1.0000 Acc: 1.0000 F1: 1.0000
Epoch 419: Time: 0.0130 Cost: 0.0173 Pre: 1.0000 Re: 1.0000 Acc: 1.0000 F1: 1.0000
Epoch 420: Time: 0.0127 Cost: 0.0172 Pre: 1.0000 Re: 1.0000 Acc: 1.0000 F1: 1.0000


--------------------------------------------------------------------
Eval results: Cost:0.0184 Pre:1.0000 Re:1.0000 Acc:1.0000 F1:1.0000
--------------------------------------------------------------------

Epoch 421: Time: 0.0132 Cost: 0.0170 Pre: 1.0000 Re: 1.0000 Acc: 1.0000 F1: 1.0000
Epoch 422: Time: 0.0126 Cost: 0.0169 Pre: 1.0000 Re: 1.0000 Acc: 1.0000 F1: 1.0000
Epoch 423: Time: 0.0128 Cost: 0.0168 Pre: 1.0000 Re: 1.0000 Acc: 1.0000 F1: 1.0000
Epoch 424: Time: 0.0129 Cost: 0.0166 Pre: 1.0000 Re: 1.0000 Acc: 1.0000 F1: 1.0000
Epoch 425: Time: 0.0129 Cost: 0.0165 Pre: 1.0000 Re: 1.0000 Acc: 1.0000 F1: 1.0000
Epoch 426: Time: 0.0126 Cost: 0.0163 Pre: 1.0000 Re: 1.0000 Acc: 1.0000 F1: 1.0000
Epoch 427: Time: 0.0129 Cost: 0.0162 Pre: 1.0000 Re: 1.0000 Acc: 1.0000 F1: 1.0000
Epoch 428: Time: 0.0126 Cost: 0.0161 Pre: 1.0000 Re: 1.0000 Acc: 1.0000 F1: 1.0000
Epoch 429: Time: 0.0128 Cost: 0.0159 Pre: 1.0000 Re: 1.0000 Acc: 1.0000 F1: 1.0000
Epoch 430: Time: 0.0125 Cost: 0.0158 Pre: 1.0000 Re: 1.0000 Acc: 1.0000 F1: 1.0000


--------------------------------------------------------------------
Eval results: Cost:0.0169 Pre:1.0000 Re:1.0000 Acc:1.0000 F1:1.0000
--------------------------------------------------------------------

Epoch 431: Time: 0.0128 Cost: 0.0157 Pre: 1.0000 Re: 1.0000 Acc: 1.0000 F1: 1.0000
Epoch 432: Time: 0.0126 Cost: 0.0155 Pre: 1.0000 Re: 1.0000 Acc: 1.0000 F1: 1.0000
Epoch 433: Time: 0.0131 Cost: 0.0154 Pre: 1.0000 Re: 1.0000 Acc: 1.0000 F1: 1.0000
Epoch 434: Time: 0.0126 Cost: 0.0153 Pre: 1.0000 Re: 1.0000 Acc: 1.0000 F1: 1.0000
Epoch 435: Time: 0.0129 Cost: 0.0152 Pre: 1.0000 Re: 1.0000 Acc: 1.0000 F1: 1.0000
Epoch 436: Time: 0.0126 Cost: 0.0151 Pre: 1.0000 Re: 1.0000 Acc: 1.0000 F1: 1.0000
Epoch 437: Time: 0.0128 Cost: 0.0149 Pre: 1.0000 Re: 1.0000 Acc: 1.0000 F1: 1.0000
Epoch 438: Time: 0.0125 Cost: 0.0148 Pre: 1.0000 Re: 1.0000 Acc: 1.0000 F1: 1.0000
Epoch 439: Time: 0.0132 Cost: 0.0147 Pre: 1.0000 Re: 1.0000 Acc: 1.0000 F1: 1.0000
Epoch 440: Time: 0.0128 Cost: 0.0146 Pre: 1.0000 Re: 1.0000 Acc: 1.0000 F1: 1.0000


--------------------------------------------------------------------
Eval results: Cost:0.0156 Pre:1.0000 Re:1.0000 Acc:1.0000 F1:1.0000
--------------------------------------------------------------------

Epoch 441: Time: 0.0128 Cost: 0.0145 Pre: 1.0000 Re: 1.0000 Acc: 1.0000 F1: 1.0000
Epoch 442: Time: 0.0126 Cost: 0.0144 Pre: 1.0000 Re: 1.0000 Acc: 1.0000 F1: 1.0000
Epoch 443: Time: 0.0128 Cost: 0.0143 Pre: 1.0000 Re: 1.0000 Acc: 1.0000 F1: 1.0000
Epoch 444: Time: 0.0126 Cost: 0.0142 Pre: 1.0000 Re: 1.0000 Acc: 1.0000 F1: 1.0000
Epoch 445: Time: 0.0128 Cost: 0.0141 Pre: 1.0000 Re: 1.0000 Acc: 1.0000 F1: 1.0000
Epoch 446: Time: 0.0125 Cost: 0.0140 Pre: 1.0000 Re: 1.0000 Acc: 1.0000 F1: 1.0000
Epoch 447: Time: 0.0128 Cost: 0.0139 Pre: 1.0000 Re: 1.0000 Acc: 1.0000 F1: 1.0000
Epoch 448: Time: 0.0126 Cost: 0.0138 Pre: 1.0000 Re: 1.0000 Acc: 1.0000 F1: 1.0000
Epoch 449: Time: 0.0128 Cost: 0.0137 Pre: 1.0000 Re: 1.0000 Acc: 1.0000 F1: 1.0000
Epoch 450: Time: 0.0125 Cost: 0.0136 Pre: 1.0000 Re: 1.0000 Acc: 1.0000 F1: 1.0000


--------------------------------------------------------------------
Eval results: Cost:0.0146 Pre:1.0000 Re:1.0000 Acc:1.0000 F1:1.0000
--------------------------------------------------------------------

Epoch 451: Time: 0.0126 Cost: 0.0135 Pre: 1.0000 Re: 1.0000 Acc: 1.0000 F1: 1.0000
Epoch 452: Time: 0.0129 Cost: 0.0134 Pre: 1.0000 Re: 1.0000 Acc: 1.0000 F1: 1.0000
Epoch 453: Time: 0.0128 Cost: 0.0133 Pre: 1.0000 Re: 1.0000 Acc: 1.0000 F1: 1.0000
Epoch 454: Time: 0.0128 Cost: 0.0132 Pre: 1.0000 Re: 1.0000 Acc: 1.0000 F1: 1.0000
Epoch 455: Time: 0.0128 Cost: 0.0131 Pre: 1.0000 Re: 1.0000 Acc: 1.0000 F1: 1.0000
Epoch 456: Time: 0.0125 Cost: 0.0130 Pre: 1.0000 Re: 1.0000 Acc: 1.0000 F1: 1.0000
Epoch 457: Time: 0.0127 Cost: 0.0129 Pre: 1.0000 Re: 1.0000 Acc: 1.0000 F1: 1.0000
Epoch 458: Time: 0.0126 Cost: 0.0129 Pre: 1.0000 Re: 1.0000 Acc: 1.0000 F1: 1.0000
Epoch 459: Time: 0.0129 Cost: 0.0128 Pre: 1.0000 Re: 1.0000 Acc: 1.0000 F1: 1.0000
Epoch 460: Time: 0.0125 Cost: 0.0127 Pre: 1.0000 Re: 1.0000 Acc: 1.0000 F1: 1.0000


--------------------------------------------------------------------
Eval results: Cost:0.0136 Pre:1.0000 Re:1.0000 Acc:1.0000 F1:1.0000
--------------------------------------------------------------------

Epoch 461: Time: 0.0126 Cost: 0.0126 Pre: 1.0000 Re: 1.0000 Acc: 1.0000 F1: 1.0000
Epoch 462: Time: 0.0129 Cost: 0.0125 Pre: 1.0000 Re: 1.0000 Acc: 1.0000 F1: 1.0000
Epoch 463: Time: 0.0127 Cost: 0.0124 Pre: 1.0000 Re: 1.0000 Acc: 1.0000 F1: 1.0000
Epoch 464: Time: 0.0129 Cost: 0.0124 Pre: 1.0000 Re: 1.0000 Acc: 1.0000 F1: 1.0000
Epoch 465: Time: 0.0127 Cost: 0.0123 Pre: 1.0000 Re: 1.0000 Acc: 1.0000 F1: 1.0000
Epoch 466: Time: 0.0126 Cost: 0.0122 Pre: 1.0000 Re: 1.0000 Acc: 1.0000 F1: 1.0000
Epoch 467: Time: 0.0127 Cost: 0.0121 Pre: 1.0000 Re: 1.0000 Acc: 1.0000 F1: 1.0000
Epoch 468: Time: 0.0128 Cost: 0.0120 Pre: 1.0000 Re: 1.0000 Acc: 1.0000 F1: 1.0000
Epoch 469: Time: 0.0129 Cost: 0.0120 Pre: 1.0000 Re: 1.0000 Acc: 1.0000 F1: 1.0000
Epoch 470: Time: 0.0125 Cost: 0.0119 Pre: 1.0000 Re: 1.0000 Acc: 1.0000 F1: 1.0000


--------------------------------------------------------------------
Eval results: Cost:0.0128 Pre:1.0000 Re:1.0000 Acc:1.0000 F1:1.0000
--------------------------------------------------------------------

Epoch 471: Time: 0.0126 Cost: 0.0118 Pre: 1.0000 Re: 1.0000 Acc: 1.0000 F1: 1.0000
Epoch 472: Time: 0.0129 Cost: 0.0117 Pre: 1.0000 Re: 1.0000 Acc: 1.0000 F1: 1.0000
Epoch 473: Time: 0.0125 Cost: 0.0117 Pre: 1.0000 Re: 1.0000 Acc: 1.0000 F1: 1.0000
Epoch 474: Time: 0.0138 Cost: 0.0116 Pre: 1.0000 Re: 1.0000 Acc: 1.0000 F1: 1.0000
Epoch 475: Time: 0.0143 Cost: 0.0115 Pre: 1.0000 Re: 1.0000 Acc: 1.0000 F1: 1.0000
Epoch 476: Time: 0.0127 Cost: 0.0115 Pre: 1.0000 Re: 1.0000 Acc: 1.0000 F1: 1.0000
Epoch 477: Time: 0.0128 Cost: 0.0114 Pre: 1.0000 Re: 1.0000 Acc: 1.0000 F1: 1.0000
Epoch 478: Time: 0.0128 Cost: 0.0113 Pre: 1.0000 Re: 1.0000 Acc: 1.0000 F1: 1.0000
Epoch 479: Time: 0.0129 Cost: 0.0113 Pre: 1.0000 Re: 1.0000 Acc: 1.0000 F1: 1.0000
Epoch 480: Time: 0.0126 Cost: 0.0112 Pre: 1.0000 Re: 1.0000 Acc: 1.0000 F1: 1.0000


--------------------------------------------------------------------
Eval results: Cost:0.0120 Pre:1.0000 Re:1.0000 Acc:1.0000 F1:1.0000
--------------------------------------------------------------------

Epoch 481: Time: 0.0126 Cost: 0.0111 Pre: 1.0000 Re: 1.0000 Acc: 1.0000 F1: 1.0000
Epoch 482: Time: 0.0128 Cost: 0.0111 Pre: 1.0000 Re: 1.0000 Acc: 1.0000 F1: 1.0000
Epoch 483: Time: 0.0125 Cost: 0.0110 Pre: 1.0000 Re: 1.0000 Acc: 1.0000 F1: 1.0000
Epoch 484: Time: 0.0134 Cost: 0.0109 Pre: 1.0000 Re: 1.0000 Acc: 1.0000 F1: 1.0000
Epoch 485: Time: 0.0132 Cost: 0.0109 Pre: 1.0000 Re: 1.0000 Acc: 1.0000 F1: 1.0000
Epoch 486: Time: 0.0127 Cost: 0.0108 Pre: 1.0000 Re: 1.0000 Acc: 1.0000 F1: 1.0000
Epoch 487: Time: 0.0128 Cost: 0.0108 Pre: 1.0000 Re: 1.0000 Acc: 1.0000 F1: 1.0000
Epoch 488: Time: 0.0126 Cost: 0.0107 Pre: 1.0000 Re: 1.0000 Acc: 1.0000 F1: 1.0000
Epoch 489: Time: 0.0129 Cost: 0.0106 Pre: 1.0000 Re: 1.0000 Acc: 1.0000 F1: 1.0000
Epoch 490: Time: 0.0125 Cost: 0.0106 Pre: 1.0000 Re: 1.0000 Acc: 1.0000 F1: 1.0000


--------------------------------------------------------------------
Eval results: Cost:0.0114 Pre:1.0000 Re:1.0000 Acc:1.0000 F1:1.0000
--------------------------------------------------------------------

Epoch 491: Time: 0.0126 Cost: 0.0105 Pre: 1.0000 Re: 1.0000 Acc: 1.0000 F1: 1.0000
Epoch 492: Time: 0.0129 Cost: 0.0105 Pre: 1.0000 Re: 1.0000 Acc: 1.0000 F1: 1.0000
Epoch 493: Time: 0.0125 Cost: 0.0104 Pre: 1.0000 Re: 1.0000 Acc: 1.0000 F1: 1.0000
Epoch 494: Time: 0.0129 Cost: 0.0103 Pre: 1.0000 Re: 1.0000 Acc: 1.0000 F1: 1.0000
Epoch 495: Time: 0.0125 Cost: 0.0103 Pre: 1.0000 Re: 1.0000 Acc: 1.0000 F1: 1.0000
Epoch 496: Time: 0.0127 Cost: 0.0102 Pre: 1.0000 Re: 1.0000 Acc: 1.0000 F1: 1.0000
Epoch 497: Time: 0.0127 Cost: 0.0102 Pre: 1.0000 Re: 1.0000 Acc: 1.0000 F1: 1.0000
Epoch 498: Time: 0.0126 Cost: 0.0101 Pre: 1.0000 Re: 1.0000 Acc: 1.0000 F1: 1.0000
Epoch 499: Time: 0.0128 Cost: 0.0101 Pre: 1.0000 Re: 1.0000 Acc: 1.0000 F1: 1.0000
Epoch 500: Time: 0.0126 Cost: 0.0100 Pre: 1.0000 Re: 1.0000 Acc: 1.0000 F1: 1.0000


--------------------------------------------------------------------
Eval results: Cost:0.0108 Pre:1.0000 Re:1.0000 Acc:1.0000 F1:1.0000
--------------------------------------------------------------------

Epoch 501: Time: 0.0126 Cost: 0.0100 Pre: 1.0000 Re: 1.0000 Acc: 1.0000 F1: 1.0000
Epoch 502: Time: 0.0128 Cost: 0.0099 Pre: 1.0000 Re: 1.0000 Acc: 1.0000 F1: 1.0000
Epoch 503: Time: 0.0125 Cost: 0.0099 Pre: 1.0000 Re: 1.0000 Acc: 1.0000 F1: 1.0000
Epoch 504: Time: 0.0128 Cost: 0.0098 Pre: 1.0000 Re: 1.0000 Acc: 1.0000 F1: 1.0000
Epoch 505: Time: 0.0125 Cost: 0.0098 Pre: 1.0000 Re: 1.0000 Acc: 1.0000 F1: 1.0000
Epoch 506: Time: 0.0129 Cost: 0.0097 Pre: 1.0000 Re: 1.0000 Acc: 1.0000 F1: 1.0000
Epoch 507: Time: 0.0127 Cost: 0.0097 Pre: 1.0000 Re: 1.0000 Acc: 1.0000 F1: 1.0000
Epoch 508: Time: 0.0129 Cost: 0.0096 Pre: 1.0000 Re: 1.0000 Acc: 1.0000 F1: 1.0000
Epoch 509: Time: 0.0130 Cost: 0.0096 Pre: 1.0000 Re: 1.0000 Acc: 1.0000 F1: 1.0000
Epoch 510: Time: 0.0127 Cost: 0.0095 Pre: 1.0000 Re: 1.0000 Acc: 1.0000 F1: 1.0000


--------------------------------------------------------------------
Eval results: Cost:0.0102 Pre:1.0000 Re:1.0000 Acc:1.0000 F1:1.0000
--------------------------------------------------------------------

Epoch 511: Time: 0.0176 Cost: 0.0095 Pre: 1.0000 Re: 1.0000 Acc: 1.0000 F1: 1.0000
Epoch 512: Time: 0.0132 Cost: 0.0094 Pre: 1.0000 Re: 1.0000 Acc: 1.0000 F1: 1.0000
Epoch 513: Time: 0.0136 Cost: 0.0094 Pre: 1.0000 Re: 1.0000 Acc: 1.0000 F1: 1.0000
Epoch 514: Time: 0.0130 Cost: 0.0093 Pre: 1.0000 Re: 1.0000 Acc: 1.0000 F1: 1.0000
Epoch 515: Time: 0.0139 Cost: 0.0093 Pre: 1.0000 Re: 1.0000 Acc: 1.0000 F1: 1.0000
Epoch 516: Time: 0.0132 Cost: 0.0092 Pre: 1.0000 Re: 1.0000 Acc: 1.0000 F1: 1.0000
Epoch 517: Time: 0.0129 Cost: 0.0092 Pre: 1.0000 Re: 1.0000 Acc: 1.0000 F1: 1.0000
Epoch 518: Time: 0.0132 Cost: 0.0091 Pre: 1.0000 Re: 1.0000 Acc: 1.0000 F1: 1.0000
Epoch 519: Time: 0.0134 Cost: 0.0091 Pre: 1.0000 Re: 1.0000 Acc: 1.0000 F1: 1.0000
Epoch 520: Time: 0.0132 Cost: 0.0091 Pre: 1.0000 Re: 1.0000 Acc: 1.0000 F1: 1.0000


--------------------------------------------------------------------
Eval results: Cost:0.0097 Pre:1.0000 Re:1.0000 Acc:1.0000 F1:1.0000
--------------------------------------------------------------------

Epoch 521: Time: 0.0135 Cost: 0.0090 Pre: 1.0000 Re: 1.0000 Acc: 1.0000 F1: 1.0000
Epoch 522: Time: 0.0128 Cost: 0.0090 Pre: 1.0000 Re: 1.0000 Acc: 1.0000 F1: 1.0000
Epoch 523: Time: 0.0146 Cost: 0.0089 Pre: 1.0000 Re: 1.0000 Acc: 1.0000 F1: 1.0000
Epoch 524: Time: 0.0141 Cost: 0.0089 Pre: 1.0000 Re: 1.0000 Acc: 1.0000 F1: 1.0000
Epoch 525: Time: 0.0131 Cost: 0.0088 Pre: 1.0000 Re: 1.0000 Acc: 1.0000 F1: 1.0000
Epoch 526: Time: 0.0130 Cost: 0.0088 Pre: 1.0000 Re: 1.0000 Acc: 1.0000 F1: 1.0000
Epoch 527: Time: 0.0129 Cost: 0.0088 Pre: 1.0000 Re: 1.0000 Acc: 1.0000 F1: 1.0000
Epoch 528: Time: 0.0135 Cost: 0.0087 Pre: 1.0000 Re: 1.0000 Acc: 1.0000 F1: 1.0000
Epoch 529: Time: 0.0127 Cost: 0.0087 Pre: 1.0000 Re: 1.0000 Acc: 1.0000 F1: 1.0000
Epoch 530: Time: 0.0131 Cost: 0.0086 Pre: 1.0000 Re: 1.0000 Acc: 1.0000 F1: 1.0000


--------------------------------------------------------------------
Eval results: Cost:0.0093 Pre:1.0000 Re:1.0000 Acc:1.0000 F1:1.0000
--------------------------------------------------------------------

Early stopping...
--------------------------------------------------------------------
--------------------------------------------------------------------
Test 464 samples take time: 0.0497
Test results: Cost:0.0046 Pre:1.0000 Re:1.0000 Acc:1.0000 F1:1.0000
--------------------------------------------------------------------

