16768
16562
16206
16632
16380
16425
Load data
RNN type: O2 Grammar: g1 Seed: 9
Model total parameters: 5000
Saving hinit ... 

Epoch 0: Time: 0.2383 Cost: 32.2698 Pre: 0.0413 Re: 1.0000 Acc: 0.0413 F1: 0.0794


--------------------------------------------------------------------
Eval results: Cost:30.7645 Pre:0.0247 Re:1.0000 Acc:0.0247 F1:0.0482
--------------------------------------------------------------------

Epoch 1: Time: 0.1310 Cost: 29.6714 Pre: 0.0413 Re: 1.0000 Acc: 0.0413 F1: 0.0794
Epoch 2: Time: 0.1067 Cost: 26.2682 Pre: 0.0275 Re: 0.5000 Acc: 0.2479 F1: 0.0521
Epoch 3: Time: 0.1314 Cost: 22.7159 Pre: 0.0769 Re: 0.1000 Acc: 0.9132 F1: 0.0870
Epoch 4: Time: 0.1367 Cost: 19.3278 Pre: 1.0000 Re: 0.1000 Acc: 0.9628 F1: 0.1818
Epoch 5: Time: 0.1119 Cost: 16.2643 Pre: 1.0000 Re: 0.1000 Acc: 0.9628 F1: 0.1818
Epoch 6: Time: 0.1454 Cost: 13.5970 Pre: 1.0000 Re: 0.1000 Acc: 0.9628 F1: 0.1818
Epoch 7: Time: 0.1153 Cost: 11.3455 Pre: 1.0000 Re: 0.1000 Acc: 0.9628 F1: 0.1818
Epoch 8: Time: 0.1164 Cost: 9.4985 Pre: 1.0000 Re: 0.1000 Acc: 0.9628 F1: 0.1818
Epoch 9: Time: 0.1249 Cost: 8.0251 Pre: 1.0000 Re: 0.1000 Acc: 0.9628 F1: 0.1818
Epoch 10: Time: 0.1178 Cost: 6.8813 Pre: 1.0000 Re: 0.1000 Acc: 0.9628 F1: 0.1818


--------------------------------------------------------------------
Eval results: Cost:5.7738 Pre:1.0000 Re:0.2500 Acc:0.9815 F1:0.4000
--------------------------------------------------------------------

Epoch 11: Time: 0.1223 Cost: 6.0145 Pre: 1.0000 Re: 0.1000 Acc: 0.9628 F1: 0.1818
Epoch 12: Time: 0.1217 Cost: 5.3686 Pre: 1.0000 Re: 0.1000 Acc: 0.9628 F1: 0.1818
Epoch 13: Time: 0.1814 Cost: 4.8946 Pre: 0.0000 Re: 0.0000 Acc: 0.9587 F1: 0.0000
Epoch 14: Time: 0.1324 Cost: 4.5498 Pre: 0.0000 Re: 0.0000 Acc: 0.9587 F1: 0.0000
Epoch 15: Time: 0.1248 Cost: 4.2991 Pre: 0.0000 Re: 0.0000 Acc: 0.9587 F1: 0.0000
Epoch 16: Time: 0.1397 Cost: 4.1158 Pre: 0.0000 Re: 0.0000 Acc: 0.9587 F1: 0.0000
Epoch 17: Time: 0.1458 Cost: 3.9800 Pre: 0.0000 Re: 0.0000 Acc: 0.9587 F1: 0.0000
Epoch 18: Time: 0.1651 Cost: 3.8778 Pre: 0.0000 Re: 0.0000 Acc: 0.9587 F1: 0.0000
Epoch 19: Time: 0.2258 Cost: 3.7993 Pre: 0.0000 Re: 0.0000 Acc: 0.9587 F1: 0.0000
Epoch 20: Time: 0.1990 Cost: 3.7377 Pre: 0.0000 Re: 0.0000 Acc: 0.9587 F1: 0.0000


--------------------------------------------------------------------
Eval results: Cost:3.1210 Pre:0.0000 Re:0.0000 Acc:0.9753 F1:0.0000
--------------------------------------------------------------------

Epoch 21: Time: 0.1932 Cost: 3.6884 Pre: 0.0000 Re: 0.0000 Acc: 0.9587 F1: 0.0000
Epoch 22: Time: 0.1139 Cost: 3.6477 Pre: 0.0000 Re: 0.0000 Acc: 0.9587 F1: 0.0000
Epoch 23: Time: 0.1231 Cost: 3.6134 Pre: 0.0000 Re: 0.0000 Acc: 0.9587 F1: 0.0000
Epoch 24: Time: 0.1292 Cost: 3.5840 Pre: 0.0000 Re: 0.0000 Acc: 0.9587 F1: 0.0000
Epoch 25: Time: 0.1146 Cost: 3.5582 Pre: 0.0000 Re: 0.0000 Acc: 0.9587 F1: 0.0000
Epoch 26: Time: 0.1202 Cost: 3.5354 Pre: 0.0000 Re: 0.0000 Acc: 0.9587 F1: 0.0000
Epoch 27: Time: 0.1074 Cost: 3.5148 Pre: 0.0000 Re: 0.0000 Acc: 0.9587 F1: 0.0000
Epoch 28: Time: 0.1141 Cost: 3.4959 Pre: 0.0000 Re: 0.0000 Acc: 0.9587 F1: 0.0000
Epoch 29: Time: 0.1026 Cost: 3.4785 Pre: 0.0000 Re: 0.0000 Acc: 0.9587 F1: 0.0000
Epoch 30: Time: 0.1234 Cost: 3.4622 Pre: 0.0000 Re: 0.0000 Acc: 0.9587 F1: 0.0000


--------------------------------------------------------------------
Eval results: Cost:2.8536 Pre:0.0000 Re:0.0000 Acc:0.9753 F1:0.0000
--------------------------------------------------------------------

Epoch 31: Time: 0.1083 Cost: 3.4468 Pre: 0.0000 Re: 0.0000 Acc: 0.9587 F1: 0.0000
Epoch 32: Time: 0.1312 Cost: 3.4321 Pre: 0.0000 Re: 0.0000 Acc: 0.9587 F1: 0.0000
Epoch 33: Time: 0.1188 Cost: 3.4179 Pre: 0.0000 Re: 0.0000 Acc: 0.9587 F1: 0.0000
Epoch 34: Time: 0.1140 Cost: 3.4042 Pre: 0.0000 Re: 0.0000 Acc: 0.9587 F1: 0.0000
Epoch 35: Time: 0.1229 Cost: 3.3909 Pre: 0.0000 Re: 0.0000 Acc: 0.9587 F1: 0.0000
Epoch 36: Time: 0.1090 Cost: 3.3780 Pre: 0.0000 Re: 0.0000 Acc: 0.9587 F1: 0.0000
Epoch 37: Time: 0.1192 Cost: 3.3654 Pre: 0.0000 Re: 0.0000 Acc: 0.9587 F1: 0.0000
Epoch 38: Time: 0.1154 Cost: 3.3531 Pre: 0.0000 Re: 0.0000 Acc: 0.9587 F1: 0.0000
Epoch 39: Time: 0.1179 Cost: 3.3410 Pre: 0.0000 Re: 0.0000 Acc: 0.9587 F1: 0.0000
Epoch 40: Time: 0.1176 Cost: 3.3291 Pre: 0.0000 Re: 0.0000 Acc: 0.9587 F1: 0.0000


--------------------------------------------------------------------
Eval results: Cost:2.7106 Pre:0.0000 Re:0.0000 Acc:0.9753 F1:0.0000
--------------------------------------------------------------------

Epoch 41: Time: 0.1204 Cost: 3.3173 Pre: 0.0000 Re: 0.0000 Acc: 0.9587 F1: 0.0000
Epoch 42: Time: 0.1137 Cost: 3.3056 Pre: 0.0000 Re: 0.0000 Acc: 0.9587 F1: 0.0000
Epoch 43: Time: 0.1136 Cost: 3.2939 Pre: 0.0000 Re: 0.0000 Acc: 0.9587 F1: 0.0000
Epoch 44: Time: 0.1200 Cost: 3.2822 Pre: 0.0000 Re: 0.0000 Acc: 0.9587 F1: 0.0000
Epoch 45: Time: 0.1088 Cost: 3.2705 Pre: 0.0000 Re: 0.0000 Acc: 0.9587 F1: 0.0000
Epoch 46: Time: 0.1305 Cost: 3.2589 Pre: 0.0000 Re: 0.0000 Acc: 0.9587 F1: 0.0000
Epoch 47: Time: 0.1061 Cost: 3.2474 Pre: 0.0000 Re: 0.0000 Acc: 0.9587 F1: 0.0000
Epoch 48: Time: 0.1283 Cost: 3.2358 Pre: 0.0000 Re: 0.0000 Acc: 0.9587 F1: 0.0000
Epoch 49: Time: 0.1240 Cost: 3.2243 Pre: 1.0000 Re: 0.1000 Acc: 0.9628 F1: 0.1818
Epoch 50: Time: 0.1139 Cost: 3.2128 Pre: 1.0000 Re: 0.1000 Acc: 0.9628 F1: 0.1818


--------------------------------------------------------------------
Eval results: Cost:2.5785 Pre:1.0000 Re:0.2500 Acc:0.9815 F1:0.4000
--------------------------------------------------------------------

Epoch 51: Time: 0.1020 Cost: 3.2013 Pre: 1.0000 Re: 0.1000 Acc: 0.9628 F1: 0.1818
Epoch 52: Time: 0.1253 Cost: 3.1897 Pre: 1.0000 Re: 0.1000 Acc: 0.9628 F1: 0.1818
Epoch 53: Time: 0.1114 Cost: 3.1780 Pre: 1.0000 Re: 0.1000 Acc: 0.9628 F1: 0.1818
Epoch 54: Time: 0.1269 Cost: 3.1663 Pre: 1.0000 Re: 0.1000 Acc: 0.9628 F1: 0.1818
Epoch 55: Time: 0.1356 Cost: 3.1546 Pre: 1.0000 Re: 0.1000 Acc: 0.9628 F1: 0.1818
Epoch 56: Time: 0.1589 Cost: 3.1429 Pre: 1.0000 Re: 0.1000 Acc: 0.9628 F1: 0.1818
Epoch 57: Time: 0.1295 Cost: 3.1312 Pre: 1.0000 Re: 0.1000 Acc: 0.9628 F1: 0.1818
Epoch 58: Time: 0.1474 Cost: 3.1195 Pre: 1.0000 Re: 0.1000 Acc: 0.9628 F1: 0.1818
Epoch 59: Time: 0.1728 Cost: 3.1078 Pre: 1.0000 Re: 0.1000 Acc: 0.9628 F1: 0.1818
Epoch 60: Time: 0.1409 Cost: 3.0961 Pre: 1.0000 Re: 0.1000 Acc: 0.9628 F1: 0.1818


--------------------------------------------------------------------
Eval results: Cost:2.4477 Pre:1.0000 Re:0.2500 Acc:0.9815 F1:0.4000
--------------------------------------------------------------------

Epoch 61: Time: 0.1326 Cost: 3.0845 Pre: 1.0000 Re: 0.1000 Acc: 0.9628 F1: 0.1818
Epoch 62: Time: 0.1324 Cost: 3.0728 Pre: 1.0000 Re: 0.1000 Acc: 0.9628 F1: 0.1818
Epoch 63: Time: 0.1153 Cost: 3.0610 Pre: 1.0000 Re: 0.1000 Acc: 0.9628 F1: 0.1818
Epoch 64: Time: 0.1146 Cost: 3.0493 Pre: 1.0000 Re: 0.1000 Acc: 0.9628 F1: 0.1818
Epoch 65: Time: 0.1124 Cost: 3.0375 Pre: 1.0000 Re: 0.1000 Acc: 0.9628 F1: 0.1818
Epoch 66: Time: 0.1079 Cost: 3.0256 Pre: 1.0000 Re: 0.1000 Acc: 0.9628 F1: 0.1818
Epoch 67: Time: 0.1127 Cost: 3.0137 Pre: 1.0000 Re: 0.1000 Acc: 0.9628 F1: 0.1818
Epoch 68: Time: 0.1071 Cost: 3.0018 Pre: 1.0000 Re: 0.1000 Acc: 0.9628 F1: 0.1818
Epoch 69: Time: 0.1157 Cost: 2.9898 Pre: 1.0000 Re: 0.1000 Acc: 0.9628 F1: 0.1818
Epoch 70: Time: 0.1116 Cost: 2.9777 Pre: 1.0000 Re: 0.1000 Acc: 0.9628 F1: 0.1818


--------------------------------------------------------------------
Eval results: Cost:2.3312 Pre:1.0000 Re:0.2500 Acc:0.9815 F1:0.4000
--------------------------------------------------------------------

Epoch 71: Time: 0.1010 Cost: 2.9654 Pre: 1.0000 Re: 0.1000 Acc: 0.9628 F1: 0.1818
Epoch 72: Time: 0.1172 Cost: 2.9530 Pre: 1.0000 Re: 0.1000 Acc: 0.9628 F1: 0.1818
Epoch 73: Time: 0.1055 Cost: 2.9402 Pre: 1.0000 Re: 0.1000 Acc: 0.9628 F1: 0.1818
Epoch 74: Time: 0.1048 Cost: 2.9272 Pre: 1.0000 Re: 0.1000 Acc: 0.9628 F1: 0.1818
Epoch 75: Time: 0.1151 Cost: 2.9138 Pre: 1.0000 Re: 0.1000 Acc: 0.9628 F1: 0.1818
Epoch 76: Time: 0.1123 Cost: 2.9001 Pre: 1.0000 Re: 0.1000 Acc: 0.9628 F1: 0.1818
Epoch 77: Time: 0.1127 Cost: 2.8860 Pre: 1.0000 Re: 0.1000 Acc: 0.9628 F1: 0.1818
Epoch 78: Time: 0.1083 Cost: 2.8714 Pre: 1.0000 Re: 0.1000 Acc: 0.9628 F1: 0.1818
Epoch 79: Time: 0.1092 Cost: 2.8562 Pre: 1.0000 Re: 0.1000 Acc: 0.9628 F1: 0.1818
Epoch 80: Time: 0.1082 Cost: 2.8404 Pre: 1.0000 Re: 0.1000 Acc: 0.9628 F1: 0.1818


--------------------------------------------------------------------
Eval results: Cost:2.2254 Pre:1.0000 Re:0.2500 Acc:0.9815 F1:0.4000
--------------------------------------------------------------------

Epoch 81: Time: 0.1035 Cost: 2.8238 Pre: 1.0000 Re: 0.1000 Acc: 0.9628 F1: 0.1818
Epoch 82: Time: 0.1010 Cost: 2.8064 Pre: 1.0000 Re: 0.1000 Acc: 0.9628 F1: 0.1818
Epoch 83: Time: 0.1084 Cost: 2.7879 Pre: 1.0000 Re: 0.1000 Acc: 0.9628 F1: 0.1818
Epoch 84: Time: 0.0969 Cost: 2.7683 Pre: 1.0000 Re: 0.1000 Acc: 0.9628 F1: 0.1818
Epoch 85: Time: 0.1128 Cost: 2.7474 Pre: 1.0000 Re: 0.1000 Acc: 0.9628 F1: 0.1818
Epoch 86: Time: 0.1076 Cost: 2.7251 Pre: 1.0000 Re: 0.1000 Acc: 0.9628 F1: 0.1818
Epoch 87: Time: 0.1091 Cost: 2.7011 Pre: 1.0000 Re: 0.1000 Acc: 0.9628 F1: 0.1818
Epoch 88: Time: 0.1070 Cost: 2.6751 Pre: 1.0000 Re: 0.1000 Acc: 0.9628 F1: 0.1818
Epoch 89: Time: 0.1141 Cost: 2.6470 Pre: 1.0000 Re: 0.1000 Acc: 0.9628 F1: 0.1818
Epoch 90: Time: 0.0971 Cost: 2.6164 Pre: 1.0000 Re: 0.1000 Acc: 0.9628 F1: 0.1818


--------------------------------------------------------------------
Eval results: Cost:2.0801 Pre:1.0000 Re:0.2500 Acc:0.9815 F1:0.4000
--------------------------------------------------------------------

Epoch 91: Time: 0.1026 Cost: 2.5828 Pre: 1.0000 Re: 0.1000 Acc: 0.9628 F1: 0.1818
Epoch 92: Time: 0.1244 Cost: 2.5459 Pre: 1.0000 Re: 0.1000 Acc: 0.9628 F1: 0.1818
Epoch 93: Time: 0.1439 Cost: 2.5051 Pre: 1.0000 Re: 0.1000 Acc: 0.9628 F1: 0.1818
Epoch 94: Time: 0.1778 Cost: 2.4597 Pre: 1.0000 Re: 0.1000 Acc: 0.9628 F1: 0.1818
Epoch 95: Time: 0.1674 Cost: 2.4090 Pre: 1.0000 Re: 0.1000 Acc: 0.9628 F1: 0.1818
Epoch 96: Time: 0.1341 Cost: 2.3520 Pre: 1.0000 Re: 0.1000 Acc: 0.9628 F1: 0.1818
Epoch 97: Time: 0.1564 Cost: 2.2877 Pre: 1.0000 Re: 0.1000 Acc: 0.9628 F1: 0.1818
Epoch 98: Time: 0.1408 Cost: 2.2146 Pre: 1.0000 Re: 0.1000 Acc: 0.9628 F1: 0.1818
Epoch 99: Time: 0.1513 Cost: 2.1315 Pre: 1.0000 Re: 0.1000 Acc: 0.9628 F1: 0.1818
Epoch 100: Time: 0.1576 Cost: 2.0365 Pre: 1.0000 Re: 0.1000 Acc: 0.9628 F1: 0.1818


--------------------------------------------------------------------
Eval results: Cost:1.6309 Pre:1.0000 Re:0.2500 Acc:0.9815 F1:0.4000
--------------------------------------------------------------------

Epoch 101: Time: 0.1023 Cost: 1.9282 Pre: 1.0000 Re: 0.1000 Acc: 0.9628 F1: 0.1818
Epoch 102: Time: 0.1269 Cost: 1.8051 Pre: 1.0000 Re: 0.2000 Acc: 0.9669 F1: 0.3333
Epoch 103: Time: 0.1094 Cost: 1.6660 Pre: 1.0000 Re: 0.2000 Acc: 0.9669 F1: 0.3333
Epoch 104: Time: 0.1065 Cost: 1.5106 Pre: 1.0000 Re: 0.3000 Acc: 0.9711 F1: 0.4615
Epoch 105: Time: 0.1257 Cost: 1.3405 Pre: 1.0000 Re: 0.6000 Acc: 0.9835 F1: 0.7500
Epoch 106: Time: 0.1045 Cost: 1.1593 Pre: 1.0000 Re: 1.0000 Acc: 1.0000 F1: 1.0000
Epoch 107: Time: 0.1064 Cost: 0.9739 Pre: 1.0000 Re: 1.0000 Acc: 1.0000 F1: 1.0000
Epoch 108: Time: 0.1305 Cost: 0.7930 Pre: 1.0000 Re: 1.0000 Acc: 1.0000 F1: 1.0000
Epoch 109: Time: 0.1047 Cost: 0.6266 Pre: 1.0000 Re: 1.0000 Acc: 1.0000 F1: 1.0000
Epoch 110: Time: 0.1140 Cost: 0.4830 Pre: 1.0000 Re: 1.0000 Acc: 1.0000 F1: 1.0000


--------------------------------------------------------------------
Eval results: Cost:0.3268 Pre:1.0000 Re:1.0000 Acc:1.0000 F1:1.0000
--------------------------------------------------------------------

Epoch 111: Time: 0.1134 Cost: 0.3667 Pre: 1.0000 Re: 1.0000 Acc: 1.0000 F1: 1.0000
Epoch 112: Time: 0.1137 Cost: 0.2776 Pre: 1.0000 Re: 1.0000 Acc: 1.0000 F1: 1.0000
Epoch 113: Time: 0.1057 Cost: 0.2120 Pre: 1.0000 Re: 1.0000 Acc: 1.0000 F1: 1.0000
Epoch 114: Time: 0.1059 Cost: 0.1650 Pre: 1.0000 Re: 1.0000 Acc: 1.0000 F1: 1.0000
Epoch 115: Time: 0.1647 Cost: 0.1316 Pre: 1.0000 Re: 1.0000 Acc: 1.0000 F1: 1.0000
Epoch 116: Time: 0.1299 Cost: 0.1077 Pre: 1.0000 Re: 1.0000 Acc: 1.0000 F1: 1.0000
Epoch 117: Time: 0.1041 Cost: 0.0904 Pre: 1.0000 Re: 1.0000 Acc: 1.0000 F1: 1.0000
Epoch 118: Time: 0.1291 Cost: 0.0776 Pre: 1.0000 Re: 1.0000 Acc: 1.0000 F1: 1.0000
Epoch 119: Time: 0.1066 Cost: 0.0679 Pre: 1.0000 Re: 1.0000 Acc: 1.0000 F1: 1.0000
Epoch 120: Time: 0.1252 Cost: 0.0605 Pre: 1.0000 Re: 1.0000 Acc: 1.0000 F1: 1.0000


--------------------------------------------------------------------
Eval results: Cost:0.0451 Pre:1.0000 Re:1.0000 Acc:1.0000 F1:1.0000
--------------------------------------------------------------------

Epoch 121: Time: 0.1182 Cost: 0.0546 Pre: 1.0000 Re: 1.0000 Acc: 1.0000 F1: 1.0000
Epoch 122: Time: 0.1223 Cost: 0.0498 Pre: 1.0000 Re: 1.0000 Acc: 1.0000 F1: 1.0000
Epoch 123: Time: 0.1493 Cost: 0.0459 Pre: 1.0000 Re: 1.0000 Acc: 1.0000 F1: 1.0000
Epoch 124: Time: 0.1284 Cost: 0.0425 Pre: 1.0000 Re: 1.0000 Acc: 1.0000 F1: 1.0000
Epoch 125: Time: 0.1253 Cost: 0.0397 Pre: 1.0000 Re: 1.0000 Acc: 1.0000 F1: 1.0000
Epoch 126: Time: 0.1289 Cost: 0.0372 Pre: 1.0000 Re: 1.0000 Acc: 1.0000 F1: 1.0000
Epoch 127: Time: 0.1257 Cost: 0.0350 Pre: 1.0000 Re: 1.0000 Acc: 1.0000 F1: 1.0000
Epoch 128: Time: 0.1320 Cost: 0.0330 Pre: 1.0000 Re: 1.0000 Acc: 1.0000 F1: 1.0000
Epoch 129: Time: 0.1212 Cost: 0.0312 Pre: 1.0000 Re: 1.0000 Acc: 1.0000 F1: 1.0000
Epoch 130: Time: 0.1444 Cost: 0.0296 Pre: 1.0000 Re: 1.0000 Acc: 1.0000 F1: 1.0000


--------------------------------------------------------------------
Eval results: Cost:0.0228 Pre:1.0000 Re:1.0000 Acc:1.0000 F1:1.0000
--------------------------------------------------------------------

Epoch 131: Time: 0.1534 Cost: 0.0281 Pre: 1.0000 Re: 1.0000 Acc: 1.0000 F1: 1.0000
Epoch 132: Time: 0.1556 Cost: 0.0267 Pre: 1.0000 Re: 1.0000 Acc: 1.0000 F1: 1.0000
Epoch 133: Time: 0.1223 Cost: 0.0254 Pre: 1.0000 Re: 1.0000 Acc: 1.0000 F1: 1.0000
Epoch 134: Time: 0.1180 Cost: 0.0242 Pre: 1.0000 Re: 1.0000 Acc: 1.0000 F1: 1.0000
Epoch 135: Time: 0.1100 Cost: 0.0231 Pre: 1.0000 Re: 1.0000 Acc: 1.0000 F1: 1.0000
Epoch 136: Time: 0.1138 Cost: 0.0220 Pre: 1.0000 Re: 1.0000 Acc: 1.0000 F1: 1.0000
Epoch 137: Time: 0.1376 Cost: 0.0210 Pre: 1.0000 Re: 1.0000 Acc: 1.0000 F1: 1.0000
Epoch 138: Time: 0.1351 Cost: 0.0201 Pre: 1.0000 Re: 1.0000 Acc: 1.0000 F1: 1.0000
Epoch 139: Time: 0.1751 Cost: 0.0192 Pre: 1.0000 Re: 1.0000 Acc: 1.0000 F1: 1.0000
Epoch 140: Time: 0.1764 Cost: 0.0183 Pre: 1.0000 Re: 1.0000 Acc: 1.0000 F1: 1.0000


--------------------------------------------------------------------
Eval results: Cost:0.0142 Pre:1.0000 Re:1.0000 Acc:1.0000 F1:1.0000
--------------------------------------------------------------------

Epoch 141: Time: 0.1157 Cost: 0.0175 Pre: 1.0000 Re: 1.0000 Acc: 1.0000 F1: 1.0000
Epoch 142: Time: 0.1202 Cost: 0.0168 Pre: 1.0000 Re: 1.0000 Acc: 1.0000 F1: 1.0000
Epoch 143: Time: 0.1189 Cost: 0.0160 Pre: 1.0000 Re: 1.0000 Acc: 1.0000 F1: 1.0000
Epoch 144: Time: 0.1171 Cost: 0.0154 Pre: 1.0000 Re: 1.0000 Acc: 1.0000 F1: 1.0000
Epoch 145: Time: 0.1144 Cost: 0.0147 Pre: 1.0000 Re: 1.0000 Acc: 1.0000 F1: 1.0000
Epoch 146: Time: 0.1094 Cost: 0.0141 Pre: 1.0000 Re: 1.0000 Acc: 1.0000 F1: 1.0000
Epoch 147: Time: 0.1236 Cost: 0.0135 Pre: 1.0000 Re: 1.0000 Acc: 1.0000 F1: 1.0000
Epoch 148: Time: 0.1160 Cost: 0.0130 Pre: 1.0000 Re: 1.0000 Acc: 1.0000 F1: 1.0000
Epoch 149: Time: 0.1095 Cost: 0.0124 Pre: 1.0000 Re: 1.0000 Acc: 1.0000 F1: 1.0000
Epoch 150: Time: 0.1080 Cost: 0.0119 Pre: 1.0000 Re: 1.0000 Acc: 1.0000 F1: 1.0000


--------------------------------------------------------------------
Eval results: Cost:0.0092 Pre:1.0000 Re:1.0000 Acc:1.0000 F1:1.0000
--------------------------------------------------------------------

Epoch 151: Time: 0.1259 Cost: 0.0115 Pre: 1.0000 Re: 1.0000 Acc: 1.0000 F1: 1.0000
Epoch 152: Time: 0.1195 Cost: 0.0110 Pre: 1.0000 Re: 1.0000 Acc: 1.0000 F1: 1.0000
Epoch 153: Time: 0.1169 Cost: 0.0106 Pre: 1.0000 Re: 1.0000 Acc: 1.0000 F1: 1.0000
Epoch 154: Time: 0.1120 Cost: 0.0102 Pre: 1.0000 Re: 1.0000 Acc: 1.0000 F1: 1.0000
Epoch 155: Time: 0.1190 Cost: 0.0099 Pre: 1.0000 Re: 1.0000 Acc: 1.0000 F1: 1.0000
Epoch 156: Time: 0.1395 Cost: 0.0095 Pre: 1.0000 Re: 1.0000 Acc: 1.0000 F1: 1.0000
Epoch 157: Time: 0.1188 Cost: 0.0092 Pre: 1.0000 Re: 1.0000 Acc: 1.0000 F1: 1.0000
Epoch 158: Time: 0.1216 Cost: 0.0089 Pre: 1.0000 Re: 1.0000 Acc: 1.0000 F1: 1.0000
Epoch 159: Time: 0.1299 Cost: 0.0086 Pre: 1.0000 Re: 1.0000 Acc: 1.0000 F1: 1.0000
Epoch 160: Time: 0.1176 Cost: 0.0083 Pre: 1.0000 Re: 1.0000 Acc: 1.0000 F1: 1.0000


--------------------------------------------------------------------
Eval results: Cost:0.0064 Pre:1.0000 Re:1.0000 Acc:1.0000 F1:1.0000
--------------------------------------------------------------------

Epoch 161: Time: 0.1161 Cost: 0.0080 Pre: 1.0000 Re: 1.0000 Acc: 1.0000 F1: 1.0000
Epoch 162: Time: 0.1360 Cost: 0.0078 Pre: 1.0000 Re: 1.0000 Acc: 1.0000 F1: 1.0000
Epoch 163: Time: 0.1417 Cost: 0.0076 Pre: 1.0000 Re: 1.0000 Acc: 1.0000 F1: 1.0000
Epoch 164: Time: 0.1573 Cost: 0.0073 Pre: 1.0000 Re: 1.0000 Acc: 1.0000 F1: 1.0000
Epoch 165: Time: 0.1918 Cost: 0.0071 Pre: 1.0000 Re: 1.0000 Acc: 1.0000 F1: 1.0000
Epoch 166: Time: 0.1259 Cost: 0.0069 Pre: 1.0000 Re: 1.0000 Acc: 1.0000 F1: 1.0000
Epoch 167: Time: 0.1457 Cost: 0.0067 Pre: 1.0000 Re: 1.0000 Acc: 1.0000 F1: 1.0000
Epoch 168: Time: 0.1228 Cost: 0.0066 Pre: 1.0000 Re: 1.0000 Acc: 1.0000 F1: 1.0000
Epoch 169: Time: 0.1557 Cost: 0.0064 Pre: 1.0000 Re: 1.0000 Acc: 1.0000 F1: 1.0000
Epoch 170: Time: 0.1521 Cost: 0.0062 Pre: 1.0000 Re: 1.0000 Acc: 1.0000 F1: 1.0000


--------------------------------------------------------------------
Eval results: Cost:0.0048 Pre:1.0000 Re:1.0000 Acc:1.0000 F1:1.0000
--------------------------------------------------------------------

Epoch 171: Time: 0.1119 Cost: 0.0061 Pre: 1.0000 Re: 1.0000 Acc: 1.0000 F1: 1.0000
Epoch 172: Time: 0.1375 Cost: 0.0059 Pre: 1.0000 Re: 1.0000 Acc: 1.0000 F1: 1.0000
Epoch 173: Time: 0.1251 Cost: 0.0058 Pre: 1.0000 Re: 1.0000 Acc: 1.0000 F1: 1.0000
Epoch 174: Time: 0.1125 Cost: 0.0056 Pre: 1.0000 Re: 1.0000 Acc: 1.0000 F1: 1.0000
Epoch 175: Time: 0.1034 Cost: 0.0055 Pre: 1.0000 Re: 1.0000 Acc: 1.0000 F1: 1.0000
Epoch 176: Time: 0.1168 Cost: 0.0054 Pre: 1.0000 Re: 1.0000 Acc: 1.0000 F1: 1.0000
Epoch 177: Time: 0.1088 Cost: 0.0053 Pre: 1.0000 Re: 1.0000 Acc: 1.0000 F1: 1.0000
Epoch 178: Time: 0.1191 Cost: 0.0052 Pre: 1.0000 Re: 1.0000 Acc: 1.0000 F1: 1.0000
Epoch 179: Time: 0.1253 Cost: 0.0051 Pre: 1.0000 Re: 1.0000 Acc: 1.0000 F1: 1.0000
Epoch 180: Time: 0.1065 Cost: 0.0050 Pre: 1.0000 Re: 1.0000 Acc: 1.0000 F1: 1.0000


--------------------------------------------------------------------
Eval results: Cost:0.0039 Pre:1.0000 Re:1.0000 Acc:1.0000 F1:1.0000
--------------------------------------------------------------------

Epoch 181: Time: 0.1162 Cost: 0.0049 Pre: 1.0000 Re: 1.0000 Acc: 1.0000 F1: 1.0000
Epoch 182: Time: 0.1283 Cost: 0.0048 Pre: 1.0000 Re: 1.0000 Acc: 1.0000 F1: 1.0000
Epoch 183: Time: 0.1365 Cost: 0.0047 Pre: 1.0000 Re: 1.0000 Acc: 1.0000 F1: 1.0000
Epoch 184: Time: 0.1132 Cost: 0.0046 Pre: 1.0000 Re: 1.0000 Acc: 1.0000 F1: 1.0000
Epoch 185: Time: 0.1355 Cost: 0.0045 Pre: 1.0000 Re: 1.0000 Acc: 1.0000 F1: 1.0000
Epoch 186: Time: 0.1292 Cost: 0.0044 Pre: 1.0000 Re: 1.0000 Acc: 1.0000 F1: 1.0000
Epoch 187: Time: 0.1043 Cost: 0.0043 Pre: 1.0000 Re: 1.0000 Acc: 1.0000 F1: 1.0000
Epoch 188: Time: 0.1128 Cost: 0.0043 Pre: 1.0000 Re: 1.0000 Acc: 1.0000 F1: 1.0000
Epoch 189: Time: 0.1141 Cost: 0.0042 Pre: 1.0000 Re: 1.0000 Acc: 1.0000 F1: 1.0000
Epoch 190: Time: 0.1214 Cost: 0.0041 Pre: 1.0000 Re: 1.0000 Acc: 1.0000 F1: 1.0000


--------------------------------------------------------------------
Eval results: Cost:0.0032 Pre:1.0000 Re:1.0000 Acc:1.0000 F1:1.0000
--------------------------------------------------------------------

Epoch 191: Time: 0.0975 Cost: 0.0041 Pre: 1.0000 Re: 1.0000 Acc: 1.0000 F1: 1.0000
Epoch 192: Time: 0.1118 Cost: 0.0040 Pre: 1.0000 Re: 1.0000 Acc: 1.0000 F1: 1.0000
Epoch 193: Time: 0.1107 Cost: 0.0039 Pre: 1.0000 Re: 1.0000 Acc: 1.0000 F1: 1.0000
Epoch 194: Time: 0.1159 Cost: 0.0039 Pre: 1.0000 Re: 1.0000 Acc: 1.0000 F1: 1.0000
Epoch 195: Time: 0.1200 Cost: 0.0038 Pre: 1.0000 Re: 1.0000 Acc: 1.0000 F1: 1.0000
Epoch 196: Time: 0.1268 Cost: 0.0037 Pre: 1.0000 Re: 1.0000 Acc: 1.0000 F1: 1.0000
Epoch 197: Time: 0.1065 Cost: 0.0037 Pre: 1.0000 Re: 1.0000 Acc: 1.0000 F1: 1.0000
Epoch 198: Time: 0.1054 Cost: 0.0036 Pre: 1.0000 Re: 1.0000 Acc: 1.0000 F1: 1.0000
Epoch 199: Time: 0.1065 Cost: 0.0036 Pre: 1.0000 Re: 1.0000 Acc: 1.0000 F1: 1.0000
Epoch 200: Time: 0.1041 Cost: 0.0035 Pre: 1.0000 Re: 1.0000 Acc: 1.0000 F1: 1.0000


--------------------------------------------------------------------
Eval results: Cost:0.0028 Pre:1.0000 Re:1.0000 Acc:1.0000 F1:1.0000
--------------------------------------------------------------------

Epoch 201: Time: 0.1422 Cost: 0.0035 Pre: 1.0000 Re: 1.0000 Acc: 1.0000 F1: 1.0000
Epoch 202: Time: 0.1992 Cost: 0.0034 Pre: 1.0000 Re: 1.0000 Acc: 1.0000 F1: 1.0000
Epoch 203: Time: 0.1050 Cost: 0.0034 Pre: 1.0000 Re: 1.0000 Acc: 1.0000 F1: 1.0000
Epoch 204: Time: 0.1287 Cost: 0.0033 Pre: 1.0000 Re: 1.0000 Acc: 1.0000 F1: 1.0000
Epoch 205: Time: 0.1080 Cost: 0.0033 Pre: 1.0000 Re: 1.0000 Acc: 1.0000 F1: 1.0000
Epoch 206: Time: 0.1178 Cost: 0.0033 Pre: 1.0000 Re: 1.0000 Acc: 1.0000 F1: 1.0000
Epoch 207: Time: 0.0999 Cost: 0.0032 Pre: 1.0000 Re: 1.0000 Acc: 1.0000 F1: 1.0000
Epoch 208: Time: 0.1128 Cost: 0.0032 Pre: 1.0000 Re: 1.0000 Acc: 1.0000 F1: 1.0000
Epoch 209: Time: 0.1103 Cost: 0.0031 Pre: 1.0000 Re: 1.0000 Acc: 1.0000 F1: 1.0000
Epoch 210: Time: 0.1158 Cost: 0.0031 Pre: 1.0000 Re: 1.0000 Acc: 1.0000 F1: 1.0000


--------------------------------------------------------------------
Eval results: Cost:0.0024 Pre:1.0000 Re:1.0000 Acc:1.0000 F1:1.0000
--------------------------------------------------------------------

Early stopping...
--------------------------------------------------------------------
--------------------------------------------------------------------
Test 464 samples take time: 0.4091
Test results: Cost:0.0023 Pre:1.0000 Re:1.0000 Acc:1.0000 F1:1.0000
--------------------------------------------------------------------

