16768
16562
16206
16632
16380
16425
Load data
RNN type: O2 Grammar: g1 Seed: 1
Model total parameters: 200
Saving hinit ... 

Epoch 0: Time: 0.1089 Cost: 25.3068 Pre: 0.0000 Re: 0.0000 Acc: 0.4463 F1: 0.0000


--------------------------------------------------------------------
Eval results: Cost:25.8791 Pre:0.0000 Re:0.0000 Acc:0.4383 F1:0.0000
--------------------------------------------------------------------

Epoch 1: Time: 0.0133 Cost: 24.9693 Pre: 0.0000 Re: 0.0000 Acc: 0.4463 F1: 0.0000
Epoch 2: Time: 0.0130 Cost: 24.5064 Pre: 0.0000 Re: 0.0000 Acc: 0.4463 F1: 0.0000
Epoch 3: Time: 0.0131 Cost: 23.9813 Pre: 0.0000 Re: 0.0000 Acc: 0.4463 F1: 0.0000
Epoch 4: Time: 0.0133 Cost: 23.4217 Pre: 0.0000 Re: 0.0000 Acc: 0.4463 F1: 0.0000
Epoch 5: Time: 0.0126 Cost: 22.8422 Pre: 0.0000 Re: 0.0000 Acc: 0.4463 F1: 0.0000
Epoch 6: Time: 0.0129 Cost: 22.2503 Pre: 0.0000 Re: 0.0000 Acc: 0.4463 F1: 0.0000
Epoch 7: Time: 0.0129 Cost: 21.6491 Pre: 0.0000 Re: 0.0000 Acc: 0.4463 F1: 0.0000
Epoch 8: Time: 0.0130 Cost: 21.0396 Pre: 0.0000 Re: 0.0000 Acc: 0.4463 F1: 0.0000
Epoch 9: Time: 0.0126 Cost: 20.4211 Pre: 0.0000 Re: 0.0000 Acc: 0.4463 F1: 0.0000
Epoch 10: Time: 0.0133 Cost: 19.7928 Pre: 0.0000 Re: 0.0000 Acc: 0.4463 F1: 0.0000


--------------------------------------------------------------------
Eval results: Cost:19.8496 Pre:0.0000 Re:0.0000 Acc:0.4383 F1:0.0000
--------------------------------------------------------------------

Epoch 11: Time: 0.0134 Cost: 19.1520 Pre: 0.0000 Re: 0.0000 Acc: 0.5620 F1: 0.0000
Epoch 12: Time: 0.0137 Cost: 18.4927 Pre: 0.0000 Re: 0.0000 Acc: 0.6860 F1: 0.0000
Epoch 13: Time: 0.0126 Cost: 17.8148 Pre: 0.0000 Re: 0.0000 Acc: 0.8678 F1: 0.0000
Epoch 14: Time: 0.0178 Cost: 17.1202 Pre: 0.0000 Re: 0.0000 Acc: 0.9587 F1: 0.0000
Epoch 15: Time: 0.0131 Cost: 16.4107 Pre: 0.0000 Re: 0.0000 Acc: 0.9587 F1: 0.0000
Epoch 16: Time: 0.0134 Cost: 15.6890 Pre: 0.0000 Re: 0.0000 Acc: 0.9587 F1: 0.0000
Epoch 17: Time: 0.0138 Cost: 14.9580 Pre: 0.0000 Re: 0.0000 Acc: 0.9587 F1: 0.0000
Epoch 18: Time: 0.0147 Cost: 14.2216 Pre: 0.0000 Re: 0.0000 Acc: 0.9587 F1: 0.0000
Epoch 19: Time: 0.0219 Cost: 13.4842 Pre: 0.0000 Re: 0.0000 Acc: 0.9587 F1: 0.0000
Epoch 20: Time: 0.0132 Cost: 12.7510 Pre: 0.0000 Re: 0.0000 Acc: 0.9587 F1: 0.0000


--------------------------------------------------------------------
Eval results: Cost:12.3362 Pre:0.0000 Re:0.0000 Acc:0.9753 F1:0.0000
--------------------------------------------------------------------

Epoch 21: Time: 0.0132 Cost: 12.0266 Pre: 0.0000 Re: 0.0000 Acc: 0.9587 F1: 0.0000
Epoch 22: Time: 0.0129 Cost: 11.3128 Pre: 0.0000 Re: 0.0000 Acc: 0.9587 F1: 0.0000
Epoch 23: Time: 0.0127 Cost: 10.6181 Pre: 0.0000 Re: 0.0000 Acc: 0.9587 F1: 0.0000
Epoch 24: Time: 0.0127 Cost: 9.9520 Pre: 0.0000 Re: 0.0000 Acc: 0.9587 F1: 0.0000
Epoch 25: Time: 0.0127 Cost: 9.3236 Pre: 0.0000 Re: 0.0000 Acc: 0.9587 F1: 0.0000
Epoch 26: Time: 0.0129 Cost: 8.7401 Pre: 0.0000 Re: 0.0000 Acc: 0.9587 F1: 0.0000
Epoch 27: Time: 0.0128 Cost: 8.2067 Pre: 0.0000 Re: 0.0000 Acc: 0.9587 F1: 0.0000
Epoch 28: Time: 0.0129 Cost: 7.7258 Pre: 0.0000 Re: 0.0000 Acc: 0.9587 F1: 0.0000
Epoch 29: Time: 0.0129 Cost: 7.2969 Pre: 0.0000 Re: 0.0000 Acc: 0.9587 F1: 0.0000
Epoch 30: Time: 0.0129 Cost: 6.9175 Pre: 0.0000 Re: 0.0000 Acc: 0.9587 F1: 0.0000


--------------------------------------------------------------------
Eval results: Cost:6.3836 Pre:0.0000 Re:0.0000 Acc:0.9753 F1:0.0000
--------------------------------------------------------------------

Epoch 31: Time: 0.0132 Cost: 6.5836 Pre: 0.0000 Re: 0.0000 Acc: 0.9587 F1: 0.0000
Epoch 32: Time: 0.0125 Cost: 6.2895 Pre: 0.0000 Re: 0.0000 Acc: 0.9587 F1: 0.0000
Epoch 33: Time: 0.0129 Cost: 6.0304 Pre: 0.0000 Re: 0.0000 Acc: 0.9587 F1: 0.0000
Epoch 34: Time: 0.0132 Cost: 5.8018 Pre: 0.0000 Re: 0.0000 Acc: 0.9587 F1: 0.0000
Epoch 35: Time: 0.0126 Cost: 5.6001 Pre: 0.0000 Re: 0.0000 Acc: 0.9587 F1: 0.0000
Epoch 36: Time: 0.0135 Cost: 5.4216 Pre: 0.0000 Re: 0.0000 Acc: 0.9587 F1: 0.0000
Epoch 37: Time: 0.0141 Cost: 5.2635 Pre: 0.0000 Re: 0.0000 Acc: 0.9587 F1: 0.0000
Epoch 38: Time: 0.0131 Cost: 5.1231 Pre: 0.0000 Re: 0.0000 Acc: 0.9587 F1: 0.0000
Epoch 39: Time: 0.0131 Cost: 4.9979 Pre: 0.0000 Re: 0.0000 Acc: 0.9587 F1: 0.0000
Epoch 40: Time: 0.0131 Cost: 4.8861 Pre: 0.0000 Re: 0.0000 Acc: 0.9587 F1: 0.0000


--------------------------------------------------------------------
Eval results: Cost:4.3739 Pre:0.0000 Re:0.0000 Acc:0.9753 F1:0.0000
--------------------------------------------------------------------

Epoch 41: Time: 0.0128 Cost: 4.7856 Pre: 0.0000 Re: 0.0000 Acc: 0.9587 F1: 0.0000
Epoch 42: Time: 0.0129 Cost: 4.6946 Pre: 0.0000 Re: 0.0000 Acc: 0.9587 F1: 0.0000
Epoch 43: Time: 0.0126 Cost: 4.6118 Pre: 0.0000 Re: 0.0000 Acc: 0.9587 F1: 0.0000
Epoch 44: Time: 0.0129 Cost: 4.5362 Pre: 0.0000 Re: 0.0000 Acc: 0.9587 F1: 0.0000
Epoch 45: Time: 0.0126 Cost: 4.4670 Pre: 0.0000 Re: 0.0000 Acc: 0.9587 F1: 0.0000
Epoch 46: Time: 0.0131 Cost: 4.4033 Pre: 0.0000 Re: 0.0000 Acc: 0.9587 F1: 0.0000
Epoch 47: Time: 0.0128 Cost: 4.3446 Pre: 0.0000 Re: 0.0000 Acc: 0.9587 F1: 0.0000
Epoch 48: Time: 0.0138 Cost: 4.2902 Pre: 0.0000 Re: 0.0000 Acc: 0.9587 F1: 0.0000
Epoch 49: Time: 0.0130 Cost: 4.2398 Pre: 0.0000 Re: 0.0000 Acc: 0.9587 F1: 0.0000
Epoch 50: Time: 0.0132 Cost: 4.1928 Pre: 0.0000 Re: 0.0000 Acc: 0.9587 F1: 0.0000


--------------------------------------------------------------------
Eval results: Cost:3.6678 Pre:0.0000 Re:0.0000 Acc:0.9753 F1:0.0000
--------------------------------------------------------------------

Epoch 51: Time: 0.0131 Cost: 4.1489 Pre: 0.0000 Re: 0.0000 Acc: 0.9587 F1: 0.0000
Epoch 52: Time: 0.0131 Cost: 4.1074 Pre: 0.0000 Re: 0.0000 Acc: 0.9587 F1: 0.0000
Epoch 53: Time: 0.0128 Cost: 4.0683 Pre: 0.0000 Re: 0.0000 Acc: 0.9587 F1: 0.0000
Epoch 54: Time: 0.0128 Cost: 4.0314 Pre: 0.0000 Re: 0.0000 Acc: 0.9587 F1: 0.0000
Epoch 55: Time: 0.0129 Cost: 3.9965 Pre: 0.0000 Re: 0.0000 Acc: 0.9587 F1: 0.0000
Epoch 56: Time: 0.0133 Cost: 3.9635 Pre: 0.0000 Re: 0.0000 Acc: 0.9587 F1: 0.0000
Epoch 57: Time: 0.0126 Cost: 3.9323 Pre: 0.0000 Re: 0.0000 Acc: 0.9587 F1: 0.0000
Epoch 58: Time: 0.0130 Cost: 3.9028 Pre: 0.0000 Re: 0.0000 Acc: 0.9587 F1: 0.0000
Epoch 59: Time: 0.0125 Cost: 3.8750 Pre: 0.0000 Re: 0.0000 Acc: 0.9587 F1: 0.0000
Epoch 60: Time: 0.0130 Cost: 3.8486 Pre: 0.0000 Re: 0.0000 Acc: 0.9587 F1: 0.0000


--------------------------------------------------------------------
Eval results: Cost:3.3104 Pre:0.0000 Re:0.0000 Acc:0.9753 F1:0.0000
--------------------------------------------------------------------

Epoch 61: Time: 0.0127 Cost: 3.8236 Pre: 0.0000 Re: 0.0000 Acc: 0.9587 F1: 0.0000
Epoch 62: Time: 0.0129 Cost: 3.7997 Pre: 0.0000 Re: 0.0000 Acc: 0.9587 F1: 0.0000
Epoch 63: Time: 0.0130 Cost: 3.7769 Pre: 0.0000 Re: 0.0000 Acc: 0.9587 F1: 0.0000
Epoch 64: Time: 0.0129 Cost: 3.7552 Pre: 0.0000 Re: 0.0000 Acc: 0.9587 F1: 0.0000
Epoch 65: Time: 0.0126 Cost: 3.7345 Pre: 0.0000 Re: 0.0000 Acc: 0.9587 F1: 0.0000
Epoch 66: Time: 0.0129 Cost: 3.7149 Pre: 0.0000 Re: 0.0000 Acc: 0.9587 F1: 0.0000
Epoch 67: Time: 0.0126 Cost: 3.6962 Pre: 0.0000 Re: 0.0000 Acc: 0.9587 F1: 0.0000
Epoch 68: Time: 0.0129 Cost: 3.6784 Pre: 0.0000 Re: 0.0000 Acc: 0.9587 F1: 0.0000
Epoch 69: Time: 0.0128 Cost: 3.6615 Pre: 0.0000 Re: 0.0000 Acc: 0.9587 F1: 0.0000
Epoch 70: Time: 0.0129 Cost: 3.6454 Pre: 0.0000 Re: 0.0000 Acc: 0.9587 F1: 0.0000


--------------------------------------------------------------------
Eval results: Cost:3.0990 Pre:0.0000 Re:0.0000 Acc:0.9753 F1:0.0000
--------------------------------------------------------------------

Epoch 71: Time: 0.0126 Cost: 3.6301 Pre: 0.0000 Re: 0.0000 Acc: 0.9587 F1: 0.0000
Epoch 72: Time: 0.0133 Cost: 3.6154 Pre: 0.0000 Re: 0.0000 Acc: 0.9587 F1: 0.0000
Epoch 73: Time: 0.0126 Cost: 3.6013 Pre: 0.0000 Re: 0.0000 Acc: 0.9587 F1: 0.0000
Epoch 74: Time: 0.0128 Cost: 3.5878 Pre: 0.0000 Re: 0.0000 Acc: 0.9587 F1: 0.0000
Epoch 75: Time: 0.0145 Cost: 3.5748 Pre: 0.0000 Re: 0.0000 Acc: 0.9587 F1: 0.0000
Epoch 76: Time: 0.0171 Cost: 3.5625 Pre: 0.0000 Re: 0.0000 Acc: 0.9587 F1: 0.0000
Epoch 77: Time: 0.0138 Cost: 3.5507 Pre: 0.0000 Re: 0.0000 Acc: 0.9587 F1: 0.0000
Epoch 78: Time: 0.0127 Cost: 3.5394 Pre: 0.0000 Re: 0.0000 Acc: 0.9587 F1: 0.0000
Epoch 79: Time: 0.0130 Cost: 3.5286 Pre: 0.0000 Re: 0.0000 Acc: 0.9587 F1: 0.0000
Epoch 80: Time: 0.0126 Cost: 3.5183 Pre: 0.0000 Re: 0.0000 Acc: 0.9587 F1: 0.0000


--------------------------------------------------------------------
Eval results: Cost:2.9668 Pre:0.0000 Re:0.0000 Acc:0.9753 F1:0.0000
--------------------------------------------------------------------

Epoch 81: Time: 0.0130 Cost: 3.5084 Pre: 0.0000 Re: 0.0000 Acc: 0.9587 F1: 0.0000
Epoch 82: Time: 0.0130 Cost: 3.4988 Pre: 0.0000 Re: 0.0000 Acc: 0.9587 F1: 0.0000
Epoch 83: Time: 0.0134 Cost: 3.4896 Pre: 0.0000 Re: 0.0000 Acc: 0.9587 F1: 0.0000
Epoch 84: Time: 0.0130 Cost: 3.4807 Pre: 0.0000 Re: 0.0000 Acc: 0.9587 F1: 0.0000
Epoch 85: Time: 0.0138 Cost: 3.4722 Pre: 0.0000 Re: 0.0000 Acc: 0.9587 F1: 0.0000
Epoch 86: Time: 0.0129 Cost: 3.4639 Pre: 0.0000 Re: 0.0000 Acc: 0.9587 F1: 0.0000
Epoch 87: Time: 0.0131 Cost: 3.4560 Pre: 0.0000 Re: 0.0000 Acc: 0.9587 F1: 0.0000
Epoch 88: Time: 0.0126 Cost: 3.4484 Pre: 0.0000 Re: 0.0000 Acc: 0.9587 F1: 0.0000
Epoch 89: Time: 0.0131 Cost: 3.4410 Pre: 0.0000 Re: 0.0000 Acc: 0.9587 F1: 0.0000
Epoch 90: Time: 0.0126 Cost: 3.4339 Pre: 0.0000 Re: 0.0000 Acc: 0.9587 F1: 0.0000


--------------------------------------------------------------------
Eval results: Cost:2.8788 Pre:0.0000 Re:0.0000 Acc:0.9753 F1:0.0000
--------------------------------------------------------------------

Epoch 91: Time: 0.0127 Cost: 3.4270 Pre: 0.0000 Re: 0.0000 Acc: 0.9587 F1: 0.0000
Epoch 92: Time: 0.0129 Cost: 3.4203 Pre: 0.0000 Re: 0.0000 Acc: 0.9587 F1: 0.0000
Epoch 93: Time: 0.0128 Cost: 3.4138 Pre: 0.0000 Re: 0.0000 Acc: 0.9587 F1: 0.0000
Epoch 94: Time: 0.0129 Cost: 3.4075 Pre: 0.0000 Re: 0.0000 Acc: 0.9587 F1: 0.0000
Epoch 95: Time: 0.0129 Cost: 3.4013 Pre: 0.0000 Re: 0.0000 Acc: 0.9587 F1: 0.0000
Epoch 96: Time: 0.0126 Cost: 3.3954 Pre: 0.0000 Re: 0.0000 Acc: 0.9587 F1: 0.0000
Epoch 97: Time: 0.0129 Cost: 3.3896 Pre: 0.0000 Re: 0.0000 Acc: 0.9587 F1: 0.0000
Epoch 98: Time: 0.0127 Cost: 3.3839 Pre: 0.0000 Re: 0.0000 Acc: 0.9587 F1: 0.0000
Epoch 99: Time: 0.0131 Cost: 3.3784 Pre: 0.0000 Re: 0.0000 Acc: 0.9587 F1: 0.0000
Epoch 100: Time: 0.0127 Cost: 3.3730 Pre: 0.0000 Re: 0.0000 Acc: 0.9587 F1: 0.0000


--------------------------------------------------------------------
Eval results: Cost:2.8153 Pre:0.0000 Re:0.0000 Acc:0.9753 F1:0.0000
--------------------------------------------------------------------

Epoch 101: Time: 0.0126 Cost: 3.3678 Pre: 0.0000 Re: 0.0000 Acc: 0.9587 F1: 0.0000
Epoch 102: Time: 0.0129 Cost: 3.3627 Pre: 0.0000 Re: 0.0000 Acc: 0.9587 F1: 0.0000
Epoch 103: Time: 0.0137 Cost: 3.3576 Pre: 0.0000 Re: 0.0000 Acc: 0.9587 F1: 0.0000
Epoch 104: Time: 0.0132 Cost: 3.3527 Pre: 0.0000 Re: 0.0000 Acc: 0.9587 F1: 0.0000
Epoch 105: Time: 0.0153 Cost: 3.3478 Pre: 0.0000 Re: 0.0000 Acc: 0.9587 F1: 0.0000
Epoch 106: Time: 0.0127 Cost: 3.3430 Pre: 0.0000 Re: 0.0000 Acc: 0.9587 F1: 0.0000
Epoch 107: Time: 0.0130 Cost: 3.3383 Pre: 0.0000 Re: 0.0000 Acc: 0.9587 F1: 0.0000
Epoch 108: Time: 0.0127 Cost: 3.3337 Pre: 0.0000 Re: 0.0000 Acc: 0.9587 F1: 0.0000
Epoch 109: Time: 0.0132 Cost: 3.3292 Pre: 0.0000 Re: 0.0000 Acc: 0.9587 F1: 0.0000
Epoch 110: Time: 0.0128 Cost: 3.3247 Pre: 0.0000 Re: 0.0000 Acc: 0.9587 F1: 0.0000


--------------------------------------------------------------------
Eval results: Cost:2.7652 Pre:0.0000 Re:0.0000 Acc:0.9753 F1:0.0000
--------------------------------------------------------------------

Epoch 111: Time: 0.0136 Cost: 3.3203 Pre: 0.0000 Re: 0.0000 Acc: 0.9587 F1: 0.0000
Epoch 112: Time: 0.0126 Cost: 3.3160 Pre: 0.0000 Re: 0.0000 Acc: 0.9587 F1: 0.0000
Epoch 113: Time: 0.0128 Cost: 3.3116 Pre: 0.0000 Re: 0.0000 Acc: 0.9587 F1: 0.0000
Epoch 114: Time: 0.0131 Cost: 3.3074 Pre: 0.0000 Re: 0.0000 Acc: 0.9587 F1: 0.0000
Epoch 115: Time: 0.0131 Cost: 3.3031 Pre: 0.0000 Re: 0.0000 Acc: 0.9587 F1: 0.0000
Epoch 116: Time: 0.0138 Cost: 3.2989 Pre: 0.0000 Re: 0.0000 Acc: 0.9587 F1: 0.0000
Epoch 117: Time: 0.0136 Cost: 3.2948 Pre: 0.0000 Re: 0.0000 Acc: 0.9587 F1: 0.0000
Epoch 118: Time: 0.0135 Cost: 3.2906 Pre: 0.0000 Re: 0.0000 Acc: 0.9587 F1: 0.0000
Epoch 119: Time: 0.0137 Cost: 3.2866 Pre: 0.0000 Re: 0.0000 Acc: 0.9587 F1: 0.0000
Epoch 120: Time: 0.0138 Cost: 3.2825 Pre: 0.0000 Re: 0.0000 Acc: 0.9587 F1: 0.0000


--------------------------------------------------------------------
Eval results: Cost:2.7222 Pre:0.0000 Re:0.0000 Acc:0.9753 F1:0.0000
--------------------------------------------------------------------

Epoch 121: Time: 0.0151 Cost: 3.2785 Pre: 0.0000 Re: 0.0000 Acc: 0.9587 F1: 0.0000
Epoch 122: Time: 0.0157 Cost: 3.2744 Pre: 0.0000 Re: 0.0000 Acc: 0.9587 F1: 0.0000
Epoch 123: Time: 0.0133 Cost: 3.2704 Pre: 0.0000 Re: 0.0000 Acc: 0.9587 F1: 0.0000
Epoch 124: Time: 0.0130 Cost: 3.2664 Pre: 0.0000 Re: 0.0000 Acc: 0.9587 F1: 0.0000
Epoch 125: Time: 0.0128 Cost: 3.2623 Pre: 0.0000 Re: 0.0000 Acc: 0.9587 F1: 0.0000
Epoch 126: Time: 0.0128 Cost: 3.2583 Pre: 0.0000 Re: 0.0000 Acc: 0.9587 F1: 0.0000
Epoch 127: Time: 0.0128 Cost: 3.2543 Pre: 0.0000 Re: 0.0000 Acc: 0.9587 F1: 0.0000
Epoch 128: Time: 0.0127 Cost: 3.2503 Pre: 0.0000 Re: 0.0000 Acc: 0.9587 F1: 0.0000
Epoch 129: Time: 0.0129 Cost: 3.2464 Pre: 0.0000 Re: 0.0000 Acc: 0.9587 F1: 0.0000
Epoch 130: Time: 0.0126 Cost: 3.2424 Pre: 0.0000 Re: 0.0000 Acc: 0.9587 F1: 0.0000


--------------------------------------------------------------------
Eval results: Cost:2.6824 Pre:0.0000 Re:0.0000 Acc:0.9753 F1:0.0000
--------------------------------------------------------------------

Epoch 131: Time: 0.0127 Cost: 3.2384 Pre: 0.0000 Re: 0.0000 Acc: 0.9587 F1: 0.0000
Epoch 132: Time: 0.0129 Cost: 3.2344 Pre: 0.0000 Re: 0.0000 Acc: 0.9587 F1: 0.0000
Epoch 133: Time: 0.0132 Cost: 3.2303 Pre: 0.0000 Re: 0.0000 Acc: 0.9587 F1: 0.0000
Epoch 134: Time: 0.0130 Cost: 3.2263 Pre: 0.0000 Re: 0.0000 Acc: 0.9587 F1: 0.0000
Epoch 135: Time: 0.0129 Cost: 3.2222 Pre: 0.0000 Re: 0.0000 Acc: 0.9587 F1: 0.0000
Epoch 136: Time: 0.0126 Cost: 3.2181 Pre: 0.0000 Re: 0.0000 Acc: 0.9587 F1: 0.0000
Epoch 137: Time: 0.0128 Cost: 3.2140 Pre: 0.0000 Re: 0.0000 Acc: 0.9587 F1: 0.0000
Epoch 138: Time: 0.0130 Cost: 3.2099 Pre: 0.0000 Re: 0.0000 Acc: 0.9587 F1: 0.0000
Epoch 139: Time: 0.0130 Cost: 3.2057 Pre: 0.0000 Re: 0.0000 Acc: 0.9587 F1: 0.0000
Epoch 140: Time: 0.0126 Cost: 3.2016 Pre: 0.0000 Re: 0.0000 Acc: 0.9587 F1: 0.0000


--------------------------------------------------------------------
Eval results: Cost:2.6434 Pre:0.0000 Re:0.0000 Acc:0.9753 F1:0.0000
--------------------------------------------------------------------

Epoch 141: Time: 0.0126 Cost: 3.1974 Pre: 0.0000 Re: 0.0000 Acc: 0.9587 F1: 0.0000
Epoch 142: Time: 0.0131 Cost: 3.1931 Pre: 0.0000 Re: 0.0000 Acc: 0.9587 F1: 0.0000
Epoch 143: Time: 0.0136 Cost: 3.1888 Pre: 0.0000 Re: 0.0000 Acc: 0.9587 F1: 0.0000
Epoch 144: Time: 0.0129 Cost: 3.1845 Pre: 0.0000 Re: 0.0000 Acc: 0.9587 F1: 0.0000
Epoch 145: Time: 0.0129 Cost: 3.1802 Pre: 0.0000 Re: 0.0000 Acc: 0.9587 F1: 0.0000
Epoch 146: Time: 0.0130 Cost: 3.1757 Pre: 0.0000 Re: 0.0000 Acc: 0.9587 F1: 0.0000
Epoch 147: Time: 0.0130 Cost: 3.1713 Pre: 0.0000 Re: 0.0000 Acc: 0.9587 F1: 0.0000
Epoch 148: Time: 0.0126 Cost: 3.1668 Pre: 0.0000 Re: 0.0000 Acc: 0.9587 F1: 0.0000
Epoch 149: Time: 0.0129 Cost: 3.1623 Pre: 0.0000 Re: 0.0000 Acc: 0.9587 F1: 0.0000
Epoch 150: Time: 0.0126 Cost: 3.1577 Pre: 0.0000 Re: 0.0000 Acc: 0.9587 F1: 0.0000


--------------------------------------------------------------------
Eval results: Cost:2.6032 Pre:0.0000 Re:0.0000 Acc:0.9753 F1:0.0000
--------------------------------------------------------------------

Epoch 151: Time: 0.0126 Cost: 3.1531 Pre: 0.0000 Re: 0.0000 Acc: 0.9587 F1: 0.0000
Epoch 152: Time: 0.0130 Cost: 3.1484 Pre: 0.0000 Re: 0.0000 Acc: 0.9587 F1: 0.0000
Epoch 153: Time: 0.0130 Cost: 3.1436 Pre: 0.0000 Re: 0.0000 Acc: 0.9587 F1: 0.0000
Epoch 154: Time: 0.0127 Cost: 3.1387 Pre: 0.0000 Re: 0.0000 Acc: 0.9587 F1: 0.0000
Epoch 155: Time: 0.0128 Cost: 3.1338 Pre: 0.0000 Re: 0.0000 Acc: 0.9587 F1: 0.0000
Epoch 156: Time: 0.0129 Cost: 3.1288 Pre: 0.0000 Re: 0.0000 Acc: 0.9587 F1: 0.0000
Epoch 157: Time: 0.0130 Cost: 3.1238 Pre: 0.0000 Re: 0.0000 Acc: 0.9587 F1: 0.0000
Epoch 158: Time: 0.0133 Cost: 3.1186 Pre: 0.0000 Re: 0.0000 Acc: 0.9587 F1: 0.0000
Epoch 159: Time: 0.0133 Cost: 3.1134 Pre: 0.0000 Re: 0.0000 Acc: 0.9587 F1: 0.0000
Epoch 160: Time: 0.0128 Cost: 3.1081 Pre: 0.0000 Re: 0.0000 Acc: 0.9587 F1: 0.0000


--------------------------------------------------------------------
Eval results: Cost:2.5600 Pre:0.0000 Re:0.0000 Acc:0.9753 F1:0.0000
--------------------------------------------------------------------

Epoch 161: Time: 0.0132 Cost: 3.1027 Pre: 0.0000 Re: 0.0000 Acc: 0.9587 F1: 0.0000
Epoch 162: Time: 0.0128 Cost: 3.0973 Pre: 0.0000 Re: 0.0000 Acc: 0.9587 F1: 0.0000
Epoch 163: Time: 0.0128 Cost: 3.0916 Pre: 0.0000 Re: 0.0000 Acc: 0.9587 F1: 0.0000
Epoch 164: Time: 0.0127 Cost: 3.0859 Pre: 0.0000 Re: 0.0000 Acc: 0.9587 F1: 0.0000
Epoch 165: Time: 0.0129 Cost: 3.0801 Pre: 0.0000 Re: 0.0000 Acc: 0.9587 F1: 0.0000
Epoch 166: Time: 0.0126 Cost: 3.0742 Pre: 0.0000 Re: 0.0000 Acc: 0.9587 F1: 0.0000
Epoch 167: Time: 0.0127 Cost: 3.0681 Pre: 0.0000 Re: 0.0000 Acc: 0.9587 F1: 0.0000
Epoch 168: Time: 0.0128 Cost: 3.0620 Pre: 0.0000 Re: 0.0000 Acc: 0.9587 F1: 0.0000
Epoch 169: Time: 0.0129 Cost: 3.0557 Pre: 0.0000 Re: 0.0000 Acc: 0.9587 F1: 0.0000
Epoch 170: Time: 0.0127 Cost: 3.0492 Pre: 0.0000 Re: 0.0000 Acc: 0.9587 F1: 0.0000


--------------------------------------------------------------------
Eval results: Cost:2.5112 Pre:0.0000 Re:0.0000 Acc:0.9753 F1:0.0000
--------------------------------------------------------------------

Epoch 171: Time: 0.0127 Cost: 3.0426 Pre: 0.0000 Re: 0.0000 Acc: 0.9587 F1: 0.0000
Epoch 172: Time: 0.0144 Cost: 3.0359 Pre: 0.0000 Re: 0.0000 Acc: 0.9587 F1: 0.0000
Epoch 173: Time: 0.0134 Cost: 3.0290 Pre: 0.0000 Re: 0.0000 Acc: 0.9587 F1: 0.0000
Epoch 174: Time: 0.0130 Cost: 3.0219 Pre: 0.0000 Re: 0.0000 Acc: 0.9587 F1: 0.0000
Epoch 175: Time: 0.0131 Cost: 3.0147 Pre: 0.0000 Re: 0.0000 Acc: 0.9587 F1: 0.0000
Epoch 176: Time: 0.0129 Cost: 3.0072 Pre: 0.0000 Re: 0.0000 Acc: 0.9587 F1: 0.0000
Epoch 177: Time: 0.0130 Cost: 2.9996 Pre: 0.0000 Re: 0.0000 Acc: 0.9587 F1: 0.0000
Epoch 178: Time: 0.0126 Cost: 2.9918 Pre: 0.0000 Re: 0.0000 Acc: 0.9587 F1: 0.0000
Epoch 179: Time: 0.0131 Cost: 2.9838 Pre: 0.0000 Re: 0.0000 Acc: 0.9587 F1: 0.0000
Epoch 180: Time: 0.0127 Cost: 2.9756 Pre: 0.0000 Re: 0.0000 Acc: 0.9587 F1: 0.0000


--------------------------------------------------------------------
Eval results: Cost:2.4535 Pre:0.0000 Re:0.0000 Acc:0.9753 F1:0.0000
--------------------------------------------------------------------

Epoch 181: Time: 0.0134 Cost: 2.9672 Pre: 0.0000 Re: 0.0000 Acc: 0.9587 F1: 0.0000
Epoch 182: Time: 0.0127 Cost: 2.9586 Pre: 0.0000 Re: 0.0000 Acc: 0.9587 F1: 0.0000
Epoch 183: Time: 0.0128 Cost: 2.9497 Pre: 1.0000 Re: 0.1000 Acc: 0.9628 F1: 0.1818
Epoch 184: Time: 0.0134 Cost: 2.9406 Pre: 1.0000 Re: 0.1000 Acc: 0.9628 F1: 0.1818
Epoch 185: Time: 0.0129 Cost: 2.9313 Pre: 1.0000 Re: 0.1000 Acc: 0.9628 F1: 0.1818
Epoch 186: Time: 0.0125 Cost: 2.9217 Pre: 1.0000 Re: 0.1000 Acc: 0.9628 F1: 0.1818
Epoch 187: Time: 0.0134 Cost: 2.9119 Pre: 1.0000 Re: 0.1000 Acc: 0.9628 F1: 0.1818
Epoch 188: Time: 0.0126 Cost: 2.9019 Pre: 1.0000 Re: 0.1000 Acc: 0.9628 F1: 0.1818
Epoch 189: Time: 0.0128 Cost: 2.8916 Pre: 1.0000 Re: 0.1000 Acc: 0.9628 F1: 0.1818
Epoch 190: Time: 0.0129 Cost: 2.8810 Pre: 1.0000 Re: 0.1000 Acc: 0.9628 F1: 0.1818


--------------------------------------------------------------------
Eval results: Cost:2.3834 Pre:1.0000 Re:0.2500 Acc:0.9815 F1:0.4000
--------------------------------------------------------------------

Epoch 191: Time: 0.0128 Cost: 2.8702 Pre: 1.0000 Re: 0.1000 Acc: 0.9628 F1: 0.1818
Epoch 192: Time: 0.0129 Cost: 2.8591 Pre: 1.0000 Re: 0.1000 Acc: 0.9628 F1: 0.1818
Epoch 193: Time: 0.0130 Cost: 2.8478 Pre: 1.0000 Re: 0.1000 Acc: 0.9628 F1: 0.1818
Epoch 194: Time: 0.0126 Cost: 2.8363 Pre: 1.0000 Re: 0.1000 Acc: 0.9628 F1: 0.1818
Epoch 195: Time: 0.0128 Cost: 2.8245 Pre: 1.0000 Re: 0.1000 Acc: 0.9628 F1: 0.1818
Epoch 196: Time: 0.0125 Cost: 2.8125 Pre: 1.0000 Re: 0.1000 Acc: 0.9628 F1: 0.1818
Epoch 197: Time: 0.0129 Cost: 2.8003 Pre: 1.0000 Re: 0.1000 Acc: 0.9628 F1: 0.1818
Epoch 198: Time: 0.0126 Cost: 2.7878 Pre: 1.0000 Re: 0.1000 Acc: 0.9628 F1: 0.1818
Epoch 199: Time: 0.0131 Cost: 2.7750 Pre: 1.0000 Re: 0.1000 Acc: 0.9628 F1: 0.1818
Epoch 200: Time: 0.0125 Cost: 2.7620 Pre: 1.0000 Re: 0.1000 Acc: 0.9628 F1: 0.1818


--------------------------------------------------------------------
Eval results: Cost:2.2989 Pre:1.0000 Re:0.2500 Acc:0.9815 F1:0.4000
--------------------------------------------------------------------

Epoch 201: Time: 0.0128 Cost: 2.7488 Pre: 1.0000 Re: 0.1000 Acc: 0.9628 F1: 0.1818
Epoch 202: Time: 0.0126 Cost: 2.7352 Pre: 1.0000 Re: 0.1000 Acc: 0.9628 F1: 0.1818
Epoch 203: Time: 0.0128 Cost: 2.7214 Pre: 1.0000 Re: 0.1000 Acc: 0.9628 F1: 0.1818
Epoch 204: Time: 0.0128 Cost: 2.7074 Pre: 1.0000 Re: 0.1000 Acc: 0.9628 F1: 0.1818
Epoch 205: Time: 0.0128 Cost: 2.6931 Pre: 1.0000 Re: 0.1000 Acc: 0.9628 F1: 0.1818
Epoch 206: Time: 0.0131 Cost: 2.6785 Pre: 1.0000 Re: 0.1000 Acc: 0.9628 F1: 0.1818
Epoch 207: Time: 0.0133 Cost: 2.6637 Pre: 1.0000 Re: 0.1000 Acc: 0.9628 F1: 0.1818
Epoch 208: Time: 0.0128 Cost: 2.6485 Pre: 1.0000 Re: 0.1000 Acc: 0.9628 F1: 0.1818
Epoch 209: Time: 0.0129 Cost: 2.6331 Pre: 1.0000 Re: 0.1000 Acc: 0.9628 F1: 0.1818
Epoch 210: Time: 0.0128 Cost: 2.6174 Pre: 1.0000 Re: 0.1000 Acc: 0.9628 F1: 0.1818


--------------------------------------------------------------------
Eval results: Cost:2.1973 Pre:1.0000 Re:0.2500 Acc:0.9815 F1:0.4000
--------------------------------------------------------------------

Epoch 211: Time: 0.0131 Cost: 2.6013 Pre: 1.0000 Re: 0.1000 Acc: 0.9628 F1: 0.1818
Epoch 212: Time: 0.0131 Cost: 2.5848 Pre: 1.0000 Re: 0.1000 Acc: 0.9628 F1: 0.1818
Epoch 213: Time: 0.0179 Cost: 2.5679 Pre: 1.0000 Re: 0.1000 Acc: 0.9628 F1: 0.1818
Epoch 214: Time: 0.0159 Cost: 2.5507 Pre: 1.0000 Re: 0.1000 Acc: 0.9628 F1: 0.1818
Epoch 215: Time: 0.0242 Cost: 2.5330 Pre: 1.0000 Re: 0.1000 Acc: 0.9628 F1: 0.1818
Epoch 216: Time: 0.0132 Cost: 2.5149 Pre: 1.0000 Re: 0.1000 Acc: 0.9628 F1: 0.1818
Epoch 217: Time: 0.0144 Cost: 2.4964 Pre: 1.0000 Re: 0.1000 Acc: 0.9628 F1: 0.1818
Epoch 218: Time: 0.0154 Cost: 2.4774 Pre: 1.0000 Re: 0.1000 Acc: 0.9628 F1: 0.1818
Epoch 219: Time: 0.0159 Cost: 2.4579 Pre: 1.0000 Re: 0.1000 Acc: 0.9628 F1: 0.1818
Epoch 220: Time: 0.0219 Cost: 2.4379 Pre: 1.0000 Re: 0.1000 Acc: 0.9628 F1: 0.1818


--------------------------------------------------------------------
Eval results: Cost:2.0686 Pre:1.0000 Re:0.2500 Acc:0.9815 F1:0.4000
--------------------------------------------------------------------

Epoch 221: Time: 0.0126 Cost: 2.4173 Pre: 1.0000 Re: 0.1000 Acc: 0.9628 F1: 0.1818
Epoch 222: Time: 0.0129 Cost: 2.3961 Pre: 1.0000 Re: 0.1000 Acc: 0.9628 F1: 0.1818
Epoch 223: Time: 0.0126 Cost: 2.3741 Pre: 1.0000 Re: 0.1000 Acc: 0.9628 F1: 0.1818
Epoch 224: Time: 0.0129 Cost: 2.3515 Pre: 1.0000 Re: 0.1000 Acc: 0.9628 F1: 0.1818
Epoch 225: Time: 0.0126 Cost: 2.3282 Pre: 1.0000 Re: 0.1000 Acc: 0.9628 F1: 0.1818
Epoch 226: Time: 0.0129 Cost: 2.3042 Pre: 1.0000 Re: 0.1000 Acc: 0.9628 F1: 0.1818
Epoch 227: Time: 0.0127 Cost: 2.2794 Pre: 1.0000 Re: 0.1000 Acc: 0.9628 F1: 0.1818
Epoch 228: Time: 0.0130 Cost: 2.2538 Pre: 1.0000 Re: 0.1000 Acc: 0.9628 F1: 0.1818
Epoch 229: Time: 0.0126 Cost: 2.2274 Pre: 1.0000 Re: 0.1000 Acc: 0.9628 F1: 0.1818
Epoch 230: Time: 0.0130 Cost: 2.2001 Pre: 1.0000 Re: 0.2000 Acc: 0.9669 F1: 0.3333


--------------------------------------------------------------------
Eval results: Cost:1.8886 Pre:1.0000 Re:0.2500 Acc:0.9815 F1:0.4000
--------------------------------------------------------------------

Epoch 231: Time: 0.0127 Cost: 2.1719 Pre: 1.0000 Re: 0.2000 Acc: 0.9669 F1: 0.3333
Epoch 232: Time: 0.0128 Cost: 2.1427 Pre: 1.0000 Re: 0.2000 Acc: 0.9669 F1: 0.3333
Epoch 233: Time: 0.0129 Cost: 2.1125 Pre: 1.0000 Re: 0.2000 Acc: 0.9669 F1: 0.3333
Epoch 234: Time: 0.0130 Cost: 2.0812 Pre: 1.0000 Re: 0.2000 Acc: 0.9669 F1: 0.3333
Epoch 235: Time: 0.0126 Cost: 2.0489 Pre: 1.0000 Re: 0.2000 Acc: 0.9669 F1: 0.3333
Epoch 236: Time: 0.0132 Cost: 2.0156 Pre: 1.0000 Re: 0.2000 Acc: 0.9669 F1: 0.3333
Epoch 237: Time: 0.0125 Cost: 1.9812 Pre: 1.0000 Re: 0.2000 Acc: 0.9669 F1: 0.3333
Epoch 238: Time: 0.0128 Cost: 1.9458 Pre: 1.0000 Re: 0.2000 Acc: 0.9669 F1: 0.3333
Epoch 239: Time: 0.0130 Cost: 1.9094 Pre: 1.0000 Re: 0.3000 Acc: 0.9711 F1: 0.4615
Epoch 240: Time: 0.0162 Cost: 1.8719 Pre: 1.0000 Re: 0.3000 Acc: 0.9711 F1: 0.4615


--------------------------------------------------------------------
Eval results: Cost:1.6178 Pre:1.0000 Re:0.5000 Acc:0.9877 F1:0.6667
--------------------------------------------------------------------

Epoch 241: Time: 0.0133 Cost: 1.8334 Pre: 1.0000 Re: 0.4000 Acc: 0.9752 F1: 0.5714
Epoch 242: Time: 0.0132 Cost: 1.7937 Pre: 1.0000 Re: 0.4000 Acc: 0.9752 F1: 0.5714
Epoch 243: Time: 0.0126 Cost: 1.7530 Pre: 1.0000 Re: 0.5000 Acc: 0.9793 F1: 0.6667
Epoch 244: Time: 0.0132 Cost: 1.7113 Pre: 1.0000 Re: 0.6000 Acc: 0.9835 F1: 0.7500
Epoch 245: Time: 0.0126 Cost: 1.6686 Pre: 1.0000 Re: 0.7000 Acc: 0.9876 F1: 0.8235
Epoch 246: Time: 0.0134 Cost: 1.6251 Pre: 1.0000 Re: 0.9000 Acc: 0.9959 F1: 0.9474
Epoch 247: Time: 0.0131 Cost: 1.5808 Pre: 1.0000 Re: 1.0000 Acc: 1.0000 F1: 1.0000
Epoch 248: Time: 0.0126 Cost: 1.5358 Pre: 1.0000 Re: 1.0000 Acc: 1.0000 F1: 1.0000
Epoch 249: Time: 0.0129 Cost: 1.4902 Pre: 1.0000 Re: 1.0000 Acc: 1.0000 F1: 1.0000
Epoch 250: Time: 0.0131 Cost: 1.4441 Pre: 1.0000 Re: 1.0000 Acc: 1.0000 F1: 1.0000


--------------------------------------------------------------------
Eval results: Cost:1.2414 Pre:1.0000 Re:1.0000 Acc:1.0000 F1:1.0000
--------------------------------------------------------------------

Epoch 251: Time: 0.0128 Cost: 1.3976 Pre: 1.0000 Re: 1.0000 Acc: 1.0000 F1: 1.0000
Epoch 252: Time: 0.0129 Cost: 1.3506 Pre: 1.0000 Re: 1.0000 Acc: 1.0000 F1: 1.0000
Epoch 253: Time: 0.0126 Cost: 1.3035 Pre: 1.0000 Re: 1.0000 Acc: 1.0000 F1: 1.0000
Epoch 254: Time: 0.0128 Cost: 1.2563 Pre: 1.0000 Re: 1.0000 Acc: 1.0000 F1: 1.0000
Epoch 255: Time: 0.0125 Cost: 1.2091 Pre: 1.0000 Re: 1.0000 Acc: 1.0000 F1: 1.0000
Epoch 256: Time: 0.0128 Cost: 1.1623 Pre: 1.0000 Re: 1.0000 Acc: 1.0000 F1: 1.0000
Epoch 257: Time: 0.0129 Cost: 1.1159 Pre: 1.0000 Re: 1.0000 Acc: 1.0000 F1: 1.0000
Epoch 258: Time: 0.0127 Cost: 1.0701 Pre: 1.0000 Re: 1.0000 Acc: 1.0000 F1: 1.0000
Epoch 259: Time: 0.0138 Cost: 1.0250 Pre: 1.0000 Re: 1.0000 Acc: 1.0000 F1: 1.0000
Epoch 260: Time: 0.0130 Cost: 0.9808 Pre: 1.0000 Re: 1.0000 Acc: 1.0000 F1: 1.0000


--------------------------------------------------------------------
Eval results: Cost:0.8327 Pre:1.0000 Re:1.0000 Acc:1.0000 F1:1.0000
--------------------------------------------------------------------

Epoch 261: Time: 0.0127 Cost: 0.9377 Pre: 1.0000 Re: 1.0000 Acc: 1.0000 F1: 1.0000
Epoch 262: Time: 0.0128 Cost: 0.8957 Pre: 1.0000 Re: 1.0000 Acc: 1.0000 F1: 1.0000
Epoch 263: Time: 0.0128 Cost: 0.8550 Pre: 1.0000 Re: 1.0000 Acc: 1.0000 F1: 1.0000
Epoch 264: Time: 0.0130 Cost: 0.8156 Pre: 1.0000 Re: 1.0000 Acc: 1.0000 F1: 1.0000
Epoch 265: Time: 0.0125 Cost: 0.7777 Pre: 1.0000 Re: 1.0000 Acc: 1.0000 F1: 1.0000
Epoch 266: Time: 0.0129 Cost: 0.7413 Pre: 1.0000 Re: 1.0000 Acc: 1.0000 F1: 1.0000
Epoch 267: Time: 0.0130 Cost: 0.7064 Pre: 1.0000 Re: 1.0000 Acc: 1.0000 F1: 1.0000
Epoch 268: Time: 0.0126 Cost: 0.6732 Pre: 1.0000 Re: 1.0000 Acc: 1.0000 F1: 1.0000
Epoch 269: Time: 0.0128 Cost: 0.6416 Pre: 1.0000 Re: 1.0000 Acc: 1.0000 F1: 1.0000
Epoch 270: Time: 0.0128 Cost: 0.6116 Pre: 1.0000 Re: 1.0000 Acc: 1.0000 F1: 1.0000


--------------------------------------------------------------------
Eval results: Cost:0.5177 Pre:1.0000 Re:1.0000 Acc:1.0000 F1:1.0000
--------------------------------------------------------------------

Epoch 271: Time: 0.0128 Cost: 0.5832 Pre: 1.0000 Re: 1.0000 Acc: 1.0000 F1: 1.0000
Epoch 272: Time: 0.0132 Cost: 0.5564 Pre: 1.0000 Re: 1.0000 Acc: 1.0000 F1: 1.0000
Epoch 273: Time: 0.0129 Cost: 0.5310 Pre: 1.0000 Re: 1.0000 Acc: 1.0000 F1: 1.0000
Epoch 274: Time: 0.0128 Cost: 0.5071 Pre: 1.0000 Re: 1.0000 Acc: 1.0000 F1: 1.0000
Epoch 275: Time: 0.0133 Cost: 0.4845 Pre: 1.0000 Re: 1.0000 Acc: 1.0000 F1: 1.0000
Epoch 276: Time: 0.0126 Cost: 0.4631 Pre: 1.0000 Re: 1.0000 Acc: 1.0000 F1: 1.0000
Epoch 277: Time: 0.0129 Cost: 0.4430 Pre: 1.0000 Re: 1.0000 Acc: 1.0000 F1: 1.0000
Epoch 278: Time: 0.0131 Cost: 0.4240 Pre: 1.0000 Re: 1.0000 Acc: 1.0000 F1: 1.0000
Epoch 279: Time: 0.0138 Cost: 0.4061 Pre: 1.0000 Re: 1.0000 Acc: 1.0000 F1: 1.0000
Epoch 280: Time: 0.0125 Cost: 0.3893 Pre: 1.0000 Re: 1.0000 Acc: 1.0000 F1: 1.0000


--------------------------------------------------------------------
Eval results: Cost:0.3335 Pre:1.0000 Re:1.0000 Acc:1.0000 F1:1.0000
--------------------------------------------------------------------

Epoch 281: Time: 0.0130 Cost: 0.3734 Pre: 1.0000 Re: 1.0000 Acc: 1.0000 F1: 1.0000
Epoch 282: Time: 0.0131 Cost: 0.3584 Pre: 1.0000 Re: 1.0000 Acc: 1.0000 F1: 1.0000
Epoch 283: Time: 0.0127 Cost: 0.3441 Pre: 1.0000 Re: 1.0000 Acc: 1.0000 F1: 1.0000
Epoch 284: Time: 0.0128 Cost: 0.3307 Pre: 1.0000 Re: 1.0000 Acc: 1.0000 F1: 1.0000
Epoch 285: Time: 0.0128 Cost: 0.3179 Pre: 1.0000 Re: 1.0000 Acc: 1.0000 F1: 1.0000
Epoch 286: Time: 0.0126 Cost: 0.3058 Pre: 1.0000 Re: 1.0000 Acc: 1.0000 F1: 1.0000
Epoch 287: Time: 0.0133 Cost: 0.2943 Pre: 1.0000 Re: 1.0000 Acc: 1.0000 F1: 1.0000
Epoch 288: Time: 0.0127 Cost: 0.2834 Pre: 1.0000 Re: 1.0000 Acc: 1.0000 F1: 1.0000
Epoch 289: Time: 0.0129 Cost: 0.2730 Pre: 1.0000 Re: 1.0000 Acc: 1.0000 F1: 1.0000
Epoch 290: Time: 0.0130 Cost: 0.2632 Pre: 1.0000 Re: 1.0000 Acc: 1.0000 F1: 1.0000


--------------------------------------------------------------------
Eval results: Cost:0.2298 Pre:1.0000 Re:1.0000 Acc:1.0000 F1:1.0000
--------------------------------------------------------------------

Epoch 291: Time: 0.0127 Cost: 0.2539 Pre: 1.0000 Re: 1.0000 Acc: 1.0000 F1: 1.0000
Epoch 292: Time: 0.0130 Cost: 0.2449 Pre: 1.0000 Re: 1.0000 Acc: 1.0000 F1: 1.0000
Epoch 293: Time: 0.0128 Cost: 0.2364 Pre: 1.0000 Re: 1.0000 Acc: 1.0000 F1: 1.0000
Epoch 294: Time: 0.0127 Cost: 0.2283 Pre: 1.0000 Re: 1.0000 Acc: 1.0000 F1: 1.0000
Epoch 295: Time: 0.0132 Cost: 0.2205 Pre: 1.0000 Re: 1.0000 Acc: 1.0000 F1: 1.0000
Epoch 296: Time: 0.0126 Cost: 0.2130 Pre: 1.0000 Re: 1.0000 Acc: 1.0000 F1: 1.0000
Epoch 297: Time: 0.0127 Cost: 0.2059 Pre: 1.0000 Re: 1.0000 Acc: 1.0000 F1: 1.0000
Epoch 298: Time: 0.0128 Cost: 0.1991 Pre: 1.0000 Re: 1.0000 Acc: 1.0000 F1: 1.0000
Epoch 299: Time: 0.0129 Cost: 0.1926 Pre: 1.0000 Re: 1.0000 Acc: 1.0000 F1: 1.0000
Epoch 300: Time: 0.0125 Cost: 0.1864 Pre: 1.0000 Re: 1.0000 Acc: 1.0000 F1: 1.0000


--------------------------------------------------------------------
Eval results: Cost:0.1666 Pre:1.0000 Re:1.0000 Acc:1.0000 F1:1.0000
--------------------------------------------------------------------

Epoch 301: Time: 0.0127 Cost: 0.1805 Pre: 1.0000 Re: 1.0000 Acc: 1.0000 F1: 1.0000
Epoch 302: Time: 0.0128 Cost: 0.1747 Pre: 1.0000 Re: 1.0000 Acc: 1.0000 F1: 1.0000
Epoch 303: Time: 0.0126 Cost: 0.1692 Pre: 1.0000 Re: 1.0000 Acc: 1.0000 F1: 1.0000
Epoch 304: Time: 0.0129 Cost: 0.1639 Pre: 1.0000 Re: 1.0000 Acc: 1.0000 F1: 1.0000
Epoch 305: Time: 0.0129 Cost: 0.1589 Pre: 1.0000 Re: 1.0000 Acc: 1.0000 F1: 1.0000
Epoch 306: Time: 0.0127 Cost: 0.1540 Pre: 1.0000 Re: 1.0000 Acc: 1.0000 F1: 1.0000
Epoch 307: Time: 0.0131 Cost: 0.1493 Pre: 1.0000 Re: 1.0000 Acc: 1.0000 F1: 1.0000
Epoch 308: Time: 0.0130 Cost: 0.1448 Pre: 1.0000 Re: 1.0000 Acc: 1.0000 F1: 1.0000
Epoch 309: Time: 0.0138 Cost: 0.1405 Pre: 1.0000 Re: 1.0000 Acc: 1.0000 F1: 1.0000
Epoch 310: Time: 0.0134 Cost: 0.1363 Pre: 1.0000 Re: 1.0000 Acc: 1.0000 F1: 1.0000


--------------------------------------------------------------------
Eval results: Cost:0.1251 Pre:1.0000 Re:1.0000 Acc:1.0000 F1:1.0000
--------------------------------------------------------------------

Epoch 311: Time: 0.0126 Cost: 0.1323 Pre: 1.0000 Re: 1.0000 Acc: 1.0000 F1: 1.0000
Epoch 312: Time: 0.0131 Cost: 0.1285 Pre: 1.0000 Re: 1.0000 Acc: 1.0000 F1: 1.0000
Epoch 313: Time: 0.0127 Cost: 0.1248 Pre: 1.0000 Re: 1.0000 Acc: 1.0000 F1: 1.0000
Epoch 314: Time: 0.0126 Cost: 0.1212 Pre: 1.0000 Re: 1.0000 Acc: 1.0000 F1: 1.0000
Epoch 315: Time: 0.0134 Cost: 0.1178 Pre: 1.0000 Re: 1.0000 Acc: 1.0000 F1: 1.0000
Epoch 316: Time: 0.0129 Cost: 0.1144 Pre: 1.0000 Re: 1.0000 Acc: 1.0000 F1: 1.0000
Epoch 317: Time: 0.0129 Cost: 0.1112 Pre: 1.0000 Re: 1.0000 Acc: 1.0000 F1: 1.0000
Epoch 318: Time: 0.0127 Cost: 0.1082 Pre: 1.0000 Re: 1.0000 Acc: 1.0000 F1: 1.0000
Epoch 319: Time: 0.0134 Cost: 0.1052 Pre: 1.0000 Re: 1.0000 Acc: 1.0000 F1: 1.0000
Epoch 320: Time: 0.0126 Cost: 0.1023 Pre: 1.0000 Re: 1.0000 Acc: 1.0000 F1: 1.0000


--------------------------------------------------------------------
Eval results: Cost:0.0966 Pre:1.0000 Re:1.0000 Acc:1.0000 F1:1.0000
--------------------------------------------------------------------

Epoch 321: Time: 0.0127 Cost: 0.0996 Pre: 1.0000 Re: 1.0000 Acc: 1.0000 F1: 1.0000
Epoch 322: Time: 0.0128 Cost: 0.0969 Pre: 1.0000 Re: 1.0000 Acc: 1.0000 F1: 1.0000
Epoch 323: Time: 0.0130 Cost: 0.0944 Pre: 1.0000 Re: 1.0000 Acc: 1.0000 F1: 1.0000
Epoch 324: Time: 0.0128 Cost: 0.0919 Pre: 1.0000 Re: 1.0000 Acc: 1.0000 F1: 1.0000
Epoch 325: Time: 0.0129 Cost: 0.0895 Pre: 1.0000 Re: 1.0000 Acc: 1.0000 F1: 1.0000
Epoch 326: Time: 0.0125 Cost: 0.0872 Pre: 1.0000 Re: 1.0000 Acc: 1.0000 F1: 1.0000
Epoch 327: Time: 0.0129 Cost: 0.0849 Pre: 1.0000 Re: 1.0000 Acc: 1.0000 F1: 1.0000
Epoch 328: Time: 0.0126 Cost: 0.0828 Pre: 1.0000 Re: 1.0000 Acc: 1.0000 F1: 1.0000
Epoch 329: Time: 0.0128 Cost: 0.0807 Pre: 1.0000 Re: 1.0000 Acc: 1.0000 F1: 1.0000
Epoch 330: Time: 0.0129 Cost: 0.0787 Pre: 1.0000 Re: 1.0000 Acc: 1.0000 F1: 1.0000


--------------------------------------------------------------------
Eval results: Cost:0.0765 Pre:1.0000 Re:1.0000 Acc:1.0000 F1:1.0000
--------------------------------------------------------------------

Epoch 331: Time: 0.0127 Cost: 0.0768 Pre: 1.0000 Re: 1.0000 Acc: 1.0000 F1: 1.0000
Epoch 332: Time: 0.0129 Cost: 0.0749 Pre: 1.0000 Re: 1.0000 Acc: 1.0000 F1: 1.0000
Epoch 333: Time: 0.0128 Cost: 0.0731 Pre: 1.0000 Re: 1.0000 Acc: 1.0000 F1: 1.0000
Epoch 334: Time: 0.0133 Cost: 0.0713 Pre: 1.0000 Re: 1.0000 Acc: 1.0000 F1: 1.0000
Epoch 335: Time: 0.0130 Cost: 0.0696 Pre: 1.0000 Re: 1.0000 Acc: 1.0000 F1: 1.0000
Epoch 336: Time: 0.0126 Cost: 0.0680 Pre: 1.0000 Re: 1.0000 Acc: 1.0000 F1: 1.0000
Epoch 337: Time: 0.0130 Cost: 0.0664 Pre: 1.0000 Re: 1.0000 Acc: 1.0000 F1: 1.0000
Epoch 338: Time: 0.0128 Cost: 0.0649 Pre: 1.0000 Re: 1.0000 Acc: 1.0000 F1: 1.0000
Epoch 339: Time: 0.0129 Cost: 0.0634 Pre: 1.0000 Re: 1.0000 Acc: 1.0000 F1: 1.0000
Epoch 340: Time: 0.0125 Cost: 0.0620 Pre: 1.0000 Re: 1.0000 Acc: 1.0000 F1: 1.0000


--------------------------------------------------------------------
Eval results: Cost:0.0619 Pre:1.0000 Re:1.0000 Acc:1.0000 F1:1.0000
--------------------------------------------------------------------

Epoch 341: Time: 0.0126 Cost: 0.0606 Pre: 1.0000 Re: 1.0000 Acc: 1.0000 F1: 1.0000
Epoch 342: Time: 0.0128 Cost: 0.0593 Pre: 1.0000 Re: 1.0000 Acc: 1.0000 F1: 1.0000
Epoch 343: Time: 0.0133 Cost: 0.0580 Pre: 1.0000 Re: 1.0000 Acc: 1.0000 F1: 1.0000
Epoch 344: Time: 0.0127 Cost: 0.0567 Pre: 1.0000 Re: 1.0000 Acc: 1.0000 F1: 1.0000
Epoch 345: Time: 0.0127 Cost: 0.0555 Pre: 1.0000 Re: 1.0000 Acc: 1.0000 F1: 1.0000
Epoch 346: Time: 0.0126 Cost: 0.0544 Pre: 1.0000 Re: 1.0000 Acc: 1.0000 F1: 1.0000
Epoch 347: Time: 0.0132 Cost: 0.0532 Pre: 1.0000 Re: 1.0000 Acc: 1.0000 F1: 1.0000
Epoch 348: Time: 0.0126 Cost: 0.0521 Pre: 1.0000 Re: 1.0000 Acc: 1.0000 F1: 1.0000
Epoch 349: Time: 0.0129 Cost: 0.0511 Pre: 1.0000 Re: 1.0000 Acc: 1.0000 F1: 1.0000
Epoch 350: Time: 0.0128 Cost: 0.0500 Pre: 1.0000 Re: 1.0000 Acc: 1.0000 F1: 1.0000


--------------------------------------------------------------------
Eval results: Cost:0.0512 Pre:1.0000 Re:1.0000 Acc:1.0000 F1:1.0000
--------------------------------------------------------------------

Epoch 351: Time: 0.0126 Cost: 0.0491 Pre: 1.0000 Re: 1.0000 Acc: 1.0000 F1: 1.0000
Epoch 352: Time: 0.0132 Cost: 0.0481 Pre: 1.0000 Re: 1.0000 Acc: 1.0000 F1: 1.0000
Epoch 353: Time: 0.0126 Cost: 0.0472 Pre: 1.0000 Re: 1.0000 Acc: 1.0000 F1: 1.0000
Epoch 354: Time: 0.0130 Cost: 0.0463 Pre: 1.0000 Re: 1.0000 Acc: 1.0000 F1: 1.0000
Epoch 355: Time: 0.0129 Cost: 0.0454 Pre: 1.0000 Re: 1.0000 Acc: 1.0000 F1: 1.0000
Epoch 356: Time: 0.0127 Cost: 0.0445 Pre: 1.0000 Re: 1.0000 Acc: 1.0000 F1: 1.0000
Epoch 357: Time: 0.0128 Cost: 0.0437 Pre: 1.0000 Re: 1.0000 Acc: 1.0000 F1: 1.0000
Epoch 358: Time: 0.0126 Cost: 0.0429 Pre: 1.0000 Re: 1.0000 Acc: 1.0000 F1: 1.0000
Epoch 359: Time: 0.0128 Cost: 0.0422 Pre: 1.0000 Re: 1.0000 Acc: 1.0000 F1: 1.0000
Epoch 360: Time: 0.0127 Cost: 0.0414 Pre: 1.0000 Re: 1.0000 Acc: 1.0000 F1: 1.0000


--------------------------------------------------------------------
Eval results: Cost:0.0432 Pre:1.0000 Re:1.0000 Acc:1.0000 F1:1.0000
--------------------------------------------------------------------

Epoch 361: Time: 0.0129 Cost: 0.0407 Pre: 1.0000 Re: 1.0000 Acc: 1.0000 F1: 1.0000
Epoch 362: Time: 0.0132 Cost: 0.0400 Pre: 1.0000 Re: 1.0000 Acc: 1.0000 F1: 1.0000
Epoch 363: Time: 0.0125 Cost: 0.0393 Pre: 1.0000 Re: 1.0000 Acc: 1.0000 F1: 1.0000
Epoch 364: Time: 0.0128 Cost: 0.0387 Pre: 1.0000 Re: 1.0000 Acc: 1.0000 F1: 1.0000
Epoch 365: Time: 0.0127 Cost: 0.0380 Pre: 1.0000 Re: 1.0000 Acc: 1.0000 F1: 1.0000
Epoch 366: Time: 0.0127 Cost: 0.0374 Pre: 1.0000 Re: 1.0000 Acc: 1.0000 F1: 1.0000
Epoch 367: Time: 0.0130 Cost: 0.0368 Pre: 1.0000 Re: 1.0000 Acc: 1.0000 F1: 1.0000
Epoch 368: Time: 0.0128 Cost: 0.0362 Pre: 1.0000 Re: 1.0000 Acc: 1.0000 F1: 1.0000
Epoch 369: Time: 0.0128 Cost: 0.0356 Pre: 1.0000 Re: 1.0000 Acc: 1.0000 F1: 1.0000
Epoch 370: Time: 0.0125 Cost: 0.0351 Pre: 1.0000 Re: 1.0000 Acc: 1.0000 F1: 1.0000


--------------------------------------------------------------------
Eval results: Cost:0.0372 Pre:1.0000 Re:1.0000 Acc:1.0000 F1:1.0000
--------------------------------------------------------------------

Epoch 371: Time: 0.0128 Cost: 0.0346 Pre: 1.0000 Re: 1.0000 Acc: 1.0000 F1: 1.0000
Epoch 372: Time: 0.0129 Cost: 0.0340 Pre: 1.0000 Re: 1.0000 Acc: 1.0000 F1: 1.0000
Epoch 373: Time: 0.0125 Cost: 0.0335 Pre: 1.0000 Re: 1.0000 Acc: 1.0000 F1: 1.0000
Epoch 374: Time: 0.0130 Cost: 0.0330 Pre: 1.0000 Re: 1.0000 Acc: 1.0000 F1: 1.0000
Epoch 375: Time: 0.0125 Cost: 0.0326 Pre: 1.0000 Re: 1.0000 Acc: 1.0000 F1: 1.0000
Epoch 376: Time: 0.0127 Cost: 0.0321 Pre: 1.0000 Re: 1.0000 Acc: 1.0000 F1: 1.0000
Epoch 377: Time: 0.0131 Cost: 0.0317 Pre: 1.0000 Re: 1.0000 Acc: 1.0000 F1: 1.0000
Epoch 378: Time: 0.0136 Cost: 0.0312 Pre: 1.0000 Re: 1.0000 Acc: 1.0000 F1: 1.0000
Epoch 379: Time: 0.0133 Cost: 0.0308 Pre: 1.0000 Re: 1.0000 Acc: 1.0000 F1: 1.0000
Epoch 380: Time: 0.0128 Cost: 0.0304 Pre: 1.0000 Re: 1.0000 Acc: 1.0000 F1: 1.0000


--------------------------------------------------------------------
Eval results: Cost:0.0326 Pre:1.0000 Re:1.0000 Acc:1.0000 F1:1.0000
--------------------------------------------------------------------

Epoch 381: Time: 0.0129 Cost: 0.0300 Pre: 1.0000 Re: 1.0000 Acc: 1.0000 F1: 1.0000
Epoch 382: Time: 0.0132 Cost: 0.0296 Pre: 1.0000 Re: 1.0000 Acc: 1.0000 F1: 1.0000
Epoch 383: Time: 0.0127 Cost: 0.0292 Pre: 1.0000 Re: 1.0000 Acc: 1.0000 F1: 1.0000
Epoch 384: Time: 0.0130 Cost: 0.0288 Pre: 1.0000 Re: 1.0000 Acc: 1.0000 F1: 1.0000
Epoch 385: Time: 0.0132 Cost: 0.0284 Pre: 1.0000 Re: 1.0000 Acc: 1.0000 F1: 1.0000
Epoch 386: Time: 0.0126 Cost: 0.0281 Pre: 1.0000 Re: 1.0000 Acc: 1.0000 F1: 1.0000
Epoch 387: Time: 0.0128 Cost: 0.0277 Pre: 1.0000 Re: 1.0000 Acc: 1.0000 F1: 1.0000
Epoch 388: Time: 0.0129 Cost: 0.0274 Pre: 1.0000 Re: 1.0000 Acc: 1.0000 F1: 1.0000
Epoch 389: Time: 0.0129 Cost: 0.0271 Pre: 1.0000 Re: 1.0000 Acc: 1.0000 F1: 1.0000
Epoch 390: Time: 0.0130 Cost: 0.0268 Pre: 1.0000 Re: 1.0000 Acc: 1.0000 F1: 1.0000


--------------------------------------------------------------------
Eval results: Cost:0.0290 Pre:1.0000 Re:1.0000 Acc:1.0000 F1:1.0000
--------------------------------------------------------------------

Epoch 391: Time: 0.0134 Cost: 0.0264 Pre: 1.0000 Re: 1.0000 Acc: 1.0000 F1: 1.0000
Epoch 392: Time: 0.0131 Cost: 0.0261 Pre: 1.0000 Re: 1.0000 Acc: 1.0000 F1: 1.0000
Epoch 393: Time: 0.0130 Cost: 0.0258 Pre: 1.0000 Re: 1.0000 Acc: 1.0000 F1: 1.0000
Epoch 394: Time: 0.0127 Cost: 0.0255 Pre: 1.0000 Re: 1.0000 Acc: 1.0000 F1: 1.0000
Epoch 395: Time: 0.0127 Cost: 0.0253 Pre: 1.0000 Re: 1.0000 Acc: 1.0000 F1: 1.0000
Epoch 396: Time: 0.0128 Cost: 0.0250 Pre: 1.0000 Re: 1.0000 Acc: 1.0000 F1: 1.0000
Epoch 397: Time: 0.0145 Cost: 0.0247 Pre: 1.0000 Re: 1.0000 Acc: 1.0000 F1: 1.0000
Epoch 398: Time: 0.0125 Cost: 0.0244 Pre: 1.0000 Re: 1.0000 Acc: 1.0000 F1: 1.0000
Epoch 399: Time: 0.0131 Cost: 0.0242 Pre: 1.0000 Re: 1.0000 Acc: 1.0000 F1: 1.0000
Epoch 400: Time: 0.0132 Cost: 0.0239 Pre: 1.0000 Re: 1.0000 Acc: 1.0000 F1: 1.0000


--------------------------------------------------------------------
Eval results: Cost:0.0261 Pre:1.0000 Re:1.0000 Acc:1.0000 F1:1.0000
--------------------------------------------------------------------

Epoch 401: Time: 0.0126 Cost: 0.0237 Pre: 1.0000 Re: 1.0000 Acc: 1.0000 F1: 1.0000
Epoch 402: Time: 0.0131 Cost: 0.0234 Pre: 1.0000 Re: 1.0000 Acc: 1.0000 F1: 1.0000
Epoch 403: Time: 0.0129 Cost: 0.0232 Pre: 1.0000 Re: 1.0000 Acc: 1.0000 F1: 1.0000
Epoch 404: Time: 0.0128 Cost: 0.0229 Pre: 1.0000 Re: 1.0000 Acc: 1.0000 F1: 1.0000
Epoch 405: Time: 0.0132 Cost: 0.0227 Pre: 1.0000 Re: 1.0000 Acc: 1.0000 F1: 1.0000
Epoch 406: Time: 0.0125 Cost: 0.0225 Pre: 1.0000 Re: 1.0000 Acc: 1.0000 F1: 1.0000
Epoch 407: Time: 0.0131 Cost: 0.0223 Pre: 1.0000 Re: 1.0000 Acc: 1.0000 F1: 1.0000
Epoch 408: Time: 0.0130 Cost: 0.0220 Pre: 1.0000 Re: 1.0000 Acc: 1.0000 F1: 1.0000
Epoch 409: Time: 0.0129 Cost: 0.0218 Pre: 1.0000 Re: 1.0000 Acc: 1.0000 F1: 1.0000
Epoch 410: Time: 0.0127 Cost: 0.0216 Pre: 1.0000 Re: 1.0000 Acc: 1.0000 F1: 1.0000


--------------------------------------------------------------------
Eval results: Cost:0.0238 Pre:1.0000 Re:1.0000 Acc:1.0000 F1:1.0000
--------------------------------------------------------------------

Epoch 411: Time: 0.0126 Cost: 0.0214 Pre: 1.0000 Re: 1.0000 Acc: 1.0000 F1: 1.0000
Epoch 412: Time: 0.0131 Cost: 0.0212 Pre: 1.0000 Re: 1.0000 Acc: 1.0000 F1: 1.0000
Epoch 413: Time: 0.0127 Cost: 0.0210 Pre: 1.0000 Re: 1.0000 Acc: 1.0000 F1: 1.0000
Epoch 414: Time: 0.0127 Cost: 0.0208 Pre: 1.0000 Re: 1.0000 Acc: 1.0000 F1: 1.0000
Epoch 415: Time: 0.0128 Cost: 0.0206 Pre: 1.0000 Re: 1.0000 Acc: 1.0000 F1: 1.0000
Epoch 416: Time: 0.0128 Cost: 0.0205 Pre: 1.0000 Re: 1.0000 Acc: 1.0000 F1: 1.0000
Epoch 417: Time: 0.0129 Cost: 0.0203 Pre: 1.0000 Re: 1.0000 Acc: 1.0000 F1: 1.0000
Epoch 418: Time: 0.0127 Cost: 0.0201 Pre: 1.0000 Re: 1.0000 Acc: 1.0000 F1: 1.0000
Epoch 419: Time: 0.0130 Cost: 0.0199 Pre: 1.0000 Re: 1.0000 Acc: 1.0000 F1: 1.0000
Epoch 420: Time: 0.0125 Cost: 0.0197 Pre: 1.0000 Re: 1.0000 Acc: 1.0000 F1: 1.0000


--------------------------------------------------------------------
Eval results: Cost:0.0218 Pre:1.0000 Re:1.0000 Acc:1.0000 F1:1.0000
--------------------------------------------------------------------

Epoch 421: Time: 0.0125 Cost: 0.0196 Pre: 1.0000 Re: 1.0000 Acc: 1.0000 F1: 1.0000
Epoch 422: Time: 0.0154 Cost: 0.0194 Pre: 1.0000 Re: 1.0000 Acc: 1.0000 F1: 1.0000
Epoch 423: Time: 0.0135 Cost: 0.0192 Pre: 1.0000 Re: 1.0000 Acc: 1.0000 F1: 1.0000
Epoch 424: Time: 0.0126 Cost: 0.0191 Pre: 1.0000 Re: 1.0000 Acc: 1.0000 F1: 1.0000
Epoch 425: Time: 0.0134 Cost: 0.0189 Pre: 1.0000 Re: 1.0000 Acc: 1.0000 F1: 1.0000
Epoch 426: Time: 0.0126 Cost: 0.0188 Pre: 1.0000 Re: 1.0000 Acc: 1.0000 F1: 1.0000
Epoch 427: Time: 0.0128 Cost: 0.0186 Pre: 1.0000 Re: 1.0000 Acc: 1.0000 F1: 1.0000
Epoch 428: Time: 0.0129 Cost: 0.0185 Pre: 1.0000 Re: 1.0000 Acc: 1.0000 F1: 1.0000
Epoch 429: Time: 0.0128 Cost: 0.0183 Pre: 1.0000 Re: 1.0000 Acc: 1.0000 F1: 1.0000
Epoch 430: Time: 0.0129 Cost: 0.0182 Pre: 1.0000 Re: 1.0000 Acc: 1.0000 F1: 1.0000


--------------------------------------------------------------------
Eval results: Cost:0.0202 Pre:1.0000 Re:1.0000 Acc:1.0000 F1:1.0000
--------------------------------------------------------------------

Epoch 431: Time: 0.0128 Cost: 0.0180 Pre: 1.0000 Re: 1.0000 Acc: 1.0000 F1: 1.0000
Epoch 432: Time: 0.0125 Cost: 0.0179 Pre: 1.0000 Re: 1.0000 Acc: 1.0000 F1: 1.0000
Epoch 433: Time: 0.0131 Cost: 0.0178 Pre: 1.0000 Re: 1.0000 Acc: 1.0000 F1: 1.0000
Epoch 434: Time: 0.0126 Cost: 0.0176 Pre: 1.0000 Re: 1.0000 Acc: 1.0000 F1: 1.0000
Epoch 435: Time: 0.0128 Cost: 0.0175 Pre: 1.0000 Re: 1.0000 Acc: 1.0000 F1: 1.0000
Epoch 436: Time: 0.0131 Cost: 0.0174 Pre: 1.0000 Re: 1.0000 Acc: 1.0000 F1: 1.0000
Epoch 437: Time: 0.0131 Cost: 0.0172 Pre: 1.0000 Re: 1.0000 Acc: 1.0000 F1: 1.0000
Epoch 438: Time: 0.0125 Cost: 0.0171 Pre: 1.0000 Re: 1.0000 Acc: 1.0000 F1: 1.0000
Epoch 439: Time: 0.0130 Cost: 0.0170 Pre: 1.0000 Re: 1.0000 Acc: 1.0000 F1: 1.0000
Epoch 440: Time: 0.0127 Cost: 0.0168 Pre: 1.0000 Re: 1.0000 Acc: 1.0000 F1: 1.0000


--------------------------------------------------------------------
Eval results: Cost:0.0188 Pre:1.0000 Re:1.0000 Acc:1.0000 F1:1.0000
--------------------------------------------------------------------

Epoch 441: Time: 0.0129 Cost: 0.0167 Pre: 1.0000 Re: 1.0000 Acc: 1.0000 F1: 1.0000
Epoch 442: Time: 0.0126 Cost: 0.0166 Pre: 1.0000 Re: 1.0000 Acc: 1.0000 F1: 1.0000
Epoch 443: Time: 0.0128 Cost: 0.0165 Pre: 1.0000 Re: 1.0000 Acc: 1.0000 F1: 1.0000
Epoch 444: Time: 0.0126 Cost: 0.0164 Pre: 1.0000 Re: 1.0000 Acc: 1.0000 F1: 1.0000
Epoch 445: Time: 0.0130 Cost: 0.0162 Pre: 1.0000 Re: 1.0000 Acc: 1.0000 F1: 1.0000
Epoch 446: Time: 0.0125 Cost: 0.0161 Pre: 1.0000 Re: 1.0000 Acc: 1.0000 F1: 1.0000
Epoch 447: Time: 0.0134 Cost: 0.0160 Pre: 1.0000 Re: 1.0000 Acc: 1.0000 F1: 1.0000
Epoch 448: Time: 0.0138 Cost: 0.0159 Pre: 1.0000 Re: 1.0000 Acc: 1.0000 F1: 1.0000
Epoch 449: Time: 0.0131 Cost: 0.0158 Pre: 1.0000 Re: 1.0000 Acc: 1.0000 F1: 1.0000
Epoch 450: Time: 0.0125 Cost: 0.0157 Pre: 1.0000 Re: 1.0000 Acc: 1.0000 F1: 1.0000


--------------------------------------------------------------------
Eval results: Cost:0.0176 Pre:1.0000 Re:1.0000 Acc:1.0000 F1:1.0000
--------------------------------------------------------------------

Epoch 451: Time: 0.0128 Cost: 0.0156 Pre: 1.0000 Re: 1.0000 Acc: 1.0000 F1: 1.0000
Epoch 452: Time: 0.0127 Cost: 0.0155 Pre: 1.0000 Re: 1.0000 Acc: 1.0000 F1: 1.0000
Epoch 453: Time: 0.0128 Cost: 0.0154 Pre: 1.0000 Re: 1.0000 Acc: 1.0000 F1: 1.0000
Epoch 454: Time: 0.0125 Cost: 0.0153 Pre: 1.0000 Re: 1.0000 Acc: 1.0000 F1: 1.0000
Epoch 455: Time: 0.0127 Cost: 0.0152 Pre: 1.0000 Re: 1.0000 Acc: 1.0000 F1: 1.0000
Epoch 456: Time: 0.0126 Cost: 0.0151 Pre: 1.0000 Re: 1.0000 Acc: 1.0000 F1: 1.0000
Epoch 457: Time: 0.0128 Cost: 0.0150 Pre: 1.0000 Re: 1.0000 Acc: 1.0000 F1: 1.0000
Epoch 458: Time: 0.0125 Cost: 0.0149 Pre: 1.0000 Re: 1.0000 Acc: 1.0000 F1: 1.0000
Epoch 459: Time: 0.0128 Cost: 0.0148 Pre: 1.0000 Re: 1.0000 Acc: 1.0000 F1: 1.0000
Epoch 460: Time: 0.0129 Cost: 0.0147 Pre: 1.0000 Re: 1.0000 Acc: 1.0000 F1: 1.0000


--------------------------------------------------------------------
Eval results: Cost:0.0165 Pre:1.0000 Re:1.0000 Acc:1.0000 F1:1.0000
--------------------------------------------------------------------

Epoch 461: Time: 0.0130 Cost: 0.0146 Pre: 1.0000 Re: 1.0000 Acc: 1.0000 F1: 1.0000
Epoch 462: Time: 0.0126 Cost: 0.0145 Pre: 1.0000 Re: 1.0000 Acc: 1.0000 F1: 1.0000
Epoch 463: Time: 0.0127 Cost: 0.0144 Pre: 1.0000 Re: 1.0000 Acc: 1.0000 F1: 1.0000
Epoch 464: Time: 0.0126 Cost: 0.0143 Pre: 1.0000 Re: 1.0000 Acc: 1.0000 F1: 1.0000
Epoch 465: Time: 0.0129 Cost: 0.0142 Pre: 1.0000 Re: 1.0000 Acc: 1.0000 F1: 1.0000
Epoch 466: Time: 0.0127 Cost: 0.0142 Pre: 1.0000 Re: 1.0000 Acc: 1.0000 F1: 1.0000
Epoch 467: Time: 0.0131 Cost: 0.0141 Pre: 1.0000 Re: 1.0000 Acc: 1.0000 F1: 1.0000
Epoch 468: Time: 0.0128 Cost: 0.0140 Pre: 1.0000 Re: 1.0000 Acc: 1.0000 F1: 1.0000
Epoch 469: Time: 0.0128 Cost: 0.0139 Pre: 1.0000 Re: 1.0000 Acc: 1.0000 F1: 1.0000
Epoch 470: Time: 0.0125 Cost: 0.0138 Pre: 1.0000 Re: 1.0000 Acc: 1.0000 F1: 1.0000


--------------------------------------------------------------------
Eval results: Cost:0.0155 Pre:1.0000 Re:1.0000 Acc:1.0000 F1:1.0000
--------------------------------------------------------------------

Epoch 471: Time: 0.0126 Cost: 0.0137 Pre: 1.0000 Re: 1.0000 Acc: 1.0000 F1: 1.0000
Epoch 472: Time: 0.0131 Cost: 0.0137 Pre: 1.0000 Re: 1.0000 Acc: 1.0000 F1: 1.0000
Epoch 473: Time: 0.0128 Cost: 0.0136 Pre: 1.0000 Re: 1.0000 Acc: 1.0000 F1: 1.0000
Epoch 474: Time: 0.0129 Cost: 0.0135 Pre: 1.0000 Re: 1.0000 Acc: 1.0000 F1: 1.0000
Epoch 475: Time: 0.0130 Cost: 0.0134 Pre: 1.0000 Re: 1.0000 Acc: 1.0000 F1: 1.0000
Epoch 476: Time: 0.0125 Cost: 0.0133 Pre: 1.0000 Re: 1.0000 Acc: 1.0000 F1: 1.0000
Epoch 477: Time: 0.0129 Cost: 0.0133 Pre: 1.0000 Re: 1.0000 Acc: 1.0000 F1: 1.0000
Epoch 478: Time: 0.0126 Cost: 0.0132 Pre: 1.0000 Re: 1.0000 Acc: 1.0000 F1: 1.0000
Epoch 479: Time: 0.0129 Cost: 0.0131 Pre: 1.0000 Re: 1.0000 Acc: 1.0000 F1: 1.0000
Epoch 480: Time: 0.0125 Cost: 0.0130 Pre: 1.0000 Re: 1.0000 Acc: 1.0000 F1: 1.0000


--------------------------------------------------------------------
Eval results: Cost:0.0147 Pre:1.0000 Re:1.0000 Acc:1.0000 F1:1.0000
--------------------------------------------------------------------

Epoch 481: Time: 0.0132 Cost: 0.0130 Pre: 1.0000 Re: 1.0000 Acc: 1.0000 F1: 1.0000
Epoch 482: Time: 0.0128 Cost: 0.0129 Pre: 1.0000 Re: 1.0000 Acc: 1.0000 F1: 1.0000
Epoch 483: Time: 0.0128 Cost: 0.0128 Pre: 1.0000 Re: 1.0000 Acc: 1.0000 F1: 1.0000
Epoch 484: Time: 0.0129 Cost: 0.0128 Pre: 1.0000 Re: 1.0000 Acc: 1.0000 F1: 1.0000
Epoch 485: Time: 0.0129 Cost: 0.0127 Pre: 1.0000 Re: 1.0000 Acc: 1.0000 F1: 1.0000
Epoch 486: Time: 0.0127 Cost: 0.0126 Pre: 1.0000 Re: 1.0000 Acc: 1.0000 F1: 1.0000
Epoch 487: Time: 0.0128 Cost: 0.0125 Pre: 1.0000 Re: 1.0000 Acc: 1.0000 F1: 1.0000
Epoch 488: Time: 0.0126 Cost: 0.0125 Pre: 1.0000 Re: 1.0000 Acc: 1.0000 F1: 1.0000
Epoch 489: Time: 0.0129 Cost: 0.0124 Pre: 1.0000 Re: 1.0000 Acc: 1.0000 F1: 1.0000
Epoch 490: Time: 0.0126 Cost: 0.0123 Pre: 1.0000 Re: 1.0000 Acc: 1.0000 F1: 1.0000


--------------------------------------------------------------------
Eval results: Cost:0.0139 Pre:1.0000 Re:1.0000 Acc:1.0000 F1:1.0000
--------------------------------------------------------------------

Epoch 491: Time: 0.0126 Cost: 0.0123 Pre: 1.0000 Re: 1.0000 Acc: 1.0000 F1: 1.0000
Epoch 492: Time: 0.0130 Cost: 0.0122 Pre: 1.0000 Re: 1.0000 Acc: 1.0000 F1: 1.0000
Epoch 493: Time: 0.0125 Cost: 0.0122 Pre: 1.0000 Re: 1.0000 Acc: 1.0000 F1: 1.0000
Epoch 494: Time: 0.0128 Cost: 0.0121 Pre: 1.0000 Re: 1.0000 Acc: 1.0000 F1: 1.0000
Epoch 495: Time: 0.0128 Cost: 0.0120 Pre: 1.0000 Re: 1.0000 Acc: 1.0000 F1: 1.0000
Epoch 496: Time: 0.0126 Cost: 0.0120 Pre: 1.0000 Re: 1.0000 Acc: 1.0000 F1: 1.0000
Epoch 497: Time: 0.0130 Cost: 0.0119 Pre: 1.0000 Re: 1.0000 Acc: 1.0000 F1: 1.0000
Epoch 498: Time: 0.0126 Cost: 0.0118 Pre: 1.0000 Re: 1.0000 Acc: 1.0000 F1: 1.0000
Epoch 499: Time: 0.0129 Cost: 0.0118 Pre: 1.0000 Re: 1.0000 Acc: 1.0000 F1: 1.0000
Epoch 500: Time: 0.0126 Cost: 0.0117 Pre: 1.0000 Re: 1.0000 Acc: 1.0000 F1: 1.0000


--------------------------------------------------------------------
Eval results: Cost:0.0133 Pre:1.0000 Re:1.0000 Acc:1.0000 F1:1.0000
--------------------------------------------------------------------

Epoch 501: Time: 0.0126 Cost: 0.0117 Pre: 1.0000 Re: 1.0000 Acc: 1.0000 F1: 1.0000
Epoch 502: Time: 0.0129 Cost: 0.0116 Pre: 1.0000 Re: 1.0000 Acc: 1.0000 F1: 1.0000
Epoch 503: Time: 0.0125 Cost: 0.0116 Pre: 1.0000 Re: 1.0000 Acc: 1.0000 F1: 1.0000
Epoch 504: Time: 0.0130 Cost: 0.0115 Pre: 1.0000 Re: 1.0000 Acc: 1.0000 F1: 1.0000
Epoch 505: Time: 0.0125 Cost: 0.0114 Pre: 1.0000 Re: 1.0000 Acc: 1.0000 F1: 1.0000
Epoch 506: Time: 0.0127 Cost: 0.0114 Pre: 1.0000 Re: 1.0000 Acc: 1.0000 F1: 1.0000
Epoch 507: Time: 0.0127 Cost: 0.0113 Pre: 1.0000 Re: 1.0000 Acc: 1.0000 F1: 1.0000
Epoch 508: Time: 0.0132 Cost: 0.0113 Pre: 1.0000 Re: 1.0000 Acc: 1.0000 F1: 1.0000
Epoch 509: Time: 0.0131 Cost: 0.0112 Pre: 1.0000 Re: 1.0000 Acc: 1.0000 F1: 1.0000
Epoch 510: Time: 0.0126 Cost: 0.0112 Pre: 1.0000 Re: 1.0000 Acc: 1.0000 F1: 1.0000


--------------------------------------------------------------------
Eval results: Cost:0.0126 Pre:1.0000 Re:1.0000 Acc:1.0000 F1:1.0000
--------------------------------------------------------------------

Epoch 511: Time: 0.0126 Cost: 0.0111 Pre: 1.0000 Re: 1.0000 Acc: 1.0000 F1: 1.0000
Epoch 512: Time: 0.0128 Cost: 0.0111 Pre: 1.0000 Re: 1.0000 Acc: 1.0000 F1: 1.0000
Epoch 513: Time: 0.0127 Cost: 0.0110 Pre: 1.0000 Re: 1.0000 Acc: 1.0000 F1: 1.0000
Epoch 514: Time: 0.0129 Cost: 0.0110 Pre: 1.0000 Re: 1.0000 Acc: 1.0000 F1: 1.0000
Epoch 515: Time: 0.0125 Cost: 0.0109 Pre: 1.0000 Re: 1.0000 Acc: 1.0000 F1: 1.0000
Epoch 516: Time: 0.0127 Cost: 0.0109 Pre: 1.0000 Re: 1.0000 Acc: 1.0000 F1: 1.0000
Epoch 517: Time: 0.0137 Cost: 0.0108 Pre: 1.0000 Re: 1.0000 Acc: 1.0000 F1: 1.0000
Epoch 518: Time: 0.0132 Cost: 0.0108 Pre: 1.0000 Re: 1.0000 Acc: 1.0000 F1: 1.0000
Epoch 519: Time: 0.0128 Cost: 0.0107 Pre: 1.0000 Re: 1.0000 Acc: 1.0000 F1: 1.0000
Epoch 520: Time: 0.0129 Cost: 0.0107 Pre: 1.0000 Re: 1.0000 Acc: 1.0000 F1: 1.0000


--------------------------------------------------------------------
Eval results: Cost:0.0121 Pre:1.0000 Re:1.0000 Acc:1.0000 F1:1.0000
--------------------------------------------------------------------

Epoch 521: Time: 0.0130 Cost: 0.0106 Pre: 1.0000 Re: 1.0000 Acc: 1.0000 F1: 1.0000
Epoch 522: Time: 0.0133 Cost: 0.0106 Pre: 1.0000 Re: 1.0000 Acc: 1.0000 F1: 1.0000
Epoch 523: Time: 0.0125 Cost: 0.0105 Pre: 1.0000 Re: 1.0000 Acc: 1.0000 F1: 1.0000
Epoch 524: Time: 0.0128 Cost: 0.0105 Pre: 1.0000 Re: 1.0000 Acc: 1.0000 F1: 1.0000
Epoch 525: Time: 0.0129 Cost: 0.0104 Pre: 1.0000 Re: 1.0000 Acc: 1.0000 F1: 1.0000
Epoch 526: Time: 0.0130 Cost: 0.0104 Pre: 1.0000 Re: 1.0000 Acc: 1.0000 F1: 1.0000
Epoch 527: Time: 0.0127 Cost: 0.0103 Pre: 1.0000 Re: 1.0000 Acc: 1.0000 F1: 1.0000
Epoch 528: Time: 0.0129 Cost: 0.0103 Pre: 1.0000 Re: 1.0000 Acc: 1.0000 F1: 1.0000
Epoch 529: Time: 0.0129 Cost: 0.0102 Pre: 1.0000 Re: 1.0000 Acc: 1.0000 F1: 1.0000
Epoch 530: Time: 0.0126 Cost: 0.0102 Pre: 1.0000 Re: 1.0000 Acc: 1.0000 F1: 1.0000


--------------------------------------------------------------------
Eval results: Cost:0.0116 Pre:1.0000 Re:1.0000 Acc:1.0000 F1:1.0000
--------------------------------------------------------------------

Epoch 531: Time: 0.0127 Cost: 0.0101 Pre: 1.0000 Re: 1.0000 Acc: 1.0000 F1: 1.0000
Epoch 532: Time: 0.0129 Cost: 0.0101 Pre: 1.0000 Re: 1.0000 Acc: 1.0000 F1: 1.0000
Epoch 533: Time: 0.0130 Cost: 0.0101 Pre: 1.0000 Re: 1.0000 Acc: 1.0000 F1: 1.0000
Epoch 534: Time: 0.0129 Cost: 0.0100 Pre: 1.0000 Re: 1.0000 Acc: 1.0000 F1: 1.0000
Epoch 535: Time: 0.0125 Cost: 0.0100 Pre: 1.0000 Re: 1.0000 Acc: 1.0000 F1: 1.0000
Epoch 536: Time: 0.0131 Cost: 0.0099 Pre: 1.0000 Re: 1.0000 Acc: 1.0000 F1: 1.0000
Epoch 537: Time: 0.0131 Cost: 0.0099 Pre: 1.0000 Re: 1.0000 Acc: 1.0000 F1: 1.0000
Epoch 538: Time: 0.0128 Cost: 0.0098 Pre: 1.0000 Re: 1.0000 Acc: 1.0000 F1: 1.0000
Epoch 539: Time: 0.0128 Cost: 0.0098 Pre: 1.0000 Re: 1.0000 Acc: 1.0000 F1: 1.0000
Epoch 540: Time: 0.0128 Cost: 0.0098 Pre: 1.0000 Re: 1.0000 Acc: 1.0000 F1: 1.0000


--------------------------------------------------------------------
Eval results: Cost:0.0111 Pre:1.0000 Re:1.0000 Acc:1.0000 F1:1.0000
--------------------------------------------------------------------

Epoch 541: Time: 0.0127 Cost: 0.0097 Pre: 1.0000 Re: 1.0000 Acc: 1.0000 F1: 1.0000
Epoch 542: Time: 0.0128 Cost: 0.0097 Pre: 1.0000 Re: 1.0000 Acc: 1.0000 F1: 1.0000
Epoch 543: Time: 0.0125 Cost: 0.0096 Pre: 1.0000 Re: 1.0000 Acc: 1.0000 F1: 1.0000
Epoch 544: Time: 0.0129 Cost: 0.0096 Pre: 1.0000 Re: 1.0000 Acc: 1.0000 F1: 1.0000
Epoch 545: Time: 0.0128 Cost: 0.0096 Pre: 1.0000 Re: 1.0000 Acc: 1.0000 F1: 1.0000
Epoch 546: Time: 0.0129 Cost: 0.0095 Pre: 1.0000 Re: 1.0000 Acc: 1.0000 F1: 1.0000
Epoch 547: Time: 0.0125 Cost: 0.0095 Pre: 1.0000 Re: 1.0000 Acc: 1.0000 F1: 1.0000
Epoch 548: Time: 0.0130 Cost: 0.0094 Pre: 1.0000 Re: 1.0000 Acc: 1.0000 F1: 1.0000
Epoch 549: Time: 0.0127 Cost: 0.0094 Pre: 1.0000 Re: 1.0000 Acc: 1.0000 F1: 1.0000
Epoch 550: Time: 0.0126 Cost: 0.0094 Pre: 1.0000 Re: 1.0000 Acc: 1.0000 F1: 1.0000


--------------------------------------------------------------------
Eval results: Cost:0.0107 Pre:1.0000 Re:1.0000 Acc:1.0000 F1:1.0000
--------------------------------------------------------------------

Early stopping...
--------------------------------------------------------------------
--------------------------------------------------------------------
Test 464 samples take time: 0.0481
Test results: Cost:0.0051 Pre:1.0000 Re:1.0000 Acc:1.0000 F1:1.0000
--------------------------------------------------------------------

