16768
16562
16206
16632
16380
16425
Load data
RNN type: SRN Grammar: g1 Seed: 10
Model total parameters: 130
Saving hinit ... 

Epoch 0: Time: 0.0773 Cost: 25.7775 Pre: 0.0685 Re: 1.0000 Acc: 0.4380 F1: 0.1282


--------------------------------------------------------------------
Eval results: Cost:25.3944 Pre:0.0408 Re:1.0000 Acc:0.4198 F1:0.0784
--------------------------------------------------------------------

Epoch 1: Time: 0.0096 Cost: 25.2097 Pre: 0.0703 Re: 0.9000 Acc: 0.5041 F1: 0.1304
Epoch 2: Time: 0.0084 Cost: 24.4300 Pre: 0.0233 Re: 0.2000 Acc: 0.6198 F1: 0.0417
Epoch 3: Time: 0.0082 Cost: 23.5502 Pre: 0.0000 Re: 0.0000 Acc: 0.8306 F1: 0.0000
Epoch 4: Time: 0.0104 Cost: 22.6205 Pre: 0.0000 Re: 0.0000 Acc: 0.9587 F1: 0.0000
Epoch 5: Time: 0.0075 Cost: 21.6683 Pre: 0.0000 Re: 0.0000 Acc: 0.9587 F1: 0.0000
Epoch 6: Time: 0.0077 Cost: 20.7083 Pre: 0.0000 Re: 0.0000 Acc: 0.9587 F1: 0.0000
Epoch 7: Time: 0.0073 Cost: 19.7480 Pre: 0.0000 Re: 0.0000 Acc: 0.9587 F1: 0.0000
Epoch 8: Time: 0.0073 Cost: 18.7913 Pre: 0.0000 Re: 0.0000 Acc: 0.9587 F1: 0.0000
Epoch 9: Time: 0.0075 Cost: 17.8405 Pre: 0.0000 Re: 0.0000 Acc: 0.9587 F1: 0.0000
Epoch 10: Time: 0.0076 Cost: 16.8976 Pre: 0.0000 Re: 0.0000 Acc: 0.9587 F1: 0.0000


--------------------------------------------------------------------
Eval results: Cost:16.0995 Pre:0.0000 Re:0.0000 Acc:0.9753 F1:0.0000
--------------------------------------------------------------------

Epoch 11: Time: 0.0074 Cost: 15.9626 Pre: 0.0000 Re: 0.0000 Acc: 0.9587 F1: 0.0000
Epoch 12: Time: 0.0075 Cost: 15.0302 Pre: 0.0000 Re: 0.0000 Acc: 0.9587 F1: 0.0000
Epoch 13: Time: 0.0074 Cost: 14.1063 Pre: 0.0000 Re: 0.0000 Acc: 0.9587 F1: 0.0000
Epoch 14: Time: 0.0075 Cost: 13.1996 Pre: 0.0000 Re: 0.0000 Acc: 0.9587 F1: 0.0000
Epoch 15: Time: 0.0077 Cost: 12.3183 Pre: 0.0000 Re: 0.0000 Acc: 0.9587 F1: 0.0000
Epoch 16: Time: 0.0074 Cost: 11.4709 Pre: 0.0000 Re: 0.0000 Acc: 0.9587 F1: 0.0000
Epoch 17: Time: 0.0073 Cost: 10.6655 Pre: 0.0000 Re: 0.0000 Acc: 0.9587 F1: 0.0000
Epoch 18: Time: 0.0076 Cost: 9.9094 Pre: 0.0000 Re: 0.0000 Acc: 0.9587 F1: 0.0000
Epoch 19: Time: 0.0073 Cost: 9.2088 Pre: 0.0000 Re: 0.0000 Acc: 0.9587 F1: 0.0000
Epoch 20: Time: 0.0073 Cost: 8.5681 Pre: 0.0000 Re: 0.0000 Acc: 0.9587 F1: 0.0000


--------------------------------------------------------------------
Eval results: Cost:7.8560 Pre:0.0000 Re:0.0000 Acc:0.9753 F1:0.0000
--------------------------------------------------------------------

Epoch 21: Time: 0.0074 Cost: 7.9895 Pre: 0.0000 Re: 0.0000 Acc: 0.9587 F1: 0.0000
Epoch 22: Time: 0.0073 Cost: 7.4714 Pre: 0.0000 Re: 0.0000 Acc: 0.9587 F1: 0.0000
Epoch 23: Time: 0.0077 Cost: 7.0124 Pre: 0.0000 Re: 0.0000 Acc: 0.9587 F1: 0.0000
Epoch 24: Time: 0.0074 Cost: 6.6102 Pre: 0.0000 Re: 0.0000 Acc: 0.9587 F1: 0.0000
Epoch 25: Time: 0.0077 Cost: 6.2609 Pre: 0.0000 Re: 0.0000 Acc: 0.9587 F1: 0.0000
Epoch 26: Time: 0.0077 Cost: 5.9597 Pre: 0.0000 Re: 0.0000 Acc: 0.9587 F1: 0.0000
Epoch 27: Time: 0.0074 Cost: 5.7009 Pre: 0.0000 Re: 0.0000 Acc: 0.9587 F1: 0.0000
Epoch 28: Time: 0.0073 Cost: 5.4790 Pre: 0.0000 Re: 0.0000 Acc: 0.9587 F1: 0.0000
Epoch 29: Time: 0.0075 Cost: 5.2885 Pre: 0.0000 Re: 0.0000 Acc: 0.9587 F1: 0.0000
Epoch 30: Time: 0.0075 Cost: 5.1244 Pre: 0.0000 Re: 0.0000 Acc: 0.9587 F1: 0.0000


--------------------------------------------------------------------
Eval results: Cost:4.6185 Pre:0.0000 Re:0.0000 Acc:0.9753 F1:0.0000
--------------------------------------------------------------------

Epoch 31: Time: 0.0090 Cost: 4.9823 Pre: 0.0000 Re: 0.0000 Acc: 0.9587 F1: 0.0000
Epoch 32: Time: 0.0080 Cost: 4.8581 Pre: 0.0000 Re: 0.0000 Acc: 0.9587 F1: 0.0000
Epoch 33: Time: 0.0120 Cost: 4.7489 Pre: 0.0000 Re: 0.0000 Acc: 0.9587 F1: 0.0000
Epoch 34: Time: 0.0081 Cost: 4.6523 Pre: 0.0000 Re: 0.0000 Acc: 0.9587 F1: 0.0000
Epoch 35: Time: 0.0077 Cost: 4.5665 Pre: 0.0000 Re: 0.0000 Acc: 0.9587 F1: 0.0000
Epoch 36: Time: 0.0073 Cost: 4.4898 Pre: 0.0000 Re: 0.0000 Acc: 0.9587 F1: 0.0000
Epoch 37: Time: 0.0080 Cost: 4.4209 Pre: 0.0000 Re: 0.0000 Acc: 0.9587 F1: 0.0000
Epoch 38: Time: 0.0073 Cost: 4.3589 Pre: 0.0000 Re: 0.0000 Acc: 0.9587 F1: 0.0000
Epoch 39: Time: 0.0080 Cost: 4.3027 Pre: 0.0000 Re: 0.0000 Acc: 0.9587 F1: 0.0000
Epoch 40: Time: 0.0078 Cost: 4.2517 Pre: 0.0000 Re: 0.0000 Acc: 0.9587 F1: 0.0000


--------------------------------------------------------------------
Eval results: Cost:3.7711 Pre:0.0000 Re:0.0000 Acc:0.9753 F1:0.0000
--------------------------------------------------------------------

Epoch 41: Time: 0.0077 Cost: 4.2051 Pre: 0.0000 Re: 0.0000 Acc: 0.9587 F1: 0.0000
Epoch 42: Time: 0.0076 Cost: 4.1622 Pre: 0.0000 Re: 0.0000 Acc: 0.9587 F1: 0.0000
Epoch 43: Time: 0.0073 Cost: 4.1227 Pre: 0.0000 Re: 0.0000 Acc: 0.9587 F1: 0.0000
Epoch 44: Time: 0.0073 Cost: 4.0861 Pre: 0.0000 Re: 0.0000 Acc: 0.9587 F1: 0.0000
Epoch 45: Time: 0.0080 Cost: 4.0524 Pre: 0.0000 Re: 0.0000 Acc: 0.9587 F1: 0.0000
Epoch 46: Time: 0.0074 Cost: 4.0213 Pre: 0.0000 Re: 0.0000 Acc: 0.9587 F1: 0.0000
Epoch 47: Time: 0.0075 Cost: 3.9925 Pre: 0.0000 Re: 0.0000 Acc: 0.9587 F1: 0.0000
Epoch 48: Time: 0.0078 Cost: 3.9659 Pre: 0.0000 Re: 0.0000 Acc: 0.9587 F1: 0.0000
Epoch 49: Time: 0.0074 Cost: 3.9414 Pre: 0.0000 Re: 0.0000 Acc: 0.9587 F1: 0.0000
Epoch 50: Time: 0.0073 Cost: 3.9187 Pre: 0.0000 Re: 0.0000 Acc: 0.9587 F1: 0.0000


--------------------------------------------------------------------
Eval results: Cost:3.4313 Pre:0.0000 Re:0.0000 Acc:0.9753 F1:0.0000
--------------------------------------------------------------------

Epoch 51: Time: 0.0075 Cost: 3.8978 Pre: 0.0000 Re: 0.0000 Acc: 0.9587 F1: 0.0000
Epoch 52: Time: 0.0073 Cost: 3.8782 Pre: 0.0000 Re: 0.0000 Acc: 0.9587 F1: 0.0000
Epoch 53: Time: 0.0076 Cost: 3.8601 Pre: 0.0000 Re: 0.0000 Acc: 0.9587 F1: 0.0000
Epoch 54: Time: 0.0074 Cost: 3.8432 Pre: 0.0000 Re: 0.0000 Acc: 0.9587 F1: 0.0000
Epoch 55: Time: 0.0075 Cost: 3.8276 Pre: 0.0000 Re: 0.0000 Acc: 0.9587 F1: 0.0000
Epoch 56: Time: 0.0075 Cost: 3.8132 Pre: 0.0000 Re: 0.0000 Acc: 0.9587 F1: 0.0000
Epoch 57: Time: 0.0078 Cost: 3.7999 Pre: 0.0000 Re: 0.0000 Acc: 0.9587 F1: 0.0000
Epoch 58: Time: 0.0074 Cost: 3.7876 Pre: 0.0000 Re: 0.0000 Acc: 0.9587 F1: 0.0000
Epoch 59: Time: 0.0073 Cost: 3.7762 Pre: 0.0000 Re: 0.0000 Acc: 0.9587 F1: 0.0000
Epoch 60: Time: 0.0076 Cost: 3.7658 Pre: 0.0000 Re: 0.0000 Acc: 0.9587 F1: 0.0000


--------------------------------------------------------------------
Eval results: Cost:3.2695 Pre:0.0000 Re:0.0000 Acc:0.9753 F1:0.0000
--------------------------------------------------------------------

Epoch 61: Time: 0.0074 Cost: 3.7561 Pre: 0.0000 Re: 0.0000 Acc: 0.9587 F1: 0.0000
Epoch 62: Time: 0.0076 Cost: 3.7471 Pre: 0.0000 Re: 0.0000 Acc: 0.9587 F1: 0.0000
Epoch 63: Time: 0.0076 Cost: 3.7388 Pre: 0.0000 Re: 0.0000 Acc: 0.9587 F1: 0.0000
Epoch 64: Time: 0.0074 Cost: 3.7310 Pre: 0.0000 Re: 0.0000 Acc: 0.9587 F1: 0.0000
Epoch 65: Time: 0.0077 Cost: 3.7238 Pre: 0.0000 Re: 0.0000 Acc: 0.9587 F1: 0.0000
Epoch 66: Time: 0.0073 Cost: 3.7171 Pre: 0.0000 Re: 0.0000 Acc: 0.9587 F1: 0.0000
Epoch 67: Time: 0.0073 Cost: 3.7109 Pre: 0.0000 Re: 0.0000 Acc: 0.9587 F1: 0.0000
Epoch 68: Time: 0.0076 Cost: 3.7051 Pre: 0.0000 Re: 0.0000 Acc: 0.9587 F1: 0.0000
Epoch 69: Time: 0.0076 Cost: 3.6997 Pre: 0.0000 Re: 0.0000 Acc: 0.9587 F1: 0.0000
Epoch 70: Time: 0.0074 Cost: 3.6946 Pre: 0.0000 Re: 0.0000 Acc: 0.9587 F1: 0.0000


--------------------------------------------------------------------
Eval results: Cost:3.1901 Pre:0.0000 Re:0.0000 Acc:0.9753 F1:0.0000
--------------------------------------------------------------------

Epoch 71: Time: 0.0074 Cost: 3.6898 Pre: 0.0000 Re: 0.0000 Acc: 0.9587 F1: 0.0000
Epoch 72: Time: 0.0073 Cost: 3.6852 Pre: 0.0000 Re: 0.0000 Acc: 0.9587 F1: 0.0000
Epoch 73: Time: 0.0079 Cost: 3.6809 Pre: 0.0000 Re: 0.0000 Acc: 0.9587 F1: 0.0000
Epoch 74: Time: 0.0075 Cost: 3.6767 Pre: 0.0000 Re: 0.0000 Acc: 0.9587 F1: 0.0000
Epoch 75: Time: 0.0074 Cost: 3.6727 Pre: 0.0000 Re: 0.0000 Acc: 0.9587 F1: 0.0000
Epoch 76: Time: 0.0076 Cost: 3.6688 Pre: 0.0000 Re: 0.0000 Acc: 0.9587 F1: 0.0000
Epoch 77: Time: 0.0074 Cost: 3.6650 Pre: 0.0000 Re: 0.0000 Acc: 0.9587 F1: 0.0000
Epoch 78: Time: 0.0073 Cost: 3.6613 Pre: 0.0000 Re: 0.0000 Acc: 0.9587 F1: 0.0000
Epoch 79: Time: 0.0079 Cost: 3.6577 Pre: 0.0000 Re: 0.0000 Acc: 0.9587 F1: 0.0000
Epoch 80: Time: 0.0079 Cost: 3.6541 Pre: 0.0000 Re: 0.0000 Acc: 0.9587 F1: 0.0000


--------------------------------------------------------------------
Eval results: Cost:3.1422 Pre:0.0000 Re:0.0000 Acc:0.9753 F1:0.0000
--------------------------------------------------------------------

Epoch 81: Time: 0.0074 Cost: 3.6506 Pre: 0.0000 Re: 0.0000 Acc: 0.9587 F1: 0.0000
Epoch 82: Time: 0.0078 Cost: 3.6471 Pre: 0.0000 Re: 0.0000 Acc: 0.9587 F1: 0.0000
Epoch 83: Time: 0.0073 Cost: 3.6435 Pre: 0.0000 Re: 0.0000 Acc: 0.9587 F1: 0.0000
Epoch 84: Time: 0.0073 Cost: 3.6399 Pre: 0.0000 Re: 0.0000 Acc: 0.9587 F1: 0.0000
Epoch 85: Time: 0.0076 Cost: 3.6363 Pre: 0.0000 Re: 0.0000 Acc: 0.9587 F1: 0.0000
Epoch 86: Time: 0.0074 Cost: 3.6326 Pre: 0.0000 Re: 0.0000 Acc: 0.9587 F1: 0.0000
Epoch 87: Time: 0.0077 Cost: 3.6289 Pre: 0.0000 Re: 0.0000 Acc: 0.9587 F1: 0.0000
Epoch 88: Time: 0.0079 Cost: 3.6252 Pre: 0.0000 Re: 0.0000 Acc: 0.9587 F1: 0.0000
Epoch 89: Time: 0.0074 Cost: 3.6214 Pre: 0.0000 Re: 0.0000 Acc: 0.9587 F1: 0.0000
Epoch 90: Time: 0.0073 Cost: 3.6175 Pre: 0.0000 Re: 0.0000 Acc: 0.9587 F1: 0.0000


--------------------------------------------------------------------
Eval results: Cost:3.0987 Pre:0.0000 Re:0.0000 Acc:0.9753 F1:0.0000
--------------------------------------------------------------------

Epoch 91: Time: 0.0076 Cost: 3.6136 Pre: 0.0000 Re: 0.0000 Acc: 0.9587 F1: 0.0000
Epoch 92: Time: 0.0077 Cost: 3.6095 Pre: 0.0000 Re: 0.0000 Acc: 0.9587 F1: 0.0000
Epoch 93: Time: 0.0077 Cost: 3.6054 Pre: 0.0000 Re: 0.0000 Acc: 0.9587 F1: 0.0000
Epoch 94: Time: 0.0074 Cost: 3.6012 Pre: 0.0000 Re: 0.0000 Acc: 0.9587 F1: 0.0000
Epoch 95: Time: 0.0076 Cost: 3.5969 Pre: 0.0000 Re: 0.0000 Acc: 0.9587 F1: 0.0000
Epoch 96: Time: 0.0076 Cost: 3.5925 Pre: 0.0000 Re: 0.0000 Acc: 0.9587 F1: 0.0000
Epoch 97: Time: 0.0074 Cost: 3.5880 Pre: 0.0000 Re: 0.0000 Acc: 0.9587 F1: 0.0000
Epoch 98: Time: 0.0073 Cost: 3.5835 Pre: 0.0000 Re: 0.0000 Acc: 0.9587 F1: 0.0000
Epoch 99: Time: 0.0077 Cost: 3.5789 Pre: 0.0000 Re: 0.0000 Acc: 0.9587 F1: 0.0000
Epoch 100: Time: 0.0079 Cost: 3.5742 Pre: 0.0000 Re: 0.0000 Acc: 0.9587 F1: 0.0000


--------------------------------------------------------------------
Eval results: Cost:3.0493 Pre:0.0000 Re:0.0000 Acc:0.9753 F1:0.0000
--------------------------------------------------------------------

Epoch 101: Time: 0.0091 Cost: 3.5694 Pre: 0.0000 Re: 0.0000 Acc: 0.9587 F1: 0.0000
Epoch 102: Time: 0.0079 Cost: 3.5646 Pre: 0.0000 Re: 0.0000 Acc: 0.9587 F1: 0.0000
Epoch 103: Time: 0.0077 Cost: 3.5597 Pre: 0.0000 Re: 0.0000 Acc: 0.9587 F1: 0.0000
Epoch 104: Time: 0.0076 Cost: 3.5547 Pre: 0.0000 Re: 0.0000 Acc: 0.9587 F1: 0.0000
Epoch 105: Time: 0.0076 Cost: 3.5496 Pre: 0.0000 Re: 0.0000 Acc: 0.9587 F1: 0.0000
Epoch 106: Time: 0.0074 Cost: 3.5445 Pre: 0.0000 Re: 0.0000 Acc: 0.9587 F1: 0.0000
Epoch 107: Time: 0.0077 Cost: 3.5394 Pre: 0.0000 Re: 0.0000 Acc: 0.9587 F1: 0.0000
Epoch 108: Time: 0.0075 Cost: 3.5342 Pre: 0.0000 Re: 0.0000 Acc: 0.9587 F1: 0.0000
Epoch 109: Time: 0.0073 Cost: 3.5290 Pre: 0.0000 Re: 0.0000 Acc: 0.9587 F1: 0.0000
Epoch 110: Time: 0.0075 Cost: 3.5238 Pre: 0.0000 Re: 0.0000 Acc: 0.9587 F1: 0.0000


--------------------------------------------------------------------
Eval results: Cost:2.9936 Pre:0.0000 Re:0.0000 Acc:0.9753 F1:0.0000
--------------------------------------------------------------------

Epoch 111: Time: 0.0074 Cost: 3.5186 Pre: 0.0000 Re: 0.0000 Acc: 0.9587 F1: 0.0000
Epoch 112: Time: 0.0073 Cost: 3.5134 Pre: 0.0000 Re: 0.0000 Acc: 0.9587 F1: 0.0000
Epoch 113: Time: 0.0076 Cost: 3.5081 Pre: 0.0000 Re: 0.0000 Acc: 0.9587 F1: 0.0000
Epoch 114: Time: 0.0074 Cost: 3.5029 Pre: 0.0000 Re: 0.0000 Acc: 0.9587 F1: 0.0000
Epoch 115: Time: 0.0073 Cost: 3.4976 Pre: 0.0000 Re: 0.0000 Acc: 0.9587 F1: 0.0000
Epoch 116: Time: 0.0077 Cost: 3.4924 Pre: 0.0000 Re: 0.0000 Acc: 0.9587 F1: 0.0000
Epoch 117: Time: 0.0077 Cost: 3.4872 Pre: 0.0000 Re: 0.0000 Acc: 0.9587 F1: 0.0000
Epoch 118: Time: 0.0073 Cost: 3.4820 Pre: 0.0000 Re: 0.0000 Acc: 0.9587 F1: 0.0000
Epoch 119: Time: 0.0079 Cost: 3.4768 Pre: 0.0000 Re: 0.0000 Acc: 0.9587 F1: 0.0000
Epoch 120: Time: 0.0074 Cost: 3.4716 Pre: 0.0000 Re: 0.0000 Acc: 0.9587 F1: 0.0000


--------------------------------------------------------------------
Eval results: Cost:2.9372 Pre:0.0000 Re:0.0000 Acc:0.9753 F1:0.0000
--------------------------------------------------------------------

Epoch 121: Time: 0.0076 Cost: 3.4665 Pre: 0.0000 Re: 0.0000 Acc: 0.9587 F1: 0.0000
Epoch 122: Time: 0.0074 Cost: 3.4614 Pre: 0.0000 Re: 0.0000 Acc: 0.9587 F1: 0.0000
Epoch 123: Time: 0.0073 Cost: 3.4563 Pre: 0.0000 Re: 0.0000 Acc: 0.9587 F1: 0.0000
Epoch 124: Time: 0.0075 Cost: 3.4512 Pre: 0.0000 Re: 0.0000 Acc: 0.9587 F1: 0.0000
Epoch 125: Time: 0.0074 Cost: 3.4461 Pre: 0.0000 Re: 0.0000 Acc: 0.9587 F1: 0.0000
Epoch 126: Time: 0.0073 Cost: 3.4410 Pre: 0.0000 Re: 0.0000 Acc: 0.9587 F1: 0.0000
Epoch 127: Time: 0.0078 Cost: 3.4359 Pre: 0.0000 Re: 0.0000 Acc: 0.9587 F1: 0.0000
Epoch 128: Time: 0.0075 Cost: 3.4309 Pre: 0.0000 Re: 0.0000 Acc: 0.9587 F1: 0.0000
Epoch 129: Time: 0.0073 Cost: 3.4258 Pre: 0.0000 Re: 0.0000 Acc: 0.9587 F1: 0.0000
Epoch 130: Time: 0.0073 Cost: 3.4208 Pre: 0.0000 Re: 0.0000 Acc: 0.9587 F1: 0.0000


--------------------------------------------------------------------
Eval results: Cost:2.8829 Pre:0.0000 Re:0.0000 Acc:0.9753 F1:0.0000
--------------------------------------------------------------------

Epoch 131: Time: 0.0074 Cost: 3.4157 Pre: 0.0000 Re: 0.0000 Acc: 0.9587 F1: 0.0000
Epoch 132: Time: 0.0073 Cost: 3.4107 Pre: 0.0000 Re: 0.0000 Acc: 0.9587 F1: 0.0000
Epoch 133: Time: 0.0076 Cost: 3.4056 Pre: 0.0000 Re: 0.0000 Acc: 0.9587 F1: 0.0000
Epoch 134: Time: 0.0073 Cost: 3.4005 Pre: 0.0000 Re: 0.0000 Acc: 0.9587 F1: 0.0000
Epoch 135: Time: 0.0075 Cost: 3.3954 Pre: 0.0000 Re: 0.0000 Acc: 0.9587 F1: 0.0000
Epoch 136: Time: 0.0078 Cost: 3.3903 Pre: 0.0000 Re: 0.0000 Acc: 0.9587 F1: 0.0000
Epoch 137: Time: 0.0073 Cost: 3.3852 Pre: 0.0000 Re: 0.0000 Acc: 0.9587 F1: 0.0000
Epoch 138: Time: 0.0076 Cost: 3.3800 Pre: 0.0000 Re: 0.0000 Acc: 0.9587 F1: 0.0000
Epoch 139: Time: 0.0076 Cost: 3.3749 Pre: 0.0000 Re: 0.0000 Acc: 0.9587 F1: 0.0000
Epoch 140: Time: 0.0073 Cost: 3.3697 Pre: 0.0000 Re: 0.0000 Acc: 0.9587 F1: 0.0000


--------------------------------------------------------------------
Eval results: Cost:2.8296 Pre:0.0000 Re:0.0000 Acc:0.9753 F1:0.0000
--------------------------------------------------------------------

Epoch 141: Time: 0.0075 Cost: 3.3645 Pre: 0.0000 Re: 0.0000 Acc: 0.9587 F1: 0.0000
Epoch 142: Time: 0.0079 Cost: 3.3592 Pre: 0.0000 Re: 0.0000 Acc: 0.9587 F1: 0.0000
Epoch 143: Time: 0.0074 Cost: 3.3539 Pre: 0.0000 Re: 0.0000 Acc: 0.9587 F1: 0.0000
Epoch 144: Time: 0.0077 Cost: 3.3485 Pre: 0.0000 Re: 0.0000 Acc: 0.9587 F1: 0.0000
Epoch 145: Time: 0.0074 Cost: 3.3431 Pre: 0.0000 Re: 0.0000 Acc: 0.9587 F1: 0.0000
Epoch 146: Time: 0.0073 Cost: 3.3377 Pre: 0.0000 Re: 0.0000 Acc: 0.9587 F1: 0.0000
Epoch 147: Time: 0.0073 Cost: 3.3322 Pre: 0.0000 Re: 0.0000 Acc: 0.9587 F1: 0.0000
Epoch 148: Time: 0.0075 Cost: 3.3267 Pre: 0.0000 Re: 0.0000 Acc: 0.9587 F1: 0.0000
Epoch 149: Time: 0.0074 Cost: 3.3211 Pre: 0.0000 Re: 0.0000 Acc: 0.9587 F1: 0.0000
Epoch 150: Time: 0.0074 Cost: 3.3155 Pre: 0.0000 Re: 0.0000 Acc: 0.9587 F1: 0.0000


--------------------------------------------------------------------
Eval results: Cost:2.7750 Pre:0.0000 Re:0.0000 Acc:0.9753 F1:0.0000
--------------------------------------------------------------------

Epoch 151: Time: 0.0077 Cost: 3.3098 Pre: 0.0000 Re: 0.0000 Acc: 0.9587 F1: 0.0000
Epoch 152: Time: 0.0073 Cost: 3.3040 Pre: 0.0000 Re: 0.0000 Acc: 0.9587 F1: 0.0000
Epoch 153: Time: 0.0077 Cost: 3.2981 Pre: 0.0000 Re: 0.0000 Acc: 0.9587 F1: 0.0000
Epoch 154: Time: 0.0073 Cost: 3.2922 Pre: 0.0000 Re: 0.0000 Acc: 0.9587 F1: 0.0000
Epoch 155: Time: 0.0073 Cost: 3.2862 Pre: 0.0000 Re: 0.0000 Acc: 0.9587 F1: 0.0000
Epoch 156: Time: 0.0076 Cost: 3.2801 Pre: 0.0000 Re: 0.0000 Acc: 0.9587 F1: 0.0000
Epoch 157: Time: 0.0073 Cost: 3.2740 Pre: 0.0000 Re: 0.0000 Acc: 0.9587 F1: 0.0000
Epoch 158: Time: 0.0073 Cost: 3.2678 Pre: 0.0000 Re: 0.0000 Acc: 0.9587 F1: 0.0000
Epoch 159: Time: 0.0081 Cost: 3.2614 Pre: 0.0000 Re: 0.0000 Acc: 0.9587 F1: 0.0000
Epoch 160: Time: 0.0078 Cost: 3.2550 Pre: 0.0000 Re: 0.0000 Acc: 0.9587 F1: 0.0000


--------------------------------------------------------------------
Eval results: Cost:2.7168 Pre:0.0000 Re:0.0000 Acc:0.9753 F1:0.0000
--------------------------------------------------------------------

Epoch 161: Time: 0.0077 Cost: 3.2485 Pre: 0.0000 Re: 0.0000 Acc: 0.9587 F1: 0.0000
Epoch 162: Time: 0.0074 Cost: 3.2419 Pre: 0.0000 Re: 0.0000 Acc: 0.9587 F1: 0.0000
Epoch 163: Time: 0.0073 Cost: 3.2351 Pre: 0.0000 Re: 0.0000 Acc: 0.9587 F1: 0.0000
Epoch 164: Time: 0.0075 Cost: 3.2282 Pre: 0.0000 Re: 0.0000 Acc: 0.9587 F1: 0.0000
Epoch 165: Time: 0.0074 Cost: 3.2213 Pre: 0.0000 Re: 0.0000 Acc: 0.9587 F1: 0.0000
Epoch 166: Time: 0.0073 Cost: 3.2141 Pre: 0.0000 Re: 0.0000 Acc: 0.9587 F1: 0.0000
Epoch 167: Time: 0.0075 Cost: 3.2069 Pre: 0.0000 Re: 0.0000 Acc: 0.9587 F1: 0.0000
Epoch 168: Time: 0.0075 Cost: 3.1995 Pre: 0.0000 Re: 0.0000 Acc: 0.9587 F1: 0.0000
Epoch 169: Time: 0.0073 Cost: 3.1920 Pre: 0.0000 Re: 0.0000 Acc: 0.9587 F1: 0.0000
Epoch 170: Time: 0.0073 Cost: 3.1843 Pre: 0.0000 Re: 0.0000 Acc: 0.9587 F1: 0.0000


--------------------------------------------------------------------
Eval results: Cost:2.6521 Pre:0.0000 Re:0.0000 Acc:0.9753 F1:0.0000
--------------------------------------------------------------------

Epoch 171: Time: 0.0074 Cost: 3.1765 Pre: 0.0000 Re: 0.0000 Acc: 0.9587 F1: 0.0000
Epoch 172: Time: 0.0073 Cost: 3.1685 Pre: 0.0000 Re: 0.0000 Acc: 0.9587 F1: 0.0000
Epoch 173: Time: 0.0076 Cost: 3.1603 Pre: 0.0000 Re: 0.0000 Acc: 0.9587 F1: 0.0000
Epoch 174: Time: 0.0077 Cost: 3.1519 Pre: 0.0000 Re: 0.0000 Acc: 0.9587 F1: 0.0000
Epoch 175: Time: 0.0078 Cost: 3.1433 Pre: 0.0000 Re: 0.0000 Acc: 0.9587 F1: 0.0000
Epoch 176: Time: 0.0077 Cost: 3.1346 Pre: 0.0000 Re: 0.0000 Acc: 0.9587 F1: 0.0000
Epoch 177: Time: 0.0074 Cost: 3.1256 Pre: 0.0000 Re: 0.0000 Acc: 0.9587 F1: 0.0000
Epoch 178: Time: 0.0073 Cost: 3.1163 Pre: 0.0000 Re: 0.0000 Acc: 0.9587 F1: 0.0000
Epoch 179: Time: 0.0077 Cost: 3.1069 Pre: 0.0000 Re: 0.0000 Acc: 0.9587 F1: 0.0000
Epoch 180: Time: 0.0074 Cost: 3.0972 Pre: 0.0000 Re: 0.0000 Acc: 0.9587 F1: 0.0000


--------------------------------------------------------------------
Eval results: Cost:2.5763 Pre:0.0000 Re:0.0000 Acc:0.9753 F1:0.0000
--------------------------------------------------------------------

Epoch 181: Time: 0.0078 Cost: 3.0872 Pre: 0.0000 Re: 0.0000 Acc: 0.9587 F1: 0.0000
Epoch 182: Time: 0.0074 Cost: 3.0769 Pre: 0.0000 Re: 0.0000 Acc: 0.9587 F1: 0.0000
Epoch 183: Time: 0.0077 Cost: 3.0663 Pre: 0.0000 Re: 0.0000 Acc: 0.9587 F1: 0.0000
Epoch 184: Time: 0.0075 Cost: 3.0554 Pre: 0.0000 Re: 0.0000 Acc: 0.9587 F1: 0.0000
Epoch 185: Time: 0.0074 Cost: 3.0442 Pre: 0.0000 Re: 0.0000 Acc: 0.9587 F1: 0.0000
Epoch 186: Time: 0.0074 Cost: 3.0326 Pre: 0.0000 Re: 0.0000 Acc: 0.9587 F1: 0.0000
Epoch 187: Time: 0.0075 Cost: 3.0206 Pre: 0.0000 Re: 0.0000 Acc: 0.9587 F1: 0.0000
Epoch 188: Time: 0.0075 Cost: 3.0083 Pre: 0.0000 Re: 0.0000 Acc: 0.9587 F1: 0.0000
Epoch 189: Time: 0.0073 Cost: 2.9956 Pre: 0.0000 Re: 0.0000 Acc: 0.9587 F1: 0.0000
Epoch 190: Time: 0.0074 Cost: 2.9824 Pre: 0.0000 Re: 0.0000 Acc: 0.9587 F1: 0.0000


--------------------------------------------------------------------
Eval results: Cost:2.4809 Pre:0.0000 Re:0.0000 Acc:0.9753 F1:0.0000
--------------------------------------------------------------------

Epoch 191: Time: 0.0074 Cost: 2.9688 Pre: 0.0000 Re: 0.0000 Acc: 0.9587 F1: 0.0000
Epoch 192: Time: 0.0073 Cost: 2.9546 Pre: 0.0000 Re: 0.0000 Acc: 0.9587 F1: 0.0000
Epoch 193: Time: 0.0077 Cost: 2.9400 Pre: 0.0000 Re: 0.0000 Acc: 0.9587 F1: 0.0000
Epoch 194: Time: 0.0073 Cost: 2.9247 Pre: 0.0000 Re: 0.0000 Acc: 0.9587 F1: 0.0000
Epoch 195: Time: 0.0073 Cost: 2.9090 Pre: 0.0000 Re: 0.0000 Acc: 0.9587 F1: 0.0000
Epoch 196: Time: 0.0076 Cost: 2.8926 Pre: 0.0000 Re: 0.0000 Acc: 0.9587 F1: 0.0000
Epoch 197: Time: 0.0081 Cost: 2.8756 Pre: 0.0000 Re: 0.0000 Acc: 0.9587 F1: 0.0000
Epoch 198: Time: 0.0075 Cost: 2.8581 Pre: 0.0000 Re: 0.0000 Acc: 0.9587 F1: 0.0000
Epoch 199: Time: 0.0109 Cost: 2.8398 Pre: 1.0000 Re: 0.1000 Acc: 0.9628 F1: 0.1818
Epoch 200: Time: 0.0075 Cost: 2.8209 Pre: 1.0000 Re: 0.1000 Acc: 0.9628 F1: 0.1818


--------------------------------------------------------------------
Eval results: Cost:2.3505 Pre:1.0000 Re:0.2500 Acc:0.9815 F1:0.4000
--------------------------------------------------------------------

Epoch 201: Time: 0.0076 Cost: 2.8013 Pre: 1.0000 Re: 0.1000 Acc: 0.9628 F1: 0.1818
Epoch 202: Time: 0.0073 Cost: 2.7809 Pre: 1.0000 Re: 0.1000 Acc: 0.9628 F1: 0.1818
Epoch 203: Time: 0.0074 Cost: 2.7596 Pre: 1.0000 Re: 0.1000 Acc: 0.9628 F1: 0.1818
Epoch 204: Time: 0.0076 Cost: 2.7375 Pre: 1.0000 Re: 0.1000 Acc: 0.9628 F1: 0.1818
Epoch 205: Time: 0.0073 Cost: 2.7146 Pre: 1.0000 Re: 0.1000 Acc: 0.9628 F1: 0.1818
Epoch 206: Time: 0.0073 Cost: 2.6909 Pre: 1.0000 Re: 0.1000 Acc: 0.9628 F1: 0.1818
Epoch 207: Time: 0.0077 Cost: 2.6662 Pre: 1.0000 Re: 0.1000 Acc: 0.9628 F1: 0.1818
Epoch 208: Time: 0.0073 Cost: 2.6407 Pre: 1.0000 Re: 0.1000 Acc: 0.9628 F1: 0.1818
Epoch 209: Time: 0.0073 Cost: 2.6143 Pre: 1.0000 Re: 0.1000 Acc: 0.9628 F1: 0.1818
Epoch 210: Time: 0.0076 Cost: 2.5868 Pre: 1.0000 Re: 0.1000 Acc: 0.9628 F1: 0.1818


--------------------------------------------------------------------
Eval results: Cost:2.1624 Pre:1.0000 Re:0.2500 Acc:0.9815 F1:0.4000
--------------------------------------------------------------------

Epoch 211: Time: 0.0076 Cost: 2.5584 Pre: 1.0000 Re: 0.1000 Acc: 0.9628 F1: 0.1818
Epoch 212: Time: 0.0075 Cost: 2.5287 Pre: 1.0000 Re: 0.1000 Acc: 0.9628 F1: 0.1818
Epoch 213: Time: 0.0074 Cost: 2.4978 Pre: 1.0000 Re: 0.1000 Acc: 0.9628 F1: 0.1818
Epoch 214: Time: 0.0073 Cost: 2.4657 Pre: 1.0000 Re: 0.1000 Acc: 0.9628 F1: 0.1818
Epoch 215: Time: 0.0073 Cost: 2.4324 Pre: 1.0000 Re: 0.1000 Acc: 0.9628 F1: 0.1818
Epoch 216: Time: 0.0074 Cost: 2.3978 Pre: 1.0000 Re: 0.1000 Acc: 0.9628 F1: 0.1818
Epoch 217: Time: 0.0073 Cost: 2.3620 Pre: 1.0000 Re: 0.1000 Acc: 0.9628 F1: 0.1818
Epoch 218: Time: 0.0076 Cost: 2.3247 Pre: 1.0000 Re: 0.1000 Acc: 0.9628 F1: 0.1818
Epoch 219: Time: 0.0083 Cost: 2.2861 Pre: 1.0000 Re: 0.1000 Acc: 0.9628 F1: 0.1818
Epoch 220: Time: 0.0083 Cost: 2.2460 Pre: 1.0000 Re: 0.1000 Acc: 0.9628 F1: 0.1818


--------------------------------------------------------------------
Eval results: Cost:1.8831 Pre:1.0000 Re:0.2500 Acc:0.9815 F1:0.4000
--------------------------------------------------------------------

Epoch 221: Time: 0.0077 Cost: 2.2045 Pre: 1.0000 Re: 0.1000 Acc: 0.9628 F1: 0.1818
Epoch 222: Time: 0.0074 Cost: 2.1612 Pre: 1.0000 Re: 0.2000 Acc: 0.9669 F1: 0.3333
Epoch 223: Time: 0.0074 Cost: 2.1161 Pre: 1.0000 Re: 0.2000 Acc: 0.9669 F1: 0.3333
Epoch 224: Time: 0.0076 Cost: 2.0694 Pre: 1.0000 Re: 0.2000 Acc: 0.9669 F1: 0.3333
Epoch 225: Time: 0.0076 Cost: 2.0211 Pre: 1.0000 Re: 0.2000 Acc: 0.9669 F1: 0.3333
Epoch 226: Time: 0.0073 Cost: 1.9712 Pre: 1.0000 Re: 0.2000 Acc: 0.9669 F1: 0.3333
Epoch 227: Time: 0.0075 Cost: 1.9198 Pre: 1.0000 Re: 0.2000 Acc: 0.9669 F1: 0.3333
Epoch 228: Time: 0.0074 Cost: 1.8669 Pre: 1.0000 Re: 0.2000 Acc: 0.9669 F1: 0.3333
Epoch 229: Time: 0.0073 Cost: 1.8126 Pre: 1.0000 Re: 0.3000 Acc: 0.9711 F1: 0.4615
Epoch 230: Time: 0.0077 Cost: 1.7570 Pre: 1.0000 Re: 0.3000 Acc: 0.9711 F1: 0.4615


--------------------------------------------------------------------
Eval results: Cost:1.4662 Pre:1.0000 Re:0.2500 Acc:0.9815 F1:0.4000
--------------------------------------------------------------------

Epoch 231: Time: 0.0074 Cost: 1.7002 Pre: 1.0000 Re: 0.4000 Acc: 0.9752 F1: 0.5714
Epoch 232: Time: 0.0075 Cost: 1.6422 Pre: 1.0000 Re: 0.4000 Acc: 0.9752 F1: 0.5714
Epoch 233: Time: 0.0073 Cost: 1.5830 Pre: 1.0000 Re: 0.4000 Acc: 0.9752 F1: 0.5714
Epoch 234: Time: 0.0073 Cost: 1.5231 Pre: 1.0000 Re: 0.5000 Acc: 0.9793 F1: 0.6667
Epoch 235: Time: 0.0078 Cost: 1.4628 Pre: 1.0000 Re: 0.6000 Acc: 0.9835 F1: 0.7500
Epoch 236: Time: 0.0074 Cost: 1.4023 Pre: 1.0000 Re: 0.7000 Acc: 0.9876 F1: 0.8235
Epoch 237: Time: 0.0073 Cost: 1.3419 Pre: 1.0000 Re: 0.9000 Acc: 0.9959 F1: 0.9474
Epoch 238: Time: 0.0077 Cost: 1.2819 Pre: 1.0000 Re: 1.0000 Acc: 1.0000 F1: 1.0000
Epoch 239: Time: 0.0074 Cost: 1.2226 Pre: 1.0000 Re: 1.0000 Acc: 1.0000 F1: 1.0000
Epoch 240: Time: 0.0078 Cost: 1.1644 Pre: 1.0000 Re: 1.0000 Acc: 1.0000 F1: 1.0000


--------------------------------------------------------------------
Eval results: Cost:0.9490 Pre:1.0000 Re:1.0000 Acc:1.0000 F1:1.0000
--------------------------------------------------------------------

Epoch 241: Time: 0.0077 Cost: 1.1075 Pre: 1.0000 Re: 1.0000 Acc: 1.0000 F1: 1.0000
Epoch 242: Time: 0.0073 Cost: 1.0519 Pre: 1.0000 Re: 1.0000 Acc: 1.0000 F1: 1.0000
Epoch 243: Time: 0.0077 Cost: 0.9981 Pre: 1.0000 Re: 1.0000 Acc: 1.0000 F1: 1.0000
Epoch 244: Time: 0.0077 Cost: 0.9464 Pre: 1.0000 Re: 1.0000 Acc: 1.0000 F1: 1.0000
Epoch 245: Time: 0.0073 Cost: 0.8970 Pre: 1.0000 Re: 1.0000 Acc: 1.0000 F1: 1.0000
Epoch 246: Time: 0.0073 Cost: 0.8500 Pre: 1.0000 Re: 1.0000 Acc: 1.0000 F1: 1.0000
Epoch 247: Time: 0.0080 Cost: 0.8058 Pre: 1.0000 Re: 1.0000 Acc: 1.0000 F1: 1.0000
Epoch 248: Time: 0.0075 Cost: 0.7642 Pre: 1.0000 Re: 1.0000 Acc: 1.0000 F1: 1.0000
Epoch 249: Time: 0.0073 Cost: 0.7254 Pre: 1.0000 Re: 1.0000 Acc: 1.0000 F1: 1.0000
Epoch 250: Time: 0.0076 Cost: 0.6893 Pre: 1.0000 Re: 1.0000 Acc: 1.0000 F1: 1.0000


--------------------------------------------------------------------
Eval results: Cost:0.5420 Pre:1.0000 Re:1.0000 Acc:1.0000 F1:1.0000
--------------------------------------------------------------------

Epoch 251: Time: 0.0073 Cost: 0.6559 Pre: 1.0000 Re: 1.0000 Acc: 1.0000 F1: 1.0000
Epoch 252: Time: 0.0076 Cost: 0.6249 Pre: 1.0000 Re: 1.0000 Acc: 1.0000 F1: 1.0000
Epoch 253: Time: 0.0074 Cost: 0.5964 Pre: 1.0000 Re: 1.0000 Acc: 1.0000 F1: 1.0000
Epoch 254: Time: 0.0073 Cost: 0.5700 Pre: 1.0000 Re: 1.0000 Acc: 1.0000 F1: 1.0000
Epoch 255: Time: 0.0079 Cost: 0.5457 Pre: 1.0000 Re: 1.0000 Acc: 1.0000 F1: 1.0000
Epoch 256: Time: 0.0079 Cost: 0.5233 Pre: 1.0000 Re: 1.0000 Acc: 1.0000 F1: 1.0000
Epoch 257: Time: 0.0073 Cost: 0.5026 Pre: 1.0000 Re: 1.0000 Acc: 1.0000 F1: 1.0000
Epoch 258: Time: 0.0075 Cost: 0.4835 Pre: 1.0000 Re: 1.0000 Acc: 1.0000 F1: 1.0000
Epoch 259: Time: 0.0075 Cost: 0.4659 Pre: 1.0000 Re: 1.0000 Acc: 1.0000 F1: 1.0000
Epoch 260: Time: 0.0073 Cost: 0.4496 Pre: 1.0000 Re: 1.0000 Acc: 1.0000 F1: 1.0000


--------------------------------------------------------------------
Eval results: Cost:0.3409 Pre:1.0000 Re:1.0000 Acc:1.0000 F1:1.0000
--------------------------------------------------------------------

Epoch 261: Time: 0.0075 Cost: 0.4345 Pre: 1.0000 Re: 1.0000 Acc: 1.0000 F1: 1.0000
Epoch 262: Time: 0.0073 Cost: 0.4205 Pre: 1.0000 Re: 1.0000 Acc: 1.0000 F1: 1.0000
Epoch 263: Time: 0.0072 Cost: 0.4074 Pre: 1.0000 Re: 1.0000 Acc: 1.0000 F1: 1.0000
Epoch 264: Time: 0.0077 Cost: 0.3952 Pre: 1.0000 Re: 1.0000 Acc: 1.0000 F1: 1.0000
Epoch 265: Time: 0.0076 Cost: 0.3838 Pre: 1.0000 Re: 1.0000 Acc: 1.0000 F1: 1.0000
Epoch 266: Time: 0.0073 Cost: 0.3731 Pre: 1.0000 Re: 1.0000 Acc: 1.0000 F1: 1.0000
Epoch 267: Time: 0.0095 Cost: 0.3631 Pre: 1.0000 Re: 1.0000 Acc: 1.0000 F1: 1.0000
Epoch 268: Time: 0.0093 Cost: 0.3536 Pre: 1.0000 Re: 1.0000 Acc: 1.0000 F1: 1.0000
Epoch 269: Time: 0.0078 Cost: 0.3447 Pre: 1.0000 Re: 1.0000 Acc: 1.0000 F1: 1.0000
Epoch 270: Time: 0.0076 Cost: 0.3363 Pre: 1.0000 Re: 1.0000 Acc: 1.0000 F1: 1.0000


--------------------------------------------------------------------
Eval results: Cost:0.2462 Pre:1.0000 Re:1.0000 Acc:1.0000 F1:1.0000
--------------------------------------------------------------------

Epoch 271: Time: 0.0082 Cost: 0.3283 Pre: 1.0000 Re: 1.0000 Acc: 1.0000 F1: 1.0000
Epoch 272: Time: 0.0075 Cost: 0.3208 Pre: 1.0000 Re: 1.0000 Acc: 1.0000 F1: 1.0000
Epoch 273: Time: 0.0073 Cost: 0.3137 Pre: 1.0000 Re: 1.0000 Acc: 1.0000 F1: 1.0000
Epoch 274: Time: 0.0074 Cost: 0.3069 Pre: 1.0000 Re: 1.0000 Acc: 1.0000 F1: 1.0000
Epoch 275: Time: 0.0076 Cost: 0.3004 Pre: 1.0000 Re: 1.0000 Acc: 1.0000 F1: 1.0000
Epoch 276: Time: 0.0073 Cost: 0.2942 Pre: 1.0000 Re: 1.0000 Acc: 1.0000 F1: 1.0000
Epoch 277: Time: 0.0077 Cost: 0.2883 Pre: 1.0000 Re: 1.0000 Acc: 1.0000 F1: 1.0000
Epoch 278: Time: 0.0079 Cost: 0.2827 Pre: 1.0000 Re: 1.0000 Acc: 1.0000 F1: 1.0000
Epoch 279: Time: 0.0074 Cost: 0.2772 Pre: 1.0000 Re: 1.0000 Acc: 1.0000 F1: 1.0000
Epoch 280: Time: 0.0073 Cost: 0.2721 Pre: 1.0000 Re: 1.0000 Acc: 1.0000 F1: 1.0000


--------------------------------------------------------------------
Eval results: Cost:0.1932 Pre:1.0000 Re:1.0000 Acc:1.0000 F1:1.0000
--------------------------------------------------------------------

Epoch 281: Time: 0.0074 Cost: 0.2671 Pre: 1.0000 Re: 1.0000 Acc: 1.0000 F1: 1.0000
Epoch 282: Time: 0.0082 Cost: 0.2623 Pre: 1.0000 Re: 1.0000 Acc: 1.0000 F1: 1.0000
Epoch 283: Time: 0.0077 Cost: 0.2577 Pre: 1.0000 Re: 1.0000 Acc: 1.0000 F1: 1.0000
Epoch 284: Time: 0.0075 Cost: 0.2533 Pre: 1.0000 Re: 1.0000 Acc: 1.0000 F1: 1.0000
Epoch 285: Time: 0.0076 Cost: 0.2490 Pre: 1.0000 Re: 1.0000 Acc: 1.0000 F1: 1.0000
Epoch 286: Time: 0.0077 Cost: 0.2449 Pre: 1.0000 Re: 1.0000 Acc: 1.0000 F1: 1.0000
Epoch 287: Time: 0.0088 Cost: 0.2409 Pre: 1.0000 Re: 1.0000 Acc: 1.0000 F1: 1.0000
Epoch 288: Time: 0.0074 Cost: 0.2371 Pre: 1.0000 Re: 1.0000 Acc: 1.0000 F1: 1.0000
Epoch 289: Time: 0.0076 Cost: 0.2333 Pre: 1.0000 Re: 1.0000 Acc: 1.0000 F1: 1.0000
Epoch 290: Time: 0.0073 Cost: 0.2297 Pre: 1.0000 Re: 1.0000 Acc: 1.0000 F1: 1.0000


--------------------------------------------------------------------
Eval results: Cost:0.1594 Pre:1.0000 Re:1.0000 Acc:1.0000 F1:1.0000
--------------------------------------------------------------------

Epoch 291: Time: 0.0077 Cost: 0.2262 Pre: 1.0000 Re: 1.0000 Acc: 1.0000 F1: 1.0000
Epoch 292: Time: 0.0074 Cost: 0.2228 Pre: 1.0000 Re: 1.0000 Acc: 1.0000 F1: 1.0000
Epoch 293: Time: 0.0073 Cost: 0.2194 Pre: 1.0000 Re: 1.0000 Acc: 1.0000 F1: 1.0000
Epoch 294: Time: 0.0088 Cost: 0.2162 Pre: 1.0000 Re: 1.0000 Acc: 1.0000 F1: 1.0000
Epoch 295: Time: 0.0075 Cost: 0.2131 Pre: 1.0000 Re: 1.0000 Acc: 1.0000 F1: 1.0000
Epoch 296: Time: 0.0073 Cost: 0.2100 Pre: 1.0000 Re: 1.0000 Acc: 1.0000 F1: 1.0000
Epoch 297: Time: 0.0075 Cost: 0.2070 Pre: 1.0000 Re: 1.0000 Acc: 1.0000 F1: 1.0000
Epoch 298: Time: 0.0074 Cost: 0.2041 Pre: 1.0000 Re: 1.0000 Acc: 1.0000 F1: 1.0000
Epoch 299: Time: 0.0077 Cost: 0.2013 Pre: 1.0000 Re: 1.0000 Acc: 1.0000 F1: 1.0000
Epoch 300: Time: 0.0077 Cost: 0.1985 Pre: 1.0000 Re: 1.0000 Acc: 1.0000 F1: 1.0000


--------------------------------------------------------------------
Eval results: Cost:0.1356 Pre:1.0000 Re:1.0000 Acc:1.0000 F1:1.0000
--------------------------------------------------------------------

Epoch 301: Time: 0.0074 Cost: 0.1958 Pre: 1.0000 Re: 1.0000 Acc: 1.0000 F1: 1.0000
Epoch 302: Time: 0.0073 Cost: 0.1931 Pre: 1.0000 Re: 1.0000 Acc: 1.0000 F1: 1.0000
Epoch 303: Time: 0.0077 Cost: 0.1905 Pre: 1.0000 Re: 1.0000 Acc: 1.0000 F1: 1.0000
Epoch 304: Time: 0.0073 Cost: 0.1880 Pre: 1.0000 Re: 1.0000 Acc: 1.0000 F1: 1.0000
Epoch 305: Time: 0.0073 Cost: 0.1855 Pre: 1.0000 Re: 1.0000 Acc: 1.0000 F1: 1.0000
Epoch 306: Time: 0.0076 Cost: 0.1830 Pre: 1.0000 Re: 1.0000 Acc: 1.0000 F1: 1.0000
Epoch 307: Time: 0.0074 Cost: 0.1806 Pre: 1.0000 Re: 1.0000 Acc: 1.0000 F1: 1.0000
Epoch 308: Time: 0.0073 Cost: 0.1783 Pre: 1.0000 Re: 1.0000 Acc: 1.0000 F1: 1.0000
Epoch 309: Time: 0.0077 Cost: 0.1759 Pre: 1.0000 Re: 1.0000 Acc: 1.0000 F1: 1.0000
Epoch 310: Time: 0.0073 Cost: 0.1737 Pre: 1.0000 Re: 1.0000 Acc: 1.0000 F1: 1.0000


--------------------------------------------------------------------
Eval results: Cost:0.1173 Pre:1.0000 Re:1.0000 Acc:1.0000 F1:1.0000
--------------------------------------------------------------------

Epoch 311: Time: 0.0076 Cost: 0.1714 Pre: 1.0000 Re: 1.0000 Acc: 1.0000 F1: 1.0000
Epoch 312: Time: 0.0074 Cost: 0.1692 Pre: 1.0000 Re: 1.0000 Acc: 1.0000 F1: 1.0000
Epoch 313: Time: 0.0073 Cost: 0.1671 Pre: 1.0000 Re: 1.0000 Acc: 1.0000 F1: 1.0000
Epoch 314: Time: 0.0082 Cost: 0.1649 Pre: 1.0000 Re: 1.0000 Acc: 1.0000 F1: 1.0000
Epoch 315: Time: 0.0078 Cost: 0.1629 Pre: 1.0000 Re: 1.0000 Acc: 1.0000 F1: 1.0000
Epoch 316: Time: 0.0078 Cost: 0.1608 Pre: 1.0000 Re: 1.0000 Acc: 1.0000 F1: 1.0000
Epoch 317: Time: 0.0077 Cost: 0.1588 Pre: 1.0000 Re: 1.0000 Acc: 1.0000 F1: 1.0000
Epoch 318: Time: 0.0074 Cost: 0.1568 Pre: 1.0000 Re: 1.0000 Acc: 1.0000 F1: 1.0000
Epoch 319: Time: 0.0073 Cost: 0.1548 Pre: 1.0000 Re: 1.0000 Acc: 1.0000 F1: 1.0000
Epoch 320: Time: 0.0075 Cost: 0.1529 Pre: 1.0000 Re: 1.0000 Acc: 1.0000 F1: 1.0000


--------------------------------------------------------------------
Eval results: Cost:0.1024 Pre:1.0000 Re:1.0000 Acc:1.0000 F1:1.0000
--------------------------------------------------------------------

Epoch 321: Time: 0.0076 Cost: 0.1510 Pre: 1.0000 Re: 1.0000 Acc: 1.0000 F1: 1.0000
Epoch 322: Time: 0.0073 Cost: 0.1491 Pre: 1.0000 Re: 1.0000 Acc: 1.0000 F1: 1.0000
Epoch 323: Time: 0.0075 Cost: 0.1473 Pre: 1.0000 Re: 1.0000 Acc: 1.0000 F1: 1.0000
Epoch 324: Time: 0.0073 Cost: 0.1455 Pre: 1.0000 Re: 1.0000 Acc: 1.0000 F1: 1.0000
Epoch 325: Time: 0.0073 Cost: 0.1437 Pre: 1.0000 Re: 1.0000 Acc: 1.0000 F1: 1.0000
Epoch 326: Time: 0.0077 Cost: 0.1420 Pre: 1.0000 Re: 1.0000 Acc: 1.0000 F1: 1.0000
Epoch 327: Time: 0.0073 Cost: 0.1402 Pre: 1.0000 Re: 1.0000 Acc: 1.0000 F1: 1.0000
Epoch 328: Time: 0.0073 Cost: 0.1385 Pre: 1.0000 Re: 1.0000 Acc: 1.0000 F1: 1.0000
Epoch 329: Time: 0.0076 Cost: 0.1368 Pre: 1.0000 Re: 1.0000 Acc: 1.0000 F1: 1.0000
Epoch 330: Time: 0.0075 Cost: 0.1352 Pre: 1.0000 Re: 1.0000 Acc: 1.0000 F1: 1.0000


--------------------------------------------------------------------
Eval results: Cost:0.0900 Pre:1.0000 Re:1.0000 Acc:1.0000 F1:1.0000
--------------------------------------------------------------------

Epoch 331: Time: 0.0077 Cost: 0.1335 Pre: 1.0000 Re: 1.0000 Acc: 1.0000 F1: 1.0000
Epoch 332: Time: 0.0073 Cost: 0.1319 Pre: 1.0000 Re: 1.0000 Acc: 1.0000 F1: 1.0000
Epoch 333: Time: 0.0073 Cost: 0.1303 Pre: 1.0000 Re: 1.0000 Acc: 1.0000 F1: 1.0000
Epoch 334: Time: 0.0076 Cost: 0.1288 Pre: 1.0000 Re: 1.0000 Acc: 1.0000 F1: 1.0000
Epoch 335: Time: 0.0074 Cost: 0.1272 Pre: 1.0000 Re: 1.0000 Acc: 1.0000 F1: 1.0000
Epoch 336: Time: 0.0080 Cost: 0.1257 Pre: 1.0000 Re: 1.0000 Acc: 1.0000 F1: 1.0000
Epoch 337: Time: 0.0077 Cost: 0.1242 Pre: 1.0000 Re: 1.0000 Acc: 1.0000 F1: 1.0000
Epoch 338: Time: 0.0084 Cost: 0.1227 Pre: 1.0000 Re: 1.0000 Acc: 1.0000 F1: 1.0000
Epoch 339: Time: 0.0075 Cost: 0.1213 Pre: 1.0000 Re: 1.0000 Acc: 1.0000 F1: 1.0000
Epoch 340: Time: 0.0077 Cost: 0.1198 Pre: 1.0000 Re: 1.0000 Acc: 1.0000 F1: 1.0000


--------------------------------------------------------------------
Eval results: Cost:0.0794 Pre:1.0000 Re:1.0000 Acc:1.0000 F1:1.0000
--------------------------------------------------------------------

Epoch 341: Time: 0.0076 Cost: 0.1184 Pre: 1.0000 Re: 1.0000 Acc: 1.0000 F1: 1.0000
Epoch 342: Time: 0.0076 Cost: 0.1170 Pre: 1.0000 Re: 1.0000 Acc: 1.0000 F1: 1.0000
Epoch 343: Time: 0.0076 Cost: 0.1156 Pre: 1.0000 Re: 1.0000 Acc: 1.0000 F1: 1.0000
Epoch 344: Time: 0.0074 Cost: 0.1142 Pre: 1.0000 Re: 1.0000 Acc: 1.0000 F1: 1.0000
Epoch 345: Time: 0.0073 Cost: 0.1129 Pre: 1.0000 Re: 1.0000 Acc: 1.0000 F1: 1.0000
Epoch 346: Time: 0.0077 Cost: 0.1116 Pre: 1.0000 Re: 1.0000 Acc: 1.0000 F1: 1.0000
Epoch 347: Time: 0.0074 Cost: 0.1103 Pre: 1.0000 Re: 1.0000 Acc: 1.0000 F1: 1.0000
Epoch 348: Time: 0.0073 Cost: 0.1090 Pre: 1.0000 Re: 1.0000 Acc: 1.0000 F1: 1.0000
Epoch 349: Time: 0.0076 Cost: 0.1077 Pre: 1.0000 Re: 1.0000 Acc: 1.0000 F1: 1.0000
Epoch 350: Time: 0.0076 Cost: 0.1064 Pre: 1.0000 Re: 1.0000 Acc: 1.0000 F1: 1.0000


--------------------------------------------------------------------
Eval results: Cost:0.0703 Pre:1.0000 Re:1.0000 Acc:1.0000 F1:1.0000
--------------------------------------------------------------------

Epoch 351: Time: 0.0085 Cost: 0.1052 Pre: 1.0000 Re: 1.0000 Acc: 1.0000 F1: 1.0000
Epoch 352: Time: 0.0079 Cost: 0.1040 Pre: 1.0000 Re: 1.0000 Acc: 1.0000 F1: 1.0000
Epoch 353: Time: 0.0073 Cost: 0.1027 Pre: 1.0000 Re: 1.0000 Acc: 1.0000 F1: 1.0000
Epoch 354: Time: 0.0077 Cost: 0.1016 Pre: 1.0000 Re: 1.0000 Acc: 1.0000 F1: 1.0000
Epoch 355: Time: 0.0079 Cost: 0.1004 Pre: 1.0000 Re: 1.0000 Acc: 1.0000 F1: 1.0000
Epoch 356: Time: 0.0074 Cost: 0.0992 Pre: 1.0000 Re: 1.0000 Acc: 1.0000 F1: 1.0000
Epoch 357: Time: 0.0076 Cost: 0.0981 Pre: 1.0000 Re: 1.0000 Acc: 1.0000 F1: 1.0000
Epoch 358: Time: 0.0073 Cost: 0.0969 Pre: 1.0000 Re: 1.0000 Acc: 1.0000 F1: 1.0000
Epoch 359: Time: 0.0073 Cost: 0.0958 Pre: 1.0000 Re: 1.0000 Acc: 1.0000 F1: 1.0000
Epoch 360: Time: 0.0077 Cost: 0.0947 Pre: 1.0000 Re: 1.0000 Acc: 1.0000 F1: 1.0000


--------------------------------------------------------------------
Eval results: Cost:0.0624 Pre:1.0000 Re:1.0000 Acc:1.0000 F1:1.0000
--------------------------------------------------------------------

Epoch 361: Time: 0.0074 Cost: 0.0936 Pre: 1.0000 Re: 1.0000 Acc: 1.0000 F1: 1.0000
Epoch 362: Time: 0.0076 Cost: 0.0926 Pre: 1.0000 Re: 1.0000 Acc: 1.0000 F1: 1.0000
Epoch 363: Time: 0.0073 Cost: 0.0915 Pre: 1.0000 Re: 1.0000 Acc: 1.0000 F1: 1.0000
Epoch 364: Time: 0.0076 Cost: 0.0905 Pre: 1.0000 Re: 1.0000 Acc: 1.0000 F1: 1.0000
Epoch 365: Time: 0.0075 Cost: 0.0894 Pre: 1.0000 Re: 1.0000 Acc: 1.0000 F1: 1.0000
Epoch 366: Time: 0.0077 Cost: 0.0884 Pre: 1.0000 Re: 1.0000 Acc: 1.0000 F1: 1.0000
Epoch 367: Time: 0.0073 Cost: 0.0874 Pre: 1.0000 Re: 1.0000 Acc: 1.0000 F1: 1.0000
Epoch 368: Time: 0.0073 Cost: 0.0864 Pre: 1.0000 Re: 1.0000 Acc: 1.0000 F1: 1.0000
Epoch 369: Time: 0.0077 Cost: 0.0854 Pre: 1.0000 Re: 1.0000 Acc: 1.0000 F1: 1.0000
Epoch 370: Time: 0.0073 Cost: 0.0845 Pre: 1.0000 Re: 1.0000 Acc: 1.0000 F1: 1.0000


--------------------------------------------------------------------
Eval results: Cost:0.0555 Pre:1.0000 Re:1.0000 Acc:1.0000 F1:1.0000
--------------------------------------------------------------------

Epoch 371: Time: 0.0080 Cost: 0.0835 Pre: 1.0000 Re: 1.0000 Acc: 1.0000 F1: 1.0000
Epoch 372: Time: 0.0074 Cost: 0.0826 Pre: 1.0000 Re: 1.0000 Acc: 1.0000 F1: 1.0000
Epoch 373: Time: 0.0073 Cost: 0.0817 Pre: 1.0000 Re: 1.0000 Acc: 1.0000 F1: 1.0000
Epoch 374: Time: 0.0079 Cost: 0.0807 Pre: 1.0000 Re: 1.0000 Acc: 1.0000 F1: 1.0000
Epoch 375: Time: 0.0073 Cost: 0.0798 Pre: 1.0000 Re: 1.0000 Acc: 1.0000 F1: 1.0000
Epoch 376: Time: 0.0074 Cost: 0.0789 Pre: 1.0000 Re: 1.0000 Acc: 1.0000 F1: 1.0000
Epoch 377: Time: 0.0078 Cost: 0.0781 Pre: 1.0000 Re: 1.0000 Acc: 1.0000 F1: 1.0000
Epoch 378: Time: 0.0079 Cost: 0.0772 Pre: 1.0000 Re: 1.0000 Acc: 1.0000 F1: 1.0000
Epoch 379: Time: 0.0084 Cost: 0.0763 Pre: 1.0000 Re: 1.0000 Acc: 1.0000 F1: 1.0000
Epoch 380: Time: 0.0081 Cost: 0.0755 Pre: 1.0000 Re: 1.0000 Acc: 1.0000 F1: 1.0000


--------------------------------------------------------------------
Eval results: Cost:0.0495 Pre:1.0000 Re:1.0000 Acc:1.0000 F1:1.0000
--------------------------------------------------------------------

Epoch 381: Time: 0.0078 Cost: 0.0747 Pre: 1.0000 Re: 1.0000 Acc: 1.0000 F1: 1.0000
Epoch 382: Time: 0.0103 Cost: 0.0738 Pre: 1.0000 Re: 1.0000 Acc: 1.0000 F1: 1.0000
Epoch 383: Time: 0.0076 Cost: 0.0730 Pre: 1.0000 Re: 1.0000 Acc: 1.0000 F1: 1.0000
Epoch 384: Time: 0.0082 Cost: 0.0722 Pre: 1.0000 Re: 1.0000 Acc: 1.0000 F1: 1.0000
Epoch 385: Time: 0.0081 Cost: 0.0714 Pre: 1.0000 Re: 1.0000 Acc: 1.0000 F1: 1.0000
Epoch 386: Time: 0.0103 Cost: 0.0707 Pre: 1.0000 Re: 1.0000 Acc: 1.0000 F1: 1.0000
Epoch 387: Time: 0.0114 Cost: 0.0699 Pre: 1.0000 Re: 1.0000 Acc: 1.0000 F1: 1.0000
Epoch 388: Time: 0.0087 Cost: 0.0691 Pre: 1.0000 Re: 1.0000 Acc: 1.0000 F1: 1.0000
Epoch 389: Time: 0.0079 Cost: 0.0684 Pre: 1.0000 Re: 1.0000 Acc: 1.0000 F1: 1.0000
Epoch 390: Time: 0.0084 Cost: 0.0676 Pre: 1.0000 Re: 1.0000 Acc: 1.0000 F1: 1.0000


--------------------------------------------------------------------
Eval results: Cost:0.0443 Pre:1.0000 Re:1.0000 Acc:1.0000 F1:1.0000
--------------------------------------------------------------------

Epoch 391: Time: 0.0080 Cost: 0.0669 Pre: 1.0000 Re: 1.0000 Acc: 1.0000 F1: 1.0000
Epoch 392: Time: 0.0073 Cost: 0.0662 Pre: 1.0000 Re: 1.0000 Acc: 1.0000 F1: 1.0000
Epoch 393: Time: 0.0075 Cost: 0.0655 Pre: 1.0000 Re: 1.0000 Acc: 1.0000 F1: 1.0000
Epoch 394: Time: 0.0075 Cost: 0.0648 Pre: 1.0000 Re: 1.0000 Acc: 1.0000 F1: 1.0000
Epoch 395: Time: 0.0074 Cost: 0.0641 Pre: 1.0000 Re: 1.0000 Acc: 1.0000 F1: 1.0000
Epoch 396: Time: 0.0074 Cost: 0.0634 Pre: 1.0000 Re: 1.0000 Acc: 1.0000 F1: 1.0000
Epoch 397: Time: 0.0073 Cost: 0.0627 Pre: 1.0000 Re: 1.0000 Acc: 1.0000 F1: 1.0000
Epoch 398: Time: 0.0079 Cost: 0.0621 Pre: 1.0000 Re: 1.0000 Acc: 1.0000 F1: 1.0000
Epoch 399: Time: 0.0075 Cost: 0.0614 Pre: 1.0000 Re: 1.0000 Acc: 1.0000 F1: 1.0000
Epoch 400: Time: 0.0076 Cost: 0.0608 Pre: 1.0000 Re: 1.0000 Acc: 1.0000 F1: 1.0000


--------------------------------------------------------------------
Eval results: Cost:0.0398 Pre:1.0000 Re:1.0000 Acc:1.0000 F1:1.0000
--------------------------------------------------------------------

Epoch 401: Time: 0.0075 Cost: 0.0601 Pre: 1.0000 Re: 1.0000 Acc: 1.0000 F1: 1.0000
Epoch 402: Time: 0.0073 Cost: 0.0595 Pre: 1.0000 Re: 1.0000 Acc: 1.0000 F1: 1.0000
Epoch 403: Time: 0.0078 Cost: 0.0589 Pre: 1.0000 Re: 1.0000 Acc: 1.0000 F1: 1.0000
Epoch 404: Time: 0.0073 Cost: 0.0582 Pre: 1.0000 Re: 1.0000 Acc: 1.0000 F1: 1.0000
Epoch 405: Time: 0.0073 Cost: 0.0576 Pre: 1.0000 Re: 1.0000 Acc: 1.0000 F1: 1.0000
Epoch 406: Time: 0.0075 Cost: 0.0570 Pre: 1.0000 Re: 1.0000 Acc: 1.0000 F1: 1.0000
Epoch 407: Time: 0.0073 Cost: 0.0564 Pre: 1.0000 Re: 1.0000 Acc: 1.0000 F1: 1.0000
Epoch 408: Time: 0.0073 Cost: 0.0559 Pre: 1.0000 Re: 1.0000 Acc: 1.0000 F1: 1.0000
Epoch 409: Time: 0.0077 Cost: 0.0553 Pre: 1.0000 Re: 1.0000 Acc: 1.0000 F1: 1.0000
Epoch 410: Time: 0.0074 Cost: 0.0547 Pre: 1.0000 Re: 1.0000 Acc: 1.0000 F1: 1.0000


--------------------------------------------------------------------
Eval results: Cost:0.0358 Pre:1.0000 Re:1.0000 Acc:1.0000 F1:1.0000
--------------------------------------------------------------------

Epoch 411: Time: 0.0076 Cost: 0.0542 Pre: 1.0000 Re: 1.0000 Acc: 1.0000 F1: 1.0000
Epoch 412: Time: 0.0074 Cost: 0.0536 Pre: 1.0000 Re: 1.0000 Acc: 1.0000 F1: 1.0000
Epoch 413: Time: 0.0076 Cost: 0.0531 Pre: 1.0000 Re: 1.0000 Acc: 1.0000 F1: 1.0000
Epoch 414: Time: 0.0076 Cost: 0.0525 Pre: 1.0000 Re: 1.0000 Acc: 1.0000 F1: 1.0000
Epoch 415: Time: 0.0077 Cost: 0.0520 Pre: 1.0000 Re: 1.0000 Acc: 1.0000 F1: 1.0000
Epoch 416: Time: 0.0074 Cost: 0.0515 Pre: 1.0000 Re: 1.0000 Acc: 1.0000 F1: 1.0000
Epoch 417: Time: 0.0073 Cost: 0.0510 Pre: 1.0000 Re: 1.0000 Acc: 1.0000 F1: 1.0000
Epoch 418: Time: 0.0075 Cost: 0.0504 Pre: 1.0000 Re: 1.0000 Acc: 1.0000 F1: 1.0000
Epoch 419: Time: 0.0073 Cost: 0.0499 Pre: 1.0000 Re: 1.0000 Acc: 1.0000 F1: 1.0000
Epoch 420: Time: 0.0073 Cost: 0.0494 Pre: 1.0000 Re: 1.0000 Acc: 1.0000 F1: 1.0000


--------------------------------------------------------------------
Eval results: Cost:0.0323 Pre:1.0000 Re:1.0000 Acc:1.0000 F1:1.0000
--------------------------------------------------------------------

Epoch 421: Time: 0.0076 Cost: 0.0489 Pre: 1.0000 Re: 1.0000 Acc: 1.0000 F1: 1.0000
Epoch 422: Time: 0.0074 Cost: 0.0485 Pre: 1.0000 Re: 1.0000 Acc: 1.0000 F1: 1.0000
Epoch 423: Time: 0.0076 Cost: 0.0480 Pre: 1.0000 Re: 1.0000 Acc: 1.0000 F1: 1.0000
Epoch 424: Time: 0.0073 Cost: 0.0475 Pre: 1.0000 Re: 1.0000 Acc: 1.0000 F1: 1.0000
Epoch 425: Time: 0.0073 Cost: 0.0470 Pre: 1.0000 Re: 1.0000 Acc: 1.0000 F1: 1.0000
Epoch 426: Time: 0.0076 Cost: 0.0466 Pre: 1.0000 Re: 1.0000 Acc: 1.0000 F1: 1.0000
Epoch 427: Time: 0.0073 Cost: 0.0461 Pre: 1.0000 Re: 1.0000 Acc: 1.0000 F1: 1.0000
Epoch 428: Time: 0.0073 Cost: 0.0457 Pre: 1.0000 Re: 1.0000 Acc: 1.0000 F1: 1.0000
Epoch 429: Time: 0.0078 Cost: 0.0452 Pre: 1.0000 Re: 1.0000 Acc: 1.0000 F1: 1.0000
Epoch 430: Time: 0.0074 Cost: 0.0448 Pre: 1.0000 Re: 1.0000 Acc: 1.0000 F1: 1.0000


--------------------------------------------------------------------
Eval results: Cost:0.0293 Pre:1.0000 Re:1.0000 Acc:1.0000 F1:1.0000
--------------------------------------------------------------------

Epoch 431: Time: 0.0079 Cost: 0.0444 Pre: 1.0000 Re: 1.0000 Acc: 1.0000 F1: 1.0000
Epoch 432: Time: 0.0077 Cost: 0.0440 Pre: 1.0000 Re: 1.0000 Acc: 1.0000 F1: 1.0000
Epoch 433: Time: 0.0073 Cost: 0.0435 Pre: 1.0000 Re: 1.0000 Acc: 1.0000 F1: 1.0000
Epoch 434: Time: 0.0075 Cost: 0.0431 Pre: 1.0000 Re: 1.0000 Acc: 1.0000 F1: 1.0000
Epoch 435: Time: 0.0075 Cost: 0.0427 Pre: 1.0000 Re: 1.0000 Acc: 1.0000 F1: 1.0000
Epoch 436: Time: 0.0073 Cost: 0.0423 Pre: 1.0000 Re: 1.0000 Acc: 1.0000 F1: 1.0000
Epoch 437: Time: 0.0073 Cost: 0.0419 Pre: 1.0000 Re: 1.0000 Acc: 1.0000 F1: 1.0000
Epoch 438: Time: 0.0076 Cost: 0.0415 Pre: 1.0000 Re: 1.0000 Acc: 1.0000 F1: 1.0000
Epoch 439: Time: 0.0074 Cost: 0.0411 Pre: 1.0000 Re: 1.0000 Acc: 1.0000 F1: 1.0000
Epoch 440: Time: 0.0073 Cost: 0.0408 Pre: 1.0000 Re: 1.0000 Acc: 1.0000 F1: 1.0000


--------------------------------------------------------------------
Eval results: Cost:0.0267 Pre:1.0000 Re:1.0000 Acc:1.0000 F1:1.0000
--------------------------------------------------------------------

Epoch 441: Time: 0.0074 Cost: 0.0404 Pre: 1.0000 Re: 1.0000 Acc: 1.0000 F1: 1.0000
Epoch 442: Time: 0.0073 Cost: 0.0400 Pre: 1.0000 Re: 1.0000 Acc: 1.0000 F1: 1.0000
Epoch 443: Time: 0.0079 Cost: 0.0396 Pre: 1.0000 Re: 1.0000 Acc: 1.0000 F1: 1.0000
Epoch 444: Time: 0.0073 Cost: 0.0393 Pre: 1.0000 Re: 1.0000 Acc: 1.0000 F1: 1.0000
Epoch 445: Time: 0.0073 Cost: 0.0389 Pre: 1.0000 Re: 1.0000 Acc: 1.0000 F1: 1.0000
Epoch 446: Time: 0.0075 Cost: 0.0386 Pre: 1.0000 Re: 1.0000 Acc: 1.0000 F1: 1.0000
Epoch 447: Time: 0.0075 Cost: 0.0382 Pre: 1.0000 Re: 1.0000 Acc: 1.0000 F1: 1.0000
Epoch 448: Time: 0.0074 Cost: 0.0379 Pre: 1.0000 Re: 1.0000 Acc: 1.0000 F1: 1.0000
Epoch 449: Time: 0.0075 Cost: 0.0375 Pre: 1.0000 Re: 1.0000 Acc: 1.0000 F1: 1.0000
Epoch 450: Time: 0.0074 Cost: 0.0372 Pre: 1.0000 Re: 1.0000 Acc: 1.0000 F1: 1.0000


--------------------------------------------------------------------
Eval results: Cost:0.0244 Pre:1.0000 Re:1.0000 Acc:1.0000 F1:1.0000
--------------------------------------------------------------------

Epoch 451: Time: 0.0077 Cost: 0.0369 Pre: 1.0000 Re: 1.0000 Acc: 1.0000 F1: 1.0000
Epoch 452: Time: 0.0079 Cost: 0.0366 Pre: 1.0000 Re: 1.0000 Acc: 1.0000 F1: 1.0000
Epoch 453: Time: 0.0074 Cost: 0.0362 Pre: 1.0000 Re: 1.0000 Acc: 1.0000 F1: 1.0000
Epoch 454: Time: 0.0087 Cost: 0.0359 Pre: 1.0000 Re: 1.0000 Acc: 1.0000 F1: 1.0000
Epoch 455: Time: 0.0075 Cost: 0.0356 Pre: 1.0000 Re: 1.0000 Acc: 1.0000 F1: 1.0000
Epoch 456: Time: 0.0077 Cost: 0.0353 Pre: 1.0000 Re: 1.0000 Acc: 1.0000 F1: 1.0000
Epoch 457: Time: 0.0076 Cost: 0.0350 Pre: 1.0000 Re: 1.0000 Acc: 1.0000 F1: 1.0000
Epoch 458: Time: 0.0074 Cost: 0.0347 Pre: 1.0000 Re: 1.0000 Acc: 1.0000 F1: 1.0000
Epoch 459: Time: 0.0073 Cost: 0.0344 Pre: 1.0000 Re: 1.0000 Acc: 1.0000 F1: 1.0000
Epoch 460: Time: 0.0074 Cost: 0.0341 Pre: 1.0000 Re: 1.0000 Acc: 1.0000 F1: 1.0000


--------------------------------------------------------------------
Eval results: Cost:0.0223 Pre:1.0000 Re:1.0000 Acc:1.0000 F1:1.0000
--------------------------------------------------------------------

Epoch 461: Time: 0.0074 Cost: 0.0338 Pre: 1.0000 Re: 1.0000 Acc: 1.0000 F1: 1.0000
Epoch 462: Time: 0.0073 Cost: 0.0335 Pre: 1.0000 Re: 1.0000 Acc: 1.0000 F1: 1.0000
Epoch 463: Time: 0.0077 Cost: 0.0332 Pre: 1.0000 Re: 1.0000 Acc: 1.0000 F1: 1.0000
Epoch 464: Time: 0.0073 Cost: 0.0329 Pre: 1.0000 Re: 1.0000 Acc: 1.0000 F1: 1.0000
Epoch 465: Time: 0.0073 Cost: 0.0327 Pre: 1.0000 Re: 1.0000 Acc: 1.0000 F1: 1.0000
Epoch 466: Time: 0.0078 Cost: 0.0324 Pre: 1.0000 Re: 1.0000 Acc: 1.0000 F1: 1.0000
Epoch 467: Time: 0.0073 Cost: 0.0321 Pre: 1.0000 Re: 1.0000 Acc: 1.0000 F1: 1.0000
Epoch 468: Time: 0.0073 Cost: 0.0319 Pre: 1.0000 Re: 1.0000 Acc: 1.0000 F1: 1.0000
Epoch 469: Time: 0.0077 Cost: 0.0316 Pre: 1.0000 Re: 1.0000 Acc: 1.0000 F1: 1.0000
Epoch 470: Time: 0.0075 Cost: 0.0313 Pre: 1.0000 Re: 1.0000 Acc: 1.0000 F1: 1.0000


--------------------------------------------------------------------
Eval results: Cost:0.0205 Pre:1.0000 Re:1.0000 Acc:1.0000 F1:1.0000
--------------------------------------------------------------------

Epoch 471: Time: 0.0077 Cost: 0.0311 Pre: 1.0000 Re: 1.0000 Acc: 1.0000 F1: 1.0000
Epoch 472: Time: 0.0075 Cost: 0.0308 Pre: 1.0000 Re: 1.0000 Acc: 1.0000 F1: 1.0000
Epoch 473: Time: 0.0073 Cost: 0.0306 Pre: 1.0000 Re: 1.0000 Acc: 1.0000 F1: 1.0000
Epoch 474: Time: 0.0075 Cost: 0.0303 Pre: 1.0000 Re: 1.0000 Acc: 1.0000 F1: 1.0000
Epoch 475: Time: 0.0074 Cost: 0.0301 Pre: 1.0000 Re: 1.0000 Acc: 1.0000 F1: 1.0000
Epoch 476: Time: 0.0073 Cost: 0.0299 Pre: 1.0000 Re: 1.0000 Acc: 1.0000 F1: 1.0000
Epoch 477: Time: 0.0075 Cost: 0.0296 Pre: 1.0000 Re: 1.0000 Acc: 1.0000 F1: 1.0000
Epoch 478: Time: 0.0077 Cost: 0.0294 Pre: 1.0000 Re: 1.0000 Acc: 1.0000 F1: 1.0000
Epoch 479: Time: 0.0073 Cost: 0.0292 Pre: 1.0000 Re: 1.0000 Acc: 1.0000 F1: 1.0000
Epoch 480: Time: 0.0073 Cost: 0.0289 Pre: 1.0000 Re: 1.0000 Acc: 1.0000 F1: 1.0000


--------------------------------------------------------------------
Eval results: Cost:0.0190 Pre:1.0000 Re:1.0000 Acc:1.0000 F1:1.0000
--------------------------------------------------------------------

Epoch 481: Time: 0.0074 Cost: 0.0287 Pre: 1.0000 Re: 1.0000 Acc: 1.0000 F1: 1.0000
Epoch 482: Time: 0.0073 Cost: 0.0285 Pre: 1.0000 Re: 1.0000 Acc: 1.0000 F1: 1.0000
Epoch 483: Time: 0.0076 Cost: 0.0283 Pre: 1.0000 Re: 1.0000 Acc: 1.0000 F1: 1.0000
Epoch 484: Time: 0.0073 Cost: 0.0280 Pre: 1.0000 Re: 1.0000 Acc: 1.0000 F1: 1.0000
Epoch 485: Time: 0.0073 Cost: 0.0278 Pre: 1.0000 Re: 1.0000 Acc: 1.0000 F1: 1.0000
Epoch 486: Time: 0.0076 Cost: 0.0276 Pre: 1.0000 Re: 1.0000 Acc: 1.0000 F1: 1.0000
Epoch 487: Time: 0.0074 Cost: 0.0274 Pre: 1.0000 Re: 1.0000 Acc: 1.0000 F1: 1.0000
Epoch 488: Time: 0.0073 Cost: 0.0272 Pre: 1.0000 Re: 1.0000 Acc: 1.0000 F1: 1.0000
Epoch 489: Time: 0.0078 Cost: 0.0270 Pre: 1.0000 Re: 1.0000 Acc: 1.0000 F1: 1.0000
Epoch 490: Time: 0.0075 Cost: 0.0268 Pre: 1.0000 Re: 1.0000 Acc: 1.0000 F1: 1.0000


--------------------------------------------------------------------
Eval results: Cost:0.0176 Pre:1.0000 Re:1.0000 Acc:1.0000 F1:1.0000
--------------------------------------------------------------------

Epoch 491: Time: 0.0078 Cost: 0.0266 Pre: 1.0000 Re: 1.0000 Acc: 1.0000 F1: 1.0000
Epoch 492: Time: 0.0074 Cost: 0.0264 Pre: 1.0000 Re: 1.0000 Acc: 1.0000 F1: 1.0000
Epoch 493: Time: 0.0073 Cost: 0.0262 Pre: 1.0000 Re: 1.0000 Acc: 1.0000 F1: 1.0000
Epoch 494: Time: 0.0078 Cost: 0.0260 Pre: 1.0000 Re: 1.0000 Acc: 1.0000 F1: 1.0000
Epoch 495: Time: 0.0075 Cost: 0.0258 Pre: 1.0000 Re: 1.0000 Acc: 1.0000 F1: 1.0000
Epoch 496: Time: 0.0073 Cost: 0.0256 Pre: 1.0000 Re: 1.0000 Acc: 1.0000 F1: 1.0000
Epoch 497: Time: 0.0077 Cost: 0.0254 Pre: 1.0000 Re: 1.0000 Acc: 1.0000 F1: 1.0000
Epoch 498: Time: 0.0074 Cost: 0.0253 Pre: 1.0000 Re: 1.0000 Acc: 1.0000 F1: 1.0000
Epoch 499: Time: 0.0076 Cost: 0.0251 Pre: 1.0000 Re: 1.0000 Acc: 1.0000 F1: 1.0000
Epoch 500: Time: 0.0074 Cost: 0.0249 Pre: 1.0000 Re: 1.0000 Acc: 1.0000 F1: 1.0000


--------------------------------------------------------------------
Eval results: Cost:0.0163 Pre:1.0000 Re:1.0000 Acc:1.0000 F1:1.0000
--------------------------------------------------------------------

Epoch 501: Time: 0.0076 Cost: 0.0247 Pre: 1.0000 Re: 1.0000 Acc: 1.0000 F1: 1.0000
Epoch 502: Time: 0.0073 Cost: 0.0245 Pre: 1.0000 Re: 1.0000 Acc: 1.0000 F1: 1.0000
Epoch 503: Time: 0.0077 Cost: 0.0244 Pre: 1.0000 Re: 1.0000 Acc: 1.0000 F1: 1.0000
Epoch 504: Time: 0.0076 Cost: 0.0242 Pre: 1.0000 Re: 1.0000 Acc: 1.0000 F1: 1.0000
Epoch 505: Time: 0.0073 Cost: 0.0240 Pre: 1.0000 Re: 1.0000 Acc: 1.0000 F1: 1.0000
Epoch 506: Time: 0.0076 Cost: 0.0239 Pre: 1.0000 Re: 1.0000 Acc: 1.0000 F1: 1.0000
Epoch 507: Time: 0.0075 Cost: 0.0237 Pre: 1.0000 Re: 1.0000 Acc: 1.0000 F1: 1.0000
Epoch 508: Time: 0.0073 Cost: 0.0235 Pre: 1.0000 Re: 1.0000 Acc: 1.0000 F1: 1.0000
Epoch 509: Time: 0.0077 Cost: 0.0234 Pre: 1.0000 Re: 1.0000 Acc: 1.0000 F1: 1.0000
Epoch 510: Time: 0.0073 Cost: 0.0232 Pre: 1.0000 Re: 1.0000 Acc: 1.0000 F1: 1.0000


--------------------------------------------------------------------
Eval results: Cost:0.0153 Pre:1.0000 Re:1.0000 Acc:1.0000 F1:1.0000
--------------------------------------------------------------------

Epoch 511: Time: 0.0077 Cost: 0.0231 Pre: 1.0000 Re: 1.0000 Acc: 1.0000 F1: 1.0000
Epoch 512: Time: 0.0076 Cost: 0.0229 Pre: 1.0000 Re: 1.0000 Acc: 1.0000 F1: 1.0000
Epoch 513: Time: 0.0073 Cost: 0.0227 Pre: 1.0000 Re: 1.0000 Acc: 1.0000 F1: 1.0000
Epoch 514: Time: 0.0075 Cost: 0.0226 Pre: 1.0000 Re: 1.0000 Acc: 1.0000 F1: 1.0000
Epoch 515: Time: 0.0074 Cost: 0.0224 Pre: 1.0000 Re: 1.0000 Acc: 1.0000 F1: 1.0000
Epoch 516: Time: 0.0073 Cost: 0.0223 Pre: 1.0000 Re: 1.0000 Acc: 1.0000 F1: 1.0000
Epoch 517: Time: 0.0073 Cost: 0.0221 Pre: 1.0000 Re: 1.0000 Acc: 1.0000 F1: 1.0000
Epoch 518: Time: 0.0076 Cost: 0.0220 Pre: 1.0000 Re: 1.0000 Acc: 1.0000 F1: 1.0000
Epoch 519: Time: 0.0083 Cost: 0.0219 Pre: 1.0000 Re: 1.0000 Acc: 1.0000 F1: 1.0000
Epoch 520: Time: 0.0074 Cost: 0.0217 Pre: 1.0000 Re: 1.0000 Acc: 1.0000 F1: 1.0000


--------------------------------------------------------------------
Eval results: Cost:0.0143 Pre:1.0000 Re:1.0000 Acc:1.0000 F1:1.0000
--------------------------------------------------------------------

Epoch 521: Time: 0.0087 Cost: 0.0216 Pre: 1.0000 Re: 1.0000 Acc: 1.0000 F1: 1.0000
Epoch 522: Time: 0.0074 Cost: 0.0214 Pre: 1.0000 Re: 1.0000 Acc: 1.0000 F1: 1.0000
Epoch 523: Time: 0.0076 Cost: 0.0213 Pre: 1.0000 Re: 1.0000 Acc: 1.0000 F1: 1.0000
Epoch 524: Time: 0.0074 Cost: 0.0212 Pre: 1.0000 Re: 1.0000 Acc: 1.0000 F1: 1.0000
Epoch 525: Time: 0.0073 Cost: 0.0210 Pre: 1.0000 Re: 1.0000 Acc: 1.0000 F1: 1.0000
Epoch 526: Time: 0.0077 Cost: 0.0209 Pre: 1.0000 Re: 1.0000 Acc: 1.0000 F1: 1.0000
Epoch 527: Time: 0.0074 Cost: 0.0208 Pre: 1.0000 Re: 1.0000 Acc: 1.0000 F1: 1.0000
Epoch 528: Time: 0.0073 Cost: 0.0206 Pre: 1.0000 Re: 1.0000 Acc: 1.0000 F1: 1.0000
Epoch 529: Time: 0.0077 Cost: 0.0205 Pre: 1.0000 Re: 1.0000 Acc: 1.0000 F1: 1.0000
Epoch 530: Time: 0.0073 Cost: 0.0204 Pre: 1.0000 Re: 1.0000 Acc: 1.0000 F1: 1.0000


--------------------------------------------------------------------
Eval results: Cost:0.0134 Pre:1.0000 Re:1.0000 Acc:1.0000 F1:1.0000
--------------------------------------------------------------------

Epoch 531: Time: 0.0076 Cost: 0.0202 Pre: 1.0000 Re: 1.0000 Acc: 1.0000 F1: 1.0000
Epoch 532: Time: 0.0078 Cost: 0.0201 Pre: 1.0000 Re: 1.0000 Acc: 1.0000 F1: 1.0000
Epoch 533: Time: 0.0073 Cost: 0.0200 Pre: 1.0000 Re: 1.0000 Acc: 1.0000 F1: 1.0000
Epoch 534: Time: 0.0076 Cost: 0.0199 Pre: 1.0000 Re: 1.0000 Acc: 1.0000 F1: 1.0000
Epoch 535: Time: 0.0076 Cost: 0.0198 Pre: 1.0000 Re: 1.0000 Acc: 1.0000 F1: 1.0000
Epoch 536: Time: 0.0073 Cost: 0.0196 Pre: 1.0000 Re: 1.0000 Acc: 1.0000 F1: 1.0000
Epoch 537: Time: 0.0075 Cost: 0.0195 Pre: 1.0000 Re: 1.0000 Acc: 1.0000 F1: 1.0000
Epoch 538: Time: 0.0074 Cost: 0.0194 Pre: 1.0000 Re: 1.0000 Acc: 1.0000 F1: 1.0000
Epoch 539: Time: 0.0073 Cost: 0.0193 Pre: 1.0000 Re: 1.0000 Acc: 1.0000 F1: 1.0000
Epoch 540: Time: 0.0073 Cost: 0.0192 Pre: 1.0000 Re: 1.0000 Acc: 1.0000 F1: 1.0000


--------------------------------------------------------------------
Eval results: Cost:0.0126 Pre:1.0000 Re:1.0000 Acc:1.0000 F1:1.0000
--------------------------------------------------------------------

Epoch 541: Time: 0.0075 Cost: 0.0191 Pre: 1.0000 Re: 1.0000 Acc: 1.0000 F1: 1.0000
Epoch 542: Time: 0.0075 Cost: 0.0189 Pre: 1.0000 Re: 1.0000 Acc: 1.0000 F1: 1.0000
Epoch 543: Time: 0.0076 Cost: 0.0188 Pre: 1.0000 Re: 1.0000 Acc: 1.0000 F1: 1.0000
Epoch 544: Time: 0.0073 Cost: 0.0187 Pre: 1.0000 Re: 1.0000 Acc: 1.0000 F1: 1.0000
Epoch 545: Time: 0.0073 Cost: 0.0186 Pre: 1.0000 Re: 1.0000 Acc: 1.0000 F1: 1.0000
Epoch 546: Time: 0.0077 Cost: 0.0185 Pre: 1.0000 Re: 1.0000 Acc: 1.0000 F1: 1.0000
Epoch 547: Time: 0.0073 Cost: 0.0184 Pre: 1.0000 Re: 1.0000 Acc: 1.0000 F1: 1.0000
Epoch 548: Time: 0.0073 Cost: 0.0183 Pre: 1.0000 Re: 1.0000 Acc: 1.0000 F1: 1.0000
Epoch 549: Time: 0.0075 Cost: 0.0182 Pre: 1.0000 Re: 1.0000 Acc: 1.0000 F1: 1.0000
Epoch 550: Time: 0.0081 Cost: 0.0181 Pre: 1.0000 Re: 1.0000 Acc: 1.0000 F1: 1.0000


--------------------------------------------------------------------
Eval results: Cost:0.0119 Pre:1.0000 Re:1.0000 Acc:1.0000 F1:1.0000
--------------------------------------------------------------------

Epoch 551: Time: 0.0079 Cost: 0.0180 Pre: 1.0000 Re: 1.0000 Acc: 1.0000 F1: 1.0000
Epoch 552: Time: 0.0075 Cost: 0.0179 Pre: 1.0000 Re: 1.0000 Acc: 1.0000 F1: 1.0000
Epoch 553: Time: 0.0077 Cost: 0.0178 Pre: 1.0000 Re: 1.0000 Acc: 1.0000 F1: 1.0000
Epoch 554: Time: 0.0078 Cost: 0.0177 Pre: 1.0000 Re: 1.0000 Acc: 1.0000 F1: 1.0000
Epoch 555: Time: 0.0074 Cost: 0.0176 Pre: 1.0000 Re: 1.0000 Acc: 1.0000 F1: 1.0000
Epoch 556: Time: 0.0073 Cost: 0.0175 Pre: 1.0000 Re: 1.0000 Acc: 1.0000 F1: 1.0000
Epoch 557: Time: 0.0076 Cost: 0.0174 Pre: 1.0000 Re: 1.0000 Acc: 1.0000 F1: 1.0000
Epoch 558: Time: 0.0074 Cost: 0.0173 Pre: 1.0000 Re: 1.0000 Acc: 1.0000 F1: 1.0000
Epoch 559: Time: 0.0073 Cost: 0.0172 Pre: 1.0000 Re: 1.0000 Acc: 1.0000 F1: 1.0000
Epoch 560: Time: 0.0074 Cost: 0.0171 Pre: 1.0000 Re: 1.0000 Acc: 1.0000 F1: 1.0000


--------------------------------------------------------------------
Eval results: Cost:0.0113 Pre:1.0000 Re:1.0000 Acc:1.0000 F1:1.0000
--------------------------------------------------------------------

Epoch 561: Time: 0.0074 Cost: 0.0170 Pre: 1.0000 Re: 1.0000 Acc: 1.0000 F1: 1.0000
Epoch 562: Time: 0.0073 Cost: 0.0169 Pre: 1.0000 Re: 1.0000 Acc: 1.0000 F1: 1.0000
Epoch 563: Time: 0.0076 Cost: 0.0168 Pre: 1.0000 Re: 1.0000 Acc: 1.0000 F1: 1.0000
Epoch 564: Time: 0.0075 Cost: 0.0167 Pre: 1.0000 Re: 1.0000 Acc: 1.0000 F1: 1.0000
Epoch 565: Time: 0.0073 Cost: 0.0166 Pre: 1.0000 Re: 1.0000 Acc: 1.0000 F1: 1.0000
Epoch 566: Time: 0.0075 Cost: 0.0166 Pre: 1.0000 Re: 1.0000 Acc: 1.0000 F1: 1.0000
Epoch 567: Time: 0.0075 Cost: 0.0165 Pre: 1.0000 Re: 1.0000 Acc: 1.0000 F1: 1.0000
Epoch 568: Time: 0.0075 Cost: 0.0164 Pre: 1.0000 Re: 1.0000 Acc: 1.0000 F1: 1.0000
Epoch 569: Time: 0.0076 Cost: 0.0163 Pre: 1.0000 Re: 1.0000 Acc: 1.0000 F1: 1.0000
Epoch 570: Time: 0.0073 Cost: 0.0162 Pre: 1.0000 Re: 1.0000 Acc: 1.0000 F1: 1.0000


--------------------------------------------------------------------
Eval results: Cost:0.0107 Pre:1.0000 Re:1.0000 Acc:1.0000 F1:1.0000
--------------------------------------------------------------------

Epoch 571: Time: 0.0087 Cost: 0.0161 Pre: 1.0000 Re: 1.0000 Acc: 1.0000 F1: 1.0000
Epoch 572: Time: 0.0073 Cost: 0.0160 Pre: 1.0000 Re: 1.0000 Acc: 1.0000 F1: 1.0000
Epoch 573: Time: 0.0083 Cost: 0.0160 Pre: 1.0000 Re: 1.0000 Acc: 1.0000 F1: 1.0000
Epoch 574: Time: 0.0076 Cost: 0.0159 Pre: 1.0000 Re: 1.0000 Acc: 1.0000 F1: 1.0000
Epoch 575: Time: 0.0075 Cost: 0.0158 Pre: 1.0000 Re: 1.0000 Acc: 1.0000 F1: 1.0000
Epoch 576: Time: 0.0076 Cost: 0.0157 Pre: 1.0000 Re: 1.0000 Acc: 1.0000 F1: 1.0000
Epoch 577: Time: 0.0077 Cost: 0.0156 Pre: 1.0000 Re: 1.0000 Acc: 1.0000 F1: 1.0000
Epoch 578: Time: 0.0074 Cost: 0.0156 Pre: 1.0000 Re: 1.0000 Acc: 1.0000 F1: 1.0000
Epoch 579: Time: 0.0077 Cost: 0.0155 Pre: 1.0000 Re: 1.0000 Acc: 1.0000 F1: 1.0000
Epoch 580: Time: 0.0079 Cost: 0.0154 Pre: 1.0000 Re: 1.0000 Acc: 1.0000 F1: 1.0000


--------------------------------------------------------------------
Eval results: Cost:0.0102 Pre:1.0000 Re:1.0000 Acc:1.0000 F1:1.0000
--------------------------------------------------------------------

Epoch 581: Time: 0.0079 Cost: 0.0153 Pre: 1.0000 Re: 1.0000 Acc: 1.0000 F1: 1.0000
Epoch 582: Time: 0.0076 Cost: 0.0153 Pre: 1.0000 Re: 1.0000 Acc: 1.0000 F1: 1.0000
Epoch 583: Time: 0.0082 Cost: 0.0152 Pre: 1.0000 Re: 1.0000 Acc: 1.0000 F1: 1.0000
Epoch 584: Time: 0.0073 Cost: 0.0151 Pre: 1.0000 Re: 1.0000 Acc: 1.0000 F1: 1.0000
Epoch 585: Time: 0.0079 Cost: 0.0150 Pre: 1.0000 Re: 1.0000 Acc: 1.0000 F1: 1.0000
Epoch 586: Time: 0.0097 Cost: 0.0150 Pre: 1.0000 Re: 1.0000 Acc: 1.0000 F1: 1.0000
Epoch 587: Time: 0.0083 Cost: 0.0149 Pre: 1.0000 Re: 1.0000 Acc: 1.0000 F1: 1.0000
Epoch 588: Time: 0.0086 Cost: 0.0148 Pre: 1.0000 Re: 1.0000 Acc: 1.0000 F1: 1.0000
Epoch 589: Time: 0.0089 Cost: 0.0147 Pre: 1.0000 Re: 1.0000 Acc: 1.0000 F1: 1.0000
Epoch 590: Time: 0.0074 Cost: 0.0147 Pre: 1.0000 Re: 1.0000 Acc: 1.0000 F1: 1.0000


--------------------------------------------------------------------
Eval results: Cost:0.0097 Pre:1.0000 Re:1.0000 Acc:1.0000 F1:1.0000
--------------------------------------------------------------------

Epoch 591: Time: 0.0084 Cost: 0.0146 Pre: 1.0000 Re: 1.0000 Acc: 1.0000 F1: 1.0000
Epoch 592: Time: 0.0081 Cost: 0.0145 Pre: 1.0000 Re: 1.0000 Acc: 1.0000 F1: 1.0000
Epoch 593: Time: 0.0078 Cost: 0.0145 Pre: 1.0000 Re: 1.0000 Acc: 1.0000 F1: 1.0000
Epoch 594: Time: 0.0074 Cost: 0.0144 Pre: 1.0000 Re: 1.0000 Acc: 1.0000 F1: 1.0000
Epoch 595: Time: 0.0075 Cost: 0.0143 Pre: 1.0000 Re: 1.0000 Acc: 1.0000 F1: 1.0000
Epoch 596: Time: 0.0077 Cost: 0.0143 Pre: 1.0000 Re: 1.0000 Acc: 1.0000 F1: 1.0000
Epoch 597: Time: 0.0075 Cost: 0.0142 Pre: 1.0000 Re: 1.0000 Acc: 1.0000 F1: 1.0000
Epoch 598: Time: 0.0074 Cost: 0.0141 Pre: 1.0000 Re: 1.0000 Acc: 1.0000 F1: 1.0000
Epoch 599: Time: 0.0081 Cost: 0.0141 Pre: 1.0000 Re: 1.0000 Acc: 1.0000 F1: 1.0000
Epoch 600: Time: 0.0086 Cost: 0.0140 Pre: 1.0000 Re: 1.0000 Acc: 1.0000 F1: 1.0000


--------------------------------------------------------------------
Eval results: Cost:0.0092 Pre:1.0000 Re:1.0000 Acc:1.0000 F1:1.0000
--------------------------------------------------------------------

Early stopping...
--------------------------------------------------------------------
--------------------------------------------------------------------
Test 464 samples take time: 0.0356
Test results: Cost:0.0073 Pre:1.0000 Re:1.0000 Acc:1.0000 F1:1.0000
--------------------------------------------------------------------

