16768
16562
16206
16632
16380
16425
Load data
RNN type: SRN Grammar: g1 Seed: 5
Model total parameters: 2650
Saving hinit ... 

Epoch 0: Time: 0.0909 Cost: 43.8546 Pre: 0.0413 Re: 1.0000 Acc: 0.0413 F1: 0.0794


--------------------------------------------------------------------
Eval results: Cost:41.3900 Pre:0.0247 Re:1.0000 Acc:0.0247 F1:0.0482
--------------------------------------------------------------------

Epoch 1: Time: 0.0195 Cost: 39.0514 Pre: 0.0413 Re: 1.0000 Acc: 0.0413 F1: 0.0794
Epoch 2: Time: 0.0196 Cost: 32.5782 Pre: 0.0413 Re: 1.0000 Acc: 0.0413 F1: 0.0794
Epoch 3: Time: 0.0193 Cost: 25.7925 Pre: 0.0080 Re: 0.1000 Acc: 0.4504 F1: 0.0148
Epoch 4: Time: 0.0191 Cost: 19.6214 Pre: 0.5000 Re: 0.1000 Acc: 0.9587 F1: 0.1667
Epoch 5: Time: 0.0192 Cost: 14.6284 Pre: 0.5000 Re: 0.1000 Acc: 0.9587 F1: 0.1667
Epoch 6: Time: 0.0192 Cost: 10.9620 Pre: 0.0000 Re: 0.0000 Acc: 0.9545 F1: 0.0000
Epoch 7: Time: 0.0198 Cost: 8.4615 Pre: 0.0000 Re: 0.0000 Acc: 0.9545 F1: 0.0000
Epoch 8: Time: 0.0222 Cost: 6.8364 Pre: 0.0000 Re: 0.0000 Acc: 0.9587 F1: 0.0000
Epoch 9: Time: 0.0193 Cost: 5.8051 Pre: 0.0000 Re: 0.0000 Acc: 0.9587 F1: 0.0000
Epoch 10: Time: 0.0196 Cost: 5.1532 Pre: 0.0000 Re: 0.0000 Acc: 0.9587 F1: 0.0000


--------------------------------------------------------------------
Eval results: Cost:4.3446 Pre:0.0000 Re:0.0000 Acc:0.9753 F1:0.0000
--------------------------------------------------------------------

Epoch 11: Time: 0.0199 Cost: 4.7360 Pre: 0.0000 Re: 0.0000 Acc: 0.9587 F1: 0.0000
Epoch 12: Time: 0.0194 Cost: 4.4629 Pre: 0.0000 Re: 0.0000 Acc: 0.9587 F1: 0.0000
Epoch 13: Time: 0.0198 Cost: 4.2792 Pre: 0.0000 Re: 0.0000 Acc: 0.9587 F1: 0.0000
Epoch 14: Time: 0.0192 Cost: 4.1520 Pre: 0.0000 Re: 0.0000 Acc: 0.9587 F1: 0.0000
Epoch 15: Time: 0.0192 Cost: 4.0614 Pre: 0.0000 Re: 0.0000 Acc: 0.9587 F1: 0.0000
Epoch 16: Time: 0.0193 Cost: 3.9949 Pre: 0.0000 Re: 0.0000 Acc: 0.9587 F1: 0.0000
Epoch 17: Time: 0.0194 Cost: 3.9447 Pre: 0.0000 Re: 0.0000 Acc: 0.9587 F1: 0.0000
Epoch 18: Time: 0.0194 Cost: 3.9057 Pre: 0.0000 Re: 0.0000 Acc: 0.9587 F1: 0.0000
Epoch 19: Time: 0.0195 Cost: 3.8747 Pre: 0.0000 Re: 0.0000 Acc: 0.9587 F1: 0.0000
Epoch 20: Time: 0.0191 Cost: 3.8495 Pre: 0.0000 Re: 0.0000 Acc: 0.9587 F1: 0.0000


--------------------------------------------------------------------
Eval results: Cost:3.2511 Pre:0.0000 Re:0.0000 Acc:0.9753 F1:0.0000
--------------------------------------------------------------------

Epoch 21: Time: 0.0193 Cost: 3.8284 Pre: 0.0000 Re: 0.0000 Acc: 0.9587 F1: 0.0000
Epoch 22: Time: 0.0193 Cost: 3.8103 Pre: 0.0000 Re: 0.0000 Acc: 0.9587 F1: 0.0000
Epoch 23: Time: 0.0195 Cost: 3.7946 Pre: 0.0000 Re: 0.0000 Acc: 0.9587 F1: 0.0000
Epoch 24: Time: 0.0192 Cost: 3.7808 Pre: 0.0000 Re: 0.0000 Acc: 0.9587 F1: 0.0000
Epoch 25: Time: 0.0192 Cost: 3.7684 Pre: 0.0000 Re: 0.0000 Acc: 0.9587 F1: 0.0000
Epoch 26: Time: 0.0191 Cost: 3.7573 Pre: 0.0000 Re: 0.0000 Acc: 0.9587 F1: 0.0000
Epoch 27: Time: 0.0204 Cost: 3.7472 Pre: 0.0000 Re: 0.0000 Acc: 0.9587 F1: 0.0000
Epoch 28: Time: 0.0197 Cost: 3.7381 Pre: 0.0000 Re: 0.0000 Acc: 0.9587 F1: 0.0000
Epoch 29: Time: 0.0193 Cost: 3.7297 Pre: 0.0000 Re: 0.0000 Acc: 0.9587 F1: 0.0000
Epoch 30: Time: 0.0193 Cost: 3.7220 Pre: 0.0000 Re: 0.0000 Acc: 0.9587 F1: 0.0000


--------------------------------------------------------------------
Eval results: Cost:3.1180 Pre:0.0000 Re:0.0000 Acc:0.9753 F1:0.0000
--------------------------------------------------------------------

Epoch 31: Time: 0.0192 Cost: 3.7149 Pre: 0.0000 Re: 0.0000 Acc: 0.9587 F1: 0.0000
Epoch 32: Time: 0.0192 Cost: 3.7083 Pre: 0.0000 Re: 0.0000 Acc: 0.9587 F1: 0.0000
Epoch 33: Time: 0.0195 Cost: 3.7022 Pre: 0.0000 Re: 0.0000 Acc: 0.9587 F1: 0.0000
Epoch 34: Time: 0.0193 Cost: 3.6965 Pre: 0.0000 Re: 0.0000 Acc: 0.9587 F1: 0.0000
Epoch 35: Time: 0.0192 Cost: 3.6912 Pre: 0.0000 Re: 0.0000 Acc: 0.9587 F1: 0.0000
Epoch 36: Time: 0.0191 Cost: 3.6863 Pre: 0.0000 Re: 0.0000 Acc: 0.9587 F1: 0.0000
Epoch 37: Time: 0.0193 Cost: 3.6818 Pre: 0.0000 Re: 0.0000 Acc: 0.9587 F1: 0.0000
Epoch 38: Time: 0.0193 Cost: 3.6776 Pre: 0.0000 Re: 0.0000 Acc: 0.9587 F1: 0.0000
Epoch 39: Time: 0.0195 Cost: 3.6737 Pre: 0.0000 Re: 0.0000 Acc: 0.9587 F1: 0.0000
Epoch 40: Time: 0.0194 Cost: 3.6700 Pre: 0.0000 Re: 0.0000 Acc: 0.9587 F1: 0.0000


--------------------------------------------------------------------
Eval results: Cost:3.0588 Pre:0.0000 Re:0.0000 Acc:0.9753 F1:0.0000
--------------------------------------------------------------------

Epoch 41: Time: 0.0192 Cost: 3.6666 Pre: 0.0000 Re: 0.0000 Acc: 0.9587 F1: 0.0000
Epoch 42: Time: 0.0193 Cost: 3.6633 Pre: 0.0000 Re: 0.0000 Acc: 0.9587 F1: 0.0000
Epoch 43: Time: 0.0193 Cost: 3.6602 Pre: 0.0000 Re: 0.0000 Acc: 0.9587 F1: 0.0000
Epoch 44: Time: 0.0193 Cost: 3.6572 Pre: 0.0000 Re: 0.0000 Acc: 0.9587 F1: 0.0000
Epoch 45: Time: 0.0194 Cost: 3.6544 Pre: 0.0000 Re: 0.0000 Acc: 0.9587 F1: 0.0000
Epoch 46: Time: 0.0192 Cost: 3.6515 Pre: 0.0000 Re: 0.0000 Acc: 0.9587 F1: 0.0000
Epoch 47: Time: 0.0193 Cost: 3.6488 Pre: 0.0000 Re: 0.0000 Acc: 0.9587 F1: 0.0000
Epoch 48: Time: 0.0193 Cost: 3.6460 Pre: 0.0000 Re: 0.0000 Acc: 0.9587 F1: 0.0000
Epoch 49: Time: 0.0192 Cost: 3.6432 Pre: 0.0000 Re: 0.0000 Acc: 0.9587 F1: 0.0000
Epoch 50: Time: 0.0196 Cost: 3.6404 Pre: 0.0000 Re: 0.0000 Acc: 0.9587 F1: 0.0000


--------------------------------------------------------------------
Eval results: Cost:3.0199 Pre:0.0000 Re:0.0000 Acc:0.9753 F1:0.0000
--------------------------------------------------------------------

Epoch 51: Time: 0.0192 Cost: 3.6376 Pre: 0.0000 Re: 0.0000 Acc: 0.9587 F1: 0.0000
Epoch 52: Time: 0.0195 Cost: 3.6346 Pre: 0.0000 Re: 0.0000 Acc: 0.9587 F1: 0.0000
Epoch 53: Time: 0.0204 Cost: 3.6315 Pre: 0.0000 Re: 0.0000 Acc: 0.9587 F1: 0.0000
Epoch 54: Time: 0.0194 Cost: 3.6282 Pre: 0.0000 Re: 0.0000 Acc: 0.9587 F1: 0.0000
Epoch 55: Time: 0.0193 Cost: 3.6248 Pre: 0.0000 Re: 0.0000 Acc: 0.9587 F1: 0.0000
Epoch 56: Time: 0.0203 Cost: 3.6212 Pre: 0.0000 Re: 0.0000 Acc: 0.9587 F1: 0.0000
Epoch 57: Time: 0.0209 Cost: 3.6174 Pre: 0.0000 Re: 0.0000 Acc: 0.9587 F1: 0.0000
Epoch 58: Time: 0.0349 Cost: 3.6134 Pre: 0.0000 Re: 0.0000 Acc: 0.9587 F1: 0.0000
Epoch 59: Time: 0.0321 Cost: 3.6092 Pre: 0.0000 Re: 0.0000 Acc: 0.9587 F1: 0.0000
Epoch 60: Time: 0.0310 Cost: 3.6048 Pre: 0.0000 Re: 0.0000 Acc: 0.9587 F1: 0.0000


--------------------------------------------------------------------
Eval results: Cost:2.9670 Pre:0.0000 Re:0.0000 Acc:0.9753 F1:0.0000
--------------------------------------------------------------------

Epoch 61: Time: 0.0252 Cost: 3.6002 Pre: 0.0000 Re: 0.0000 Acc: 0.9587 F1: 0.0000
Epoch 62: Time: 0.0254 Cost: 3.5954 Pre: 0.0000 Re: 0.0000 Acc: 0.9587 F1: 0.0000
Epoch 63: Time: 0.0266 Cost: 3.5903 Pre: 0.0000 Re: 0.0000 Acc: 0.9587 F1: 0.0000
Epoch 64: Time: 0.0317 Cost: 3.5850 Pre: 0.0000 Re: 0.0000 Acc: 0.9587 F1: 0.0000
Epoch 65: Time: 0.0262 Cost: 3.5795 Pre: 0.0000 Re: 0.0000 Acc: 0.9587 F1: 0.0000
Epoch 66: Time: 0.0304 Cost: 3.5738 Pre: 0.0000 Re: 0.0000 Acc: 0.9587 F1: 0.0000
Epoch 67: Time: 0.0284 Cost: 3.5680 Pre: 0.0000 Re: 0.0000 Acc: 0.9587 F1: 0.0000
Epoch 68: Time: 0.0229 Cost: 3.5620 Pre: 0.0000 Re: 0.0000 Acc: 0.9587 F1: 0.0000
Epoch 69: Time: 0.0246 Cost: 3.5559 Pre: 0.0000 Re: 0.0000 Acc: 0.9587 F1: 0.0000
Epoch 70: Time: 0.0229 Cost: 3.5497 Pre: 0.0000 Re: 0.0000 Acc: 0.9587 F1: 0.0000


--------------------------------------------------------------------
Eval results: Cost:2.8848 Pre:0.0000 Re:0.0000 Acc:0.9753 F1:0.0000
--------------------------------------------------------------------

Epoch 71: Time: 0.0211 Cost: 3.5435 Pre: 0.0000 Re: 0.0000 Acc: 0.9587 F1: 0.0000
Epoch 72: Time: 0.0191 Cost: 3.5371 Pre: 0.0000 Re: 0.0000 Acc: 0.9587 F1: 0.0000
Epoch 73: Time: 0.0252 Cost: 3.5307 Pre: 0.0000 Re: 0.0000 Acc: 0.9587 F1: 0.0000
Epoch 74: Time: 0.0192 Cost: 3.5243 Pre: 0.0000 Re: 0.0000 Acc: 0.9587 F1: 0.0000
Epoch 75: Time: 0.0235 Cost: 3.5179 Pre: 0.0000 Re: 0.0000 Acc: 0.9587 F1: 0.0000
Epoch 76: Time: 0.0209 Cost: 3.5115 Pre: 0.0000 Re: 0.0000 Acc: 0.9587 F1: 0.0000
Epoch 77: Time: 0.0215 Cost: 3.5052 Pre: 0.0000 Re: 0.0000 Acc: 0.9587 F1: 0.0000
Epoch 78: Time: 0.0234 Cost: 3.4990 Pre: 0.0000 Re: 0.0000 Acc: 0.9587 F1: 0.0000
Epoch 79: Time: 0.0194 Cost: 3.4928 Pre: 0.0000 Re: 0.0000 Acc: 0.9587 F1: 0.0000
Epoch 80: Time: 0.0244 Cost: 3.4867 Pre: 0.0000 Re: 0.0000 Acc: 0.9587 F1: 0.0000


--------------------------------------------------------------------
Eval results: Cost:2.7949 Pre:0.0000 Re:0.0000 Acc:0.9753 F1:0.0000
--------------------------------------------------------------------

Epoch 81: Time: 0.0263 Cost: 3.4808 Pre: 0.0000 Re: 0.0000 Acc: 0.9587 F1: 0.0000
Epoch 82: Time: 0.0192 Cost: 3.4749 Pre: 0.0000 Re: 0.0000 Acc: 0.9587 F1: 0.0000
Epoch 83: Time: 0.0212 Cost: 3.4691 Pre: 1.0000 Re: 0.1000 Acc: 0.9628 F1: 0.1818
Epoch 84: Time: 0.0198 Cost: 3.4635 Pre: 1.0000 Re: 0.1000 Acc: 0.9628 F1: 0.1818
Epoch 85: Time: 0.0232 Cost: 3.4579 Pre: 1.0000 Re: 0.1000 Acc: 0.9628 F1: 0.1818
Epoch 86: Time: 0.0201 Cost: 3.4524 Pre: 1.0000 Re: 0.1000 Acc: 0.9628 F1: 0.1818
Epoch 87: Time: 0.0193 Cost: 3.4470 Pre: 1.0000 Re: 0.1000 Acc: 0.9628 F1: 0.1818
Epoch 88: Time: 0.0244 Cost: 3.4417 Pre: 1.0000 Re: 0.1000 Acc: 0.9628 F1: 0.1818
Epoch 89: Time: 0.0194 Cost: 3.4364 Pre: 1.0000 Re: 0.1000 Acc: 0.9628 F1: 0.1818
Epoch 90: Time: 0.0216 Cost: 3.4312 Pre: 1.0000 Re: 0.1000 Acc: 0.9628 F1: 0.1818


--------------------------------------------------------------------
Eval results: Cost:2.7268 Pre:1.0000 Re:0.2500 Acc:0.9815 F1:0.4000
--------------------------------------------------------------------

Epoch 91: Time: 0.0201 Cost: 3.4260 Pre: 1.0000 Re: 0.1000 Acc: 0.9628 F1: 0.1818
Epoch 92: Time: 0.0194 Cost: 3.4208 Pre: 1.0000 Re: 0.1000 Acc: 0.9628 F1: 0.1818
Epoch 93: Time: 0.0195 Cost: 3.4156 Pre: 1.0000 Re: 0.1000 Acc: 0.9628 F1: 0.1818
Epoch 94: Time: 0.0200 Cost: 3.4105 Pre: 1.0000 Re: 0.1000 Acc: 0.9628 F1: 0.1818
Epoch 95: Time: 0.0215 Cost: 3.4053 Pre: 1.0000 Re: 0.1000 Acc: 0.9628 F1: 0.1818
Epoch 96: Time: 0.0194 Cost: 3.4002 Pre: 1.0000 Re: 0.1000 Acc: 0.9628 F1: 0.1818
Epoch 97: Time: 0.0193 Cost: 3.3950 Pre: 1.0000 Re: 0.1000 Acc: 0.9628 F1: 0.1818
Epoch 98: Time: 0.0194 Cost: 3.3898 Pre: 1.0000 Re: 0.1000 Acc: 0.9628 F1: 0.1818
Epoch 99: Time: 0.0194 Cost: 3.3846 Pre: 1.0000 Re: 0.1000 Acc: 0.9628 F1: 0.1818
Epoch 100: Time: 0.0193 Cost: 3.3794 Pre: 1.0000 Re: 0.1000 Acc: 0.9628 F1: 0.1818


--------------------------------------------------------------------
Eval results: Cost:2.6790 Pre:1.0000 Re:0.2500 Acc:0.9815 F1:0.4000
--------------------------------------------------------------------

Epoch 101: Time: 0.0194 Cost: 3.3742 Pre: 1.0000 Re: 0.1000 Acc: 0.9628 F1: 0.1818
Epoch 102: Time: 0.0194 Cost: 3.3689 Pre: 1.0000 Re: 0.1000 Acc: 0.9628 F1: 0.1818
Epoch 103: Time: 0.0190 Cost: 3.3636 Pre: 1.0000 Re: 0.1000 Acc: 0.9628 F1: 0.1818
Epoch 104: Time: 0.0193 Cost: 3.3583 Pre: 1.0000 Re: 0.1000 Acc: 0.9628 F1: 0.1818
Epoch 105: Time: 0.0192 Cost: 3.3530 Pre: 1.0000 Re: 0.1000 Acc: 0.9628 F1: 0.1818
Epoch 106: Time: 0.0191 Cost: 3.3476 Pre: 1.0000 Re: 0.1000 Acc: 0.9628 F1: 0.1818
Epoch 107: Time: 0.0192 Cost: 3.3421 Pre: 1.0000 Re: 0.1000 Acc: 0.9628 F1: 0.1818
Epoch 108: Time: 0.0192 Cost: 3.3366 Pre: 1.0000 Re: 0.1000 Acc: 0.9628 F1: 0.1818
Epoch 109: Time: 0.0193 Cost: 3.3311 Pre: 1.0000 Re: 0.1000 Acc: 0.9628 F1: 0.1818
Epoch 110: Time: 0.0193 Cost: 3.3255 Pre: 1.0000 Re: 0.1000 Acc: 0.9628 F1: 0.1818


--------------------------------------------------------------------
Eval results: Cost:2.6377 Pre:1.0000 Re:0.2500 Acc:0.9815 F1:0.4000
--------------------------------------------------------------------

Epoch 111: Time: 0.0192 Cost: 3.3199 Pre: 1.0000 Re: 0.1000 Acc: 0.9628 F1: 0.1818
Epoch 112: Time: 0.0194 Cost: 3.3142 Pre: 1.0000 Re: 0.1000 Acc: 0.9628 F1: 0.1818
Epoch 113: Time: 0.0191 Cost: 3.3084 Pre: 1.0000 Re: 0.1000 Acc: 0.9628 F1: 0.1818
Epoch 114: Time: 0.0195 Cost: 3.3026 Pre: 1.0000 Re: 0.1000 Acc: 0.9628 F1: 0.1818
Epoch 115: Time: 0.0241 Cost: 3.2966 Pre: 1.0000 Re: 0.1000 Acc: 0.9628 F1: 0.1818
Epoch 116: Time: 0.0279 Cost: 3.2907 Pre: 1.0000 Re: 0.1000 Acc: 0.9628 F1: 0.1818
Epoch 117: Time: 0.0254 Cost: 3.2846 Pre: 1.0000 Re: 0.1000 Acc: 0.9628 F1: 0.1818
Epoch 118: Time: 0.0193 Cost: 3.2784 Pre: 1.0000 Re: 0.1000 Acc: 0.9628 F1: 0.1818
Epoch 119: Time: 0.0192 Cost: 3.2721 Pre: 1.0000 Re: 0.1000 Acc: 0.9628 F1: 0.1818
Epoch 120: Time: 0.0192 Cost: 3.2657 Pre: 1.0000 Re: 0.1000 Acc: 0.9628 F1: 0.1818


--------------------------------------------------------------------
Eval results: Cost:2.5955 Pre:1.0000 Re:0.2500 Acc:0.9815 F1:0.4000
--------------------------------------------------------------------

Epoch 121: Time: 0.0192 Cost: 3.2592 Pre: 1.0000 Re: 0.1000 Acc: 0.9628 F1: 0.1818
Epoch 122: Time: 0.0191 Cost: 3.2526 Pre: 1.0000 Re: 0.1000 Acc: 0.9628 F1: 0.1818
Epoch 123: Time: 0.0193 Cost: 3.2459 Pre: 1.0000 Re: 0.1000 Acc: 0.9628 F1: 0.1818
Epoch 124: Time: 0.0192 Cost: 3.2390 Pre: 1.0000 Re: 0.1000 Acc: 0.9628 F1: 0.1818
Epoch 125: Time: 0.0192 Cost: 3.2320 Pre: 1.0000 Re: 0.1000 Acc: 0.9628 F1: 0.1818
Epoch 126: Time: 0.0193 Cost: 3.2248 Pre: 1.0000 Re: 0.1000 Acc: 0.9628 F1: 0.1818
Epoch 127: Time: 0.0190 Cost: 3.2174 Pre: 1.0000 Re: 0.1000 Acc: 0.9628 F1: 0.1818
Epoch 128: Time: 0.0193 Cost: 3.2098 Pre: 1.0000 Re: 0.1000 Acc: 0.9628 F1: 0.1818
Epoch 129: Time: 0.0192 Cost: 3.2021 Pre: 1.0000 Re: 0.1000 Acc: 0.9628 F1: 0.1818
Epoch 130: Time: 0.0191 Cost: 3.1941 Pre: 1.0000 Re: 0.1000 Acc: 0.9628 F1: 0.1818


--------------------------------------------------------------------
Eval results: Cost:2.5476 Pre:1.0000 Re:0.2500 Acc:0.9815 F1:0.4000
--------------------------------------------------------------------

Epoch 131: Time: 0.0191 Cost: 3.1859 Pre: 1.0000 Re: 0.1000 Acc: 0.9628 F1: 0.1818
Epoch 132: Time: 0.0192 Cost: 3.1774 Pre: 1.0000 Re: 0.1000 Acc: 0.9628 F1: 0.1818
Epoch 133: Time: 0.0193 Cost: 3.1687 Pre: 1.0000 Re: 0.1000 Acc: 0.9628 F1: 0.1818
Epoch 134: Time: 0.0194 Cost: 3.1596 Pre: 1.0000 Re: 0.1000 Acc: 0.9628 F1: 0.1818
Epoch 135: Time: 0.0192 Cost: 3.1503 Pre: 1.0000 Re: 0.1000 Acc: 0.9628 F1: 0.1818
Epoch 136: Time: 0.0198 Cost: 3.1406 Pre: 1.0000 Re: 0.1000 Acc: 0.9628 F1: 0.1818
Epoch 137: Time: 0.0197 Cost: 3.1306 Pre: 1.0000 Re: 0.1000 Acc: 0.9628 F1: 0.1818
Epoch 138: Time: 0.0194 Cost: 3.1201 Pre: 1.0000 Re: 0.1000 Acc: 0.9628 F1: 0.1818
Epoch 139: Time: 0.0192 Cost: 3.1092 Pre: 1.0000 Re: 0.1000 Acc: 0.9628 F1: 0.1818
Epoch 140: Time: 0.0202 Cost: 3.0978 Pre: 1.0000 Re: 0.1000 Acc: 0.9628 F1: 0.1818


--------------------------------------------------------------------
Eval results: Cost:2.4845 Pre:1.0000 Re:0.2500 Acc:0.9815 F1:0.4000
--------------------------------------------------------------------

Epoch 141: Time: 0.0198 Cost: 3.0859 Pre: 1.0000 Re: 0.1000 Acc: 0.9628 F1: 0.1818
Epoch 142: Time: 0.0192 Cost: 3.0734 Pre: 1.0000 Re: 0.1000 Acc: 0.9628 F1: 0.1818
Epoch 143: Time: 0.0192 Cost: 3.0603 Pre: 1.0000 Re: 0.1000 Acc: 0.9628 F1: 0.1818
Epoch 144: Time: 0.0195 Cost: 3.0465 Pre: 1.0000 Re: 0.1000 Acc: 0.9628 F1: 0.1818
Epoch 145: Time: 0.0194 Cost: 3.0320 Pre: 1.0000 Re: 0.1000 Acc: 0.9628 F1: 0.1818
Epoch 146: Time: 0.0192 Cost: 3.0166 Pre: 1.0000 Re: 0.1000 Acc: 0.9628 F1: 0.1818
Epoch 147: Time: 0.0192 Cost: 3.0003 Pre: 1.0000 Re: 0.1000 Acc: 0.9628 F1: 0.1818
Epoch 148: Time: 0.0191 Cost: 2.9829 Pre: 1.0000 Re: 0.1000 Acc: 0.9628 F1: 0.1818
Epoch 149: Time: 0.0193 Cost: 2.9644 Pre: 1.0000 Re: 0.1000 Acc: 0.9628 F1: 0.1818
Epoch 150: Time: 0.0194 Cost: 2.9446 Pre: 1.0000 Re: 0.1000 Acc: 0.9628 F1: 0.1818


--------------------------------------------------------------------
Eval results: Cost:2.3768 Pre:1.0000 Re:0.2500 Acc:0.9815 F1:0.4000
--------------------------------------------------------------------

Epoch 151: Time: 0.0192 Cost: 2.9234 Pre: 1.0000 Re: 0.1000 Acc: 0.9628 F1: 0.1818
Epoch 152: Time: 0.0190 Cost: 2.9005 Pre: 1.0000 Re: 0.1000 Acc: 0.9628 F1: 0.1818
Epoch 153: Time: 0.0192 Cost: 2.8759 Pre: 1.0000 Re: 0.1000 Acc: 0.9628 F1: 0.1818
Epoch 154: Time: 0.0195 Cost: 2.8492 Pre: 1.0000 Re: 0.1000 Acc: 0.9628 F1: 0.1818
Epoch 155: Time: 0.0192 Cost: 2.8203 Pre: 1.0000 Re: 0.1000 Acc: 0.9628 F1: 0.1818
Epoch 156: Time: 0.0192 Cost: 2.7889 Pre: 1.0000 Re: 0.1000 Acc: 0.9628 F1: 0.1818
Epoch 157: Time: 0.0192 Cost: 2.7547 Pre: 1.0000 Re: 0.1000 Acc: 0.9628 F1: 0.1818
Epoch 158: Time: 0.0191 Cost: 2.7174 Pre: 1.0000 Re: 0.1000 Acc: 0.9628 F1: 0.1818
Epoch 159: Time: 0.0196 Cost: 2.6767 Pre: 1.0000 Re: 0.1000 Acc: 0.9628 F1: 0.1818
Epoch 160: Time: 0.0202 Cost: 2.6322 Pre: 1.0000 Re: 0.1000 Acc: 0.9628 F1: 0.1818


--------------------------------------------------------------------
Eval results: Cost:2.1117 Pre:1.0000 Re:0.2500 Acc:0.9815 F1:0.4000
--------------------------------------------------------------------

Epoch 161: Time: 0.0194 Cost: 2.5836 Pre: 1.0000 Re: 0.2000 Acc: 0.9669 F1: 0.3333
Epoch 162: Time: 0.0199 Cost: 2.5302 Pre: 1.0000 Re: 0.2000 Acc: 0.9669 F1: 0.3333
Epoch 163: Time: 0.0192 Cost: 2.4718 Pre: 1.0000 Re: 0.2000 Acc: 0.9669 F1: 0.3333
Epoch 164: Time: 0.0192 Cost: 2.4082 Pre: 1.0000 Re: 0.2000 Acc: 0.9669 F1: 0.3333
Epoch 165: Time: 0.0193 Cost: 2.3393 Pre: 1.0000 Re: 0.2000 Acc: 0.9669 F1: 0.3333
Epoch 166: Time: 0.0192 Cost: 2.2650 Pre: 1.0000 Re: 0.2000 Acc: 0.9669 F1: 0.3333
Epoch 167: Time: 0.0193 Cost: 2.1855 Pre: 1.0000 Re: 0.2000 Acc: 0.9669 F1: 0.3333
Epoch 168: Time: 0.0194 Cost: 2.1010 Pre: 1.0000 Re: 0.2000 Acc: 0.9669 F1: 0.3333
Epoch 169: Time: 0.0193 Cost: 2.0122 Pre: 1.0000 Re: 0.3000 Acc: 0.9711 F1: 0.4615
Epoch 170: Time: 0.0192 Cost: 1.9202 Pre: 1.0000 Re: 0.3000 Acc: 0.9711 F1: 0.4615


--------------------------------------------------------------------
Eval results: Cost:1.4226 Pre:1.0000 Re:0.2500 Acc:0.9815 F1:0.4000
--------------------------------------------------------------------

Epoch 171: Time: 0.0193 Cost: 1.8262 Pre: 1.0000 Re: 0.4000 Acc: 0.9752 F1: 0.5714
Epoch 172: Time: 0.0192 Cost: 1.7319 Pre: 1.0000 Re: 0.4000 Acc: 0.9752 F1: 0.5714
Epoch 173: Time: 0.0192 Cost: 1.6391 Pre: 1.0000 Re: 0.5000 Acc: 0.9793 F1: 0.6667
Epoch 174: Time: 0.0193 Cost: 1.5492 Pre: 1.0000 Re: 0.5000 Acc: 0.9793 F1: 0.6667
Epoch 175: Time: 0.0193 Cost: 1.4639 Pre: 1.0000 Re: 0.6000 Acc: 0.9835 F1: 0.7500
Epoch 176: Time: 0.0191 Cost: 1.3842 Pre: 1.0000 Re: 0.7000 Acc: 0.9876 F1: 0.8235
Epoch 177: Time: 0.0192 Cost: 1.3106 Pre: 1.0000 Re: 0.9000 Acc: 0.9959 F1: 0.9474
Epoch 178: Time: 0.0192 Cost: 1.2432 Pre: 1.0000 Re: 1.0000 Acc: 1.0000 F1: 1.0000
Epoch 179: Time: 0.0193 Cost: 1.1819 Pre: 1.0000 Re: 1.0000 Acc: 1.0000 F1: 1.0000
Epoch 180: Time: 0.0193 Cost: 1.1263 Pre: 1.0000 Re: 1.0000 Acc: 1.0000 F1: 1.0000


--------------------------------------------------------------------
Eval results: Cost:0.7432 Pre:1.0000 Re:1.0000 Acc:1.0000 F1:1.0000
--------------------------------------------------------------------

Epoch 181: Time: 0.0193 Cost: 1.0759 Pre: 1.0000 Re: 1.0000 Acc: 1.0000 F1: 1.0000
Epoch 182: Time: 0.0198 Cost: 1.0307 Pre: 1.0000 Re: 1.0000 Acc: 1.0000 F1: 1.0000
Epoch 183: Time: 0.0195 Cost: 0.9898 Pre: 1.0000 Re: 1.0000 Acc: 1.0000 F1: 1.0000
Epoch 184: Time: 0.0193 Cost: 0.9526 Pre: 1.0000 Re: 1.0000 Acc: 1.0000 F1: 1.0000
Epoch 185: Time: 0.0202 Cost: 0.9188 Pre: 1.0000 Re: 1.0000 Acc: 1.0000 F1: 1.0000
Epoch 186: Time: 0.0221 Cost: 0.8878 Pre: 1.0000 Re: 1.0000 Acc: 1.0000 F1: 1.0000
Epoch 187: Time: 0.0203 Cost: 0.8595 Pre: 1.0000 Re: 1.0000 Acc: 1.0000 F1: 1.0000
Epoch 188: Time: 0.0195 Cost: 0.8336 Pre: 1.0000 Re: 1.0000 Acc: 1.0000 F1: 1.0000
Epoch 189: Time: 0.0196 Cost: 0.8096 Pre: 1.0000 Re: 1.0000 Acc: 1.0000 F1: 1.0000
Epoch 190: Time: 0.0193 Cost: 0.7875 Pre: 1.0000 Re: 1.0000 Acc: 1.0000 F1: 1.0000


--------------------------------------------------------------------
Eval results: Cost:0.5012 Pre:1.0000 Re:1.0000 Acc:1.0000 F1:1.0000
--------------------------------------------------------------------

Epoch 191: Time: 0.0196 Cost: 0.7670 Pre: 1.0000 Re: 1.0000 Acc: 1.0000 F1: 1.0000
Epoch 192: Time: 0.0193 Cost: 0.7481 Pre: 1.0000 Re: 1.0000 Acc: 1.0000 F1: 1.0000
Epoch 193: Time: 0.0192 Cost: 0.7306 Pre: 1.0000 Re: 1.0000 Acc: 1.0000 F1: 1.0000
Epoch 194: Time: 0.0194 Cost: 0.7142 Pre: 1.0000 Re: 1.0000 Acc: 1.0000 F1: 1.0000
Epoch 195: Time: 0.0197 Cost: 0.6989 Pre: 1.0000 Re: 1.0000 Acc: 1.0000 F1: 1.0000
Epoch 196: Time: 0.0196 Cost: 0.6846 Pre: 1.0000 Re: 1.0000 Acc: 1.0000 F1: 1.0000
Epoch 197: Time: 0.0192 Cost: 0.6711 Pre: 1.0000 Re: 1.0000 Acc: 1.0000 F1: 1.0000
Epoch 198: Time: 0.0192 Cost: 0.6584 Pre: 1.0000 Re: 1.0000 Acc: 1.0000 F1: 1.0000
Epoch 199: Time: 0.0191 Cost: 0.6463 Pre: 1.0000 Re: 1.0000 Acc: 1.0000 F1: 1.0000
Epoch 200: Time: 0.0194 Cost: 0.6350 Pre: 1.0000 Re: 1.0000 Acc: 1.0000 F1: 1.0000


--------------------------------------------------------------------
Eval results: Cost:0.3932 Pre:1.0000 Re:1.0000 Acc:1.0000 F1:1.0000
--------------------------------------------------------------------

Epoch 201: Time: 0.0195 Cost: 0.6241 Pre: 1.0000 Re: 1.0000 Acc: 1.0000 F1: 1.0000
Epoch 202: Time: 0.0192 Cost: 0.6138 Pre: 1.0000 Re: 1.0000 Acc: 1.0000 F1: 1.0000
Epoch 203: Time: 0.0192 Cost: 0.6041 Pre: 1.0000 Re: 1.0000 Acc: 1.0000 F1: 1.0000
Epoch 204: Time: 0.0191 Cost: 0.5948 Pre: 1.0000 Re: 1.0000 Acc: 1.0000 F1: 1.0000
Epoch 205: Time: 0.0195 Cost: 0.5858 Pre: 1.0000 Re: 1.0000 Acc: 1.0000 F1: 1.0000
Epoch 206: Time: 0.0195 Cost: 0.5772 Pre: 1.0000 Re: 1.0000 Acc: 1.0000 F1: 1.0000
Epoch 207: Time: 0.0191 Cost: 0.5690 Pre: 1.0000 Re: 1.0000 Acc: 1.0000 F1: 1.0000
Epoch 208: Time: 0.0192 Cost: 0.5610 Pre: 1.0000 Re: 1.0000 Acc: 1.0000 F1: 1.0000
Epoch 209: Time: 0.0200 Cost: 0.5533 Pre: 1.0000 Re: 1.0000 Acc: 1.0000 F1: 1.0000
Epoch 210: Time: 0.0191 Cost: 0.5459 Pre: 1.0000 Re: 1.0000 Acc: 1.0000 F1: 1.0000


--------------------------------------------------------------------
Eval results: Cost:0.3314 Pre:1.0000 Re:1.0000 Acc:1.0000 F1:1.0000
--------------------------------------------------------------------

Epoch 211: Time: 0.0193 Cost: 0.5386 Pre: 1.0000 Re: 1.0000 Acc: 1.0000 F1: 1.0000
Epoch 212: Time: 0.0191 Cost: 0.5316 Pre: 1.0000 Re: 1.0000 Acc: 1.0000 F1: 1.0000
Epoch 213: Time: 0.0192 Cost: 0.5249 Pre: 1.0000 Re: 1.0000 Acc: 1.0000 F1: 1.0000
Epoch 214: Time: 0.0189 Cost: 0.5183 Pre: 1.0000 Re: 1.0000 Acc: 1.0000 F1: 1.0000
Epoch 215: Time: 0.0193 Cost: 0.5119 Pre: 1.0000 Re: 1.0000 Acc: 1.0000 F1: 1.0000
Epoch 216: Time: 0.0193 Cost: 0.5056 Pre: 1.0000 Re: 1.0000 Acc: 1.0000 F1: 1.0000
Epoch 217: Time: 0.0191 Cost: 0.4995 Pre: 1.0000 Re: 1.0000 Acc: 1.0000 F1: 1.0000
Epoch 218: Time: 0.0192 Cost: 0.4935 Pre: 1.0000 Re: 1.0000 Acc: 1.0000 F1: 1.0000
Epoch 219: Time: 0.0192 Cost: 0.4877 Pre: 1.0000 Re: 1.0000 Acc: 1.0000 F1: 1.0000
Epoch 220: Time: 0.0194 Cost: 0.4820 Pre: 1.0000 Re: 1.0000 Acc: 1.0000 F1: 1.0000


--------------------------------------------------------------------
Eval results: Cost:0.2884 Pre:1.0000 Re:1.0000 Acc:1.0000 F1:1.0000
--------------------------------------------------------------------

Epoch 221: Time: 0.0191 Cost: 0.4764 Pre: 1.0000 Re: 1.0000 Acc: 1.0000 F1: 1.0000
Epoch 222: Time: 0.0191 Cost: 0.4709 Pre: 1.0000 Re: 1.0000 Acc: 1.0000 F1: 1.0000
Epoch 223: Time: 0.0190 Cost: 0.4656 Pre: 1.0000 Re: 1.0000 Acc: 1.0000 F1: 1.0000
Epoch 224: Time: 0.0192 Cost: 0.4603 Pre: 1.0000 Re: 1.0000 Acc: 1.0000 F1: 1.0000
Epoch 225: Time: 0.0192 Cost: 0.4552 Pre: 1.0000 Re: 1.0000 Acc: 1.0000 F1: 1.0000
Epoch 226: Time: 0.0192 Cost: 0.4501 Pre: 1.0000 Re: 1.0000 Acc: 1.0000 F1: 1.0000
Epoch 227: Time: 0.0192 Cost: 0.4451 Pre: 1.0000 Re: 1.0000 Acc: 1.0000 F1: 1.0000
Epoch 228: Time: 0.0190 Cost: 0.4402 Pre: 1.0000 Re: 1.0000 Acc: 1.0000 F1: 1.0000
Epoch 229: Time: 0.0196 Cost: 0.4354 Pre: 1.0000 Re: 1.0000 Acc: 1.0000 F1: 1.0000
Epoch 230: Time: 0.0196 Cost: 0.4307 Pre: 1.0000 Re: 1.0000 Acc: 1.0000 F1: 1.0000


--------------------------------------------------------------------
Eval results: Cost:0.2548 Pre:1.0000 Re:1.0000 Acc:1.0000 F1:1.0000
--------------------------------------------------------------------

Epoch 231: Time: 0.0196 Cost: 0.4260 Pre: 1.0000 Re: 1.0000 Acc: 1.0000 F1: 1.0000
Epoch 232: Time: 0.0212 Cost: 0.4214 Pre: 1.0000 Re: 1.0000 Acc: 1.0000 F1: 1.0000
Epoch 233: Time: 0.0196 Cost: 0.4169 Pre: 1.0000 Re: 1.0000 Acc: 1.0000 F1: 1.0000
Epoch 234: Time: 0.0197 Cost: 0.4125 Pre: 1.0000 Re: 1.0000 Acc: 1.0000 F1: 1.0000
Epoch 235: Time: 0.0197 Cost: 0.4081 Pre: 1.0000 Re: 1.0000 Acc: 1.0000 F1: 1.0000
Epoch 236: Time: 0.0194 Cost: 0.4037 Pre: 1.0000 Re: 1.0000 Acc: 1.0000 F1: 1.0000
Epoch 237: Time: 0.0192 Cost: 0.3995 Pre: 1.0000 Re: 1.0000 Acc: 1.0000 F1: 1.0000
Epoch 238: Time: 0.0192 Cost: 0.3953 Pre: 1.0000 Re: 1.0000 Acc: 1.0000 F1: 1.0000
Epoch 239: Time: 0.0195 Cost: 0.3911 Pre: 1.0000 Re: 1.0000 Acc: 1.0000 F1: 1.0000
Epoch 240: Time: 0.0193 Cost: 0.3871 Pre: 1.0000 Re: 1.0000 Acc: 1.0000 F1: 1.0000


--------------------------------------------------------------------
Eval results: Cost:0.2269 Pre:1.0000 Re:1.0000 Acc:1.0000 F1:1.0000
--------------------------------------------------------------------

Epoch 241: Time: 0.0196 Cost: 0.3830 Pre: 1.0000 Re: 1.0000 Acc: 1.0000 F1: 1.0000
Epoch 242: Time: 0.0192 Cost: 0.3790 Pre: 1.0000 Re: 1.0000 Acc: 1.0000 F1: 1.0000
Epoch 243: Time: 0.0191 Cost: 0.3751 Pre: 1.0000 Re: 1.0000 Acc: 1.0000 F1: 1.0000
Epoch 244: Time: 0.0192 Cost: 0.3712 Pre: 1.0000 Re: 1.0000 Acc: 1.0000 F1: 1.0000
Epoch 245: Time: 0.0193 Cost: 0.3674 Pre: 1.0000 Re: 1.0000 Acc: 1.0000 F1: 1.0000
Epoch 246: Time: 0.0193 Cost: 0.3636 Pre: 1.0000 Re: 1.0000 Acc: 1.0000 F1: 1.0000
Epoch 247: Time: 0.0192 Cost: 0.3599 Pre: 1.0000 Re: 1.0000 Acc: 1.0000 F1: 1.0000
Epoch 248: Time: 0.0202 Cost: 0.3562 Pre: 1.0000 Re: 1.0000 Acc: 1.0000 F1: 1.0000
Epoch 249: Time: 0.0198 Cost: 0.3525 Pre: 1.0000 Re: 1.0000 Acc: 1.0000 F1: 1.0000
Epoch 250: Time: 0.0193 Cost: 0.3490 Pre: 1.0000 Re: 1.0000 Acc: 1.0000 F1: 1.0000


--------------------------------------------------------------------
Eval results: Cost:0.2030 Pre:1.0000 Re:1.0000 Acc:1.0000 F1:1.0000
--------------------------------------------------------------------

Epoch 251: Time: 0.0195 Cost: 0.3454 Pre: 1.0000 Re: 1.0000 Acc: 1.0000 F1: 1.0000
Epoch 252: Time: 0.0192 Cost: 0.3419 Pre: 1.0000 Re: 1.0000 Acc: 1.0000 F1: 1.0000
Epoch 253: Time: 0.0195 Cost: 0.3384 Pre: 1.0000 Re: 1.0000 Acc: 1.0000 F1: 1.0000
Epoch 254: Time: 0.0191 Cost: 0.3350 Pre: 1.0000 Re: 1.0000 Acc: 1.0000 F1: 1.0000
Epoch 255: Time: 0.0195 Cost: 0.3316 Pre: 1.0000 Re: 1.0000 Acc: 1.0000 F1: 1.0000
Epoch 256: Time: 0.0193 Cost: 0.3282 Pre: 1.0000 Re: 1.0000 Acc: 1.0000 F1: 1.0000
Epoch 257: Time: 0.0192 Cost: 0.3249 Pre: 1.0000 Re: 1.0000 Acc: 1.0000 F1: 1.0000
Epoch 258: Time: 0.0192 Cost: 0.3216 Pre: 1.0000 Re: 1.0000 Acc: 1.0000 F1: 1.0000
Epoch 259: Time: 0.0190 Cost: 0.3184 Pre: 1.0000 Re: 1.0000 Acc: 1.0000 F1: 1.0000
Epoch 260: Time: 0.0192 Cost: 0.3152 Pre: 1.0000 Re: 1.0000 Acc: 1.0000 F1: 1.0000


--------------------------------------------------------------------
Eval results: Cost:0.1822 Pre:1.0000 Re:1.0000 Acc:1.0000 F1:1.0000
--------------------------------------------------------------------

Epoch 261: Time: 0.0193 Cost: 0.3120 Pre: 1.0000 Re: 1.0000 Acc: 1.0000 F1: 1.0000
Epoch 262: Time: 0.0193 Cost: 0.3088 Pre: 1.0000 Re: 1.0000 Acc: 1.0000 F1: 1.0000
Epoch 263: Time: 0.0190 Cost: 0.3057 Pre: 1.0000 Re: 1.0000 Acc: 1.0000 F1: 1.0000
Epoch 264: Time: 0.0191 Cost: 0.3027 Pre: 1.0000 Re: 1.0000 Acc: 1.0000 F1: 1.0000
Epoch 265: Time: 0.0193 Cost: 0.2996 Pre: 1.0000 Re: 1.0000 Acc: 1.0000 F1: 1.0000
Epoch 266: Time: 0.0192 Cost: 0.2966 Pre: 1.0000 Re: 1.0000 Acc: 1.0000 F1: 1.0000
Epoch 267: Time: 0.0191 Cost: 0.2936 Pre: 1.0000 Re: 1.0000 Acc: 1.0000 F1: 1.0000
Epoch 268: Time: 0.0192 Cost: 0.2907 Pre: 1.0000 Re: 1.0000 Acc: 1.0000 F1: 1.0000
Epoch 269: Time: 0.0190 Cost: 0.2878 Pre: 1.0000 Re: 1.0000 Acc: 1.0000 F1: 1.0000
Epoch 270: Time: 0.0193 Cost: 0.2849 Pre: 1.0000 Re: 1.0000 Acc: 1.0000 F1: 1.0000


--------------------------------------------------------------------
Eval results: Cost:0.1639 Pre:1.0000 Re:1.0000 Acc:1.0000 F1:1.0000
--------------------------------------------------------------------

Epoch 271: Time: 0.0193 Cost: 0.2821 Pre: 1.0000 Re: 1.0000 Acc: 1.0000 F1: 1.0000
Epoch 272: Time: 0.0193 Cost: 0.2792 Pre: 1.0000 Re: 1.0000 Acc: 1.0000 F1: 1.0000
Epoch 273: Time: 0.0192 Cost: 0.2764 Pre: 1.0000 Re: 1.0000 Acc: 1.0000 F1: 1.0000
Epoch 274: Time: 0.0190 Cost: 0.2737 Pre: 1.0000 Re: 1.0000 Acc: 1.0000 F1: 1.0000
Epoch 275: Time: 0.0197 Cost: 0.2710 Pre: 1.0000 Re: 1.0000 Acc: 1.0000 F1: 1.0000
Epoch 276: Time: 0.0196 Cost: 0.2683 Pre: 1.0000 Re: 1.0000 Acc: 1.0000 F1: 1.0000
Epoch 277: Time: 0.0193 Cost: 0.2656 Pre: 1.0000 Re: 1.0000 Acc: 1.0000 F1: 1.0000
Epoch 278: Time: 0.0200 Cost: 0.2629 Pre: 1.0000 Re: 1.0000 Acc: 1.0000 F1: 1.0000
Epoch 279: Time: 0.0220 Cost: 0.2603 Pre: 1.0000 Re: 1.0000 Acc: 1.0000 F1: 1.0000
Epoch 280: Time: 0.0195 Cost: 0.2577 Pre: 1.0000 Re: 1.0000 Acc: 1.0000 F1: 1.0000


--------------------------------------------------------------------
Eval results: Cost:0.1476 Pre:1.0000 Re:1.0000 Acc:1.0000 F1:1.0000
--------------------------------------------------------------------

Epoch 281: Time: 0.0201 Cost: 0.2552 Pre: 1.0000 Re: 1.0000 Acc: 1.0000 F1: 1.0000
Epoch 282: Time: 0.0192 Cost: 0.2526 Pre: 1.0000 Re: 1.0000 Acc: 1.0000 F1: 1.0000
Epoch 283: Time: 0.0191 Cost: 0.2501 Pre: 1.0000 Re: 1.0000 Acc: 1.0000 F1: 1.0000
Epoch 284: Time: 0.0193 Cost: 0.2476 Pre: 1.0000 Re: 1.0000 Acc: 1.0000 F1: 1.0000
Epoch 285: Time: 0.0195 Cost: 0.2451 Pre: 1.0000 Re: 1.0000 Acc: 1.0000 F1: 1.0000
Epoch 286: Time: 0.0203 Cost: 0.2427 Pre: 1.0000 Re: 1.0000 Acc: 1.0000 F1: 1.0000
Epoch 287: Time: 0.0195 Cost: 0.2402 Pre: 1.0000 Re: 1.0000 Acc: 1.0000 F1: 1.0000
Epoch 288: Time: 0.0193 Cost: 0.2378 Pre: 1.0000 Re: 1.0000 Acc: 1.0000 F1: 1.0000
Epoch 289: Time: 0.0191 Cost: 0.2355 Pre: 1.0000 Re: 1.0000 Acc: 1.0000 F1: 1.0000
Epoch 290: Time: 0.0191 Cost: 0.2331 Pre: 1.0000 Re: 1.0000 Acc: 1.0000 F1: 1.0000


--------------------------------------------------------------------
Eval results: Cost:0.1330 Pre:1.0000 Re:1.0000 Acc:1.0000 F1:1.0000
--------------------------------------------------------------------

Epoch 291: Time: 0.0194 Cost: 0.2308 Pre: 1.0000 Re: 1.0000 Acc: 1.0000 F1: 1.0000
Epoch 292: Time: 0.0192 Cost: 0.2285 Pre: 1.0000 Re: 1.0000 Acc: 1.0000 F1: 1.0000
Epoch 293: Time: 0.0191 Cost: 0.2262 Pre: 1.0000 Re: 1.0000 Acc: 1.0000 F1: 1.0000
Epoch 294: Time: 0.0191 Cost: 0.2240 Pre: 1.0000 Re: 1.0000 Acc: 1.0000 F1: 1.0000
Epoch 295: Time: 0.0192 Cost: 0.2217 Pre: 1.0000 Re: 1.0000 Acc: 1.0000 F1: 1.0000
Epoch 296: Time: 0.0192 Cost: 0.2195 Pre: 1.0000 Re: 1.0000 Acc: 1.0000 F1: 1.0000
Epoch 297: Time: 0.0192 Cost: 0.2173 Pre: 1.0000 Re: 1.0000 Acc: 1.0000 F1: 1.0000
Epoch 298: Time: 0.0194 Cost: 0.2151 Pre: 1.0000 Re: 1.0000 Acc: 1.0000 F1: 1.0000
Epoch 299: Time: 0.0196 Cost: 0.2130 Pre: 1.0000 Re: 1.0000 Acc: 1.0000 F1: 1.0000
Epoch 300: Time: 0.0258 Cost: 0.2109 Pre: 1.0000 Re: 1.0000 Acc: 1.0000 F1: 1.0000


--------------------------------------------------------------------
Eval results: Cost:0.1199 Pre:1.0000 Re:1.0000 Acc:1.0000 F1:1.0000
--------------------------------------------------------------------

Epoch 301: Time: 0.0195 Cost: 0.2088 Pre: 1.0000 Re: 1.0000 Acc: 1.0000 F1: 1.0000
Epoch 302: Time: 0.0197 Cost: 0.2067 Pre: 1.0000 Re: 1.0000 Acc: 1.0000 F1: 1.0000
Epoch 303: Time: 0.0191 Cost: 0.2046 Pre: 1.0000 Re: 1.0000 Acc: 1.0000 F1: 1.0000
Epoch 304: Time: 0.0193 Cost: 0.2026 Pre: 1.0000 Re: 1.0000 Acc: 1.0000 F1: 1.0000
Epoch 305: Time: 0.0197 Cost: 0.2006 Pre: 1.0000 Re: 1.0000 Acc: 1.0000 F1: 1.0000
Epoch 306: Time: 0.0196 Cost: 0.1986 Pre: 1.0000 Re: 1.0000 Acc: 1.0000 F1: 1.0000
Epoch 307: Time: 0.0195 Cost: 0.1966 Pre: 1.0000 Re: 1.0000 Acc: 1.0000 F1: 1.0000
Epoch 308: Time: 0.0191 Cost: 0.1946 Pre: 1.0000 Re: 1.0000 Acc: 1.0000 F1: 1.0000
Epoch 309: Time: 0.0195 Cost: 0.1927 Pre: 1.0000 Re: 1.0000 Acc: 1.0000 F1: 1.0000
Epoch 310: Time: 0.0209 Cost: 0.1907 Pre: 1.0000 Re: 1.0000 Acc: 1.0000 F1: 1.0000


--------------------------------------------------------------------
Eval results: Cost:0.1082 Pre:1.0000 Re:1.0000 Acc:1.0000 F1:1.0000
--------------------------------------------------------------------

Epoch 311: Time: 0.0193 Cost: 0.1888 Pre: 1.0000 Re: 1.0000 Acc: 1.0000 F1: 1.0000
Epoch 312: Time: 0.0191 Cost: 0.1869 Pre: 1.0000 Re: 1.0000 Acc: 1.0000 F1: 1.0000
Epoch 313: Time: 0.0191 Cost: 0.1851 Pre: 1.0000 Re: 1.0000 Acc: 1.0000 F1: 1.0000
Epoch 314: Time: 0.0194 Cost: 0.1832 Pre: 1.0000 Re: 1.0000 Acc: 1.0000 F1: 1.0000
Epoch 315: Time: 0.0192 Cost: 0.1814 Pre: 1.0000 Re: 1.0000 Acc: 1.0000 F1: 1.0000
Epoch 316: Time: 0.0192 Cost: 0.1796 Pre: 1.0000 Re: 1.0000 Acc: 1.0000 F1: 1.0000
Epoch 317: Time: 0.0192 Cost: 0.1777 Pre: 1.0000 Re: 1.0000 Acc: 1.0000 F1: 1.0000
Epoch 318: Time: 0.0191 Cost: 0.1760 Pre: 1.0000 Re: 1.0000 Acc: 1.0000 F1: 1.0000
Epoch 319: Time: 0.0195 Cost: 0.1742 Pre: 1.0000 Re: 1.0000 Acc: 1.0000 F1: 1.0000
Epoch 320: Time: 0.0192 Cost: 0.1725 Pre: 1.0000 Re: 1.0000 Acc: 1.0000 F1: 1.0000


--------------------------------------------------------------------
Eval results: Cost:0.0976 Pre:1.0000 Re:1.0000 Acc:1.0000 F1:1.0000
--------------------------------------------------------------------

Epoch 321: Time: 0.0193 Cost: 0.1708 Pre: 1.0000 Re: 1.0000 Acc: 1.0000 F1: 1.0000
Epoch 322: Time: 0.0192 Cost: 0.1690 Pre: 1.0000 Re: 1.0000 Acc: 1.0000 F1: 1.0000
Epoch 323: Time: 0.0200 Cost: 0.1673 Pre: 1.0000 Re: 1.0000 Acc: 1.0000 F1: 1.0000
Epoch 324: Time: 0.0217 Cost: 0.1656 Pre: 1.0000 Re: 1.0000 Acc: 1.0000 F1: 1.0000
Epoch 325: Time: 0.0196 Cost: 0.1640 Pre: 1.0000 Re: 1.0000 Acc: 1.0000 F1: 1.0000
Epoch 326: Time: 0.0197 Cost: 0.1623 Pre: 1.0000 Re: 1.0000 Acc: 1.0000 F1: 1.0000
Epoch 327: Time: 0.0197 Cost: 0.1607 Pre: 1.0000 Re: 1.0000 Acc: 1.0000 F1: 1.0000
Epoch 328: Time: 0.0193 Cost: 0.1591 Pre: 1.0000 Re: 1.0000 Acc: 1.0000 F1: 1.0000
Epoch 329: Time: 0.0190 Cost: 0.1575 Pre: 1.0000 Re: 1.0000 Acc: 1.0000 F1: 1.0000
Epoch 330: Time: 0.0192 Cost: 0.1559 Pre: 1.0000 Re: 1.0000 Acc: 1.0000 F1: 1.0000


--------------------------------------------------------------------
Eval results: Cost:0.0880 Pre:1.0000 Re:1.0000 Acc:1.0000 F1:1.0000
--------------------------------------------------------------------

Epoch 331: Time: 0.0194 Cost: 0.1544 Pre: 1.0000 Re: 1.0000 Acc: 1.0000 F1: 1.0000
Epoch 332: Time: 0.0197 Cost: 0.1528 Pre: 1.0000 Re: 1.0000 Acc: 1.0000 F1: 1.0000
Epoch 333: Time: 0.0192 Cost: 0.1512 Pre: 1.0000 Re: 1.0000 Acc: 1.0000 F1: 1.0000
Epoch 334: Time: 0.0191 Cost: 0.1497 Pre: 1.0000 Re: 1.0000 Acc: 1.0000 F1: 1.0000
Epoch 335: Time: 0.0192 Cost: 0.1482 Pre: 1.0000 Re: 1.0000 Acc: 1.0000 F1: 1.0000
Epoch 336: Time: 0.0192 Cost: 0.1467 Pre: 1.0000 Re: 1.0000 Acc: 1.0000 F1: 1.0000
Epoch 337: Time: 0.0192 Cost: 0.1452 Pre: 1.0000 Re: 1.0000 Acc: 1.0000 F1: 1.0000
Epoch 338: Time: 0.0195 Cost: 0.1438 Pre: 1.0000 Re: 1.0000 Acc: 1.0000 F1: 1.0000
Epoch 339: Time: 0.0191 Cost: 0.1423 Pre: 1.0000 Re: 1.0000 Acc: 1.0000 F1: 1.0000
Epoch 340: Time: 0.0196 Cost: 0.1409 Pre: 1.0000 Re: 1.0000 Acc: 1.0000 F1: 1.0000


--------------------------------------------------------------------
Eval results: Cost:0.0794 Pre:1.0000 Re:1.0000 Acc:1.0000 F1:1.0000
--------------------------------------------------------------------

Epoch 341: Time: 0.0193 Cost: 0.1395 Pre: 1.0000 Re: 1.0000 Acc: 1.0000 F1: 1.0000
Epoch 342: Time: 0.0195 Cost: 0.1381 Pre: 1.0000 Re: 1.0000 Acc: 1.0000 F1: 1.0000
Epoch 343: Time: 0.0196 Cost: 0.1367 Pre: 1.0000 Re: 1.0000 Acc: 1.0000 F1: 1.0000
Epoch 344: Time: 0.0191 Cost: 0.1353 Pre: 1.0000 Re: 1.0000 Acc: 1.0000 F1: 1.0000
Epoch 345: Time: 0.0193 Cost: 0.1339 Pre: 1.0000 Re: 1.0000 Acc: 1.0000 F1: 1.0000
Epoch 346: Time: 0.0195 Cost: 0.1326 Pre: 1.0000 Re: 1.0000 Acc: 1.0000 F1: 1.0000
Epoch 347: Time: 0.0200 Cost: 0.1312 Pre: 1.0000 Re: 1.0000 Acc: 1.0000 F1: 1.0000
Epoch 348: Time: 0.0191 Cost: 0.1299 Pre: 1.0000 Re: 1.0000 Acc: 1.0000 F1: 1.0000
Epoch 349: Time: 0.0190 Cost: 0.1286 Pre: 1.0000 Re: 1.0000 Acc: 1.0000 F1: 1.0000
Epoch 350: Time: 0.0192 Cost: 0.1273 Pre: 1.0000 Re: 1.0000 Acc: 1.0000 F1: 1.0000


--------------------------------------------------------------------
Eval results: Cost:0.0716 Pre:1.0000 Re:1.0000 Acc:1.0000 F1:1.0000
--------------------------------------------------------------------

Epoch 351: Time: 0.0194 Cost: 0.1260 Pre: 1.0000 Re: 1.0000 Acc: 1.0000 F1: 1.0000
Epoch 352: Time: 0.0191 Cost: 0.1247 Pre: 1.0000 Re: 1.0000 Acc: 1.0000 F1: 1.0000
Epoch 353: Time: 0.0191 Cost: 0.1235 Pre: 1.0000 Re: 1.0000 Acc: 1.0000 F1: 1.0000
Epoch 354: Time: 0.0191 Cost: 0.1222 Pre: 1.0000 Re: 1.0000 Acc: 1.0000 F1: 1.0000
Epoch 355: Time: 0.0193 Cost: 0.1210 Pre: 1.0000 Re: 1.0000 Acc: 1.0000 F1: 1.0000
Epoch 356: Time: 0.0192 Cost: 0.1198 Pre: 1.0000 Re: 1.0000 Acc: 1.0000 F1: 1.0000
Epoch 357: Time: 0.0193 Cost: 0.1185 Pre: 1.0000 Re: 1.0000 Acc: 1.0000 F1: 1.0000
Epoch 358: Time: 0.0191 Cost: 0.1173 Pre: 1.0000 Re: 1.0000 Acc: 1.0000 F1: 1.0000
Epoch 359: Time: 0.0191 Cost: 0.1161 Pre: 1.0000 Re: 1.0000 Acc: 1.0000 F1: 1.0000
Epoch 360: Time: 0.0193 Cost: 0.1150 Pre: 1.0000 Re: 1.0000 Acc: 1.0000 F1: 1.0000


--------------------------------------------------------------------
Eval results: Cost:0.0645 Pre:1.0000 Re:1.0000 Acc:1.0000 F1:1.0000
--------------------------------------------------------------------

Epoch 361: Time: 0.0195 Cost: 0.1138 Pre: 1.0000 Re: 1.0000 Acc: 1.0000 F1: 1.0000
Epoch 362: Time: 0.0191 Cost: 0.1127 Pre: 1.0000 Re: 1.0000 Acc: 1.0000 F1: 1.0000
Epoch 363: Time: 0.0190 Cost: 0.1115 Pre: 1.0000 Re: 1.0000 Acc: 1.0000 F1: 1.0000
Epoch 364: Time: 0.0192 Cost: 0.1104 Pre: 1.0000 Re: 1.0000 Acc: 1.0000 F1: 1.0000
Epoch 365: Time: 0.0192 Cost: 0.1093 Pre: 1.0000 Re: 1.0000 Acc: 1.0000 F1: 1.0000
Epoch 366: Time: 0.0198 Cost: 0.1082 Pre: 1.0000 Re: 1.0000 Acc: 1.0000 F1: 1.0000
Epoch 367: Time: 0.0242 Cost: 0.1071 Pre: 1.0000 Re: 1.0000 Acc: 1.0000 F1: 1.0000
Epoch 368: Time: 0.0194 Cost: 0.1060 Pre: 1.0000 Re: 1.0000 Acc: 1.0000 F1: 1.0000
Epoch 369: Time: 0.0191 Cost: 0.1049 Pre: 1.0000 Re: 1.0000 Acc: 1.0000 F1: 1.0000
Epoch 370: Time: 0.0213 Cost: 0.1038 Pre: 1.0000 Re: 1.0000 Acc: 1.0000 F1: 1.0000


--------------------------------------------------------------------
Eval results: Cost:0.0582 Pre:1.0000 Re:1.0000 Acc:1.0000 F1:1.0000
--------------------------------------------------------------------

Epoch 371: Time: 0.0197 Cost: 0.1028 Pre: 1.0000 Re: 1.0000 Acc: 1.0000 F1: 1.0000
Epoch 372: Time: 0.0197 Cost: 0.1018 Pre: 1.0000 Re: 1.0000 Acc: 1.0000 F1: 1.0000
Epoch 373: Time: 0.0198 Cost: 0.1007 Pre: 1.0000 Re: 1.0000 Acc: 1.0000 F1: 1.0000
Epoch 374: Time: 0.0191 Cost: 0.0997 Pre: 1.0000 Re: 1.0000 Acc: 1.0000 F1: 1.0000
Epoch 375: Time: 0.0193 Cost: 0.0987 Pre: 1.0000 Re: 1.0000 Acc: 1.0000 F1: 1.0000
Epoch 376: Time: 0.0192 Cost: 0.0977 Pre: 1.0000 Re: 1.0000 Acc: 1.0000 F1: 1.0000
Epoch 377: Time: 0.0193 Cost: 0.0967 Pre: 1.0000 Re: 1.0000 Acc: 1.0000 F1: 1.0000
Epoch 378: Time: 0.0193 Cost: 0.0957 Pre: 1.0000 Re: 1.0000 Acc: 1.0000 F1: 1.0000
Epoch 379: Time: 0.0193 Cost: 0.0947 Pre: 1.0000 Re: 1.0000 Acc: 1.0000 F1: 1.0000
Epoch 380: Time: 0.0193 Cost: 0.0938 Pre: 1.0000 Re: 1.0000 Acc: 1.0000 F1: 1.0000


--------------------------------------------------------------------
Eval results: Cost:0.0525 Pre:1.0000 Re:1.0000 Acc:1.0000 F1:1.0000
--------------------------------------------------------------------

Epoch 381: Time: 0.0193 Cost: 0.0929 Pre: 1.0000 Re: 1.0000 Acc: 1.0000 F1: 1.0000
Epoch 382: Time: 0.0193 Cost: 0.0919 Pre: 1.0000 Re: 1.0000 Acc: 1.0000 F1: 1.0000
Epoch 383: Time: 0.0191 Cost: 0.0910 Pre: 1.0000 Re: 1.0000 Acc: 1.0000 F1: 1.0000
Epoch 384: Time: 0.0203 Cost: 0.0901 Pre: 1.0000 Re: 1.0000 Acc: 1.0000 F1: 1.0000
Epoch 385: Time: 0.0191 Cost: 0.0891 Pre: 1.0000 Re: 1.0000 Acc: 1.0000 F1: 1.0000
Epoch 386: Time: 0.0193 Cost: 0.0882 Pre: 1.0000 Re: 1.0000 Acc: 1.0000 F1: 1.0000
Epoch 387: Time: 0.0192 Cost: 0.0873 Pre: 1.0000 Re: 1.0000 Acc: 1.0000 F1: 1.0000
Epoch 388: Time: 0.0191 Cost: 0.0865 Pre: 1.0000 Re: 1.0000 Acc: 1.0000 F1: 1.0000
Epoch 389: Time: 0.0195 Cost: 0.0856 Pre: 1.0000 Re: 1.0000 Acc: 1.0000 F1: 1.0000
Epoch 390: Time: 0.0196 Cost: 0.0847 Pre: 1.0000 Re: 1.0000 Acc: 1.0000 F1: 1.0000


--------------------------------------------------------------------
Eval results: Cost:0.0474 Pre:1.0000 Re:1.0000 Acc:1.0000 F1:1.0000
--------------------------------------------------------------------

Epoch 391: Time: 0.0199 Cost: 0.0839 Pre: 1.0000 Re: 1.0000 Acc: 1.0000 F1: 1.0000
Epoch 392: Time: 0.0196 Cost: 0.0830 Pre: 1.0000 Re: 1.0000 Acc: 1.0000 F1: 1.0000
Epoch 393: Time: 0.0195 Cost: 0.0822 Pre: 1.0000 Re: 1.0000 Acc: 1.0000 F1: 1.0000
Epoch 394: Time: 0.0204 Cost: 0.0814 Pre: 1.0000 Re: 1.0000 Acc: 1.0000 F1: 1.0000
Epoch 395: Time: 0.0190 Cost: 0.0805 Pre: 1.0000 Re: 1.0000 Acc: 1.0000 F1: 1.0000
Epoch 396: Time: 0.0192 Cost: 0.0797 Pre: 1.0000 Re: 1.0000 Acc: 1.0000 F1: 1.0000
Epoch 397: Time: 0.0193 Cost: 0.0789 Pre: 1.0000 Re: 1.0000 Acc: 1.0000 F1: 1.0000
Epoch 398: Time: 0.0194 Cost: 0.0781 Pre: 1.0000 Re: 1.0000 Acc: 1.0000 F1: 1.0000
Epoch 399: Time: 0.0193 Cost: 0.0773 Pre: 1.0000 Re: 1.0000 Acc: 1.0000 F1: 1.0000
Epoch 400: Time: 0.0194 Cost: 0.0766 Pre: 1.0000 Re: 1.0000 Acc: 1.0000 F1: 1.0000


--------------------------------------------------------------------
Eval results: Cost:0.0428 Pre:1.0000 Re:1.0000 Acc:1.0000 F1:1.0000
--------------------------------------------------------------------

Epoch 401: Time: 0.0199 Cost: 0.0758 Pre: 1.0000 Re: 1.0000 Acc: 1.0000 F1: 1.0000
Epoch 402: Time: 0.0191 Cost: 0.0750 Pre: 1.0000 Re: 1.0000 Acc: 1.0000 F1: 1.0000
Epoch 403: Time: 0.0194 Cost: 0.0743 Pre: 1.0000 Re: 1.0000 Acc: 1.0000 F1: 1.0000
Epoch 404: Time: 0.0192 Cost: 0.0735 Pre: 1.0000 Re: 1.0000 Acc: 1.0000 F1: 1.0000
Epoch 405: Time: 0.0191 Cost: 0.0728 Pre: 1.0000 Re: 1.0000 Acc: 1.0000 F1: 1.0000
Epoch 406: Time: 0.0191 Cost: 0.0721 Pre: 1.0000 Re: 1.0000 Acc: 1.0000 F1: 1.0000
Epoch 407: Time: 0.0199 Cost: 0.0713 Pre: 1.0000 Re: 1.0000 Acc: 1.0000 F1: 1.0000
Epoch 408: Time: 0.0193 Cost: 0.0706 Pre: 1.0000 Re: 1.0000 Acc: 1.0000 F1: 1.0000
Epoch 409: Time: 0.0192 Cost: 0.0699 Pre: 1.0000 Re: 1.0000 Acc: 1.0000 F1: 1.0000
Epoch 410: Time: 0.0192 Cost: 0.0692 Pre: 1.0000 Re: 1.0000 Acc: 1.0000 F1: 1.0000


--------------------------------------------------------------------
Eval results: Cost:0.0386 Pre:1.0000 Re:1.0000 Acc:1.0000 F1:1.0000
--------------------------------------------------------------------

Epoch 411: Time: 0.0196 Cost: 0.0685 Pre: 1.0000 Re: 1.0000 Acc: 1.0000 F1: 1.0000
Epoch 412: Time: 0.0195 Cost: 0.0679 Pre: 1.0000 Re: 1.0000 Acc: 1.0000 F1: 1.0000
Epoch 413: Time: 0.0194 Cost: 0.0672 Pre: 1.0000 Re: 1.0000 Acc: 1.0000 F1: 1.0000
Epoch 414: Time: 0.0193 Cost: 0.0665 Pre: 1.0000 Re: 1.0000 Acc: 1.0000 F1: 1.0000
Epoch 415: Time: 0.0198 Cost: 0.0659 Pre: 1.0000 Re: 1.0000 Acc: 1.0000 F1: 1.0000
Epoch 416: Time: 0.0214 Cost: 0.0652 Pre: 1.0000 Re: 1.0000 Acc: 1.0000 F1: 1.0000
Epoch 417: Time: 0.0195 Cost: 0.0645 Pre: 1.0000 Re: 1.0000 Acc: 1.0000 F1: 1.0000
Epoch 418: Time: 0.0195 Cost: 0.0639 Pre: 1.0000 Re: 1.0000 Acc: 1.0000 F1: 1.0000
Epoch 419: Time: 0.0196 Cost: 0.0633 Pre: 1.0000 Re: 1.0000 Acc: 1.0000 F1: 1.0000
Epoch 420: Time: 0.0193 Cost: 0.0627 Pre: 1.0000 Re: 1.0000 Acc: 1.0000 F1: 1.0000


--------------------------------------------------------------------
Eval results: Cost:0.0349 Pre:1.0000 Re:1.0000 Acc:1.0000 F1:1.0000
--------------------------------------------------------------------

Epoch 421: Time: 0.0193 Cost: 0.0620 Pre: 1.0000 Re: 1.0000 Acc: 1.0000 F1: 1.0000
Epoch 422: Time: 0.0193 Cost: 0.0614 Pre: 1.0000 Re: 1.0000 Acc: 1.0000 F1: 1.0000
Epoch 423: Time: 0.0191 Cost: 0.0608 Pre: 1.0000 Re: 1.0000 Acc: 1.0000 F1: 1.0000
Epoch 424: Time: 0.0197 Cost: 0.0602 Pre: 1.0000 Re: 1.0000 Acc: 1.0000 F1: 1.0000
Epoch 425: Time: 0.0190 Cost: 0.0596 Pre: 1.0000 Re: 1.0000 Acc: 1.0000 F1: 1.0000
Epoch 426: Time: 0.0191 Cost: 0.0590 Pre: 1.0000 Re: 1.0000 Acc: 1.0000 F1: 1.0000
Epoch 427: Time: 0.0193 Cost: 0.0585 Pre: 1.0000 Re: 1.0000 Acc: 1.0000 F1: 1.0000
Epoch 428: Time: 0.0190 Cost: 0.0579 Pre: 1.0000 Re: 1.0000 Acc: 1.0000 F1: 1.0000
Epoch 429: Time: 0.0193 Cost: 0.0573 Pre: 1.0000 Re: 1.0000 Acc: 1.0000 F1: 1.0000
Epoch 430: Time: 0.0192 Cost: 0.0568 Pre: 1.0000 Re: 1.0000 Acc: 1.0000 F1: 1.0000


--------------------------------------------------------------------
Eval results: Cost:0.0316 Pre:1.0000 Re:1.0000 Acc:1.0000 F1:1.0000
--------------------------------------------------------------------

Epoch 431: Time: 0.0195 Cost: 0.0562 Pre: 1.0000 Re: 1.0000 Acc: 1.0000 F1: 1.0000
Epoch 432: Time: 0.0190 Cost: 0.0557 Pre: 1.0000 Re: 1.0000 Acc: 1.0000 F1: 1.0000
Epoch 433: Time: 0.0191 Cost: 0.0551 Pre: 1.0000 Re: 1.0000 Acc: 1.0000 F1: 1.0000
Epoch 434: Time: 0.0192 Cost: 0.0546 Pre: 1.0000 Re: 1.0000 Acc: 1.0000 F1: 1.0000
Epoch 435: Time: 0.0194 Cost: 0.0541 Pre: 1.0000 Re: 1.0000 Acc: 1.0000 F1: 1.0000
Epoch 436: Time: 0.0192 Cost: 0.0535 Pre: 1.0000 Re: 1.0000 Acc: 1.0000 F1: 1.0000
Epoch 437: Time: 0.0190 Cost: 0.0530 Pre: 1.0000 Re: 1.0000 Acc: 1.0000 F1: 1.0000
Epoch 438: Time: 0.0194 Cost: 0.0525 Pre: 1.0000 Re: 1.0000 Acc: 1.0000 F1: 1.0000
Epoch 439: Time: 0.0193 Cost: 0.0520 Pre: 1.0000 Re: 1.0000 Acc: 1.0000 F1: 1.0000
Epoch 440: Time: 0.0192 Cost: 0.0515 Pre: 1.0000 Re: 1.0000 Acc: 1.0000 F1: 1.0000


--------------------------------------------------------------------
Eval results: Cost:0.0287 Pre:1.0000 Re:1.0000 Acc:1.0000 F1:1.0000
--------------------------------------------------------------------

Epoch 441: Time: 0.0190 Cost: 0.0510 Pre: 1.0000 Re: 1.0000 Acc: 1.0000 F1: 1.0000
Epoch 442: Time: 0.0190 Cost: 0.0505 Pre: 1.0000 Re: 1.0000 Acc: 1.0000 F1: 1.0000
Epoch 443: Time: 0.0192 Cost: 0.0500 Pre: 1.0000 Re: 1.0000 Acc: 1.0000 F1: 1.0000
Epoch 444: Time: 0.0192 Cost: 0.0496 Pre: 1.0000 Re: 1.0000 Acc: 1.0000 F1: 1.0000
Epoch 445: Time: 0.0192 Cost: 0.0491 Pre: 1.0000 Re: 1.0000 Acc: 1.0000 F1: 1.0000
Epoch 446: Time: 0.0194 Cost: 0.0486 Pre: 1.0000 Re: 1.0000 Acc: 1.0000 F1: 1.0000
Epoch 447: Time: 0.0191 Cost: 0.0482 Pre: 1.0000 Re: 1.0000 Acc: 1.0000 F1: 1.0000
Epoch 448: Time: 0.0191 Cost: 0.0477 Pre: 1.0000 Re: 1.0000 Acc: 1.0000 F1: 1.0000
Epoch 449: Time: 0.0193 Cost: 0.0472 Pre: 1.0000 Re: 1.0000 Acc: 1.0000 F1: 1.0000
Epoch 450: Time: 0.0192 Cost: 0.0468 Pre: 1.0000 Re: 1.0000 Acc: 1.0000 F1: 1.0000


--------------------------------------------------------------------
Eval results: Cost:0.0260 Pre:1.0000 Re:1.0000 Acc:1.0000 F1:1.0000
--------------------------------------------------------------------

Epoch 451: Time: 0.0194 Cost: 0.0464 Pre: 1.0000 Re: 1.0000 Acc: 1.0000 F1: 1.0000
Epoch 452: Time: 0.0191 Cost: 0.0459 Pre: 1.0000 Re: 1.0000 Acc: 1.0000 F1: 1.0000
Epoch 453: Time: 0.0192 Cost: 0.0455 Pre: 1.0000 Re: 1.0000 Acc: 1.0000 F1: 1.0000
Epoch 454: Time: 0.0193 Cost: 0.0451 Pre: 1.0000 Re: 1.0000 Acc: 1.0000 F1: 1.0000
Epoch 455: Time: 0.0194 Cost: 0.0446 Pre: 1.0000 Re: 1.0000 Acc: 1.0000 F1: 1.0000
Epoch 456: Time: 0.0191 Cost: 0.0442 Pre: 1.0000 Re: 1.0000 Acc: 1.0000 F1: 1.0000
Epoch 457: Time: 0.0191 Cost: 0.0438 Pre: 1.0000 Re: 1.0000 Acc: 1.0000 F1: 1.0000
Epoch 458: Time: 0.0196 Cost: 0.0434 Pre: 1.0000 Re: 1.0000 Acc: 1.0000 F1: 1.0000
Epoch 459: Time: 0.0196 Cost: 0.0430 Pre: 1.0000 Re: 1.0000 Acc: 1.0000 F1: 1.0000
Epoch 460: Time: 0.0193 Cost: 0.0426 Pre: 1.0000 Re: 1.0000 Acc: 1.0000 F1: 1.0000


--------------------------------------------------------------------
Eval results: Cost:0.0237 Pre:1.0000 Re:1.0000 Acc:1.0000 F1:1.0000
--------------------------------------------------------------------

Epoch 461: Time: 0.0199 Cost: 0.0422 Pre: 1.0000 Re: 1.0000 Acc: 1.0000 F1: 1.0000
Epoch 462: Time: 0.0211 Cost: 0.0418 Pre: 1.0000 Re: 1.0000 Acc: 1.0000 F1: 1.0000
Epoch 463: Time: 0.0191 Cost: 0.0415 Pre: 1.0000 Re: 1.0000 Acc: 1.0000 F1: 1.0000
Epoch 464: Time: 0.0198 Cost: 0.0411 Pre: 1.0000 Re: 1.0000 Acc: 1.0000 F1: 1.0000
Epoch 465: Time: 0.0192 Cost: 0.0407 Pre: 1.0000 Re: 1.0000 Acc: 1.0000 F1: 1.0000
Epoch 466: Time: 0.0192 Cost: 0.0403 Pre: 1.0000 Re: 1.0000 Acc: 1.0000 F1: 1.0000
Epoch 467: Time: 0.0192 Cost: 0.0400 Pre: 1.0000 Re: 1.0000 Acc: 1.0000 F1: 1.0000
Epoch 468: Time: 0.0191 Cost: 0.0396 Pre: 1.0000 Re: 1.0000 Acc: 1.0000 F1: 1.0000
Epoch 469: Time: 0.0193 Cost: 0.0392 Pre: 1.0000 Re: 1.0000 Acc: 1.0000 F1: 1.0000
Epoch 470: Time: 0.0196 Cost: 0.0389 Pre: 1.0000 Re: 1.0000 Acc: 1.0000 F1: 1.0000


--------------------------------------------------------------------
Eval results: Cost:0.0216 Pre:1.0000 Re:1.0000 Acc:1.0000 F1:1.0000
--------------------------------------------------------------------

Epoch 471: Time: 0.0192 Cost: 0.0385 Pre: 1.0000 Re: 1.0000 Acc: 1.0000 F1: 1.0000
Epoch 472: Time: 0.0192 Cost: 0.0382 Pre: 1.0000 Re: 1.0000 Acc: 1.0000 F1: 1.0000
Epoch 473: Time: 0.0192 Cost: 0.0379 Pre: 1.0000 Re: 1.0000 Acc: 1.0000 F1: 1.0000
Epoch 474: Time: 0.0193 Cost: 0.0375 Pre: 1.0000 Re: 1.0000 Acc: 1.0000 F1: 1.0000
Epoch 475: Time: 0.0192 Cost: 0.0372 Pre: 1.0000 Re: 1.0000 Acc: 1.0000 F1: 1.0000
Epoch 476: Time: 0.0191 Cost: 0.0369 Pre: 1.0000 Re: 1.0000 Acc: 1.0000 F1: 1.0000
Epoch 477: Time: 0.0193 Cost: 0.0365 Pre: 1.0000 Re: 1.0000 Acc: 1.0000 F1: 1.0000
Epoch 478: Time: 0.0190 Cost: 0.0362 Pre: 1.0000 Re: 1.0000 Acc: 1.0000 F1: 1.0000
Epoch 479: Time: 0.0194 Cost: 0.0359 Pre: 1.0000 Re: 1.0000 Acc: 1.0000 F1: 1.0000
Epoch 480: Time: 0.0190 Cost: 0.0356 Pre: 1.0000 Re: 1.0000 Acc: 1.0000 F1: 1.0000


--------------------------------------------------------------------
Eval results: Cost:0.0198 Pre:1.0000 Re:1.0000 Acc:1.0000 F1:1.0000
--------------------------------------------------------------------

Epoch 481: Time: 0.0196 Cost: 0.0353 Pre: 1.0000 Re: 1.0000 Acc: 1.0000 F1: 1.0000
Epoch 482: Time: 0.0190 Cost: 0.0350 Pre: 1.0000 Re: 1.0000 Acc: 1.0000 F1: 1.0000
Epoch 483: Time: 0.0192 Cost: 0.0347 Pre: 1.0000 Re: 1.0000 Acc: 1.0000 F1: 1.0000
Epoch 484: Time: 0.0205 Cost: 0.0344 Pre: 1.0000 Re: 1.0000 Acc: 1.0000 F1: 1.0000
Epoch 485: Time: 0.0195 Cost: 0.0341 Pre: 1.0000 Re: 1.0000 Acc: 1.0000 F1: 1.0000
Epoch 486: Time: 0.0191 Cost: 0.0338 Pre: 1.0000 Re: 1.0000 Acc: 1.0000 F1: 1.0000
Epoch 487: Time: 0.0191 Cost: 0.0335 Pre: 1.0000 Re: 1.0000 Acc: 1.0000 F1: 1.0000
Epoch 488: Time: 0.0193 Cost: 0.0332 Pre: 1.0000 Re: 1.0000 Acc: 1.0000 F1: 1.0000
Epoch 489: Time: 0.0195 Cost: 0.0329 Pre: 1.0000 Re: 1.0000 Acc: 1.0000 F1: 1.0000
Epoch 490: Time: 0.0191 Cost: 0.0326 Pre: 1.0000 Re: 1.0000 Acc: 1.0000 F1: 1.0000


--------------------------------------------------------------------
Eval results: Cost:0.0182 Pre:1.0000 Re:1.0000 Acc:1.0000 F1:1.0000
--------------------------------------------------------------------

Epoch 491: Time: 0.0193 Cost: 0.0324 Pre: 1.0000 Re: 1.0000 Acc: 1.0000 F1: 1.0000
Epoch 492: Time: 0.0191 Cost: 0.0321 Pre: 1.0000 Re: 1.0000 Acc: 1.0000 F1: 1.0000
Epoch 493: Time: 0.0239 Cost: 0.0318 Pre: 1.0000 Re: 1.0000 Acc: 1.0000 F1: 1.0000
Epoch 494: Time: 0.0193 Cost: 0.0316 Pre: 1.0000 Re: 1.0000 Acc: 1.0000 F1: 1.0000
Epoch 495: Time: 0.0194 Cost: 0.0313 Pre: 1.0000 Re: 1.0000 Acc: 1.0000 F1: 1.0000
Epoch 496: Time: 0.0193 Cost: 0.0310 Pre: 1.0000 Re: 1.0000 Acc: 1.0000 F1: 1.0000
Epoch 497: Time: 0.0193 Cost: 0.0308 Pre: 1.0000 Re: 1.0000 Acc: 1.0000 F1: 1.0000
Epoch 498: Time: 0.0192 Cost: 0.0305 Pre: 1.0000 Re: 1.0000 Acc: 1.0000 F1: 1.0000
Epoch 499: Time: 0.0191 Cost: 0.0303 Pre: 1.0000 Re: 1.0000 Acc: 1.0000 F1: 1.0000
Epoch 500: Time: 0.0193 Cost: 0.0300 Pre: 1.0000 Re: 1.0000 Acc: 1.0000 F1: 1.0000


--------------------------------------------------------------------
Eval results: Cost:0.0167 Pre:1.0000 Re:1.0000 Acc:1.0000 F1:1.0000
--------------------------------------------------------------------

Epoch 501: Time: 0.0193 Cost: 0.0298 Pre: 1.0000 Re: 1.0000 Acc: 1.0000 F1: 1.0000
Epoch 502: Time: 0.0193 Cost: 0.0295 Pre: 1.0000 Re: 1.0000 Acc: 1.0000 F1: 1.0000
Epoch 503: Time: 0.0194 Cost: 0.0293 Pre: 1.0000 Re: 1.0000 Acc: 1.0000 F1: 1.0000
Epoch 504: Time: 0.0198 Cost: 0.0291 Pre: 1.0000 Re: 1.0000 Acc: 1.0000 F1: 1.0000
Epoch 505: Time: 0.0192 Cost: 0.0288 Pre: 1.0000 Re: 1.0000 Acc: 1.0000 F1: 1.0000
Epoch 506: Time: 0.0193 Cost: 0.0286 Pre: 1.0000 Re: 1.0000 Acc: 1.0000 F1: 1.0000
Epoch 507: Time: 0.0203 Cost: 0.0284 Pre: 1.0000 Re: 1.0000 Acc: 1.0000 F1: 1.0000
Epoch 508: Time: 0.0216 Cost: 0.0281 Pre: 1.0000 Re: 1.0000 Acc: 1.0000 F1: 1.0000
Epoch 509: Time: 0.0203 Cost: 0.0279 Pre: 1.0000 Re: 1.0000 Acc: 1.0000 F1: 1.0000
Epoch 510: Time: 0.0195 Cost: 0.0277 Pre: 1.0000 Re: 1.0000 Acc: 1.0000 F1: 1.0000


--------------------------------------------------------------------
Eval results: Cost:0.0154 Pre:1.0000 Re:1.0000 Acc:1.0000 F1:1.0000
--------------------------------------------------------------------

Epoch 511: Time: 0.0198 Cost: 0.0275 Pre: 1.0000 Re: 1.0000 Acc: 1.0000 F1: 1.0000
Epoch 512: Time: 0.0193 Cost: 0.0273 Pre: 1.0000 Re: 1.0000 Acc: 1.0000 F1: 1.0000
Epoch 513: Time: 0.0192 Cost: 0.0271 Pre: 1.0000 Re: 1.0000 Acc: 1.0000 F1: 1.0000
Epoch 514: Time: 0.0192 Cost: 0.0269 Pre: 1.0000 Re: 1.0000 Acc: 1.0000 F1: 1.0000
Epoch 515: Time: 0.0192 Cost: 0.0266 Pre: 1.0000 Re: 1.0000 Acc: 1.0000 F1: 1.0000
Epoch 516: Time: 0.0194 Cost: 0.0264 Pre: 1.0000 Re: 1.0000 Acc: 1.0000 F1: 1.0000
Epoch 517: Time: 0.0194 Cost: 0.0262 Pre: 1.0000 Re: 1.0000 Acc: 1.0000 F1: 1.0000
Epoch 518: Time: 0.0192 Cost: 0.0260 Pre: 1.0000 Re: 1.0000 Acc: 1.0000 F1: 1.0000
Epoch 519: Time: 0.0191 Cost: 0.0258 Pre: 1.0000 Re: 1.0000 Acc: 1.0000 F1: 1.0000
Epoch 520: Time: 0.0193 Cost: 0.0256 Pre: 1.0000 Re: 1.0000 Acc: 1.0000 F1: 1.0000


--------------------------------------------------------------------
Eval results: Cost:0.0143 Pre:1.0000 Re:1.0000 Acc:1.0000 F1:1.0000
--------------------------------------------------------------------

Epoch 521: Time: 0.0191 Cost: 0.0254 Pre: 1.0000 Re: 1.0000 Acc: 1.0000 F1: 1.0000
Epoch 522: Time: 0.0193 Cost: 0.0253 Pre: 1.0000 Re: 1.0000 Acc: 1.0000 F1: 1.0000
Epoch 523: Time: 0.0192 Cost: 0.0251 Pre: 1.0000 Re: 1.0000 Acc: 1.0000 F1: 1.0000
Epoch 524: Time: 0.0191 Cost: 0.0249 Pre: 1.0000 Re: 1.0000 Acc: 1.0000 F1: 1.0000
Epoch 525: Time: 0.0192 Cost: 0.0247 Pre: 1.0000 Re: 1.0000 Acc: 1.0000 F1: 1.0000
Epoch 526: Time: 0.0193 Cost: 0.0245 Pre: 1.0000 Re: 1.0000 Acc: 1.0000 F1: 1.0000
Epoch 527: Time: 0.0196 Cost: 0.0243 Pre: 1.0000 Re: 1.0000 Acc: 1.0000 F1: 1.0000
Epoch 528: Time: 0.0192 Cost: 0.0241 Pre: 1.0000 Re: 1.0000 Acc: 1.0000 F1: 1.0000
Epoch 529: Time: 0.0192 Cost: 0.0240 Pre: 1.0000 Re: 1.0000 Acc: 1.0000 F1: 1.0000
Epoch 530: Time: 0.0189 Cost: 0.0238 Pre: 1.0000 Re: 1.0000 Acc: 1.0000 F1: 1.0000


--------------------------------------------------------------------
Eval results: Cost:0.0132 Pre:1.0000 Re:1.0000 Acc:1.0000 F1:1.0000
--------------------------------------------------------------------

Epoch 531: Time: 0.0193 Cost: 0.0236 Pre: 1.0000 Re: 1.0000 Acc: 1.0000 F1: 1.0000
Epoch 532: Time: 0.0193 Cost: 0.0235 Pre: 1.0000 Re: 1.0000 Acc: 1.0000 F1: 1.0000
Epoch 533: Time: 0.0191 Cost: 0.0233 Pre: 1.0000 Re: 1.0000 Acc: 1.0000 F1: 1.0000
Epoch 534: Time: 0.0192 Cost: 0.0231 Pre: 1.0000 Re: 1.0000 Acc: 1.0000 F1: 1.0000
Epoch 535: Time: 0.0195 Cost: 0.0230 Pre: 1.0000 Re: 1.0000 Acc: 1.0000 F1: 1.0000
Epoch 536: Time: 0.0198 Cost: 0.0228 Pre: 1.0000 Re: 1.0000 Acc: 1.0000 F1: 1.0000
Epoch 537: Time: 0.0191 Cost: 0.0226 Pre: 1.0000 Re: 1.0000 Acc: 1.0000 F1: 1.0000
Epoch 538: Time: 0.0192 Cost: 0.0225 Pre: 1.0000 Re: 1.0000 Acc: 1.0000 F1: 1.0000
Epoch 539: Time: 0.0191 Cost: 0.0223 Pre: 1.0000 Re: 1.0000 Acc: 1.0000 F1: 1.0000
Epoch 540: Time: 0.0195 Cost: 0.0222 Pre: 1.0000 Re: 1.0000 Acc: 1.0000 F1: 1.0000


--------------------------------------------------------------------
Eval results: Cost:0.0123 Pre:1.0000 Re:1.0000 Acc:1.0000 F1:1.0000
--------------------------------------------------------------------

Epoch 541: Time: 0.0193 Cost: 0.0220 Pre: 1.0000 Re: 1.0000 Acc: 1.0000 F1: 1.0000
Epoch 542: Time: 0.0192 Cost: 0.0218 Pre: 1.0000 Re: 1.0000 Acc: 1.0000 F1: 1.0000
Epoch 543: Time: 0.0191 Cost: 0.0217 Pre: 1.0000 Re: 1.0000 Acc: 1.0000 F1: 1.0000
Epoch 544: Time: 0.0192 Cost: 0.0215 Pre: 1.0000 Re: 1.0000 Acc: 1.0000 F1: 1.0000
Epoch 545: Time: 0.0191 Cost: 0.0214 Pre: 1.0000 Re: 1.0000 Acc: 1.0000 F1: 1.0000
Epoch 546: Time: 0.0193 Cost: 0.0213 Pre: 1.0000 Re: 1.0000 Acc: 1.0000 F1: 1.0000
Epoch 547: Time: 0.0193 Cost: 0.0211 Pre: 1.0000 Re: 1.0000 Acc: 1.0000 F1: 1.0000
Epoch 548: Time: 0.0192 Cost: 0.0210 Pre: 1.0000 Re: 1.0000 Acc: 1.0000 F1: 1.0000
Epoch 549: Time: 0.0191 Cost: 0.0208 Pre: 1.0000 Re: 1.0000 Acc: 1.0000 F1: 1.0000
Epoch 550: Time: 0.0193 Cost: 0.0207 Pre: 1.0000 Re: 1.0000 Acc: 1.0000 F1: 1.0000


--------------------------------------------------------------------
Eval results: Cost:0.0115 Pre:1.0000 Re:1.0000 Acc:1.0000 F1:1.0000
--------------------------------------------------------------------

Epoch 551: Time: 0.0194 Cost: 0.0205 Pre: 1.0000 Re: 1.0000 Acc: 1.0000 F1: 1.0000
Epoch 552: Time: 0.0191 Cost: 0.0204 Pre: 1.0000 Re: 1.0000 Acc: 1.0000 F1: 1.0000
Epoch 553: Time: 0.0201 Cost: 0.0203 Pre: 1.0000 Re: 1.0000 Acc: 1.0000 F1: 1.0000
Epoch 554: Time: 0.0214 Cost: 0.0201 Pre: 1.0000 Re: 1.0000 Acc: 1.0000 F1: 1.0000
Epoch 555: Time: 0.0193 Cost: 0.0200 Pre: 1.0000 Re: 1.0000 Acc: 1.0000 F1: 1.0000
Epoch 556: Time: 0.0193 Cost: 0.0199 Pre: 1.0000 Re: 1.0000 Acc: 1.0000 F1: 1.0000
Epoch 557: Time: 0.0193 Cost: 0.0197 Pre: 1.0000 Re: 1.0000 Acc: 1.0000 F1: 1.0000
Epoch 558: Time: 0.0192 Cost: 0.0196 Pre: 1.0000 Re: 1.0000 Acc: 1.0000 F1: 1.0000
Epoch 559: Time: 0.0194 Cost: 0.0195 Pre: 1.0000 Re: 1.0000 Acc: 1.0000 F1: 1.0000
Epoch 560: Time: 0.0190 Cost: 0.0194 Pre: 1.0000 Re: 1.0000 Acc: 1.0000 F1: 1.0000


--------------------------------------------------------------------
Eval results: Cost:0.0108 Pre:1.0000 Re:1.0000 Acc:1.0000 F1:1.0000
--------------------------------------------------------------------

Epoch 561: Time: 0.0193 Cost: 0.0192 Pre: 1.0000 Re: 1.0000 Acc: 1.0000 F1: 1.0000
Epoch 562: Time: 0.0197 Cost: 0.0191 Pre: 1.0000 Re: 1.0000 Acc: 1.0000 F1: 1.0000
Epoch 563: Time: 0.0193 Cost: 0.0190 Pre: 1.0000 Re: 1.0000 Acc: 1.0000 F1: 1.0000
Epoch 564: Time: 0.0190 Cost: 0.0189 Pre: 1.0000 Re: 1.0000 Acc: 1.0000 F1: 1.0000
Epoch 565: Time: 0.0190 Cost: 0.0188 Pre: 1.0000 Re: 1.0000 Acc: 1.0000 F1: 1.0000
Epoch 566: Time: 0.0193 Cost: 0.0186 Pre: 1.0000 Re: 1.0000 Acc: 1.0000 F1: 1.0000
Epoch 567: Time: 0.0192 Cost: 0.0185 Pre: 1.0000 Re: 1.0000 Acc: 1.0000 F1: 1.0000
Epoch 568: Time: 0.0192 Cost: 0.0184 Pre: 1.0000 Re: 1.0000 Acc: 1.0000 F1: 1.0000
Epoch 569: Time: 0.0192 Cost: 0.0183 Pre: 1.0000 Re: 1.0000 Acc: 1.0000 F1: 1.0000
Epoch 570: Time: 0.0191 Cost: 0.0182 Pre: 1.0000 Re: 1.0000 Acc: 1.0000 F1: 1.0000


--------------------------------------------------------------------
Eval results: Cost:0.0101 Pre:1.0000 Re:1.0000 Acc:1.0000 F1:1.0000
--------------------------------------------------------------------

Epoch 571: Time: 0.0193 Cost: 0.0181 Pre: 1.0000 Re: 1.0000 Acc: 1.0000 F1: 1.0000
Epoch 572: Time: 0.0192 Cost: 0.0180 Pre: 1.0000 Re: 1.0000 Acc: 1.0000 F1: 1.0000
Epoch 573: Time: 0.0194 Cost: 0.0178 Pre: 1.0000 Re: 1.0000 Acc: 1.0000 F1: 1.0000
Epoch 574: Time: 0.0191 Cost: 0.0177 Pre: 1.0000 Re: 1.0000 Acc: 1.0000 F1: 1.0000
Epoch 575: Time: 0.0190 Cost: 0.0176 Pre: 1.0000 Re: 1.0000 Acc: 1.0000 F1: 1.0000
Epoch 576: Time: 0.0192 Cost: 0.0175 Pre: 1.0000 Re: 1.0000 Acc: 1.0000 F1: 1.0000
Epoch 577: Time: 0.0195 Cost: 0.0174 Pre: 1.0000 Re: 1.0000 Acc: 1.0000 F1: 1.0000
Epoch 578: Time: 0.0192 Cost: 0.0173 Pre: 1.0000 Re: 1.0000 Acc: 1.0000 F1: 1.0000
Epoch 579: Time: 0.0192 Cost: 0.0172 Pre: 1.0000 Re: 1.0000 Acc: 1.0000 F1: 1.0000
Epoch 580: Time: 0.0190 Cost: 0.0171 Pre: 1.0000 Re: 1.0000 Acc: 1.0000 F1: 1.0000


--------------------------------------------------------------------
Eval results: Cost:0.0095 Pre:1.0000 Re:1.0000 Acc:1.0000 F1:1.0000
--------------------------------------------------------------------

Epoch 581: Time: 0.0193 Cost: 0.0170 Pre: 1.0000 Re: 1.0000 Acc: 1.0000 F1: 1.0000
Epoch 582: Time: 0.0193 Cost: 0.0169 Pre: 1.0000 Re: 1.0000 Acc: 1.0000 F1: 1.0000
Epoch 583: Time: 0.0200 Cost: 0.0168 Pre: 1.0000 Re: 1.0000 Acc: 1.0000 F1: 1.0000
Epoch 584: Time: 0.0191 Cost: 0.0167 Pre: 1.0000 Re: 1.0000 Acc: 1.0000 F1: 1.0000
Epoch 585: Time: 0.0191 Cost: 0.0166 Pre: 1.0000 Re: 1.0000 Acc: 1.0000 F1: 1.0000
Epoch 586: Time: 0.0192 Cost: 0.0165 Pre: 1.0000 Re: 1.0000 Acc: 1.0000 F1: 1.0000
Epoch 587: Time: 0.0195 Cost: 0.0164 Pre: 1.0000 Re: 1.0000 Acc: 1.0000 F1: 1.0000
Epoch 588: Time: 0.0192 Cost: 0.0163 Pre: 1.0000 Re: 1.0000 Acc: 1.0000 F1: 1.0000
Epoch 589: Time: 0.0191 Cost: 0.0162 Pre: 1.0000 Re: 1.0000 Acc: 1.0000 F1: 1.0000
Epoch 590: Time: 0.0190 Cost: 0.0161 Pre: 1.0000 Re: 1.0000 Acc: 1.0000 F1: 1.0000


--------------------------------------------------------------------
Eval results: Cost:0.0090 Pre:1.0000 Re:1.0000 Acc:1.0000 F1:1.0000
--------------------------------------------------------------------

Epoch 591: Time: 0.0193 Cost: 0.0161 Pre: 1.0000 Re: 1.0000 Acc: 1.0000 F1: 1.0000
Epoch 592: Time: 0.0198 Cost: 0.0160 Pre: 1.0000 Re: 1.0000 Acc: 1.0000 F1: 1.0000
Epoch 593: Time: 0.0191 Cost: 0.0159 Pre: 1.0000 Re: 1.0000 Acc: 1.0000 F1: 1.0000
Epoch 594: Time: 0.0191 Cost: 0.0158 Pre: 1.0000 Re: 1.0000 Acc: 1.0000 F1: 1.0000
Epoch 595: Time: 0.0191 Cost: 0.0157 Pre: 1.0000 Re: 1.0000 Acc: 1.0000 F1: 1.0000
Epoch 596: Time: 0.0192 Cost: 0.0156 Pre: 1.0000 Re: 1.0000 Acc: 1.0000 F1: 1.0000
Epoch 597: Time: 0.0203 Cost: 0.0155 Pre: 1.0000 Re: 1.0000 Acc: 1.0000 F1: 1.0000
Epoch 598: Time: 0.0192 Cost: 0.0154 Pre: 1.0000 Re: 1.0000 Acc: 1.0000 F1: 1.0000
Epoch 599: Time: 0.0191 Cost: 0.0154 Pre: 1.0000 Re: 1.0000 Acc: 1.0000 F1: 1.0000
Epoch 600: Time: 0.0197 Cost: 0.0153 Pre: 1.0000 Re: 1.0000 Acc: 1.0000 F1: 1.0000


--------------------------------------------------------------------
Eval results: Cost:0.0085 Pre:1.0000 Re:1.0000 Acc:1.0000 F1:1.0000
--------------------------------------------------------------------

Epoch 601: Time: 0.0211 Cost: 0.0152 Pre: 1.0000 Re: 1.0000 Acc: 1.0000 F1: 1.0000
Epoch 602: Time: 0.0196 Cost: 0.0151 Pre: 1.0000 Re: 1.0000 Acc: 1.0000 F1: 1.0000
Epoch 603: Time: 0.0196 Cost: 0.0150 Pre: 1.0000 Re: 1.0000 Acc: 1.0000 F1: 1.0000
Epoch 604: Time: 0.0191 Cost: 0.0149 Pre: 1.0000 Re: 1.0000 Acc: 1.0000 F1: 1.0000
Epoch 605: Time: 0.0190 Cost: 0.0149 Pre: 1.0000 Re: 1.0000 Acc: 1.0000 F1: 1.0000
Epoch 606: Time: 0.0193 Cost: 0.0148 Pre: 1.0000 Re: 1.0000 Acc: 1.0000 F1: 1.0000
Epoch 607: Time: 0.0195 Cost: 0.0147 Pre: 1.0000 Re: 1.0000 Acc: 1.0000 F1: 1.0000
Epoch 608: Time: 0.0193 Cost: 0.0146 Pre: 1.0000 Re: 1.0000 Acc: 1.0000 F1: 1.0000
Epoch 609: Time: 0.0195 Cost: 0.0146 Pre: 1.0000 Re: 1.0000 Acc: 1.0000 F1: 1.0000
Epoch 610: Time: 0.0191 Cost: 0.0145 Pre: 1.0000 Re: 1.0000 Acc: 1.0000 F1: 1.0000


--------------------------------------------------------------------
Eval results: Cost:0.0081 Pre:1.0000 Re:1.0000 Acc:1.0000 F1:1.0000
--------------------------------------------------------------------

Early stopping...
--------------------------------------------------------------------
--------------------------------------------------------------------
Test 464 samples take time: 0.0869
Test results: Cost:0.0067 Pre:1.0000 Re:1.0000 Acc:1.0000 F1:1.0000
--------------------------------------------------------------------

