16768
16562
16206
16632
16380
16425
Load data
RNN type: GRU Grammar: g2 Seed: 10
Model total parameters: 360
Saving hinit ... 

Epoch 0: Time: 0.1139 Cost: 21.5333 Pre: 0.0526 Re: 0.2000 Acc: 0.9068 F1: 0.0833


--------------------------------------------------------------------
Eval results: Cost:20.4170 Pre:0.0000 Re:0.0000 Acc:0.9500 F1:0.0000
--------------------------------------------------------------------

Epoch 1: Time: 0.0146 Cost: 21.3010 Pre: 0.0667 Re: 0.2000 Acc: 0.9237 F1: 0.1000
Epoch 2: Time: 0.0144 Cost: 20.9771 Pre: 0.0769 Re: 0.2000 Acc: 0.9322 F1: 0.1111
Epoch 3: Time: 0.0147 Cost: 20.6025 Pre: 0.0909 Re: 0.2000 Acc: 0.9407 F1: 0.1250
Epoch 4: Time: 0.0142 Cost: 20.1938 Pre: 0.0909 Re: 0.2000 Acc: 0.9407 F1: 0.1250
Epoch 5: Time: 0.0145 Cost: 19.7588 Pre: 0.1111 Re: 0.2000 Acc: 0.9492 F1: 0.1429
Epoch 6: Time: 0.0141 Cost: 19.3001 Pre: 0.1429 Re: 0.2000 Acc: 0.9576 F1: 0.1667
Epoch 7: Time: 0.0145 Cost: 18.8176 Pre: 0.1429 Re: 0.2000 Acc: 0.9576 F1: 0.1667
Epoch 8: Time: 0.0144 Cost: 18.3091 Pre: 0.1429 Re: 0.2000 Acc: 0.9576 F1: 0.1667
Epoch 9: Time: 0.0142 Cost: 17.7713 Pre: 0.2000 Re: 0.2000 Acc: 0.9661 F1: 0.2000
Epoch 10: Time: 0.0145 Cost: 17.2004 Pre: 0.2000 Re: 0.2000 Acc: 0.9661 F1: 0.2000


--------------------------------------------------------------------
Eval results: Cost:15.8304 Pre:0.0000 Re:0.0000 Acc:0.9750 F1:0.0000
--------------------------------------------------------------------

Epoch 11: Time: 0.0144 Cost: 16.5924 Pre: 0.0000 Re: 0.0000 Acc: 0.9619 F1: 0.0000
Epoch 12: Time: 0.0145 Cost: 15.9442 Pre: 0.0000 Re: 0.0000 Acc: 0.9661 F1: 0.0000
Epoch 13: Time: 0.0141 Cost: 15.2521 Pre: 0.0000 Re: 0.0000 Acc: 0.9661 F1: 0.0000
Epoch 14: Time: 0.0145 Cost: 14.5129 Pre: 0.0000 Re: 0.0000 Acc: 0.9703 F1: 0.0000
Epoch 15: Time: 0.0157 Cost: 13.7255 Pre: 0.0000 Re: 0.0000 Acc: 0.9703 F1: 0.0000
Epoch 16: Time: 0.0144 Cost: 12.8913 Pre: 0.0000 Re: 0.0000 Acc: 0.9703 F1: 0.0000
Epoch 17: Time: 0.0146 Cost: 12.0155 Pre: 0.0000 Re: 0.0000 Acc: 0.9703 F1: 0.0000
Epoch 18: Time: 0.0146 Cost: 11.1077 Pre: 0.0000 Re: 0.0000 Acc: 0.9703 F1: 0.0000
Epoch 19: Time: 0.0148 Cost: 10.1819 Pre: 0.0000 Re: 0.0000 Acc: 0.9703 F1: 0.0000
Epoch 20: Time: 0.0144 Cost: 9.2567 Pre: 0.0000 Re: 0.0000 Acc: 0.9703 F1: 0.0000


--------------------------------------------------------------------
Eval results: Cost:7.3110 Pre:0.0000 Re:0.0000 Acc:0.9750 F1:0.0000
--------------------------------------------------------------------

Epoch 21: Time: 0.0146 Cost: 8.3548 Pre: 0.0000 Re: 0.0000 Acc: 0.9703 F1: 0.0000
Epoch 22: Time: 0.0144 Cost: 7.5026 Pre: 0.0000 Re: 0.0000 Acc: 0.9746 F1: 0.0000
Epoch 23: Time: 0.0143 Cost: 6.7189 Pre: 0.0000 Re: 0.0000 Acc: 0.9746 F1: 0.0000
Epoch 24: Time: 0.0145 Cost: 6.0178 Pre: 0.0000 Re: 0.0000 Acc: 0.9746 F1: 0.0000
Epoch 25: Time: 0.0174 Cost: 5.4085 Pre: 0.0000 Re: 0.0000 Acc: 0.9788 F1: 0.0000
Epoch 26: Time: 0.0148 Cost: 4.8938 Pre: 0.0000 Re: 0.0000 Acc: 0.9788 F1: 0.0000
Epoch 27: Time: 0.0144 Cost: 4.4705 Pre: 0.0000 Re: 0.0000 Acc: 0.9788 F1: 0.0000
Epoch 28: Time: 0.0142 Cost: 4.1307 Pre: 0.0000 Re: 0.0000 Acc: 0.9788 F1: 0.0000
Epoch 29: Time: 0.0146 Cost: 3.8635 Pre: 0.0000 Re: 0.0000 Acc: 0.9788 F1: 0.0000
Epoch 30: Time: 0.0144 Cost: 3.6563 Pre: 0.0000 Re: 0.0000 Acc: 0.9788 F1: 0.0000


--------------------------------------------------------------------
Eval results: Cost:2.0040 Pre:0.0000 Re:0.0000 Acc:0.9875 F1:0.0000
--------------------------------------------------------------------

Epoch 31: Time: 0.0147 Cost: 3.4970 Pre: 0.0000 Re: 0.0000 Acc: 0.9788 F1: 0.0000
Epoch 32: Time: 0.0142 Cost: 3.3748 Pre: 0.0000 Re: 0.0000 Acc: 0.9788 F1: 0.0000
Epoch 33: Time: 0.0146 Cost: 3.2804 Pre: 0.0000 Re: 0.0000 Acc: 0.9788 F1: 0.0000
Epoch 34: Time: 0.0148 Cost: 3.2067 Pre: 0.0000 Re: 0.0000 Acc: 0.9788 F1: 0.0000
Epoch 35: Time: 0.0142 Cost: 3.1483 Pre: 0.0000 Re: 0.0000 Acc: 0.9788 F1: 0.0000
Epoch 36: Time: 0.0146 Cost: 3.1013 Pre: 0.0000 Re: 0.0000 Acc: 0.9788 F1: 0.0000
Epoch 37: Time: 0.0142 Cost: 3.0630 Pre: 0.0000 Re: 0.0000 Acc: 0.9788 F1: 0.0000
Epoch 38: Time: 0.0145 Cost: 3.0311 Pre: 0.0000 Re: 0.0000 Acc: 0.9788 F1: 0.0000
Epoch 39: Time: 0.0146 Cost: 3.0041 Pre: 0.0000 Re: 0.0000 Acc: 0.9788 F1: 0.0000
Epoch 40: Time: 0.0142 Cost: 2.9809 Pre: 0.0000 Re: 0.0000 Acc: 0.9788 F1: 0.0000


--------------------------------------------------------------------
Eval results: Cost:1.4456 Pre:0.0000 Re:0.0000 Acc:0.9875 F1:0.0000
--------------------------------------------------------------------

Epoch 41: Time: 0.0150 Cost: 2.9607 Pre: 0.0000 Re: 0.0000 Acc: 0.9788 F1: 0.0000
Epoch 42: Time: 0.0143 Cost: 2.9427 Pre: 0.0000 Re: 0.0000 Acc: 0.9788 F1: 0.0000
Epoch 43: Time: 0.0146 Cost: 2.9265 Pre: 0.0000 Re: 0.0000 Acc: 0.9788 F1: 0.0000
Epoch 44: Time: 0.0142 Cost: 2.9117 Pre: 0.0000 Re: 0.0000 Acc: 0.9788 F1: 0.0000
Epoch 45: Time: 0.0149 Cost: 2.8982 Pre: 0.0000 Re: 0.0000 Acc: 0.9788 F1: 0.0000
Epoch 46: Time: 0.0146 Cost: 2.8857 Pre: 0.0000 Re: 0.0000 Acc: 0.9788 F1: 0.0000
Epoch 47: Time: 0.0143 Cost: 2.8740 Pre: 0.0000 Re: 0.0000 Acc: 0.9788 F1: 0.0000
Epoch 48: Time: 0.0146 Cost: 2.8631 Pre: 0.0000 Re: 0.0000 Acc: 0.9788 F1: 0.0000
Epoch 49: Time: 0.0141 Cost: 2.8529 Pre: 0.0000 Re: 0.0000 Acc: 0.9788 F1: 0.0000
Epoch 50: Time: 0.0146 Cost: 2.8432 Pre: 0.0000 Re: 0.0000 Acc: 0.9788 F1: 0.0000


--------------------------------------------------------------------
Eval results: Cost:1.3205 Pre:0.0000 Re:0.0000 Acc:0.9875 F1:0.0000
--------------------------------------------------------------------

Epoch 51: Time: 0.0143 Cost: 2.8341 Pre: 0.0000 Re: 0.0000 Acc: 0.9788 F1: 0.0000
Epoch 52: Time: 0.0147 Cost: 2.8254 Pre: 0.0000 Re: 0.0000 Acc: 0.9788 F1: 0.0000
Epoch 53: Time: 0.0145 Cost: 2.8171 Pre: 0.0000 Re: 0.0000 Acc: 0.9788 F1: 0.0000
Epoch 54: Time: 0.0143 Cost: 2.8092 Pre: 0.0000 Re: 0.0000 Acc: 0.9788 F1: 0.0000
Epoch 55: Time: 0.0145 Cost: 2.8017 Pre: 0.0000 Re: 0.0000 Acc: 0.9788 F1: 0.0000
Epoch 56: Time: 0.0141 Cost: 2.7945 Pre: 0.0000 Re: 0.0000 Acc: 0.9788 F1: 0.0000
Epoch 57: Time: 0.0146 Cost: 2.7877 Pre: 0.0000 Re: 0.0000 Acc: 0.9788 F1: 0.0000
Epoch 58: Time: 0.0145 Cost: 2.7812 Pre: 0.0000 Re: 0.0000 Acc: 0.9788 F1: 0.0000
Epoch 59: Time: 0.0143 Cost: 2.7750 Pre: 0.0000 Re: 0.0000 Acc: 0.9788 F1: 0.0000
Epoch 60: Time: 0.0147 Cost: 2.7691 Pre: 0.0000 Re: 0.0000 Acc: 0.9788 F1: 0.0000


--------------------------------------------------------------------
Eval results: Cost:1.2449 Pre:0.0000 Re:0.0000 Acc:0.9875 F1:0.0000
--------------------------------------------------------------------

Epoch 61: Time: 0.0147 Cost: 2.7635 Pre: 0.0000 Re: 0.0000 Acc: 0.9788 F1: 0.0000
Epoch 62: Time: 0.0145 Cost: 2.7582 Pre: 0.0000 Re: 0.0000 Acc: 0.9788 F1: 0.0000
Epoch 63: Time: 0.0142 Cost: 2.7530 Pre: 0.0000 Re: 0.0000 Acc: 0.9788 F1: 0.0000
Epoch 64: Time: 0.0146 Cost: 2.7481 Pre: 0.0000 Re: 0.0000 Acc: 0.9788 F1: 0.0000
Epoch 65: Time: 0.0143 Cost: 2.7434 Pre: 0.0000 Re: 0.0000 Acc: 0.9788 F1: 0.0000
Epoch 66: Time: 0.0143 Cost: 2.7389 Pre: 0.0000 Re: 0.0000 Acc: 0.9788 F1: 0.0000
Epoch 67: Time: 0.0145 Cost: 2.7346 Pre: 0.0000 Re: 0.0000 Acc: 0.9788 F1: 0.0000
Epoch 68: Time: 0.0141 Cost: 2.7305 Pre: 0.0000 Re: 0.0000 Acc: 0.9788 F1: 0.0000
Epoch 69: Time: 0.0146 Cost: 2.7265 Pre: 0.0000 Re: 0.0000 Acc: 0.9788 F1: 0.0000
Epoch 70: Time: 0.0145 Cost: 2.7228 Pre: 0.0000 Re: 0.0000 Acc: 0.9788 F1: 0.0000


--------------------------------------------------------------------
Eval results: Cost:1.1915 Pre:0.0000 Re:0.0000 Acc:0.9875 F1:0.0000
--------------------------------------------------------------------

Epoch 71: Time: 0.0149 Cost: 2.7192 Pre: 0.0000 Re: 0.0000 Acc: 0.9788 F1: 0.0000
Epoch 72: Time: 0.0144 Cost: 2.7156 Pre: 0.0000 Re: 0.0000 Acc: 0.9788 F1: 0.0000
Epoch 73: Time: 0.0146 Cost: 2.7123 Pre: 0.0000 Re: 0.0000 Acc: 0.9788 F1: 0.0000
Epoch 74: Time: 0.0145 Cost: 2.7090 Pre: 0.0000 Re: 0.0000 Acc: 0.9788 F1: 0.0000
Epoch 75: Time: 0.0142 Cost: 2.7058 Pre: 0.0000 Re: 0.0000 Acc: 0.9788 F1: 0.0000
Epoch 76: Time: 0.0155 Cost: 2.7027 Pre: 0.0000 Re: 0.0000 Acc: 0.9788 F1: 0.0000
Epoch 77: Time: 0.0153 Cost: 2.6998 Pre: 0.0000 Re: 0.0000 Acc: 0.9788 F1: 0.0000
Epoch 78: Time: 0.0147 Cost: 2.6969 Pre: 0.0000 Re: 0.0000 Acc: 0.9788 F1: 0.0000
Epoch 79: Time: 0.0147 Cost: 2.6941 Pre: 0.0000 Re: 0.0000 Acc: 0.9788 F1: 0.0000
Epoch 80: Time: 0.0142 Cost: 2.6914 Pre: 0.0000 Re: 0.0000 Acc: 0.9788 F1: 0.0000


--------------------------------------------------------------------
Eval results: Cost:1.1524 Pre:0.0000 Re:0.0000 Acc:0.9875 F1:0.0000
--------------------------------------------------------------------

Epoch 81: Time: 0.0147 Cost: 2.6887 Pre: 0.0000 Re: 0.0000 Acc: 0.9788 F1: 0.0000
Epoch 82: Time: 0.0143 Cost: 2.6861 Pre: 0.0000 Re: 0.0000 Acc: 0.9788 F1: 0.0000
Epoch 83: Time: 0.0146 Cost: 2.6835 Pre: 0.0000 Re: 0.0000 Acc: 0.9788 F1: 0.0000
Epoch 84: Time: 0.0142 Cost: 2.6810 Pre: 0.0000 Re: 0.0000 Acc: 0.9788 F1: 0.0000
Epoch 85: Time: 0.0148 Cost: 2.6785 Pre: 0.0000 Re: 0.0000 Acc: 0.9788 F1: 0.0000
Epoch 86: Time: 0.0146 Cost: 2.6760 Pre: 0.0000 Re: 0.0000 Acc: 0.9788 F1: 0.0000
Epoch 87: Time: 0.0144 Cost: 2.6736 Pre: 0.0000 Re: 0.0000 Acc: 0.9788 F1: 0.0000
Epoch 88: Time: 0.0145 Cost: 2.6713 Pre: 0.0000 Re: 0.0000 Acc: 0.9788 F1: 0.0000
Epoch 89: Time: 0.0145 Cost: 2.6689 Pre: 0.0000 Re: 0.0000 Acc: 0.9788 F1: 0.0000
Epoch 90: Time: 0.0143 Cost: 2.6666 Pre: 0.0000 Re: 0.0000 Acc: 0.9788 F1: 0.0000


--------------------------------------------------------------------
Eval results: Cost:1.1226 Pre:0.0000 Re:0.0000 Acc:0.9875 F1:0.0000
--------------------------------------------------------------------

Epoch 91: Time: 0.0143 Cost: 2.6644 Pre: 0.0000 Re: 0.0000 Acc: 0.9788 F1: 0.0000
Epoch 92: Time: 0.0148 Cost: 2.6621 Pre: 0.0000 Re: 0.0000 Acc: 0.9788 F1: 0.0000
Epoch 93: Time: 0.0145 Cost: 2.6598 Pre: 0.0000 Re: 0.0000 Acc: 0.9788 F1: 0.0000
Epoch 94: Time: 0.0143 Cost: 2.6576 Pre: 0.0000 Re: 0.0000 Acc: 0.9788 F1: 0.0000
Epoch 95: Time: 0.0146 Cost: 2.6554 Pre: 0.0000 Re: 0.0000 Acc: 0.9788 F1: 0.0000
Epoch 96: Time: 0.0151 Cost: 2.6532 Pre: 0.0000 Re: 0.0000 Acc: 0.9788 F1: 0.0000
Epoch 97: Time: 0.0145 Cost: 2.6510 Pre: 0.0000 Re: 0.0000 Acc: 0.9788 F1: 0.0000
Epoch 98: Time: 0.0145 Cost: 2.6488 Pre: 0.0000 Re: 0.0000 Acc: 0.9788 F1: 0.0000
Epoch 99: Time: 0.0142 Cost: 2.6466 Pre: 0.0000 Re: 0.0000 Acc: 0.9788 F1: 0.0000
Epoch 100: Time: 0.0145 Cost: 2.6445 Pre: 0.0000 Re: 0.0000 Acc: 0.9788 F1: 0.0000


--------------------------------------------------------------------
Eval results: Cost:1.0991 Pre:0.0000 Re:0.0000 Acc:0.9875 F1:0.0000
--------------------------------------------------------------------

Epoch 101: Time: 0.0146 Cost: 2.6423 Pre: 0.0000 Re: 0.0000 Acc: 0.9788 F1: 0.0000
Epoch 102: Time: 0.0153 Cost: 2.6401 Pre: 0.0000 Re: 0.0000 Acc: 0.9788 F1: 0.0000
Epoch 103: Time: 0.0142 Cost: 2.6380 Pre: 0.0000 Re: 0.0000 Acc: 0.9788 F1: 0.0000
Epoch 104: Time: 0.0145 Cost: 2.6358 Pre: 0.0000 Re: 0.0000 Acc: 0.9788 F1: 0.0000
Epoch 105: Time: 0.0147 Cost: 2.6337 Pre: 0.0000 Re: 0.0000 Acc: 0.9788 F1: 0.0000
Epoch 106: Time: 0.0142 Cost: 2.6315 Pre: 0.0000 Re: 0.0000 Acc: 0.9788 F1: 0.0000
Epoch 107: Time: 0.0149 Cost: 2.6294 Pre: 0.0000 Re: 0.0000 Acc: 0.9788 F1: 0.0000
Epoch 108: Time: 0.0145 Cost: 2.6272 Pre: 0.0000 Re: 0.0000 Acc: 0.9788 F1: 0.0000
Epoch 109: Time: 0.0147 Cost: 2.6250 Pre: 0.0000 Re: 0.0000 Acc: 0.9788 F1: 0.0000
Epoch 110: Time: 0.0149 Cost: 2.6229 Pre: 0.0000 Re: 0.0000 Acc: 0.9788 F1: 0.0000


--------------------------------------------------------------------
Eval results: Cost:1.0804 Pre:0.0000 Re:0.0000 Acc:0.9875 F1:0.0000
--------------------------------------------------------------------

Epoch 111: Time: 0.0150 Cost: 2.6207 Pre: 0.0000 Re: 0.0000 Acc: 0.9788 F1: 0.0000
Epoch 112: Time: 0.0150 Cost: 2.6185 Pre: 0.0000 Re: 0.0000 Acc: 0.9788 F1: 0.0000
Epoch 113: Time: 0.0142 Cost: 2.6163 Pre: 0.0000 Re: 0.0000 Acc: 0.9788 F1: 0.0000
Epoch 114: Time: 0.0146 Cost: 2.6141 Pre: 0.0000 Re: 0.0000 Acc: 0.9788 F1: 0.0000
Epoch 115: Time: 0.0142 Cost: 2.6119 Pre: 0.0000 Re: 0.0000 Acc: 0.9788 F1: 0.0000
Epoch 116: Time: 0.0147 Cost: 2.6096 Pre: 0.0000 Re: 0.0000 Acc: 0.9788 F1: 0.0000
Epoch 117: Time: 0.0146 Cost: 2.6074 Pre: 0.0000 Re: 0.0000 Acc: 0.9788 F1: 0.0000
Epoch 118: Time: 0.0144 Cost: 2.6051 Pre: 0.0000 Re: 0.0000 Acc: 0.9788 F1: 0.0000
Epoch 119: Time: 0.0146 Cost: 2.6028 Pre: 0.0000 Re: 0.0000 Acc: 0.9788 F1: 0.0000
Epoch 120: Time: 0.0143 Cost: 2.6005 Pre: 0.0000 Re: 0.0000 Acc: 0.9788 F1: 0.0000


--------------------------------------------------------------------
Eval results: Cost:1.0651 Pre:0.0000 Re:0.0000 Acc:0.9875 F1:0.0000
--------------------------------------------------------------------

Epoch 121: Time: 0.0147 Cost: 2.5982 Pre: 0.0000 Re: 0.0000 Acc: 0.9788 F1: 0.0000
Epoch 122: Time: 0.0142 Cost: 2.5958 Pre: 0.0000 Re: 0.0000 Acc: 0.9788 F1: 0.0000
Epoch 123: Time: 0.0147 Cost: 2.5935 Pre: 0.0000 Re: 0.0000 Acc: 0.9788 F1: 0.0000
Epoch 124: Time: 0.0143 Cost: 2.5911 Pre: 0.0000 Re: 0.0000 Acc: 0.9788 F1: 0.0000
Epoch 125: Time: 0.0143 Cost: 2.5887 Pre: 0.0000 Re: 0.0000 Acc: 0.9788 F1: 0.0000
Epoch 126: Time: 0.0147 Cost: 2.5862 Pre: 0.0000 Re: 0.0000 Acc: 0.9788 F1: 0.0000
Epoch 127: Time: 0.0142 Cost: 2.5838 Pre: 0.0000 Re: 0.0000 Acc: 0.9788 F1: 0.0000
Epoch 128: Time: 0.0145 Cost: 2.5813 Pre: 0.0000 Re: 0.0000 Acc: 0.9788 F1: 0.0000
Epoch 129: Time: 0.0144 Cost: 2.5788 Pre: 0.0000 Re: 0.0000 Acc: 0.9788 F1: 0.0000
Epoch 130: Time: 0.0142 Cost: 2.5762 Pre: 0.0000 Re: 0.0000 Acc: 0.9788 F1: 0.0000


--------------------------------------------------------------------
Eval results: Cost:1.0523 Pre:0.0000 Re:0.0000 Acc:0.9875 F1:0.0000
--------------------------------------------------------------------

Epoch 131: Time: 0.0144 Cost: 2.5736 Pre: 0.0000 Re: 0.0000 Acc: 0.9788 F1: 0.0000
Epoch 132: Time: 0.0149 Cost: 2.5710 Pre: 0.0000 Re: 0.0000 Acc: 0.9788 F1: 0.0000
Epoch 133: Time: 0.0146 Cost: 2.5684 Pre: 0.0000 Re: 0.0000 Acc: 0.9788 F1: 0.0000
Epoch 134: Time: 0.0142 Cost: 2.5657 Pre: 0.0000 Re: 0.0000 Acc: 0.9788 F1: 0.0000
Epoch 135: Time: 0.0146 Cost: 2.5630 Pre: 0.0000 Re: 0.0000 Acc: 0.9788 F1: 0.0000
Epoch 136: Time: 0.0146 Cost: 2.5603 Pre: 0.0000 Re: 0.0000 Acc: 0.9788 F1: 0.0000
Epoch 137: Time: 0.0143 Cost: 2.5575 Pre: 0.0000 Re: 0.0000 Acc: 0.9788 F1: 0.0000
Epoch 138: Time: 0.0152 Cost: 2.5547 Pre: 0.0000 Re: 0.0000 Acc: 0.9788 F1: 0.0000
Epoch 139: Time: 0.0154 Cost: 2.5519 Pre: 0.0000 Re: 0.0000 Acc: 0.9788 F1: 0.0000
Epoch 140: Time: 0.0149 Cost: 2.5490 Pre: 0.0000 Re: 0.0000 Acc: 0.9788 F1: 0.0000


--------------------------------------------------------------------
Eval results: Cost:1.0413 Pre:0.0000 Re:0.0000 Acc:0.9875 F1:0.0000
--------------------------------------------------------------------

Epoch 141: Time: 0.0144 Cost: 2.5461 Pre: 0.0000 Re: 0.0000 Acc: 0.9788 F1: 0.0000
Epoch 142: Time: 0.0146 Cost: 2.5432 Pre: 0.0000 Re: 0.0000 Acc: 0.9788 F1: 0.0000
Epoch 143: Time: 0.0145 Cost: 2.5403 Pre: 0.0000 Re: 0.0000 Acc: 0.9788 F1: 0.0000
Epoch 144: Time: 0.0143 Cost: 2.5373 Pre: 0.0000 Re: 0.0000 Acc: 0.9788 F1: 0.0000
Epoch 145: Time: 0.0145 Cost: 2.5344 Pre: 0.0000 Re: 0.0000 Acc: 0.9788 F1: 0.0000
Epoch 146: Time: 0.0141 Cost: 2.5314 Pre: 0.0000 Re: 0.0000 Acc: 0.9788 F1: 0.0000
Epoch 147: Time: 0.0146 Cost: 2.5284 Pre: 0.0000 Re: 0.0000 Acc: 0.9788 F1: 0.0000
Epoch 148: Time: 0.0145 Cost: 2.5253 Pre: 0.0000 Re: 0.0000 Acc: 0.9788 F1: 0.0000
Epoch 149: Time: 0.0142 Cost: 2.5222 Pre: 0.0000 Re: 0.0000 Acc: 0.9788 F1: 0.0000
Epoch 150: Time: 0.0146 Cost: 2.5191 Pre: 0.0000 Re: 0.0000 Acc: 0.9788 F1: 0.0000


--------------------------------------------------------------------
Eval results: Cost:1.0322 Pre:0.0000 Re:0.0000 Acc:0.9875 F1:0.0000
--------------------------------------------------------------------

Epoch 151: Time: 0.0146 Cost: 2.5160 Pre: 0.0000 Re: 0.0000 Acc: 0.9788 F1: 0.0000
Epoch 152: Time: 0.0144 Cost: 2.5129 Pre: 0.0000 Re: 0.0000 Acc: 0.9788 F1: 0.0000
Epoch 153: Time: 0.0142 Cost: 2.5098 Pre: 0.0000 Re: 0.0000 Acc: 0.9788 F1: 0.0000
Epoch 154: Time: 0.0146 Cost: 2.5067 Pre: 0.0000 Re: 0.0000 Acc: 0.9788 F1: 0.0000
Epoch 155: Time: 0.0143 Cost: 2.5036 Pre: 0.0000 Re: 0.0000 Acc: 0.9788 F1: 0.0000
Epoch 156: Time: 0.0144 Cost: 2.5005 Pre: 0.0000 Re: 0.0000 Acc: 0.9788 F1: 0.0000
Epoch 157: Time: 0.0145 Cost: 2.4973 Pre: 0.0000 Re: 0.0000 Acc: 0.9788 F1: 0.0000
Epoch 158: Time: 0.0142 Cost: 2.4942 Pre: 0.0000 Re: 0.0000 Acc: 0.9788 F1: 0.0000
Epoch 159: Time: 0.0146 Cost: 2.4911 Pre: 0.0000 Re: 0.0000 Acc: 0.9788 F1: 0.0000
Epoch 160: Time: 0.0143 Cost: 2.4879 Pre: 0.0000 Re: 0.0000 Acc: 0.9788 F1: 0.0000


--------------------------------------------------------------------
Eval results: Cost:1.0243 Pre:0.0000 Re:0.0000 Acc:0.9875 F1:0.0000
--------------------------------------------------------------------

Epoch 161: Time: 0.0149 Cost: 2.4848 Pre: 0.0000 Re: 0.0000 Acc: 0.9788 F1: 0.0000
Epoch 162: Time: 0.0142 Cost: 2.4817 Pre: 0.0000 Re: 0.0000 Acc: 0.9788 F1: 0.0000
Epoch 163: Time: 0.0145 Cost: 2.4786 Pre: 0.0000 Re: 0.0000 Acc: 0.9788 F1: 0.0000
Epoch 164: Time: 0.0144 Cost: 2.4755 Pre: 0.0000 Re: 0.0000 Acc: 0.9788 F1: 0.0000
Epoch 165: Time: 0.0142 Cost: 2.4724 Pre: 0.0000 Re: 0.0000 Acc: 0.9788 F1: 0.0000
Epoch 166: Time: 0.0146 Cost: 2.4694 Pre: 0.0000 Re: 0.0000 Acc: 0.9788 F1: 0.0000
Epoch 167: Time: 0.0146 Cost: 2.4663 Pre: 0.0000 Re: 0.0000 Acc: 0.9788 F1: 0.0000
Epoch 168: Time: 0.0145 Cost: 2.4632 Pre: 0.0000 Re: 0.0000 Acc: 0.9788 F1: 0.0000
Epoch 169: Time: 0.0150 Cost: 2.4602 Pre: 0.0000 Re: 0.0000 Acc: 0.9788 F1: 0.0000
Epoch 170: Time: 0.0142 Cost: 2.4571 Pre: 0.0000 Re: 0.0000 Acc: 0.9788 F1: 0.0000


--------------------------------------------------------------------
Eval results: Cost:1.0160 Pre:0.0000 Re:0.0000 Acc:0.9875 F1:0.0000
--------------------------------------------------------------------

Epoch 171: Time: 0.0145 Cost: 2.4540 Pre: 0.0000 Re: 0.0000 Acc: 0.9788 F1: 0.0000
Epoch 172: Time: 0.0143 Cost: 2.4509 Pre: 0.0000 Re: 0.0000 Acc: 0.9788 F1: 0.0000
Epoch 173: Time: 0.0147 Cost: 2.4479 Pre: 0.0000 Re: 0.0000 Acc: 0.9788 F1: 0.0000
Epoch 174: Time: 0.0143 Cost: 2.4449 Pre: 0.0000 Re: 0.0000 Acc: 0.9788 F1: 0.0000
Epoch 175: Time: 0.0146 Cost: 2.4419 Pre: 0.0000 Re: 0.0000 Acc: 0.9788 F1: 0.0000
Epoch 176: Time: 0.0145 Cost: 2.4389 Pre: 0.0000 Re: 0.0000 Acc: 0.9788 F1: 0.0000
Epoch 177: Time: 0.0142 Cost: 2.4358 Pre: 0.0000 Re: 0.0000 Acc: 0.9788 F1: 0.0000
Epoch 178: Time: 0.0147 Cost: 2.4328 Pre: 0.0000 Re: 0.0000 Acc: 0.9788 F1: 0.0000
Epoch 179: Time: 0.0141 Cost: 2.4298 Pre: 0.0000 Re: 0.0000 Acc: 0.9788 F1: 0.0000
Epoch 180: Time: 0.0145 Cost: 2.4267 Pre: 0.0000 Re: 0.0000 Acc: 0.9788 F1: 0.0000


--------------------------------------------------------------------
Eval results: Cost:1.0064 Pre:0.0000 Re:0.0000 Acc:0.9875 F1:0.0000
--------------------------------------------------------------------

Epoch 181: Time: 0.0143 Cost: 2.4236 Pre: 0.0000 Re: 0.0000 Acc: 0.9788 F1: 0.0000
Epoch 182: Time: 0.0145 Cost: 2.4206 Pre: 0.0000 Re: 0.0000 Acc: 0.9788 F1: 0.0000
Epoch 183: Time: 0.0145 Cost: 2.4176 Pre: 0.0000 Re: 0.0000 Acc: 0.9788 F1: 0.0000
Epoch 184: Time: 0.0143 Cost: 2.4145 Pre: 0.0000 Re: 0.0000 Acc: 0.9788 F1: 0.0000
Epoch 185: Time: 0.0146 Cost: 2.4114 Pre: 0.0000 Re: 0.0000 Acc: 0.9788 F1: 0.0000
Epoch 186: Time: 0.0141 Cost: 2.4084 Pre: 0.0000 Re: 0.0000 Acc: 0.9788 F1: 0.0000
Epoch 187: Time: 0.0146 Cost: 2.4053 Pre: 0.0000 Re: 0.0000 Acc: 0.9788 F1: 0.0000
Epoch 188: Time: 0.0144 Cost: 2.4022 Pre: 0.0000 Re: 0.0000 Acc: 0.9788 F1: 0.0000
Epoch 189: Time: 0.0165 Cost: 2.3990 Pre: 0.0000 Re: 0.0000 Acc: 0.9788 F1: 0.0000
Epoch 190: Time: 0.0252 Cost: 2.3958 Pre: 0.0000 Re: 0.0000 Acc: 0.9788 F1: 0.0000


--------------------------------------------------------------------
Eval results: Cost:0.9950 Pre:0.0000 Re:0.0000 Acc:0.9875 F1:0.0000
--------------------------------------------------------------------

Epoch 191: Time: 0.0180 Cost: 2.3926 Pre: 0.0000 Re: 0.0000 Acc: 0.9788 F1: 0.0000
Epoch 192: Time: 0.0149 Cost: 2.3894 Pre: 0.0000 Re: 0.0000 Acc: 0.9788 F1: 0.0000
Epoch 193: Time: 0.0149 Cost: 2.3861 Pre: 0.0000 Re: 0.0000 Acc: 0.9788 F1: 0.0000
Epoch 194: Time: 0.0153 Cost: 2.3828 Pre: 0.0000 Re: 0.0000 Acc: 0.9788 F1: 0.0000
Epoch 195: Time: 0.0150 Cost: 2.3795 Pre: 0.0000 Re: 0.0000 Acc: 0.9788 F1: 0.0000
Epoch 196: Time: 0.0151 Cost: 2.3761 Pre: 0.0000 Re: 0.0000 Acc: 0.9788 F1: 0.0000
Epoch 197: Time: 0.0151 Cost: 2.3727 Pre: 0.0000 Re: 0.0000 Acc: 0.9788 F1: 0.0000
Epoch 198: Time: 0.0161 Cost: 2.3692 Pre: 0.0000 Re: 0.0000 Acc: 0.9788 F1: 0.0000
Epoch 199: Time: 0.0192 Cost: 2.3657 Pre: 0.0000 Re: 0.0000 Acc: 0.9788 F1: 0.0000
Epoch 200: Time: 0.0160 Cost: 2.3620 Pre: 0.0000 Re: 0.0000 Acc: 0.9788 F1: 0.0000


--------------------------------------------------------------------
Eval results: Cost:0.9810 Pre:0.0000 Re:0.0000 Acc:0.9875 F1:0.0000
--------------------------------------------------------------------

Epoch 201: Time: 0.0148 Cost: 2.3583 Pre: 0.0000 Re: 0.0000 Acc: 0.9788 F1: 0.0000
Epoch 202: Time: 0.0161 Cost: 2.3546 Pre: 0.0000 Re: 0.0000 Acc: 0.9788 F1: 0.0000
Epoch 203: Time: 0.0153 Cost: 2.3508 Pre: 0.0000 Re: 0.0000 Acc: 0.9788 F1: 0.0000
Epoch 204: Time: 0.0148 Cost: 2.3469 Pre: 0.0000 Re: 0.0000 Acc: 0.9788 F1: 0.0000
Epoch 205: Time: 0.0154 Cost: 2.3429 Pre: 0.0000 Re: 0.0000 Acc: 0.9788 F1: 0.0000
Epoch 206: Time: 0.0153 Cost: 2.3389 Pre: 0.0000 Re: 0.0000 Acc: 0.9788 F1: 0.0000
Epoch 207: Time: 0.0149 Cost: 2.3347 Pre: 0.0000 Re: 0.0000 Acc: 0.9788 F1: 0.0000
Epoch 208: Time: 0.0151 Cost: 2.3305 Pre: 0.0000 Re: 0.0000 Acc: 0.9788 F1: 0.0000
Epoch 209: Time: 0.0153 Cost: 2.3261 Pre: 0.0000 Re: 0.0000 Acc: 0.9788 F1: 0.0000
Epoch 210: Time: 0.0154 Cost: 2.3217 Pre: 0.0000 Re: 0.0000 Acc: 0.9788 F1: 0.0000


--------------------------------------------------------------------
Eval results: Cost:0.9633 Pre:0.0000 Re:0.0000 Acc:0.9875 F1:0.0000
--------------------------------------------------------------------

Epoch 211: Time: 0.0145 Cost: 2.3171 Pre: 0.0000 Re: 0.0000 Acc: 0.9788 F1: 0.0000
Epoch 212: Time: 0.0146 Cost: 2.3125 Pre: 0.0000 Re: 0.0000 Acc: 0.9788 F1: 0.0000
Epoch 213: Time: 0.0149 Cost: 2.3077 Pre: 0.0000 Re: 0.0000 Acc: 0.9788 F1: 0.0000
Epoch 214: Time: 0.0142 Cost: 2.3028 Pre: 0.0000 Re: 0.0000 Acc: 0.9788 F1: 0.0000
Epoch 215: Time: 0.0146 Cost: 2.2978 Pre: 0.0000 Re: 0.0000 Acc: 0.9788 F1: 0.0000
Epoch 216: Time: 0.0141 Cost: 2.2927 Pre: 0.0000 Re: 0.0000 Acc: 0.9788 F1: 0.0000
Epoch 217: Time: 0.0147 Cost: 2.2875 Pre: 0.0000 Re: 0.0000 Acc: 0.9788 F1: 0.0000
Epoch 218: Time: 0.0147 Cost: 2.2821 Pre: 0.0000 Re: 0.0000 Acc: 0.9788 F1: 0.0000
Epoch 219: Time: 0.0142 Cost: 2.2765 Pre: 0.0000 Re: 0.0000 Acc: 0.9788 F1: 0.0000
Epoch 220: Time: 0.0146 Cost: 2.2708 Pre: 0.0000 Re: 0.0000 Acc: 0.9788 F1: 0.0000


--------------------------------------------------------------------
Eval results: Cost:0.9400 Pre:0.0000 Re:0.0000 Acc:0.9875 F1:0.0000
--------------------------------------------------------------------

Epoch 221: Time: 0.0145 Cost: 2.2649 Pre: 0.0000 Re: 0.0000 Acc: 0.9788 F1: 0.0000
Epoch 222: Time: 0.0145 Cost: 2.2588 Pre: 0.0000 Re: 0.0000 Acc: 0.9788 F1: 0.0000
Epoch 223: Time: 0.0142 Cost: 2.2526 Pre: 0.0000 Re: 0.0000 Acc: 0.9788 F1: 0.0000
Epoch 224: Time: 0.0146 Cost: 2.2461 Pre: 0.0000 Re: 0.0000 Acc: 0.9788 F1: 0.0000
Epoch 225: Time: 0.0143 Cost: 2.2395 Pre: 0.0000 Re: 0.0000 Acc: 0.9788 F1: 0.0000
Epoch 226: Time: 0.0145 Cost: 2.2326 Pre: 0.0000 Re: 0.0000 Acc: 0.9788 F1: 0.0000
Epoch 227: Time: 0.0146 Cost: 2.2255 Pre: 0.0000 Re: 0.0000 Acc: 0.9788 F1: 0.0000
Epoch 228: Time: 0.0147 Cost: 2.2181 Pre: 0.0000 Re: 0.0000 Acc: 0.9788 F1: 0.0000
Epoch 229: Time: 0.0145 Cost: 2.2105 Pre: 0.0000 Re: 0.0000 Acc: 0.9788 F1: 0.0000
Epoch 230: Time: 0.0147 Cost: 2.2026 Pre: 0.0000 Re: 0.0000 Acc: 0.9788 F1: 0.0000


--------------------------------------------------------------------
Eval results: Cost:0.9085 Pre:0.0000 Re:0.0000 Acc:0.9875 F1:0.0000
--------------------------------------------------------------------

Epoch 231: Time: 0.0149 Cost: 2.1944 Pre: 0.0000 Re: 0.0000 Acc: 0.9788 F1: 0.0000
Epoch 232: Time: 0.0145 Cost: 2.1858 Pre: 0.0000 Re: 0.0000 Acc: 0.9788 F1: 0.0000
Epoch 233: Time: 0.0144 Cost: 2.1770 Pre: 0.0000 Re: 0.0000 Acc: 0.9788 F1: 0.0000
Epoch 234: Time: 0.0146 Cost: 2.1677 Pre: 0.0000 Re: 0.0000 Acc: 0.9788 F1: 0.0000
Epoch 235: Time: 0.0142 Cost: 2.1581 Pre: 0.0000 Re: 0.0000 Acc: 0.9788 F1: 0.0000
Epoch 236: Time: 0.0145 Cost: 2.1480 Pre: 0.0000 Re: 0.0000 Acc: 0.9788 F1: 0.0000
Epoch 237: Time: 0.0147 Cost: 2.1376 Pre: 0.0000 Re: 0.0000 Acc: 0.9788 F1: 0.0000
Epoch 238: Time: 0.0143 Cost: 2.1266 Pre: 0.0000 Re: 0.0000 Acc: 0.9788 F1: 0.0000
Epoch 239: Time: 0.0147 Cost: 2.1152 Pre: 0.0000 Re: 0.0000 Acc: 0.9788 F1: 0.0000
Epoch 240: Time: 0.0142 Cost: 2.1032 Pre: 0.0000 Re: 0.0000 Acc: 0.9788 F1: 0.0000


--------------------------------------------------------------------
Eval results: Cost:0.8649 Pre:0.0000 Re:0.0000 Acc:0.9875 F1:0.0000
--------------------------------------------------------------------

Epoch 241: Time: 0.0148 Cost: 2.0908 Pre: 0.0000 Re: 0.0000 Acc: 0.9788 F1: 0.0000
Epoch 242: Time: 0.0142 Cost: 2.0777 Pre: 0.0000 Re: 0.0000 Acc: 0.9788 F1: 0.0000
Epoch 243: Time: 0.0146 Cost: 2.0639 Pre: 0.0000 Re: 0.0000 Acc: 0.9788 F1: 0.0000
Epoch 244: Time: 0.0144 Cost: 2.0495 Pre: 0.0000 Re: 0.0000 Acc: 0.9788 F1: 0.0000
Epoch 245: Time: 0.0146 Cost: 2.0344 Pre: 0.0000 Re: 0.0000 Acc: 0.9788 F1: 0.0000
Epoch 246: Time: 0.0145 Cost: 2.0186 Pre: 0.0000 Re: 0.0000 Acc: 0.9788 F1: 0.0000
Epoch 247: Time: 0.0142 Cost: 2.0020 Pre: 0.0000 Re: 0.0000 Acc: 0.9788 F1: 0.0000
Epoch 248: Time: 0.0145 Cost: 1.9846 Pre: 0.0000 Re: 0.0000 Acc: 0.9788 F1: 0.0000
Epoch 249: Time: 0.0143 Cost: 1.9663 Pre: 0.0000 Re: 0.0000 Acc: 0.9788 F1: 0.0000
Epoch 250: Time: 0.0143 Cost: 1.9470 Pre: 0.0000 Re: 0.0000 Acc: 0.9788 F1: 0.0000


--------------------------------------------------------------------
Eval results: Cost:0.8044 Pre:0.0000 Re:0.0000 Acc:0.9875 F1:0.0000
--------------------------------------------------------------------

Epoch 251: Time: 0.0142 Cost: 1.9267 Pre: 0.0000 Re: 0.0000 Acc: 0.9788 F1: 0.0000
Epoch 252: Time: 0.0145 Cost: 1.9053 Pre: 0.0000 Re: 0.0000 Acc: 0.9788 F1: 0.0000
Epoch 253: Time: 0.0144 Cost: 1.8826 Pre: 0.0000 Re: 0.0000 Acc: 0.9788 F1: 0.0000
Epoch 254: Time: 0.0142 Cost: 1.8587 Pre: 0.0000 Re: 0.0000 Acc: 0.9788 F1: 0.0000
Epoch 255: Time: 0.0146 Cost: 1.8335 Pre: 0.0000 Re: 0.0000 Acc: 0.9788 F1: 0.0000
Epoch 256: Time: 0.0141 Cost: 1.8070 Pre: 0.0000 Re: 0.0000 Acc: 0.9788 F1: 0.0000
Epoch 257: Time: 0.0145 Cost: 1.7791 Pre: 0.0000 Re: 0.0000 Acc: 0.9788 F1: 0.0000
Epoch 258: Time: 0.0146 Cost: 1.7497 Pre: 0.0000 Re: 0.0000 Acc: 0.9788 F1: 0.0000
Epoch 259: Time: 0.0159 Cost: 1.7189 Pre: 0.0000 Re: 0.0000 Acc: 0.9788 F1: 0.0000
Epoch 260: Time: 0.0149 Cost: 1.6867 Pre: 0.0000 Re: 0.0000 Acc: 0.9788 F1: 0.0000


--------------------------------------------------------------------
Eval results: Cost:0.7034 Pre:0.0000 Re:0.0000 Acc:0.9875 F1:0.0000
--------------------------------------------------------------------

Epoch 261: Time: 0.0148 Cost: 1.6531 Pre: 0.0000 Re: 0.0000 Acc: 0.9788 F1: 0.0000
Epoch 262: Time: 0.0147 Cost: 1.6180 Pre: 0.0000 Re: 0.0000 Acc: 0.9788 F1: 0.0000
Epoch 263: Time: 0.0143 Cost: 1.5816 Pre: 0.0000 Re: 0.0000 Acc: 0.9788 F1: 0.0000
Epoch 264: Time: 0.0145 Cost: 1.5439 Pre: 0.0000 Re: 0.0000 Acc: 0.9788 F1: 0.0000
Epoch 265: Time: 0.0144 Cost: 1.5051 Pre: 0.0000 Re: 0.0000 Acc: 0.9788 F1: 0.0000
Epoch 266: Time: 0.0142 Cost: 1.4653 Pre: 0.0000 Re: 0.0000 Acc: 0.9788 F1: 0.0000
Epoch 267: Time: 0.0147 Cost: 1.4245 Pre: 0.0000 Re: 0.0000 Acc: 0.9788 F1: 0.0000
Epoch 268: Time: 0.0144 Cost: 1.3829 Pre: 0.0000 Re: 0.0000 Acc: 0.9788 F1: 0.0000
Epoch 269: Time: 0.0143 Cost: 1.3407 Pre: 1.0000 Re: 0.2000 Acc: 0.9831 F1: 0.3333
Epoch 270: Time: 0.0145 Cost: 1.2979 Pre: 1.0000 Re: 0.2000 Acc: 0.9831 F1: 0.3333


--------------------------------------------------------------------
Eval results: Cost:0.5258 Pre:1.0000 Re:0.5000 Acc:0.9938 F1:0.6667
--------------------------------------------------------------------

Epoch 271: Time: 0.0146 Cost: 1.2548 Pre: 1.0000 Re: 0.2000 Acc: 0.9831 F1: 0.3333
Epoch 272: Time: 0.0144 Cost: 1.2111 Pre: 1.0000 Re: 0.2000 Acc: 0.9831 F1: 0.3333
Epoch 273: Time: 0.0142 Cost: 1.1673 Pre: 1.0000 Re: 0.2000 Acc: 0.9831 F1: 0.3333
Epoch 274: Time: 0.0144 Cost: 1.1234 Pre: 1.0000 Re: 0.2000 Acc: 0.9831 F1: 0.3333
Epoch 275: Time: 0.0141 Cost: 1.0798 Pre: 1.0000 Re: 0.2000 Acc: 0.9831 F1: 0.3333
Epoch 276: Time: 0.0146 Cost: 1.0366 Pre: 1.0000 Re: 0.2000 Acc: 0.9831 F1: 0.3333
Epoch 277: Time: 0.0143 Cost: 0.9939 Pre: 1.0000 Re: 0.4000 Acc: 0.9873 F1: 0.5714
Epoch 278: Time: 0.0142 Cost: 0.9520 Pre: 1.0000 Re: 0.4000 Acc: 0.9873 F1: 0.5714
Epoch 279: Time: 0.0144 Cost: 0.9109 Pre: 1.0000 Re: 0.4000 Acc: 0.9873 F1: 0.5714
Epoch 280: Time: 0.0142 Cost: 0.8709 Pre: 1.0000 Re: 0.6000 Acc: 0.9915 F1: 0.7500


--------------------------------------------------------------------
Eval results: Cost:0.3222 Pre:1.0000 Re:0.5000 Acc:0.9938 F1:0.6667
--------------------------------------------------------------------

Epoch 281: Time: 0.0146 Cost: 0.8320 Pre: 1.0000 Re: 0.6000 Acc: 0.9915 F1: 0.7500
Epoch 282: Time: 0.0146 Cost: 0.7944 Pre: 1.0000 Re: 0.8000 Acc: 0.9958 F1: 0.8889
Epoch 283: Time: 0.0151 Cost: 0.7581 Pre: 1.0000 Re: 1.0000 Acc: 1.0000 F1: 1.0000
Epoch 284: Time: 0.0144 Cost: 0.7232 Pre: 1.0000 Re: 1.0000 Acc: 1.0000 F1: 1.0000
Epoch 285: Time: 0.0143 Cost: 0.6897 Pre: 1.0000 Re: 1.0000 Acc: 1.0000 F1: 1.0000
Epoch 286: Time: 0.0145 Cost: 0.6576 Pre: 1.0000 Re: 1.0000 Acc: 1.0000 F1: 1.0000
Epoch 287: Time: 0.0141 Cost: 0.6271 Pre: 1.0000 Re: 1.0000 Acc: 1.0000 F1: 1.0000
Epoch 288: Time: 0.0144 Cost: 0.5979 Pre: 1.0000 Re: 1.0000 Acc: 1.0000 F1: 1.0000
Epoch 289: Time: 0.0143 Cost: 0.5702 Pre: 1.0000 Re: 1.0000 Acc: 1.0000 F1: 1.0000
Epoch 290: Time: 0.0148 Cost: 0.5439 Pre: 1.0000 Re: 1.0000 Acc: 1.0000 F1: 1.0000


--------------------------------------------------------------------
Eval results: Cost:0.1798 Pre:1.0000 Re:1.0000 Acc:1.0000 F1:1.0000
--------------------------------------------------------------------

Epoch 291: Time: 0.0144 Cost: 0.5191 Pre: 1.0000 Re: 1.0000 Acc: 1.0000 F1: 1.0000
Epoch 292: Time: 0.0145 Cost: 0.4956 Pre: 1.0000 Re: 1.0000 Acc: 1.0000 F1: 1.0000
Epoch 293: Time: 0.0145 Cost: 0.4735 Pre: 1.0000 Re: 1.0000 Acc: 1.0000 F1: 1.0000
Epoch 294: Time: 0.0146 Cost: 0.4526 Pre: 1.0000 Re: 1.0000 Acc: 1.0000 F1: 1.0000
Epoch 295: Time: 0.0145 Cost: 0.4328 Pre: 1.0000 Re: 1.0000 Acc: 1.0000 F1: 1.0000
Epoch 296: Time: 0.0142 Cost: 0.4140 Pre: 1.0000 Re: 1.0000 Acc: 1.0000 F1: 1.0000
Epoch 297: Time: 0.0143 Cost: 0.3962 Pre: 1.0000 Re: 1.0000 Acc: 1.0000 F1: 1.0000
Epoch 298: Time: 0.0144 Cost: 0.3794 Pre: 1.0000 Re: 1.0000 Acc: 1.0000 F1: 1.0000
Epoch 299: Time: 0.0144 Cost: 0.3634 Pre: 1.0000 Re: 1.0000 Acc: 1.0000 F1: 1.0000
Epoch 300: Time: 0.0144 Cost: 0.3484 Pre: 1.0000 Re: 1.0000 Acc: 1.0000 F1: 1.0000


--------------------------------------------------------------------
Eval results: Cost:0.1103 Pre:1.0000 Re:1.0000 Acc:1.0000 F1:1.0000
--------------------------------------------------------------------

Epoch 301: Time: 0.0143 Cost: 0.3342 Pre: 1.0000 Re: 1.0000 Acc: 1.0000 F1: 1.0000
Epoch 302: Time: 0.0144 Cost: 0.3208 Pre: 1.0000 Re: 1.0000 Acc: 1.0000 F1: 1.0000
Epoch 303: Time: 0.0141 Cost: 0.3083 Pre: 1.0000 Re: 1.0000 Acc: 1.0000 F1: 1.0000
Epoch 304: Time: 0.0146 Cost: 0.2965 Pre: 1.0000 Re: 1.0000 Acc: 1.0000 F1: 1.0000
Epoch 305: Time: 0.0143 Cost: 0.2854 Pre: 1.0000 Re: 1.0000 Acc: 1.0000 F1: 1.0000
Epoch 306: Time: 0.0142 Cost: 0.2750 Pre: 1.0000 Re: 1.0000 Acc: 1.0000 F1: 1.0000
Epoch 307: Time: 0.0144 Cost: 0.2652 Pre: 1.0000 Re: 1.0000 Acc: 1.0000 F1: 1.0000
Epoch 308: Time: 0.0141 Cost: 0.2559 Pre: 1.0000 Re: 1.0000 Acc: 1.0000 F1: 1.0000
Epoch 309: Time: 0.0146 Cost: 0.2473 Pre: 1.0000 Re: 1.0000 Acc: 1.0000 F1: 1.0000
Epoch 310: Time: 0.0143 Cost: 0.2391 Pre: 1.0000 Re: 1.0000 Acc: 1.0000 F1: 1.0000


--------------------------------------------------------------------
Eval results: Cost:0.0772 Pre:1.0000 Re:1.0000 Acc:1.0000 F1:1.0000
--------------------------------------------------------------------

Epoch 311: Time: 0.0146 Cost: 0.2315 Pre: 1.0000 Re: 1.0000 Acc: 1.0000 F1: 1.0000
Epoch 312: Time: 0.0142 Cost: 0.2243 Pre: 1.0000 Re: 1.0000 Acc: 1.0000 F1: 1.0000
Epoch 313: Time: 0.0145 Cost: 0.2177 Pre: 1.0000 Re: 1.0000 Acc: 1.0000 F1: 1.0000
Epoch 314: Time: 0.0145 Cost: 0.2114 Pre: 1.0000 Re: 1.0000 Acc: 1.0000 F1: 1.0000
Epoch 315: Time: 0.0141 Cost: 0.2055 Pre: 1.0000 Re: 1.0000 Acc: 1.0000 F1: 1.0000
Epoch 316: Time: 0.0144 Cost: 0.1999 Pre: 1.0000 Re: 1.0000 Acc: 1.0000 F1: 1.0000
Epoch 317: Time: 0.0143 Cost: 0.1946 Pre: 1.0000 Re: 1.0000 Acc: 1.0000 F1: 1.0000
Epoch 318: Time: 0.0143 Cost: 0.1896 Pre: 1.0000 Re: 1.0000 Acc: 1.0000 F1: 1.0000
Epoch 319: Time: 0.0144 Cost: 0.1849 Pre: 1.0000 Re: 1.0000 Acc: 1.0000 F1: 1.0000
Epoch 320: Time: 0.0141 Cost: 0.1803 Pre: 1.0000 Re: 1.0000 Acc: 1.0000 F1: 1.0000


--------------------------------------------------------------------
Eval results: Cost:0.0602 Pre:1.0000 Re:1.0000 Acc:1.0000 F1:1.0000
--------------------------------------------------------------------

Epoch 321: Time: 0.0151 Cost: 0.1761 Pre: 1.0000 Re: 1.0000 Acc: 1.0000 F1: 1.0000
Epoch 322: Time: 0.0143 Cost: 0.1720 Pre: 1.0000 Re: 1.0000 Acc: 1.0000 F1: 1.0000
Epoch 323: Time: 0.0147 Cost: 0.1681 Pre: 1.0000 Re: 1.0000 Acc: 1.0000 F1: 1.0000
Epoch 324: Time: 0.0145 Cost: 0.1644 Pre: 1.0000 Re: 1.0000 Acc: 1.0000 F1: 1.0000
Epoch 325: Time: 0.0148 Cost: 0.1609 Pre: 1.0000 Re: 1.0000 Acc: 1.0000 F1: 1.0000
Epoch 326: Time: 0.0147 Cost: 0.1575 Pre: 1.0000 Re: 1.0000 Acc: 1.0000 F1: 1.0000
Epoch 327: Time: 0.0142 Cost: 0.1542 Pre: 1.0000 Re: 1.0000 Acc: 1.0000 F1: 1.0000
Epoch 328: Time: 0.0145 Cost: 0.1511 Pre: 1.0000 Re: 1.0000 Acc: 1.0000 F1: 1.0000
Epoch 329: Time: 0.0144 Cost: 0.1480 Pre: 1.0000 Re: 1.0000 Acc: 1.0000 F1: 1.0000
Epoch 330: Time: 0.0143 Cost: 0.1451 Pre: 1.0000 Re: 1.0000 Acc: 1.0000 F1: 1.0000


--------------------------------------------------------------------
Eval results: Cost:0.0497 Pre:1.0000 Re:1.0000 Acc:1.0000 F1:1.0000
--------------------------------------------------------------------

Epoch 331: Time: 0.0142 Cost: 0.1423 Pre: 1.0000 Re: 1.0000 Acc: 1.0000 F1: 1.0000
Epoch 332: Time: 0.0147 Cost: 0.1395 Pre: 1.0000 Re: 1.0000 Acc: 1.0000 F1: 1.0000
Epoch 333: Time: 0.0143 Cost: 0.1369 Pre: 1.0000 Re: 1.0000 Acc: 1.0000 F1: 1.0000
Epoch 334: Time: 0.0141 Cost: 0.1344 Pre: 1.0000 Re: 1.0000 Acc: 1.0000 F1: 1.0000
Epoch 335: Time: 0.0144 Cost: 0.1319 Pre: 1.0000 Re: 1.0000 Acc: 1.0000 F1: 1.0000
Epoch 336: Time: 0.0142 Cost: 0.1295 Pre: 1.0000 Re: 1.0000 Acc: 1.0000 F1: 1.0000
Epoch 337: Time: 0.0145 Cost: 0.1272 Pre: 1.0000 Re: 1.0000 Acc: 1.0000 F1: 1.0000
Epoch 338: Time: 0.0148 Cost: 0.1250 Pre: 1.0000 Re: 1.0000 Acc: 1.0000 F1: 1.0000
Epoch 339: Time: 0.0142 Cost: 0.1228 Pre: 1.0000 Re: 1.0000 Acc: 1.0000 F1: 1.0000
Epoch 340: Time: 0.0146 Cost: 0.1206 Pre: 1.0000 Re: 1.0000 Acc: 1.0000 F1: 1.0000


--------------------------------------------------------------------
Eval results: Cost:0.0420 Pre:1.0000 Re:1.0000 Acc:1.0000 F1:1.0000
--------------------------------------------------------------------

Epoch 341: Time: 0.0144 Cost: 0.1185 Pre: 1.0000 Re: 1.0000 Acc: 1.0000 F1: 1.0000
Epoch 342: Time: 0.0145 Cost: 0.1165 Pre: 1.0000 Re: 1.0000 Acc: 1.0000 F1: 1.0000
Epoch 343: Time: 0.0141 Cost: 0.1146 Pre: 1.0000 Re: 1.0000 Acc: 1.0000 F1: 1.0000
Epoch 344: Time: 0.0146 Cost: 0.1127 Pre: 1.0000 Re: 1.0000 Acc: 1.0000 F1: 1.0000
Epoch 345: Time: 0.0145 Cost: 0.1108 Pre: 1.0000 Re: 1.0000 Acc: 1.0000 F1: 1.0000
Epoch 346: Time: 0.0143 Cost: 0.1090 Pre: 1.0000 Re: 1.0000 Acc: 1.0000 F1: 1.0000
Epoch 347: Time: 0.0146 Cost: 0.1073 Pre: 1.0000 Re: 1.0000 Acc: 1.0000 F1: 1.0000
Epoch 348: Time: 0.0141 Cost: 0.1055 Pre: 1.0000 Re: 1.0000 Acc: 1.0000 F1: 1.0000
Epoch 349: Time: 0.0144 Cost: 0.1039 Pre: 1.0000 Re: 1.0000 Acc: 1.0000 F1: 1.0000
Epoch 350: Time: 0.0144 Cost: 0.1022 Pre: 1.0000 Re: 1.0000 Acc: 1.0000 F1: 1.0000


--------------------------------------------------------------------
Eval results: Cost:0.0361 Pre:1.0000 Re:1.0000 Acc:1.0000 F1:1.0000
--------------------------------------------------------------------

Epoch 351: Time: 0.0152 Cost: 0.1006 Pre: 1.0000 Re: 1.0000 Acc: 1.0000 F1: 1.0000
Epoch 352: Time: 0.0142 Cost: 0.0990 Pre: 1.0000 Re: 1.0000 Acc: 1.0000 F1: 1.0000
Epoch 353: Time: 0.0148 Cost: 0.0975 Pre: 1.0000 Re: 1.0000 Acc: 1.0000 F1: 1.0000
Epoch 354: Time: 0.0146 Cost: 0.0960 Pre: 1.0000 Re: 1.0000 Acc: 1.0000 F1: 1.0000
Epoch 355: Time: 0.0141 Cost: 0.0946 Pre: 1.0000 Re: 1.0000 Acc: 1.0000 F1: 1.0000
Epoch 356: Time: 0.0145 Cost: 0.0932 Pre: 1.0000 Re: 1.0000 Acc: 1.0000 F1: 1.0000
Epoch 357: Time: 0.0143 Cost: 0.0918 Pre: 1.0000 Re: 1.0000 Acc: 1.0000 F1: 1.0000
Epoch 358: Time: 0.0142 Cost: 0.0904 Pre: 1.0000 Re: 1.0000 Acc: 1.0000 F1: 1.0000
Epoch 359: Time: 0.0144 Cost: 0.0891 Pre: 1.0000 Re: 1.0000 Acc: 1.0000 F1: 1.0000
Epoch 360: Time: 0.0141 Cost: 0.0878 Pre: 1.0000 Re: 1.0000 Acc: 1.0000 F1: 1.0000


--------------------------------------------------------------------
Eval results: Cost:0.0314 Pre:1.0000 Re:1.0000 Acc:1.0000 F1:1.0000
--------------------------------------------------------------------

Epoch 361: Time: 0.0157 Cost: 0.0865 Pre: 1.0000 Re: 1.0000 Acc: 1.0000 F1: 1.0000
Epoch 362: Time: 0.0142 Cost: 0.0853 Pre: 1.0000 Re: 1.0000 Acc: 1.0000 F1: 1.0000
Epoch 363: Time: 0.0146 Cost: 0.0841 Pre: 1.0000 Re: 1.0000 Acc: 1.0000 F1: 1.0000
Epoch 364: Time: 0.0141 Cost: 0.0829 Pre: 1.0000 Re: 1.0000 Acc: 1.0000 F1: 1.0000
Epoch 365: Time: 0.0145 Cost: 0.0817 Pre: 1.0000 Re: 1.0000 Acc: 1.0000 F1: 1.0000
Epoch 366: Time: 0.0148 Cost: 0.0806 Pre: 1.0000 Re: 1.0000 Acc: 1.0000 F1: 1.0000
Epoch 367: Time: 0.0141 Cost: 0.0795 Pre: 1.0000 Re: 1.0000 Acc: 1.0000 F1: 1.0000
Epoch 368: Time: 0.0145 Cost: 0.0784 Pre: 1.0000 Re: 1.0000 Acc: 1.0000 F1: 1.0000
Epoch 369: Time: 0.0141 Cost: 0.0773 Pre: 1.0000 Re: 1.0000 Acc: 1.0000 F1: 1.0000
Epoch 370: Time: 0.0145 Cost: 0.0763 Pre: 1.0000 Re: 1.0000 Acc: 1.0000 F1: 1.0000


--------------------------------------------------------------------
Eval results: Cost:0.0277 Pre:1.0000 Re:1.0000 Acc:1.0000 F1:1.0000
--------------------------------------------------------------------

Epoch 371: Time: 0.0142 Cost: 0.0752 Pre: 1.0000 Re: 1.0000 Acc: 1.0000 F1: 1.0000
Epoch 372: Time: 0.0144 Cost: 0.0742 Pre: 1.0000 Re: 1.0000 Acc: 1.0000 F1: 1.0000
Epoch 373: Time: 0.0144 Cost: 0.0732 Pre: 1.0000 Re: 1.0000 Acc: 1.0000 F1: 1.0000
Epoch 374: Time: 0.0142 Cost: 0.0723 Pre: 1.0000 Re: 1.0000 Acc: 1.0000 F1: 1.0000
Epoch 375: Time: 0.0145 Cost: 0.0713 Pre: 1.0000 Re: 1.0000 Acc: 1.0000 F1: 1.0000
Epoch 376: Time: 0.0142 Cost: 0.0704 Pre: 1.0000 Re: 1.0000 Acc: 1.0000 F1: 1.0000
Epoch 377: Time: 0.0148 Cost: 0.0695 Pre: 1.0000 Re: 1.0000 Acc: 1.0000 F1: 1.0000
Epoch 378: Time: 0.0145 Cost: 0.0686 Pre: 1.0000 Re: 1.0000 Acc: 1.0000 F1: 1.0000
Epoch 379: Time: 0.0142 Cost: 0.0678 Pre: 1.0000 Re: 1.0000 Acc: 1.0000 F1: 1.0000
Epoch 380: Time: 0.0145 Cost: 0.0669 Pre: 1.0000 Re: 1.0000 Acc: 1.0000 F1: 1.0000


--------------------------------------------------------------------
Eval results: Cost:0.0247 Pre:1.0000 Re:1.0000 Acc:1.0000 F1:1.0000
--------------------------------------------------------------------

Epoch 381: Time: 0.0146 Cost: 0.0661 Pre: 1.0000 Re: 1.0000 Acc: 1.0000 F1: 1.0000
Epoch 382: Time: 0.0155 Cost: 0.0652 Pre: 1.0000 Re: 1.0000 Acc: 1.0000 F1: 1.0000
Epoch 383: Time: 0.0147 Cost: 0.0644 Pre: 1.0000 Re: 1.0000 Acc: 1.0000 F1: 1.0000
Epoch 384: Time: 0.0146 Cost: 0.0636 Pre: 1.0000 Re: 1.0000 Acc: 1.0000 F1: 1.0000
Epoch 385: Time: 0.0145 Cost: 0.0629 Pre: 1.0000 Re: 1.0000 Acc: 1.0000 F1: 1.0000
Epoch 386: Time: 0.0143 Cost: 0.0621 Pre: 1.0000 Re: 1.0000 Acc: 1.0000 F1: 1.0000
Epoch 387: Time: 0.0145 Cost: 0.0614 Pre: 1.0000 Re: 1.0000 Acc: 1.0000 F1: 1.0000
Epoch 388: Time: 0.0141 Cost: 0.0606 Pre: 1.0000 Re: 1.0000 Acc: 1.0000 F1: 1.0000
Epoch 389: Time: 0.0145 Cost: 0.0599 Pre: 1.0000 Re: 1.0000 Acc: 1.0000 F1: 1.0000
Epoch 390: Time: 0.0144 Cost: 0.0592 Pre: 1.0000 Re: 1.0000 Acc: 1.0000 F1: 1.0000


--------------------------------------------------------------------
Eval results: Cost:0.0221 Pre:1.0000 Re:1.0000 Acc:1.0000 F1:1.0000
--------------------------------------------------------------------

Epoch 391: Time: 0.0146 Cost: 0.0585 Pre: 1.0000 Re: 1.0000 Acc: 1.0000 F1: 1.0000
Epoch 392: Time: 0.0141 Cost: 0.0578 Pre: 1.0000 Re: 1.0000 Acc: 1.0000 F1: 1.0000
Epoch 393: Time: 0.0146 Cost: 0.0571 Pre: 1.0000 Re: 1.0000 Acc: 1.0000 F1: 1.0000
Epoch 394: Time: 0.0145 Cost: 0.0565 Pre: 1.0000 Re: 1.0000 Acc: 1.0000 F1: 1.0000
Epoch 395: Time: 0.0142 Cost: 0.0559 Pre: 1.0000 Re: 1.0000 Acc: 1.0000 F1: 1.0000
Epoch 396: Time: 0.0144 Cost: 0.0552 Pre: 1.0000 Re: 1.0000 Acc: 1.0000 F1: 1.0000
Epoch 397: Time: 0.0141 Cost: 0.0546 Pre: 1.0000 Re: 1.0000 Acc: 1.0000 F1: 1.0000
Epoch 398: Time: 0.0145 Cost: 0.0540 Pre: 1.0000 Re: 1.0000 Acc: 1.0000 F1: 1.0000
Epoch 399: Time: 0.0144 Cost: 0.0534 Pre: 1.0000 Re: 1.0000 Acc: 1.0000 F1: 1.0000
Epoch 400: Time: 0.0143 Cost: 0.0528 Pre: 1.0000 Re: 1.0000 Acc: 1.0000 F1: 1.0000


--------------------------------------------------------------------
Eval results: Cost:0.0200 Pre:1.0000 Re:1.0000 Acc:1.0000 F1:1.0000
--------------------------------------------------------------------

Epoch 401: Time: 0.0146 Cost: 0.0522 Pre: 1.0000 Re: 1.0000 Acc: 1.0000 F1: 1.0000
Epoch 402: Time: 0.0143 Cost: 0.0516 Pre: 1.0000 Re: 1.0000 Acc: 1.0000 F1: 1.0000
Epoch 403: Time: 0.0147 Cost: 0.0511 Pre: 1.0000 Re: 1.0000 Acc: 1.0000 F1: 1.0000
Epoch 404: Time: 0.0147 Cost: 0.0505 Pre: 1.0000 Re: 1.0000 Acc: 1.0000 F1: 1.0000
Epoch 405: Time: 0.0145 Cost: 0.0500 Pre: 1.0000 Re: 1.0000 Acc: 1.0000 F1: 1.0000
Epoch 406: Time: 0.0143 Cost: 0.0495 Pre: 1.0000 Re: 1.0000 Acc: 1.0000 F1: 1.0000
Epoch 407: Time: 0.0142 Cost: 0.0489 Pre: 1.0000 Re: 1.0000 Acc: 1.0000 F1: 1.0000
Epoch 408: Time: 0.0146 Cost: 0.0484 Pre: 1.0000 Re: 1.0000 Acc: 1.0000 F1: 1.0000
Epoch 409: Time: 0.0141 Cost: 0.0479 Pre: 1.0000 Re: 1.0000 Acc: 1.0000 F1: 1.0000
Epoch 410: Time: 0.0145 Cost: 0.0474 Pre: 1.0000 Re: 1.0000 Acc: 1.0000 F1: 1.0000


--------------------------------------------------------------------
Eval results: Cost:0.0182 Pre:1.0000 Re:1.0000 Acc:1.0000 F1:1.0000
--------------------------------------------------------------------

Epoch 411: Time: 0.0142 Cost: 0.0469 Pre: 1.0000 Re: 1.0000 Acc: 1.0000 F1: 1.0000
Epoch 412: Time: 0.0144 Cost: 0.0464 Pre: 1.0000 Re: 1.0000 Acc: 1.0000 F1: 1.0000
Epoch 413: Time: 0.0147 Cost: 0.0460 Pre: 1.0000 Re: 1.0000 Acc: 1.0000 F1: 1.0000
Epoch 414: Time: 0.0143 Cost: 0.0455 Pre: 1.0000 Re: 1.0000 Acc: 1.0000 F1: 1.0000
Epoch 415: Time: 0.0144 Cost: 0.0450 Pre: 1.0000 Re: 1.0000 Acc: 1.0000 F1: 1.0000
Epoch 416: Time: 0.0142 Cost: 0.0446 Pre: 1.0000 Re: 1.0000 Acc: 1.0000 F1: 1.0000
Epoch 417: Time: 0.0144 Cost: 0.0441 Pre: 1.0000 Re: 1.0000 Acc: 1.0000 F1: 1.0000
Epoch 418: Time: 0.0143 Cost: 0.0437 Pre: 1.0000 Re: 1.0000 Acc: 1.0000 F1: 1.0000
Epoch 419: Time: 0.0143 Cost: 0.0433 Pre: 1.0000 Re: 1.0000 Acc: 1.0000 F1: 1.0000
Epoch 420: Time: 0.0145 Cost: 0.0428 Pre: 1.0000 Re: 1.0000 Acc: 1.0000 F1: 1.0000


--------------------------------------------------------------------
Eval results: Cost:0.0167 Pre:1.0000 Re:1.0000 Acc:1.0000 F1:1.0000
--------------------------------------------------------------------

Epoch 421: Time: 0.0146 Cost: 0.0424 Pre: 1.0000 Re: 1.0000 Acc: 1.0000 F1: 1.0000
Epoch 422: Time: 0.0144 Cost: 0.0420 Pre: 1.0000 Re: 1.0000 Acc: 1.0000 F1: 1.0000
Epoch 423: Time: 0.0148 Cost: 0.0416 Pre: 1.0000 Re: 1.0000 Acc: 1.0000 F1: 1.0000
Epoch 424: Time: 0.0146 Cost: 0.0412 Pre: 1.0000 Re: 1.0000 Acc: 1.0000 F1: 1.0000
Epoch 425: Time: 0.0141 Cost: 0.0408 Pre: 1.0000 Re: 1.0000 Acc: 1.0000 F1: 1.0000
Epoch 426: Time: 0.0145 Cost: 0.0404 Pre: 1.0000 Re: 1.0000 Acc: 1.0000 F1: 1.0000
Epoch 427: Time: 0.0144 Cost: 0.0400 Pre: 1.0000 Re: 1.0000 Acc: 1.0000 F1: 1.0000
Epoch 428: Time: 0.0142 Cost: 0.0397 Pre: 1.0000 Re: 1.0000 Acc: 1.0000 F1: 1.0000
Epoch 429: Time: 0.0145 Cost: 0.0393 Pre: 1.0000 Re: 1.0000 Acc: 1.0000 F1: 1.0000
Epoch 430: Time: 0.0140 Cost: 0.0389 Pre: 1.0000 Re: 1.0000 Acc: 1.0000 F1: 1.0000


--------------------------------------------------------------------
Eval results: Cost:0.0153 Pre:1.0000 Re:1.0000 Acc:1.0000 F1:1.0000
--------------------------------------------------------------------

Epoch 431: Time: 0.0145 Cost: 0.0386 Pre: 1.0000 Re: 1.0000 Acc: 1.0000 F1: 1.0000
Epoch 432: Time: 0.0141 Cost: 0.0382 Pre: 1.0000 Re: 1.0000 Acc: 1.0000 F1: 1.0000
Epoch 433: Time: 0.0145 Cost: 0.0379 Pre: 1.0000 Re: 1.0000 Acc: 1.0000 F1: 1.0000
Epoch 434: Time: 0.0142 Cost: 0.0375 Pre: 1.0000 Re: 1.0000 Acc: 1.0000 F1: 1.0000
Epoch 435: Time: 0.0143 Cost: 0.0372 Pre: 1.0000 Re: 1.0000 Acc: 1.0000 F1: 1.0000
Epoch 436: Time: 0.0144 Cost: 0.0368 Pre: 1.0000 Re: 1.0000 Acc: 1.0000 F1: 1.0000
Epoch 437: Time: 0.0141 Cost: 0.0365 Pre: 1.0000 Re: 1.0000 Acc: 1.0000 F1: 1.0000
Epoch 438: Time: 0.0145 Cost: 0.0362 Pre: 1.0000 Re: 1.0000 Acc: 1.0000 F1: 1.0000
Epoch 439: Time: 0.0142 Cost: 0.0359 Pre: 1.0000 Re: 1.0000 Acc: 1.0000 F1: 1.0000
Epoch 440: Time: 0.0143 Cost: 0.0355 Pre: 1.0000 Re: 1.0000 Acc: 1.0000 F1: 1.0000


--------------------------------------------------------------------
Eval results: Cost:0.0141 Pre:1.0000 Re:1.0000 Acc:1.0000 F1:1.0000
--------------------------------------------------------------------

Epoch 441: Time: 0.0143 Cost: 0.0352 Pre: 1.0000 Re: 1.0000 Acc: 1.0000 F1: 1.0000
Epoch 442: Time: 0.0145 Cost: 0.0349 Pre: 1.0000 Re: 1.0000 Acc: 1.0000 F1: 1.0000
Epoch 443: Time: 0.0143 Cost: 0.0346 Pre: 1.0000 Re: 1.0000 Acc: 1.0000 F1: 1.0000
Epoch 444: Time: 0.0156 Cost: 0.0343 Pre: 1.0000 Re: 1.0000 Acc: 1.0000 F1: 1.0000
Epoch 445: Time: 0.0152 Cost: 0.0340 Pre: 1.0000 Re: 1.0000 Acc: 1.0000 F1: 1.0000
Epoch 446: Time: 0.0148 Cost: 0.0337 Pre: 1.0000 Re: 1.0000 Acc: 1.0000 F1: 1.0000
Epoch 447: Time: 0.0145 Cost: 0.0334 Pre: 1.0000 Re: 1.0000 Acc: 1.0000 F1: 1.0000
Epoch 448: Time: 0.0145 Cost: 0.0332 Pre: 1.0000 Re: 1.0000 Acc: 1.0000 F1: 1.0000
Epoch 449: Time: 0.0141 Cost: 0.0329 Pre: 1.0000 Re: 1.0000 Acc: 1.0000 F1: 1.0000
Epoch 450: Time: 0.0146 Cost: 0.0326 Pre: 1.0000 Re: 1.0000 Acc: 1.0000 F1: 1.0000


--------------------------------------------------------------------
Eval results: Cost:0.0131 Pre:1.0000 Re:1.0000 Acc:1.0000 F1:1.0000
--------------------------------------------------------------------

Epoch 451: Time: 0.0143 Cost: 0.0323 Pre: 1.0000 Re: 1.0000 Acc: 1.0000 F1: 1.0000
Epoch 452: Time: 0.0145 Cost: 0.0321 Pre: 1.0000 Re: 1.0000 Acc: 1.0000 F1: 1.0000
Epoch 453: Time: 0.0142 Cost: 0.0318 Pre: 1.0000 Re: 1.0000 Acc: 1.0000 F1: 1.0000
Epoch 454: Time: 0.0149 Cost: 0.0315 Pre: 1.0000 Re: 1.0000 Acc: 1.0000 F1: 1.0000
Epoch 455: Time: 0.0144 Cost: 0.0313 Pre: 1.0000 Re: 1.0000 Acc: 1.0000 F1: 1.0000
Epoch 456: Time: 0.0143 Cost: 0.0310 Pre: 1.0000 Re: 1.0000 Acc: 1.0000 F1: 1.0000
Epoch 457: Time: 0.0146 Cost: 0.0308 Pre: 1.0000 Re: 1.0000 Acc: 1.0000 F1: 1.0000
Epoch 458: Time: 0.0141 Cost: 0.0305 Pre: 1.0000 Re: 1.0000 Acc: 1.0000 F1: 1.0000
Epoch 459: Time: 0.0145 Cost: 0.0303 Pre: 1.0000 Re: 1.0000 Acc: 1.0000 F1: 1.0000
Epoch 460: Time: 0.0145 Cost: 0.0300 Pre: 1.0000 Re: 1.0000 Acc: 1.0000 F1: 1.0000


--------------------------------------------------------------------
Eval results: Cost:0.0122 Pre:1.0000 Re:1.0000 Acc:1.0000 F1:1.0000
--------------------------------------------------------------------

Epoch 461: Time: 0.0146 Cost: 0.0298 Pre: 1.0000 Re: 1.0000 Acc: 1.0000 F1: 1.0000
Epoch 462: Time: 0.0143 Cost: 0.0296 Pre: 1.0000 Re: 1.0000 Acc: 1.0000 F1: 1.0000
Epoch 463: Time: 0.0143 Cost: 0.0293 Pre: 1.0000 Re: 1.0000 Acc: 1.0000 F1: 1.0000
Epoch 464: Time: 0.0145 Cost: 0.0291 Pre: 1.0000 Re: 1.0000 Acc: 1.0000 F1: 1.0000
Epoch 465: Time: 0.0143 Cost: 0.0289 Pre: 1.0000 Re: 1.0000 Acc: 1.0000 F1: 1.0000
Epoch 466: Time: 0.0156 Cost: 0.0287 Pre: 1.0000 Re: 1.0000 Acc: 1.0000 F1: 1.0000
Epoch 467: Time: 0.0146 Cost: 0.0284 Pre: 1.0000 Re: 1.0000 Acc: 1.0000 F1: 1.0000
Epoch 468: Time: 0.0142 Cost: 0.0282 Pre: 1.0000 Re: 1.0000 Acc: 1.0000 F1: 1.0000
Epoch 469: Time: 0.0146 Cost: 0.0280 Pre: 1.0000 Re: 1.0000 Acc: 1.0000 F1: 1.0000
Epoch 470: Time: 0.0141 Cost: 0.0278 Pre: 1.0000 Re: 1.0000 Acc: 1.0000 F1: 1.0000


--------------------------------------------------------------------
Eval results: Cost:0.0114 Pre:1.0000 Re:1.0000 Acc:1.0000 F1:1.0000
--------------------------------------------------------------------

Epoch 471: Time: 0.0145 Cost: 0.0276 Pre: 1.0000 Re: 1.0000 Acc: 1.0000 F1: 1.0000
Epoch 472: Time: 0.0142 Cost: 0.0274 Pre: 1.0000 Re: 1.0000 Acc: 1.0000 F1: 1.0000
Epoch 473: Time: 0.0145 Cost: 0.0272 Pre: 1.0000 Re: 1.0000 Acc: 1.0000 F1: 1.0000
Epoch 474: Time: 0.0141 Cost: 0.0270 Pre: 1.0000 Re: 1.0000 Acc: 1.0000 F1: 1.0000
Epoch 475: Time: 0.0149 Cost: 0.0268 Pre: 1.0000 Re: 1.0000 Acc: 1.0000 F1: 1.0000
Epoch 476: Time: 0.0145 Cost: 0.0266 Pre: 1.0000 Re: 1.0000 Acc: 1.0000 F1: 1.0000
Epoch 477: Time: 0.0141 Cost: 0.0264 Pre: 1.0000 Re: 1.0000 Acc: 1.0000 F1: 1.0000
Epoch 478: Time: 0.0144 Cost: 0.0262 Pre: 1.0000 Re: 1.0000 Acc: 1.0000 F1: 1.0000
Epoch 479: Time: 0.0143 Cost: 0.0260 Pre: 1.0000 Re: 1.0000 Acc: 1.0000 F1: 1.0000
Epoch 480: Time: 0.0143 Cost: 0.0258 Pre: 1.0000 Re: 1.0000 Acc: 1.0000 F1: 1.0000


--------------------------------------------------------------------
Eval results: Cost:0.0106 Pre:1.0000 Re:1.0000 Acc:1.0000 F1:1.0000
--------------------------------------------------------------------

Epoch 481: Time: 0.0144 Cost: 0.0256 Pre: 1.0000 Re: 1.0000 Acc: 1.0000 F1: 1.0000
Epoch 482: Time: 0.0145 Cost: 0.0254 Pre: 1.0000 Re: 1.0000 Acc: 1.0000 F1: 1.0000
Epoch 483: Time: 0.0144 Cost: 0.0252 Pre: 1.0000 Re: 1.0000 Acc: 1.0000 F1: 1.0000
Epoch 484: Time: 0.0142 Cost: 0.0251 Pre: 1.0000 Re: 1.0000 Acc: 1.0000 F1: 1.0000
Epoch 485: Time: 0.0145 Cost: 0.0249 Pre: 1.0000 Re: 1.0000 Acc: 1.0000 F1: 1.0000
Epoch 486: Time: 0.0141 Cost: 0.0247 Pre: 1.0000 Re: 1.0000 Acc: 1.0000 F1: 1.0000
Epoch 487: Time: 0.0147 Cost: 0.0245 Pre: 1.0000 Re: 1.0000 Acc: 1.0000 F1: 1.0000
Epoch 488: Time: 0.0145 Cost: 0.0244 Pre: 1.0000 Re: 1.0000 Acc: 1.0000 F1: 1.0000
Epoch 489: Time: 0.0142 Cost: 0.0242 Pre: 1.0000 Re: 1.0000 Acc: 1.0000 F1: 1.0000
Epoch 490: Time: 0.0144 Cost: 0.0240 Pre: 1.0000 Re: 1.0000 Acc: 1.0000 F1: 1.0000


--------------------------------------------------------------------
Eval results: Cost:0.0100 Pre:1.0000 Re:1.0000 Acc:1.0000 F1:1.0000
--------------------------------------------------------------------

Epoch 491: Time: 0.0145 Cost: 0.0239 Pre: 1.0000 Re: 1.0000 Acc: 1.0000 F1: 1.0000
Epoch 492: Time: 0.0145 Cost: 0.0237 Pre: 1.0000 Re: 1.0000 Acc: 1.0000 F1: 1.0000
Epoch 493: Time: 0.0141 Cost: 0.0235 Pre: 1.0000 Re: 1.0000 Acc: 1.0000 F1: 1.0000
Epoch 494: Time: 0.0144 Cost: 0.0234 Pre: 1.0000 Re: 1.0000 Acc: 1.0000 F1: 1.0000
Epoch 495: Time: 0.0142 Cost: 0.0232 Pre: 1.0000 Re: 1.0000 Acc: 1.0000 F1: 1.0000
Epoch 496: Time: 0.0143 Cost: 0.0231 Pre: 1.0000 Re: 1.0000 Acc: 1.0000 F1: 1.0000
Epoch 497: Time: 0.0145 Cost: 0.0229 Pre: 1.0000 Re: 1.0000 Acc: 1.0000 F1: 1.0000
Epoch 498: Time: 0.0141 Cost: 0.0228 Pre: 1.0000 Re: 1.0000 Acc: 1.0000 F1: 1.0000
Epoch 499: Time: 0.0144 Cost: 0.0226 Pre: 1.0000 Re: 1.0000 Acc: 1.0000 F1: 1.0000
Epoch 500: Time: 0.0143 Cost: 0.0225 Pre: 1.0000 Re: 1.0000 Acc: 1.0000 F1: 1.0000


--------------------------------------------------------------------
Eval results: Cost:0.0094 Pre:1.0000 Re:1.0000 Acc:1.0000 F1:1.0000
--------------------------------------------------------------------

Epoch 501: Time: 0.0147 Cost: 0.0223 Pre: 1.0000 Re: 1.0000 Acc: 1.0000 F1: 1.0000
Epoch 502: Time: 0.0141 Cost: 0.0222 Pre: 1.0000 Re: 1.0000 Acc: 1.0000 F1: 1.0000
Epoch 503: Time: 0.0144 Cost: 0.0220 Pre: 1.0000 Re: 1.0000 Acc: 1.0000 F1: 1.0000
Epoch 504: Time: 0.0143 Cost: 0.0219 Pre: 1.0000 Re: 1.0000 Acc: 1.0000 F1: 1.0000
Epoch 505: Time: 0.0144 Cost: 0.0217 Pre: 1.0000 Re: 1.0000 Acc: 1.0000 F1: 1.0000
Epoch 506: Time: 0.0154 Cost: 0.0216 Pre: 1.0000 Re: 1.0000 Acc: 1.0000 F1: 1.0000
Epoch 507: Time: 0.0153 Cost: 0.0215 Pre: 1.0000 Re: 1.0000 Acc: 1.0000 F1: 1.0000
Epoch 508: Time: 0.0147 Cost: 0.0213 Pre: 1.0000 Re: 1.0000 Acc: 1.0000 F1: 1.0000
Epoch 509: Time: 0.0146 Cost: 0.0212 Pre: 1.0000 Re: 1.0000 Acc: 1.0000 F1: 1.0000
Epoch 510: Time: 0.0146 Cost: 0.0210 Pre: 1.0000 Re: 1.0000 Acc: 1.0000 F1: 1.0000


--------------------------------------------------------------------
Eval results: Cost:0.0088 Pre:1.0000 Re:1.0000 Acc:1.0000 F1:1.0000
--------------------------------------------------------------------

Epoch 511: Time: 0.0145 Cost: 0.0209 Pre: 1.0000 Re: 1.0000 Acc: 1.0000 F1: 1.0000
Epoch 512: Time: 0.0142 Cost: 0.0208 Pre: 1.0000 Re: 1.0000 Acc: 1.0000 F1: 1.0000
Epoch 513: Time: 0.0146 Cost: 0.0207 Pre: 1.0000 Re: 1.0000 Acc: 1.0000 F1: 1.0000
Epoch 514: Time: 0.0141 Cost: 0.0205 Pre: 1.0000 Re: 1.0000 Acc: 1.0000 F1: 1.0000
Epoch 515: Time: 0.0145 Cost: 0.0204 Pre: 1.0000 Re: 1.0000 Acc: 1.0000 F1: 1.0000
Epoch 516: Time: 0.0144 Cost: 0.0203 Pre: 1.0000 Re: 1.0000 Acc: 1.0000 F1: 1.0000
Epoch 517: Time: 0.0142 Cost: 0.0201 Pre: 1.0000 Re: 1.0000 Acc: 1.0000 F1: 1.0000
Epoch 518: Time: 0.0146 Cost: 0.0200 Pre: 1.0000 Re: 1.0000 Acc: 1.0000 F1: 1.0000
Epoch 519: Time: 0.0141 Cost: 0.0199 Pre: 1.0000 Re: 1.0000 Acc: 1.0000 F1: 1.0000
Epoch 520: Time: 0.0145 Cost: 0.0198 Pre: 1.0000 Re: 1.0000 Acc: 1.0000 F1: 1.0000


--------------------------------------------------------------------
Eval results: Cost:0.0083 Pre:1.0000 Re:1.0000 Acc:1.0000 F1:1.0000
--------------------------------------------------------------------

Epoch 521: Time: 0.0143 Cost: 0.0197 Pre: 1.0000 Re: 1.0000 Acc: 1.0000 F1: 1.0000
Epoch 522: Time: 0.0145 Cost: 0.0195 Pre: 1.0000 Re: 1.0000 Acc: 1.0000 F1: 1.0000
Epoch 523: Time: 0.0143 Cost: 0.0194 Pre: 1.0000 Re: 1.0000 Acc: 1.0000 F1: 1.0000
Epoch 524: Time: 0.0145 Cost: 0.0193 Pre: 1.0000 Re: 1.0000 Acc: 1.0000 F1: 1.0000
Epoch 525: Time: 0.0145 Cost: 0.0192 Pre: 1.0000 Re: 1.0000 Acc: 1.0000 F1: 1.0000
Epoch 526: Time: 0.0141 Cost: 0.0191 Pre: 1.0000 Re: 1.0000 Acc: 1.0000 F1: 1.0000
Epoch 527: Time: 0.0145 Cost: 0.0190 Pre: 1.0000 Re: 1.0000 Acc: 1.0000 F1: 1.0000
Epoch 528: Time: 0.0144 Cost: 0.0189 Pre: 1.0000 Re: 1.0000 Acc: 1.0000 F1: 1.0000
Epoch 529: Time: 0.0146 Cost: 0.0187 Pre: 1.0000 Re: 1.0000 Acc: 1.0000 F1: 1.0000
Epoch 530: Time: 0.0146 Cost: 0.0186 Pre: 1.0000 Re: 1.0000 Acc: 1.0000 F1: 1.0000


--------------------------------------------------------------------
Eval results: Cost:0.0079 Pre:1.0000 Re:1.0000 Acc:1.0000 F1:1.0000
--------------------------------------------------------------------

Early stopping...
--------------------------------------------------------------------
--------------------------------------------------------------------
Test 458 samples take time: 0.0510
Test results: Cost:0.0077 Pre:1.0000 Re:1.0000 Acc:1.0000 F1:1.0000
--------------------------------------------------------------------

