16768
16562
16206
16632
16380
16425
Load data
RNN type: GRU Grammar: g2 Seed: 3
Model total parameters: 7800
Saving hinit ... 

Epoch 0: Time: 0.1320 Cost: 25.6049 Pre: 0.0397 Re: 1.0000 Acc: 0.4873 F1: 0.0763


--------------------------------------------------------------------
Eval results: Cost:25.0814 Pre:0.0227 Re:1.0000 Acc:0.4625 F1:0.0444
--------------------------------------------------------------------

Epoch 1: Time: 0.0546 Cost: 24.5599 Pre: 0.0397 Re: 1.0000 Acc: 0.4873 F1: 0.0763
Epoch 2: Time: 0.0542 Cost: 23.1294 Pre: 0.0481 Re: 1.0000 Acc: 0.5805 F1: 0.0917
Epoch 3: Time: 0.0577 Cost: 21.4880 Pre: 0.0169 Re: 0.2000 Acc: 0.7373 F1: 0.0312
Epoch 4: Time: 0.0555 Cost: 19.6449 Pre: 0.0385 Re: 0.2000 Acc: 0.8771 F1: 0.0645
Epoch 5: Time: 0.0662 Cost: 17.5220 Pre: 0.0000 Re: 0.0000 Acc: 0.9703 F1: 0.0000
Epoch 6: Time: 0.0499 Cost: 14.9719 Pre: 0.0000 Re: 0.0000 Acc: 0.9746 F1: 0.0000
Epoch 7: Time: 0.0542 Cost: 11.8195 Pre: 0.0000 Re: 0.0000 Acc: 0.9746 F1: 0.0000
Epoch 8: Time: 0.0540 Cost: 8.1303 Pre: 0.0000 Re: 0.0000 Acc: 0.9746 F1: 0.0000
Epoch 9: Time: 0.0517 Cost: 4.9206 Pre: 0.0000 Re: 0.0000 Acc: 0.9746 F1: 0.0000
Epoch 10: Time: 0.0526 Cost: 3.3996 Pre: 0.0000 Re: 0.0000 Acc: 0.9746 F1: 0.0000


--------------------------------------------------------------------
Eval results: Cost:1.5144 Pre:0.0000 Re:0.0000 Acc:0.9812 F1:0.0000
--------------------------------------------------------------------

Epoch 11: Time: 0.0515 Cost: 2.9642 Pre: 0.0000 Re: 0.0000 Acc: 0.9746 F1: 0.0000
Epoch 12: Time: 0.0577 Cost: 2.8413 Pre: 0.0000 Re: 0.0000 Acc: 0.9746 F1: 0.0000
Epoch 13: Time: 0.0517 Cost: 2.7990 Pre: 0.0000 Re: 0.0000 Acc: 0.9746 F1: 0.0000
Epoch 14: Time: 0.0555 Cost: 2.7807 Pre: 0.0000 Re: 0.0000 Acc: 0.9746 F1: 0.0000
Epoch 15: Time: 0.0546 Cost: 2.7705 Pre: 0.0000 Re: 0.0000 Acc: 0.9788 F1: 0.0000
Epoch 16: Time: 0.0538 Cost: 2.7634 Pre: 0.0000 Re: 0.0000 Acc: 0.9788 F1: 0.0000
Epoch 17: Time: 0.0532 Cost: 2.7574 Pre: 0.0000 Re: 0.0000 Acc: 0.9788 F1: 0.0000
Epoch 18: Time: 0.0496 Cost: 2.7518 Pre: 0.0000 Re: 0.0000 Acc: 0.9788 F1: 0.0000
Epoch 19: Time: 0.0521 Cost: 2.7463 Pre: 0.0000 Re: 0.0000 Acc: 0.9788 F1: 0.0000
Epoch 20: Time: 0.0542 Cost: 2.7408 Pre: 0.0000 Re: 0.0000 Acc: 0.9788 F1: 0.0000


--------------------------------------------------------------------
Eval results: Cost:1.2091 Pre:0.0000 Re:0.0000 Acc:0.9875 F1:0.0000
--------------------------------------------------------------------

Epoch 21: Time: 0.0460 Cost: 2.7352 Pre: 0.0000 Re: 0.0000 Acc: 0.9788 F1: 0.0000
Epoch 22: Time: 0.0463 Cost: 2.7294 Pre: 0.0000 Re: 0.0000 Acc: 0.9788 F1: 0.0000
Epoch 23: Time: 0.0469 Cost: 2.7235 Pre: 0.0000 Re: 0.0000 Acc: 0.9788 F1: 0.0000
Epoch 24: Time: 0.0458 Cost: 2.7175 Pre: 0.0000 Re: 0.0000 Acc: 0.9788 F1: 0.0000
Epoch 25: Time: 0.0460 Cost: 2.7113 Pre: 0.0000 Re: 0.0000 Acc: 0.9788 F1: 0.0000
Epoch 26: Time: 0.0460 Cost: 2.7051 Pre: 0.0000 Re: 0.0000 Acc: 0.9788 F1: 0.0000
Epoch 27: Time: 0.0466 Cost: 2.6988 Pre: 0.0000 Re: 0.0000 Acc: 0.9788 F1: 0.0000
Epoch 28: Time: 0.0458 Cost: 2.6925 Pre: 0.0000 Re: 0.0000 Acc: 0.9788 F1: 0.0000
Epoch 29: Time: 0.0456 Cost: 2.6861 Pre: 0.0000 Re: 0.0000 Acc: 0.9788 F1: 0.0000
Epoch 30: Time: 0.0459 Cost: 2.6797 Pre: 0.0000 Re: 0.0000 Acc: 0.9788 F1: 0.0000


--------------------------------------------------------------------
Eval results: Cost:1.1450 Pre:0.0000 Re:0.0000 Acc:0.9875 F1:0.0000
--------------------------------------------------------------------

Epoch 31: Time: 0.0455 Cost: 2.6733 Pre: 0.0000 Re: 0.0000 Acc: 0.9788 F1: 0.0000
Epoch 32: Time: 0.0525 Cost: 2.6669 Pre: 0.0000 Re: 0.0000 Acc: 0.9788 F1: 0.0000
Epoch 33: Time: 0.0464 Cost: 2.6604 Pre: 0.0000 Re: 0.0000 Acc: 0.9788 F1: 0.0000
Epoch 34: Time: 0.0462 Cost: 2.6540 Pre: 0.0000 Re: 0.0000 Acc: 0.9788 F1: 0.0000
Epoch 35: Time: 0.0463 Cost: 2.6476 Pre: 0.0000 Re: 0.0000 Acc: 0.9788 F1: 0.0000
Epoch 36: Time: 0.0464 Cost: 2.6412 Pre: 0.0000 Re: 0.0000 Acc: 0.9788 F1: 0.0000
Epoch 37: Time: 0.0465 Cost: 2.6350 Pre: 0.0000 Re: 0.0000 Acc: 0.9788 F1: 0.0000
Epoch 38: Time: 0.0456 Cost: 2.6288 Pre: 0.0000 Re: 0.0000 Acc: 0.9788 F1: 0.0000
Epoch 39: Time: 0.0457 Cost: 2.6227 Pre: 0.0000 Re: 0.0000 Acc: 0.9788 F1: 0.0000
Epoch 40: Time: 0.0456 Cost: 2.6167 Pre: 0.0000 Re: 0.0000 Acc: 0.9788 F1: 0.0000


--------------------------------------------------------------------
Eval results: Cost:1.0868 Pre:0.0000 Re:0.0000 Acc:0.9875 F1:0.0000
--------------------------------------------------------------------

Epoch 41: Time: 0.0460 Cost: 2.6108 Pre: 0.0000 Re: 0.0000 Acc: 0.9788 F1: 0.0000
Epoch 42: Time: 0.0463 Cost: 2.6050 Pre: 0.0000 Re: 0.0000 Acc: 0.9788 F1: 0.0000
Epoch 43: Time: 0.0459 Cost: 2.5993 Pre: 0.0000 Re: 0.0000 Acc: 0.9788 F1: 0.0000
Epoch 44: Time: 0.0456 Cost: 2.5937 Pre: 0.0000 Re: 0.0000 Acc: 0.9788 F1: 0.0000
Epoch 45: Time: 0.0459 Cost: 2.5882 Pre: 0.0000 Re: 0.0000 Acc: 0.9788 F1: 0.0000
Epoch 46: Time: 0.0463 Cost: 2.5828 Pre: 0.0000 Re: 0.0000 Acc: 0.9788 F1: 0.0000
Epoch 47: Time: 0.0469 Cost: 2.5776 Pre: 0.0000 Re: 0.0000 Acc: 0.9788 F1: 0.0000
Epoch 48: Time: 0.0469 Cost: 2.5726 Pre: 0.0000 Re: 0.0000 Acc: 0.9788 F1: 0.0000
Epoch 49: Time: 0.0460 Cost: 2.5677 Pre: 0.0000 Re: 0.0000 Acc: 0.9788 F1: 0.0000
Epoch 50: Time: 0.0458 Cost: 2.5629 Pre: 0.0000 Re: 0.0000 Acc: 0.9788 F1: 0.0000


--------------------------------------------------------------------
Eval results: Cost:1.0447 Pre:0.0000 Re:0.0000 Acc:0.9875 F1:0.0000
--------------------------------------------------------------------

Epoch 51: Time: 0.0461 Cost: 2.5583 Pre: 0.0000 Re: 0.0000 Acc: 0.9788 F1: 0.0000
Epoch 52: Time: 0.0478 Cost: 2.5539 Pre: 0.0000 Re: 0.0000 Acc: 0.9788 F1: 0.0000
Epoch 53: Time: 0.0457 Cost: 2.5495 Pre: 0.0000 Re: 0.0000 Acc: 0.9788 F1: 0.0000
Epoch 54: Time: 0.0460 Cost: 2.5454 Pre: 0.0000 Re: 0.0000 Acc: 0.9788 F1: 0.0000
Epoch 55: Time: 0.0463 Cost: 2.5413 Pre: 0.0000 Re: 0.0000 Acc: 0.9788 F1: 0.0000
Epoch 56: Time: 0.0465 Cost: 2.5374 Pre: 0.0000 Re: 0.0000 Acc: 0.9788 F1: 0.0000
Epoch 57: Time: 0.0458 Cost: 2.5336 Pre: 0.0000 Re: 0.0000 Acc: 0.9788 F1: 0.0000
Epoch 58: Time: 0.0457 Cost: 2.5299 Pre: 0.0000 Re: 0.0000 Acc: 0.9788 F1: 0.0000
Epoch 59: Time: 0.0457 Cost: 2.5263 Pre: 0.0000 Re: 0.0000 Acc: 0.9788 F1: 0.0000
Epoch 60: Time: 0.0487 Cost: 2.5229 Pre: 0.0000 Re: 0.0000 Acc: 0.9788 F1: 0.0000


--------------------------------------------------------------------
Eval results: Cost:1.0162 Pre:0.0000 Re:0.0000 Acc:0.9875 F1:0.0000
--------------------------------------------------------------------

Epoch 61: Time: 0.0463 Cost: 2.5195 Pre: 0.0000 Re: 0.0000 Acc: 0.9788 F1: 0.0000
Epoch 62: Time: 0.0460 Cost: 2.5162 Pre: 0.0000 Re: 0.0000 Acc: 0.9788 F1: 0.0000
Epoch 63: Time: 0.0457 Cost: 2.5130 Pre: 0.0000 Re: 0.0000 Acc: 0.9788 F1: 0.0000
Epoch 64: Time: 0.0460 Cost: 2.5099 Pre: 0.0000 Re: 0.0000 Acc: 0.9788 F1: 0.0000
Epoch 65: Time: 0.0474 Cost: 2.5069 Pre: 0.0000 Re: 0.0000 Acc: 0.9788 F1: 0.0000
Epoch 66: Time: 0.0458 Cost: 2.5039 Pre: 0.0000 Re: 0.0000 Acc: 0.9788 F1: 0.0000
Epoch 67: Time: 0.0461 Cost: 2.5009 Pre: 0.0000 Re: 0.0000 Acc: 0.9788 F1: 0.0000
Epoch 68: Time: 0.0461 Cost: 2.4980 Pre: 0.0000 Re: 0.0000 Acc: 0.9788 F1: 0.0000
Epoch 69: Time: 0.0463 Cost: 2.4952 Pre: 0.0000 Re: 0.0000 Acc: 0.9788 F1: 0.0000
Epoch 70: Time: 0.0459 Cost: 2.4924 Pre: 0.0000 Re: 0.0000 Acc: 0.9788 F1: 0.0000


--------------------------------------------------------------------
Eval results: Cost:0.9961 Pre:0.0000 Re:0.0000 Acc:0.9875 F1:0.0000
--------------------------------------------------------------------

Epoch 71: Time: 0.0474 Cost: 2.4896 Pre: 0.0000 Re: 0.0000 Acc: 0.9788 F1: 0.0000
Epoch 72: Time: 0.0463 Cost: 2.4868 Pre: 0.0000 Re: 0.0000 Acc: 0.9788 F1: 0.0000
Epoch 73: Time: 0.0460 Cost: 2.4840 Pre: 0.0000 Re: 0.0000 Acc: 0.9788 F1: 0.0000
Epoch 74: Time: 0.0463 Cost: 2.4813 Pre: 0.0000 Re: 0.0000 Acc: 0.9788 F1: 0.0000
Epoch 75: Time: 0.0493 Cost: 2.4785 Pre: 0.0000 Re: 0.0000 Acc: 0.9788 F1: 0.0000
Epoch 76: Time: 0.0461 Cost: 2.4758 Pre: 0.0000 Re: 0.0000 Acc: 0.9788 F1: 0.0000
Epoch 77: Time: 0.0462 Cost: 2.4730 Pre: 0.0000 Re: 0.0000 Acc: 0.9788 F1: 0.0000
Epoch 78: Time: 0.0455 Cost: 2.4703 Pre: 0.0000 Re: 0.0000 Acc: 0.9788 F1: 0.0000
Epoch 79: Time: 0.0467 Cost: 2.4675 Pre: 0.0000 Re: 0.0000 Acc: 0.9788 F1: 0.0000
Epoch 80: Time: 0.0463 Cost: 2.4647 Pre: 0.0000 Re: 0.0000 Acc: 0.9788 F1: 0.0000


--------------------------------------------------------------------
Eval results: Cost:0.9829 Pre:0.0000 Re:0.0000 Acc:0.9875 F1:0.0000
--------------------------------------------------------------------

Epoch 81: Time: 0.0462 Cost: 2.4619 Pre: 0.0000 Re: 0.0000 Acc: 0.9788 F1: 0.0000
Epoch 82: Time: 0.0458 Cost: 2.4590 Pre: 0.0000 Re: 0.0000 Acc: 0.9788 F1: 0.0000
Epoch 83: Time: 0.0458 Cost: 2.4562 Pre: 0.0000 Re: 0.0000 Acc: 0.9788 F1: 0.0000
Epoch 84: Time: 0.0457 Cost: 2.4534 Pre: 0.0000 Re: 0.0000 Acc: 0.9788 F1: 0.0000
Epoch 85: Time: 0.0453 Cost: 2.4505 Pre: 0.0000 Re: 0.0000 Acc: 0.9788 F1: 0.0000
Epoch 86: Time: 0.0457 Cost: 2.4476 Pre: 0.0000 Re: 0.0000 Acc: 0.9788 F1: 0.0000
Epoch 87: Time: 0.0459 Cost: 2.4447 Pre: 0.0000 Re: 0.0000 Acc: 0.9788 F1: 0.0000
Epoch 88: Time: 0.0457 Cost: 2.4417 Pre: 0.0000 Re: 0.0000 Acc: 0.9788 F1: 0.0000
Epoch 89: Time: 0.0462 Cost: 2.4387 Pre: 0.0000 Re: 0.0000 Acc: 0.9788 F1: 0.0000
Epoch 90: Time: 0.0472 Cost: 2.4357 Pre: 0.0000 Re: 0.0000 Acc: 0.9788 F1: 0.0000


--------------------------------------------------------------------
Eval results: Cost:0.9724 Pre:0.0000 Re:0.0000 Acc:0.9875 F1:0.0000
--------------------------------------------------------------------

Epoch 91: Time: 0.0462 Cost: 2.4326 Pre: 0.0000 Re: 0.0000 Acc: 0.9788 F1: 0.0000
Epoch 92: Time: 0.0464 Cost: 2.4296 Pre: 0.0000 Re: 0.0000 Acc: 0.9788 F1: 0.0000
Epoch 93: Time: 0.0462 Cost: 2.4265 Pre: 0.0000 Re: 0.0000 Acc: 0.9788 F1: 0.0000
Epoch 94: Time: 0.0479 Cost: 2.4234 Pre: 0.0000 Re: 0.0000 Acc: 0.9788 F1: 0.0000
Epoch 95: Time: 0.0461 Cost: 2.4203 Pre: 0.0000 Re: 0.0000 Acc: 0.9788 F1: 0.0000
Epoch 96: Time: 0.0462 Cost: 2.4172 Pre: 0.0000 Re: 0.0000 Acc: 0.9788 F1: 0.0000
Epoch 97: Time: 0.0457 Cost: 2.4140 Pre: 0.0000 Re: 0.0000 Acc: 0.9788 F1: 0.0000
Epoch 98: Time: 0.0460 Cost: 2.4108 Pre: 0.0000 Re: 0.0000 Acc: 0.9788 F1: 0.0000
Epoch 99: Time: 0.0467 Cost: 2.4075 Pre: 0.0000 Re: 0.0000 Acc: 0.9788 F1: 0.0000
Epoch 100: Time: 0.0459 Cost: 2.4042 Pre: 0.0000 Re: 0.0000 Acc: 0.9788 F1: 0.0000


--------------------------------------------------------------------
Eval results: Cost:0.9628 Pre:0.0000 Re:0.0000 Acc:0.9875 F1:0.0000
--------------------------------------------------------------------

Epoch 101: Time: 0.0460 Cost: 2.4008 Pre: 0.0000 Re: 0.0000 Acc: 0.9788 F1: 0.0000
Epoch 102: Time: 0.0459 Cost: 2.3974 Pre: 0.0000 Re: 0.0000 Acc: 0.9788 F1: 0.0000
Epoch 103: Time: 0.0455 Cost: 2.3939 Pre: 0.0000 Re: 0.0000 Acc: 0.9788 F1: 0.0000
Epoch 104: Time: 0.0460 Cost: 2.3905 Pre: 0.0000 Re: 0.0000 Acc: 0.9788 F1: 0.0000
Epoch 105: Time: 0.0458 Cost: 2.3869 Pre: 0.0000 Re: 0.0000 Acc: 0.9788 F1: 0.0000
Epoch 106: Time: 0.0458 Cost: 2.3833 Pre: 0.0000 Re: 0.0000 Acc: 0.9788 F1: 0.0000
Epoch 107: Time: 0.0456 Cost: 2.3796 Pre: 0.0000 Re: 0.0000 Acc: 0.9788 F1: 0.0000
Epoch 108: Time: 0.0457 Cost: 2.3758 Pre: 0.0000 Re: 0.0000 Acc: 0.9788 F1: 0.0000
Epoch 109: Time: 0.0459 Cost: 2.3719 Pre: 0.0000 Re: 0.0000 Acc: 0.9788 F1: 0.0000
Epoch 110: Time: 0.0469 Cost: 2.3679 Pre: 0.0000 Re: 0.0000 Acc: 0.9788 F1: 0.0000


--------------------------------------------------------------------
Eval results: Cost:0.9527 Pre:0.0000 Re:0.0000 Acc:0.9875 F1:0.0000
--------------------------------------------------------------------

Epoch 111: Time: 0.0468 Cost: 2.3638 Pre: 0.0000 Re: 0.0000 Acc: 0.9788 F1: 0.0000
Epoch 112: Time: 0.0464 Cost: 2.3595 Pre: 0.0000 Re: 0.0000 Acc: 0.9788 F1: 0.0000
Epoch 113: Time: 0.0462 Cost: 2.3552 Pre: 0.0000 Re: 0.0000 Acc: 0.9788 F1: 0.0000
Epoch 114: Time: 0.0464 Cost: 2.3507 Pre: 0.0000 Re: 0.0000 Acc: 0.9788 F1: 0.0000
Epoch 115: Time: 0.0456 Cost: 2.3460 Pre: 0.0000 Re: 0.0000 Acc: 0.9788 F1: 0.0000
Epoch 116: Time: 0.0462 Cost: 2.3412 Pre: 0.0000 Re: 0.0000 Acc: 0.9788 F1: 0.0000
Epoch 117: Time: 0.0456 Cost: 2.3361 Pre: 0.0000 Re: 0.0000 Acc: 0.9788 F1: 0.0000
Epoch 118: Time: 0.0463 Cost: 2.3308 Pre: 0.0000 Re: 0.0000 Acc: 0.9788 F1: 0.0000
Epoch 119: Time: 0.0459 Cost: 2.3251 Pre: 0.0000 Re: 0.0000 Acc: 0.9788 F1: 0.0000
Epoch 120: Time: 0.0463 Cost: 2.3192 Pre: 0.0000 Re: 0.0000 Acc: 0.9788 F1: 0.0000


--------------------------------------------------------------------
Eval results: Cost:0.9402 Pre:0.0000 Re:0.0000 Acc:0.9875 F1:0.0000
--------------------------------------------------------------------

Epoch 121: Time: 0.0457 Cost: 2.3129 Pre: 0.0000 Re: 0.0000 Acc: 0.9788 F1: 0.0000
Epoch 122: Time: 0.0458 Cost: 2.3063 Pre: 0.0000 Re: 0.0000 Acc: 0.9788 F1: 0.0000
Epoch 123: Time: 0.0457 Cost: 2.2992 Pre: 0.0000 Re: 0.0000 Acc: 0.9788 F1: 0.0000
Epoch 124: Time: 0.0458 Cost: 2.2916 Pre: 0.0000 Re: 0.0000 Acc: 0.9788 F1: 0.0000
Epoch 125: Time: 0.0455 Cost: 2.2834 Pre: 0.0000 Re: 0.0000 Acc: 0.9788 F1: 0.0000
Epoch 126: Time: 0.0456 Cost: 2.2745 Pre: 0.0000 Re: 0.0000 Acc: 0.9788 F1: 0.0000
Epoch 127: Time: 0.0457 Cost: 2.2649 Pre: 0.0000 Re: 0.0000 Acc: 0.9788 F1: 0.0000
Epoch 128: Time: 0.0460 Cost: 2.2544 Pre: 0.0000 Re: 0.0000 Acc: 0.9788 F1: 0.0000
Epoch 129: Time: 0.0457 Cost: 2.2428 Pre: 0.0000 Re: 0.0000 Acc: 0.9788 F1: 0.0000
Epoch 130: Time: 0.0481 Cost: 2.2302 Pre: 0.0000 Re: 0.0000 Acc: 0.9788 F1: 0.0000


--------------------------------------------------------------------
Eval results: Cost:0.9202 Pre:0.0000 Re:0.0000 Acc:0.9875 F1:0.0000
--------------------------------------------------------------------

Epoch 131: Time: 0.0468 Cost: 2.2163 Pre: 1.0000 Re: 0.2000 Acc: 0.9831 F1: 0.3333
Epoch 132: Time: 0.0461 Cost: 2.2010 Pre: 1.0000 Re: 0.2000 Acc: 0.9831 F1: 0.3333
Epoch 133: Time: 0.0468 Cost: 2.1841 Pre: 1.0000 Re: 0.2000 Acc: 0.9831 F1: 0.3333
Epoch 134: Time: 0.0461 Cost: 2.1654 Pre: 1.0000 Re: 0.2000 Acc: 0.9831 F1: 0.3333
Epoch 135: Time: 0.0461 Cost: 2.1448 Pre: 1.0000 Re: 0.2000 Acc: 0.9831 F1: 0.3333
Epoch 136: Time: 0.0456 Cost: 2.1221 Pre: 1.0000 Re: 0.2000 Acc: 0.9831 F1: 0.3333
Epoch 137: Time: 0.0456 Cost: 2.0970 Pre: 1.0000 Re: 0.2000 Acc: 0.9831 F1: 0.3333
Epoch 138: Time: 0.0466 Cost: 2.0694 Pre: 1.0000 Re: 0.2000 Acc: 0.9831 F1: 0.3333
Epoch 139: Time: 0.0467 Cost: 2.0391 Pre: 1.0000 Re: 0.2000 Acc: 0.9831 F1: 0.3333
Epoch 140: Time: 0.0484 Cost: 2.0059 Pre: 1.0000 Re: 0.2000 Acc: 0.9831 F1: 0.3333


--------------------------------------------------------------------
Eval results: Cost:0.9048 Pre:0.0000 Re:0.0000 Acc:0.9875 F1:0.0000
--------------------------------------------------------------------

Epoch 141: Time: 0.0455 Cost: 1.9697 Pre: 1.0000 Re: 0.2000 Acc: 0.9831 F1: 0.3333
Epoch 142: Time: 0.0472 Cost: 1.9304 Pre: 1.0000 Re: 0.2000 Acc: 0.9831 F1: 0.3333
Epoch 143: Time: 0.0459 Cost: 1.8882 Pre: 1.0000 Re: 0.2000 Acc: 0.9831 F1: 0.3333
Epoch 144: Time: 0.0460 Cost: 1.8432 Pre: 1.0000 Re: 0.2000 Acc: 0.9831 F1: 0.3333
Epoch 145: Time: 0.0460 Cost: 1.7954 Pre: 1.0000 Re: 0.2000 Acc: 0.9831 F1: 0.3333
Epoch 146: Time: 0.0463 Cost: 1.7449 Pre: 1.0000 Re: 0.2000 Acc: 0.9831 F1: 0.3333
Epoch 147: Time: 0.0459 Cost: 1.6917 Pre: 1.0000 Re: 0.2000 Acc: 0.9831 F1: 0.3333
Epoch 148: Time: 0.0457 Cost: 1.6358 Pre: 1.0000 Re: 0.2000 Acc: 0.9831 F1: 0.3333
Epoch 149: Time: 0.0480 Cost: 1.5766 Pre: 1.0000 Re: 0.2000 Acc: 0.9831 F1: 0.3333
Epoch 150: Time: 0.0471 Cost: 1.5137 Pre: 1.0000 Re: 0.2000 Acc: 0.9831 F1: 0.3333


--------------------------------------------------------------------
Eval results: Cost:0.8755 Pre:0.0000 Re:0.0000 Acc:0.9875 F1:0.0000
--------------------------------------------------------------------

Epoch 151: Time: 0.0456 Cost: 1.4462 Pre: 1.0000 Re: 0.2000 Acc: 0.9831 F1: 0.3333
Epoch 152: Time: 0.0474 Cost: 1.3741 Pre: 1.0000 Re: 0.2000 Acc: 0.9831 F1: 0.3333
Epoch 153: Time: 0.0454 Cost: 1.2964 Pre: 1.0000 Re: 0.4000 Acc: 0.9873 F1: 0.5714
Epoch 154: Time: 0.0455 Cost: 1.2126 Pre: 1.0000 Re: 0.4000 Acc: 0.9873 F1: 0.5714
Epoch 155: Time: 0.0454 Cost: 1.1232 Pre: 1.0000 Re: 0.4000 Acc: 0.9873 F1: 0.5714
Epoch 156: Time: 0.0459 Cost: 1.0296 Pre: 1.0000 Re: 0.4000 Acc: 0.9873 F1: 0.5714
Epoch 157: Time: 0.0468 Cost: 0.9349 Pre: 1.0000 Re: 1.0000 Acc: 1.0000 F1: 1.0000
Epoch 158: Time: 0.0462 Cost: 0.8426 Pre: 1.0000 Re: 1.0000 Acc: 1.0000 F1: 1.0000
Epoch 159: Time: 0.0460 Cost: 0.7567 Pre: 1.0000 Re: 1.0000 Acc: 1.0000 F1: 1.0000
Epoch 160: Time: 0.0459 Cost: 0.6800 Pre: 1.0000 Re: 1.0000 Acc: 1.0000 F1: 1.0000


--------------------------------------------------------------------
Eval results: Cost:0.4437 Pre:1.0000 Re:1.0000 Acc:1.0000 F1:1.0000
--------------------------------------------------------------------

Epoch 161: Time: 0.0460 Cost: 0.6135 Pre: 1.0000 Re: 1.0000 Acc: 1.0000 F1: 1.0000
Epoch 162: Time: 0.0461 Cost: 0.5565 Pre: 1.0000 Re: 1.0000 Acc: 1.0000 F1: 1.0000
Epoch 163: Time: 0.0455 Cost: 0.5080 Pre: 1.0000 Re: 1.0000 Acc: 1.0000 F1: 1.0000
Epoch 164: Time: 0.0457 Cost: 0.4671 Pre: 1.0000 Re: 1.0000 Acc: 1.0000 F1: 1.0000
Epoch 165: Time: 0.0457 Cost: 0.4333 Pre: 1.0000 Re: 1.0000 Acc: 1.0000 F1: 1.0000
Epoch 166: Time: 0.0460 Cost: 0.4055 Pre: 1.0000 Re: 1.0000 Acc: 1.0000 F1: 1.0000
Epoch 167: Time: 0.0458 Cost: 0.3825 Pre: 1.0000 Re: 1.0000 Acc: 1.0000 F1: 1.0000
Epoch 168: Time: 0.0471 Cost: 0.3635 Pre: 1.0000 Re: 1.0000 Acc: 1.0000 F1: 1.0000
Epoch 169: Time: 0.0468 Cost: 0.3476 Pre: 1.0000 Re: 1.0000 Acc: 1.0000 F1: 1.0000
Epoch 170: Time: 0.0462 Cost: 0.3340 Pre: 1.0000 Re: 1.0000 Acc: 1.0000 F1: 1.0000


--------------------------------------------------------------------
Eval results: Cost:0.1189 Pre:1.0000 Re:1.0000 Acc:1.0000 F1:1.0000
--------------------------------------------------------------------

Epoch 171: Time: 0.0463 Cost: 0.3219 Pre: 1.0000 Re: 1.0000 Acc: 1.0000 F1: 1.0000
Epoch 172: Time: 0.0473 Cost: 0.3108 Pre: 1.0000 Re: 1.0000 Acc: 1.0000 F1: 1.0000
Epoch 173: Time: 0.0468 Cost: 0.3007 Pre: 1.0000 Re: 1.0000 Acc: 1.0000 F1: 1.0000
Epoch 174: Time: 0.0460 Cost: 0.2913 Pre: 1.0000 Re: 1.0000 Acc: 1.0000 F1: 1.0000
Epoch 175: Time: 0.0456 Cost: 0.2824 Pre: 1.0000 Re: 1.0000 Acc: 1.0000 F1: 1.0000
Epoch 176: Time: 0.0470 Cost: 0.2741 Pre: 1.0000 Re: 1.0000 Acc: 1.0000 F1: 1.0000
Epoch 177: Time: 0.0456 Cost: 0.2665 Pre: 1.0000 Re: 1.0000 Acc: 1.0000 F1: 1.0000
Epoch 178: Time: 0.0461 Cost: 0.2593 Pre: 1.0000 Re: 1.0000 Acc: 1.0000 F1: 1.0000
Epoch 179: Time: 0.0469 Cost: 0.2526 Pre: 1.0000 Re: 1.0000 Acc: 1.0000 F1: 1.0000
Epoch 180: Time: 0.0461 Cost: 0.2464 Pre: 1.0000 Re: 1.0000 Acc: 1.0000 F1: 1.0000


--------------------------------------------------------------------
Eval results: Cost:0.0865 Pre:1.0000 Re:1.0000 Acc:1.0000 F1:1.0000
--------------------------------------------------------------------

Epoch 181: Time: 0.0459 Cost: 0.2406 Pre: 1.0000 Re: 1.0000 Acc: 1.0000 F1: 1.0000
Epoch 182: Time: 0.0457 Cost: 0.2351 Pre: 1.0000 Re: 1.0000 Acc: 1.0000 F1: 1.0000
Epoch 183: Time: 0.0457 Cost: 0.2299 Pre: 1.0000 Re: 1.0000 Acc: 1.0000 F1: 1.0000
Epoch 184: Time: 0.0459 Cost: 0.2249 Pre: 1.0000 Re: 1.0000 Acc: 1.0000 F1: 1.0000
Epoch 185: Time: 0.0456 Cost: 0.2202 Pre: 1.0000 Re: 1.0000 Acc: 1.0000 F1: 1.0000
Epoch 186: Time: 0.0481 Cost: 0.2156 Pre: 1.0000 Re: 1.0000 Acc: 1.0000 F1: 1.0000
Epoch 187: Time: 0.0459 Cost: 0.2112 Pre: 1.0000 Re: 1.0000 Acc: 1.0000 F1: 1.0000
Epoch 188: Time: 0.0484 Cost: 0.2070 Pre: 1.0000 Re: 1.0000 Acc: 1.0000 F1: 1.0000
Epoch 189: Time: 0.0459 Cost: 0.2029 Pre: 1.0000 Re: 1.0000 Acc: 1.0000 F1: 1.0000
Epoch 190: Time: 0.0459 Cost: 0.1990 Pre: 1.0000 Re: 1.0000 Acc: 1.0000 F1: 1.0000


--------------------------------------------------------------------
Eval results: Cost:0.0693 Pre:1.0000 Re:1.0000 Acc:1.0000 F1:1.0000
--------------------------------------------------------------------

Epoch 191: Time: 0.0464 Cost: 0.1952 Pre: 1.0000 Re: 1.0000 Acc: 1.0000 F1: 1.0000
Epoch 192: Time: 0.0458 Cost: 0.1914 Pre: 1.0000 Re: 1.0000 Acc: 1.0000 F1: 1.0000
Epoch 193: Time: 0.0458 Cost: 0.1880 Pre: 1.0000 Re: 1.0000 Acc: 1.0000 F1: 1.0000
Epoch 194: Time: 0.0457 Cost: 0.1842 Pre: 1.0000 Re: 1.0000 Acc: 1.0000 F1: 1.0000
Epoch 195: Time: 0.0459 Cost: 0.1810 Pre: 1.0000 Re: 1.0000 Acc: 1.0000 F1: 1.0000
Epoch 196: Time: 0.0529 Cost: 0.1775 Pre: 1.0000 Re: 1.0000 Acc: 1.0000 F1: 1.0000
Epoch 197: Time: 0.0528 Cost: 0.1743 Pre: 1.0000 Re: 1.0000 Acc: 1.0000 F1: 1.0000
Epoch 198: Time: 0.0470 Cost: 0.1711 Pre: 1.0000 Re: 1.0000 Acc: 1.0000 F1: 1.0000
Epoch 199: Time: 0.0457 Cost: 0.1679 Pre: 1.0000 Re: 1.0000 Acc: 1.0000 F1: 1.0000
Epoch 200: Time: 0.0457 Cost: 0.1649 Pre: 1.0000 Re: 1.0000 Acc: 1.0000 F1: 1.0000


--------------------------------------------------------------------
Eval results: Cost:0.0573 Pre:1.0000 Re:1.0000 Acc:1.0000 F1:1.0000
--------------------------------------------------------------------

Epoch 201: Time: 0.0457 Cost: 0.1618 Pre: 1.0000 Re: 1.0000 Acc: 1.0000 F1: 1.0000
Epoch 202: Time: 0.0458 Cost: 0.1587 Pre: 1.0000 Re: 1.0000 Acc: 1.0000 F1: 1.0000
Epoch 203: Time: 0.0457 Cost: 0.1561 Pre: 1.0000 Re: 1.0000 Acc: 1.0000 F1: 1.0000
Epoch 204: Time: 0.0460 Cost: 0.1530 Pre: 1.0000 Re: 1.0000 Acc: 1.0000 F1: 1.0000
Epoch 205: Time: 0.0466 Cost: 0.1504 Pre: 1.0000 Re: 1.0000 Acc: 1.0000 F1: 1.0000
Epoch 206: Time: 0.0461 Cost: 0.1476 Pre: 1.0000 Re: 1.0000 Acc: 1.0000 F1: 1.0000
Epoch 207: Time: 0.0489 Cost: 0.1449 Pre: 1.0000 Re: 1.0000 Acc: 1.0000 F1: 1.0000
Epoch 208: Time: 0.0465 Cost: 0.1424 Pre: 1.0000 Re: 1.0000 Acc: 1.0000 F1: 1.0000
Epoch 209: Time: 0.0457 Cost: 0.1397 Pre: 1.0000 Re: 1.0000 Acc: 1.0000 F1: 1.0000
Epoch 210: Time: 0.0458 Cost: 0.1372 Pre: 1.0000 Re: 1.0000 Acc: 1.0000 F1: 1.0000


--------------------------------------------------------------------
Eval results: Cost:0.0477 Pre:1.0000 Re:1.0000 Acc:1.0000 F1:1.0000
--------------------------------------------------------------------

Epoch 211: Time: 0.0455 Cost: 0.1347 Pre: 1.0000 Re: 1.0000 Acc: 1.0000 F1: 1.0000
Epoch 212: Time: 0.0458 Cost: 0.1322 Pre: 1.0000 Re: 1.0000 Acc: 1.0000 F1: 1.0000
Epoch 213: Time: 0.0461 Cost: 0.1300 Pre: 1.0000 Re: 1.0000 Acc: 1.0000 F1: 1.0000
Epoch 214: Time: 0.0460 Cost: 0.1275 Pre: 1.0000 Re: 1.0000 Acc: 1.0000 F1: 1.0000
Epoch 215: Time: 0.0469 Cost: 0.1254 Pre: 1.0000 Re: 1.0000 Acc: 1.0000 F1: 1.0000
Epoch 216: Time: 0.0455 Cost: 0.1231 Pre: 1.0000 Re: 1.0000 Acc: 1.0000 F1: 1.0000
Epoch 217: Time: 0.0462 Cost: 0.1209 Pre: 1.0000 Re: 1.0000 Acc: 1.0000 F1: 1.0000
Epoch 218: Time: 0.0460 Cost: 0.1188 Pre: 1.0000 Re: 1.0000 Acc: 1.0000 F1: 1.0000
Epoch 219: Time: 0.0458 Cost: 0.1166 Pre: 1.0000 Re: 1.0000 Acc: 1.0000 F1: 1.0000
Epoch 220: Time: 0.0475 Cost: 0.1146 Pre: 1.0000 Re: 1.0000 Acc: 1.0000 F1: 1.0000


--------------------------------------------------------------------
Eval results: Cost:0.0398 Pre:1.0000 Re:1.0000 Acc:1.0000 F1:1.0000
--------------------------------------------------------------------

Epoch 221: Time: 0.0457 Cost: 0.1125 Pre: 1.0000 Re: 1.0000 Acc: 1.0000 F1: 1.0000
Epoch 222: Time: 0.0458 Cost: 0.1105 Pre: 1.0000 Re: 1.0000 Acc: 1.0000 F1: 1.0000
Epoch 223: Time: 0.0460 Cost: 0.1087 Pre: 1.0000 Re: 1.0000 Acc: 1.0000 F1: 1.0000
Epoch 224: Time: 0.0459 Cost: 0.1066 Pre: 1.0000 Re: 1.0000 Acc: 1.0000 F1: 1.0000
Epoch 225: Time: 0.0458 Cost: 0.1050 Pre: 1.0000 Re: 1.0000 Acc: 1.0000 F1: 1.0000
Epoch 226: Time: 0.0507 Cost: 0.1030 Pre: 1.0000 Re: 1.0000 Acc: 1.0000 F1: 1.0000
Epoch 227: Time: 0.0461 Cost: 0.1013 Pre: 1.0000 Re: 1.0000 Acc: 1.0000 F1: 1.0000
Epoch 228: Time: 0.0453 Cost: 0.0995 Pre: 1.0000 Re: 1.0000 Acc: 1.0000 F1: 1.0000
Epoch 229: Time: 0.0461 Cost: 0.0978 Pre: 1.0000 Re: 1.0000 Acc: 1.0000 F1: 1.0000
Epoch 230: Time: 0.0465 Cost: 0.0961 Pre: 1.0000 Re: 1.0000 Acc: 1.0000 F1: 1.0000


--------------------------------------------------------------------
Eval results: Cost:0.0334 Pre:1.0000 Re:1.0000 Acc:1.0000 F1:1.0000
--------------------------------------------------------------------

Epoch 231: Time: 0.0461 Cost: 0.0944 Pre: 1.0000 Re: 1.0000 Acc: 1.0000 F1: 1.0000
Epoch 232: Time: 0.0459 Cost: 0.0928 Pre: 1.0000 Re: 1.0000 Acc: 1.0000 F1: 1.0000
Epoch 233: Time: 0.0460 Cost: 0.0913 Pre: 1.0000 Re: 1.0000 Acc: 1.0000 F1: 1.0000
Epoch 234: Time: 0.0467 Cost: 0.0896 Pre: 1.0000 Re: 1.0000 Acc: 1.0000 F1: 1.0000
Epoch 235: Time: 0.0460 Cost: 0.0882 Pre: 1.0000 Re: 1.0000 Acc: 1.0000 F1: 1.0000
Epoch 236: Time: 0.0459 Cost: 0.0866 Pre: 1.0000 Re: 1.0000 Acc: 1.0000 F1: 1.0000
Epoch 237: Time: 0.0464 Cost: 0.0852 Pre: 1.0000 Re: 1.0000 Acc: 1.0000 F1: 1.0000
Epoch 238: Time: 0.0459 Cost: 0.0837 Pre: 1.0000 Re: 1.0000 Acc: 1.0000 F1: 1.0000
Epoch 239: Time: 0.0457 Cost: 0.0823 Pre: 1.0000 Re: 1.0000 Acc: 1.0000 F1: 1.0000
Epoch 240: Time: 0.0461 Cost: 0.0809 Pre: 1.0000 Re: 1.0000 Acc: 1.0000 F1: 1.0000


--------------------------------------------------------------------
Eval results: Cost:0.0281 Pre:1.0000 Re:1.0000 Acc:1.0000 F1:1.0000
--------------------------------------------------------------------

Epoch 241: Time: 0.0460 Cost: 0.0795 Pre: 1.0000 Re: 1.0000 Acc: 1.0000 F1: 1.0000
Epoch 242: Time: 0.0527 Cost: 0.0782 Pre: 1.0000 Re: 1.0000 Acc: 1.0000 F1: 1.0000
Epoch 243: Time: 0.0474 Cost: 0.0769 Pre: 1.0000 Re: 1.0000 Acc: 1.0000 F1: 1.0000
Epoch 244: Time: 0.0461 Cost: 0.0756 Pre: 1.0000 Re: 1.0000 Acc: 1.0000 F1: 1.0000
Epoch 245: Time: 0.0468 Cost: 0.0744 Pre: 1.0000 Re: 1.0000 Acc: 1.0000 F1: 1.0000
Epoch 246: Time: 0.0466 Cost: 0.0731 Pre: 1.0000 Re: 1.0000 Acc: 1.0000 F1: 1.0000
Epoch 247: Time: 0.0461 Cost: 0.0719 Pre: 1.0000 Re: 1.0000 Acc: 1.0000 F1: 1.0000
Epoch 248: Time: 0.0461 Cost: 0.0707 Pre: 1.0000 Re: 1.0000 Acc: 1.0000 F1: 1.0000
Epoch 249: Time: 0.0463 Cost: 0.0695 Pre: 1.0000 Re: 1.0000 Acc: 1.0000 F1: 1.0000
Epoch 250: Time: 0.0466 Cost: 0.0684 Pre: 1.0000 Re: 1.0000 Acc: 1.0000 F1: 1.0000


--------------------------------------------------------------------
Eval results: Cost:0.0237 Pre:1.0000 Re:1.0000 Acc:1.0000 F1:1.0000
--------------------------------------------------------------------

Epoch 251: Time: 0.0455 Cost: 0.0672 Pre: 1.0000 Re: 1.0000 Acc: 1.0000 F1: 1.0000
Epoch 252: Time: 0.0456 Cost: 0.0661 Pre: 1.0000 Re: 1.0000 Acc: 1.0000 F1: 1.0000
Epoch 253: Time: 0.0461 Cost: 0.0651 Pre: 1.0000 Re: 1.0000 Acc: 1.0000 F1: 1.0000
Epoch 254: Time: 0.0459 Cost: 0.0640 Pre: 1.0000 Re: 1.0000 Acc: 1.0000 F1: 1.0000
Epoch 255: Time: 0.0459 Cost: 0.0630 Pre: 1.0000 Re: 1.0000 Acc: 1.0000 F1: 1.0000
Epoch 256: Time: 0.0455 Cost: 0.0619 Pre: 1.0000 Re: 1.0000 Acc: 1.0000 F1: 1.0000
Epoch 257: Time: 0.0460 Cost: 0.0610 Pre: 1.0000 Re: 1.0000 Acc: 1.0000 F1: 1.0000
Epoch 258: Time: 0.0456 Cost: 0.0599 Pre: 1.0000 Re: 1.0000 Acc: 1.0000 F1: 1.0000
Epoch 259: Time: 0.0459 Cost: 0.0590 Pre: 1.0000 Re: 1.0000 Acc: 1.0000 F1: 1.0000
Epoch 260: Time: 0.0459 Cost: 0.0580 Pre: 1.0000 Re: 1.0000 Acc: 1.0000 F1: 1.0000


--------------------------------------------------------------------
Eval results: Cost:0.0201 Pre:1.0000 Re:1.0000 Acc:1.0000 F1:1.0000
--------------------------------------------------------------------

Epoch 261: Time: 0.0458 Cost: 0.0571 Pre: 1.0000 Re: 1.0000 Acc: 1.0000 F1: 1.0000
Epoch 262: Time: 0.0454 Cost: 0.0562 Pre: 1.0000 Re: 1.0000 Acc: 1.0000 F1: 1.0000
Epoch 263: Time: 0.0461 Cost: 0.0553 Pre: 1.0000 Re: 1.0000 Acc: 1.0000 F1: 1.0000
Epoch 264: Time: 0.0458 Cost: 0.0544 Pre: 1.0000 Re: 1.0000 Acc: 1.0000 F1: 1.0000
Epoch 265: Time: 0.0479 Cost: 0.0536 Pre: 1.0000 Re: 1.0000 Acc: 1.0000 F1: 1.0000
Epoch 266: Time: 0.0468 Cost: 0.0527 Pre: 1.0000 Re: 1.0000 Acc: 1.0000 F1: 1.0000
Epoch 267: Time: 0.0459 Cost: 0.0519 Pre: 1.0000 Re: 1.0000 Acc: 1.0000 F1: 1.0000
Epoch 268: Time: 0.0459 Cost: 0.0511 Pre: 1.0000 Re: 1.0000 Acc: 1.0000 F1: 1.0000
Epoch 269: Time: 0.0457 Cost: 0.0503 Pre: 1.0000 Re: 1.0000 Acc: 1.0000 F1: 1.0000
Epoch 270: Time: 0.0483 Cost: 0.0495 Pre: 1.0000 Re: 1.0000 Acc: 1.0000 F1: 1.0000


--------------------------------------------------------------------
Eval results: Cost:0.0171 Pre:1.0000 Re:1.0000 Acc:1.0000 F1:1.0000
--------------------------------------------------------------------

Epoch 271: Time: 0.0459 Cost: 0.0487 Pre: 1.0000 Re: 1.0000 Acc: 1.0000 F1: 1.0000
Epoch 272: Time: 0.0457 Cost: 0.0479 Pre: 1.0000 Re: 1.0000 Acc: 1.0000 F1: 1.0000
Epoch 273: Time: 0.0466 Cost: 0.0472 Pre: 1.0000 Re: 1.0000 Acc: 1.0000 F1: 1.0000
Epoch 274: Time: 0.0646 Cost: 0.0465 Pre: 1.0000 Re: 1.0000 Acc: 1.0000 F1: 1.0000
Epoch 275: Time: 0.0760 Cost: 0.0458 Pre: 1.0000 Re: 1.0000 Acc: 1.0000 F1: 1.0000
Epoch 276: Time: 0.0611 Cost: 0.0451 Pre: 1.0000 Re: 1.0000 Acc: 1.0000 F1: 1.0000
Epoch 277: Time: 0.0661 Cost: 0.0444 Pre: 1.0000 Re: 1.0000 Acc: 1.0000 F1: 1.0000
Epoch 278: Time: 0.0626 Cost: 0.0438 Pre: 1.0000 Re: 1.0000 Acc: 1.0000 F1: 1.0000
Epoch 279: Time: 0.0600 Cost: 0.0431 Pre: 1.0000 Re: 1.0000 Acc: 1.0000 F1: 1.0000
Epoch 280: Time: 0.0752 Cost: 0.0424 Pre: 1.0000 Re: 1.0000 Acc: 1.0000 F1: 1.0000


--------------------------------------------------------------------
Eval results: Cost:0.0147 Pre:1.0000 Re:1.0000 Acc:1.0000 F1:1.0000
--------------------------------------------------------------------

Epoch 281: Time: 0.0582 Cost: 0.0418 Pre: 1.0000 Re: 1.0000 Acc: 1.0000 F1: 1.0000
Epoch 282: Time: 0.0673 Cost: 0.0412 Pre: 1.0000 Re: 1.0000 Acc: 1.0000 F1: 1.0000
Epoch 283: Time: 0.0731 Cost: 0.0406 Pre: 1.0000 Re: 1.0000 Acc: 1.0000 F1: 1.0000
Epoch 284: Time: 0.0663 Cost: 0.0400 Pre: 1.0000 Re: 1.0000 Acc: 1.0000 F1: 1.0000
Epoch 285: Time: 0.0699 Cost: 0.0394 Pre: 1.0000 Re: 1.0000 Acc: 1.0000 F1: 1.0000
Epoch 286: Time: 0.0681 Cost: 0.0388 Pre: 1.0000 Re: 1.0000 Acc: 1.0000 F1: 1.0000
Epoch 287: Time: 0.0687 Cost: 0.0383 Pre: 1.0000 Re: 1.0000 Acc: 1.0000 F1: 1.0000
Epoch 288: Time: 0.0687 Cost: 0.0377 Pre: 1.0000 Re: 1.0000 Acc: 1.0000 F1: 1.0000
Epoch 289: Time: 0.0663 Cost: 0.0372 Pre: 1.0000 Re: 1.0000 Acc: 1.0000 F1: 1.0000
Epoch 290: Time: 0.0656 Cost: 0.0367 Pre: 1.0000 Re: 1.0000 Acc: 1.0000 F1: 1.0000


--------------------------------------------------------------------
Eval results: Cost:0.0127 Pre:1.0000 Re:1.0000 Acc:1.0000 F1:1.0000
--------------------------------------------------------------------

Epoch 291: Time: 0.0670 Cost: 0.0361 Pre: 1.0000 Re: 1.0000 Acc: 1.0000 F1: 1.0000
Epoch 292: Time: 0.0502 Cost: 0.0356 Pre: 1.0000 Re: 1.0000 Acc: 1.0000 F1: 1.0000
Epoch 293: Time: 0.0494 Cost: 0.0352 Pre: 1.0000 Re: 1.0000 Acc: 1.0000 F1: 1.0000
Epoch 294: Time: 0.0471 Cost: 0.0346 Pre: 1.0000 Re: 1.0000 Acc: 1.0000 F1: 1.0000
Epoch 295: Time: 0.0614 Cost: 0.0342 Pre: 1.0000 Re: 1.0000 Acc: 1.0000 F1: 1.0000
Epoch 296: Time: 0.0503 Cost: 0.0337 Pre: 1.0000 Re: 1.0000 Acc: 1.0000 F1: 1.0000
Epoch 297: Time: 0.0462 Cost: 0.0332 Pre: 1.0000 Re: 1.0000 Acc: 1.0000 F1: 1.0000
Epoch 298: Time: 0.0472 Cost: 0.0328 Pre: 1.0000 Re: 1.0000 Acc: 1.0000 F1: 1.0000
Epoch 299: Time: 0.0494 Cost: 0.0323 Pre: 1.0000 Re: 1.0000 Acc: 1.0000 F1: 1.0000
Epoch 300: Time: 0.0528 Cost: 0.0319 Pre: 1.0000 Re: 1.0000 Acc: 1.0000 F1: 1.0000


--------------------------------------------------------------------
Eval results: Cost:0.0110 Pre:1.0000 Re:1.0000 Acc:1.0000 F1:1.0000
--------------------------------------------------------------------

Epoch 301: Time: 0.0482 Cost: 0.0315 Pre: 1.0000 Re: 1.0000 Acc: 1.0000 F1: 1.0000
Epoch 302: Time: 0.0502 Cost: 0.0311 Pre: 1.0000 Re: 1.0000 Acc: 1.0000 F1: 1.0000
Epoch 303: Time: 0.0634 Cost: 0.0307 Pre: 1.0000 Re: 1.0000 Acc: 1.0000 F1: 1.0000
Epoch 304: Time: 0.0488 Cost: 0.0302 Pre: 1.0000 Re: 1.0000 Acc: 1.0000 F1: 1.0000
Epoch 305: Time: 0.0485 Cost: 0.0299 Pre: 1.0000 Re: 1.0000 Acc: 1.0000 F1: 1.0000
Epoch 306: Time: 0.0526 Cost: 0.0295 Pre: 1.0000 Re: 1.0000 Acc: 1.0000 F1: 1.0000
Epoch 307: Time: 0.0498 Cost: 0.0291 Pre: 1.0000 Re: 1.0000 Acc: 1.0000 F1: 1.0000
Epoch 308: Time: 0.0492 Cost: 0.0287 Pre: 1.0000 Re: 1.0000 Acc: 1.0000 F1: 1.0000
Epoch 309: Time: 0.0488 Cost: 0.0284 Pre: 1.0000 Re: 1.0000 Acc: 1.0000 F1: 1.0000
Epoch 310: Time: 0.0474 Cost: 0.0280 Pre: 1.0000 Re: 1.0000 Acc: 1.0000 F1: 1.0000


--------------------------------------------------------------------
Eval results: Cost:0.0097 Pre:1.0000 Re:1.0000 Acc:1.0000 F1:1.0000
--------------------------------------------------------------------

Epoch 311: Time: 0.0468 Cost: 0.0277 Pre: 1.0000 Re: 1.0000 Acc: 1.0000 F1: 1.0000
Epoch 312: Time: 0.0496 Cost: 0.0273 Pre: 1.0000 Re: 1.0000 Acc: 1.0000 F1: 1.0000
Epoch 313: Time: 0.0503 Cost: 0.0270 Pre: 1.0000 Re: 1.0000 Acc: 1.0000 F1: 1.0000
Epoch 314: Time: 0.0525 Cost: 0.0266 Pre: 1.0000 Re: 1.0000 Acc: 1.0000 F1: 1.0000
Epoch 315: Time: 0.0494 Cost: 0.0263 Pre: 1.0000 Re: 1.0000 Acc: 1.0000 F1: 1.0000
Epoch 316: Time: 0.0528 Cost: 0.0260 Pre: 1.0000 Re: 1.0000 Acc: 1.0000 F1: 1.0000
Epoch 317: Time: 0.0481 Cost: 0.0257 Pre: 1.0000 Re: 1.0000 Acc: 1.0000 F1: 1.0000
Epoch 318: Time: 0.0494 Cost: 0.0254 Pre: 1.0000 Re: 1.0000 Acc: 1.0000 F1: 1.0000
Epoch 319: Time: 0.0547 Cost: 0.0251 Pre: 1.0000 Re: 1.0000 Acc: 1.0000 F1: 1.0000
Epoch 320: Time: 0.0519 Cost: 0.0248 Pre: 1.0000 Re: 1.0000 Acc: 1.0000 F1: 1.0000


--------------------------------------------------------------------
Eval results: Cost:0.0086 Pre:1.0000 Re:1.0000 Acc:1.0000 F1:1.0000
--------------------------------------------------------------------

Epoch 321: Time: 0.0523 Cost: 0.0245 Pre: 1.0000 Re: 1.0000 Acc: 1.0000 F1: 1.0000
Epoch 322: Time: 0.0518 Cost: 0.0242 Pre: 1.0000 Re: 1.0000 Acc: 1.0000 F1: 1.0000
Epoch 323: Time: 0.0494 Cost: 0.0239 Pre: 1.0000 Re: 1.0000 Acc: 1.0000 F1: 1.0000
Epoch 324: Time: 0.0545 Cost: 0.0236 Pre: 1.0000 Re: 1.0000 Acc: 1.0000 F1: 1.0000
Epoch 325: Time: 0.0521 Cost: 0.0234 Pre: 1.0000 Re: 1.0000 Acc: 1.0000 F1: 1.0000
Epoch 326: Time: 0.0620 Cost: 0.0231 Pre: 1.0000 Re: 1.0000 Acc: 1.0000 F1: 1.0000
Epoch 327: Time: 0.0524 Cost: 0.0229 Pre: 1.0000 Re: 1.0000 Acc: 1.0000 F1: 1.0000
Epoch 328: Time: 0.0504 Cost: 0.0226 Pre: 1.0000 Re: 1.0000 Acc: 1.0000 F1: 1.0000
Epoch 329: Time: 0.0522 Cost: 0.0223 Pre: 1.0000 Re: 1.0000 Acc: 1.0000 F1: 1.0000
Epoch 330: Time: 0.0485 Cost: 0.0221 Pre: 1.0000 Re: 1.0000 Acc: 1.0000 F1: 1.0000


--------------------------------------------------------------------
Eval results: Cost:0.0076 Pre:1.0000 Re:1.0000 Acc:1.0000 F1:1.0000
--------------------------------------------------------------------

Epoch 331: Time: 0.0548 Cost: 0.0219 Pre: 1.0000 Re: 1.0000 Acc: 1.0000 F1: 1.0000
Epoch 332: Time: 0.0531 Cost: 0.0216 Pre: 1.0000 Re: 1.0000 Acc: 1.0000 F1: 1.0000
Epoch 333: Time: 0.0527 Cost: 0.0214 Pre: 1.0000 Re: 1.0000 Acc: 1.0000 F1: 1.0000
Epoch 334: Time: 0.0525 Cost: 0.0212 Pre: 1.0000 Re: 1.0000 Acc: 1.0000 F1: 1.0000
Epoch 335: Time: 0.0494 Cost: 0.0209 Pre: 1.0000 Re: 1.0000 Acc: 1.0000 F1: 1.0000
Epoch 336: Time: 0.0506 Cost: 0.0207 Pre: 1.0000 Re: 1.0000 Acc: 1.0000 F1: 1.0000
Epoch 337: Time: 0.0505 Cost: 0.0205 Pre: 1.0000 Re: 1.0000 Acc: 1.0000 F1: 1.0000
Epoch 338: Time: 0.0529 Cost: 0.0203 Pre: 1.0000 Re: 1.0000 Acc: 1.0000 F1: 1.0000
Epoch 339: Time: 0.0525 Cost: 0.0201 Pre: 1.0000 Re: 1.0000 Acc: 1.0000 F1: 1.0000
Epoch 340: Time: 0.0518 Cost: 0.0199 Pre: 1.0000 Re: 1.0000 Acc: 1.0000 F1: 1.0000


--------------------------------------------------------------------
Eval results: Cost:0.0069 Pre:1.0000 Re:1.0000 Acc:1.0000 F1:1.0000
--------------------------------------------------------------------

Epoch 341: Time: 0.0527 Cost: 0.0197 Pre: 1.0000 Re: 1.0000 Acc: 1.0000 F1: 1.0000
Epoch 342: Time: 0.0520 Cost: 0.0195 Pre: 1.0000 Re: 1.0000 Acc: 1.0000 F1: 1.0000
Epoch 343: Time: 0.0516 Cost: 0.0193 Pre: 1.0000 Re: 1.0000 Acc: 1.0000 F1: 1.0000
Epoch 344: Time: 0.0608 Cost: 0.0191 Pre: 1.0000 Re: 1.0000 Acc: 1.0000 F1: 1.0000
Epoch 345: Time: 0.0539 Cost: 0.0189 Pre: 1.0000 Re: 1.0000 Acc: 1.0000 F1: 1.0000
Epoch 346: Time: 0.0521 Cost: 0.0187 Pre: 1.0000 Re: 1.0000 Acc: 1.0000 F1: 1.0000
Epoch 347: Time: 0.0527 Cost: 0.0185 Pre: 1.0000 Re: 1.0000 Acc: 1.0000 F1: 1.0000
Epoch 348: Time: 0.0538 Cost: 0.0183 Pre: 1.0000 Re: 1.0000 Acc: 1.0000 F1: 1.0000
Epoch 349: Time: 0.0508 Cost: 0.0182 Pre: 1.0000 Re: 1.0000 Acc: 1.0000 F1: 1.0000
Epoch 350: Time: 0.0519 Cost: 0.0180 Pre: 1.0000 Re: 1.0000 Acc: 1.0000 F1: 1.0000


--------------------------------------------------------------------
Eval results: Cost:0.0062 Pre:1.0000 Re:1.0000 Acc:1.0000 F1:1.0000
--------------------------------------------------------------------

Epoch 351: Time: 0.0530 Cost: 0.0178 Pre: 1.0000 Re: 1.0000 Acc: 1.0000 F1: 1.0000
Epoch 352: Time: 0.0577 Cost: 0.0176 Pre: 1.0000 Re: 1.0000 Acc: 1.0000 F1: 1.0000
Epoch 353: Time: 0.0537 Cost: 0.0175 Pre: 1.0000 Re: 1.0000 Acc: 1.0000 F1: 1.0000
Epoch 354: Time: 0.0517 Cost: 0.0173 Pre: 1.0000 Re: 1.0000 Acc: 1.0000 F1: 1.0000
Epoch 355: Time: 0.0526 Cost: 0.0172 Pre: 1.0000 Re: 1.0000 Acc: 1.0000 F1: 1.0000
Epoch 356: Time: 0.0466 Cost: 0.0170 Pre: 1.0000 Re: 1.0000 Acc: 1.0000 F1: 1.0000
Epoch 357: Time: 0.0486 Cost: 0.0168 Pre: 1.0000 Re: 1.0000 Acc: 1.0000 F1: 1.0000
Epoch 358: Time: 0.0473 Cost: 0.0167 Pre: 1.0000 Re: 1.0000 Acc: 1.0000 F1: 1.0000
Epoch 359: Time: 0.0485 Cost: 0.0165 Pre: 1.0000 Re: 1.0000 Acc: 1.0000 F1: 1.0000
Epoch 360: Time: 0.0520 Cost: 0.0164 Pre: 1.0000 Re: 1.0000 Acc: 1.0000 F1: 1.0000


--------------------------------------------------------------------
Eval results: Cost:0.0056 Pre:1.0000 Re:1.0000 Acc:1.0000 F1:1.0000
--------------------------------------------------------------------

Epoch 361: Time: 0.0463 Cost: 0.0162 Pre: 1.0000 Re: 1.0000 Acc: 1.0000 F1: 1.0000
Epoch 362: Time: 0.0501 Cost: 0.0161 Pre: 1.0000 Re: 1.0000 Acc: 1.0000 F1: 1.0000
Epoch 363: Time: 0.0534 Cost: 0.0160 Pre: 1.0000 Re: 1.0000 Acc: 1.0000 F1: 1.0000
Epoch 364: Time: 0.0544 Cost: 0.0158 Pre: 1.0000 Re: 1.0000 Acc: 1.0000 F1: 1.0000
Epoch 365: Time: 0.0527 Cost: 0.0157 Pre: 1.0000 Re: 1.0000 Acc: 1.0000 F1: 1.0000
Epoch 366: Time: 0.0502 Cost: 0.0155 Pre: 1.0000 Re: 1.0000 Acc: 1.0000 F1: 1.0000
Epoch 367: Time: 0.0512 Cost: 0.0154 Pre: 1.0000 Re: 1.0000 Acc: 1.0000 F1: 1.0000
Epoch 368: Time: 0.0623 Cost: 0.0153 Pre: 1.0000 Re: 1.0000 Acc: 1.0000 F1: 1.0000
Epoch 369: Time: 0.0510 Cost: 0.0151 Pre: 1.0000 Re: 1.0000 Acc: 1.0000 F1: 1.0000
Epoch 370: Time: 0.0475 Cost: 0.0150 Pre: 1.0000 Re: 1.0000 Acc: 1.0000 F1: 1.0000


--------------------------------------------------------------------
Eval results: Cost:0.0052 Pre:1.0000 Re:1.0000 Acc:1.0000 F1:1.0000
--------------------------------------------------------------------

Epoch 371: Time: 0.0488 Cost: 0.0149 Pre: 1.0000 Re: 1.0000 Acc: 1.0000 F1: 1.0000
Epoch 372: Time: 0.0522 Cost: 0.0148 Pre: 1.0000 Re: 1.0000 Acc: 1.0000 F1: 1.0000
Epoch 373: Time: 0.0578 Cost: 0.0147 Pre: 1.0000 Re: 1.0000 Acc: 1.0000 F1: 1.0000
Epoch 374: Time: 0.0543 Cost: 0.0145 Pre: 1.0000 Re: 1.0000 Acc: 1.0000 F1: 1.0000
Epoch 375: Time: 0.0504 Cost: 0.0144 Pre: 1.0000 Re: 1.0000 Acc: 1.0000 F1: 1.0000
Epoch 376: Time: 0.0511 Cost: 0.0143 Pre: 1.0000 Re: 1.0000 Acc: 1.0000 F1: 1.0000
Epoch 377: Time: 0.0517 Cost: 0.0142 Pre: 1.0000 Re: 1.0000 Acc: 1.0000 F1: 1.0000
Epoch 378: Time: 0.0471 Cost: 0.0141 Pre: 1.0000 Re: 1.0000 Acc: 1.0000 F1: 1.0000
Epoch 379: Time: 0.0489 Cost: 0.0140 Pre: 1.0000 Re: 1.0000 Acc: 1.0000 F1: 1.0000
Epoch 380: Time: 0.0604 Cost: 0.0138 Pre: 1.0000 Re: 1.0000 Acc: 1.0000 F1: 1.0000


--------------------------------------------------------------------
Eval results: Cost:0.0048 Pre:1.0000 Re:1.0000 Acc:1.0000 F1:1.0000
--------------------------------------------------------------------

Early stopping...
--------------------------------------------------------------------
--------------------------------------------------------------------
Test 458 samples take time: 0.2776
Test results: Cost:0.0061 Pre:1.0000 Re:1.0000 Acc:1.0000 F1:1.0000
--------------------------------------------------------------------

