16768
16562
16206
16632
16380
16425
Load data
RNN type: O2 Grammar: g2 Seed: 2
Model total parameters: 200
Saving hinit ... 

Epoch 0: Time: 0.1091 Cost: 25.8598 Pre: 0.0338 Re: 1.0000 Acc: 0.3941 F1: 0.0654


--------------------------------------------------------------------
Eval results: Cost:25.9877 Pre:0.0204 Re:1.0000 Acc:0.4000 F1:0.0400
--------------------------------------------------------------------

Epoch 1: Time: 0.0146 Cost: 25.7209 Pre: 0.0350 Re: 1.0000 Acc: 0.4153 F1: 0.0676
Epoch 2: Time: 0.0151 Cost: 25.5323 Pre: 0.0388 Re: 1.0000 Acc: 0.4746 F1: 0.0746
Epoch 3: Time: 0.0147 Cost: 25.3189 Pre: 0.0403 Re: 1.0000 Acc: 0.4958 F1: 0.0775
Epoch 4: Time: 0.0144 Cost: 25.0903 Pre: 0.0351 Re: 0.8000 Acc: 0.5297 F1: 0.0672
Epoch 5: Time: 0.0148 Cost: 24.8501 Pre: 0.0357 Re: 0.8000 Acc: 0.5381 F1: 0.0684
Epoch 6: Time: 0.0149 Cost: 24.5986 Pre: 0.0360 Re: 0.8000 Acc: 0.5424 F1: 0.0690
Epoch 7: Time: 0.0145 Cost: 24.3343 Pre: 0.0426 Re: 0.8000 Acc: 0.6144 F1: 0.0808
Epoch 8: Time: 0.0147 Cost: 24.0544 Pre: 0.0541 Re: 0.8000 Acc: 0.6992 F1: 0.1013
Epoch 9: Time: 0.0146 Cost: 23.7549 Pre: 0.0323 Re: 0.4000 Acc: 0.7331 F1: 0.0597
Epoch 10: Time: 0.0148 Cost: 23.4310 Pre: 0.0541 Re: 0.4000 Acc: 0.8390 F1: 0.0952


--------------------------------------------------------------------
Eval results: Cost:23.2813 Pre:0.0000 Re:0.0000 Acc:0.9313 F1:0.0000
--------------------------------------------------------------------

Epoch 11: Time: 0.0152 Cost: 23.0769 Pre: 0.0000 Re: 0.0000 Acc: 0.9364 F1: 0.0000
Epoch 12: Time: 0.0148 Cost: 22.6856 Pre: 0.0000 Re: 0.0000 Acc: 0.9661 F1: 0.0000
Epoch 13: Time: 0.0151 Cost: 22.2476 Pre: 0.0000 Re: 0.0000 Acc: 0.9703 F1: 0.0000
Epoch 14: Time: 0.0148 Cost: 21.7512 Pre: 0.0000 Re: 0.0000 Acc: 0.9746 F1: 0.0000
Epoch 15: Time: 0.0147 Cost: 21.1827 Pre: 0.0000 Re: 0.0000 Acc: 0.9746 F1: 0.0000
Epoch 16: Time: 0.0145 Cost: 20.5257 Pre: 0.0000 Re: 0.0000 Acc: 0.9746 F1: 0.0000
Epoch 17: Time: 0.0149 Cost: 19.7606 Pre: 0.0000 Re: 0.0000 Acc: 0.9746 F1: 0.0000
Epoch 18: Time: 0.0148 Cost: 18.8644 Pre: 0.0000 Re: 0.0000 Acc: 0.9746 F1: 0.0000
Epoch 19: Time: 0.0144 Cost: 17.8113 Pre: 0.0000 Re: 0.0000 Acc: 0.9746 F1: 0.0000
Epoch 20: Time: 0.0150 Cost: 16.5760 Pre: 0.0000 Re: 0.0000 Acc: 0.9746 F1: 0.0000


--------------------------------------------------------------------
Eval results: Cost:15.1012 Pre:0.0000 Re:0.0000 Acc:0.9812 F1:0.0000
--------------------------------------------------------------------

Epoch 21: Time: 0.0145 Cost: 15.1494 Pre: 0.0000 Re: 0.0000 Acc: 0.9746 F1: 0.0000
Epoch 22: Time: 0.0147 Cost: 13.5665 Pre: 0.0000 Re: 0.0000 Acc: 0.9746 F1: 0.0000
Epoch 23: Time: 0.0147 Cost: 11.8745 Pre: 0.0000 Re: 0.0000 Acc: 0.9746 F1: 0.0000
Epoch 24: Time: 0.0149 Cost: 10.1787 Pre: 0.0000 Re: 0.0000 Acc: 0.9746 F1: 0.0000
Epoch 25: Time: 0.0149 Cost: 8.6251 Pre: 0.0000 Re: 0.0000 Acc: 0.9746 F1: 0.0000
Epoch 26: Time: 0.0151 Cost: 7.3307 Pre: 0.0000 Re: 0.0000 Acc: 0.9746 F1: 0.0000
Epoch 27: Time: 0.0152 Cost: 6.3318 Pre: 0.0000 Re: 0.0000 Acc: 0.9746 F1: 0.0000
Epoch 28: Time: 0.0148 Cost: 5.5940 Pre: 0.0000 Re: 0.0000 Acc: 0.9746 F1: 0.0000
Epoch 29: Time: 0.0145 Cost: 5.0561 Pre: 0.0000 Re: 0.0000 Acc: 0.9746 F1: 0.0000
Epoch 30: Time: 0.0147 Cost: 4.6614 Pre: 0.0000 Re: 0.0000 Acc: 0.9746 F1: 0.0000


--------------------------------------------------------------------
Eval results: Cost:2.7586 Pre:0.0000 Re:0.0000 Acc:0.9812 F1:0.0000
--------------------------------------------------------------------

Epoch 31: Time: 0.0162 Cost: 4.3671 Pre: 0.0000 Re: 0.0000 Acc: 0.9746 F1: 0.0000
Epoch 32: Time: 0.0149 Cost: 4.1440 Pre: 0.0000 Re: 0.0000 Acc: 0.9746 F1: 0.0000
Epoch 33: Time: 0.0145 Cost: 3.9715 Pre: 0.0000 Re: 0.0000 Acc: 0.9746 F1: 0.0000
Epoch 34: Time: 0.0154 Cost: 3.8357 Pre: 0.0000 Re: 0.0000 Acc: 0.9746 F1: 0.0000
Epoch 35: Time: 0.0148 Cost: 3.7269 Pre: 0.0000 Re: 0.0000 Acc: 0.9746 F1: 0.0000
Epoch 36: Time: 0.0144 Cost: 3.6384 Pre: 0.0000 Re: 0.0000 Acc: 0.9746 F1: 0.0000
Epoch 37: Time: 0.0147 Cost: 3.5652 Pre: 0.0000 Re: 0.0000 Acc: 0.9746 F1: 0.0000
Epoch 38: Time: 0.0145 Cost: 3.5037 Pre: 0.0000 Re: 0.0000 Acc: 0.9746 F1: 0.0000
Epoch 39: Time: 0.0146 Cost: 3.4514 Pre: 0.0000 Re: 0.0000 Acc: 0.9746 F1: 0.0000
Epoch 40: Time: 0.0154 Cost: 3.4061 Pre: 0.0000 Re: 0.0000 Acc: 0.9746 F1: 0.0000


--------------------------------------------------------------------
Eval results: Cost:1.8194 Pre:0.0000 Re:0.0000 Acc:0.9812 F1:0.0000
--------------------------------------------------------------------

Epoch 41: Time: 0.0149 Cost: 3.3665 Pre: 0.0000 Re: 0.0000 Acc: 0.9746 F1: 0.0000
Epoch 42: Time: 0.0150 Cost: 3.3311 Pre: 0.0000 Re: 0.0000 Acc: 0.9746 F1: 0.0000
Epoch 43: Time: 0.0144 Cost: 3.2992 Pre: 0.0000 Re: 0.0000 Acc: 0.9746 F1: 0.0000
Epoch 44: Time: 0.0147 Cost: 3.2702 Pre: 0.0000 Re: 0.0000 Acc: 0.9746 F1: 0.0000
Epoch 45: Time: 0.0145 Cost: 3.2435 Pre: 0.0000 Re: 0.0000 Acc: 0.9746 F1: 0.0000
Epoch 46: Time: 0.0145 Cost: 3.2187 Pre: 0.0000 Re: 0.0000 Acc: 0.9746 F1: 0.0000
Epoch 47: Time: 0.0148 Cost: 3.1957 Pre: 0.0000 Re: 0.0000 Acc: 0.9746 F1: 0.0000
Epoch 48: Time: 0.0144 Cost: 3.1741 Pre: 0.0000 Re: 0.0000 Acc: 0.9746 F1: 0.0000
Epoch 49: Time: 0.0148 Cost: 3.1538 Pre: 0.0000 Re: 0.0000 Acc: 0.9746 F1: 0.0000
Epoch 50: Time: 0.0153 Cost: 3.1346 Pre: 0.0000 Re: 0.0000 Acc: 0.9746 F1: 0.0000


--------------------------------------------------------------------
Eval results: Cost:1.6214 Pre:0.0000 Re:0.0000 Acc:0.9812 F1:0.0000
--------------------------------------------------------------------

Epoch 51: Time: 0.0148 Cost: 3.1164 Pre: 0.0000 Re: 0.0000 Acc: 0.9746 F1: 0.0000
Epoch 52: Time: 0.0156 Cost: 3.0990 Pre: 0.0000 Re: 0.0000 Acc: 0.9746 F1: 0.0000
Epoch 53: Time: 0.0147 Cost: 3.0823 Pre: 0.0000 Re: 0.0000 Acc: 0.9746 F1: 0.0000
Epoch 54: Time: 0.0150 Cost: 3.0664 Pre: 0.0000 Re: 0.0000 Acc: 0.9746 F1: 0.0000
Epoch 55: Time: 0.0145 Cost: 3.0512 Pre: 0.0000 Re: 0.0000 Acc: 0.9746 F1: 0.0000
Epoch 56: Time: 0.0147 Cost: 3.0366 Pre: 0.0000 Re: 0.0000 Acc: 0.9746 F1: 0.0000
Epoch 57: Time: 0.0164 Cost: 3.0226 Pre: 0.0000 Re: 0.0000 Acc: 0.9746 F1: 0.0000
Epoch 58: Time: 0.0147 Cost: 3.0093 Pre: 0.0000 Re: 0.0000 Acc: 0.9746 F1: 0.0000
Epoch 59: Time: 0.0148 Cost: 2.9965 Pre: 0.0000 Re: 0.0000 Acc: 0.9746 F1: 0.0000
Epoch 60: Time: 0.0147 Cost: 2.9842 Pre: 0.0000 Re: 0.0000 Acc: 0.9746 F1: 0.0000


--------------------------------------------------------------------
Eval results: Cost:1.5155 Pre:0.0000 Re:0.0000 Acc:0.9812 F1:0.0000
--------------------------------------------------------------------

Epoch 61: Time: 0.0151 Cost: 2.9724 Pre: 0.0000 Re: 0.0000 Acc: 0.9746 F1: 0.0000
Epoch 62: Time: 0.0148 Cost: 2.9610 Pre: 0.0000 Re: 0.0000 Acc: 0.9746 F1: 0.0000
Epoch 63: Time: 0.0145 Cost: 2.9500 Pre: 0.0000 Re: 0.0000 Acc: 0.9746 F1: 0.0000
Epoch 64: Time: 0.0149 Cost: 2.9393 Pre: 0.0000 Re: 0.0000 Acc: 0.9746 F1: 0.0000
Epoch 65: Time: 0.0144 Cost: 2.9290 Pre: 0.0000 Re: 0.0000 Acc: 0.9746 F1: 0.0000
Epoch 66: Time: 0.0148 Cost: 2.9190 Pre: 0.0000 Re: 0.0000 Acc: 0.9746 F1: 0.0000
Epoch 67: Time: 0.0146 Cost: 2.9093 Pre: 0.0000 Re: 0.0000 Acc: 0.9746 F1: 0.0000
Epoch 68: Time: 0.0145 Cost: 2.8999 Pre: 0.0000 Re: 0.0000 Acc: 0.9746 F1: 0.0000
Epoch 69: Time: 0.0147 Cost: 2.8908 Pre: 0.0000 Re: 0.0000 Acc: 0.9746 F1: 0.0000
Epoch 70: Time: 0.0150 Cost: 2.8819 Pre: 0.0000 Re: 0.0000 Acc: 0.9746 F1: 0.0000


--------------------------------------------------------------------
Eval results: Cost:1.4418 Pre:0.0000 Re:0.0000 Acc:0.9812 F1:0.0000
--------------------------------------------------------------------

Epoch 71: Time: 0.0162 Cost: 2.8731 Pre: 0.0000 Re: 0.0000 Acc: 0.9746 F1: 0.0000
Epoch 72: Time: 0.0147 Cost: 2.8646 Pre: 0.0000 Re: 0.0000 Acc: 0.9746 F1: 0.0000
Epoch 73: Time: 0.0145 Cost: 2.8561 Pre: 0.0000 Re: 0.0000 Acc: 0.9746 F1: 0.0000
Epoch 74: Time: 0.0147 Cost: 2.8477 Pre: 0.0000 Re: 0.0000 Acc: 0.9746 F1: 0.0000
Epoch 75: Time: 0.0146 Cost: 2.8394 Pre: 0.0000 Re: 0.0000 Acc: 0.9746 F1: 0.0000
Epoch 76: Time: 0.0147 Cost: 2.8312 Pre: 0.0000 Re: 0.0000 Acc: 0.9746 F1: 0.0000
Epoch 77: Time: 0.0149 Cost: 2.8230 Pre: 0.0000 Re: 0.0000 Acc: 0.9746 F1: 0.0000
Epoch 78: Time: 0.0150 Cost: 2.8149 Pre: 0.0000 Re: 0.0000 Acc: 0.9746 F1: 0.0000
Epoch 79: Time: 0.0149 Cost: 2.8068 Pre: 0.0000 Re: 0.0000 Acc: 0.9746 F1: 0.0000
Epoch 80: Time: 0.0144 Cost: 2.7987 Pre: 0.0000 Re: 0.0000 Acc: 0.9746 F1: 0.0000


--------------------------------------------------------------------
Eval results: Cost:1.3744 Pre:0.0000 Re:0.0000 Acc:0.9812 F1:0.0000
--------------------------------------------------------------------

Epoch 81: Time: 0.0161 Cost: 2.7907 Pre: 0.0000 Re: 0.0000 Acc: 0.9746 F1: 0.0000
Epoch 82: Time: 0.0145 Cost: 2.7825 Pre: 0.0000 Re: 0.0000 Acc: 0.9746 F1: 0.0000
Epoch 83: Time: 0.0156 Cost: 2.7743 Pre: 0.0000 Re: 0.0000 Acc: 0.9746 F1: 0.0000
Epoch 84: Time: 0.0152 Cost: 2.7660 Pre: 0.0000 Re: 0.0000 Acc: 0.9746 F1: 0.0000
Epoch 85: Time: 0.0145 Cost: 2.7576 Pre: 0.0000 Re: 0.0000 Acc: 0.9746 F1: 0.0000
Epoch 86: Time: 0.0147 Cost: 2.7492 Pre: 0.0000 Re: 0.0000 Acc: 0.9746 F1: 0.0000
Epoch 87: Time: 0.0145 Cost: 2.7408 Pre: 0.0000 Re: 0.0000 Acc: 0.9746 F1: 0.0000
Epoch 88: Time: 0.0145 Cost: 2.7323 Pre: 0.0000 Re: 0.0000 Acc: 0.9746 F1: 0.0000
Epoch 89: Time: 0.0150 Cost: 2.7238 Pre: 0.0000 Re: 0.0000 Acc: 0.9746 F1: 0.0000
Epoch 90: Time: 0.0152 Cost: 2.7152 Pre: 0.0000 Re: 0.0000 Acc: 0.9746 F1: 0.0000


--------------------------------------------------------------------
Eval results: Cost:1.2972 Pre:0.0000 Re:0.0000 Acc:0.9812 F1:0.0000
--------------------------------------------------------------------

Epoch 91: Time: 0.0156 Cost: 2.7066 Pre: 0.0000 Re: 0.0000 Acc: 0.9746 F1: 0.0000
Epoch 92: Time: 0.0155 Cost: 2.6980 Pre: 0.0000 Re: 0.0000 Acc: 0.9746 F1: 0.0000
Epoch 93: Time: 0.0147 Cost: 2.6895 Pre: 0.0000 Re: 0.0000 Acc: 0.9746 F1: 0.0000
Epoch 94: Time: 0.0146 Cost: 2.6810 Pre: 0.0000 Re: 0.0000 Acc: 0.9746 F1: 0.0000
Epoch 95: Time: 0.0149 Cost: 2.6725 Pre: 0.0000 Re: 0.0000 Acc: 0.9746 F1: 0.0000
Epoch 96: Time: 0.0148 Cost: 2.6642 Pre: 0.0000 Re: 0.0000 Acc: 0.9746 F1: 0.0000
Epoch 97: Time: 0.0147 Cost: 2.6561 Pre: 0.0000 Re: 0.0000 Acc: 0.9746 F1: 0.0000
Epoch 98: Time: 0.0148 Cost: 2.6482 Pre: 0.0000 Re: 0.0000 Acc: 0.9746 F1: 0.0000
Epoch 99: Time: 0.0148 Cost: 2.6405 Pre: 0.0000 Re: 0.0000 Acc: 0.9746 F1: 0.0000
Epoch 100: Time: 0.0145 Cost: 2.6330 Pre: 0.0000 Re: 0.0000 Acc: 0.9746 F1: 0.0000


--------------------------------------------------------------------
Eval results: Cost:1.2149 Pre:0.0000 Re:0.0000 Acc:0.9812 F1:0.0000
--------------------------------------------------------------------

Epoch 101: Time: 0.0148 Cost: 2.6257 Pre: 0.0000 Re: 0.0000 Acc: 0.9746 F1: 0.0000
Epoch 102: Time: 0.0145 Cost: 2.6186 Pre: 0.0000 Re: 0.0000 Acc: 0.9746 F1: 0.0000
Epoch 103: Time: 0.0146 Cost: 2.6118 Pre: 0.0000 Re: 0.0000 Acc: 0.9746 F1: 0.0000
Epoch 104: Time: 0.0146 Cost: 2.6052 Pre: 0.0000 Re: 0.0000 Acc: 0.9746 F1: 0.0000
Epoch 105: Time: 0.0145 Cost: 2.5987 Pre: 0.0000 Re: 0.0000 Acc: 0.9746 F1: 0.0000
Epoch 106: Time: 0.0150 Cost: 2.5925 Pre: 0.0000 Re: 0.0000 Acc: 0.9746 F1: 0.0000
Epoch 107: Time: 0.0144 Cost: 2.5863 Pre: 0.0000 Re: 0.0000 Acc: 0.9746 F1: 0.0000
Epoch 108: Time: 0.0148 Cost: 2.5804 Pre: 0.0000 Re: 0.0000 Acc: 0.9746 F1: 0.0000
Epoch 109: Time: 0.0148 Cost: 2.5745 Pre: 0.0000 Re: 0.0000 Acc: 0.9746 F1: 0.0000
Epoch 110: Time: 0.0148 Cost: 2.5688 Pre: 0.0000 Re: 0.0000 Acc: 0.9746 F1: 0.0000


--------------------------------------------------------------------
Eval results: Cost:1.1526 Pre:0.0000 Re:0.0000 Acc:0.9812 F1:0.0000
--------------------------------------------------------------------

Epoch 111: Time: 0.0146 Cost: 2.5632 Pre: 0.0000 Re: 0.0000 Acc: 0.9746 F1: 0.0000
Epoch 112: Time: 0.0145 Cost: 2.5576 Pre: 0.0000 Re: 0.0000 Acc: 0.9746 F1: 0.0000
Epoch 113: Time: 0.0148 Cost: 2.5522 Pre: 0.0000 Re: 0.0000 Acc: 0.9746 F1: 0.0000
Epoch 114: Time: 0.0153 Cost: 2.5468 Pre: 0.0000 Re: 0.0000 Acc: 0.9746 F1: 0.0000
Epoch 115: Time: 0.0148 Cost: 2.5415 Pre: 0.0000 Re: 0.0000 Acc: 0.9746 F1: 0.0000
Epoch 116: Time: 0.0149 Cost: 2.5363 Pre: 0.0000 Re: 0.0000 Acc: 0.9746 F1: 0.0000
Epoch 117: Time: 0.0150 Cost: 2.5312 Pre: 0.0000 Re: 0.0000 Acc: 0.9746 F1: 0.0000
Epoch 118: Time: 0.0148 Cost: 2.5261 Pre: 0.0000 Re: 0.0000 Acc: 0.9746 F1: 0.0000
Epoch 119: Time: 0.0145 Cost: 2.5211 Pre: 0.0000 Re: 0.0000 Acc: 0.9746 F1: 0.0000
Epoch 120: Time: 0.0158 Cost: 2.5161 Pre: 0.0000 Re: 0.0000 Acc: 0.9746 F1: 0.0000


--------------------------------------------------------------------
Eval results: Cost:1.1090 Pre:0.0000 Re:0.0000 Acc:0.9812 F1:0.0000
--------------------------------------------------------------------

Epoch 121: Time: 0.0152 Cost: 2.5111 Pre: 0.0000 Re: 0.0000 Acc: 0.9746 F1: 0.0000
Epoch 122: Time: 0.0151 Cost: 2.5062 Pre: 0.0000 Re: 0.0000 Acc: 0.9746 F1: 0.0000
Epoch 123: Time: 0.0147 Cost: 2.5014 Pre: 0.0000 Re: 0.0000 Acc: 0.9746 F1: 0.0000
Epoch 124: Time: 0.0145 Cost: 2.4966 Pre: 0.0000 Re: 0.0000 Acc: 0.9746 F1: 0.0000
Epoch 125: Time: 0.0149 Cost: 2.4919 Pre: 0.0000 Re: 0.0000 Acc: 0.9746 F1: 0.0000
Epoch 126: Time: 0.0147 Cost: 2.4872 Pre: 0.0000 Re: 0.0000 Acc: 0.9746 F1: 0.0000
Epoch 127: Time: 0.0151 Cost: 2.4825 Pre: 0.0000 Re: 0.0000 Acc: 0.9746 F1: 0.0000
Epoch 128: Time: 0.0151 Cost: 2.4778 Pre: 0.0000 Re: 0.0000 Acc: 0.9746 F1: 0.0000
Epoch 129: Time: 0.0144 Cost: 2.4731 Pre: 0.0000 Re: 0.0000 Acc: 0.9746 F1: 0.0000
Epoch 130: Time: 0.0147 Cost: 2.4684 Pre: 0.0000 Re: 0.0000 Acc: 0.9746 F1: 0.0000


--------------------------------------------------------------------
Eval results: Cost:1.0726 Pre:0.0000 Re:0.0000 Acc:0.9812 F1:0.0000
--------------------------------------------------------------------

Epoch 131: Time: 0.0147 Cost: 2.4637 Pre: 0.0000 Re: 0.0000 Acc: 0.9746 F1: 0.0000
Epoch 132: Time: 0.0147 Cost: 2.4590 Pre: 0.0000 Re: 0.0000 Acc: 0.9746 F1: 0.0000
Epoch 133: Time: 0.0150 Cost: 2.4544 Pre: 0.0000 Re: 0.0000 Acc: 0.9746 F1: 0.0000
Epoch 134: Time: 0.0149 Cost: 2.4498 Pre: 0.0000 Re: 0.0000 Acc: 0.9746 F1: 0.0000
Epoch 135: Time: 0.0147 Cost: 2.4452 Pre: 0.0000 Re: 0.0000 Acc: 0.9746 F1: 0.0000
Epoch 136: Time: 0.0144 Cost: 2.4405 Pre: 0.0000 Re: 0.0000 Acc: 0.9746 F1: 0.0000
Epoch 137: Time: 0.0150 Cost: 2.4359 Pre: 0.0000 Re: 0.0000 Acc: 0.9746 F1: 0.0000
Epoch 138: Time: 0.0148 Cost: 2.4312 Pre: 0.0000 Re: 0.0000 Acc: 0.9746 F1: 0.0000
Epoch 139: Time: 0.0146 Cost: 2.4265 Pre: 0.0000 Re: 0.0000 Acc: 0.9746 F1: 0.0000
Epoch 140: Time: 0.0155 Cost: 2.4217 Pre: 0.0000 Re: 0.0000 Acc: 0.9746 F1: 0.0000


--------------------------------------------------------------------
Eval results: Cost:1.0399 Pre:0.0000 Re:0.0000 Acc:0.9812 F1:0.0000
--------------------------------------------------------------------

Epoch 141: Time: 0.0148 Cost: 2.4169 Pre: 0.0000 Re: 0.0000 Acc: 0.9746 F1: 0.0000
Epoch 142: Time: 0.0182 Cost: 2.4121 Pre: 0.0000 Re: 0.0000 Acc: 0.9788 F1: 0.0000
Epoch 143: Time: 0.0150 Cost: 2.4073 Pre: 0.0000 Re: 0.0000 Acc: 0.9788 F1: 0.0000
Epoch 144: Time: 0.0147 Cost: 2.4024 Pre: 0.0000 Re: 0.0000 Acc: 0.9788 F1: 0.0000
Epoch 145: Time: 0.0147 Cost: 2.3976 Pre: 0.0000 Re: 0.0000 Acc: 0.9788 F1: 0.0000
Epoch 146: Time: 0.0146 Cost: 2.3926 Pre: 0.0000 Re: 0.0000 Acc: 0.9788 F1: 0.0000
Epoch 147: Time: 0.0145 Cost: 2.3876 Pre: 0.0000 Re: 0.0000 Acc: 0.9788 F1: 0.0000
Epoch 148: Time: 0.0152 Cost: 2.3825 Pre: 0.0000 Re: 0.0000 Acc: 0.9788 F1: 0.0000
Epoch 149: Time: 0.0145 Cost: 2.3773 Pre: 0.0000 Re: 0.0000 Acc: 0.9788 F1: 0.0000
Epoch 150: Time: 0.0152 Cost: 2.3720 Pre: 0.0000 Re: 0.0000 Acc: 0.9788 F1: 0.0000


--------------------------------------------------------------------
Eval results: Cost:1.0080 Pre:0.0000 Re:0.0000 Acc:0.9875 F1:0.0000
--------------------------------------------------------------------

Epoch 151: Time: 0.0155 Cost: 2.3666 Pre: 0.0000 Re: 0.0000 Acc: 0.9788 F1: 0.0000
Epoch 152: Time: 0.0159 Cost: 2.3611 Pre: 0.0000 Re: 0.0000 Acc: 0.9788 F1: 0.0000
Epoch 153: Time: 0.0153 Cost: 2.3557 Pre: 0.0000 Re: 0.0000 Acc: 0.9788 F1: 0.0000
Epoch 154: Time: 0.0146 Cost: 2.3501 Pre: 0.0000 Re: 0.0000 Acc: 0.9788 F1: 0.0000
Epoch 155: Time: 0.0154 Cost: 2.3445 Pre: 0.0000 Re: 0.0000 Acc: 0.9788 F1: 0.0000
Epoch 156: Time: 0.0146 Cost: 2.3387 Pre: 0.0000 Re: 0.0000 Acc: 0.9788 F1: 0.0000
Epoch 157: Time: 0.0146 Cost: 2.3328 Pre: 0.0000 Re: 0.0000 Acc: 0.9788 F1: 0.0000
Epoch 158: Time: 0.0165 Cost: 2.3268 Pre: 0.0000 Re: 0.0000 Acc: 0.9788 F1: 0.0000
Epoch 159: Time: 0.0168 Cost: 2.3206 Pre: 0.0000 Re: 0.0000 Acc: 0.9788 F1: 0.0000
Epoch 160: Time: 0.0147 Cost: 2.3143 Pre: 0.0000 Re: 0.0000 Acc: 0.9788 F1: 0.0000


--------------------------------------------------------------------
Eval results: Cost:0.9740 Pre:0.0000 Re:0.0000 Acc:0.9875 F1:0.0000
--------------------------------------------------------------------

Epoch 161: Time: 0.0148 Cost: 2.3079 Pre: 0.0000 Re: 0.0000 Acc: 0.9788 F1: 0.0000
Epoch 162: Time: 0.0146 Cost: 2.3013 Pre: 0.0000 Re: 0.0000 Acc: 0.9788 F1: 0.0000
Epoch 163: Time: 0.0149 Cost: 2.2948 Pre: 0.0000 Re: 0.0000 Acc: 0.9788 F1: 0.0000
Epoch 164: Time: 0.0145 Cost: 2.2881 Pre: 0.0000 Re: 0.0000 Acc: 0.9788 F1: 0.0000
Epoch 165: Time: 0.0148 Cost: 2.2813 Pre: 0.0000 Re: 0.0000 Acc: 0.9788 F1: 0.0000
Epoch 166: Time: 0.0149 Cost: 2.2744 Pre: 0.0000 Re: 0.0000 Acc: 0.9788 F1: 0.0000
Epoch 167: Time: 0.0145 Cost: 2.2674 Pre: 0.0000 Re: 0.0000 Acc: 0.9788 F1: 0.0000
Epoch 168: Time: 0.0148 Cost: 2.2602 Pre: 0.0000 Re: 0.0000 Acc: 0.9788 F1: 0.0000
Epoch 169: Time: 0.0147 Cost: 2.2528 Pre: 0.0000 Re: 0.0000 Acc: 0.9788 F1: 0.0000
Epoch 170: Time: 0.0149 Cost: 2.2453 Pre: 0.0000 Re: 0.0000 Acc: 0.9788 F1: 0.0000


--------------------------------------------------------------------
Eval results: Cost:0.9366 Pre:0.0000 Re:0.0000 Acc:0.9875 F1:0.0000
--------------------------------------------------------------------

Epoch 171: Time: 0.0146 Cost: 2.2377 Pre: 0.0000 Re: 0.0000 Acc: 0.9788 F1: 0.0000
Epoch 172: Time: 0.0153 Cost: 2.2299 Pre: 0.0000 Re: 0.0000 Acc: 0.9788 F1: 0.0000
Epoch 173: Time: 0.0148 Cost: 2.2221 Pre: 0.0000 Re: 0.0000 Acc: 0.9788 F1: 0.0000
Epoch 174: Time: 0.0145 Cost: 2.2143 Pre: 0.0000 Re: 0.0000 Acc: 0.9788 F1: 0.0000
Epoch 175: Time: 0.0149 Cost: 2.2062 Pre: 0.0000 Re: 0.0000 Acc: 0.9788 F1: 0.0000
Epoch 176: Time: 0.0145 Cost: 2.1981 Pre: 0.0000 Re: 0.0000 Acc: 0.9788 F1: 0.0000
Epoch 177: Time: 0.0148 Cost: 2.1898 Pre: 0.0000 Re: 0.0000 Acc: 0.9788 F1: 0.0000
Epoch 178: Time: 0.0147 Cost: 2.1813 Pre: 0.0000 Re: 0.0000 Acc: 0.9788 F1: 0.0000
Epoch 179: Time: 0.0144 Cost: 2.1726 Pre: 0.0000 Re: 0.0000 Acc: 0.9788 F1: 0.0000
Epoch 180: Time: 0.0150 Cost: 2.1637 Pre: 0.0000 Re: 0.0000 Acc: 0.9788 F1: 0.0000


--------------------------------------------------------------------
Eval results: Cost:0.8972 Pre:0.0000 Re:0.0000 Acc:0.9875 F1:0.0000
--------------------------------------------------------------------

Epoch 181: Time: 0.0150 Cost: 2.1546 Pre: 1.0000 Re: 0.2000 Acc: 0.9831 F1: 0.3333
Epoch 182: Time: 0.0147 Cost: 2.1453 Pre: 1.0000 Re: 0.2000 Acc: 0.9831 F1: 0.3333
Epoch 183: Time: 0.0144 Cost: 2.1359 Pre: 1.0000 Re: 0.2000 Acc: 0.9831 F1: 0.3333
Epoch 184: Time: 0.0147 Cost: 2.1262 Pre: 1.0000 Re: 0.2000 Acc: 0.9831 F1: 0.3333
Epoch 185: Time: 0.0147 Cost: 2.1162 Pre: 1.0000 Re: 0.2000 Acc: 0.9831 F1: 0.3333
Epoch 186: Time: 0.0145 Cost: 2.1059 Pre: 1.0000 Re: 0.2000 Acc: 0.9831 F1: 0.3333
Epoch 187: Time: 0.0148 Cost: 2.0952 Pre: 1.0000 Re: 0.2000 Acc: 0.9831 F1: 0.3333
Epoch 188: Time: 0.0152 Cost: 2.0841 Pre: 1.0000 Re: 0.2000 Acc: 0.9831 F1: 0.3333
Epoch 189: Time: 0.0145 Cost: 2.0724 Pre: 1.0000 Re: 0.2000 Acc: 0.9831 F1: 0.3333
Epoch 190: Time: 0.0147 Cost: 2.0602 Pre: 1.0000 Re: 0.2000 Acc: 0.9831 F1: 0.3333


--------------------------------------------------------------------
Eval results: Cost:0.8607 Pre:1.0000 Re:0.5000 Acc:0.9938 F1:0.6667
--------------------------------------------------------------------

Epoch 191: Time: 0.0146 Cost: 2.0474 Pre: 1.0000 Re: 0.2000 Acc: 0.9831 F1: 0.3333
Epoch 192: Time: 0.0150 Cost: 2.0339 Pre: 1.0000 Re: 0.2000 Acc: 0.9831 F1: 0.3333
Epoch 193: Time: 0.0150 Cost: 2.0196 Pre: 1.0000 Re: 0.2000 Acc: 0.9831 F1: 0.3333
Epoch 194: Time: 0.0148 Cost: 2.0045 Pre: 1.0000 Re: 0.4000 Acc: 0.9873 F1: 0.5714
Epoch 195: Time: 0.0147 Cost: 1.9882 Pre: 1.0000 Re: 0.4000 Acc: 0.9873 F1: 0.5714
Epoch 196: Time: 0.0144 Cost: 1.9707 Pre: 1.0000 Re: 0.4000 Acc: 0.9873 F1: 0.5714
Epoch 197: Time: 0.0147 Cost: 1.9515 Pre: 1.0000 Re: 0.4000 Acc: 0.9873 F1: 0.5714
Epoch 198: Time: 0.0144 Cost: 1.9302 Pre: 1.0000 Re: 0.4000 Acc: 0.9873 F1: 0.5714
Epoch 199: Time: 0.0152 Cost: 1.9058 Pre: 1.0000 Re: 0.4000 Acc: 0.9873 F1: 0.5714
Epoch 200: Time: 0.0149 Cost: 1.8765 Pre: 1.0000 Re: 0.4000 Acc: 0.9873 F1: 0.5714


--------------------------------------------------------------------
Eval results: Cost:0.8305 Pre:1.0000 Re:0.5000 Acc:0.9938 F1:0.6667
--------------------------------------------------------------------

Epoch 201: Time: 0.0148 Cost: 1.8386 Pre: 1.0000 Re: 0.4000 Acc: 0.9873 F1: 0.5714
Epoch 202: Time: 0.0148 Cost: 1.7838 Pre: 1.0000 Re: 0.4000 Acc: 0.9873 F1: 0.5714
Epoch 203: Time: 0.0147 Cost: 1.6941 Pre: 1.0000 Re: 0.6000 Acc: 0.9915 F1: 0.7500
Epoch 204: Time: 0.0147 Cost: 1.5380 Pre: 1.0000 Re: 0.6000 Acc: 0.9915 F1: 0.7500
Epoch 205: Time: 0.0144 Cost: 1.2706 Pre: 1.0000 Re: 1.0000 Acc: 1.0000 F1: 1.0000
Epoch 206: Time: 0.0150 Cost: 1.2519 Pre: 0.8333 Re: 1.0000 Acc: 0.9958 F1: 0.9091
Epoch 207: Time: 0.0147 Cost: 1.3136 Pre: 0.6250 Re: 1.0000 Acc: 0.9873 F1: 0.7692
Epoch 208: Time: 0.0147 Cost: 1.2123 Pre: 0.6250 Re: 1.0000 Acc: 0.9873 F1: 0.7692
Epoch 209: Time: 0.0147 Cost: 1.0433 Pre: 0.8333 Re: 1.0000 Acc: 0.9958 F1: 0.9091
Epoch 210: Time: 0.0147 Cost: 0.9220 Pre: 1.0000 Re: 1.0000 Acc: 1.0000 F1: 1.0000


--------------------------------------------------------------------
Eval results: Cost:0.4843 Pre:1.0000 Re:1.0000 Acc:1.0000 F1:1.0000
--------------------------------------------------------------------

Epoch 211: Time: 0.0154 Cost: 0.8937 Pre: 1.0000 Re: 1.0000 Acc: 1.0000 F1: 1.0000
Epoch 212: Time: 0.0160 Cost: 0.8686 Pre: 1.0000 Re: 1.0000 Acc: 1.0000 F1: 1.0000
Epoch 213: Time: 0.0150 Cost: 0.8094 Pre: 1.0000 Re: 1.0000 Acc: 1.0000 F1: 1.0000
Epoch 214: Time: 0.0149 Cost: 0.7683 Pre: 1.0000 Re: 1.0000 Acc: 1.0000 F1: 1.0000
Epoch 215: Time: 0.0147 Cost: 0.7546 Pre: 1.0000 Re: 1.0000 Acc: 1.0000 F1: 1.0000
Epoch 216: Time: 0.0146 Cost: 0.7438 Pre: 1.0000 Re: 1.0000 Acc: 1.0000 F1: 1.0000
Epoch 217: Time: 0.0147 Cost: 0.7252 Pre: 1.0000 Re: 1.0000 Acc: 1.0000 F1: 1.0000
Epoch 218: Time: 0.0147 Cost: 0.7044 Pre: 1.0000 Re: 0.8000 Acc: 0.9958 F1: 0.8889
Epoch 219: Time: 0.0147 Cost: 0.6878 Pre: 1.0000 Re: 0.8000 Acc: 0.9958 F1: 0.8889
Epoch 220: Time: 0.0145 Cost: 0.6741 Pre: 1.0000 Re: 0.8000 Acc: 0.9958 F1: 0.8889


--------------------------------------------------------------------
Eval results: Cost:0.3734 Pre:1.0000 Re:1.0000 Acc:1.0000 F1:1.0000
--------------------------------------------------------------------

Epoch 221: Time: 0.0149 Cost: 0.6595 Pre: 1.0000 Re: 0.8000 Acc: 0.9958 F1: 0.8889
Epoch 222: Time: 0.0145 Cost: 0.6457 Pre: 1.0000 Re: 0.8000 Acc: 0.9958 F1: 0.8889
Epoch 223: Time: 0.0148 Cost: 0.6347 Pre: 1.0000 Re: 0.8000 Acc: 0.9958 F1: 0.8889
Epoch 224: Time: 0.0146 Cost: 0.6250 Pre: 1.0000 Re: 0.8000 Acc: 0.9958 F1: 0.8889
Epoch 225: Time: 0.0144 Cost: 0.6149 Pre: 1.0000 Re: 0.8000 Acc: 0.9958 F1: 0.8889
Epoch 226: Time: 0.0151 Cost: 0.6046 Pre: 1.0000 Re: 0.8000 Acc: 0.9958 F1: 0.8889
Epoch 227: Time: 0.0144 Cost: 0.5946 Pre: 1.0000 Re: 0.8000 Acc: 0.9958 F1: 0.8889
Epoch 228: Time: 0.0147 Cost: 0.5849 Pre: 1.0000 Re: 0.8000 Acc: 0.9958 F1: 0.8889
Epoch 229: Time: 0.0149 Cost: 0.5755 Pre: 1.0000 Re: 0.8000 Acc: 0.9958 F1: 0.8889
Epoch 230: Time: 0.0145 Cost: 0.5668 Pre: 1.0000 Re: 0.8000 Acc: 0.9958 F1: 0.8889


--------------------------------------------------------------------
Eval results: Cost:0.3266 Pre:1.0000 Re:1.0000 Acc:1.0000 F1:1.0000
--------------------------------------------------------------------

Epoch 231: Time: 0.0152 Cost: 0.5586 Pre: 1.0000 Re: 0.8000 Acc: 0.9958 F1: 0.8889
Epoch 232: Time: 0.0145 Cost: 0.5506 Pre: 1.0000 Re: 0.8000 Acc: 0.9958 F1: 0.8889
Epoch 233: Time: 0.0147 Cost: 0.5426 Pre: 1.0000 Re: 0.8000 Acc: 0.9958 F1: 0.8889
Epoch 234: Time: 0.0145 Cost: 0.5347 Pre: 1.0000 Re: 0.8000 Acc: 0.9958 F1: 0.8889
Epoch 235: Time: 0.0147 Cost: 0.5268 Pre: 1.0000 Re: 0.8000 Acc: 0.9958 F1: 0.8889
Epoch 236: Time: 0.0150 Cost: 0.5192 Pre: 1.0000 Re: 0.8000 Acc: 0.9958 F1: 0.8889
Epoch 237: Time: 0.0160 Cost: 0.5118 Pre: 1.0000 Re: 1.0000 Acc: 1.0000 F1: 1.0000
Epoch 238: Time: 0.0191 Cost: 0.5046 Pre: 1.0000 Re: 1.0000 Acc: 1.0000 F1: 1.0000
Epoch 239: Time: 0.0152 Cost: 0.4974 Pre: 1.0000 Re: 1.0000 Acc: 1.0000 F1: 1.0000
Epoch 240: Time: 0.0150 Cost: 0.4902 Pre: 1.0000 Re: 1.0000 Acc: 1.0000 F1: 1.0000


--------------------------------------------------------------------
Eval results: Cost:0.2897 Pre:1.0000 Re:1.0000 Acc:1.0000 F1:1.0000
--------------------------------------------------------------------

Epoch 241: Time: 0.0155 Cost: 0.4829 Pre: 1.0000 Re: 1.0000 Acc: 1.0000 F1: 1.0000
Epoch 242: Time: 0.0144 Cost: 0.4759 Pre: 1.0000 Re: 1.0000 Acc: 1.0000 F1: 1.0000
Epoch 243: Time: 0.0150 Cost: 0.4689 Pre: 1.0000 Re: 1.0000 Acc: 1.0000 F1: 1.0000
Epoch 244: Time: 0.0147 Cost: 0.4620 Pre: 1.0000 Re: 1.0000 Acc: 1.0000 F1: 1.0000
Epoch 245: Time: 0.0147 Cost: 0.4552 Pre: 1.0000 Re: 1.0000 Acc: 1.0000 F1: 1.0000
Epoch 246: Time: 0.0147 Cost: 0.4483 Pre: 1.0000 Re: 1.0000 Acc: 1.0000 F1: 1.0000
Epoch 247: Time: 0.0145 Cost: 0.4414 Pre: 1.0000 Re: 1.0000 Acc: 1.0000 F1: 1.0000
Epoch 248: Time: 0.0150 Cost: 0.4345 Pre: 1.0000 Re: 1.0000 Acc: 1.0000 F1: 1.0000
Epoch 249: Time: 0.0149 Cost: 0.4277 Pre: 1.0000 Re: 1.0000 Acc: 1.0000 F1: 1.0000
Epoch 250: Time: 0.0144 Cost: 0.4208 Pre: 1.0000 Re: 1.0000 Acc: 1.0000 F1: 1.0000


--------------------------------------------------------------------
Eval results: Cost:0.2592 Pre:1.0000 Re:1.0000 Acc:1.0000 F1:1.0000
--------------------------------------------------------------------

Epoch 251: Time: 0.0150 Cost: 0.4139 Pre: 1.0000 Re: 1.0000 Acc: 1.0000 F1: 1.0000
Epoch 252: Time: 0.0148 Cost: 0.4072 Pre: 1.0000 Re: 1.0000 Acc: 1.0000 F1: 1.0000
Epoch 253: Time: 0.0147 Cost: 0.4006 Pre: 1.0000 Re: 1.0000 Acc: 1.0000 F1: 1.0000
Epoch 254: Time: 0.0148 Cost: 0.3939 Pre: 1.0000 Re: 1.0000 Acc: 1.0000 F1: 1.0000
Epoch 255: Time: 0.0146 Cost: 0.3873 Pre: 1.0000 Re: 1.0000 Acc: 1.0000 F1: 1.0000
Epoch 256: Time: 0.0148 Cost: 0.3807 Pre: 1.0000 Re: 1.0000 Acc: 1.0000 F1: 1.0000
Epoch 257: Time: 0.0144 Cost: 0.3741 Pre: 1.0000 Re: 1.0000 Acc: 1.0000 F1: 1.0000
Epoch 258: Time: 0.0156 Cost: 0.3676 Pre: 1.0000 Re: 1.0000 Acc: 1.0000 F1: 1.0000
Epoch 259: Time: 0.0147 Cost: 0.3610 Pre: 1.0000 Re: 1.0000 Acc: 1.0000 F1: 1.0000
Epoch 260: Time: 0.0144 Cost: 0.3545 Pre: 1.0000 Re: 1.0000 Acc: 1.0000 F1: 1.0000


--------------------------------------------------------------------
Eval results: Cost:0.2290 Pre:1.0000 Re:1.0000 Acc:1.0000 F1:1.0000
--------------------------------------------------------------------

Epoch 261: Time: 0.0147 Cost: 0.3478 Pre: 1.0000 Re: 1.0000 Acc: 1.0000 F1: 1.0000
Epoch 262: Time: 0.0145 Cost: 0.3415 Pre: 1.0000 Re: 1.0000 Acc: 1.0000 F1: 1.0000
Epoch 263: Time: 0.0148 Cost: 0.3353 Pre: 1.0000 Re: 1.0000 Acc: 1.0000 F1: 1.0000
Epoch 264: Time: 0.0145 Cost: 0.3290 Pre: 1.0000 Re: 1.0000 Acc: 1.0000 F1: 1.0000
Epoch 265: Time: 0.0150 Cost: 0.3229 Pre: 1.0000 Re: 1.0000 Acc: 1.0000 F1: 1.0000
Epoch 266: Time: 0.0147 Cost: 0.3167 Pre: 1.0000 Re: 1.0000 Acc: 1.0000 F1: 1.0000
Epoch 267: Time: 0.0144 Cost: 0.3107 Pre: 1.0000 Re: 1.0000 Acc: 1.0000 F1: 1.0000
Epoch 268: Time: 0.0150 Cost: 0.3046 Pre: 1.0000 Re: 1.0000 Acc: 1.0000 F1: 1.0000
Epoch 269: Time: 0.0144 Cost: 0.2986 Pre: 1.0000 Re: 1.0000 Acc: 1.0000 F1: 1.0000
Epoch 270: Time: 0.0148 Cost: 0.2926 Pre: 1.0000 Re: 1.0000 Acc: 1.0000 F1: 1.0000


--------------------------------------------------------------------
Eval results: Cost:0.1996 Pre:1.0000 Re:1.0000 Acc:1.0000 F1:1.0000
--------------------------------------------------------------------

Epoch 271: Time: 0.0150 Cost: 0.2866 Pre: 1.0000 Re: 1.0000 Acc: 1.0000 F1: 1.0000
Epoch 272: Time: 0.0164 Cost: 0.2808 Pre: 1.0000 Re: 1.0000 Acc: 1.0000 F1: 1.0000
Epoch 273: Time: 0.0148 Cost: 0.2752 Pre: 1.0000 Re: 1.0000 Acc: 1.0000 F1: 1.0000
Epoch 274: Time: 0.0144 Cost: 0.2697 Pre: 1.0000 Re: 1.0000 Acc: 1.0000 F1: 1.0000
Epoch 275: Time: 0.0149 Cost: 0.2642 Pre: 1.0000 Re: 1.0000 Acc: 1.0000 F1: 1.0000
Epoch 276: Time: 0.0155 Cost: 0.2587 Pre: 1.0000 Re: 1.0000 Acc: 1.0000 F1: 1.0000
Epoch 277: Time: 0.0145 Cost: 0.2533 Pre: 1.0000 Re: 1.0000 Acc: 1.0000 F1: 1.0000
Epoch 278: Time: 0.0148 Cost: 0.2480 Pre: 1.0000 Re: 1.0000 Acc: 1.0000 F1: 1.0000
Epoch 279: Time: 0.0144 Cost: 0.2428 Pre: 1.0000 Re: 1.0000 Acc: 1.0000 F1: 1.0000
Epoch 280: Time: 0.0147 Cost: 0.2375 Pre: 1.0000 Re: 1.0000 Acc: 1.0000 F1: 1.0000


--------------------------------------------------------------------
Eval results: Cost:0.1714 Pre:1.0000 Re:1.0000 Acc:1.0000 F1:1.0000
--------------------------------------------------------------------

Epoch 281: Time: 0.0149 Cost: 0.2322 Pre: 1.0000 Re: 1.0000 Acc: 1.0000 F1: 1.0000
Epoch 282: Time: 0.0152 Cost: 0.2273 Pre: 1.0000 Re: 1.0000 Acc: 1.0000 F1: 1.0000
Epoch 283: Time: 0.0148 Cost: 0.2224 Pre: 1.0000 Re: 1.0000 Acc: 1.0000 F1: 1.0000
Epoch 284: Time: 0.0145 Cost: 0.2176 Pre: 1.0000 Re: 1.0000 Acc: 1.0000 F1: 1.0000
Epoch 285: Time: 0.0147 Cost: 0.2129 Pre: 1.0000 Re: 1.0000 Acc: 1.0000 F1: 1.0000
Epoch 286: Time: 0.0146 Cost: 0.2083 Pre: 1.0000 Re: 1.0000 Acc: 1.0000 F1: 1.0000
Epoch 287: Time: 0.0148 Cost: 0.2037 Pre: 1.0000 Re: 1.0000 Acc: 1.0000 F1: 1.0000
Epoch 288: Time: 0.0148 Cost: 0.1992 Pre: 1.0000 Re: 1.0000 Acc: 1.0000 F1: 1.0000
Epoch 289: Time: 0.0144 Cost: 0.1948 Pre: 1.0000 Re: 1.0000 Acc: 1.0000 F1: 1.0000
Epoch 290: Time: 0.0152 Cost: 0.1904 Pre: 1.0000 Re: 1.0000 Acc: 1.0000 F1: 1.0000


--------------------------------------------------------------------
Eval results: Cost:0.1449 Pre:1.0000 Re:1.0000 Acc:1.0000 F1:1.0000
--------------------------------------------------------------------

Epoch 291: Time: 0.0145 Cost: 0.1860 Pre: 1.0000 Re: 1.0000 Acc: 1.0000 F1: 1.0000
Epoch 292: Time: 0.0148 Cost: 0.1818 Pre: 1.0000 Re: 1.0000 Acc: 1.0000 F1: 1.0000
Epoch 293: Time: 0.0147 Cost: 0.1778 Pre: 1.0000 Re: 1.0000 Acc: 1.0000 F1: 1.0000
Epoch 294: Time: 0.0148 Cost: 0.1738 Pre: 1.0000 Re: 1.0000 Acc: 1.0000 F1: 1.0000
Epoch 295: Time: 0.0147 Cost: 0.1699 Pre: 1.0000 Re: 1.0000 Acc: 1.0000 F1: 1.0000
Epoch 296: Time: 0.0144 Cost: 0.1661 Pre: 1.0000 Re: 1.0000 Acc: 1.0000 F1: 1.0000
Epoch 297: Time: 0.0150 Cost: 0.1624 Pre: 1.0000 Re: 1.0000 Acc: 1.0000 F1: 1.0000
Epoch 298: Time: 0.0147 Cost: 0.1587 Pre: 1.0000 Re: 1.0000 Acc: 1.0000 F1: 1.0000
Epoch 299: Time: 0.0158 Cost: 0.1551 Pre: 1.0000 Re: 1.0000 Acc: 1.0000 F1: 1.0000
Epoch 300: Time: 0.0149 Cost: 0.1516 Pre: 1.0000 Re: 1.0000 Acc: 1.0000 F1: 1.0000


--------------------------------------------------------------------
Eval results: Cost:0.1207 Pre:1.0000 Re:1.0000 Acc:1.0000 F1:1.0000
--------------------------------------------------------------------

Epoch 301: Time: 0.0149 Cost: 0.1480 Pre: 1.0000 Re: 1.0000 Acc: 1.0000 F1: 1.0000
Epoch 302: Time: 0.0147 Cost: 0.1447 Pre: 1.0000 Re: 1.0000 Acc: 1.0000 F1: 1.0000
Epoch 303: Time: 0.0148 Cost: 0.1414 Pre: 1.0000 Re: 1.0000 Acc: 1.0000 F1: 1.0000
Epoch 304: Time: 0.0150 Cost: 0.1383 Pre: 1.0000 Re: 1.0000 Acc: 1.0000 F1: 1.0000
Epoch 305: Time: 0.0147 Cost: 0.1352 Pre: 1.0000 Re: 1.0000 Acc: 1.0000 F1: 1.0000
Epoch 306: Time: 0.0144 Cost: 0.1322 Pre: 1.0000 Re: 1.0000 Acc: 1.0000 F1: 1.0000
Epoch 307: Time: 0.0147 Cost: 0.1292 Pre: 1.0000 Re: 1.0000 Acc: 1.0000 F1: 1.0000
Epoch 308: Time: 0.0144 Cost: 0.1263 Pre: 1.0000 Re: 1.0000 Acc: 1.0000 F1: 1.0000
Epoch 309: Time: 0.0146 Cost: 0.1235 Pre: 1.0000 Re: 1.0000 Acc: 1.0000 F1: 1.0000
Epoch 310: Time: 0.0150 Cost: 0.1207 Pre: 1.0000 Re: 1.0000 Acc: 1.0000 F1: 1.0000


--------------------------------------------------------------------
Eval results: Cost:0.0996 Pre:1.0000 Re:1.0000 Acc:1.0000 F1:1.0000
--------------------------------------------------------------------

Epoch 311: Time: 0.0182 Cost: 0.1179 Pre: 1.0000 Re: 1.0000 Acc: 1.0000 F1: 1.0000
Epoch 312: Time: 0.0147 Cost: 0.1153 Pre: 1.0000 Re: 1.0000 Acc: 1.0000 F1: 1.0000
Epoch 313: Time: 0.0145 Cost: 0.1128 Pre: 1.0000 Re: 1.0000 Acc: 1.0000 F1: 1.0000
Epoch 314: Time: 0.0146 Cost: 0.1103 Pre: 1.0000 Re: 1.0000 Acc: 1.0000 F1: 1.0000
Epoch 315: Time: 0.0152 Cost: 0.1079 Pre: 1.0000 Re: 1.0000 Acc: 1.0000 F1: 1.0000
Epoch 316: Time: 0.0145 Cost: 0.1055 Pre: 1.0000 Re: 1.0000 Acc: 1.0000 F1: 1.0000
Epoch 317: Time: 0.0148 Cost: 0.1032 Pre: 1.0000 Re: 1.0000 Acc: 1.0000 F1: 1.0000
Epoch 318: Time: 0.0151 Cost: 0.1010 Pre: 1.0000 Re: 1.0000 Acc: 1.0000 F1: 1.0000
Epoch 319: Time: 0.0148 Cost: 0.0988 Pre: 1.0000 Re: 1.0000 Acc: 1.0000 F1: 1.0000
Epoch 320: Time: 0.0146 Cost: 0.0966 Pre: 1.0000 Re: 1.0000 Acc: 1.0000 F1: 1.0000


--------------------------------------------------------------------
Eval results: Cost:0.0819 Pre:1.0000 Re:1.0000 Acc:1.0000 F1:1.0000
--------------------------------------------------------------------

Epoch 321: Time: 0.0151 Cost: 0.0945 Pre: 1.0000 Re: 1.0000 Acc: 1.0000 F1: 1.0000
Epoch 322: Time: 0.0146 Cost: 0.0925 Pre: 1.0000 Re: 1.0000 Acc: 1.0000 F1: 1.0000
Epoch 323: Time: 0.0144 Cost: 0.0905 Pre: 1.0000 Re: 1.0000 Acc: 1.0000 F1: 1.0000
Epoch 324: Time: 0.0150 Cost: 0.0886 Pre: 1.0000 Re: 1.0000 Acc: 1.0000 F1: 1.0000
Epoch 325: Time: 0.0145 Cost: 0.0868 Pre: 1.0000 Re: 1.0000 Acc: 1.0000 F1: 1.0000
Epoch 326: Time: 0.0148 Cost: 0.0850 Pre: 1.0000 Re: 1.0000 Acc: 1.0000 F1: 1.0000
Epoch 327: Time: 0.0147 Cost: 0.0832 Pre: 1.0000 Re: 1.0000 Acc: 1.0000 F1: 1.0000
Epoch 328: Time: 0.0145 Cost: 0.0815 Pre: 1.0000 Re: 1.0000 Acc: 1.0000 F1: 1.0000
Epoch 329: Time: 0.0151 Cost: 0.0798 Pre: 1.0000 Re: 1.0000 Acc: 1.0000 F1: 1.0000
Epoch 330: Time: 0.0147 Cost: 0.0781 Pre: 1.0000 Re: 1.0000 Acc: 1.0000 F1: 1.0000


--------------------------------------------------------------------
Eval results: Cost:0.0675 Pre:1.0000 Re:1.0000 Acc:1.0000 F1:1.0000
--------------------------------------------------------------------

Epoch 331: Time: 0.0152 Cost: 0.0765 Pre: 1.0000 Re: 1.0000 Acc: 1.0000 F1: 1.0000
Epoch 332: Time: 0.0158 Cost: 0.0749 Pre: 1.0000 Re: 1.0000 Acc: 1.0000 F1: 1.0000
Epoch 333: Time: 0.0148 Cost: 0.0734 Pre: 1.0000 Re: 1.0000 Acc: 1.0000 F1: 1.0000
Epoch 334: Time: 0.0147 Cost: 0.0719 Pre: 1.0000 Re: 1.0000 Acc: 1.0000 F1: 1.0000
Epoch 335: Time: 0.0145 Cost: 0.0705 Pre: 1.0000 Re: 1.0000 Acc: 1.0000 F1: 1.0000
Epoch 336: Time: 0.0147 Cost: 0.0691 Pre: 1.0000 Re: 1.0000 Acc: 1.0000 F1: 1.0000
Epoch 337: Time: 0.0146 Cost: 0.0678 Pre: 1.0000 Re: 1.0000 Acc: 1.0000 F1: 1.0000
Epoch 338: Time: 0.0147 Cost: 0.0664 Pre: 1.0000 Re: 1.0000 Acc: 1.0000 F1: 1.0000
Epoch 339: Time: 0.0148 Cost: 0.0651 Pre: 1.0000 Re: 1.0000 Acc: 1.0000 F1: 1.0000
Epoch 340: Time: 0.0146 Cost: 0.0639 Pre: 1.0000 Re: 1.0000 Acc: 1.0000 F1: 1.0000


--------------------------------------------------------------------
Eval results: Cost:0.0559 Pre:1.0000 Re:1.0000 Acc:1.0000 F1:1.0000
--------------------------------------------------------------------

Epoch 341: Time: 0.0153 Cost: 0.0626 Pre: 1.0000 Re: 1.0000 Acc: 1.0000 F1: 1.0000
Epoch 342: Time: 0.0144 Cost: 0.0614 Pre: 1.0000 Re: 1.0000 Acc: 1.0000 F1: 1.0000
Epoch 343: Time: 0.0151 Cost: 0.0603 Pre: 1.0000 Re: 1.0000 Acc: 1.0000 F1: 1.0000
Epoch 344: Time: 0.0147 Cost: 0.0591 Pre: 1.0000 Re: 1.0000 Acc: 1.0000 F1: 1.0000
Epoch 345: Time: 0.0145 Cost: 0.0580 Pre: 1.0000 Re: 1.0000 Acc: 1.0000 F1: 1.0000
Epoch 346: Time: 0.0148 Cost: 0.0570 Pre: 1.0000 Re: 1.0000 Acc: 1.0000 F1: 1.0000
Epoch 347: Time: 0.0146 Cost: 0.0559 Pre: 1.0000 Re: 1.0000 Acc: 1.0000 F1: 1.0000
Epoch 348: Time: 0.0148 Cost: 0.0549 Pre: 1.0000 Re: 1.0000 Acc: 1.0000 F1: 1.0000
Epoch 349: Time: 0.0147 Cost: 0.0539 Pre: 1.0000 Re: 1.0000 Acc: 1.0000 F1: 1.0000
Epoch 350: Time: 0.0148 Cost: 0.0529 Pre: 1.0000 Re: 1.0000 Acc: 1.0000 F1: 1.0000


--------------------------------------------------------------------
Eval results: Cost:0.0468 Pre:1.0000 Re:1.0000 Acc:1.0000 F1:1.0000
--------------------------------------------------------------------

Epoch 351: Time: 0.0147 Cost: 0.0520 Pre: 1.0000 Re: 1.0000 Acc: 1.0000 F1: 1.0000
Epoch 352: Time: 0.0146 Cost: 0.0510 Pre: 1.0000 Re: 1.0000 Acc: 1.0000 F1: 1.0000
Epoch 353: Time: 0.0148 Cost: 0.0501 Pre: 1.0000 Re: 1.0000 Acc: 1.0000 F1: 1.0000
Epoch 354: Time: 0.0144 Cost: 0.0493 Pre: 1.0000 Re: 1.0000 Acc: 1.0000 F1: 1.0000
Epoch 355: Time: 0.0148 Cost: 0.0484 Pre: 1.0000 Re: 1.0000 Acc: 1.0000 F1: 1.0000
Epoch 356: Time: 0.0149 Cost: 0.0476 Pre: 1.0000 Re: 1.0000 Acc: 1.0000 F1: 1.0000
Epoch 357: Time: 0.0146 Cost: 0.0468 Pre: 1.0000 Re: 1.0000 Acc: 1.0000 F1: 1.0000
Epoch 358: Time: 0.0148 Cost: 0.0460 Pre: 1.0000 Re: 1.0000 Acc: 1.0000 F1: 1.0000
Epoch 359: Time: 0.0146 Cost: 0.0452 Pre: 1.0000 Re: 1.0000 Acc: 1.0000 F1: 1.0000
Epoch 360: Time: 0.0145 Cost: 0.0445 Pre: 1.0000 Re: 1.0000 Acc: 1.0000 F1: 1.0000


--------------------------------------------------------------------
Eval results: Cost:0.0395 Pre:1.0000 Re:1.0000 Acc:1.0000 F1:1.0000
--------------------------------------------------------------------

Epoch 361: Time: 0.0145 Cost: 0.0437 Pre: 1.0000 Re: 1.0000 Acc: 1.0000 F1: 1.0000
Epoch 362: Time: 0.0153 Cost: 0.0430 Pre: 1.0000 Re: 1.0000 Acc: 1.0000 F1: 1.0000
Epoch 363: Time: 0.0147 Cost: 0.0423 Pre: 1.0000 Re: 1.0000 Acc: 1.0000 F1: 1.0000
Epoch 364: Time: 0.0144 Cost: 0.0416 Pre: 1.0000 Re: 1.0000 Acc: 1.0000 F1: 1.0000
Epoch 365: Time: 0.0148 Cost: 0.0410 Pre: 1.0000 Re: 1.0000 Acc: 1.0000 F1: 1.0000
Epoch 366: Time: 0.0146 Cost: 0.0403 Pre: 1.0000 Re: 1.0000 Acc: 1.0000 F1: 1.0000
Epoch 367: Time: 0.0146 Cost: 0.0397 Pre: 1.0000 Re: 1.0000 Acc: 1.0000 F1: 1.0000
Epoch 368: Time: 0.0152 Cost: 0.0391 Pre: 1.0000 Re: 1.0000 Acc: 1.0000 F1: 1.0000
Epoch 369: Time: 0.0145 Cost: 0.0384 Pre: 1.0000 Re: 1.0000 Acc: 1.0000 F1: 1.0000
Epoch 370: Time: 0.0147 Cost: 0.0378 Pre: 1.0000 Re: 1.0000 Acc: 1.0000 F1: 1.0000


--------------------------------------------------------------------
Eval results: Cost:0.0338 Pre:1.0000 Re:1.0000 Acc:1.0000 F1:1.0000
--------------------------------------------------------------------

Epoch 371: Time: 0.0154 Cost: 0.0373 Pre: 1.0000 Re: 1.0000 Acc: 1.0000 F1: 1.0000
Epoch 372: Time: 0.0149 Cost: 0.0367 Pre: 1.0000 Re: 1.0000 Acc: 1.0000 F1: 1.0000
Epoch 373: Time: 0.0146 Cost: 0.0361 Pre: 1.0000 Re: 1.0000 Acc: 1.0000 F1: 1.0000
Epoch 374: Time: 0.0147 Cost: 0.0356 Pre: 1.0000 Re: 1.0000 Acc: 1.0000 F1: 1.0000
Epoch 375: Time: 0.0155 Cost: 0.0351 Pre: 1.0000 Re: 1.0000 Acc: 1.0000 F1: 1.0000
Epoch 376: Time: 0.0144 Cost: 0.0346 Pre: 1.0000 Re: 1.0000 Acc: 1.0000 F1: 1.0000
Epoch 377: Time: 0.0147 Cost: 0.0341 Pre: 1.0000 Re: 1.0000 Acc: 1.0000 F1: 1.0000
Epoch 378: Time: 0.0148 Cost: 0.0336 Pre: 1.0000 Re: 1.0000 Acc: 1.0000 F1: 1.0000
Epoch 379: Time: 0.0150 Cost: 0.0331 Pre: 1.0000 Re: 1.0000 Acc: 1.0000 F1: 1.0000
Epoch 380: Time: 0.0148 Cost: 0.0326 Pre: 1.0000 Re: 1.0000 Acc: 1.0000 F1: 1.0000


--------------------------------------------------------------------
Eval results: Cost:0.0291 Pre:1.0000 Re:1.0000 Acc:1.0000 F1:1.0000
--------------------------------------------------------------------

Epoch 381: Time: 0.0145 Cost: 0.0322 Pre: 1.0000 Re: 1.0000 Acc: 1.0000 F1: 1.0000
Epoch 382: Time: 0.0152 Cost: 0.0317 Pre: 1.0000 Re: 1.0000 Acc: 1.0000 F1: 1.0000
Epoch 383: Time: 0.0147 Cost: 0.0313 Pre: 1.0000 Re: 1.0000 Acc: 1.0000 F1: 1.0000
Epoch 384: Time: 0.0149 Cost: 0.0309 Pre: 1.0000 Re: 1.0000 Acc: 1.0000 F1: 1.0000
Epoch 385: Time: 0.0147 Cost: 0.0304 Pre: 1.0000 Re: 1.0000 Acc: 1.0000 F1: 1.0000
Epoch 386: Time: 0.0149 Cost: 0.0300 Pre: 1.0000 Re: 1.0000 Acc: 1.0000 F1: 1.0000
Epoch 387: Time: 0.0149 Cost: 0.0296 Pre: 1.0000 Re: 1.0000 Acc: 1.0000 F1: 1.0000
Epoch 388: Time: 0.0146 Cost: 0.0292 Pre: 1.0000 Re: 1.0000 Acc: 1.0000 F1: 1.0000
Epoch 389: Time: 0.0152 Cost: 0.0289 Pre: 1.0000 Re: 1.0000 Acc: 1.0000 F1: 1.0000
Epoch 390: Time: 0.0147 Cost: 0.0285 Pre: 1.0000 Re: 1.0000 Acc: 1.0000 F1: 1.0000


--------------------------------------------------------------------
Eval results: Cost:0.0254 Pre:1.0000 Re:1.0000 Acc:1.0000 F1:1.0000
--------------------------------------------------------------------

Epoch 391: Time: 0.0147 Cost: 0.0281 Pre: 1.0000 Re: 1.0000 Acc: 1.0000 F1: 1.0000
Epoch 392: Time: 0.0153 Cost: 0.0277 Pre: 1.0000 Re: 1.0000 Acc: 1.0000 F1: 1.0000
Epoch 393: Time: 0.0158 Cost: 0.0274 Pre: 1.0000 Re: 1.0000 Acc: 1.0000 F1: 1.0000
Epoch 394: Time: 0.0155 Cost: 0.0270 Pre: 1.0000 Re: 1.0000 Acc: 1.0000 F1: 1.0000
Epoch 395: Time: 0.0149 Cost: 0.0267 Pre: 1.0000 Re: 1.0000 Acc: 1.0000 F1: 1.0000
Epoch 396: Time: 0.0148 Cost: 0.0264 Pre: 1.0000 Re: 1.0000 Acc: 1.0000 F1: 1.0000
Epoch 397: Time: 0.0149 Cost: 0.0261 Pre: 1.0000 Re: 1.0000 Acc: 1.0000 F1: 1.0000
Epoch 398: Time: 0.0146 Cost: 0.0257 Pre: 1.0000 Re: 1.0000 Acc: 1.0000 F1: 1.0000
Epoch 399: Time: 0.0146 Cost: 0.0254 Pre: 1.0000 Re: 1.0000 Acc: 1.0000 F1: 1.0000
Epoch 400: Time: 0.0147 Cost: 0.0251 Pre: 1.0000 Re: 1.0000 Acc: 1.0000 F1: 1.0000


--------------------------------------------------------------------
Eval results: Cost:0.0224 Pre:1.0000 Re:1.0000 Acc:1.0000 F1:1.0000
--------------------------------------------------------------------

Epoch 401: Time: 0.0152 Cost: 0.0248 Pre: 1.0000 Re: 1.0000 Acc: 1.0000 F1: 1.0000
Epoch 402: Time: 0.0148 Cost: 0.0245 Pre: 1.0000 Re: 1.0000 Acc: 1.0000 F1: 1.0000
Epoch 403: Time: 0.0149 Cost: 0.0242 Pre: 1.0000 Re: 1.0000 Acc: 1.0000 F1: 1.0000
Epoch 404: Time: 0.0148 Cost: 0.0240 Pre: 1.0000 Re: 1.0000 Acc: 1.0000 F1: 1.0000
Epoch 405: Time: 0.0147 Cost: 0.0237 Pre: 1.0000 Re: 1.0000 Acc: 1.0000 F1: 1.0000
Epoch 406: Time: 0.0144 Cost: 0.0234 Pre: 1.0000 Re: 1.0000 Acc: 1.0000 F1: 1.0000
Epoch 407: Time: 0.0147 Cost: 0.0231 Pre: 1.0000 Re: 1.0000 Acc: 1.0000 F1: 1.0000
Epoch 408: Time: 0.0144 Cost: 0.0229 Pre: 1.0000 Re: 1.0000 Acc: 1.0000 F1: 1.0000
Epoch 409: Time: 0.0155 Cost: 0.0226 Pre: 1.0000 Re: 1.0000 Acc: 1.0000 F1: 1.0000
Epoch 410: Time: 0.0147 Cost: 0.0224 Pre: 1.0000 Re: 1.0000 Acc: 1.0000 F1: 1.0000


--------------------------------------------------------------------
Eval results: Cost:0.0199 Pre:1.0000 Re:1.0000 Acc:1.0000 F1:1.0000
--------------------------------------------------------------------

Epoch 411: Time: 0.0149 Cost: 0.0221 Pre: 1.0000 Re: 1.0000 Acc: 1.0000 F1: 1.0000
Epoch 412: Time: 0.0147 Cost: 0.0219 Pre: 1.0000 Re: 1.0000 Acc: 1.0000 F1: 1.0000
Epoch 413: Time: 0.0145 Cost: 0.0216 Pre: 1.0000 Re: 1.0000 Acc: 1.0000 F1: 1.0000
Epoch 414: Time: 0.0150 Cost: 0.0214 Pre: 1.0000 Re: 1.0000 Acc: 1.0000 F1: 1.0000
Epoch 415: Time: 0.0146 Cost: 0.0212 Pre: 1.0000 Re: 1.0000 Acc: 1.0000 F1: 1.0000
Epoch 416: Time: 0.0147 Cost: 0.0210 Pre: 1.0000 Re: 1.0000 Acc: 1.0000 F1: 1.0000
Epoch 417: Time: 0.0147 Cost: 0.0207 Pre: 1.0000 Re: 1.0000 Acc: 1.0000 F1: 1.0000
Epoch 418: Time: 0.0144 Cost: 0.0205 Pre: 1.0000 Re: 1.0000 Acc: 1.0000 F1: 1.0000
Epoch 419: Time: 0.0147 Cost: 0.0203 Pre: 1.0000 Re: 1.0000 Acc: 1.0000 F1: 1.0000
Epoch 420: Time: 0.0144 Cost: 0.0201 Pre: 1.0000 Re: 1.0000 Acc: 1.0000 F1: 1.0000


--------------------------------------------------------------------
Eval results: Cost:0.0178 Pre:1.0000 Re:1.0000 Acc:1.0000 F1:1.0000
--------------------------------------------------------------------

Epoch 421: Time: 0.0150 Cost: 0.0199 Pre: 1.0000 Re: 1.0000 Acc: 1.0000 F1: 1.0000
Epoch 422: Time: 0.0154 Cost: 0.0197 Pre: 1.0000 Re: 1.0000 Acc: 1.0000 F1: 1.0000
Epoch 423: Time: 0.0149 Cost: 0.0195 Pre: 1.0000 Re: 1.0000 Acc: 1.0000 F1: 1.0000
Epoch 424: Time: 0.0147 Cost: 0.0193 Pre: 1.0000 Re: 1.0000 Acc: 1.0000 F1: 1.0000
Epoch 425: Time: 0.0144 Cost: 0.0191 Pre: 1.0000 Re: 1.0000 Acc: 1.0000 F1: 1.0000
Epoch 426: Time: 0.0147 Cost: 0.0189 Pre: 1.0000 Re: 1.0000 Acc: 1.0000 F1: 1.0000
Epoch 427: Time: 0.0144 Cost: 0.0187 Pre: 1.0000 Re: 1.0000 Acc: 1.0000 F1: 1.0000
Epoch 428: Time: 0.0146 Cost: 0.0186 Pre: 1.0000 Re: 1.0000 Acc: 1.0000 F1: 1.0000
Epoch 429: Time: 0.0148 Cost: 0.0184 Pre: 1.0000 Re: 1.0000 Acc: 1.0000 F1: 1.0000
Epoch 430: Time: 0.0144 Cost: 0.0182 Pre: 1.0000 Re: 1.0000 Acc: 1.0000 F1: 1.0000


--------------------------------------------------------------------
Eval results: Cost:0.0160 Pre:1.0000 Re:1.0000 Acc:1.0000 F1:1.0000
--------------------------------------------------------------------

Epoch 431: Time: 0.0147 Cost: 0.0180 Pre: 1.0000 Re: 1.0000 Acc: 1.0000 F1: 1.0000
Epoch 432: Time: 0.0152 Cost: 0.0179 Pre: 1.0000 Re: 1.0000 Acc: 1.0000 F1: 1.0000
Epoch 433: Time: 0.0149 Cost: 0.0177 Pre: 1.0000 Re: 1.0000 Acc: 1.0000 F1: 1.0000
Epoch 434: Time: 0.0150 Cost: 0.0175 Pre: 1.0000 Re: 1.0000 Acc: 1.0000 F1: 1.0000
Epoch 435: Time: 0.0145 Cost: 0.0174 Pre: 1.0000 Re: 1.0000 Acc: 1.0000 F1: 1.0000
Epoch 436: Time: 0.0146 Cost: 0.0172 Pre: 1.0000 Re: 1.0000 Acc: 1.0000 F1: 1.0000
Epoch 437: Time: 0.0145 Cost: 0.0171 Pre: 1.0000 Re: 1.0000 Acc: 1.0000 F1: 1.0000
Epoch 438: Time: 0.0151 Cost: 0.0169 Pre: 1.0000 Re: 1.0000 Acc: 1.0000 F1: 1.0000
Epoch 439: Time: 0.0146 Cost: 0.0168 Pre: 1.0000 Re: 1.0000 Acc: 1.0000 F1: 1.0000
Epoch 440: Time: 0.0145 Cost: 0.0166 Pre: 1.0000 Re: 1.0000 Acc: 1.0000 F1: 1.0000


--------------------------------------------------------------------
Eval results: Cost:0.0146 Pre:1.0000 Re:1.0000 Acc:1.0000 F1:1.0000
--------------------------------------------------------------------

Epoch 441: Time: 0.0145 Cost: 0.0165 Pre: 1.0000 Re: 1.0000 Acc: 1.0000 F1: 1.0000
Epoch 442: Time: 0.0147 Cost: 0.0163 Pre: 1.0000 Re: 1.0000 Acc: 1.0000 F1: 1.0000
Epoch 443: Time: 0.0147 Cost: 0.0162 Pre: 1.0000 Re: 1.0000 Acc: 1.0000 F1: 1.0000
Epoch 444: Time: 0.0144 Cost: 0.0160 Pre: 1.0000 Re: 1.0000 Acc: 1.0000 F1: 1.0000
Epoch 445: Time: 0.0147 Cost: 0.0159 Pre: 1.0000 Re: 1.0000 Acc: 1.0000 F1: 1.0000
Epoch 446: Time: 0.0148 Cost: 0.0158 Pre: 1.0000 Re: 1.0000 Acc: 1.0000 F1: 1.0000
Epoch 447: Time: 0.0145 Cost: 0.0156 Pre: 1.0000 Re: 1.0000 Acc: 1.0000 F1: 1.0000
Epoch 448: Time: 0.0147 Cost: 0.0155 Pre: 1.0000 Re: 1.0000 Acc: 1.0000 F1: 1.0000
Epoch 449: Time: 0.0143 Cost: 0.0154 Pre: 1.0000 Re: 1.0000 Acc: 1.0000 F1: 1.0000
Epoch 450: Time: 0.0148 Cost: 0.0152 Pre: 1.0000 Re: 1.0000 Acc: 1.0000 F1: 1.0000


--------------------------------------------------------------------
Eval results: Cost:0.0133 Pre:1.0000 Re:1.0000 Acc:1.0000 F1:1.0000
--------------------------------------------------------------------

Epoch 451: Time: 0.0144 Cost: 0.0151 Pre: 1.0000 Re: 1.0000 Acc: 1.0000 F1: 1.0000
Epoch 452: Time: 0.0147 Cost: 0.0150 Pre: 1.0000 Re: 1.0000 Acc: 1.0000 F1: 1.0000
Epoch 453: Time: 0.0156 Cost: 0.0149 Pre: 1.0000 Re: 1.0000 Acc: 1.0000 F1: 1.0000
Epoch 454: Time: 0.0155 Cost: 0.0148 Pre: 1.0000 Re: 1.0000 Acc: 1.0000 F1: 1.0000
Epoch 455: Time: 0.0154 Cost: 0.0146 Pre: 1.0000 Re: 1.0000 Acc: 1.0000 F1: 1.0000
Epoch 456: Time: 0.0144 Cost: 0.0145 Pre: 1.0000 Re: 1.0000 Acc: 1.0000 F1: 1.0000
Epoch 457: Time: 0.0153 Cost: 0.0144 Pre: 1.0000 Re: 1.0000 Acc: 1.0000 F1: 1.0000
Epoch 458: Time: 0.0147 Cost: 0.0143 Pre: 1.0000 Re: 1.0000 Acc: 1.0000 F1: 1.0000
Epoch 459: Time: 0.0151 Cost: 0.0142 Pre: 1.0000 Re: 1.0000 Acc: 1.0000 F1: 1.0000
Epoch 460: Time: 0.0152 Cost: 0.0141 Pre: 1.0000 Re: 1.0000 Acc: 1.0000 F1: 1.0000


--------------------------------------------------------------------
Eval results: Cost:0.0122 Pre:1.0000 Re:1.0000 Acc:1.0000 F1:1.0000
--------------------------------------------------------------------

Epoch 461: Time: 0.0148 Cost: 0.0140 Pre: 1.0000 Re: 1.0000 Acc: 1.0000 F1: 1.0000
Epoch 462: Time: 0.0151 Cost: 0.0139 Pre: 1.0000 Re: 1.0000 Acc: 1.0000 F1: 1.0000
Epoch 463: Time: 0.0146 Cost: 0.0137 Pre: 1.0000 Re: 1.0000 Acc: 1.0000 F1: 1.0000
Epoch 464: Time: 0.0145 Cost: 0.0136 Pre: 1.0000 Re: 1.0000 Acc: 1.0000 F1: 1.0000
Epoch 465: Time: 0.0145 Cost: 0.0135 Pre: 1.0000 Re: 1.0000 Acc: 1.0000 F1: 1.0000
Epoch 466: Time: 0.0144 Cost: 0.0134 Pre: 1.0000 Re: 1.0000 Acc: 1.0000 F1: 1.0000
Epoch 467: Time: 0.0147 Cost: 0.0133 Pre: 1.0000 Re: 1.0000 Acc: 1.0000 F1: 1.0000
Epoch 468: Time: 0.0145 Cost: 0.0132 Pre: 1.0000 Re: 1.0000 Acc: 1.0000 F1: 1.0000
Epoch 469: Time: 0.0144 Cost: 0.0131 Pre: 1.0000 Re: 1.0000 Acc: 1.0000 F1: 1.0000
Epoch 470: Time: 0.0147 Cost: 0.0131 Pre: 1.0000 Re: 1.0000 Acc: 1.0000 F1: 1.0000


--------------------------------------------------------------------
Eval results: Cost:0.0113 Pre:1.0000 Re:1.0000 Acc:1.0000 F1:1.0000
--------------------------------------------------------------------

Epoch 471: Time: 0.0148 Cost: 0.0130 Pre: 1.0000 Re: 1.0000 Acc: 1.0000 F1: 1.0000
Epoch 472: Time: 0.0146 Cost: 0.0129 Pre: 1.0000 Re: 1.0000 Acc: 1.0000 F1: 1.0000
Epoch 473: Time: 0.0146 Cost: 0.0128 Pre: 1.0000 Re: 1.0000 Acc: 1.0000 F1: 1.0000
Epoch 474: Time: 0.0148 Cost: 0.0127 Pre: 1.0000 Re: 1.0000 Acc: 1.0000 F1: 1.0000
Epoch 475: Time: 0.0146 Cost: 0.0126 Pre: 1.0000 Re: 1.0000 Acc: 1.0000 F1: 1.0000
Epoch 476: Time: 0.0145 Cost: 0.0125 Pre: 1.0000 Re: 1.0000 Acc: 1.0000 F1: 1.0000
Epoch 477: Time: 0.0149 Cost: 0.0124 Pre: 1.0000 Re: 1.0000 Acc: 1.0000 F1: 1.0000
Epoch 478: Time: 0.0144 Cost: 0.0123 Pre: 1.0000 Re: 1.0000 Acc: 1.0000 F1: 1.0000
Epoch 479: Time: 0.0160 Cost: 0.0122 Pre: 1.0000 Re: 1.0000 Acc: 1.0000 F1: 1.0000
Epoch 480: Time: 0.0147 Cost: 0.0122 Pre: 1.0000 Re: 1.0000 Acc: 1.0000 F1: 1.0000


--------------------------------------------------------------------
Eval results: Cost:0.0105 Pre:1.0000 Re:1.0000 Acc:1.0000 F1:1.0000
--------------------------------------------------------------------

Epoch 481: Time: 0.0149 Cost: 0.0121 Pre: 1.0000 Re: 1.0000 Acc: 1.0000 F1: 1.0000
Epoch 482: Time: 0.0146 Cost: 0.0120 Pre: 1.0000 Re: 1.0000 Acc: 1.0000 F1: 1.0000
Epoch 483: Time: 0.0144 Cost: 0.0119 Pre: 1.0000 Re: 1.0000 Acc: 1.0000 F1: 1.0000
Epoch 484: Time: 0.0151 Cost: 0.0118 Pre: 1.0000 Re: 1.0000 Acc: 1.0000 F1: 1.0000
Epoch 485: Time: 0.0143 Cost: 0.0118 Pre: 1.0000 Re: 1.0000 Acc: 1.0000 F1: 1.0000
Epoch 486: Time: 0.0147 Cost: 0.0117 Pre: 1.0000 Re: 1.0000 Acc: 1.0000 F1: 1.0000
Epoch 487: Time: 0.0146 Cost: 0.0116 Pre: 1.0000 Re: 1.0000 Acc: 1.0000 F1: 1.0000
Epoch 488: Time: 0.0144 Cost: 0.0115 Pre: 1.0000 Re: 1.0000 Acc: 1.0000 F1: 1.0000
Epoch 489: Time: 0.0148 Cost: 0.0115 Pre: 1.0000 Re: 1.0000 Acc: 1.0000 F1: 1.0000
Epoch 490: Time: 0.0150 Cost: 0.0114 Pre: 1.0000 Re: 1.0000 Acc: 1.0000 F1: 1.0000


--------------------------------------------------------------------
Eval results: Cost:0.0098 Pre:1.0000 Re:1.0000 Acc:1.0000 F1:1.0000
--------------------------------------------------------------------

Epoch 491: Time: 0.0149 Cost: 0.0113 Pre: 1.0000 Re: 1.0000 Acc: 1.0000 F1: 1.0000
Epoch 492: Time: 0.0144 Cost: 0.0112 Pre: 1.0000 Re: 1.0000 Acc: 1.0000 F1: 1.0000
Epoch 493: Time: 0.0154 Cost: 0.0112 Pre: 1.0000 Re: 1.0000 Acc: 1.0000 F1: 1.0000
Epoch 494: Time: 0.0150 Cost: 0.0111 Pre: 1.0000 Re: 1.0000 Acc: 1.0000 F1: 1.0000
Epoch 495: Time: 0.0145 Cost: 0.0110 Pre: 1.0000 Re: 1.0000 Acc: 1.0000 F1: 1.0000
Epoch 496: Time: 0.0147 Cost: 0.0110 Pre: 1.0000 Re: 1.0000 Acc: 1.0000 F1: 1.0000
Epoch 497: Time: 0.0146 Cost: 0.0109 Pre: 1.0000 Re: 1.0000 Acc: 1.0000 F1: 1.0000
Epoch 498: Time: 0.0146 Cost: 0.0108 Pre: 1.0000 Re: 1.0000 Acc: 1.0000 F1: 1.0000
Epoch 499: Time: 0.0147 Cost: 0.0108 Pre: 1.0000 Re: 1.0000 Acc: 1.0000 F1: 1.0000
Epoch 500: Time: 0.0144 Cost: 0.0107 Pre: 1.0000 Re: 1.0000 Acc: 1.0000 F1: 1.0000


--------------------------------------------------------------------
Eval results: Cost:0.0091 Pre:1.0000 Re:1.0000 Acc:1.0000 F1:1.0000
--------------------------------------------------------------------

Epoch 501: Time: 0.0156 Cost: 0.0106 Pre: 1.0000 Re: 1.0000 Acc: 1.0000 F1: 1.0000
Epoch 502: Time: 0.0159 Cost: 0.0106 Pre: 1.0000 Re: 1.0000 Acc: 1.0000 F1: 1.0000
Epoch 503: Time: 0.0151 Cost: 0.0105 Pre: 1.0000 Re: 1.0000 Acc: 1.0000 F1: 1.0000
Epoch 504: Time: 0.0146 Cost: 0.0104 Pre: 1.0000 Re: 1.0000 Acc: 1.0000 F1: 1.0000
Epoch 505: Time: 0.0144 Cost: 0.0104 Pre: 1.0000 Re: 1.0000 Acc: 1.0000 F1: 1.0000
Epoch 506: Time: 0.0147 Cost: 0.0103 Pre: 1.0000 Re: 1.0000 Acc: 1.0000 F1: 1.0000
Epoch 507: Time: 0.0147 Cost: 0.0103 Pre: 1.0000 Re: 1.0000 Acc: 1.0000 F1: 1.0000
Epoch 508: Time: 0.0221 Cost: 0.0102 Pre: 1.0000 Re: 1.0000 Acc: 1.0000 F1: 1.0000
Epoch 509: Time: 0.0168 Cost: 0.0101 Pre: 1.0000 Re: 1.0000 Acc: 1.0000 F1: 1.0000
Epoch 510: Time: 0.0149 Cost: 0.0101 Pre: 1.0000 Re: 1.0000 Acc: 1.0000 F1: 1.0000


--------------------------------------------------------------------
Eval results: Cost:0.0086 Pre:1.0000 Re:1.0000 Acc:1.0000 F1:1.0000
--------------------------------------------------------------------

Epoch 511: Time: 0.0149 Cost: 0.0100 Pre: 1.0000 Re: 1.0000 Acc: 1.0000 F1: 1.0000
Epoch 512: Time: 0.0152 Cost: 0.0100 Pre: 1.0000 Re: 1.0000 Acc: 1.0000 F1: 1.0000
Epoch 513: Time: 0.0148 Cost: 0.0099 Pre: 1.0000 Re: 1.0000 Acc: 1.0000 F1: 1.0000
Epoch 514: Time: 0.0155 Cost: 0.0098 Pre: 1.0000 Re: 1.0000 Acc: 1.0000 F1: 1.0000
Epoch 515: Time: 0.0156 Cost: 0.0098 Pre: 1.0000 Re: 1.0000 Acc: 1.0000 F1: 1.0000
Epoch 516: Time: 0.0160 Cost: 0.0097 Pre: 1.0000 Re: 1.0000 Acc: 1.0000 F1: 1.0000
Epoch 517: Time: 0.0158 Cost: 0.0097 Pre: 1.0000 Re: 1.0000 Acc: 1.0000 F1: 1.0000
Epoch 518: Time: 0.0148 Cost: 0.0096 Pre: 1.0000 Re: 1.0000 Acc: 1.0000 F1: 1.0000
Epoch 519: Time: 0.0147 Cost: 0.0096 Pre: 1.0000 Re: 1.0000 Acc: 1.0000 F1: 1.0000
Epoch 520: Time: 0.0156 Cost: 0.0095 Pre: 1.0000 Re: 1.0000 Acc: 1.0000 F1: 1.0000


--------------------------------------------------------------------
Eval results: Cost:0.0081 Pre:1.0000 Re:1.0000 Acc:1.0000 F1:1.0000
--------------------------------------------------------------------

Epoch 521: Time: 0.0150 Cost: 0.0095 Pre: 1.0000 Re: 1.0000 Acc: 1.0000 F1: 1.0000
Epoch 522: Time: 0.0155 Cost: 0.0094 Pre: 1.0000 Re: 1.0000 Acc: 1.0000 F1: 1.0000
Epoch 523: Time: 0.0144 Cost: 0.0094 Pre: 1.0000 Re: 1.0000 Acc: 1.0000 F1: 1.0000
Epoch 524: Time: 0.0148 Cost: 0.0093 Pre: 1.0000 Re: 1.0000 Acc: 1.0000 F1: 1.0000
Epoch 525: Time: 0.0149 Cost: 0.0093 Pre: 1.0000 Re: 1.0000 Acc: 1.0000 F1: 1.0000
Epoch 526: Time: 0.0146 Cost: 0.0092 Pre: 1.0000 Re: 1.0000 Acc: 1.0000 F1: 1.0000
Epoch 527: Time: 0.0147 Cost: 0.0092 Pre: 1.0000 Re: 1.0000 Acc: 1.0000 F1: 1.0000
Epoch 528: Time: 0.0145 Cost: 0.0091 Pre: 1.0000 Re: 1.0000 Acc: 1.0000 F1: 1.0000
Epoch 529: Time: 0.0150 Cost: 0.0091 Pre: 1.0000 Re: 1.0000 Acc: 1.0000 F1: 1.0000
Epoch 530: Time: 0.0150 Cost: 0.0090 Pre: 1.0000 Re: 1.0000 Acc: 1.0000 F1: 1.0000


--------------------------------------------------------------------
Eval results: Cost:0.0077 Pre:1.0000 Re:1.0000 Acc:1.0000 F1:1.0000
--------------------------------------------------------------------

Early stopping...
--------------------------------------------------------------------
--------------------------------------------------------------------
Test 458 samples take time: 0.0541
Test results: Cost:0.0041 Pre:1.0000 Re:1.0000 Acc:1.0000 F1:1.0000
--------------------------------------------------------------------

