16768
16562
16206
16632
16380
16425
Load data
RNN type: O2 Grammar: g2 Seed: 6
Model total parameters: 5000
Saving hinit ... 

Epoch 0: Time: 0.2844 Cost: 31.5869 Pre: 0.0265 Re: 1.0000 Acc: 0.2203 F1: 0.0515


--------------------------------------------------------------------
Eval results: Cost:29.7278 Pre:0.0000 Re:0.0000 Acc:0.5250 F1:0.0000
--------------------------------------------------------------------

Epoch 1: Time: 0.1056 Cost: 28.8355 Pre: 0.0000 Re: 0.0000 Acc: 0.5085 F1: 0.0000
Epoch 2: Time: 0.0998 Cost: 25.2532 Pre: 0.0000 Re: 0.0000 Acc: 0.5085 F1: 0.0000
Epoch 3: Time: 0.1027 Cost: 21.5333 Pre: 0.0000 Re: 0.0000 Acc: 0.6356 F1: 0.0000
Epoch 4: Time: 0.0986 Cost: 18.0148 Pre: 0.0000 Re: 0.0000 Acc: 0.9746 F1: 0.0000
Epoch 5: Time: 0.1510 Cost: 14.8761 Pre: 0.0000 Re: 0.0000 Acc: 0.9746 F1: 0.0000
Epoch 6: Time: 0.1582 Cost: 12.1960 Pre: 0.0000 Re: 0.0000 Acc: 0.9746 F1: 0.0000
Epoch 7: Time: 0.1222 Cost: 9.9902 Pre: 0.0000 Re: 0.0000 Acc: 0.9746 F1: 0.0000
Epoch 8: Time: 0.1143 Cost: 8.2334 Pre: 0.0000 Re: 0.0000 Acc: 0.9746 F1: 0.0000
Epoch 9: Time: 0.1039 Cost: 6.8747 Pre: 0.0000 Re: 0.0000 Acc: 0.9746 F1: 0.0000
Epoch 10: Time: 0.1008 Cost: 5.8495 Pre: 0.0000 Re: 0.0000 Acc: 0.9746 F1: 0.0000


--------------------------------------------------------------------
Eval results: Cost:4.2967 Pre:0.0000 Re:0.0000 Acc:0.9812 F1:0.0000
--------------------------------------------------------------------

Epoch 11: Time: 0.1164 Cost: 5.0896 Pre: 0.0000 Re: 0.0000 Acc: 0.9746 F1: 0.0000
Epoch 12: Time: 0.1399 Cost: 4.5306 Pre: 0.0000 Re: 0.0000 Acc: 0.9788 F1: 0.0000
Epoch 13: Time: 0.1114 Cost: 4.1209 Pre: 0.0000 Re: 0.0000 Acc: 0.9788 F1: 0.0000
Epoch 14: Time: 0.1041 Cost: 3.8199 Pre: 0.0000 Re: 0.0000 Acc: 0.9788 F1: 0.0000
Epoch 15: Time: 0.1057 Cost: 3.5967 Pre: 0.0000 Re: 0.0000 Acc: 0.9788 F1: 0.0000
Epoch 16: Time: 0.0962 Cost: 3.4289 Pre: 0.0000 Re: 0.0000 Acc: 0.9788 F1: 0.0000
Epoch 17: Time: 0.1021 Cost: 3.3007 Pre: 0.0000 Re: 0.0000 Acc: 0.9788 F1: 0.0000
Epoch 18: Time: 0.0917 Cost: 3.2008 Pre: 0.0000 Re: 0.0000 Acc: 0.9788 F1: 0.0000
Epoch 19: Time: 0.0987 Cost: 3.1214 Pre: 0.0000 Re: 0.0000 Acc: 0.9788 F1: 0.0000
Epoch 20: Time: 0.0916 Cost: 3.0572 Pre: 0.0000 Re: 0.0000 Acc: 0.9788 F1: 0.0000


--------------------------------------------------------------------
Eval results: Cost:1.7252 Pre:0.0000 Re:0.0000 Acc:0.9875 F1:0.0000
--------------------------------------------------------------------

Epoch 21: Time: 0.0930 Cost: 3.0041 Pre: 0.0000 Re: 0.0000 Acc: 0.9788 F1: 0.0000
Epoch 22: Time: 0.0989 Cost: 2.9591 Pre: 0.0000 Re: 0.0000 Acc: 0.9788 F1: 0.0000
Epoch 23: Time: 0.0890 Cost: 2.9205 Pre: 0.0000 Re: 0.0000 Acc: 0.9788 F1: 0.0000
Epoch 24: Time: 0.0936 Cost: 2.8868 Pre: 0.0000 Re: 0.0000 Acc: 0.9788 F1: 0.0000
Epoch 25: Time: 0.0949 Cost: 2.8570 Pre: 0.0000 Re: 0.0000 Acc: 0.9788 F1: 0.0000
Epoch 26: Time: 0.0914 Cost: 2.8304 Pre: 0.0000 Re: 0.0000 Acc: 0.9788 F1: 0.0000
Epoch 27: Time: 0.0947 Cost: 2.8064 Pre: 0.0000 Re: 0.0000 Acc: 0.9788 F1: 0.0000
Epoch 28: Time: 0.0890 Cost: 2.7845 Pre: 0.0000 Re: 0.0000 Acc: 0.9788 F1: 0.0000
Epoch 29: Time: 0.0939 Cost: 2.7645 Pre: 0.0000 Re: 0.0000 Acc: 0.9788 F1: 0.0000
Epoch 30: Time: 0.0890 Cost: 2.7460 Pre: 0.0000 Re: 0.0000 Acc: 0.9788 F1: 0.0000


--------------------------------------------------------------------
Eval results: Cost:1.3746 Pre:0.0000 Re:0.0000 Acc:0.9875 F1:0.0000
--------------------------------------------------------------------

Epoch 31: Time: 0.0990 Cost: 2.7288 Pre: 0.0000 Re: 0.0000 Acc: 0.9788 F1: 0.0000
Epoch 32: Time: 0.0999 Cost: 2.7127 Pre: 0.0000 Re: 0.0000 Acc: 0.9788 F1: 0.0000
Epoch 33: Time: 0.1019 Cost: 2.6975 Pre: 0.0000 Re: 0.0000 Acc: 0.9788 F1: 0.0000
Epoch 34: Time: 0.0995 Cost: 2.6833 Pre: 0.0000 Re: 0.0000 Acc: 0.9788 F1: 0.0000
Epoch 35: Time: 0.0870 Cost: 2.6698 Pre: 0.0000 Re: 0.0000 Acc: 0.9788 F1: 0.0000
Epoch 36: Time: 0.0956 Cost: 2.6571 Pre: 0.0000 Re: 0.0000 Acc: 0.9788 F1: 0.0000
Epoch 37: Time: 0.0898 Cost: 2.6452 Pre: 0.0000 Re: 0.0000 Acc: 0.9788 F1: 0.0000
Epoch 38: Time: 0.0931 Cost: 2.6339 Pre: 0.0000 Re: 0.0000 Acc: 0.9788 F1: 0.0000
Epoch 39: Time: 0.0924 Cost: 2.6233 Pre: 0.0000 Re: 0.0000 Acc: 0.9788 F1: 0.0000
Epoch 40: Time: 0.1070 Cost: 2.6132 Pre: 0.0000 Re: 0.0000 Acc: 0.9788 F1: 0.0000


--------------------------------------------------------------------
Eval results: Cost:1.2169 Pre:0.0000 Re:0.0000 Acc:0.9875 F1:0.0000
--------------------------------------------------------------------

Epoch 41: Time: 0.1376 Cost: 2.6037 Pre: 0.0000 Re: 0.0000 Acc: 0.9788 F1: 0.0000
Epoch 42: Time: 0.1147 Cost: 2.5946 Pre: 0.0000 Re: 0.0000 Acc: 0.9788 F1: 0.0000
Epoch 43: Time: 0.1149 Cost: 2.5859 Pre: 0.0000 Re: 0.0000 Acc: 0.9788 F1: 0.0000
Epoch 44: Time: 0.1112 Cost: 2.5776 Pre: 0.0000 Re: 0.0000 Acc: 0.9788 F1: 0.0000
Epoch 45: Time: 0.1043 Cost: 2.5697 Pre: 0.0000 Re: 0.0000 Acc: 0.9788 F1: 0.0000
Epoch 46: Time: 0.0995 Cost: 2.5622 Pre: 0.0000 Re: 0.0000 Acc: 0.9788 F1: 0.0000
Epoch 47: Time: 0.0934 Cost: 2.5551 Pre: 0.0000 Re: 0.0000 Acc: 0.9788 F1: 0.0000
Epoch 48: Time: 0.0949 Cost: 2.5482 Pre: 0.0000 Re: 0.0000 Acc: 0.9788 F1: 0.0000
Epoch 49: Time: 0.0943 Cost: 2.5417 Pre: 0.0000 Re: 0.0000 Acc: 0.9788 F1: 0.0000
Epoch 50: Time: 0.1032 Cost: 2.5355 Pre: 0.0000 Re: 0.0000 Acc: 0.9788 F1: 0.0000


--------------------------------------------------------------------
Eval results: Cost:1.1339 Pre:0.0000 Re:0.0000 Acc:0.9875 F1:0.0000
--------------------------------------------------------------------

Epoch 51: Time: 0.0974 Cost: 2.5295 Pre: 0.0000 Re: 0.0000 Acc: 0.9788 F1: 0.0000
Epoch 52: Time: 0.0897 Cost: 2.5238 Pre: 0.0000 Re: 0.0000 Acc: 0.9788 F1: 0.0000
Epoch 53: Time: 0.0941 Cost: 2.5182 Pre: 0.0000 Re: 0.0000 Acc: 0.9788 F1: 0.0000
Epoch 54: Time: 0.0924 Cost: 2.5129 Pre: 0.0000 Re: 0.0000 Acc: 0.9788 F1: 0.0000
Epoch 55: Time: 0.1047 Cost: 2.5077 Pre: 0.0000 Re: 0.0000 Acc: 0.9788 F1: 0.0000
Epoch 56: Time: 0.0987 Cost: 2.5027 Pre: 0.0000 Re: 0.0000 Acc: 0.9788 F1: 0.0000
Epoch 57: Time: 0.0972 Cost: 2.4979 Pre: 0.0000 Re: 0.0000 Acc: 0.9788 F1: 0.0000
Epoch 58: Time: 0.0972 Cost: 2.4932 Pre: 0.0000 Re: 0.0000 Acc: 0.9788 F1: 0.0000
Epoch 59: Time: 0.1118 Cost: 2.4887 Pre: 0.0000 Re: 0.0000 Acc: 0.9788 F1: 0.0000
Epoch 60: Time: 0.0973 Cost: 2.4844 Pre: 0.0000 Re: 0.0000 Acc: 0.9788 F1: 0.0000


--------------------------------------------------------------------
Eval results: Cost:1.0980 Pre:0.0000 Re:0.0000 Acc:0.9875 F1:0.0000
--------------------------------------------------------------------

Epoch 61: Time: 0.0937 Cost: 2.4802 Pre: 0.0000 Re: 0.0000 Acc: 0.9788 F1: 0.0000
Epoch 62: Time: 0.0949 Cost: 2.4760 Pre: 0.0000 Re: 0.0000 Acc: 0.9788 F1: 0.0000
Epoch 63: Time: 0.0965 Cost: 2.4720 Pre: 0.0000 Re: 0.0000 Acc: 0.9788 F1: 0.0000
Epoch 64: Time: 0.0991 Cost: 2.4681 Pre: 0.0000 Re: 0.0000 Acc: 0.9788 F1: 0.0000
Epoch 65: Time: 0.0916 Cost: 2.4643 Pre: 0.0000 Re: 0.0000 Acc: 0.9788 F1: 0.0000
Epoch 66: Time: 0.0960 Cost: 2.4605 Pre: 0.0000 Re: 0.0000 Acc: 0.9788 F1: 0.0000
Epoch 67: Time: 0.0943 Cost: 2.4569 Pre: 0.0000 Re: 0.0000 Acc: 0.9788 F1: 0.0000
Epoch 68: Time: 0.1110 Cost: 2.4533 Pre: 0.0000 Re: 0.0000 Acc: 0.9788 F1: 0.0000
Epoch 69: Time: 0.0913 Cost: 2.4499 Pre: 0.0000 Re: 0.0000 Acc: 0.9788 F1: 0.0000
Epoch 70: Time: 0.0992 Cost: 2.4465 Pre: 0.0000 Re: 0.0000 Acc: 0.9788 F1: 0.0000


--------------------------------------------------------------------
Eval results: Cost:1.0857 Pre:0.0000 Re:0.0000 Acc:0.9875 F1:0.0000
--------------------------------------------------------------------

Epoch 71: Time: 0.0953 Cost: 2.4431 Pre: 0.0000 Re: 0.0000 Acc: 0.9788 F1: 0.0000
Epoch 72: Time: 0.0973 Cost: 2.4399 Pre: 0.0000 Re: 0.0000 Acc: 0.9788 F1: 0.0000
Epoch 73: Time: 0.0928 Cost: 2.4367 Pre: 0.0000 Re: 0.0000 Acc: 0.9788 F1: 0.0000
Epoch 74: Time: 0.0927 Cost: 2.4336 Pre: 0.0000 Re: 0.0000 Acc: 0.9788 F1: 0.0000
Epoch 75: Time: 0.0980 Cost: 2.4306 Pre: 0.0000 Re: 0.0000 Acc: 0.9788 F1: 0.0000
Epoch 76: Time: 0.0939 Cost: 2.4276 Pre: 0.0000 Re: 0.0000 Acc: 0.9788 F1: 0.0000
Epoch 77: Time: 0.1065 Cost: 2.4246 Pre: 0.0000 Re: 0.0000 Acc: 0.9788 F1: 0.0000
Epoch 78: Time: 0.0981 Cost: 2.4218 Pre: 0.0000 Re: 0.0000 Acc: 0.9788 F1: 0.0000
Epoch 79: Time: 0.0985 Cost: 2.4189 Pre: 0.0000 Re: 0.0000 Acc: 0.9788 F1: 0.0000
Epoch 80: Time: 0.0962 Cost: 2.4162 Pre: 0.0000 Re: 0.0000 Acc: 0.9788 F1: 0.0000


--------------------------------------------------------------------
Eval results: Cost:1.0847 Pre:0.0000 Re:0.0000 Acc:0.9875 F1:0.0000
--------------------------------------------------------------------

Epoch 81: Time: 0.0980 Cost: 2.4134 Pre: 0.0000 Re: 0.0000 Acc: 0.9788 F1: 0.0000
Epoch 82: Time: 0.0941 Cost: 2.4107 Pre: 0.0000 Re: 0.0000 Acc: 0.9788 F1: 0.0000
Epoch 83: Time: 0.0988 Cost: 2.4081 Pre: 0.0000 Re: 0.0000 Acc: 0.9788 F1: 0.0000
Epoch 84: Time: 0.0960 Cost: 2.4055 Pre: 0.0000 Re: 0.0000 Acc: 0.9788 F1: 0.0000
Epoch 85: Time: 0.0964 Cost: 2.4030 Pre: 0.0000 Re: 0.0000 Acc: 0.9788 F1: 0.0000
Epoch 86: Time: 0.1193 Cost: 2.4005 Pre: 0.0000 Re: 0.0000 Acc: 0.9788 F1: 0.0000
Epoch 87: Time: 0.1248 Cost: 2.3980 Pre: 0.0000 Re: 0.0000 Acc: 0.9788 F1: 0.0000
Epoch 88: Time: 0.1053 Cost: 2.3956 Pre: 0.0000 Re: 0.0000 Acc: 0.9788 F1: 0.0000
Epoch 89: Time: 0.1126 Cost: 2.3931 Pre: 0.0000 Re: 0.0000 Acc: 0.9788 F1: 0.0000
Epoch 90: Time: 0.1118 Cost: 2.3908 Pre: 0.0000 Re: 0.0000 Acc: 0.9788 F1: 0.0000


--------------------------------------------------------------------
Eval results: Cost:1.0891 Pre:0.0000 Re:0.0000 Acc:0.9875 F1:0.0000
--------------------------------------------------------------------

Epoch 91: Time: 0.1235 Cost: 2.3884 Pre: 0.0000 Re: 0.0000 Acc: 0.9788 F1: 0.0000
Epoch 92: Time: 0.1152 Cost: 2.3860 Pre: 0.0000 Re: 0.0000 Acc: 0.9788 F1: 0.0000
Epoch 93: Time: 0.1132 Cost: 2.3837 Pre: 0.0000 Re: 0.0000 Acc: 0.9788 F1: 0.0000
Epoch 94: Time: 0.1331 Cost: 2.3814 Pre: 0.0000 Re: 0.0000 Acc: 0.9788 F1: 0.0000
Epoch 95: Time: 0.1007 Cost: 2.3792 Pre: 0.0000 Re: 0.0000 Acc: 0.9788 F1: 0.0000
Epoch 96: Time: 0.1071 Cost: 2.3769 Pre: 0.0000 Re: 0.0000 Acc: 0.9788 F1: 0.0000
Epoch 97: Time: 0.0980 Cost: 2.3747 Pre: 0.0000 Re: 0.0000 Acc: 0.9788 F1: 0.0000
Epoch 98: Time: 0.1027 Cost: 2.3724 Pre: 0.0000 Re: 0.0000 Acc: 0.9788 F1: 0.0000
Epoch 99: Time: 0.1055 Cost: 2.3702 Pre: 0.0000 Re: 0.0000 Acc: 0.9788 F1: 0.0000
Epoch 100: Time: 0.1030 Cost: 2.3680 Pre: 0.0000 Re: 0.0000 Acc: 0.9788 F1: 0.0000


--------------------------------------------------------------------
Eval results: Cost:1.0946 Pre:0.0000 Re:0.0000 Acc:0.9875 F1:0.0000
--------------------------------------------------------------------

Epoch 101: Time: 0.1056 Cost: 2.3657 Pre: 0.0000 Re: 0.0000 Acc: 0.9788 F1: 0.0000
Epoch 102: Time: 0.1172 Cost: 2.3635 Pre: 0.0000 Re: 0.0000 Acc: 0.9788 F1: 0.0000
Epoch 103: Time: 0.1025 Cost: 2.3613 Pre: 0.0000 Re: 0.0000 Acc: 0.9788 F1: 0.0000
Epoch 104: Time: 0.1036 Cost: 2.3591 Pre: 0.0000 Re: 0.0000 Acc: 0.9788 F1: 0.0000
Epoch 105: Time: 0.0995 Cost: 2.3569 Pre: 0.0000 Re: 0.0000 Acc: 0.9788 F1: 0.0000
Epoch 106: Time: 0.0942 Cost: 2.3547 Pre: 0.0000 Re: 0.0000 Acc: 0.9788 F1: 0.0000
Epoch 107: Time: 0.0976 Cost: 2.3525 Pre: 0.0000 Re: 0.0000 Acc: 0.9788 F1: 0.0000
Epoch 108: Time: 0.1010 Cost: 2.3503 Pre: 0.0000 Re: 0.0000 Acc: 0.9788 F1: 0.0000
Epoch 109: Time: 0.0938 Cost: 2.3481 Pre: 0.0000 Re: 0.0000 Acc: 0.9788 F1: 0.0000
Epoch 110: Time: 0.0994 Cost: 2.3459 Pre: 0.0000 Re: 0.0000 Acc: 0.9788 F1: 0.0000


--------------------------------------------------------------------
Eval results: Cost:1.1003 Pre:0.0000 Re:0.0000 Acc:0.9875 F1:0.0000
--------------------------------------------------------------------

Epoch 111: Time: 0.1093 Cost: 2.3437 Pre: 0.0000 Re: 0.0000 Acc: 0.9788 F1: 0.0000
Epoch 112: Time: 0.0975 Cost: 2.3415 Pre: 0.0000 Re: 0.0000 Acc: 0.9788 F1: 0.0000
Epoch 113: Time: 0.1018 Cost: 2.3393 Pre: 0.0000 Re: 0.0000 Acc: 0.9788 F1: 0.0000
Epoch 114: Time: 0.1022 Cost: 2.3371 Pre: 0.0000 Re: 0.0000 Acc: 0.9788 F1: 0.0000
Epoch 115: Time: 0.1028 Cost: 2.3348 Pre: 0.0000 Re: 0.0000 Acc: 0.9788 F1: 0.0000
Epoch 116: Time: 0.0991 Cost: 2.3326 Pre: 0.0000 Re: 0.0000 Acc: 0.9788 F1: 0.0000
Epoch 117: Time: 0.0975 Cost: 2.3304 Pre: 0.0000 Re: 0.0000 Acc: 0.9788 F1: 0.0000
Epoch 118: Time: 0.0971 Cost: 2.3281 Pre: 0.0000 Re: 0.0000 Acc: 0.9788 F1: 0.0000
Epoch 119: Time: 0.1021 Cost: 2.3259 Pre: 0.0000 Re: 0.0000 Acc: 0.9788 F1: 0.0000
Epoch 120: Time: 0.0958 Cost: 2.3236 Pre: 0.0000 Re: 0.0000 Acc: 0.9788 F1: 0.0000


--------------------------------------------------------------------
Eval results: Cost:1.1062 Pre:0.0000 Re:0.0000 Acc:0.9875 F1:0.0000
--------------------------------------------------------------------

Epoch 121: Time: 0.0970 Cost: 2.3213 Pre: 0.0000 Re: 0.0000 Acc: 0.9788 F1: 0.0000
Epoch 122: Time: 0.1019 Cost: 2.3190 Pre: 0.0000 Re: 0.0000 Acc: 0.9788 F1: 0.0000
Epoch 123: Time: 0.1021 Cost: 2.3167 Pre: 0.0000 Re: 0.0000 Acc: 0.9788 F1: 0.0000
Epoch 124: Time: 0.1012 Cost: 2.3143 Pre: 0.0000 Re: 0.0000 Acc: 0.9788 F1: 0.0000
Epoch 125: Time: 0.0955 Cost: 2.3120 Pre: 0.0000 Re: 0.0000 Acc: 0.9788 F1: 0.0000
Epoch 126: Time: 0.1036 Cost: 2.3097 Pre: 0.0000 Re: 0.0000 Acc: 0.9788 F1: 0.0000
Epoch 127: Time: 0.1209 Cost: 2.3073 Pre: 0.0000 Re: 0.0000 Acc: 0.9788 F1: 0.0000
Epoch 128: Time: 0.1213 Cost: 2.3049 Pre: 0.0000 Re: 0.0000 Acc: 0.9788 F1: 0.0000
Epoch 129: Time: 0.1252 Cost: 2.3025 Pre: 0.0000 Re: 0.0000 Acc: 0.9788 F1: 0.0000
Epoch 130: Time: 0.1094 Cost: 2.3001 Pre: 0.0000 Re: 0.0000 Acc: 0.9788 F1: 0.0000


--------------------------------------------------------------------
Eval results: Cost:1.1126 Pre:0.0000 Re:0.0000 Acc:0.9875 F1:0.0000
--------------------------------------------------------------------

Epoch 131: Time: 0.1162 Cost: 2.2976 Pre: 0.0000 Re: 0.0000 Acc: 0.9788 F1: 0.0000
Epoch 132: Time: 0.1021 Cost: 2.2952 Pre: 0.0000 Re: 0.0000 Acc: 0.9788 F1: 0.0000
Epoch 133: Time: 0.1147 Cost: 2.2927 Pre: 0.0000 Re: 0.0000 Acc: 0.9788 F1: 0.0000
Epoch 134: Time: 0.1163 Cost: 2.2902 Pre: 0.0000 Re: 0.0000 Acc: 0.9788 F1: 0.0000
Epoch 135: Time: 0.1161 Cost: 2.2877 Pre: 0.0000 Re: 0.0000 Acc: 0.9788 F1: 0.0000
Epoch 136: Time: 0.1122 Cost: 2.2851 Pre: 0.0000 Re: 0.0000 Acc: 0.9788 F1: 0.0000
Epoch 137: Time: 0.1175 Cost: 2.2825 Pre: 0.0000 Re: 0.0000 Acc: 0.9788 F1: 0.0000
Epoch 138: Time: 0.1065 Cost: 2.2799 Pre: 0.0000 Re: 0.0000 Acc: 0.9788 F1: 0.0000
Epoch 139: Time: 0.1071 Cost: 2.2773 Pre: 0.0000 Re: 0.0000 Acc: 0.9788 F1: 0.0000
Epoch 140: Time: 0.1037 Cost: 2.2746 Pre: 0.0000 Re: 0.0000 Acc: 0.9788 F1: 0.0000


--------------------------------------------------------------------
Eval results: Cost:1.1198 Pre:0.0000 Re:0.0000 Acc:0.9875 F1:0.0000
--------------------------------------------------------------------

Epoch 141: Time: 0.1068 Cost: 2.2719 Pre: 0.0000 Re: 0.0000 Acc: 0.9788 F1: 0.0000
Epoch 142: Time: 0.1121 Cost: 2.2691 Pre: 0.0000 Re: 0.0000 Acc: 0.9788 F1: 0.0000
Epoch 143: Time: 0.0976 Cost: 2.2664 Pre: 0.0000 Re: 0.0000 Acc: 0.9788 F1: 0.0000
Epoch 144: Time: 0.1114 Cost: 2.2636 Pre: 0.0000 Re: 0.0000 Acc: 0.9788 F1: 0.0000
Epoch 145: Time: 0.1228 Cost: 2.2607 Pre: 0.0000 Re: 0.0000 Acc: 0.9788 F1: 0.0000
Epoch 146: Time: 0.1121 Cost: 2.2579 Pre: 0.0000 Re: 0.0000 Acc: 0.9788 F1: 0.0000
Epoch 147: Time: 0.1007 Cost: 2.2549 Pre: 0.0000 Re: 0.0000 Acc: 0.9788 F1: 0.0000
Epoch 148: Time: 0.1007 Cost: 2.2520 Pre: 0.0000 Re: 0.0000 Acc: 0.9788 F1: 0.0000
Epoch 149: Time: 0.0948 Cost: 2.2489 Pre: 0.0000 Re: 0.0000 Acc: 0.9788 F1: 0.0000
Epoch 150: Time: 0.1055 Cost: 2.2459 Pre: 0.0000 Re: 0.0000 Acc: 0.9788 F1: 0.0000


--------------------------------------------------------------------
Eval results: Cost:1.1283 Pre:0.0000 Re:0.0000 Acc:0.9875 F1:0.0000
--------------------------------------------------------------------

Epoch 151: Time: 0.0952 Cost: 2.2427 Pre: 0.0000 Re: 0.0000 Acc: 0.9788 F1: 0.0000
Epoch 152: Time: 0.1061 Cost: 2.2395 Pre: 0.0000 Re: 0.0000 Acc: 0.9788 F1: 0.0000
Epoch 153: Time: 0.1006 Cost: 2.2363 Pre: 0.0000 Re: 0.0000 Acc: 0.9788 F1: 0.0000
Epoch 154: Time: 0.1130 Cost: 2.2330 Pre: 0.0000 Re: 0.0000 Acc: 0.9788 F1: 0.0000
Epoch 155: Time: 0.1015 Cost: 2.2297 Pre: 0.0000 Re: 0.0000 Acc: 0.9788 F1: 0.0000
Epoch 156: Time: 0.0992 Cost: 2.2263 Pre: 0.0000 Re: 0.0000 Acc: 0.9788 F1: 0.0000
Epoch 157: Time: 0.0995 Cost: 2.2228 Pre: 0.0000 Re: 0.0000 Acc: 0.9788 F1: 0.0000
Epoch 158: Time: 0.1031 Cost: 2.2192 Pre: 0.0000 Re: 0.0000 Acc: 0.9788 F1: 0.0000
Epoch 159: Time: 0.0968 Cost: 2.2156 Pre: 0.0000 Re: 0.0000 Acc: 0.9788 F1: 0.0000
Epoch 160: Time: 0.0954 Cost: 2.2119 Pre: 0.0000 Re: 0.0000 Acc: 0.9788 F1: 0.0000


--------------------------------------------------------------------
Eval results: Cost:1.1386 Pre:0.0000 Re:0.0000 Acc:0.9875 F1:0.0000
--------------------------------------------------------------------

Epoch 161: Time: 0.0991 Cost: 2.2081 Pre: 0.0000 Re: 0.0000 Acc: 0.9788 F1: 0.0000
Epoch 162: Time: 0.0966 Cost: 2.2042 Pre: 0.0000 Re: 0.0000 Acc: 0.9788 F1: 0.0000
Epoch 163: Time: 0.1076 Cost: 2.2003 Pre: 0.0000 Re: 0.0000 Acc: 0.9788 F1: 0.0000
Epoch 164: Time: 0.0943 Cost: 2.1962 Pre: 0.0000 Re: 0.0000 Acc: 0.9788 F1: 0.0000
Epoch 165: Time: 0.0967 Cost: 2.1921 Pre: 0.0000 Re: 0.0000 Acc: 0.9788 F1: 0.0000
Epoch 166: Time: 0.0992 Cost: 2.1879 Pre: 0.0000 Re: 0.0000 Acc: 0.9788 F1: 0.0000
Epoch 167: Time: 0.0985 Cost: 2.1835 Pre: 0.0000 Re: 0.0000 Acc: 0.9788 F1: 0.0000
Epoch 168: Time: 0.0953 Cost: 2.1791 Pre: 0.0000 Re: 0.0000 Acc: 0.9788 F1: 0.0000
Epoch 169: Time: 0.0980 Cost: 2.1745 Pre: 0.0000 Re: 0.0000 Acc: 0.9788 F1: 0.0000
Epoch 170: Time: 0.0963 Cost: 2.1698 Pre: 0.0000 Re: 0.0000 Acc: 0.9788 F1: 0.0000


--------------------------------------------------------------------
Eval results: Cost:1.1519 Pre:0.0000 Re:0.0000 Acc:0.9875 F1:0.0000
--------------------------------------------------------------------

Epoch 171: Time: 0.1055 Cost: 2.1649 Pre: 0.0000 Re: 0.0000 Acc: 0.9788 F1: 0.0000
Epoch 172: Time: 0.1341 Cost: 2.1600 Pre: 0.0000 Re: 0.0000 Acc: 0.9788 F1: 0.0000
Epoch 173: Time: 0.0935 Cost: 2.1549 Pre: 0.0000 Re: 0.0000 Acc: 0.9788 F1: 0.0000
Epoch 174: Time: 0.1087 Cost: 2.1498 Pre: 0.0000 Re: 0.0000 Acc: 0.9788 F1: 0.0000
Epoch 175: Time: 0.1410 Cost: 2.1444 Pre: 0.0000 Re: 0.0000 Acc: 0.9788 F1: 0.0000
Epoch 176: Time: 0.1223 Cost: 2.1389 Pre: 0.0000 Re: 0.0000 Acc: 0.9788 F1: 0.0000
Epoch 177: Time: 0.1144 Cost: 2.1333 Pre: 0.0000 Re: 0.0000 Acc: 0.9788 F1: 0.0000
Epoch 178: Time: 0.1112 Cost: 2.1274 Pre: 0.0000 Re: 0.0000 Acc: 0.9788 F1: 0.0000
Epoch 179: Time: 0.1090 Cost: 2.1214 Pre: 0.0000 Re: 0.0000 Acc: 0.9788 F1: 0.0000
Epoch 180: Time: 0.0987 Cost: 2.1152 Pre: 0.0000 Re: 0.0000 Acc: 0.9788 F1: 0.0000


--------------------------------------------------------------------
Eval results: Cost:1.1696 Pre:0.0000 Re:0.0000 Acc:0.9875 F1:0.0000
--------------------------------------------------------------------

Epoch 181: Time: 0.0969 Cost: 2.1088 Pre: 0.0000 Re: 0.0000 Acc: 0.9788 F1: 0.0000
Epoch 182: Time: 0.0984 Cost: 2.1023 Pre: 0.0000 Re: 0.0000 Acc: 0.9788 F1: 0.0000
Epoch 183: Time: 0.0934 Cost: 2.0956 Pre: 0.0000 Re: 0.0000 Acc: 0.9788 F1: 0.0000
Epoch 184: Time: 0.0999 Cost: 2.0886 Pre: 0.0000 Re: 0.0000 Acc: 0.9788 F1: 0.0000
Epoch 185: Time: 0.1019 Cost: 2.0815 Pre: 0.0000 Re: 0.0000 Acc: 0.9788 F1: 0.0000
Epoch 186: Time: 0.1001 Cost: 2.0741 Pre: 0.0000 Re: 0.0000 Acc: 0.9788 F1: 0.0000
Epoch 187: Time: 0.1012 Cost: 2.0666 Pre: 0.0000 Re: 0.0000 Acc: 0.9788 F1: 0.0000
Epoch 188: Time: 0.1034 Cost: 2.0587 Pre: 0.0000 Re: 0.0000 Acc: 0.9788 F1: 0.0000
Epoch 189: Time: 0.1004 Cost: 2.0506 Pre: 0.0000 Re: 0.0000 Acc: 0.9788 F1: 0.0000
Epoch 190: Time: 0.1090 Cost: 2.0423 Pre: 0.0000 Re: 0.0000 Acc: 0.9788 F1: 0.0000


--------------------------------------------------------------------
Eval results: Cost:1.1937 Pre:0.0000 Re:0.0000 Acc:0.9875 F1:0.0000
--------------------------------------------------------------------

Epoch 191: Time: 0.1036 Cost: 2.0336 Pre: 0.0000 Re: 0.0000 Acc: 0.9788 F1: 0.0000
Epoch 192: Time: 0.0974 Cost: 2.0247 Pre: 0.0000 Re: 0.0000 Acc: 0.9788 F1: 0.0000
Epoch 193: Time: 0.0968 Cost: 2.0156 Pre: 0.0000 Re: 0.0000 Acc: 0.9788 F1: 0.0000
Epoch 194: Time: 0.0960 Cost: 2.0063 Pre: 0.0000 Re: 0.0000 Acc: 0.9788 F1: 0.0000
Epoch 195: Time: 0.0910 Cost: 1.9966 Pre: 0.0000 Re: 0.0000 Acc: 0.9788 F1: 0.0000
Epoch 196: Time: 0.1000 Cost: 1.9866 Pre: 0.0000 Re: 0.0000 Acc: 0.9788 F1: 0.0000
Epoch 197: Time: 0.0951 Cost: 1.9764 Pre: 0.0000 Re: 0.0000 Acc: 0.9788 F1: 0.0000
Epoch 198: Time: 0.0947 Cost: 1.9657 Pre: 0.0000 Re: 0.0000 Acc: 0.9788 F1: 0.0000
Epoch 199: Time: 0.1067 Cost: 1.9548 Pre: 0.0000 Re: 0.0000 Acc: 0.9788 F1: 0.0000
Epoch 200: Time: 0.0980 Cost: 1.9434 Pre: 0.0000 Re: 0.0000 Acc: 0.9788 F1: 0.0000


--------------------------------------------------------------------
Eval results: Cost:1.2257 Pre:0.0000 Re:0.0000 Acc:0.9875 F1:0.0000
--------------------------------------------------------------------

Epoch 201: Time: 0.0921 Cost: 1.9317 Pre: 0.0000 Re: 0.0000 Acc: 0.9788 F1: 0.0000
Epoch 202: Time: 0.0955 Cost: 1.9197 Pre: 0.0000 Re: 0.0000 Acc: 0.9788 F1: 0.0000
Epoch 203: Time: 0.0973 Cost: 1.9074 Pre: 0.0000 Re: 0.0000 Acc: 0.9788 F1: 0.0000
Epoch 204: Time: 0.0958 Cost: 1.8948 Pre: 0.0000 Re: 0.0000 Acc: 0.9788 F1: 0.0000
Epoch 205: Time: 0.0981 Cost: 1.8818 Pre: 0.0000 Re: 0.0000 Acc: 0.9788 F1: 0.0000
Epoch 206: Time: 0.0956 Cost: 1.8685 Pre: 0.0000 Re: 0.0000 Acc: 0.9788 F1: 0.0000
Epoch 207: Time: 0.0907 Cost: 1.8547 Pre: 0.0000 Re: 0.0000 Acc: 0.9788 F1: 0.0000
Epoch 208: Time: 0.1094 Cost: 1.8404 Pre: 0.0000 Re: 0.0000 Acc: 0.9788 F1: 0.0000
Epoch 209: Time: 0.1085 Cost: 1.8258 Pre: 0.0000 Re: 0.0000 Acc: 0.9788 F1: 0.0000
Epoch 210: Time: 0.1129 Cost: 1.8107 Pre: 0.0000 Re: 0.0000 Acc: 0.9788 F1: 0.0000


--------------------------------------------------------------------
Eval results: Cost:1.2623 Pre:0.0000 Re:0.0000 Acc:0.9875 F1:0.0000
--------------------------------------------------------------------

Epoch 211: Time: 0.1299 Cost: 1.7950 Pre: 0.0000 Re: 0.0000 Acc: 0.9788 F1: 0.0000
Epoch 212: Time: 0.1075 Cost: 1.7791 Pre: 0.0000 Re: 0.0000 Acc: 0.9788 F1: 0.0000
Epoch 213: Time: 0.1088 Cost: 1.7629 Pre: 0.0000 Re: 0.0000 Acc: 0.9788 F1: 0.0000
Epoch 214: Time: 0.1161 Cost: 1.7462 Pre: 0.0000 Re: 0.0000 Acc: 0.9788 F1: 0.0000
Epoch 215: Time: 0.1003 Cost: 1.7291 Pre: 0.0000 Re: 0.0000 Acc: 0.9788 F1: 0.0000
Epoch 216: Time: 0.0948 Cost: 1.7116 Pre: 0.0000 Re: 0.0000 Acc: 0.9788 F1: 0.0000
Epoch 217: Time: 0.0960 Cost: 1.6935 Pre: 0.0000 Re: 0.0000 Acc: 0.9788 F1: 0.0000
Epoch 218: Time: 0.0941 Cost: 1.6748 Pre: 0.0000 Re: 0.0000 Acc: 0.9788 F1: 0.0000
Epoch 219: Time: 0.0905 Cost: 1.6557 Pre: 1.0000 Re: 0.2000 Acc: 0.9831 F1: 0.3333
Epoch 220: Time: 0.0923 Cost: 1.6359 Pre: 1.0000 Re: 0.2000 Acc: 0.9831 F1: 0.3333


--------------------------------------------------------------------
Eval results: Cost:1.2877 Pre:0.0000 Re:0.0000 Acc:0.9875 F1:0.0000
--------------------------------------------------------------------

Epoch 221: Time: 0.0884 Cost: 1.6155 Pre: 1.0000 Re: 0.2000 Acc: 0.9831 F1: 0.3333
Epoch 222: Time: 0.0897 Cost: 1.5949 Pre: 1.0000 Re: 0.2000 Acc: 0.9831 F1: 0.3333
Epoch 223: Time: 0.0961 Cost: 1.5739 Pre: 1.0000 Re: 0.2000 Acc: 0.9831 F1: 0.3333
Epoch 224: Time: 0.0930 Cost: 1.5523 Pre: 1.0000 Re: 0.2000 Acc: 0.9831 F1: 0.3333
Epoch 225: Time: 0.1335 Cost: 1.5303 Pre: 1.0000 Re: 0.2000 Acc: 0.9831 F1: 0.3333
Epoch 226: Time: 0.1300 Cost: 1.5076 Pre: 1.0000 Re: 0.2000 Acc: 0.9831 F1: 0.3333
Epoch 227: Time: 0.1063 Cost: 1.4844 Pre: 1.0000 Re: 0.2000 Acc: 0.9831 F1: 0.3333
Epoch 228: Time: 0.1152 Cost: 1.4604 Pre: 1.0000 Re: 0.2000 Acc: 0.9831 F1: 0.3333
Epoch 229: Time: 0.1196 Cost: 1.4359 Pre: 1.0000 Re: 0.2000 Acc: 0.9831 F1: 0.3333
Epoch 230: Time: 0.1046 Cost: 1.4106 Pre: 1.0000 Re: 0.2000 Acc: 0.9831 F1: 0.3333


--------------------------------------------------------------------
Eval results: Cost:1.2686 Pre:0.0000 Re:0.0000 Acc:0.9875 F1:0.0000
--------------------------------------------------------------------

Epoch 231: Time: 0.1056 Cost: 1.3845 Pre: 1.0000 Re: 0.2000 Acc: 0.9831 F1: 0.3333
Epoch 232: Time: 0.0980 Cost: 1.3583 Pre: 1.0000 Re: 0.2000 Acc: 0.9831 F1: 0.3333
Epoch 233: Time: 0.1070 Cost: 1.3317 Pre: 1.0000 Re: 0.2000 Acc: 0.9831 F1: 0.3333
Epoch 234: Time: 0.0991 Cost: 1.3045 Pre: 1.0000 Re: 0.2000 Acc: 0.9831 F1: 0.3333
Epoch 235: Time: 0.0967 Cost: 1.2768 Pre: 1.0000 Re: 0.2000 Acc: 0.9831 F1: 0.3333
Epoch 236: Time: 0.0897 Cost: 1.2485 Pre: 1.0000 Re: 0.2000 Acc: 0.9831 F1: 0.3333
Epoch 237: Time: 0.1024 Cost: 1.2196 Pre: 1.0000 Re: 0.2000 Acc: 0.9831 F1: 0.3333
Epoch 238: Time: 0.0982 Cost: 1.1900 Pre: 1.0000 Re: 0.2000 Acc: 0.9831 F1: 0.3333
Epoch 239: Time: 0.0999 Cost: 1.1598 Pre: 1.0000 Re: 0.2000 Acc: 0.9831 F1: 0.3333
Epoch 240: Time: 0.0980 Cost: 1.1289 Pre: 1.0000 Re: 0.2000 Acc: 0.9831 F1: 0.3333


--------------------------------------------------------------------
Eval results: Cost:1.1623 Pre:0.0000 Re:0.0000 Acc:0.9875 F1:0.0000
--------------------------------------------------------------------

Epoch 241: Time: 0.1003 Cost: 1.0973 Pre: 1.0000 Re: 0.2000 Acc: 0.9831 F1: 0.3333
Epoch 242: Time: 0.1031 Cost: 1.0659 Pre: 1.0000 Re: 0.4000 Acc: 0.9873 F1: 0.5714
Epoch 243: Time: 0.0949 Cost: 1.0344 Pre: 1.0000 Re: 0.4000 Acc: 0.9873 F1: 0.5714
Epoch 244: Time: 0.0966 Cost: 1.0027 Pre: 1.0000 Re: 0.4000 Acc: 0.9873 F1: 0.5714
Epoch 245: Time: 0.0917 Cost: 0.9706 Pre: 1.0000 Re: 0.4000 Acc: 0.9873 F1: 0.5714
Epoch 246: Time: 0.0961 Cost: 0.9383 Pre: 1.0000 Re: 0.4000 Acc: 0.9873 F1: 0.5714
Epoch 247: Time: 0.0915 Cost: 0.9057 Pre: 1.0000 Re: 0.6000 Acc: 0.9915 F1: 0.7500
Epoch 248: Time: 0.0897 Cost: 0.8729 Pre: 1.0000 Re: 0.6000 Acc: 0.9915 F1: 0.7500
Epoch 249: Time: 0.0944 Cost: 0.8400 Pre: 1.0000 Re: 0.8000 Acc: 0.9958 F1: 0.8889
Epoch 250: Time: 0.0937 Cost: 0.8069 Pre: 1.0000 Re: 1.0000 Acc: 1.0000 F1: 1.0000


--------------------------------------------------------------------
Eval results: Cost:0.9341 Pre:1.0000 Re:1.0000 Acc:1.0000 F1:1.0000
--------------------------------------------------------------------

Epoch 251: Time: 0.1026 Cost: 0.7737 Pre: 1.0000 Re: 1.0000 Acc: 1.0000 F1: 1.0000
Epoch 252: Time: 0.0899 Cost: 0.7414 Pre: 1.0000 Re: 1.0000 Acc: 1.0000 F1: 1.0000
Epoch 253: Time: 0.1011 Cost: 0.7097 Pre: 1.0000 Re: 1.0000 Acc: 1.0000 F1: 1.0000
Epoch 254: Time: 0.1038 Cost: 0.6784 Pre: 1.0000 Re: 1.0000 Acc: 1.0000 F1: 1.0000
Epoch 255: Time: 0.1004 Cost: 0.6477 Pre: 1.0000 Re: 1.0000 Acc: 1.0000 F1: 1.0000
Epoch 256: Time: 0.1148 Cost: 0.6174 Pre: 1.0000 Re: 1.0000 Acc: 1.0000 F1: 1.0000
Epoch 257: Time: 0.1269 Cost: 0.5876 Pre: 1.0000 Re: 1.0000 Acc: 1.0000 F1: 1.0000
Epoch 258: Time: 0.1279 Cost: 0.5584 Pre: 1.0000 Re: 1.0000 Acc: 1.0000 F1: 1.0000
Epoch 259: Time: 0.1133 Cost: 0.5298 Pre: 1.0000 Re: 1.0000 Acc: 1.0000 F1: 1.0000
Epoch 260: Time: 0.1214 Cost: 0.5020 Pre: 1.0000 Re: 1.0000 Acc: 1.0000 F1: 1.0000


--------------------------------------------------------------------
Eval results: Cost:0.6058 Pre:1.0000 Re:1.0000 Acc:1.0000 F1:1.0000
--------------------------------------------------------------------

Epoch 261: Time: 0.1060 Cost: 0.4748 Pre: 1.0000 Re: 1.0000 Acc: 1.0000 F1: 1.0000
Epoch 262: Time: 0.0948 Cost: 0.4491 Pre: 1.0000 Re: 1.0000 Acc: 1.0000 F1: 1.0000
Epoch 263: Time: 0.1051 Cost: 0.4247 Pre: 1.0000 Re: 1.0000 Acc: 1.0000 F1: 1.0000
Epoch 264: Time: 0.0931 Cost: 0.4013 Pre: 1.0000 Re: 1.0000 Acc: 1.0000 F1: 1.0000
Epoch 265: Time: 0.1028 Cost: 0.3790 Pre: 1.0000 Re: 1.0000 Acc: 1.0000 F1: 1.0000
Epoch 266: Time: 0.1463 Cost: 0.3577 Pre: 1.0000 Re: 1.0000 Acc: 1.0000 F1: 1.0000
Epoch 267: Time: 0.1211 Cost: 0.3374 Pre: 1.0000 Re: 1.0000 Acc: 1.0000 F1: 1.0000
Epoch 268: Time: 0.1185 Cost: 0.3181 Pre: 1.0000 Re: 1.0000 Acc: 1.0000 F1: 1.0000
Epoch 269: Time: 0.1023 Cost: 0.2997 Pre: 1.0000 Re: 1.0000 Acc: 1.0000 F1: 1.0000
Epoch 270: Time: 0.1016 Cost: 0.2823 Pre: 1.0000 Re: 1.0000 Acc: 1.0000 F1: 1.0000


--------------------------------------------------------------------
Eval results: Cost:0.3189 Pre:1.0000 Re:1.0000 Acc:1.0000 F1:1.0000
--------------------------------------------------------------------

Epoch 271: Time: 0.1122 Cost: 0.2658 Pre: 1.0000 Re: 1.0000 Acc: 1.0000 F1: 1.0000
Epoch 272: Time: 0.0978 Cost: 0.2504 Pre: 1.0000 Re: 1.0000 Acc: 1.0000 F1: 1.0000
Epoch 273: Time: 0.1023 Cost: 0.2360 Pre: 1.0000 Re: 1.0000 Acc: 1.0000 F1: 1.0000
Epoch 274: Time: 0.1149 Cost: 0.2224 Pre: 1.0000 Re: 1.0000 Acc: 1.0000 F1: 1.0000
Epoch 275: Time: 0.1056 Cost: 0.2097 Pre: 1.0000 Re: 1.0000 Acc: 1.0000 F1: 1.0000
Epoch 276: Time: 0.1037 Cost: 0.1978 Pre: 1.0000 Re: 1.0000 Acc: 1.0000 F1: 1.0000
Epoch 277: Time: 0.1106 Cost: 0.1865 Pre: 1.0000 Re: 1.0000 Acc: 1.0000 F1: 1.0000
Epoch 278: Time: 0.1015 Cost: 0.1760 Pre: 1.0000 Re: 1.0000 Acc: 1.0000 F1: 1.0000
Epoch 279: Time: 0.1016 Cost: 0.1660 Pre: 1.0000 Re: 1.0000 Acc: 1.0000 F1: 1.0000
Epoch 280: Time: 0.1017 Cost: 0.1567 Pre: 1.0000 Re: 1.0000 Acc: 1.0000 F1: 1.0000


--------------------------------------------------------------------
Eval results: Cost:0.1559 Pre:1.0000 Re:1.0000 Acc:1.0000 F1:1.0000
--------------------------------------------------------------------

Epoch 281: Time: 0.0963 Cost: 0.1479 Pre: 1.0000 Re: 1.0000 Acc: 1.0000 F1: 1.0000
Epoch 282: Time: 0.0934 Cost: 0.1396 Pre: 1.0000 Re: 1.0000 Acc: 1.0000 F1: 1.0000
Epoch 283: Time: 0.0956 Cost: 0.1319 Pre: 1.0000 Re: 1.0000 Acc: 1.0000 F1: 1.0000
Epoch 284: Time: 0.0876 Cost: 0.1246 Pre: 1.0000 Re: 1.0000 Acc: 1.0000 F1: 1.0000
Epoch 285: Time: 0.0951 Cost: 0.1178 Pre: 1.0000 Re: 1.0000 Acc: 1.0000 F1: 1.0000
Epoch 286: Time: 0.1010 Cost: 0.1114 Pre: 1.0000 Re: 1.0000 Acc: 1.0000 F1: 1.0000
Epoch 287: Time: 0.0873 Cost: 0.1054 Pre: 1.0000 Re: 1.0000 Acc: 1.0000 F1: 1.0000
Epoch 288: Time: 0.0916 Cost: 0.0997 Pre: 1.0000 Re: 1.0000 Acc: 1.0000 F1: 1.0000
Epoch 289: Time: 0.0900 Cost: 0.0943 Pre: 1.0000 Re: 1.0000 Acc: 1.0000 F1: 1.0000
Epoch 290: Time: 0.0911 Cost: 0.0893 Pre: 1.0000 Re: 1.0000 Acc: 1.0000 F1: 1.0000


--------------------------------------------------------------------
Eval results: Cost:0.0790 Pre:1.0000 Re:1.0000 Acc:1.0000 F1:1.0000
--------------------------------------------------------------------

Epoch 291: Time: 0.0909 Cost: 0.0846 Pre: 1.0000 Re: 1.0000 Acc: 1.0000 F1: 1.0000
Epoch 292: Time: 0.0915 Cost: 0.0801 Pre: 1.0000 Re: 1.0000 Acc: 1.0000 F1: 1.0000
Epoch 293: Time: 0.0925 Cost: 0.0759 Pre: 1.0000 Re: 1.0000 Acc: 1.0000 F1: 1.0000
Epoch 294: Time: 0.0876 Cost: 0.0720 Pre: 1.0000 Re: 1.0000 Acc: 1.0000 F1: 1.0000
Epoch 295: Time: 0.0944 Cost: 0.0682 Pre: 1.0000 Re: 1.0000 Acc: 1.0000 F1: 1.0000
Epoch 296: Time: 0.1014 Cost: 0.0647 Pre: 1.0000 Re: 1.0000 Acc: 1.0000 F1: 1.0000
Epoch 297: Time: 0.0916 Cost: 0.0614 Pre: 1.0000 Re: 1.0000 Acc: 1.0000 F1: 1.0000
Epoch 298: Time: 0.0958 Cost: 0.0583 Pre: 1.0000 Re: 1.0000 Acc: 1.0000 F1: 1.0000
Epoch 299: Time: 0.0926 Cost: 0.0553 Pre: 1.0000 Re: 1.0000 Acc: 1.0000 F1: 1.0000
Epoch 300: Time: 0.1130 Cost: 0.0525 Pre: 1.0000 Re: 1.0000 Acc: 1.0000 F1: 1.0000


--------------------------------------------------------------------
Eval results: Cost:0.0430 Pre:1.0000 Re:1.0000 Acc:1.0000 F1:1.0000
--------------------------------------------------------------------

Epoch 301: Time: 0.1108 Cost: 0.0499 Pre: 1.0000 Re: 1.0000 Acc: 1.0000 F1: 1.0000
Epoch 302: Time: 0.1125 Cost: 0.0474 Pre: 1.0000 Re: 1.0000 Acc: 1.0000 F1: 1.0000
Epoch 303: Time: 0.1062 Cost: 0.0451 Pre: 1.0000 Re: 1.0000 Acc: 1.0000 F1: 1.0000
Epoch 304: Time: 0.1094 Cost: 0.0429 Pre: 1.0000 Re: 1.0000 Acc: 1.0000 F1: 1.0000
Epoch 305: Time: 0.1087 Cost: 0.0408 Pre: 1.0000 Re: 1.0000 Acc: 1.0000 F1: 1.0000
Epoch 306: Time: 0.1057 Cost: 0.0388 Pre: 1.0000 Re: 1.0000 Acc: 1.0000 F1: 1.0000
Epoch 307: Time: 0.0968 Cost: 0.0369 Pre: 1.0000 Re: 1.0000 Acc: 1.0000 F1: 1.0000
Epoch 308: Time: 0.1021 Cost: 0.0352 Pre: 1.0000 Re: 1.0000 Acc: 1.0000 F1: 1.0000
Epoch 309: Time: 0.0985 Cost: 0.0335 Pre: 1.0000 Re: 1.0000 Acc: 1.0000 F1: 1.0000
Epoch 310: Time: 0.0946 Cost: 0.0320 Pre: 1.0000 Re: 1.0000 Acc: 1.0000 F1: 1.0000


--------------------------------------------------------------------
Eval results: Cost:0.0252 Pre:1.0000 Re:1.0000 Acc:1.0000 F1:1.0000
--------------------------------------------------------------------

Epoch 311: Time: 0.0935 Cost: 0.0305 Pre: 1.0000 Re: 1.0000 Acc: 1.0000 F1: 1.0000
Epoch 312: Time: 0.0883 Cost: 0.0291 Pre: 1.0000 Re: 1.0000 Acc: 1.0000 F1: 1.0000
Epoch 313: Time: 0.0929 Cost: 0.0277 Pre: 1.0000 Re: 1.0000 Acc: 1.0000 F1: 1.0000
Epoch 314: Time: 0.0912 Cost: 0.0265 Pre: 1.0000 Re: 1.0000 Acc: 1.0000 F1: 1.0000
Epoch 315: Time: 0.0934 Cost: 0.0253 Pre: 1.0000 Re: 1.0000 Acc: 1.0000 F1: 1.0000
Epoch 316: Time: 0.0887 Cost: 0.0241 Pre: 1.0000 Re: 1.0000 Acc: 1.0000 F1: 1.0000
Epoch 317: Time: 0.1025 Cost: 0.0231 Pre: 1.0000 Re: 1.0000 Acc: 1.0000 F1: 1.0000
Epoch 318: Time: 0.0950 Cost: 0.0221 Pre: 1.0000 Re: 1.0000 Acc: 1.0000 F1: 1.0000
Epoch 319: Time: 0.0911 Cost: 0.0211 Pre: 1.0000 Re: 1.0000 Acc: 1.0000 F1: 1.0000
Epoch 320: Time: 0.0979 Cost: 0.0202 Pre: 1.0000 Re: 1.0000 Acc: 1.0000 F1: 1.0000


--------------------------------------------------------------------
Eval results: Cost:0.0158 Pre:1.0000 Re:1.0000 Acc:1.0000 F1:1.0000
--------------------------------------------------------------------

Epoch 321: Time: 0.0925 Cost: 0.0194 Pre: 1.0000 Re: 1.0000 Acc: 1.0000 F1: 1.0000
Epoch 322: Time: 0.0964 Cost: 0.0186 Pre: 1.0000 Re: 1.0000 Acc: 1.0000 F1: 1.0000
Epoch 323: Time: 0.1013 Cost: 0.0178 Pre: 1.0000 Re: 1.0000 Acc: 1.0000 F1: 1.0000
Epoch 324: Time: 0.0903 Cost: 0.0171 Pre: 1.0000 Re: 1.0000 Acc: 1.0000 F1: 1.0000
Epoch 325: Time: 0.0868 Cost: 0.0164 Pre: 1.0000 Re: 1.0000 Acc: 1.0000 F1: 1.0000
Epoch 326: Time: 0.0912 Cost: 0.0158 Pre: 1.0000 Re: 1.0000 Acc: 1.0000 F1: 1.0000
Epoch 327: Time: 0.0916 Cost: 0.0152 Pre: 1.0000 Re: 1.0000 Acc: 1.0000 F1: 1.0000
Epoch 328: Time: 0.0885 Cost: 0.0146 Pre: 1.0000 Re: 1.0000 Acc: 1.0000 F1: 1.0000
Epoch 329: Time: 0.0899 Cost: 0.0141 Pre: 1.0000 Re: 1.0000 Acc: 1.0000 F1: 1.0000
Epoch 330: Time: 0.0926 Cost: 0.0135 Pre: 1.0000 Re: 1.0000 Acc: 1.0000 F1: 1.0000


--------------------------------------------------------------------
Eval results: Cost:0.0106 Pre:1.0000 Re:1.0000 Acc:1.0000 F1:1.0000
--------------------------------------------------------------------

Epoch 331: Time: 0.0909 Cost: 0.0131 Pre: 1.0000 Re: 1.0000 Acc: 1.0000 F1: 1.0000
Epoch 332: Time: 0.0927 Cost: 0.0126 Pre: 1.0000 Re: 1.0000 Acc: 1.0000 F1: 1.0000
Epoch 333: Time: 0.0903 Cost: 0.0122 Pre: 1.0000 Re: 1.0000 Acc: 1.0000 F1: 1.0000
Epoch 334: Time: 0.0923 Cost: 0.0117 Pre: 1.0000 Re: 1.0000 Acc: 1.0000 F1: 1.0000
Epoch 335: Time: 0.0935 Cost: 0.0114 Pre: 1.0000 Re: 1.0000 Acc: 1.0000 F1: 1.0000
Epoch 336: Time: 0.0887 Cost: 0.0110 Pre: 1.0000 Re: 1.0000 Acc: 1.0000 F1: 1.0000
Epoch 337: Time: 0.0893 Cost: 0.0106 Pre: 1.0000 Re: 1.0000 Acc: 1.0000 F1: 1.0000
Epoch 338: Time: 0.0908 Cost: 0.0103 Pre: 1.0000 Re: 1.0000 Acc: 1.0000 F1: 1.0000
Epoch 339: Time: 0.0937 Cost: 0.0100 Pre: 1.0000 Re: 1.0000 Acc: 1.0000 F1: 1.0000
Epoch 340: Time: 0.0884 Cost: 0.0097 Pre: 1.0000 Re: 1.0000 Acc: 1.0000 F1: 1.0000


--------------------------------------------------------------------
Eval results: Cost:0.0076 Pre:1.0000 Re:1.0000 Acc:1.0000 F1:1.0000
--------------------------------------------------------------------

Epoch 341: Time: 0.0908 Cost: 0.0094 Pre: 1.0000 Re: 1.0000 Acc: 1.0000 F1: 1.0000
Epoch 342: Time: 0.0910 Cost: 0.0091 Pre: 1.0000 Re: 1.0000 Acc: 1.0000 F1: 1.0000
Epoch 343: Time: 0.0949 Cost: 0.0089 Pre: 1.0000 Re: 1.0000 Acc: 1.0000 F1: 1.0000
Epoch 344: Time: 0.0891 Cost: 0.0086 Pre: 1.0000 Re: 1.0000 Acc: 1.0000 F1: 1.0000
Epoch 345: Time: 0.0909 Cost: 0.0084 Pre: 1.0000 Re: 1.0000 Acc: 1.0000 F1: 1.0000
Epoch 346: Time: 0.0868 Cost: 0.0082 Pre: 1.0000 Re: 1.0000 Acc: 1.0000 F1: 1.0000
Epoch 347: Time: 0.0906 Cost: 0.0079 Pre: 1.0000 Re: 1.0000 Acc: 1.0000 F1: 1.0000
Epoch 348: Time: 0.0897 Cost: 0.0077 Pre: 1.0000 Re: 1.0000 Acc: 1.0000 F1: 1.0000
Epoch 349: Time: 0.1043 Cost: 0.0076 Pre: 1.0000 Re: 1.0000 Acc: 1.0000 F1: 1.0000
Epoch 350: Time: 0.1085 Cost: 0.0074 Pre: 1.0000 Re: 1.0000 Acc: 1.0000 F1: 1.0000


--------------------------------------------------------------------
Eval results: Cost:0.0058 Pre:1.0000 Re:1.0000 Acc:1.0000 F1:1.0000
--------------------------------------------------------------------

Epoch 351: Time: 0.0943 Cost: 0.0072 Pre: 1.0000 Re: 1.0000 Acc: 1.0000 F1: 1.0000
Epoch 352: Time: 0.1074 Cost: 0.0070 Pre: 1.0000 Re: 1.0000 Acc: 1.0000 F1: 1.0000
Epoch 353: Time: 0.1117 Cost: 0.0069 Pre: 1.0000 Re: 1.0000 Acc: 1.0000 F1: 1.0000
Epoch 354: Time: 0.0989 Cost: 0.0067 Pre: 1.0000 Re: 1.0000 Acc: 1.0000 F1: 1.0000
Epoch 355: Time: 0.1029 Cost: 0.0066 Pre: 1.0000 Re: 1.0000 Acc: 1.0000 F1: 1.0000
Epoch 356: Time: 0.1021 Cost: 0.0064 Pre: 1.0000 Re: 1.0000 Acc: 1.0000 F1: 1.0000
Epoch 357: Time: 0.1026 Cost: 0.0063 Pre: 1.0000 Re: 1.0000 Acc: 1.0000 F1: 1.0000
Epoch 358: Time: 0.1049 Cost: 0.0061 Pre: 1.0000 Re: 1.0000 Acc: 1.0000 F1: 1.0000
Epoch 359: Time: 0.1003 Cost: 0.0060 Pre: 1.0000 Re: 1.0000 Acc: 1.0000 F1: 1.0000
Epoch 360: Time: 0.0924 Cost: 0.0059 Pre: 1.0000 Re: 1.0000 Acc: 1.0000 F1: 1.0000


--------------------------------------------------------------------
Eval results: Cost:0.0046 Pre:1.0000 Re:1.0000 Acc:1.0000 F1:1.0000
--------------------------------------------------------------------

Epoch 361: Time: 0.0991 Cost: 0.0058 Pre: 1.0000 Re: 1.0000 Acc: 1.0000 F1: 1.0000
Epoch 362: Time: 0.0922 Cost: 0.0057 Pre: 1.0000 Re: 1.0000 Acc: 1.0000 F1: 1.0000
Epoch 363: Time: 0.0896 Cost: 0.0056 Pre: 1.0000 Re: 1.0000 Acc: 1.0000 F1: 1.0000
Epoch 364: Time: 0.1011 Cost: 0.0055 Pre: 1.0000 Re: 1.0000 Acc: 1.0000 F1: 1.0000
Epoch 365: Time: 0.0910 Cost: 0.0054 Pre: 1.0000 Re: 1.0000 Acc: 1.0000 F1: 1.0000
Epoch 366: Time: 0.0875 Cost: 0.0053 Pre: 1.0000 Re: 1.0000 Acc: 1.0000 F1: 1.0000
Epoch 367: Time: 0.0917 Cost: 0.0052 Pre: 1.0000 Re: 1.0000 Acc: 1.0000 F1: 1.0000
Epoch 368: Time: 0.0920 Cost: 0.0051 Pre: 1.0000 Re: 1.0000 Acc: 1.0000 F1: 1.0000
Epoch 369: Time: 0.0930 Cost: 0.0050 Pre: 1.0000 Re: 1.0000 Acc: 1.0000 F1: 1.0000
Epoch 370: Time: 0.0882 Cost: 0.0049 Pre: 1.0000 Re: 1.0000 Acc: 1.0000 F1: 1.0000


--------------------------------------------------------------------
Eval results: Cost:0.0038 Pre:1.0000 Re:1.0000 Acc:1.0000 F1:1.0000
--------------------------------------------------------------------

Epoch 371: Time: 0.0932 Cost: 0.0048 Pre: 1.0000 Re: 1.0000 Acc: 1.0000 F1: 1.0000
Epoch 372: Time: 0.0931 Cost: 0.0048 Pre: 1.0000 Re: 1.0000 Acc: 1.0000 F1: 1.0000
Epoch 373: Time: 0.0900 Cost: 0.0047 Pre: 1.0000 Re: 1.0000 Acc: 1.0000 F1: 1.0000
Epoch 374: Time: 0.0932 Cost: 0.0046 Pre: 1.0000 Re: 1.0000 Acc: 1.0000 F1: 1.0000
Epoch 375: Time: 0.0896 Cost: 0.0045 Pre: 1.0000 Re: 1.0000 Acc: 1.0000 F1: 1.0000
Epoch 376: Time: 0.0926 Cost: 0.0045 Pre: 1.0000 Re: 1.0000 Acc: 1.0000 F1: 1.0000
Epoch 377: Time: 0.0932 Cost: 0.0044 Pre: 1.0000 Re: 1.0000 Acc: 1.0000 F1: 1.0000
Epoch 378: Time: 0.0936 Cost: 0.0043 Pre: 1.0000 Re: 1.0000 Acc: 1.0000 F1: 1.0000
Epoch 379: Time: 0.0911 Cost: 0.0043 Pre: 1.0000 Re: 1.0000 Acc: 1.0000 F1: 1.0000
Epoch 380: Time: 0.0872 Cost: 0.0042 Pre: 1.0000 Re: 1.0000 Acc: 1.0000 F1: 1.0000


--------------------------------------------------------------------
Eval results: Cost:0.0033 Pre:1.0000 Re:1.0000 Acc:1.0000 F1:1.0000
--------------------------------------------------------------------

Epoch 381: Time: 0.0951 Cost: 0.0041 Pre: 1.0000 Re: 1.0000 Acc: 1.0000 F1: 1.0000
Epoch 382: Time: 0.0896 Cost: 0.0041 Pre: 1.0000 Re: 1.0000 Acc: 1.0000 F1: 1.0000
Epoch 383: Time: 0.0894 Cost: 0.0040 Pre: 1.0000 Re: 1.0000 Acc: 1.0000 F1: 1.0000
Epoch 384: Time: 0.0928 Cost: 0.0040 Pre: 1.0000 Re: 1.0000 Acc: 1.0000 F1: 1.0000
Epoch 385: Time: 0.0874 Cost: 0.0039 Pre: 1.0000 Re: 1.0000 Acc: 1.0000 F1: 1.0000
Epoch 386: Time: 0.0982 Cost: 0.0039 Pre: 1.0000 Re: 1.0000 Acc: 1.0000 F1: 1.0000
Epoch 387: Time: 0.0868 Cost: 0.0038 Pre: 1.0000 Re: 1.0000 Acc: 1.0000 F1: 1.0000
Epoch 388: Time: 0.0891 Cost: 0.0038 Pre: 1.0000 Re: 1.0000 Acc: 1.0000 F1: 1.0000
Epoch 389: Time: 0.0891 Cost: 0.0037 Pre: 1.0000 Re: 1.0000 Acc: 1.0000 F1: 1.0000
Epoch 390: Time: 0.1007 Cost: 0.0037 Pre: 1.0000 Re: 1.0000 Acc: 1.0000 F1: 1.0000


--------------------------------------------------------------------
Eval results: Cost:0.0028 Pre:1.0000 Re:1.0000 Acc:1.0000 F1:1.0000
--------------------------------------------------------------------

Epoch 391: Time: 0.1035 Cost: 0.0036 Pre: 1.0000 Re: 1.0000 Acc: 1.0000 F1: 1.0000
Epoch 392: Time: 0.0884 Cost: 0.0036 Pre: 1.0000 Re: 1.0000 Acc: 1.0000 F1: 1.0000
Epoch 393: Time: 0.0980 Cost: 0.0035 Pre: 1.0000 Re: 1.0000 Acc: 1.0000 F1: 1.0000
Epoch 394: Time: 0.1061 Cost: 0.0035 Pre: 1.0000 Re: 1.0000 Acc: 1.0000 F1: 1.0000
Epoch 395: Time: 0.0996 Cost: 0.0035 Pre: 1.0000 Re: 1.0000 Acc: 1.0000 F1: 1.0000
Epoch 396: Time: 0.0914 Cost: 0.0034 Pre: 1.0000 Re: 1.0000 Acc: 1.0000 F1: 1.0000
Epoch 397: Time: 0.0973 Cost: 0.0034 Pre: 1.0000 Re: 1.0000 Acc: 1.0000 F1: 1.0000
Epoch 398: Time: 0.0926 Cost: 0.0033 Pre: 1.0000 Re: 1.0000 Acc: 1.0000 F1: 1.0000
Epoch 399: Time: 0.1127 Cost: 0.0033 Pre: 1.0000 Re: 1.0000 Acc: 1.0000 F1: 1.0000
Epoch 400: Time: 0.0907 Cost: 0.0033 Pre: 1.0000 Re: 1.0000 Acc: 1.0000 F1: 1.0000


--------------------------------------------------------------------
Eval results: Cost:0.0025 Pre:1.0000 Re:1.0000 Acc:1.0000 F1:1.0000
--------------------------------------------------------------------

Early stopping...
--------------------------------------------------------------------
--------------------------------------------------------------------
Test 458 samples take time: 0.3982
Test results: Cost:0.0021 Pre:1.0000 Re:1.0000 Acc:1.0000 F1:1.0000
--------------------------------------------------------------------

