16768
16562
16206
16632
16380
16425
Load data
RNN type: O2 Grammar: g2 Seed: 7
Model total parameters: 200
Saving hinit ... 

Epoch 0: Time: 0.1089 Cost: 22.3728 Pre: 0.0000 Re: 0.0000 Acc: 0.9661 F1: 0.0000


--------------------------------------------------------------------
Eval results: Cost:22.4265 Pre:0.0000 Re:0.0000 Acc:0.9750 F1:0.0000
--------------------------------------------------------------------

Epoch 1: Time: 0.0150 Cost: 22.2908 Pre: 0.0000 Re: 0.0000 Acc: 0.9661 F1: 0.0000
Epoch 2: Time: 0.0148 Cost: 22.1797 Pre: 0.0000 Re: 0.0000 Acc: 0.9703 F1: 0.0000
Epoch 3: Time: 0.0153 Cost: 22.0545 Pre: 0.0000 Re: 0.0000 Acc: 0.9703 F1: 0.0000
Epoch 4: Time: 0.0148 Cost: 21.9212 Pre: 0.0000 Re: 0.0000 Acc: 0.9703 F1: 0.0000
Epoch 5: Time: 0.0149 Cost: 21.7822 Pre: 0.0000 Re: 0.0000 Acc: 0.9703 F1: 0.0000
Epoch 6: Time: 0.0148 Cost: 21.6382 Pre: 0.0000 Re: 0.0000 Acc: 0.9703 F1: 0.0000
Epoch 7: Time: 0.0152 Cost: 21.4888 Pre: 0.0000 Re: 0.0000 Acc: 0.9703 F1: 0.0000
Epoch 8: Time: 0.0150 Cost: 21.3331 Pre: 0.0000 Re: 0.0000 Acc: 0.9703 F1: 0.0000
Epoch 9: Time: 0.0151 Cost: 21.1695 Pre: 0.0000 Re: 0.0000 Acc: 0.9703 F1: 0.0000
Epoch 10: Time: 0.0148 Cost: 20.9961 Pre: 0.0000 Re: 0.0000 Acc: 0.9703 F1: 0.0000


--------------------------------------------------------------------
Eval results: Cost:20.9412 Pre:0.0000 Re:0.0000 Acc:0.9750 F1:0.0000
--------------------------------------------------------------------

Epoch 11: Time: 0.0147 Cost: 20.8108 Pre: 0.0000 Re: 0.0000 Acc: 0.9703 F1: 0.0000
Epoch 12: Time: 0.0151 Cost: 20.6101 Pre: 0.0000 Re: 0.0000 Acc: 0.9703 F1: 0.0000
Epoch 13: Time: 0.0149 Cost: 20.3908 Pre: 0.0000 Re: 0.0000 Acc: 0.9703 F1: 0.0000
Epoch 14: Time: 0.0149 Cost: 20.1489 Pre: 0.0000 Re: 0.0000 Acc: 0.9703 F1: 0.0000
Epoch 15: Time: 0.0149 Cost: 19.8797 Pre: 0.0000 Re: 0.0000 Acc: 0.9703 F1: 0.0000
Epoch 16: Time: 0.0148 Cost: 19.5778 Pre: 0.0000 Re: 0.0000 Acc: 0.9703 F1: 0.0000
Epoch 17: Time: 0.0147 Cost: 19.2369 Pre: 0.0000 Re: 0.0000 Acc: 0.9703 F1: 0.0000
Epoch 18: Time: 0.0151 Cost: 18.8497 Pre: 0.0000 Re: 0.0000 Acc: 0.9703 F1: 0.0000
Epoch 19: Time: 0.0150 Cost: 18.4080 Pre: 0.0000 Re: 0.0000 Acc: 0.9661 F1: 0.0000
Epoch 20: Time: 0.0147 Cost: 17.9029 Pre: 0.0000 Re: 0.0000 Acc: 0.9619 F1: 0.0000


--------------------------------------------------------------------
Eval results: Cost:17.4207 Pre:0.0000 Re:0.0000 Acc:0.9750 F1:0.0000
--------------------------------------------------------------------

Epoch 21: Time: 0.0149 Cost: 17.3260 Pre: 0.0000 Re: 0.0000 Acc: 0.9576 F1: 0.0000
Epoch 22: Time: 0.0149 Cost: 16.6742 Pre: 0.1667 Re: 0.2000 Acc: 0.9619 F1: 0.1818
Epoch 23: Time: 0.0149 Cost: 15.9358 Pre: 0.1667 Re: 0.2000 Acc: 0.9619 F1: 0.1818
Epoch 24: Time: 0.0148 Cost: 15.1026 Pre: 0.1667 Re: 0.2000 Acc: 0.9619 F1: 0.1818
Epoch 25: Time: 0.0154 Cost: 14.1792 Pre: 0.1429 Re: 0.2000 Acc: 0.9576 F1: 0.1667
Epoch 26: Time: 0.0153 Cost: 13.1919 Pre: 0.1429 Re: 0.2000 Acc: 0.9576 F1: 0.1667
Epoch 27: Time: 0.0151 Cost: 12.1940 Pre: 0.1250 Re: 0.2000 Acc: 0.9534 F1: 0.1538
Epoch 28: Time: 0.0163 Cost: 11.2561 Pre: 0.1250 Re: 0.2000 Acc: 0.9534 F1: 0.1538
Epoch 29: Time: 0.0148 Cost: 10.4343 Pre: 0.1000 Re: 0.2000 Acc: 0.9449 F1: 0.1333
Epoch 30: Time: 0.0153 Cost: 9.7370 Pre: 0.1000 Re: 0.2000 Acc: 0.9449 F1: 0.1333


--------------------------------------------------------------------
Eval results: Cost:7.0788 Pre:0.0000 Re:0.0000 Acc:0.9750 F1:0.0000
--------------------------------------------------------------------

Epoch 31: Time: 0.0151 Cost: 9.1299 Pre: 0.0909 Re: 0.2000 Acc: 0.9407 F1: 0.1250
Epoch 32: Time: 0.0146 Cost: 8.5754 Pre: 0.0909 Re: 0.2000 Acc: 0.9407 F1: 0.1250
Epoch 33: Time: 0.0149 Cost: 8.0539 Pre: 0.0909 Re: 0.2000 Acc: 0.9407 F1: 0.1250
Epoch 34: Time: 0.0155 Cost: 7.5650 Pre: 0.0909 Re: 0.2000 Acc: 0.9407 F1: 0.1250
Epoch 35: Time: 0.0152 Cost: 7.1157 Pre: 0.1000 Re: 0.2000 Acc: 0.9449 F1: 0.1333
Epoch 36: Time: 0.0152 Cost: 6.7124 Pre: 0.1000 Re: 0.2000 Acc: 0.9449 F1: 0.1333
Epoch 37: Time: 0.0147 Cost: 6.3573 Pre: 0.1000 Re: 0.2000 Acc: 0.9449 F1: 0.1333
Epoch 38: Time: 0.0150 Cost: 6.0482 Pre: 0.1250 Re: 0.2000 Acc: 0.9534 F1: 0.1538
Epoch 39: Time: 0.0149 Cost: 5.7803 Pre: 0.1667 Re: 0.2000 Acc: 0.9619 F1: 0.1818
Epoch 40: Time: 0.0213 Cost: 5.5477 Pre: 0.1667 Re: 0.2000 Acc: 0.9619 F1: 0.1818


--------------------------------------------------------------------
Eval results: Cost:3.6029 Pre:0.0000 Re:0.0000 Acc:0.9750 F1:0.0000
--------------------------------------------------------------------

Epoch 41: Time: 0.0157 Cost: 5.3446 Pre: 0.1667 Re: 0.2000 Acc: 0.9619 F1: 0.1818
Epoch 42: Time: 0.0152 Cost: 5.1657 Pre: 0.1667 Re: 0.2000 Acc: 0.9619 F1: 0.1818
Epoch 43: Time: 0.0149 Cost: 5.0067 Pre: 0.1667 Re: 0.2000 Acc: 0.9619 F1: 0.1818
Epoch 44: Time: 0.0152 Cost: 4.8640 Pre: 0.1667 Re: 0.2000 Acc: 0.9619 F1: 0.1818
Epoch 45: Time: 0.0157 Cost: 4.7352 Pre: 0.1667 Re: 0.2000 Acc: 0.9619 F1: 0.1818
Epoch 46: Time: 0.0152 Cost: 4.6182 Pre: 0.1667 Re: 0.2000 Acc: 0.9619 F1: 0.1818
Epoch 47: Time: 0.0153 Cost: 4.5114 Pre: 0.1667 Re: 0.2000 Acc: 0.9619 F1: 0.1818
Epoch 48: Time: 0.0151 Cost: 4.4134 Pre: 0.1667 Re: 0.2000 Acc: 0.9619 F1: 0.1818
Epoch 49: Time: 0.0152 Cost: 4.3232 Pre: 0.1667 Re: 0.2000 Acc: 0.9619 F1: 0.1818
Epoch 50: Time: 0.0150 Cost: 4.2399 Pre: 0.1667 Re: 0.2000 Acc: 0.9619 F1: 0.1818


--------------------------------------------------------------------
Eval results: Cost:2.5525 Pre:0.0000 Re:0.0000 Acc:0.9750 F1:0.0000
--------------------------------------------------------------------

Epoch 51: Time: 0.0150 Cost: 4.1629 Pre: 0.1667 Re: 0.2000 Acc: 0.9619 F1: 0.1818
Epoch 52: Time: 0.0150 Cost: 4.0916 Pre: 0.1667 Re: 0.2000 Acc: 0.9619 F1: 0.1818
Epoch 53: Time: 0.0150 Cost: 4.0256 Pre: 0.1667 Re: 0.2000 Acc: 0.9619 F1: 0.1818
Epoch 54: Time: 0.0153 Cost: 3.9644 Pre: 0.1667 Re: 0.2000 Acc: 0.9619 F1: 0.1818
Epoch 55: Time: 0.0149 Cost: 3.9077 Pre: 0.1667 Re: 0.2000 Acc: 0.9619 F1: 0.1818
Epoch 56: Time: 0.0154 Cost: 3.8553 Pre: 0.1667 Re: 0.2000 Acc: 0.9619 F1: 0.1818
Epoch 57: Time: 0.0155 Cost: 3.8068 Pre: 0.1667 Re: 0.2000 Acc: 0.9619 F1: 0.1818
Epoch 58: Time: 0.0149 Cost: 3.7620 Pre: 0.1667 Re: 0.2000 Acc: 0.9619 F1: 0.1818
Epoch 59: Time: 0.0149 Cost: 3.7206 Pre: 0.2000 Re: 0.2000 Acc: 0.9661 F1: 0.2000
Epoch 60: Time: 0.0153 Cost: 3.6825 Pre: 0.2000 Re: 0.2000 Acc: 0.9661 F1: 0.2000


--------------------------------------------------------------------
Eval results: Cost:2.1746 Pre:0.0000 Re:0.0000 Acc:0.9750 F1:0.0000
--------------------------------------------------------------------

Epoch 61: Time: 0.0153 Cost: 3.6473 Pre: 0.2000 Re: 0.2000 Acc: 0.9661 F1: 0.2000
Epoch 62: Time: 0.0154 Cost: 3.6148 Pre: 0.2000 Re: 0.2000 Acc: 0.9661 F1: 0.2000
Epoch 63: Time: 0.0148 Cost: 3.5847 Pre: 0.2500 Re: 0.2000 Acc: 0.9703 F1: 0.2222
Epoch 64: Time: 0.0150 Cost: 3.5567 Pre: 0.2500 Re: 0.2000 Acc: 0.9703 F1: 0.2222
Epoch 65: Time: 0.0151 Cost: 3.5305 Pre: 0.2500 Re: 0.2000 Acc: 0.9703 F1: 0.2222
Epoch 66: Time: 0.0148 Cost: 3.5059 Pre: 0.2500 Re: 0.2000 Acc: 0.9703 F1: 0.2222
Epoch 67: Time: 0.0151 Cost: 3.4827 Pre: 0.2500 Re: 0.2000 Acc: 0.9703 F1: 0.2222
Epoch 68: Time: 0.0149 Cost: 3.4608 Pre: 0.2500 Re: 0.2000 Acc: 0.9703 F1: 0.2222
Epoch 69: Time: 0.0156 Cost: 3.4400 Pre: 0.2500 Re: 0.2000 Acc: 0.9703 F1: 0.2222
Epoch 70: Time: 0.0150 Cost: 3.4201 Pre: 0.2500 Re: 0.2000 Acc: 0.9703 F1: 0.2222


--------------------------------------------------------------------
Eval results: Cost:2.0208 Pre:0.0000 Re:0.0000 Acc:0.9750 F1:0.0000
--------------------------------------------------------------------

Epoch 71: Time: 0.0152 Cost: 3.4011 Pre: 0.2500 Re: 0.2000 Acc: 0.9703 F1: 0.2222
Epoch 72: Time: 0.0152 Cost: 3.3828 Pre: 0.2500 Re: 0.2000 Acc: 0.9703 F1: 0.2222
Epoch 73: Time: 0.0151 Cost: 3.3651 Pre: 0.2500 Re: 0.2000 Acc: 0.9703 F1: 0.2222
Epoch 74: Time: 0.0152 Cost: 3.3480 Pre: 0.2500 Re: 0.2000 Acc: 0.9703 F1: 0.2222
Epoch 75: Time: 0.0149 Cost: 3.3313 Pre: 0.2500 Re: 0.2000 Acc: 0.9703 F1: 0.2222
Epoch 76: Time: 0.0149 Cost: 3.3150 Pre: 0.2500 Re: 0.2000 Acc: 0.9703 F1: 0.2222
Epoch 77: Time: 0.0153 Cost: 3.2990 Pre: 0.2500 Re: 0.2000 Acc: 0.9703 F1: 0.2222
Epoch 78: Time: 0.0150 Cost: 3.2832 Pre: 0.2500 Re: 0.2000 Acc: 0.9703 F1: 0.2222
Epoch 79: Time: 0.0150 Cost: 3.2676 Pre: 0.2500 Re: 0.2000 Acc: 0.9703 F1: 0.2222
Epoch 80: Time: 0.0149 Cost: 3.2522 Pre: 0.2500 Re: 0.2000 Acc: 0.9703 F1: 0.2222


--------------------------------------------------------------------
Eval results: Cost:1.9167 Pre:0.0000 Re:0.0000 Acc:0.9750 F1:0.0000
--------------------------------------------------------------------

Epoch 81: Time: 0.0155 Cost: 3.2369 Pre: 0.2500 Re: 0.2000 Acc: 0.9703 F1: 0.2222
Epoch 82: Time: 0.0154 Cost: 3.2216 Pre: 0.2500 Re: 0.2000 Acc: 0.9703 F1: 0.2222
Epoch 83: Time: 0.0156 Cost: 3.2063 Pre: 0.2500 Re: 0.2000 Acc: 0.9703 F1: 0.2222
Epoch 84: Time: 0.0152 Cost: 3.1910 Pre: 0.2500 Re: 0.2000 Acc: 0.9703 F1: 0.2222
Epoch 85: Time: 0.0153 Cost: 3.1756 Pre: 0.2500 Re: 0.2000 Acc: 0.9703 F1: 0.2222
Epoch 86: Time: 0.0151 Cost: 3.1601 Pre: 0.2500 Re: 0.2000 Acc: 0.9703 F1: 0.2222
Epoch 87: Time: 0.0151 Cost: 3.1446 Pre: 0.2500 Re: 0.2000 Acc: 0.9703 F1: 0.2222
Epoch 88: Time: 0.0154 Cost: 3.1289 Pre: 0.2500 Re: 0.2000 Acc: 0.9703 F1: 0.2222
Epoch 89: Time: 0.0148 Cost: 3.1131 Pre: 0.2500 Re: 0.2000 Acc: 0.9703 F1: 0.2222
Epoch 90: Time: 0.0154 Cost: 3.0973 Pre: 0.2500 Re: 0.2000 Acc: 0.9703 F1: 0.2222


--------------------------------------------------------------------
Eval results: Cost:1.8044 Pre:0.0000 Re:0.0000 Acc:0.9750 F1:0.0000
--------------------------------------------------------------------

Epoch 91: Time: 0.0158 Cost: 3.0813 Pre: 0.2500 Re: 0.2000 Acc: 0.9703 F1: 0.2222
Epoch 92: Time: 0.0151 Cost: 3.0652 Pre: 0.2500 Re: 0.2000 Acc: 0.9703 F1: 0.2222
Epoch 93: Time: 0.0164 Cost: 3.0491 Pre: 0.2500 Re: 0.2000 Acc: 0.9703 F1: 0.2222
Epoch 94: Time: 0.0152 Cost: 3.0329 Pre: 0.2500 Re: 0.2000 Acc: 0.9703 F1: 0.2222
Epoch 95: Time: 0.0157 Cost: 3.0167 Pre: 0.2500 Re: 0.2000 Acc: 0.9703 F1: 0.2222
Epoch 96: Time: 0.0150 Cost: 3.0005 Pre: 0.2500 Re: 0.2000 Acc: 0.9703 F1: 0.2222
Epoch 97: Time: 0.0150 Cost: 2.9844 Pre: 0.2500 Re: 0.2000 Acc: 0.9703 F1: 0.2222
Epoch 98: Time: 0.0162 Cost: 2.9683 Pre: 0.2500 Re: 0.2000 Acc: 0.9703 F1: 0.2222
Epoch 99: Time: 0.0152 Cost: 2.9523 Pre: 0.2500 Re: 0.2000 Acc: 0.9703 F1: 0.2222
Epoch 100: Time: 0.0155 Cost: 2.9364 Pre: 0.2500 Re: 0.2000 Acc: 0.9703 F1: 0.2222


--------------------------------------------------------------------
Eval results: Cost:1.6817 Pre:0.0000 Re:0.0000 Acc:0.9750 F1:0.0000
--------------------------------------------------------------------

Epoch 101: Time: 0.0151 Cost: 2.9205 Pre: 0.2500 Re: 0.2000 Acc: 0.9703 F1: 0.2222
Epoch 102: Time: 0.0153 Cost: 2.9047 Pre: 0.2500 Re: 0.2000 Acc: 0.9703 F1: 0.2222
Epoch 103: Time: 0.0153 Cost: 2.8889 Pre: 0.2500 Re: 0.2000 Acc: 0.9703 F1: 0.2222
Epoch 104: Time: 0.0149 Cost: 2.8732 Pre: 0.3333 Re: 0.2000 Acc: 0.9746 F1: 0.2500
Epoch 105: Time: 0.0149 Cost: 2.8576 Pre: 0.3333 Re: 0.2000 Acc: 0.9746 F1: 0.2500
Epoch 106: Time: 0.0148 Cost: 2.8420 Pre: 0.3333 Re: 0.2000 Acc: 0.9746 F1: 0.2500
Epoch 107: Time: 0.0150 Cost: 2.8264 Pre: 0.3333 Re: 0.2000 Acc: 0.9746 F1: 0.2500
Epoch 108: Time: 0.0151 Cost: 2.8108 Pre: 0.3333 Re: 0.2000 Acc: 0.9746 F1: 0.2500
Epoch 109: Time: 0.0152 Cost: 2.7952 Pre: 0.3333 Re: 0.2000 Acc: 0.9746 F1: 0.2500
Epoch 110: Time: 0.0153 Cost: 2.7797 Pre: 0.3333 Re: 0.2000 Acc: 0.9746 F1: 0.2500


--------------------------------------------------------------------
Eval results: Cost:1.5682 Pre:0.0000 Re:0.0000 Acc:0.9750 F1:0.0000
--------------------------------------------------------------------

Epoch 111: Time: 0.0147 Cost: 2.7641 Pre: 0.3333 Re: 0.2000 Acc: 0.9746 F1: 0.2500
Epoch 112: Time: 0.0150 Cost: 2.7484 Pre: 0.3333 Re: 0.2000 Acc: 0.9746 F1: 0.2500
Epoch 113: Time: 0.0156 Cost: 2.7326 Pre: 0.3333 Re: 0.2000 Acc: 0.9746 F1: 0.2500
Epoch 114: Time: 0.0150 Cost: 2.7168 Pre: 0.3333 Re: 0.2000 Acc: 0.9746 F1: 0.2500
Epoch 115: Time: 0.0152 Cost: 2.7009 Pre: 0.3333 Re: 0.2000 Acc: 0.9746 F1: 0.2500
Epoch 116: Time: 0.0151 Cost: 2.6848 Pre: 0.5000 Re: 0.4000 Acc: 0.9788 F1: 0.4444
Epoch 117: Time: 0.0151 Cost: 2.6686 Pre: 0.5000 Re: 0.4000 Acc: 0.9788 F1: 0.4444
Epoch 118: Time: 0.0153 Cost: 2.6522 Pre: 0.5000 Re: 0.4000 Acc: 0.9788 F1: 0.4444
Epoch 119: Time: 0.0150 Cost: 2.6356 Pre: 0.5000 Re: 0.4000 Acc: 0.9788 F1: 0.4444
Epoch 120: Time: 0.0153 Cost: 2.6187 Pre: 0.5000 Re: 0.4000 Acc: 0.9788 F1: 0.4444


--------------------------------------------------------------------
Eval results: Cost:1.4605 Pre:0.3333 Re:0.5000 Acc:0.9812 F1:0.4000
--------------------------------------------------------------------

Epoch 121: Time: 0.0148 Cost: 2.6014 Pre: 0.5000 Re: 0.4000 Acc: 0.9788 F1: 0.4444
Epoch 122: Time: 0.0152 Cost: 2.5837 Pre: 0.5000 Re: 0.4000 Acc: 0.9788 F1: 0.4444
Epoch 123: Time: 0.0152 Cost: 2.5653 Pre: 0.5000 Re: 0.4000 Acc: 0.9788 F1: 0.4444
Epoch 124: Time: 0.0149 Cost: 2.5463 Pre: 0.5000 Re: 0.4000 Acc: 0.9788 F1: 0.4444
Epoch 125: Time: 0.0152 Cost: 2.5265 Pre: 0.5000 Re: 0.4000 Acc: 0.9788 F1: 0.4444
Epoch 126: Time: 0.0152 Cost: 2.5056 Pre: 0.5000 Re: 0.4000 Acc: 0.9788 F1: 0.4444
Epoch 127: Time: 0.0150 Cost: 2.4835 Pre: 0.5000 Re: 0.4000 Acc: 0.9788 F1: 0.4444
Epoch 128: Time: 0.0157 Cost: 2.4598 Pre: 0.5000 Re: 0.4000 Acc: 0.9788 F1: 0.4444
Epoch 129: Time: 0.0149 Cost: 2.4343 Pre: 0.5000 Re: 0.4000 Acc: 0.9788 F1: 0.4444
Epoch 130: Time: 0.0151 Cost: 2.4064 Pre: 0.5000 Re: 0.4000 Acc: 0.9788 F1: 0.4444


--------------------------------------------------------------------
Eval results: Cost:1.3580 Pre:0.3333 Re:0.5000 Acc:0.9812 F1:0.4000
--------------------------------------------------------------------

Epoch 131: Time: 0.0148 Cost: 2.3758 Pre: 0.5000 Re: 0.4000 Acc: 0.9788 F1: 0.4444
Epoch 132: Time: 0.0150 Cost: 2.3415 Pre: 0.5000 Re: 0.4000 Acc: 0.9788 F1: 0.4444
Epoch 133: Time: 0.0152 Cost: 2.3024 Pre: 0.5000 Re: 0.4000 Acc: 0.9788 F1: 0.4444
Epoch 134: Time: 0.0150 Cost: 2.2564 Pre: 0.5000 Re: 0.4000 Acc: 0.9788 F1: 0.4444
Epoch 135: Time: 0.0152 Cost: 2.1994 Pre: 0.5000 Re: 0.4000 Acc: 0.9788 F1: 0.4444
Epoch 136: Time: 0.0155 Cost: 2.1234 Pre: 0.5000 Re: 0.4000 Acc: 0.9788 F1: 0.4444
Epoch 137: Time: 0.0149 Cost: 2.0160 Pre: 0.6000 Re: 0.6000 Acc: 0.9831 F1: 0.6000
Epoch 138: Time: 0.0150 Cost: 1.8634 Pre: 0.6000 Re: 0.6000 Acc: 0.9831 F1: 0.6000
Epoch 139: Time: 0.0153 Cost: 1.6496 Pre: 0.6000 Re: 0.6000 Acc: 0.9831 F1: 0.6000
Epoch 140: Time: 0.0148 Cost: 1.3920 Pre: 0.6667 Re: 0.8000 Acc: 0.9873 F1: 0.7273


--------------------------------------------------------------------
Eval results: Cost:0.9671 Pre:0.5000 Re:1.0000 Acc:0.9875 F1:0.6667
--------------------------------------------------------------------

Epoch 141: Time: 0.0150 Cost: 1.2080 Pre: 0.7143 Re: 1.0000 Acc: 0.9915 F1: 0.8333
Epoch 142: Time: 0.0159 Cost: 1.1220 Pre: 0.7143 Re: 1.0000 Acc: 0.9915 F1: 0.8333
Epoch 143: Time: 0.0151 Cost: 1.0774 Pre: 0.7143 Re: 1.0000 Acc: 0.9915 F1: 0.8333
Epoch 144: Time: 0.0150 Cost: 1.0457 Pre: 0.7143 Re: 1.0000 Acc: 0.9915 F1: 0.8333
Epoch 145: Time: 0.0154 Cost: 1.0183 Pre: 0.7143 Re: 1.0000 Acc: 0.9915 F1: 0.8333
Epoch 146: Time: 0.0155 Cost: 0.9926 Pre: 0.7143 Re: 1.0000 Acc: 0.9915 F1: 0.8333
Epoch 147: Time: 0.0147 Cost: 0.9680 Pre: 0.7143 Re: 1.0000 Acc: 0.9915 F1: 0.8333
Epoch 148: Time: 0.0151 Cost: 0.9444 Pre: 0.7143 Re: 1.0000 Acc: 0.9915 F1: 0.8333
Epoch 149: Time: 0.0148 Cost: 0.9219 Pre: 0.7143 Re: 1.0000 Acc: 0.9915 F1: 0.8333
Epoch 150: Time: 0.0151 Cost: 0.9005 Pre: 0.7143 Re: 1.0000 Acc: 0.9915 F1: 0.8333


--------------------------------------------------------------------
Eval results: Cost:0.7563 Pre:0.5000 Re:1.0000 Acc:0.9875 F1:0.6667
--------------------------------------------------------------------

Epoch 151: Time: 0.0153 Cost: 0.8803 Pre: 0.7143 Re: 1.0000 Acc: 0.9915 F1: 0.8333
Epoch 152: Time: 0.0149 Cost: 0.8610 Pre: 0.7143 Re: 1.0000 Acc: 0.9915 F1: 0.8333
Epoch 153: Time: 0.0149 Cost: 0.8427 Pre: 0.7143 Re: 1.0000 Acc: 0.9915 F1: 0.8333
Epoch 154: Time: 0.0148 Cost: 0.8253 Pre: 0.7143 Re: 1.0000 Acc: 0.9915 F1: 0.8333
Epoch 155: Time: 0.0150 Cost: 0.8086 Pre: 0.7143 Re: 1.0000 Acc: 0.9915 F1: 0.8333
Epoch 156: Time: 0.0151 Cost: 0.7927 Pre: 0.7143 Re: 1.0000 Acc: 0.9915 F1: 0.8333
Epoch 157: Time: 0.0154 Cost: 0.7774 Pre: 0.7143 Re: 1.0000 Acc: 0.9915 F1: 0.8333
Epoch 158: Time: 0.0156 Cost: 0.7627 Pre: 0.7143 Re: 1.0000 Acc: 0.9915 F1: 0.8333
Epoch 159: Time: 0.0150 Cost: 0.7485 Pre: 0.7143 Re: 1.0000 Acc: 0.9915 F1: 0.8333
Epoch 160: Time: 0.0148 Cost: 0.7348 Pre: 0.7143 Re: 1.0000 Acc: 0.9915 F1: 0.8333


--------------------------------------------------------------------
Eval results: Cost:0.6447 Pre:0.5000 Re:1.0000 Acc:0.9875 F1:0.6667
--------------------------------------------------------------------

Epoch 161: Time: 0.0150 Cost: 0.7215 Pre: 0.7143 Re: 1.0000 Acc: 0.9915 F1: 0.8333
Epoch 162: Time: 0.0146 Cost: 0.7086 Pre: 0.7143 Re: 1.0000 Acc: 0.9915 F1: 0.8333
Epoch 163: Time: 0.0149 Cost: 0.6960 Pre: 0.7143 Re: 1.0000 Acc: 0.9915 F1: 0.8333
Epoch 164: Time: 0.0148 Cost: 0.6837 Pre: 0.7143 Re: 1.0000 Acc: 0.9915 F1: 0.8333
Epoch 165: Time: 0.0151 Cost: 0.6717 Pre: 0.7143 Re: 1.0000 Acc: 0.9915 F1: 0.8333
Epoch 166: Time: 0.0151 Cost: 0.6600 Pre: 0.7143 Re: 1.0000 Acc: 0.9915 F1: 0.8333
Epoch 167: Time: 0.0147 Cost: 0.6484 Pre: 0.7143 Re: 1.0000 Acc: 0.9915 F1: 0.8333
Epoch 168: Time: 0.0146 Cost: 0.6371 Pre: 0.7143 Re: 1.0000 Acc: 0.9915 F1: 0.8333
Epoch 169: Time: 0.0145 Cost: 0.6260 Pre: 0.7143 Re: 1.0000 Acc: 0.9915 F1: 0.8333
Epoch 170: Time: 0.0144 Cost: 0.6151 Pre: 0.7143 Re: 1.0000 Acc: 0.9915 F1: 0.8333


--------------------------------------------------------------------
Eval results: Cost:0.5534 Pre:0.5000 Re:1.0000 Acc:0.9875 F1:0.6667
--------------------------------------------------------------------

Epoch 171: Time: 0.0147 Cost: 0.6044 Pre: 0.7143 Re: 1.0000 Acc: 0.9915 F1: 0.8333
Epoch 172: Time: 0.0153 Cost: 0.5938 Pre: 0.7143 Re: 1.0000 Acc: 0.9915 F1: 0.8333
Epoch 173: Time: 0.0151 Cost: 0.5834 Pre: 0.7143 Re: 1.0000 Acc: 0.9915 F1: 0.8333
Epoch 174: Time: 0.0143 Cost: 0.5731 Pre: 0.7143 Re: 1.0000 Acc: 0.9915 F1: 0.8333
Epoch 175: Time: 0.0146 Cost: 0.5630 Pre: 0.7143 Re: 1.0000 Acc: 0.9915 F1: 0.8333
Epoch 176: Time: 0.0147 Cost: 0.5530 Pre: 0.7143 Re: 1.0000 Acc: 0.9915 F1: 0.8333
Epoch 177: Time: 0.0144 Cost: 0.5431 Pre: 0.7143 Re: 1.0000 Acc: 0.9915 F1: 0.8333
Epoch 178: Time: 0.0146 Cost: 0.5335 Pre: 0.8333 Re: 1.0000 Acc: 0.9958 F1: 0.9091
Epoch 179: Time: 0.0144 Cost: 0.5239 Pre: 0.8333 Re: 1.0000 Acc: 0.9958 F1: 0.9091
Epoch 180: Time: 0.0149 Cost: 0.5145 Pre: 0.8333 Re: 1.0000 Acc: 0.9958 F1: 0.9091


--------------------------------------------------------------------
Eval results: Cost:0.4707 Pre:0.6667 Re:1.0000 Acc:0.9938 F1:0.8000
--------------------------------------------------------------------

Epoch 181: Time: 0.0145 Cost: 0.5052 Pre: 0.8333 Re: 1.0000 Acc: 0.9958 F1: 0.9091
Epoch 182: Time: 0.0146 Cost: 0.4960 Pre: 0.8333 Re: 1.0000 Acc: 0.9958 F1: 0.9091
Epoch 183: Time: 0.0163 Cost: 0.4870 Pre: 0.8333 Re: 1.0000 Acc: 0.9958 F1: 0.9091
Epoch 184: Time: 0.0186 Cost: 0.4781 Pre: 0.8333 Re: 1.0000 Acc: 0.9958 F1: 0.9091
Epoch 185: Time: 0.0185 Cost: 0.4693 Pre: 0.8333 Re: 1.0000 Acc: 0.9958 F1: 0.9091
Epoch 186: Time: 0.0147 Cost: 0.4606 Pre: 0.8333 Re: 1.0000 Acc: 0.9958 F1: 0.9091
Epoch 187: Time: 0.0150 Cost: 0.4521 Pre: 0.8333 Re: 1.0000 Acc: 0.9958 F1: 0.9091
Epoch 188: Time: 0.0150 Cost: 0.4437 Pre: 0.8333 Re: 1.0000 Acc: 0.9958 F1: 0.9091
Epoch 189: Time: 0.0150 Cost: 0.4355 Pre: 0.8333 Re: 1.0000 Acc: 0.9958 F1: 0.9091
Epoch 190: Time: 0.0143 Cost: 0.4274 Pre: 0.8333 Re: 1.0000 Acc: 0.9958 F1: 0.9091


--------------------------------------------------------------------
Eval results: Cost:0.3953 Pre:0.6667 Re:1.0000 Acc:0.9938 F1:0.8000
--------------------------------------------------------------------

Epoch 191: Time: 0.0146 Cost: 0.4194 Pre: 0.8333 Re: 1.0000 Acc: 0.9958 F1: 0.9091
Epoch 192: Time: 0.0145 Cost: 0.4115 Pre: 0.8333 Re: 1.0000 Acc: 0.9958 F1: 0.9091
Epoch 193: Time: 0.0147 Cost: 0.4038 Pre: 0.8333 Re: 1.0000 Acc: 0.9958 F1: 0.9091
Epoch 194: Time: 0.0146 Cost: 0.3962 Pre: 1.0000 Re: 1.0000 Acc: 1.0000 F1: 1.0000
Epoch 195: Time: 0.0146 Cost: 0.3887 Pre: 1.0000 Re: 1.0000 Acc: 1.0000 F1: 1.0000
Epoch 196: Time: 0.0145 Cost: 0.3813 Pre: 1.0000 Re: 1.0000 Acc: 1.0000 F1: 1.0000
Epoch 197: Time: 0.0144 Cost: 0.3741 Pre: 1.0000 Re: 1.0000 Acc: 1.0000 F1: 1.0000
Epoch 198: Time: 0.0150 Cost: 0.3670 Pre: 1.0000 Re: 1.0000 Acc: 1.0000 F1: 1.0000
Epoch 199: Time: 0.0145 Cost: 0.3600 Pre: 1.0000 Re: 1.0000 Acc: 1.0000 F1: 1.0000
Epoch 200: Time: 0.0147 Cost: 0.3531 Pre: 1.0000 Re: 1.0000 Acc: 1.0000 F1: 1.0000


--------------------------------------------------------------------
Eval results: Cost:0.3284 Pre:1.0000 Re:1.0000 Acc:1.0000 F1:1.0000
--------------------------------------------------------------------

Epoch 201: Time: 0.0146 Cost: 0.3464 Pre: 1.0000 Re: 1.0000 Acc: 1.0000 F1: 1.0000
Epoch 202: Time: 0.0151 Cost: 0.3398 Pre: 1.0000 Re: 1.0000 Acc: 1.0000 F1: 1.0000
Epoch 203: Time: 0.0149 Cost: 0.3333 Pre: 1.0000 Re: 1.0000 Acc: 1.0000 F1: 1.0000
Epoch 204: Time: 0.0144 Cost: 0.3269 Pre: 1.0000 Re: 1.0000 Acc: 1.0000 F1: 1.0000
Epoch 205: Time: 0.0150 Cost: 0.3206 Pre: 1.0000 Re: 1.0000 Acc: 1.0000 F1: 1.0000
Epoch 206: Time: 0.0147 Cost: 0.3144 Pre: 1.0000 Re: 1.0000 Acc: 1.0000 F1: 1.0000
Epoch 207: Time: 0.0146 Cost: 0.3084 Pre: 1.0000 Re: 1.0000 Acc: 1.0000 F1: 1.0000
Epoch 208: Time: 0.0150 Cost: 0.3024 Pre: 1.0000 Re: 1.0000 Acc: 1.0000 F1: 1.0000
Epoch 209: Time: 0.0143 Cost: 0.2966 Pre: 1.0000 Re: 1.0000 Acc: 1.0000 F1: 1.0000
Epoch 210: Time: 0.0147 Cost: 0.2908 Pre: 1.0000 Re: 1.0000 Acc: 1.0000 F1: 1.0000


--------------------------------------------------------------------
Eval results: Cost:0.2708 Pre:1.0000 Re:1.0000 Acc:1.0000 F1:1.0000
--------------------------------------------------------------------

Epoch 211: Time: 0.0144 Cost: 0.2852 Pre: 1.0000 Re: 1.0000 Acc: 1.0000 F1: 1.0000
Epoch 212: Time: 0.0147 Cost: 0.2797 Pre: 1.0000 Re: 1.0000 Acc: 1.0000 F1: 1.0000
Epoch 213: Time: 0.0144 Cost: 0.2743 Pre: 1.0000 Re: 1.0000 Acc: 1.0000 F1: 1.0000
Epoch 214: Time: 0.0147 Cost: 0.2689 Pre: 1.0000 Re: 1.0000 Acc: 1.0000 F1: 1.0000
Epoch 215: Time: 0.0149 Cost: 0.2637 Pre: 1.0000 Re: 1.0000 Acc: 1.0000 F1: 1.0000
Epoch 216: Time: 0.0143 Cost: 0.2585 Pre: 1.0000 Re: 1.0000 Acc: 1.0000 F1: 1.0000
Epoch 217: Time: 0.0153 Cost: 0.2535 Pre: 1.0000 Re: 1.0000 Acc: 1.0000 F1: 1.0000
Epoch 218: Time: 0.0167 Cost: 0.2486 Pre: 1.0000 Re: 1.0000 Acc: 1.0000 F1: 1.0000
Epoch 219: Time: 0.0146 Cost: 0.2437 Pre: 1.0000 Re: 1.0000 Acc: 1.0000 F1: 1.0000
Epoch 220: Time: 0.0147 Cost: 0.2389 Pre: 1.0000 Re: 1.0000 Acc: 1.0000 F1: 1.0000


--------------------------------------------------------------------
Eval results: Cost:0.2222 Pre:1.0000 Re:1.0000 Acc:1.0000 F1:1.0000
--------------------------------------------------------------------

Epoch 221: Time: 0.0145 Cost: 0.2343 Pre: 1.0000 Re: 1.0000 Acc: 1.0000 F1: 1.0000
Epoch 222: Time: 0.0145 Cost: 0.2297 Pre: 1.0000 Re: 1.0000 Acc: 1.0000 F1: 1.0000
Epoch 223: Time: 0.0144 Cost: 0.2252 Pre: 1.0000 Re: 1.0000 Acc: 1.0000 F1: 1.0000
Epoch 224: Time: 0.0147 Cost: 0.2207 Pre: 1.0000 Re: 1.0000 Acc: 1.0000 F1: 1.0000
Epoch 225: Time: 0.0144 Cost: 0.2164 Pre: 1.0000 Re: 1.0000 Acc: 1.0000 F1: 1.0000
Epoch 226: Time: 0.0152 Cost: 0.2121 Pre: 1.0000 Re: 1.0000 Acc: 1.0000 F1: 1.0000
Epoch 227: Time: 0.0149 Cost: 0.2080 Pre: 1.0000 Re: 1.0000 Acc: 1.0000 F1: 1.0000
Epoch 228: Time: 0.0143 Cost: 0.2039 Pre: 1.0000 Re: 1.0000 Acc: 1.0000 F1: 1.0000
Epoch 229: Time: 0.0146 Cost: 0.1999 Pre: 1.0000 Re: 1.0000 Acc: 1.0000 F1: 1.0000
Epoch 230: Time: 0.0145 Cost: 0.1959 Pre: 1.0000 Re: 1.0000 Acc: 1.0000 F1: 1.0000


--------------------------------------------------------------------
Eval results: Cost:0.1816 Pre:1.0000 Re:1.0000 Acc:1.0000 F1:1.0000
--------------------------------------------------------------------

Epoch 231: Time: 0.0150 Cost: 0.1921 Pre: 1.0000 Re: 1.0000 Acc: 1.0000 F1: 1.0000
Epoch 232: Time: 0.0146 Cost: 0.1883 Pre: 1.0000 Re: 1.0000 Acc: 1.0000 F1: 1.0000
Epoch 233: Time: 0.0145 Cost: 0.1846 Pre: 1.0000 Re: 1.0000 Acc: 1.0000 F1: 1.0000
Epoch 234: Time: 0.0146 Cost: 0.1809 Pre: 1.0000 Re: 1.0000 Acc: 1.0000 F1: 1.0000
Epoch 235: Time: 0.0147 Cost: 0.1773 Pre: 1.0000 Re: 1.0000 Acc: 1.0000 F1: 1.0000
Epoch 236: Time: 0.0146 Cost: 0.1738 Pre: 1.0000 Re: 1.0000 Acc: 1.0000 F1: 1.0000
Epoch 237: Time: 0.0146 Cost: 0.1704 Pre: 1.0000 Re: 1.0000 Acc: 1.0000 F1: 1.0000
Epoch 238: Time: 0.0144 Cost: 0.1670 Pre: 1.0000 Re: 1.0000 Acc: 1.0000 F1: 1.0000
Epoch 239: Time: 0.0151 Cost: 0.1638 Pre: 1.0000 Re: 1.0000 Acc: 1.0000 F1: 1.0000
Epoch 240: Time: 0.0143 Cost: 0.1605 Pre: 1.0000 Re: 1.0000 Acc: 1.0000 F1: 1.0000


--------------------------------------------------------------------
Eval results: Cost:0.1481 Pre:1.0000 Re:1.0000 Acc:1.0000 F1:1.0000
--------------------------------------------------------------------

Epoch 241: Time: 0.0146 Cost: 0.1574 Pre: 1.0000 Re: 1.0000 Acc: 1.0000 F1: 1.0000
Epoch 242: Time: 0.0150 Cost: 0.1543 Pre: 1.0000 Re: 1.0000 Acc: 1.0000 F1: 1.0000
Epoch 243: Time: 0.0147 Cost: 0.1512 Pre: 1.0000 Re: 1.0000 Acc: 1.0000 F1: 1.0000
Epoch 244: Time: 0.0145 Cost: 0.1482 Pre: 1.0000 Re: 1.0000 Acc: 1.0000 F1: 1.0000
Epoch 245: Time: 0.0144 Cost: 0.1453 Pre: 1.0000 Re: 1.0000 Acc: 1.0000 F1: 1.0000
Epoch 246: Time: 0.0148 Cost: 0.1424 Pre: 1.0000 Re: 1.0000 Acc: 1.0000 F1: 1.0000
Epoch 247: Time: 0.0143 Cost: 0.1396 Pre: 1.0000 Re: 1.0000 Acc: 1.0000 F1: 1.0000
Epoch 248: Time: 0.0149 Cost: 0.1369 Pre: 1.0000 Re: 1.0000 Acc: 1.0000 F1: 1.0000
Epoch 249: Time: 0.0146 Cost: 0.1342 Pre: 1.0000 Re: 1.0000 Acc: 1.0000 F1: 1.0000
Epoch 250: Time: 0.0148 Cost: 0.1316 Pre: 1.0000 Re: 1.0000 Acc: 1.0000 F1: 1.0000


--------------------------------------------------------------------
Eval results: Cost:0.1208 Pre:1.0000 Re:1.0000 Acc:1.0000 F1:1.0000
--------------------------------------------------------------------

Epoch 251: Time: 0.0145 Cost: 0.1290 Pre: 1.0000 Re: 1.0000 Acc: 1.0000 F1: 1.0000
Epoch 252: Time: 0.0144 Cost: 0.1265 Pre: 1.0000 Re: 1.0000 Acc: 1.0000 F1: 1.0000
Epoch 253: Time: 0.0148 Cost: 0.1240 Pre: 1.0000 Re: 1.0000 Acc: 1.0000 F1: 1.0000
Epoch 254: Time: 0.0145 Cost: 0.1215 Pre: 1.0000 Re: 1.0000 Acc: 1.0000 F1: 1.0000
Epoch 255: Time: 0.0147 Cost: 0.1192 Pre: 1.0000 Re: 1.0000 Acc: 1.0000 F1: 1.0000
Epoch 256: Time: 0.0146 Cost: 0.1168 Pre: 1.0000 Re: 1.0000 Acc: 1.0000 F1: 1.0000
Epoch 257: Time: 0.0151 Cost: 0.1146 Pre: 1.0000 Re: 1.0000 Acc: 1.0000 F1: 1.0000
Epoch 258: Time: 0.0151 Cost: 0.1123 Pre: 1.0000 Re: 1.0000 Acc: 1.0000 F1: 1.0000
Epoch 259: Time: 0.0147 Cost: 0.1101 Pre: 1.0000 Re: 1.0000 Acc: 1.0000 F1: 1.0000
Epoch 260: Time: 0.0148 Cost: 0.1080 Pre: 1.0000 Re: 1.0000 Acc: 1.0000 F1: 1.0000


--------------------------------------------------------------------
Eval results: Cost:0.0988 Pre:1.0000 Re:1.0000 Acc:1.0000 F1:1.0000
--------------------------------------------------------------------

Epoch 261: Time: 0.0151 Cost: 0.1059 Pre: 1.0000 Re: 1.0000 Acc: 1.0000 F1: 1.0000
Epoch 262: Time: 0.0150 Cost: 0.1039 Pre: 1.0000 Re: 1.0000 Acc: 1.0000 F1: 1.0000
Epoch 263: Time: 0.0154 Cost: 0.1019 Pre: 1.0000 Re: 1.0000 Acc: 1.0000 F1: 1.0000
Epoch 264: Time: 0.0213 Cost: 0.0999 Pre: 1.0000 Re: 1.0000 Acc: 1.0000 F1: 1.0000
Epoch 265: Time: 0.0152 Cost: 0.0980 Pre: 1.0000 Re: 1.0000 Acc: 1.0000 F1: 1.0000
Epoch 266: Time: 0.0163 Cost: 0.0961 Pre: 1.0000 Re: 1.0000 Acc: 1.0000 F1: 1.0000
Epoch 267: Time: 0.0149 Cost: 0.0942 Pre: 1.0000 Re: 1.0000 Acc: 1.0000 F1: 1.0000
Epoch 268: Time: 0.0147 Cost: 0.0924 Pre: 1.0000 Re: 1.0000 Acc: 1.0000 F1: 1.0000
Epoch 269: Time: 0.0148 Cost: 0.0907 Pre: 1.0000 Re: 1.0000 Acc: 1.0000 F1: 1.0000
Epoch 270: Time: 0.0149 Cost: 0.0889 Pre: 1.0000 Re: 1.0000 Acc: 1.0000 F1: 1.0000


--------------------------------------------------------------------
Eval results: Cost:0.0810 Pre:1.0000 Re:1.0000 Acc:1.0000 F1:1.0000
--------------------------------------------------------------------

Epoch 271: Time: 0.0151 Cost: 0.0873 Pre: 1.0000 Re: 1.0000 Acc: 1.0000 F1: 1.0000
Epoch 272: Time: 0.0151 Cost: 0.0856 Pre: 1.0000 Re: 1.0000 Acc: 1.0000 F1: 1.0000
Epoch 273: Time: 0.0151 Cost: 0.0840 Pre: 1.0000 Re: 1.0000 Acc: 1.0000 F1: 1.0000
Epoch 274: Time: 0.0152 Cost: 0.0824 Pre: 1.0000 Re: 1.0000 Acc: 1.0000 F1: 1.0000
Epoch 275: Time: 0.0148 Cost: 0.0809 Pre: 1.0000 Re: 1.0000 Acc: 1.0000 F1: 1.0000
Epoch 276: Time: 0.0150 Cost: 0.0793 Pre: 1.0000 Re: 1.0000 Acc: 1.0000 F1: 1.0000
Epoch 277: Time: 0.0156 Cost: 0.0779 Pre: 1.0000 Re: 1.0000 Acc: 1.0000 F1: 1.0000
Epoch 278: Time: 0.0158 Cost: 0.0764 Pre: 1.0000 Re: 1.0000 Acc: 1.0000 F1: 1.0000
Epoch 279: Time: 0.0152 Cost: 0.0750 Pre: 1.0000 Re: 1.0000 Acc: 1.0000 F1: 1.0000
Epoch 280: Time: 0.0150 Cost: 0.0736 Pre: 1.0000 Re: 1.0000 Acc: 1.0000 F1: 1.0000


--------------------------------------------------------------------
Eval results: Cost:0.0669 Pre:1.0000 Re:1.0000 Acc:1.0000 F1:1.0000
--------------------------------------------------------------------

Epoch 281: Time: 0.0147 Cost: 0.0722 Pre: 1.0000 Re: 1.0000 Acc: 1.0000 F1: 1.0000
Epoch 282: Time: 0.0150 Cost: 0.0709 Pre: 1.0000 Re: 1.0000 Acc: 1.0000 F1: 1.0000
Epoch 283: Time: 0.0150 Cost: 0.0696 Pre: 1.0000 Re: 1.0000 Acc: 1.0000 F1: 1.0000
Epoch 284: Time: 0.0150 Cost: 0.0683 Pre: 1.0000 Re: 1.0000 Acc: 1.0000 F1: 1.0000
Epoch 285: Time: 0.0148 Cost: 0.0671 Pre: 1.0000 Re: 1.0000 Acc: 1.0000 F1: 1.0000
Epoch 286: Time: 0.0152 Cost: 0.0659 Pre: 1.0000 Re: 1.0000 Acc: 1.0000 F1: 1.0000
Epoch 287: Time: 0.0149 Cost: 0.0647 Pre: 1.0000 Re: 1.0000 Acc: 1.0000 F1: 1.0000
Epoch 288: Time: 0.0150 Cost: 0.0635 Pre: 1.0000 Re: 1.0000 Acc: 1.0000 F1: 1.0000
Epoch 289: Time: 0.0152 Cost: 0.0624 Pre: 1.0000 Re: 1.0000 Acc: 1.0000 F1: 1.0000
Epoch 290: Time: 0.0148 Cost: 0.0613 Pre: 1.0000 Re: 1.0000 Acc: 1.0000 F1: 1.0000


--------------------------------------------------------------------
Eval results: Cost:0.0556 Pre:1.0000 Re:1.0000 Acc:1.0000 F1:1.0000
--------------------------------------------------------------------

Epoch 291: Time: 0.0152 Cost: 0.0602 Pre: 1.0000 Re: 1.0000 Acc: 1.0000 F1: 1.0000
Epoch 292: Time: 0.0150 Cost: 0.0591 Pre: 1.0000 Re: 1.0000 Acc: 1.0000 F1: 1.0000
Epoch 293: Time: 0.0150 Cost: 0.0581 Pre: 1.0000 Re: 1.0000 Acc: 1.0000 F1: 1.0000
Epoch 294: Time: 0.0152 Cost: 0.0571 Pre: 1.0000 Re: 1.0000 Acc: 1.0000 F1: 1.0000
Epoch 295: Time: 0.0172 Cost: 0.0561 Pre: 1.0000 Re: 1.0000 Acc: 1.0000 F1: 1.0000
Epoch 296: Time: 0.0160 Cost: 0.0551 Pre: 1.0000 Re: 1.0000 Acc: 1.0000 F1: 1.0000
Epoch 297: Time: 0.0148 Cost: 0.0542 Pre: 1.0000 Re: 1.0000 Acc: 1.0000 F1: 1.0000
Epoch 298: Time: 0.0153 Cost: 0.0532 Pre: 1.0000 Re: 1.0000 Acc: 1.0000 F1: 1.0000
Epoch 299: Time: 0.0152 Cost: 0.0523 Pre: 1.0000 Re: 1.0000 Acc: 1.0000 F1: 1.0000
Epoch 300: Time: 0.0150 Cost: 0.0514 Pre: 1.0000 Re: 1.0000 Acc: 1.0000 F1: 1.0000


--------------------------------------------------------------------
Eval results: Cost:0.0466 Pre:1.0000 Re:1.0000 Acc:1.0000 F1:1.0000
--------------------------------------------------------------------

Epoch 301: Time: 0.0148 Cost: 0.0506 Pre: 1.0000 Re: 1.0000 Acc: 1.0000 F1: 1.0000
Epoch 302: Time: 0.0147 Cost: 0.0497 Pre: 1.0000 Re: 1.0000 Acc: 1.0000 F1: 1.0000
Epoch 303: Time: 0.0146 Cost: 0.0489 Pre: 1.0000 Re: 1.0000 Acc: 1.0000 F1: 1.0000
Epoch 304: Time: 0.0151 Cost: 0.0481 Pre: 1.0000 Re: 1.0000 Acc: 1.0000 F1: 1.0000
Epoch 305: Time: 0.0152 Cost: 0.0473 Pre: 1.0000 Re: 1.0000 Acc: 1.0000 F1: 1.0000
Epoch 306: Time: 0.0161 Cost: 0.0465 Pre: 1.0000 Re: 1.0000 Acc: 1.0000 F1: 1.0000
Epoch 307: Time: 0.0161 Cost: 0.0458 Pre: 1.0000 Re: 1.0000 Acc: 1.0000 F1: 1.0000
Epoch 308: Time: 0.0149 Cost: 0.0450 Pre: 1.0000 Re: 1.0000 Acc: 1.0000 F1: 1.0000
Epoch 309: Time: 0.0150 Cost: 0.0443 Pre: 1.0000 Re: 1.0000 Acc: 1.0000 F1: 1.0000
Epoch 310: Time: 0.0152 Cost: 0.0436 Pre: 1.0000 Re: 1.0000 Acc: 1.0000 F1: 1.0000


--------------------------------------------------------------------
Eval results: Cost:0.0395 Pre:1.0000 Re:1.0000 Acc:1.0000 F1:1.0000
--------------------------------------------------------------------

Epoch 311: Time: 0.0148 Cost: 0.0429 Pre: 1.0000 Re: 1.0000 Acc: 1.0000 F1: 1.0000
Epoch 312: Time: 0.0151 Cost: 0.0422 Pre: 1.0000 Re: 1.0000 Acc: 1.0000 F1: 1.0000
Epoch 313: Time: 0.0147 Cost: 0.0416 Pre: 1.0000 Re: 1.0000 Acc: 1.0000 F1: 1.0000
Epoch 314: Time: 0.0148 Cost: 0.0409 Pre: 1.0000 Re: 1.0000 Acc: 1.0000 F1: 1.0000
Epoch 315: Time: 0.0157 Cost: 0.0403 Pre: 1.0000 Re: 1.0000 Acc: 1.0000 F1: 1.0000
Epoch 316: Time: 0.0149 Cost: 0.0397 Pre: 1.0000 Re: 1.0000 Acc: 1.0000 F1: 1.0000
Epoch 317: Time: 0.0148 Cost: 0.0390 Pre: 1.0000 Re: 1.0000 Acc: 1.0000 F1: 1.0000
Epoch 318: Time: 0.0153 Cost: 0.0385 Pre: 1.0000 Re: 1.0000 Acc: 1.0000 F1: 1.0000
Epoch 319: Time: 0.0149 Cost: 0.0379 Pre: 1.0000 Re: 1.0000 Acc: 1.0000 F1: 1.0000
Epoch 320: Time: 0.0152 Cost: 0.0373 Pre: 1.0000 Re: 1.0000 Acc: 1.0000 F1: 1.0000


--------------------------------------------------------------------
Eval results: Cost:0.0339 Pre:1.0000 Re:1.0000 Acc:1.0000 F1:1.0000
--------------------------------------------------------------------

Epoch 321: Time: 0.0155 Cost: 0.0368 Pre: 1.0000 Re: 1.0000 Acc: 1.0000 F1: 1.0000
Epoch 322: Time: 0.0151 Cost: 0.0362 Pre: 1.0000 Re: 1.0000 Acc: 1.0000 F1: 1.0000
Epoch 323: Time: 0.0151 Cost: 0.0357 Pre: 1.0000 Re: 1.0000 Acc: 1.0000 F1: 1.0000
Epoch 324: Time: 0.0148 Cost: 0.0352 Pre: 1.0000 Re: 1.0000 Acc: 1.0000 F1: 1.0000
Epoch 325: Time: 0.0150 Cost: 0.0347 Pre: 1.0000 Re: 1.0000 Acc: 1.0000 F1: 1.0000
Epoch 326: Time: 0.0149 Cost: 0.0342 Pre: 1.0000 Re: 1.0000 Acc: 1.0000 F1: 1.0000
Epoch 327: Time: 0.0154 Cost: 0.0337 Pre: 1.0000 Re: 1.0000 Acc: 1.0000 F1: 1.0000
Epoch 328: Time: 0.0148 Cost: 0.0332 Pre: 1.0000 Re: 1.0000 Acc: 1.0000 F1: 1.0000
Epoch 329: Time: 0.0150 Cost: 0.0327 Pre: 1.0000 Re: 1.0000 Acc: 1.0000 F1: 1.0000
Epoch 330: Time: 0.0147 Cost: 0.0323 Pre: 1.0000 Re: 1.0000 Acc: 1.0000 F1: 1.0000


--------------------------------------------------------------------
Eval results: Cost:0.0294 Pre:1.0000 Re:1.0000 Acc:1.0000 F1:1.0000
--------------------------------------------------------------------

Epoch 331: Time: 0.0150 Cost: 0.0318 Pre: 1.0000 Re: 1.0000 Acc: 1.0000 F1: 1.0000
Epoch 332: Time: 0.0148 Cost: 0.0314 Pre: 1.0000 Re: 1.0000 Acc: 1.0000 F1: 1.0000
Epoch 333: Time: 0.0144 Cost: 0.0310 Pre: 1.0000 Re: 1.0000 Acc: 1.0000 F1: 1.0000
Epoch 334: Time: 0.0150 Cost: 0.0306 Pre: 1.0000 Re: 1.0000 Acc: 1.0000 F1: 1.0000
Epoch 335: Time: 0.0143 Cost: 0.0301 Pre: 1.0000 Re: 1.0000 Acc: 1.0000 F1: 1.0000
Epoch 336: Time: 0.0146 Cost: 0.0297 Pre: 1.0000 Re: 1.0000 Acc: 1.0000 F1: 1.0000
Epoch 337: Time: 0.0164 Cost: 0.0294 Pre: 1.0000 Re: 1.0000 Acc: 1.0000 F1: 1.0000
Epoch 338: Time: 0.0147 Cost: 0.0290 Pre: 1.0000 Re: 1.0000 Acc: 1.0000 F1: 1.0000
Epoch 339: Time: 0.0147 Cost: 0.0286 Pre: 1.0000 Re: 1.0000 Acc: 1.0000 F1: 1.0000
Epoch 340: Time: 0.0146 Cost: 0.0282 Pre: 1.0000 Re: 1.0000 Acc: 1.0000 F1: 1.0000


--------------------------------------------------------------------
Eval results: Cost:0.0257 Pre:1.0000 Re:1.0000 Acc:1.0000 F1:1.0000
--------------------------------------------------------------------

Epoch 341: Time: 0.0146 Cost: 0.0279 Pre: 1.0000 Re: 1.0000 Acc: 1.0000 F1: 1.0000
Epoch 342: Time: 0.0151 Cost: 0.0275 Pre: 1.0000 Re: 1.0000 Acc: 1.0000 F1: 1.0000
Epoch 343: Time: 0.0145 Cost: 0.0272 Pre: 1.0000 Re: 1.0000 Acc: 1.0000 F1: 1.0000
Epoch 344: Time: 0.0147 Cost: 0.0268 Pre: 1.0000 Re: 1.0000 Acc: 1.0000 F1: 1.0000
Epoch 345: Time: 0.0152 Cost: 0.0265 Pre: 1.0000 Re: 1.0000 Acc: 1.0000 F1: 1.0000
Epoch 346: Time: 0.0148 Cost: 0.0262 Pre: 1.0000 Re: 1.0000 Acc: 1.0000 F1: 1.0000
Epoch 347: Time: 0.0145 Cost: 0.0259 Pre: 1.0000 Re: 1.0000 Acc: 1.0000 F1: 1.0000
Epoch 348: Time: 0.0144 Cost: 0.0255 Pre: 1.0000 Re: 1.0000 Acc: 1.0000 F1: 1.0000
Epoch 349: Time: 0.0147 Cost: 0.0252 Pre: 1.0000 Re: 1.0000 Acc: 1.0000 F1: 1.0000
Epoch 350: Time: 0.0144 Cost: 0.0249 Pre: 1.0000 Re: 1.0000 Acc: 1.0000 F1: 1.0000


--------------------------------------------------------------------
Eval results: Cost:0.0228 Pre:1.0000 Re:1.0000 Acc:1.0000 F1:1.0000
--------------------------------------------------------------------

Epoch 351: Time: 0.0147 Cost: 0.0246 Pre: 1.0000 Re: 1.0000 Acc: 1.0000 F1: 1.0000
Epoch 352: Time: 0.0149 Cost: 0.0244 Pre: 1.0000 Re: 1.0000 Acc: 1.0000 F1: 1.0000
Epoch 353: Time: 0.0148 Cost: 0.0241 Pre: 1.0000 Re: 1.0000 Acc: 1.0000 F1: 1.0000
Epoch 354: Time: 0.0148 Cost: 0.0238 Pre: 1.0000 Re: 1.0000 Acc: 1.0000 F1: 1.0000
Epoch 355: Time: 0.0144 Cost: 0.0235 Pre: 1.0000 Re: 1.0000 Acc: 1.0000 F1: 1.0000
Epoch 356: Time: 0.0150 Cost: 0.0233 Pre: 1.0000 Re: 1.0000 Acc: 1.0000 F1: 1.0000
Epoch 357: Time: 0.0146 Cost: 0.0230 Pre: 1.0000 Re: 1.0000 Acc: 1.0000 F1: 1.0000
Epoch 358: Time: 0.0146 Cost: 0.0227 Pre: 1.0000 Re: 1.0000 Acc: 1.0000 F1: 1.0000
Epoch 359: Time: 0.0146 Cost: 0.0225 Pre: 1.0000 Re: 1.0000 Acc: 1.0000 F1: 1.0000
Epoch 360: Time: 0.0143 Cost: 0.0223 Pre: 1.0000 Re: 1.0000 Acc: 1.0000 F1: 1.0000


--------------------------------------------------------------------
Eval results: Cost:0.0204 Pre:1.0000 Re:1.0000 Acc:1.0000 F1:1.0000
--------------------------------------------------------------------

Epoch 361: Time: 0.0148 Cost: 0.0220 Pre: 1.0000 Re: 1.0000 Acc: 1.0000 F1: 1.0000
Epoch 362: Time: 0.0149 Cost: 0.0218 Pre: 1.0000 Re: 1.0000 Acc: 1.0000 F1: 1.0000
Epoch 363: Time: 0.0146 Cost: 0.0215 Pre: 1.0000 Re: 1.0000 Acc: 1.0000 F1: 1.0000
Epoch 364: Time: 0.0144 Cost: 0.0213 Pre: 1.0000 Re: 1.0000 Acc: 1.0000 F1: 1.0000
Epoch 365: Time: 0.0151 Cost: 0.0211 Pre: 1.0000 Re: 1.0000 Acc: 1.0000 F1: 1.0000
Epoch 366: Time: 0.0146 Cost: 0.0209 Pre: 1.0000 Re: 1.0000 Acc: 1.0000 F1: 1.0000
Epoch 367: Time: 0.0146 Cost: 0.0207 Pre: 1.0000 Re: 1.0000 Acc: 1.0000 F1: 1.0000
Epoch 368: Time: 0.0149 Cost: 0.0204 Pre: 1.0000 Re: 1.0000 Acc: 1.0000 F1: 1.0000
Epoch 369: Time: 0.0144 Cost: 0.0202 Pre: 1.0000 Re: 1.0000 Acc: 1.0000 F1: 1.0000
Epoch 370: Time: 0.0151 Cost: 0.0200 Pre: 1.0000 Re: 1.0000 Acc: 1.0000 F1: 1.0000


--------------------------------------------------------------------
Eval results: Cost:0.0184 Pre:1.0000 Re:1.0000 Acc:1.0000 F1:1.0000
--------------------------------------------------------------------

Epoch 371: Time: 0.0144 Cost: 0.0198 Pre: 1.0000 Re: 1.0000 Acc: 1.0000 F1: 1.0000
Epoch 372: Time: 0.0146 Cost: 0.0196 Pre: 1.0000 Re: 1.0000 Acc: 1.0000 F1: 1.0000
Epoch 373: Time: 0.0150 Cost: 0.0194 Pre: 1.0000 Re: 1.0000 Acc: 1.0000 F1: 1.0000
Epoch 374: Time: 0.0143 Cost: 0.0192 Pre: 1.0000 Re: 1.0000 Acc: 1.0000 F1: 1.0000
Epoch 375: Time: 0.0147 Cost: 0.0191 Pre: 1.0000 Re: 1.0000 Acc: 1.0000 F1: 1.0000
Epoch 376: Time: 0.0143 Cost: 0.0189 Pre: 1.0000 Re: 1.0000 Acc: 1.0000 F1: 1.0000
Epoch 377: Time: 0.0146 Cost: 0.0187 Pre: 1.0000 Re: 1.0000 Acc: 1.0000 F1: 1.0000
Epoch 378: Time: 0.0148 Cost: 0.0185 Pre: 1.0000 Re: 1.0000 Acc: 1.0000 F1: 1.0000
Epoch 379: Time: 0.0144 Cost: 0.0183 Pre: 1.0000 Re: 1.0000 Acc: 1.0000 F1: 1.0000
Epoch 380: Time: 0.0148 Cost: 0.0182 Pre: 1.0000 Re: 1.0000 Acc: 1.0000 F1: 1.0000


--------------------------------------------------------------------
Eval results: Cost:0.0167 Pre:1.0000 Re:1.0000 Acc:1.0000 F1:1.0000
--------------------------------------------------------------------

Epoch 381: Time: 0.0144 Cost: 0.0180 Pre: 1.0000 Re: 1.0000 Acc: 1.0000 F1: 1.0000
Epoch 382: Time: 0.0153 Cost: 0.0178 Pre: 1.0000 Re: 1.0000 Acc: 1.0000 F1: 1.0000
Epoch 383: Time: 0.0143 Cost: 0.0177 Pre: 1.0000 Re: 1.0000 Acc: 1.0000 F1: 1.0000
Epoch 384: Time: 0.0146 Cost: 0.0175 Pre: 1.0000 Re: 1.0000 Acc: 1.0000 F1: 1.0000
Epoch 385: Time: 0.0148 Cost: 0.0173 Pre: 1.0000 Re: 1.0000 Acc: 1.0000 F1: 1.0000
Epoch 386: Time: 0.0144 Cost: 0.0172 Pre: 1.0000 Re: 1.0000 Acc: 1.0000 F1: 1.0000
Epoch 387: Time: 0.0147 Cost: 0.0170 Pre: 1.0000 Re: 1.0000 Acc: 1.0000 F1: 1.0000
Epoch 388: Time: 0.0143 Cost: 0.0169 Pre: 1.0000 Re: 1.0000 Acc: 1.0000 F1: 1.0000
Epoch 389: Time: 0.0151 Cost: 0.0167 Pre: 1.0000 Re: 1.0000 Acc: 1.0000 F1: 1.0000
Epoch 390: Time: 0.0147 Cost: 0.0166 Pre: 1.0000 Re: 1.0000 Acc: 1.0000 F1: 1.0000


--------------------------------------------------------------------
Eval results: Cost:0.0153 Pre:1.0000 Re:1.0000 Acc:1.0000 F1:1.0000
--------------------------------------------------------------------

Epoch 391: Time: 0.0147 Cost: 0.0165 Pre: 1.0000 Re: 1.0000 Acc: 1.0000 F1: 1.0000
Epoch 392: Time: 0.0147 Cost: 0.0163 Pre: 1.0000 Re: 1.0000 Acc: 1.0000 F1: 1.0000
Epoch 393: Time: 0.0143 Cost: 0.0162 Pre: 1.0000 Re: 1.0000 Acc: 1.0000 F1: 1.0000
Epoch 394: Time: 0.0146 Cost: 0.0160 Pre: 1.0000 Re: 1.0000 Acc: 1.0000 F1: 1.0000
Epoch 395: Time: 0.0146 Cost: 0.0159 Pre: 1.0000 Re: 1.0000 Acc: 1.0000 F1: 1.0000
Epoch 396: Time: 0.0147 Cost: 0.0158 Pre: 1.0000 Re: 1.0000 Acc: 1.0000 F1: 1.0000
Epoch 397: Time: 0.0145 Cost: 0.0156 Pre: 1.0000 Re: 1.0000 Acc: 1.0000 F1: 1.0000
Epoch 398: Time: 0.0156 Cost: 0.0155 Pre: 1.0000 Re: 1.0000 Acc: 1.0000 F1: 1.0000
Epoch 399: Time: 0.0152 Cost: 0.0154 Pre: 1.0000 Re: 1.0000 Acc: 1.0000 F1: 1.0000
Epoch 400: Time: 0.0149 Cost: 0.0153 Pre: 1.0000 Re: 1.0000 Acc: 1.0000 F1: 1.0000


--------------------------------------------------------------------
Eval results: Cost:0.0141 Pre:1.0000 Re:1.0000 Acc:1.0000 F1:1.0000
--------------------------------------------------------------------

Epoch 401: Time: 0.0156 Cost: 0.0151 Pre: 1.0000 Re: 1.0000 Acc: 1.0000 F1: 1.0000
Epoch 402: Time: 0.0154 Cost: 0.0150 Pre: 1.0000 Re: 1.0000 Acc: 1.0000 F1: 1.0000
Epoch 403: Time: 0.0149 Cost: 0.0149 Pre: 1.0000 Re: 1.0000 Acc: 1.0000 F1: 1.0000
Epoch 404: Time: 0.0154 Cost: 0.0148 Pre: 1.0000 Re: 1.0000 Acc: 1.0000 F1: 1.0000
Epoch 405: Time: 0.0150 Cost: 0.0147 Pre: 1.0000 Re: 1.0000 Acc: 1.0000 F1: 1.0000
Epoch 406: Time: 0.0152 Cost: 0.0145 Pre: 1.0000 Re: 1.0000 Acc: 1.0000 F1: 1.0000
Epoch 407: Time: 0.0150 Cost: 0.0144 Pre: 1.0000 Re: 1.0000 Acc: 1.0000 F1: 1.0000
Epoch 408: Time: 0.0150 Cost: 0.0143 Pre: 1.0000 Re: 1.0000 Acc: 1.0000 F1: 1.0000
Epoch 409: Time: 0.0152 Cost: 0.0142 Pre: 1.0000 Re: 1.0000 Acc: 1.0000 F1: 1.0000
Epoch 410: Time: 0.0150 Cost: 0.0141 Pre: 1.0000 Re: 1.0000 Acc: 1.0000 F1: 1.0000


--------------------------------------------------------------------
Eval results: Cost:0.0130 Pre:1.0000 Re:1.0000 Acc:1.0000 F1:1.0000
--------------------------------------------------------------------

Epoch 411: Time: 0.0154 Cost: 0.0140 Pre: 1.0000 Re: 1.0000 Acc: 1.0000 F1: 1.0000
Epoch 412: Time: 0.0158 Cost: 0.0139 Pre: 1.0000 Re: 1.0000 Acc: 1.0000 F1: 1.0000
Epoch 413: Time: 0.0149 Cost: 0.0138 Pre: 1.0000 Re: 1.0000 Acc: 1.0000 F1: 1.0000
Epoch 414: Time: 0.0151 Cost: 0.0137 Pre: 1.0000 Re: 1.0000 Acc: 1.0000 F1: 1.0000
Epoch 415: Time: 0.0154 Cost: 0.0136 Pre: 1.0000 Re: 1.0000 Acc: 1.0000 F1: 1.0000
Epoch 416: Time: 0.0152 Cost: 0.0135 Pre: 1.0000 Re: 1.0000 Acc: 1.0000 F1: 1.0000
Epoch 417: Time: 0.0149 Cost: 0.0134 Pre: 1.0000 Re: 1.0000 Acc: 1.0000 F1: 1.0000
Epoch 418: Time: 0.0148 Cost: 0.0133 Pre: 1.0000 Re: 1.0000 Acc: 1.0000 F1: 1.0000
Epoch 419: Time: 0.0155 Cost: 0.0132 Pre: 1.0000 Re: 1.0000 Acc: 1.0000 F1: 1.0000
Epoch 420: Time: 0.0150 Cost: 0.0131 Pre: 1.0000 Re: 1.0000 Acc: 1.0000 F1: 1.0000


--------------------------------------------------------------------
Eval results: Cost:0.0121 Pre:1.0000 Re:1.0000 Acc:1.0000 F1:1.0000
--------------------------------------------------------------------

Epoch 421: Time: 0.0149 Cost: 0.0130 Pre: 1.0000 Re: 1.0000 Acc: 1.0000 F1: 1.0000
Epoch 422: Time: 0.0149 Cost: 0.0129 Pre: 1.0000 Re: 1.0000 Acc: 1.0000 F1: 1.0000
Epoch 423: Time: 0.0150 Cost: 0.0128 Pre: 1.0000 Re: 1.0000 Acc: 1.0000 F1: 1.0000
Epoch 424: Time: 0.0153 Cost: 0.0127 Pre: 1.0000 Re: 1.0000 Acc: 1.0000 F1: 1.0000
Epoch 425: Time: 0.0149 Cost: 0.0127 Pre: 1.0000 Re: 1.0000 Acc: 1.0000 F1: 1.0000
Epoch 426: Time: 0.0151 Cost: 0.0126 Pre: 1.0000 Re: 1.0000 Acc: 1.0000 F1: 1.0000
Epoch 427: Time: 0.0149 Cost: 0.0125 Pre: 1.0000 Re: 1.0000 Acc: 1.0000 F1: 1.0000
Epoch 428: Time: 0.0149 Cost: 0.0124 Pre: 1.0000 Re: 1.0000 Acc: 1.0000 F1: 1.0000
Epoch 429: Time: 0.0149 Cost: 0.0123 Pre: 1.0000 Re: 1.0000 Acc: 1.0000 F1: 1.0000
Epoch 430: Time: 0.0150 Cost: 0.0122 Pre: 1.0000 Re: 1.0000 Acc: 1.0000 F1: 1.0000


--------------------------------------------------------------------
Eval results: Cost:0.0113 Pre:1.0000 Re:1.0000 Acc:1.0000 F1:1.0000
--------------------------------------------------------------------

Epoch 431: Time: 0.0150 Cost: 0.0121 Pre: 1.0000 Re: 1.0000 Acc: 1.0000 F1: 1.0000
Epoch 432: Time: 0.0150 Cost: 0.0121 Pre: 1.0000 Re: 1.0000 Acc: 1.0000 F1: 1.0000
Epoch 433: Time: 0.0147 Cost: 0.0120 Pre: 1.0000 Re: 1.0000 Acc: 1.0000 F1: 1.0000
Epoch 434: Time: 0.0148 Cost: 0.0119 Pre: 1.0000 Re: 1.0000 Acc: 1.0000 F1: 1.0000
Epoch 435: Time: 0.0150 Cost: 0.0118 Pre: 1.0000 Re: 1.0000 Acc: 1.0000 F1: 1.0000
Epoch 436: Time: 0.0147 Cost: 0.0118 Pre: 1.0000 Re: 1.0000 Acc: 1.0000 F1: 1.0000
Epoch 437: Time: 0.0154 Cost: 0.0117 Pre: 1.0000 Re: 1.0000 Acc: 1.0000 F1: 1.0000
Epoch 438: Time: 0.0149 Cost: 0.0116 Pre: 1.0000 Re: 1.0000 Acc: 1.0000 F1: 1.0000
Epoch 439: Time: 0.0148 Cost: 0.0115 Pre: 1.0000 Re: 1.0000 Acc: 1.0000 F1: 1.0000
Epoch 440: Time: 0.0148 Cost: 0.0115 Pre: 1.0000 Re: 1.0000 Acc: 1.0000 F1: 1.0000


--------------------------------------------------------------------
Eval results: Cost:0.0106 Pre:1.0000 Re:1.0000 Acc:1.0000 F1:1.0000
--------------------------------------------------------------------

Epoch 441: Time: 0.0152 Cost: 0.0114 Pre: 1.0000 Re: 1.0000 Acc: 1.0000 F1: 1.0000
Epoch 442: Time: 0.0154 Cost: 0.0113 Pre: 1.0000 Re: 1.0000 Acc: 1.0000 F1: 1.0000
Epoch 443: Time: 0.0149 Cost: 0.0112 Pre: 1.0000 Re: 1.0000 Acc: 1.0000 F1: 1.0000
Epoch 444: Time: 0.0149 Cost: 0.0112 Pre: 1.0000 Re: 1.0000 Acc: 1.0000 F1: 1.0000
Epoch 445: Time: 0.0150 Cost: 0.0111 Pre: 1.0000 Re: 1.0000 Acc: 1.0000 F1: 1.0000
Epoch 446: Time: 0.0152 Cost: 0.0110 Pre: 1.0000 Re: 1.0000 Acc: 1.0000 F1: 1.0000
Epoch 447: Time: 0.0149 Cost: 0.0110 Pre: 1.0000 Re: 1.0000 Acc: 1.0000 F1: 1.0000
Epoch 448: Time: 0.0150 Cost: 0.0109 Pre: 1.0000 Re: 1.0000 Acc: 1.0000 F1: 1.0000
Epoch 449: Time: 0.0152 Cost: 0.0108 Pre: 1.0000 Re: 1.0000 Acc: 1.0000 F1: 1.0000
Epoch 450: Time: 0.0151 Cost: 0.0108 Pre: 1.0000 Re: 1.0000 Acc: 1.0000 F1: 1.0000


--------------------------------------------------------------------
Eval results: Cost:0.0100 Pre:1.0000 Re:1.0000 Acc:1.0000 F1:1.0000
--------------------------------------------------------------------

Epoch 451: Time: 0.0147 Cost: 0.0107 Pre: 1.0000 Re: 1.0000 Acc: 1.0000 F1: 1.0000
Epoch 452: Time: 0.0148 Cost: 0.0106 Pre: 1.0000 Re: 1.0000 Acc: 1.0000 F1: 1.0000
Epoch 453: Time: 0.0148 Cost: 0.0106 Pre: 1.0000 Re: 1.0000 Acc: 1.0000 F1: 1.0000
Epoch 454: Time: 0.0150 Cost: 0.0105 Pre: 1.0000 Re: 1.0000 Acc: 1.0000 F1: 1.0000
Epoch 455: Time: 0.0155 Cost: 0.0105 Pre: 1.0000 Re: 1.0000 Acc: 1.0000 F1: 1.0000
Epoch 456: Time: 0.0149 Cost: 0.0104 Pre: 1.0000 Re: 1.0000 Acc: 1.0000 F1: 1.0000
Epoch 457: Time: 0.0155 Cost: 0.0103 Pre: 1.0000 Re: 1.0000 Acc: 1.0000 F1: 1.0000
Epoch 458: Time: 0.0156 Cost: 0.0103 Pre: 1.0000 Re: 1.0000 Acc: 1.0000 F1: 1.0000
Epoch 459: Time: 0.0149 Cost: 0.0102 Pre: 1.0000 Re: 1.0000 Acc: 1.0000 F1: 1.0000
Epoch 460: Time: 0.0153 Cost: 0.0102 Pre: 1.0000 Re: 1.0000 Acc: 1.0000 F1: 1.0000


--------------------------------------------------------------------
Eval results: Cost:0.0094 Pre:1.0000 Re:1.0000 Acc:1.0000 F1:1.0000
--------------------------------------------------------------------

Epoch 461: Time: 0.0151 Cost: 0.0101 Pre: 1.0000 Re: 1.0000 Acc: 1.0000 F1: 1.0000
Epoch 462: Time: 0.0148 Cost: 0.0101 Pre: 1.0000 Re: 1.0000 Acc: 1.0000 F1: 1.0000
Epoch 463: Time: 0.0147 Cost: 0.0100 Pre: 1.0000 Re: 1.0000 Acc: 1.0000 F1: 1.0000
Epoch 464: Time: 0.0149 Cost: 0.0099 Pre: 1.0000 Re: 1.0000 Acc: 1.0000 F1: 1.0000
Epoch 465: Time: 0.0148 Cost: 0.0099 Pre: 1.0000 Re: 1.0000 Acc: 1.0000 F1: 1.0000
Epoch 466: Time: 0.0149 Cost: 0.0098 Pre: 1.0000 Re: 1.0000 Acc: 1.0000 F1: 1.0000
Epoch 467: Time: 0.0152 Cost: 0.0098 Pre: 1.0000 Re: 1.0000 Acc: 1.0000 F1: 1.0000
Epoch 468: Time: 0.0149 Cost: 0.0097 Pre: 1.0000 Re: 1.0000 Acc: 1.0000 F1: 1.0000
Epoch 469: Time: 0.0185 Cost: 0.0097 Pre: 1.0000 Re: 1.0000 Acc: 1.0000 F1: 1.0000
Epoch 470: Time: 0.0226 Cost: 0.0096 Pre: 1.0000 Re: 1.0000 Acc: 1.0000 F1: 1.0000


--------------------------------------------------------------------
Eval results: Cost:0.0089 Pre:1.0000 Re:1.0000 Acc:1.0000 F1:1.0000
--------------------------------------------------------------------

Epoch 471: Time: 0.0174 Cost: 0.0096 Pre: 1.0000 Re: 1.0000 Acc: 1.0000 F1: 1.0000
Epoch 472: Time: 0.0146 Cost: 0.0095 Pre: 1.0000 Re: 1.0000 Acc: 1.0000 F1: 1.0000
Epoch 473: Time: 0.0155 Cost: 0.0095 Pre: 1.0000 Re: 1.0000 Acc: 1.0000 F1: 1.0000
Epoch 474: Time: 0.0151 Cost: 0.0094 Pre: 1.0000 Re: 1.0000 Acc: 1.0000 F1: 1.0000
Epoch 475: Time: 0.0150 Cost: 0.0094 Pre: 1.0000 Re: 1.0000 Acc: 1.0000 F1: 1.0000
Epoch 476: Time: 0.0149 Cost: 0.0093 Pre: 1.0000 Re: 1.0000 Acc: 1.0000 F1: 1.0000
Epoch 477: Time: 0.0147 Cost: 0.0093 Pre: 1.0000 Re: 1.0000 Acc: 1.0000 F1: 1.0000
Epoch 478: Time: 0.0149 Cost: 0.0092 Pre: 1.0000 Re: 1.0000 Acc: 1.0000 F1: 1.0000
Epoch 479: Time: 0.0149 Cost: 0.0092 Pre: 1.0000 Re: 1.0000 Acc: 1.0000 F1: 1.0000
Epoch 480: Time: 0.0148 Cost: 0.0091 Pre: 1.0000 Re: 1.0000 Acc: 1.0000 F1: 1.0000


--------------------------------------------------------------------
Eval results: Cost:0.0085 Pre:1.0000 Re:1.0000 Acc:1.0000 F1:1.0000
--------------------------------------------------------------------

Early stopping...
--------------------------------------------------------------------
--------------------------------------------------------------------
Test 458 samples take time: 0.0543
Test results: Cost:0.0049 Pre:1.0000 Re:1.0000 Acc:1.0000 F1:1.0000
--------------------------------------------------------------------

