16768
16562
16206
16632
16380
16425
Load data
RNN type: SRN Grammar: g2 Seed: 1
Model total parameters: 130
Saving hinit ... 

Epoch 0: Time: 0.1074 Cost: 19.0980 Pre: 0.0172 Re: 0.2000 Acc: 0.7415 F1: 0.0317


--------------------------------------------------------------------
Eval results: Cost:16.2980 Pre:0.0000 Re:0.0000 Acc:0.7750 F1:0.0000
--------------------------------------------------------------------

Epoch 1: Time: 0.0098 Cost: 18.2246 Pre: 0.0189 Re: 0.2000 Acc: 0.7627 F1: 0.0345
Epoch 2: Time: 0.0092 Cost: 17.0429 Pre: 0.0000 Re: 0.0000 Acc: 0.7754 F1: 0.0000
Epoch 3: Time: 0.0095 Cost: 15.7426 Pre: 0.0000 Re: 0.0000 Acc: 0.7797 F1: 0.0000
Epoch 4: Time: 0.0094 Cost: 14.4101 Pre: 0.0000 Re: 0.0000 Acc: 0.7966 F1: 0.0000
Epoch 5: Time: 0.0092 Cost: 13.0982 Pre: 0.0000 Re: 0.0000 Acc: 0.8559 F1: 0.0000
Epoch 6: Time: 0.0119 Cost: 11.8434 Pre: 0.0000 Re: 0.0000 Acc: 0.8898 F1: 0.0000
Epoch 7: Time: 0.0110 Cost: 10.6659 Pre: 0.0000 Re: 0.0000 Acc: 0.9237 F1: 0.0000
Epoch 8: Time: 0.0107 Cost: 9.5727 Pre: 0.0000 Re: 0.0000 Acc: 0.9407 F1: 0.0000
Epoch 9: Time: 0.0093 Cost: 8.5683 Pre: 0.0000 Re: 0.0000 Acc: 0.9619 F1: 0.0000
Epoch 10: Time: 0.0095 Cost: 7.6596 Pre: 0.0000 Re: 0.0000 Acc: 0.9703 F1: 0.0000


--------------------------------------------------------------------
Eval results: Cost:6.1419 Pre:0.0000 Re:0.0000 Acc:0.9875 F1:0.0000
--------------------------------------------------------------------

Epoch 11: Time: 0.0093 Cost: 6.8533 Pre: 0.0000 Re: 0.0000 Acc: 0.9788 F1: 0.0000
Epoch 12: Time: 0.0098 Cost: 6.1516 Pre: 0.0000 Re: 0.0000 Acc: 0.9788 F1: 0.0000
Epoch 13: Time: 0.0092 Cost: 5.5513 Pre: 0.0000 Re: 0.0000 Acc: 0.9788 F1: 0.0000
Epoch 14: Time: 0.0095 Cost: 5.0444 Pre: 0.0000 Re: 0.0000 Acc: 0.9788 F1: 0.0000
Epoch 15: Time: 0.0113 Cost: 4.6187 Pre: 0.0000 Re: 0.0000 Acc: 0.9788 F1: 0.0000
Epoch 16: Time: 0.0127 Cost: 4.2602 Pre: 0.0000 Re: 0.0000 Acc: 0.9788 F1: 0.0000
Epoch 17: Time: 0.0096 Cost: 3.9569 Pre: 0.0000 Re: 0.0000 Acc: 0.9788 F1: 0.0000
Epoch 18: Time: 0.0092 Cost: 3.6992 Pre: 0.0000 Re: 0.0000 Acc: 0.9788 F1: 0.0000
Epoch 19: Time: 0.0096 Cost: 3.4792 Pre: 0.0000 Re: 0.0000 Acc: 0.9788 F1: 0.0000
Epoch 20: Time: 0.0092 Cost: 3.2907 Pre: 0.0000 Re: 0.0000 Acc: 0.9788 F1: 0.0000


--------------------------------------------------------------------
Eval results: Cost:2.1279 Pre:0.0000 Re:0.0000 Acc:0.9875 F1:0.0000
--------------------------------------------------------------------

Epoch 21: Time: 0.0093 Cost: 3.1296 Pre: 0.0000 Re: 0.0000 Acc: 0.9788 F1: 0.0000
Epoch 22: Time: 0.0093 Cost: 2.9933 Pre: 0.0000 Re: 0.0000 Acc: 0.9788 F1: 0.0000
Epoch 23: Time: 0.0096 Cost: 2.8804 Pre: 0.0000 Re: 0.0000 Acc: 0.9788 F1: 0.0000
Epoch 24: Time: 0.0112 Cost: 2.7888 Pre: 0.0000 Re: 0.0000 Acc: 0.9788 F1: 0.0000
Epoch 25: Time: 0.0127 Cost: 2.7158 Pre: 0.0000 Re: 0.0000 Acc: 0.9788 F1: 0.0000
Epoch 26: Time: 0.0099 Cost: 2.6582 Pre: 0.0000 Re: 0.0000 Acc: 0.9788 F1: 0.0000
Epoch 27: Time: 0.0098 Cost: 2.6125 Pre: 0.0000 Re: 0.0000 Acc: 0.9788 F1: 0.0000
Epoch 28: Time: 0.0096 Cost: 2.5760 Pre: 0.0000 Re: 0.0000 Acc: 0.9788 F1: 0.0000
Epoch 29: Time: 0.0096 Cost: 2.5460 Pre: 0.0000 Re: 0.0000 Acc: 0.9788 F1: 0.0000
Epoch 30: Time: 0.0094 Cost: 2.5207 Pre: 0.0000 Re: 0.0000 Acc: 0.9788 F1: 0.0000


--------------------------------------------------------------------
Eval results: Cost:1.2798 Pre:0.0000 Re:0.0000 Acc:0.9875 F1:0.0000
--------------------------------------------------------------------

Epoch 31: Time: 0.0099 Cost: 2.4987 Pre: 0.0000 Re: 0.0000 Acc: 0.9788 F1: 0.0000
Epoch 32: Time: 0.0093 Cost: 2.4790 Pre: 0.0000 Re: 0.0000 Acc: 0.9788 F1: 0.0000
Epoch 33: Time: 0.0118 Cost: 2.4607 Pre: 0.0000 Re: 0.0000 Acc: 0.9788 F1: 0.0000
Epoch 34: Time: 0.0126 Cost: 2.4435 Pre: 0.0000 Re: 0.0000 Acc: 0.9788 F1: 0.0000
Epoch 35: Time: 0.0096 Cost: 2.4269 Pre: 0.0000 Re: 0.0000 Acc: 0.9788 F1: 0.0000
Epoch 36: Time: 0.0096 Cost: 2.4107 Pre: 0.0000 Re: 0.0000 Acc: 0.9788 F1: 0.0000
Epoch 37: Time: 0.0092 Cost: 2.3948 Pre: 0.0000 Re: 0.0000 Acc: 0.9788 F1: 0.0000
Epoch 38: Time: 0.0095 Cost: 2.3791 Pre: 0.0000 Re: 0.0000 Acc: 0.9788 F1: 0.0000
Epoch 39: Time: 0.0095 Cost: 2.3634 Pre: 0.0000 Re: 0.0000 Acc: 0.9788 F1: 0.0000
Epoch 40: Time: 0.0095 Cost: 2.3478 Pre: 0.0000 Re: 0.0000 Acc: 0.9788 F1: 0.0000


--------------------------------------------------------------------
Eval results: Cost:1.1797 Pre:0.0000 Re:0.0000 Acc:0.9875 F1:0.0000
--------------------------------------------------------------------

Epoch 41: Time: 0.0098 Cost: 2.3322 Pre: 0.0000 Re: 0.0000 Acc: 0.9788 F1: 0.0000
Epoch 42: Time: 0.0123 Cost: 2.3165 Pre: 0.0000 Re: 0.0000 Acc: 0.9788 F1: 0.0000
Epoch 43: Time: 0.0118 Cost: 2.3007 Pre: 0.0000 Re: 0.0000 Acc: 0.9788 F1: 0.0000
Epoch 44: Time: 0.0098 Cost: 2.2849 Pre: 0.0000 Re: 0.0000 Acc: 0.9788 F1: 0.0000
Epoch 45: Time: 0.0092 Cost: 2.2688 Pre: 0.0000 Re: 0.0000 Acc: 0.9788 F1: 0.0000
Epoch 46: Time: 0.0096 Cost: 2.2526 Pre: 0.0000 Re: 0.0000 Acc: 0.9788 F1: 0.0000
Epoch 47: Time: 0.0094 Cost: 2.2360 Pre: 0.0000 Re: 0.0000 Acc: 0.9788 F1: 0.0000
Epoch 48: Time: 0.0093 Cost: 2.2192 Pre: 0.0000 Re: 0.0000 Acc: 0.9788 F1: 0.0000
Epoch 49: Time: 0.0095 Cost: 2.2019 Pre: 0.0000 Re: 0.0000 Acc: 0.9788 F1: 0.0000
Epoch 50: Time: 0.0096 Cost: 2.1842 Pre: 0.0000 Re: 0.0000 Acc: 0.9788 F1: 0.0000


--------------------------------------------------------------------
Eval results: Cost:1.1519 Pre:0.0000 Re:0.0000 Acc:0.9875 F1:0.0000
--------------------------------------------------------------------

Epoch 51: Time: 0.0112 Cost: 2.1660 Pre: 0.0000 Re: 0.0000 Acc: 0.9788 F1: 0.0000
Epoch 52: Time: 0.0102 Cost: 2.1475 Pre: 0.0000 Re: 0.0000 Acc: 0.9788 F1: 0.0000
Epoch 53: Time: 0.0125 Cost: 2.1285 Pre: 0.0000 Re: 0.0000 Acc: 0.9788 F1: 0.0000
Epoch 54: Time: 0.0095 Cost: 2.1089 Pre: 0.0000 Re: 0.0000 Acc: 0.9788 F1: 0.0000
Epoch 55: Time: 0.0097 Cost: 2.0886 Pre: 0.0000 Re: 0.0000 Acc: 0.9788 F1: 0.0000
Epoch 56: Time: 0.0093 Cost: 2.0673 Pre: 0.0000 Re: 0.0000 Acc: 0.9788 F1: 0.0000
Epoch 57: Time: 0.0095 Cost: 2.0449 Pre: 0.0000 Re: 0.0000 Acc: 0.9788 F1: 0.0000
Epoch 58: Time: 0.0101 Cost: 2.0213 Pre: 0.0000 Re: 0.0000 Acc: 0.9788 F1: 0.0000
Epoch 59: Time: 0.0093 Cost: 1.9962 Pre: 0.0000 Re: 0.0000 Acc: 0.9788 F1: 0.0000
Epoch 60: Time: 0.0094 Cost: 1.9694 Pre: 0.0000 Re: 0.0000 Acc: 0.9788 F1: 0.0000


--------------------------------------------------------------------
Eval results: Cost:1.0362 Pre:0.0000 Re:0.0000 Acc:0.9875 F1:0.0000
--------------------------------------------------------------------

Epoch 61: Time: 0.0099 Cost: 1.9409 Pre: 0.0000 Re: 0.0000 Acc: 0.9788 F1: 0.0000
Epoch 62: Time: 0.0129 Cost: 1.9115 Pre: 0.0000 Re: 0.0000 Acc: 0.9788 F1: 0.0000
Epoch 63: Time: 0.0097 Cost: 1.8808 Pre: 0.0000 Re: 0.0000 Acc: 0.9788 F1: 0.0000
Epoch 64: Time: 0.0095 Cost: 1.8486 Pre: 0.0000 Re: 0.0000 Acc: 0.9788 F1: 0.0000
Epoch 65: Time: 0.0100 Cost: 1.8148 Pre: 0.0000 Re: 0.0000 Acc: 0.9788 F1: 0.0000
Epoch 66: Time: 0.0094 Cost: 1.7792 Pre: 0.0000 Re: 0.0000 Acc: 0.9788 F1: 0.0000
Epoch 67: Time: 0.0095 Cost: 1.7419 Pre: 0.0000 Re: 0.0000 Acc: 0.9788 F1: 0.0000
Epoch 68: Time: 0.0097 Cost: 1.7032 Pre: 0.0000 Re: 0.0000 Acc: 0.9788 F1: 0.0000
Epoch 69: Time: 0.0093 Cost: 1.6634 Pre: 0.0000 Re: 0.0000 Acc: 0.9788 F1: 0.0000
Epoch 70: Time: 0.0095 Cost: 1.6227 Pre: 0.0000 Re: 0.0000 Acc: 0.9788 F1: 0.0000


--------------------------------------------------------------------
Eval results: Cost:0.7678 Pre:0.0000 Re:0.0000 Acc:0.9875 F1:0.0000
--------------------------------------------------------------------

Epoch 71: Time: 0.0123 Cost: 1.5817 Pre: 0.0000 Re: 0.0000 Acc: 0.9788 F1: 0.0000
Epoch 72: Time: 0.0094 Cost: 1.5412 Pre: 0.0000 Re: 0.0000 Acc: 0.9788 F1: 0.0000
Epoch 73: Time: 0.0098 Cost: 1.5014 Pre: 0.0000 Re: 0.0000 Acc: 0.9788 F1: 0.0000
Epoch 74: Time: 0.0096 Cost: 1.4629 Pre: 0.0000 Re: 0.0000 Acc: 0.9788 F1: 0.0000
Epoch 75: Time: 0.0092 Cost: 1.4258 Pre: 0.0000 Re: 0.0000 Acc: 0.9788 F1: 0.0000
Epoch 76: Time: 0.0098 Cost: 1.3905 Pre: 0.0000 Re: 0.0000 Acc: 0.9788 F1: 0.0000
Epoch 77: Time: 0.0092 Cost: 1.3572 Pre: 0.0000 Re: 0.0000 Acc: 0.9788 F1: 0.0000
Epoch 78: Time: 0.0094 Cost: 1.3260 Pre: 1.0000 Re: 0.2000 Acc: 0.9831 F1: 0.3333
Epoch 79: Time: 0.0100 Cost: 1.2969 Pre: 1.0000 Re: 0.4000 Acc: 0.9873 F1: 0.5714
Epoch 80: Time: 0.0195 Cost: 1.2699 Pre: 1.0000 Re: 0.4000 Acc: 0.9873 F1: 0.5714


--------------------------------------------------------------------
Eval results: Cost:0.5182 Pre:1.0000 Re:0.5000 Acc:0.9938 F1:0.6667
--------------------------------------------------------------------

Epoch 81: Time: 0.0103 Cost: 1.2447 Pre: 1.0000 Re: 0.4000 Acc: 0.9873 F1: 0.5714
Epoch 82: Time: 0.0097 Cost: 1.2213 Pre: 1.0000 Re: 0.4000 Acc: 0.9873 F1: 0.5714
Epoch 83: Time: 0.0123 Cost: 1.1995 Pre: 1.0000 Re: 0.4000 Acc: 0.9873 F1: 0.5714
Epoch 84: Time: 0.0100 Cost: 1.1791 Pre: 1.0000 Re: 0.4000 Acc: 0.9873 F1: 0.5714
Epoch 85: Time: 0.0093 Cost: 1.1600 Pre: 1.0000 Re: 0.4000 Acc: 0.9873 F1: 0.5714
Epoch 86: Time: 0.0101 Cost: 1.1420 Pre: 1.0000 Re: 0.4000 Acc: 0.9873 F1: 0.5714
Epoch 87: Time: 0.0096 Cost: 1.1249 Pre: 1.0000 Re: 0.4000 Acc: 0.9873 F1: 0.5714
Epoch 88: Time: 0.0150 Cost: 1.1086 Pre: 1.0000 Re: 0.4000 Acc: 0.9873 F1: 0.5714
Epoch 89: Time: 0.0095 Cost: 1.0931 Pre: 1.0000 Re: 0.4000 Acc: 0.9873 F1: 0.5714
Epoch 90: Time: 0.0094 Cost: 1.0781 Pre: 1.0000 Re: 0.4000 Acc: 0.9873 F1: 0.5714


--------------------------------------------------------------------
Eval results: Cost:0.3886 Pre:1.0000 Re:0.5000 Acc:0.9938 F1:0.6667
--------------------------------------------------------------------

Epoch 91: Time: 0.0094 Cost: 1.0638 Pre: 1.0000 Re: 0.4000 Acc: 0.9873 F1: 0.5714
Epoch 92: Time: 0.0096 Cost: 1.0499 Pre: 1.0000 Re: 0.6000 Acc: 0.9915 F1: 0.7500
Epoch 93: Time: 0.0095 Cost: 1.0365 Pre: 1.0000 Re: 0.6000 Acc: 0.9915 F1: 0.7500
Epoch 94: Time: 0.0096 Cost: 1.0235 Pre: 1.0000 Re: 0.6000 Acc: 0.9915 F1: 0.7500
Epoch 95: Time: 0.0094 Cost: 1.0108 Pre: 1.0000 Re: 0.6000 Acc: 0.9915 F1: 0.7500
Epoch 96: Time: 0.0096 Cost: 0.9984 Pre: 1.0000 Re: 0.6000 Acc: 0.9915 F1: 0.7500
Epoch 97: Time: 0.0118 Cost: 0.9864 Pre: 1.0000 Re: 0.6000 Acc: 0.9915 F1: 0.7500
Epoch 98: Time: 0.0093 Cost: 0.9746 Pre: 1.0000 Re: 0.6000 Acc: 0.9915 F1: 0.7500
Epoch 99: Time: 0.0125 Cost: 0.9630 Pre: 1.0000 Re: 0.6000 Acc: 0.9915 F1: 0.7500
Epoch 100: Time: 0.0093 Cost: 0.9516 Pre: 1.0000 Re: 0.6000 Acc: 0.9915 F1: 0.7500


--------------------------------------------------------------------
Eval results: Cost:0.3186 Pre:1.0000 Re:1.0000 Acc:1.0000 F1:1.0000
--------------------------------------------------------------------

Epoch 101: Time: 0.0095 Cost: 0.9403 Pre: 1.0000 Re: 0.6000 Acc: 0.9915 F1: 0.7500
Epoch 102: Time: 0.0092 Cost: 0.9292 Pre: 1.0000 Re: 0.6000 Acc: 0.9915 F1: 0.7500
Epoch 103: Time: 0.0097 Cost: 0.9181 Pre: 1.0000 Re: 0.6000 Acc: 0.9915 F1: 0.7500
Epoch 104: Time: 0.0097 Cost: 0.9071 Pre: 1.0000 Re: 0.6000 Acc: 0.9915 F1: 0.7500
Epoch 105: Time: 0.0096 Cost: 0.8961 Pre: 1.0000 Re: 0.6000 Acc: 0.9915 F1: 0.7500
Epoch 106: Time: 0.0113 Cost: 0.8851 Pre: 1.0000 Re: 0.6000 Acc: 0.9915 F1: 0.7500
Epoch 107: Time: 0.0115 Cost: 0.8740 Pre: 1.0000 Re: 0.6000 Acc: 0.9915 F1: 0.7500
Epoch 108: Time: 0.0109 Cost: 0.8629 Pre: 1.0000 Re: 0.6000 Acc: 0.9915 F1: 0.7500
Epoch 109: Time: 0.0095 Cost: 0.8517 Pre: 1.0000 Re: 0.6000 Acc: 0.9915 F1: 0.7500
Epoch 110: Time: 0.0102 Cost: 0.8404 Pre: 1.0000 Re: 0.6000 Acc: 0.9915 F1: 0.7500


--------------------------------------------------------------------
Eval results: Cost:0.2751 Pre:1.0000 Re:1.0000 Acc:1.0000 F1:1.0000
--------------------------------------------------------------------

Epoch 111: Time: 0.0096 Cost: 0.8291 Pre: 1.0000 Re: 0.6000 Acc: 0.9915 F1: 0.7500
Epoch 112: Time: 0.0097 Cost: 0.8178 Pre: 1.0000 Re: 0.6000 Acc: 0.9915 F1: 0.7500
Epoch 113: Time: 0.0096 Cost: 0.8065 Pre: 1.0000 Re: 0.6000 Acc: 0.9915 F1: 0.7500
Epoch 114: Time: 0.0093 Cost: 0.7952 Pre: 1.0000 Re: 0.8000 Acc: 0.9958 F1: 0.8889
Epoch 115: Time: 0.0118 Cost: 0.7840 Pre: 1.0000 Re: 0.8000 Acc: 0.9958 F1: 0.8889
Epoch 116: Time: 0.0133 Cost: 0.7728 Pre: 1.0000 Re: 0.8000 Acc: 0.9958 F1: 0.8889
Epoch 117: Time: 0.0100 Cost: 0.7616 Pre: 1.0000 Re: 0.8000 Acc: 0.9958 F1: 0.8889
Epoch 118: Time: 0.0096 Cost: 0.7505 Pre: 1.0000 Re: 0.8000 Acc: 0.9958 F1: 0.8889
Epoch 119: Time: 0.0092 Cost: 0.7394 Pre: 1.0000 Re: 0.8000 Acc: 0.9958 F1: 0.8889
Epoch 120: Time: 0.0095 Cost: 0.7284 Pre: 1.0000 Re: 0.8000 Acc: 0.9958 F1: 0.8889


--------------------------------------------------------------------
Eval results: Cost:0.2447 Pre:1.0000 Re:1.0000 Acc:1.0000 F1:1.0000
--------------------------------------------------------------------

Epoch 121: Time: 0.0105 Cost: 0.7176 Pre: 1.0000 Re: 0.8000 Acc: 0.9958 F1: 0.8889
Epoch 122: Time: 0.0101 Cost: 0.7070 Pre: 1.0000 Re: 0.8000 Acc: 0.9958 F1: 0.8889
Epoch 123: Time: 0.0095 Cost: 0.6966 Pre: 1.0000 Re: 0.8000 Acc: 0.9958 F1: 0.8889
Epoch 124: Time: 0.0117 Cost: 0.6866 Pre: 1.0000 Re: 0.8000 Acc: 0.9958 F1: 0.8889
Epoch 125: Time: 0.0130 Cost: 0.6767 Pre: 1.0000 Re: 0.8000 Acc: 0.9958 F1: 0.8889
Epoch 126: Time: 0.0098 Cost: 0.6671 Pre: 1.0000 Re: 0.8000 Acc: 0.9958 F1: 0.8889
Epoch 127: Time: 0.0094 Cost: 0.6576 Pre: 1.0000 Re: 0.8000 Acc: 0.9958 F1: 0.8889
Epoch 128: Time: 0.0095 Cost: 0.6482 Pre: 1.0000 Re: 0.8000 Acc: 0.9958 F1: 0.8889
Epoch 129: Time: 0.0096 Cost: 0.6390 Pre: 1.0000 Re: 0.8000 Acc: 0.9958 F1: 0.8889
Epoch 130: Time: 0.0092 Cost: 0.6300 Pre: 1.0000 Re: 0.8000 Acc: 0.9958 F1: 0.8889


--------------------------------------------------------------------
Eval results: Cost:0.2220 Pre:1.0000 Re:1.0000 Acc:1.0000 F1:1.0000
--------------------------------------------------------------------

Epoch 131: Time: 0.0093 Cost: 0.6212 Pre: 1.0000 Re: 0.8000 Acc: 0.9958 F1: 0.8889
Epoch 132: Time: 0.0095 Cost: 0.6125 Pre: 1.0000 Re: 0.8000 Acc: 0.9958 F1: 0.8889
Epoch 133: Time: 0.0132 Cost: 0.6042 Pre: 1.0000 Re: 0.8000 Acc: 0.9958 F1: 0.8889
Epoch 134: Time: 0.0107 Cost: 0.5961 Pre: 1.0000 Re: 0.8000 Acc: 0.9958 F1: 0.8889
Epoch 135: Time: 0.0095 Cost: 0.5883 Pre: 1.0000 Re: 0.8000 Acc: 0.9958 F1: 0.8889
Epoch 136: Time: 0.0095 Cost: 0.5806 Pre: 1.0000 Re: 0.8000 Acc: 0.9958 F1: 0.8889
Epoch 137: Time: 0.0095 Cost: 0.5730 Pre: 1.0000 Re: 0.8000 Acc: 0.9958 F1: 0.8889
Epoch 138: Time: 0.0094 Cost: 0.5656 Pre: 1.0000 Re: 0.8000 Acc: 0.9958 F1: 0.8889
Epoch 139: Time: 0.0099 Cost: 0.5583 Pre: 1.0000 Re: 0.8000 Acc: 0.9958 F1: 0.8889
Epoch 140: Time: 0.0093 Cost: 0.5511 Pre: 1.0000 Re: 0.8000 Acc: 0.9958 F1: 0.8889


--------------------------------------------------------------------
Eval results: Cost:0.2035 Pre:1.0000 Re:1.0000 Acc:1.0000 F1:1.0000
--------------------------------------------------------------------

Epoch 141: Time: 0.0097 Cost: 0.5442 Pre: 1.0000 Re: 0.8000 Acc: 0.9958 F1: 0.8889
Epoch 142: Time: 0.0110 Cost: 0.5372 Pre: 1.0000 Re: 0.8000 Acc: 0.9958 F1: 0.8889
Epoch 143: Time: 0.0097 Cost: 0.5306 Pre: 1.0000 Re: 0.8000 Acc: 0.9958 F1: 0.8889
Epoch 144: Time: 0.0122 Cost: 0.5242 Pre: 1.0000 Re: 0.8000 Acc: 0.9958 F1: 0.8889
Epoch 145: Time: 0.0096 Cost: 0.5178 Pre: 1.0000 Re: 0.8000 Acc: 0.9958 F1: 0.8889
Epoch 146: Time: 0.0094 Cost: 0.5115 Pre: 1.0000 Re: 0.8000 Acc: 0.9958 F1: 0.8889
Epoch 147: Time: 0.0091 Cost: 0.5053 Pre: 1.0000 Re: 0.8000 Acc: 0.9958 F1: 0.8889
Epoch 148: Time: 0.0095 Cost: 0.4993 Pre: 1.0000 Re: 0.8000 Acc: 0.9958 F1: 0.8889
Epoch 149: Time: 0.0099 Cost: 0.4934 Pre: 1.0000 Re: 0.8000 Acc: 0.9958 F1: 0.8889
Epoch 150: Time: 0.0097 Cost: 0.4875 Pre: 1.0000 Re: 0.8000 Acc: 0.9958 F1: 0.8889


--------------------------------------------------------------------
Eval results: Cost:0.1868 Pre:1.0000 Re:1.0000 Acc:1.0000 F1:1.0000
--------------------------------------------------------------------

Epoch 151: Time: 0.0093 Cost: 0.4818 Pre: 1.0000 Re: 0.8000 Acc: 0.9958 F1: 0.8889
Epoch 152: Time: 0.0117 Cost: 0.4760 Pre: 1.0000 Re: 0.8000 Acc: 0.9958 F1: 0.8889
Epoch 153: Time: 0.0125 Cost: 0.4705 Pre: 1.0000 Re: 0.8000 Acc: 0.9958 F1: 0.8889
Epoch 154: Time: 0.0097 Cost: 0.4652 Pre: 1.0000 Re: 0.8000 Acc: 0.9958 F1: 0.8889
Epoch 155: Time: 0.0093 Cost: 0.4599 Pre: 1.0000 Re: 1.0000 Acc: 1.0000 F1: 1.0000
Epoch 156: Time: 0.0095 Cost: 0.4546 Pre: 1.0000 Re: 1.0000 Acc: 1.0000 F1: 1.0000
Epoch 157: Time: 0.0095 Cost: 0.4495 Pre: 1.0000 Re: 1.0000 Acc: 1.0000 F1: 1.0000
Epoch 158: Time: 0.0096 Cost: 0.4444 Pre: 1.0000 Re: 1.0000 Acc: 1.0000 F1: 1.0000
Epoch 159: Time: 0.0095 Cost: 0.4394 Pre: 1.0000 Re: 1.0000 Acc: 1.0000 F1: 1.0000
Epoch 160: Time: 0.0094 Cost: 0.4344 Pre: 1.0000 Re: 1.0000 Acc: 1.0000 F1: 1.0000


--------------------------------------------------------------------
Eval results: Cost:0.1710 Pre:1.0000 Re:1.0000 Acc:1.0000 F1:1.0000
--------------------------------------------------------------------

Epoch 161: Time: 0.0119 Cost: 0.4296 Pre: 1.0000 Re: 1.0000 Acc: 1.0000 F1: 1.0000
Epoch 162: Time: 0.0128 Cost: 0.4247 Pre: 1.0000 Re: 1.0000 Acc: 1.0000 F1: 1.0000
Epoch 163: Time: 0.0093 Cost: 0.4201 Pre: 1.0000 Re: 1.0000 Acc: 1.0000 F1: 1.0000
Epoch 164: Time: 0.0092 Cost: 0.4155 Pre: 1.0000 Re: 1.0000 Acc: 1.0000 F1: 1.0000
Epoch 165: Time: 0.0097 Cost: 0.4110 Pre: 1.0000 Re: 1.0000 Acc: 1.0000 F1: 1.0000
Epoch 166: Time: 0.0099 Cost: 0.4065 Pre: 1.0000 Re: 1.0000 Acc: 1.0000 F1: 1.0000
Epoch 167: Time: 0.0097 Cost: 0.4021 Pre: 1.0000 Re: 1.0000 Acc: 1.0000 F1: 1.0000
Epoch 168: Time: 0.0092 Cost: 0.3977 Pre: 1.0000 Re: 1.0000 Acc: 1.0000 F1: 1.0000
Epoch 169: Time: 0.0092 Cost: 0.3934 Pre: 1.0000 Re: 1.0000 Acc: 1.0000 F1: 1.0000
Epoch 170: Time: 0.0094 Cost: 0.3891 Pre: 1.0000 Re: 1.0000 Acc: 1.0000 F1: 1.0000


--------------------------------------------------------------------
Eval results: Cost:0.1559 Pre:1.0000 Re:1.0000 Acc:1.0000 F1:1.0000
--------------------------------------------------------------------

Epoch 171: Time: 0.0111 Cost: 0.3850 Pre: 1.0000 Re: 1.0000 Acc: 1.0000 F1: 1.0000
Epoch 172: Time: 0.0093 Cost: 0.3807 Pre: 1.0000 Re: 1.0000 Acc: 1.0000 F1: 1.0000
Epoch 173: Time: 0.0096 Cost: 0.3767 Pre: 1.0000 Re: 1.0000 Acc: 1.0000 F1: 1.0000
Epoch 174: Time: 0.0092 Cost: 0.3728 Pre: 1.0000 Re: 1.0000 Acc: 1.0000 F1: 1.0000
Epoch 175: Time: 0.0093 Cost: 0.3687 Pre: 1.0000 Re: 1.0000 Acc: 1.0000 F1: 1.0000
Epoch 176: Time: 0.0096 Cost: 0.3648 Pre: 1.0000 Re: 1.0000 Acc: 1.0000 F1: 1.0000
Epoch 177: Time: 0.0097 Cost: 0.3610 Pre: 1.0000 Re: 1.0000 Acc: 1.0000 F1: 1.0000
Epoch 178: Time: 0.0098 Cost: 0.3572 Pre: 1.0000 Re: 1.0000 Acc: 1.0000 F1: 1.0000
Epoch 179: Time: 0.0094 Cost: 0.3533 Pre: 1.0000 Re: 1.0000 Acc: 1.0000 F1: 1.0000
Epoch 180: Time: 0.0142 Cost: 0.3496 Pre: 1.0000 Re: 1.0000 Acc: 1.0000 F1: 1.0000


--------------------------------------------------------------------
Eval results: Cost:0.1416 Pre:1.0000 Re:1.0000 Acc:1.0000 F1:1.0000
--------------------------------------------------------------------

Epoch 181: Time: 0.0101 Cost: 0.3459 Pre: 1.0000 Re: 1.0000 Acc: 1.0000 F1: 1.0000
Epoch 182: Time: 0.0101 Cost: 0.3421 Pre: 1.0000 Re: 1.0000 Acc: 1.0000 F1: 1.0000
Epoch 183: Time: 0.0099 Cost: 0.3387 Pre: 1.0000 Re: 1.0000 Acc: 1.0000 F1: 1.0000
Epoch 184: Time: 0.0098 Cost: 0.3351 Pre: 1.0000 Re: 1.0000 Acc: 1.0000 F1: 1.0000
Epoch 185: Time: 0.0092 Cost: 0.3315 Pre: 1.0000 Re: 1.0000 Acc: 1.0000 F1: 1.0000
Epoch 186: Time: 0.0095 Cost: 0.3281 Pre: 1.0000 Re: 1.0000 Acc: 1.0000 F1: 1.0000
Epoch 187: Time: 0.0092 Cost: 0.3247 Pre: 1.0000 Re: 1.0000 Acc: 1.0000 F1: 1.0000
Epoch 188: Time: 0.0094 Cost: 0.3212 Pre: 1.0000 Re: 1.0000 Acc: 1.0000 F1: 1.0000
Epoch 189: Time: 0.0119 Cost: 0.3178 Pre: 1.0000 Re: 1.0000 Acc: 1.0000 F1: 1.0000
Epoch 190: Time: 0.0095 Cost: 0.3144 Pre: 1.0000 Re: 1.0000 Acc: 1.0000 F1: 1.0000


--------------------------------------------------------------------
Eval results: Cost:0.1281 Pre:1.0000 Re:1.0000 Acc:1.0000 F1:1.0000
--------------------------------------------------------------------

Epoch 191: Time: 0.0094 Cost: 0.3111 Pre: 1.0000 Re: 1.0000 Acc: 1.0000 F1: 1.0000
Epoch 192: Time: 0.0100 Cost: 0.3077 Pre: 1.0000 Re: 1.0000 Acc: 1.0000 F1: 1.0000
Epoch 193: Time: 0.0092 Cost: 0.3046 Pre: 1.0000 Re: 1.0000 Acc: 1.0000 F1: 1.0000
Epoch 194: Time: 0.0093 Cost: 0.3013 Pre: 1.0000 Re: 1.0000 Acc: 1.0000 F1: 1.0000
Epoch 195: Time: 0.0096 Cost: 0.2981 Pre: 1.0000 Re: 1.0000 Acc: 1.0000 F1: 1.0000
Epoch 196: Time: 0.0096 Cost: 0.2951 Pre: 1.0000 Re: 1.0000 Acc: 1.0000 F1: 1.0000
Epoch 197: Time: 0.0095 Cost: 0.2919 Pre: 1.0000 Re: 1.0000 Acc: 1.0000 F1: 1.0000
Epoch 198: Time: 0.0117 Cost: 0.2888 Pre: 1.0000 Re: 1.0000 Acc: 1.0000 F1: 1.0000
Epoch 199: Time: 0.0109 Cost: 0.2857 Pre: 1.0000 Re: 1.0000 Acc: 1.0000 F1: 1.0000
Epoch 200: Time: 0.0109 Cost: 0.2826 Pre: 1.0000 Re: 1.0000 Acc: 1.0000 F1: 1.0000


--------------------------------------------------------------------
Eval results: Cost:0.1154 Pre:1.0000 Re:1.0000 Acc:1.0000 F1:1.0000
--------------------------------------------------------------------

Epoch 201: Time: 0.0094 Cost: 0.2797 Pre: 1.0000 Re: 1.0000 Acc: 1.0000 F1: 1.0000
Epoch 202: Time: 0.0096 Cost: 0.2765 Pre: 1.0000 Re: 1.0000 Acc: 1.0000 F1: 1.0000
Epoch 203: Time: 0.0097 Cost: 0.2738 Pre: 1.0000 Re: 1.0000 Acc: 1.0000 F1: 1.0000
Epoch 204: Time: 0.0092 Cost: 0.2707 Pre: 1.0000 Re: 1.0000 Acc: 1.0000 F1: 1.0000
Epoch 205: Time: 0.0094 Cost: 0.2679 Pre: 1.0000 Re: 1.0000 Acc: 1.0000 F1: 1.0000
Epoch 206: Time: 0.0093 Cost: 0.2651 Pre: 1.0000 Re: 1.0000 Acc: 1.0000 F1: 1.0000
Epoch 207: Time: 0.0111 Cost: 0.2622 Pre: 1.0000 Re: 1.0000 Acc: 1.0000 F1: 1.0000
Epoch 208: Time: 0.0115 Cost: 0.2595 Pre: 1.0000 Re: 1.0000 Acc: 1.0000 F1: 1.0000
Epoch 209: Time: 0.0106 Cost: 0.2566 Pre: 1.0000 Re: 1.0000 Acc: 1.0000 F1: 1.0000
Epoch 210: Time: 0.0095 Cost: 0.2538 Pre: 1.0000 Re: 1.0000 Acc: 1.0000 F1: 1.0000


--------------------------------------------------------------------
Eval results: Cost:0.1036 Pre:1.0000 Re:1.0000 Acc:1.0000 F1:1.0000
--------------------------------------------------------------------

Epoch 211: Time: 0.0097 Cost: 0.2511 Pre: 1.0000 Re: 1.0000 Acc: 1.0000 F1: 1.0000
Epoch 212: Time: 0.0094 Cost: 0.2483 Pre: 1.0000 Re: 1.0000 Acc: 1.0000 F1: 1.0000
Epoch 213: Time: 0.0096 Cost: 0.2458 Pre: 1.0000 Re: 1.0000 Acc: 1.0000 F1: 1.0000
Epoch 214: Time: 0.0096 Cost: 0.2430 Pre: 1.0000 Re: 1.0000 Acc: 1.0000 F1: 1.0000
Epoch 215: Time: 0.0092 Cost: 0.2407 Pre: 1.0000 Re: 1.0000 Acc: 1.0000 F1: 1.0000
Epoch 216: Time: 0.0114 Cost: 0.2378 Pre: 1.0000 Re: 1.0000 Acc: 1.0000 F1: 1.0000
Epoch 217: Time: 0.0124 Cost: 0.2355 Pre: 1.0000 Re: 1.0000 Acc: 1.0000 F1: 1.0000
Epoch 218: Time: 0.0098 Cost: 0.2327 Pre: 1.0000 Re: 1.0000 Acc: 1.0000 F1: 1.0000
Epoch 219: Time: 0.0099 Cost: 0.2305 Pre: 1.0000 Re: 1.0000 Acc: 1.0000 F1: 1.0000
Epoch 220: Time: 0.0092 Cost: 0.2277 Pre: 1.0000 Re: 1.0000 Acc: 1.0000 F1: 1.0000


--------------------------------------------------------------------
Eval results: Cost:0.0929 Pre:1.0000 Re:1.0000 Acc:1.0000 F1:1.0000
--------------------------------------------------------------------

Epoch 221: Time: 0.0095 Cost: 0.2256 Pre: 1.0000 Re: 1.0000 Acc: 1.0000 F1: 1.0000
Epoch 222: Time: 0.0095 Cost: 0.2226 Pre: 1.0000 Re: 1.0000 Acc: 1.0000 F1: 1.0000
Epoch 223: Time: 0.0092 Cost: 0.2210 Pre: 1.0000 Re: 1.0000 Acc: 1.0000 F1: 1.0000
Epoch 224: Time: 0.0094 Cost: 0.2178 Pre: 1.0000 Re: 1.0000 Acc: 1.0000 F1: 1.0000
Epoch 225: Time: 0.0114 Cost: 0.2168 Pre: 1.0000 Re: 1.0000 Acc: 1.0000 F1: 1.0000
Epoch 226: Time: 0.0128 Cost: 0.2132 Pre: 1.0000 Re: 1.0000 Acc: 1.0000 F1: 1.0000
Epoch 227: Time: 0.0099 Cost: 0.2122 Pre: 1.0000 Re: 1.0000 Acc: 1.0000 F1: 1.0000
Epoch 228: Time: 0.0093 Cost: 0.2088 Pre: 1.0000 Re: 1.0000 Acc: 1.0000 F1: 1.0000
Epoch 229: Time: 0.0095 Cost: 0.2069 Pre: 1.0000 Re: 1.0000 Acc: 1.0000 F1: 1.0000
Epoch 230: Time: 0.0095 Cost: 0.2046 Pre: 1.0000 Re: 1.0000 Acc: 1.0000 F1: 1.0000


--------------------------------------------------------------------
Eval results: Cost:0.0834 Pre:1.0000 Re:1.0000 Acc:1.0000 F1:1.0000
--------------------------------------------------------------------

Epoch 231: Time: 0.0102 Cost: 0.2022 Pre: 1.0000 Re: 1.0000 Acc: 1.0000 F1: 1.0000
Epoch 232: Time: 0.0093 Cost: 0.2005 Pre: 1.0000 Re: 1.0000 Acc: 1.0000 F1: 1.0000
Epoch 233: Time: 0.0096 Cost: 0.1978 Pre: 1.0000 Re: 1.0000 Acc: 1.0000 F1: 1.0000
Epoch 234: Time: 0.0109 Cost: 0.1966 Pre: 1.0000 Re: 1.0000 Acc: 1.0000 F1: 1.0000
Epoch 235: Time: 0.0099 Cost: 0.1936 Pre: 1.0000 Re: 1.0000 Acc: 1.0000 F1: 1.0000
Epoch 236: Time: 0.0109 Cost: 0.1930 Pre: 1.0000 Re: 1.0000 Acc: 1.0000 F1: 1.0000
Epoch 237: Time: 0.0108 Cost: 0.1897 Pre: 1.0000 Re: 1.0000 Acc: 1.0000 F1: 1.0000
Epoch 238: Time: 0.0096 Cost: 0.1885 Pre: 1.0000 Re: 1.0000 Acc: 1.0000 F1: 1.0000
Epoch 239: Time: 0.0091 Cost: 0.1857 Pre: 1.0000 Re: 1.0000 Acc: 1.0000 F1: 1.0000
Epoch 240: Time: 0.0094 Cost: 0.1838 Pre: 1.0000 Re: 1.0000 Acc: 1.0000 F1: 1.0000


--------------------------------------------------------------------
Eval results: Cost:0.0749 Pre:1.0000 Re:1.0000 Acc:1.0000 F1:1.0000
--------------------------------------------------------------------

Epoch 241: Time: 0.0099 Cost: 0.1821 Pre: 1.0000 Re: 1.0000 Acc: 1.0000 F1: 1.0000
Epoch 242: Time: 0.0095 Cost: 0.1797 Pre: 1.0000 Re: 1.0000 Acc: 1.0000 F1: 1.0000
Epoch 243: Time: 0.0093 Cost: 0.1788 Pre: 1.0000 Re: 1.0000 Acc: 1.0000 F1: 1.0000
Epoch 244: Time: 0.0113 Cost: 0.1760 Pre: 1.0000 Re: 1.0000 Acc: 1.0000 F1: 1.0000
Epoch 245: Time: 0.0117 Cost: 0.1757 Pre: 1.0000 Re: 1.0000 Acc: 1.0000 F1: 1.0000
Epoch 246: Time: 0.0102 Cost: 0.1726 Pre: 1.0000 Re: 1.0000 Acc: 1.0000 F1: 1.0000
Epoch 247: Time: 0.0093 Cost: 0.1711 Pre: 1.0000 Re: 1.0000 Acc: 1.0000 F1: 1.0000
Epoch 248: Time: 0.0097 Cost: 0.1690 Pre: 1.0000 Re: 1.0000 Acc: 1.0000 F1: 1.0000
Epoch 249: Time: 0.0093 Cost: 0.1670 Pre: 1.0000 Re: 1.0000 Acc: 1.0000 F1: 1.0000
Epoch 250: Time: 0.0092 Cost: 0.1659 Pre: 1.0000 Re: 1.0000 Acc: 1.0000 F1: 1.0000


--------------------------------------------------------------------
Eval results: Cost:0.0674 Pre:1.0000 Re:1.0000 Acc:1.0000 F1:1.0000
--------------------------------------------------------------------

Epoch 251: Time: 0.0093 Cost: 0.1635 Pre: 1.0000 Re: 1.0000 Acc: 1.0000 F1: 1.0000
Epoch 252: Time: 0.0094 Cost: 0.1628 Pre: 1.0000 Re: 1.0000 Acc: 1.0000 F1: 1.0000
Epoch 253: Time: 0.0117 Cost: 0.1602 Pre: 1.0000 Re: 1.0000 Acc: 1.0000 F1: 1.0000
Epoch 254: Time: 0.0125 Cost: 0.1596 Pre: 1.0000 Re: 1.0000 Acc: 1.0000 F1: 1.0000
Epoch 255: Time: 0.0101 Cost: 0.1570 Pre: 1.0000 Re: 1.0000 Acc: 1.0000 F1: 1.0000
Epoch 256: Time: 0.0099 Cost: 0.1556 Pre: 1.0000 Re: 1.0000 Acc: 1.0000 F1: 1.0000
Epoch 257: Time: 0.0096 Cost: 0.1538 Pre: 1.0000 Re: 1.0000 Acc: 1.0000 F1: 1.0000
Epoch 258: Time: 0.0091 Cost: 0.1521 Pre: 1.0000 Re: 1.0000 Acc: 1.0000 F1: 1.0000
Epoch 259: Time: 0.0100 Cost: 0.1508 Pre: 1.0000 Re: 1.0000 Acc: 1.0000 F1: 1.0000
Epoch 260: Time: 0.0092 Cost: 0.1489 Pre: 1.0000 Re: 1.0000 Acc: 1.0000 F1: 1.0000


--------------------------------------------------------------------
Eval results: Cost:0.0608 Pre:1.0000 Re:1.0000 Acc:1.0000 F1:1.0000
--------------------------------------------------------------------

Epoch 261: Time: 0.0096 Cost: 0.1482 Pre: 1.0000 Re: 1.0000 Acc: 1.0000 F1: 1.0000
Epoch 262: Time: 0.0111 Cost: 0.1459 Pre: 1.0000 Re: 1.0000 Acc: 1.0000 F1: 1.0000
Epoch 263: Time: 0.0130 Cost: 0.1463 Pre: 1.0000 Re: 1.0000 Acc: 1.0000 F1: 1.0000
Epoch 264: Time: 0.0097 Cost: 0.1434 Pre: 1.0000 Re: 1.0000 Acc: 1.0000 F1: 1.0000
Epoch 265: Time: 0.0096 Cost: 0.1415 Pre: 1.0000 Re: 1.0000 Acc: 1.0000 F1: 1.0000
Epoch 266: Time: 0.0094 Cost: 0.1405 Pre: 1.0000 Re: 1.0000 Acc: 1.0000 F1: 1.0000
Epoch 267: Time: 0.0096 Cost: 0.1387 Pre: 1.0000 Re: 1.0000 Acc: 1.0000 F1: 1.0000
Epoch 268: Time: 0.0096 Cost: 0.1379 Pre: 1.0000 Re: 1.0000 Acc: 1.0000 F1: 1.0000
Epoch 269: Time: 0.0092 Cost: 0.1359 Pre: 1.0000 Re: 1.0000 Acc: 1.0000 F1: 1.0000
Epoch 270: Time: 0.0095 Cost: 0.1344 Pre: 1.0000 Re: 1.0000 Acc: 1.0000 F1: 1.0000


--------------------------------------------------------------------
Eval results: Cost:0.0549 Pre:1.0000 Re:1.0000 Acc:1.0000 F1:1.0000
--------------------------------------------------------------------

Epoch 271: Time: 0.0115 Cost: 0.1333 Pre: 1.0000 Re: 1.0000 Acc: 1.0000 F1: 1.0000
Epoch 272: Time: 0.0128 Cost: 0.1316 Pre: 1.0000 Re: 1.0000 Acc: 1.0000 F1: 1.0000
Epoch 273: Time: 0.0093 Cost: 0.1311 Pre: 1.0000 Re: 1.0000 Acc: 1.0000 F1: 1.0000
Epoch 274: Time: 0.0100 Cost: 0.1292 Pre: 1.0000 Re: 1.0000 Acc: 1.0000 F1: 1.0000
Epoch 275: Time: 0.0093 Cost: 0.1289 Pre: 1.0000 Re: 1.0000 Acc: 1.0000 F1: 1.0000
Epoch 276: Time: 0.0095 Cost: 0.1267 Pre: 1.0000 Re: 1.0000 Acc: 1.0000 F1: 1.0000
Epoch 277: Time: 0.0092 Cost: 0.1254 Pre: 1.0000 Re: 1.0000 Acc: 1.0000 F1: 1.0000
Epoch 278: Time: 0.0094 Cost: 0.1241 Pre: 1.0000 Re: 1.0000 Acc: 1.0000 F1: 1.0000
Epoch 279: Time: 0.0094 Cost: 0.1226 Pre: 1.0000 Re: 1.0000 Acc: 1.0000 F1: 1.0000
Epoch 280: Time: 0.0092 Cost: 0.1220 Pre: 1.0000 Re: 1.0000 Acc: 1.0000 F1: 1.0000


--------------------------------------------------------------------
Eval results: Cost:0.0496 Pre:1.0000 Re:1.0000 Acc:1.0000 F1:1.0000
--------------------------------------------------------------------

Epoch 281: Time: 0.0095 Cost: 0.1202 Pre: 1.0000 Re: 1.0000 Acc: 1.0000 F1: 1.0000
Epoch 282: Time: 0.0117 Cost: 0.1199 Pre: 1.0000 Re: 1.0000 Acc: 1.0000 F1: 1.0000
Epoch 283: Time: 0.0104 Cost: 0.1180 Pre: 1.0000 Re: 1.0000 Acc: 1.0000 F1: 1.0000
Epoch 284: Time: 0.0094 Cost: 0.1172 Pre: 1.0000 Re: 1.0000 Acc: 1.0000 F1: 1.0000
Epoch 285: Time: 0.0099 Cost: 0.1155 Pre: 1.0000 Re: 1.0000 Acc: 1.0000 F1: 1.0000
Epoch 286: Time: 0.0094 Cost: 0.1144 Pre: 1.0000 Re: 1.0000 Acc: 1.0000 F1: 1.0000
Epoch 287: Time: 0.0098 Cost: 0.1133 Pre: 1.0000 Re: 1.0000 Acc: 1.0000 F1: 1.0000
Epoch 288: Time: 0.0092 Cost: 0.1120 Pre: 1.0000 Re: 1.0000 Acc: 1.0000 F1: 1.0000
Epoch 289: Time: 0.0094 Cost: 0.1113 Pre: 1.0000 Re: 1.0000 Acc: 1.0000 F1: 1.0000
Epoch 290: Time: 0.0110 Cost: 0.1098 Pre: 1.0000 Re: 1.0000 Acc: 1.0000 F1: 1.0000


--------------------------------------------------------------------
Eval results: Cost:0.0450 Pre:1.0000 Re:1.0000 Acc:1.0000 F1:1.0000
--------------------------------------------------------------------

Epoch 291: Time: 0.0126 Cost: 0.1099 Pre: 1.0000 Re: 1.0000 Acc: 1.0000 F1: 1.0000
Epoch 292: Time: 0.0094 Cost: 0.1082 Pre: 1.0000 Re: 1.0000 Acc: 1.0000 F1: 1.0000
Epoch 293: Time: 0.0097 Cost: 0.1073 Pre: 1.0000 Re: 1.0000 Acc: 1.0000 F1: 1.0000
Epoch 294: Time: 0.0092 Cost: 0.1056 Pre: 1.0000 Re: 1.0000 Acc: 1.0000 F1: 1.0000
Epoch 295: Time: 0.0094 Cost: 0.1044 Pre: 1.0000 Re: 1.0000 Acc: 1.0000 F1: 1.0000
Epoch 296: Time: 0.0096 Cost: 0.1041 Pre: 1.0000 Re: 1.0000 Acc: 1.0000 F1: 1.0000
Epoch 297: Time: 0.0092 Cost: 0.1026 Pre: 1.0000 Re: 1.0000 Acc: 1.0000 F1: 1.0000
Epoch 298: Time: 0.0094 Cost: 0.1017 Pre: 1.0000 Re: 1.0000 Acc: 1.0000 F1: 1.0000
Epoch 299: Time: 0.0095 Cost: 0.1005 Pre: 1.0000 Re: 1.0000 Acc: 1.0000 F1: 1.0000
Epoch 300: Time: 0.0123 Cost: 0.0994 Pre: 1.0000 Re: 1.0000 Acc: 1.0000 F1: 1.0000


--------------------------------------------------------------------
Eval results: Cost:0.0407 Pre:1.0000 Re:1.0000 Acc:1.0000 F1:1.0000
--------------------------------------------------------------------

Epoch 301: Time: 0.0102 Cost: 0.0987 Pre: 1.0000 Re: 1.0000 Acc: 1.0000 F1: 1.0000
Epoch 302: Time: 0.0094 Cost: 0.0975 Pre: 1.0000 Re: 1.0000 Acc: 1.0000 F1: 1.0000
Epoch 303: Time: 0.0091 Cost: 0.0973 Pre: 1.0000 Re: 1.0000 Acc: 1.0000 F1: 1.0000
Epoch 304: Time: 0.0095 Cost: 0.0960 Pre: 1.0000 Re: 1.0000 Acc: 1.0000 F1: 1.0000
Epoch 305: Time: 0.0098 Cost: 0.0959 Pre: 1.0000 Re: 1.0000 Acc: 1.0000 F1: 1.0000
Epoch 306: Time: 0.0096 Cost: 0.0940 Pre: 1.0000 Re: 1.0000 Acc: 1.0000 F1: 1.0000
Epoch 307: Time: 0.0095 Cost: 0.0928 Pre: 1.0000 Re: 1.0000 Acc: 1.0000 F1: 1.0000
Epoch 308: Time: 0.0091 Cost: 0.0925 Pre: 1.0000 Re: 1.0000 Acc: 1.0000 F1: 1.0000
Epoch 309: Time: 0.0114 Cost: 0.0913 Pre: 1.0000 Re: 1.0000 Acc: 1.0000 F1: 1.0000
Epoch 310: Time: 0.0128 Cost: 0.0905 Pre: 1.0000 Re: 1.0000 Acc: 1.0000 F1: 1.0000


--------------------------------------------------------------------
Eval results: Cost:0.0370 Pre:1.0000 Re:1.0000 Acc:1.0000 F1:1.0000
--------------------------------------------------------------------

Epoch 311: Time: 0.0094 Cost: 0.0894 Pre: 1.0000 Re: 1.0000 Acc: 1.0000 F1: 1.0000
Epoch 312: Time: 0.0095 Cost: 0.0885 Pre: 1.0000 Re: 1.0000 Acc: 1.0000 F1: 1.0000
Epoch 313: Time: 0.0092 Cost: 0.0878 Pre: 1.0000 Re: 1.0000 Acc: 1.0000 F1: 1.0000
Epoch 314: Time: 0.0094 Cost: 0.0868 Pre: 1.0000 Re: 1.0000 Acc: 1.0000 F1: 1.0000
Epoch 315: Time: 0.0095 Cost: 0.0867 Pre: 1.0000 Re: 1.0000 Acc: 1.0000 F1: 1.0000
Epoch 316: Time: 0.0091 Cost: 0.0855 Pre: 1.0000 Re: 1.0000 Acc: 1.0000 F1: 1.0000
Epoch 317: Time: 0.0097 Cost: 0.0853 Pre: 1.0000 Re: 1.0000 Acc: 1.0000 F1: 1.0000
Epoch 318: Time: 0.0121 Cost: 0.0837 Pre: 1.0000 Re: 1.0000 Acc: 1.0000 F1: 1.0000
Epoch 319: Time: 0.0125 Cost: 0.0827 Pre: 1.0000 Re: 1.0000 Acc: 1.0000 F1: 1.0000
Epoch 320: Time: 0.0097 Cost: 0.0823 Pre: 1.0000 Re: 1.0000 Acc: 1.0000 F1: 1.0000


--------------------------------------------------------------------
Eval results: Cost:0.0337 Pre:1.0000 Re:1.0000 Acc:1.0000 F1:1.0000
--------------------------------------------------------------------

Epoch 321: Time: 0.0095 Cost: 0.0813 Pre: 1.0000 Re: 1.0000 Acc: 1.0000 F1: 1.0000
Epoch 322: Time: 0.0093 Cost: 0.0809 Pre: 1.0000 Re: 1.0000 Acc: 1.0000 F1: 1.0000
Epoch 323: Time: 0.0096 Cost: 0.0798 Pre: 1.0000 Re: 1.0000 Acc: 1.0000 F1: 1.0000
Epoch 324: Time: 0.0092 Cost: 0.0792 Pre: 1.0000 Re: 1.0000 Acc: 1.0000 F1: 1.0000
Epoch 325: Time: 0.0092 Cost: 0.0782 Pre: 1.0000 Re: 1.0000 Acc: 1.0000 F1: 1.0000
Epoch 326: Time: 0.0095 Cost: 0.0775 Pre: 1.0000 Re: 1.0000 Acc: 1.0000 F1: 1.0000
Epoch 327: Time: 0.0123 Cost: 0.0768 Pre: 1.0000 Re: 1.0000 Acc: 1.0000 F1: 1.0000
Epoch 328: Time: 0.0118 Cost: 0.0760 Pre: 1.0000 Re: 1.0000 Acc: 1.0000 F1: 1.0000
Epoch 329: Time: 0.0094 Cost: 0.0754 Pre: 1.0000 Re: 1.0000 Acc: 1.0000 F1: 1.0000
Epoch 330: Time: 0.0095 Cost: 0.0746 Pre: 1.0000 Re: 1.0000 Acc: 1.0000 F1: 1.0000


--------------------------------------------------------------------
Eval results: Cost:0.0308 Pre:1.0000 Re:1.0000 Acc:1.0000 F1:1.0000
--------------------------------------------------------------------

Epoch 331: Time: 0.0094 Cost: 0.0746 Pre: 1.0000 Re: 1.0000 Acc: 1.0000 F1: 1.0000
Epoch 332: Time: 0.0093 Cost: 0.0739 Pre: 1.0000 Re: 1.0000 Acc: 1.0000 F1: 1.0000
Epoch 333: Time: 0.0092 Cost: 0.0745 Pre: 1.0000 Re: 1.0000 Acc: 1.0000 F1: 1.0000
Epoch 334: Time: 0.0098 Cost: 0.0721 Pre: 1.0000 Re: 1.0000 Acc: 1.0000 F1: 1.0000
Epoch 335: Time: 0.0092 Cost: 0.0715 Pre: 1.0000 Re: 1.0000 Acc: 1.0000 F1: 1.0000
Epoch 336: Time: 0.0095 Cost: 0.0713 Pre: 1.0000 Re: 1.0000 Acc: 1.0000 F1: 1.0000
Epoch 337: Time: 0.0102 Cost: 0.0700 Pre: 1.0000 Re: 1.0000 Acc: 1.0000 F1: 1.0000
Epoch 338: Time: 0.0125 Cost: 0.0694 Pre: 1.0000 Re: 1.0000 Acc: 1.0000 F1: 1.0000
Epoch 339: Time: 0.0097 Cost: 0.0690 Pre: 1.0000 Re: 1.0000 Acc: 1.0000 F1: 1.0000
Epoch 340: Time: 0.0096 Cost: 0.0681 Pre: 1.0000 Re: 1.0000 Acc: 1.0000 F1: 1.0000


--------------------------------------------------------------------
Eval results: Cost:0.0281 Pre:1.0000 Re:1.0000 Acc:1.0000 F1:1.0000
--------------------------------------------------------------------

Epoch 341: Time: 0.0092 Cost: 0.0674 Pre: 1.0000 Re: 1.0000 Acc: 1.0000 F1: 1.0000
Epoch 342: Time: 0.0097 Cost: 0.0671 Pre: 1.0000 Re: 1.0000 Acc: 1.0000 F1: 1.0000
Epoch 343: Time: 0.0094 Cost: 0.0663 Pre: 1.0000 Re: 1.0000 Acc: 1.0000 F1: 1.0000
Epoch 344: Time: 0.0092 Cost: 0.0657 Pre: 1.0000 Re: 1.0000 Acc: 1.0000 F1: 1.0000
Epoch 345: Time: 0.0100 Cost: 0.0651 Pre: 1.0000 Re: 1.0000 Acc: 1.0000 F1: 1.0000
Epoch 346: Time: 0.0115 Cost: 0.0645 Pre: 1.0000 Re: 1.0000 Acc: 1.0000 F1: 1.0000
Epoch 347: Time: 0.0135 Cost: 0.0640 Pre: 1.0000 Re: 1.0000 Acc: 1.0000 F1: 1.0000
Epoch 348: Time: 0.0094 Cost: 0.0633 Pre: 1.0000 Re: 1.0000 Acc: 1.0000 F1: 1.0000
Epoch 349: Time: 0.0094 Cost: 0.0630 Pre: 1.0000 Re: 1.0000 Acc: 1.0000 F1: 1.0000
Epoch 350: Time: 0.0096 Cost: 0.0624 Pre: 1.0000 Re: 1.0000 Acc: 1.0000 F1: 1.0000


--------------------------------------------------------------------
Eval results: Cost:0.0259 Pre:1.0000 Re:1.0000 Acc:1.0000 F1:1.0000
--------------------------------------------------------------------

Epoch 351: Time: 0.0096 Cost: 0.0629 Pre: 1.0000 Re: 1.0000 Acc: 1.0000 F1: 1.0000
Epoch 352: Time: 0.0095 Cost: 0.0618 Pre: 1.0000 Re: 1.0000 Acc: 1.0000 F1: 1.0000
Epoch 353: Time: 0.0098 Cost: 0.0606 Pre: 1.0000 Re: 1.0000 Acc: 1.0000 F1: 1.0000
Epoch 354: Time: 0.0092 Cost: 0.0603 Pre: 1.0000 Re: 1.0000 Acc: 1.0000 F1: 1.0000
Epoch 355: Time: 0.0116 Cost: 0.0598 Pre: 1.0000 Re: 1.0000 Acc: 1.0000 F1: 1.0000
Epoch 356: Time: 0.0127 Cost: 0.0592 Pre: 1.0000 Re: 1.0000 Acc: 1.0000 F1: 1.0000
Epoch 357: Time: 0.0095 Cost: 0.0585 Pre: 1.0000 Re: 1.0000 Acc: 1.0000 F1: 1.0000
Epoch 358: Time: 0.0095 Cost: 0.0580 Pre: 1.0000 Re: 1.0000 Acc: 1.0000 F1: 1.0000
Epoch 359: Time: 0.0092 Cost: 0.0577 Pre: 1.0000 Re: 1.0000 Acc: 1.0000 F1: 1.0000
Epoch 360: Time: 0.0094 Cost: 0.0570 Pre: 1.0000 Re: 1.0000 Acc: 1.0000 F1: 1.0000


--------------------------------------------------------------------
Eval results: Cost:0.0236 Pre:1.0000 Re:1.0000 Acc:1.0000 F1:1.0000
--------------------------------------------------------------------

Epoch 361: Time: 0.0093 Cost: 0.0566 Pre: 1.0000 Re: 1.0000 Acc: 1.0000 F1: 1.0000
Epoch 362: Time: 0.0095 Cost: 0.0560 Pre: 1.0000 Re: 1.0000 Acc: 1.0000 F1: 1.0000
Epoch 363: Time: 0.0095 Cost: 0.0556 Pre: 1.0000 Re: 1.0000 Acc: 1.0000 F1: 1.0000
Epoch 364: Time: 0.0130 Cost: 0.0550 Pre: 1.0000 Re: 1.0000 Acc: 1.0000 F1: 1.0000
Epoch 365: Time: 0.0107 Cost: 0.0548 Pre: 1.0000 Re: 1.0000 Acc: 1.0000 F1: 1.0000
Epoch 366: Time: 0.0099 Cost: 0.0542 Pre: 1.0000 Re: 1.0000 Acc: 1.0000 F1: 1.0000
Epoch 367: Time: 0.0092 Cost: 0.0545 Pre: 1.0000 Re: 1.0000 Acc: 1.0000 F1: 1.0000
Epoch 368: Time: 0.0091 Cost: 0.0536 Pre: 1.0000 Re: 1.0000 Acc: 1.0000 F1: 1.0000
Epoch 369: Time: 0.0097 Cost: 0.0528 Pre: 1.0000 Re: 1.0000 Acc: 1.0000 F1: 1.0000
Epoch 370: Time: 0.0091 Cost: 0.0524 Pre: 1.0000 Re: 1.0000 Acc: 1.0000 F1: 1.0000


--------------------------------------------------------------------
Eval results: Cost:0.0217 Pre:1.0000 Re:1.0000 Acc:1.0000 F1:1.0000
--------------------------------------------------------------------

Epoch 371: Time: 0.0097 Cost: 0.0519 Pre: 1.0000 Re: 1.0000 Acc: 1.0000 F1: 1.0000
Epoch 372: Time: 0.0093 Cost: 0.0518 Pre: 1.0000 Re: 1.0000 Acc: 1.0000 F1: 1.0000
Epoch 373: Time: 0.0117 Cost: 0.0510 Pre: 1.0000 Re: 1.0000 Acc: 1.0000 F1: 1.0000
Epoch 374: Time: 0.0095 Cost: 0.0506 Pre: 1.0000 Re: 1.0000 Acc: 1.0000 F1: 1.0000
Epoch 375: Time: 0.0122 Cost: 0.0502 Pre: 1.0000 Re: 1.0000 Acc: 1.0000 F1: 1.0000
Epoch 376: Time: 0.0097 Cost: 0.0497 Pre: 1.0000 Re: 1.0000 Acc: 1.0000 F1: 1.0000
Epoch 377: Time: 0.0096 Cost: 0.0495 Pre: 1.0000 Re: 1.0000 Acc: 1.0000 F1: 1.0000
Epoch 378: Time: 0.0092 Cost: 0.0490 Pre: 1.0000 Re: 1.0000 Acc: 1.0000 F1: 1.0000
Epoch 379: Time: 0.0091 Cost: 0.0490 Pre: 1.0000 Re: 1.0000 Acc: 1.0000 F1: 1.0000
Epoch 380: Time: 0.0096 Cost: 0.0483 Pre: 1.0000 Re: 1.0000 Acc: 1.0000 F1: 1.0000


--------------------------------------------------------------------
Eval results: Cost:0.0201 Pre:1.0000 Re:1.0000 Acc:1.0000 F1:1.0000
--------------------------------------------------------------------

Epoch 381: Time: 0.0096 Cost: 0.0479 Pre: 1.0000 Re: 1.0000 Acc: 1.0000 F1: 1.0000
Epoch 382: Time: 0.0116 Cost: 0.0473 Pre: 1.0000 Re: 1.0000 Acc: 1.0000 F1: 1.0000
Epoch 383: Time: 0.0096 Cost: 0.0469 Pre: 1.0000 Re: 1.0000 Acc: 1.0000 F1: 1.0000
Epoch 384: Time: 0.0127 Cost: 0.0466 Pre: 1.0000 Re: 1.0000 Acc: 1.0000 F1: 1.0000
Epoch 385: Time: 0.0096 Cost: 0.0462 Pre: 1.0000 Re: 1.0000 Acc: 1.0000 F1: 1.0000
Epoch 386: Time: 0.0094 Cost: 0.0461 Pre: 1.0000 Re: 1.0000 Acc: 1.0000 F1: 1.0000
Epoch 387: Time: 0.0092 Cost: 0.0456 Pre: 1.0000 Re: 1.0000 Acc: 1.0000 F1: 1.0000
Epoch 388: Time: 0.0096 Cost: 0.0456 Pre: 1.0000 Re: 1.0000 Acc: 1.0000 F1: 1.0000
Epoch 389: Time: 0.0092 Cost: 0.0448 Pre: 1.0000 Re: 1.0000 Acc: 1.0000 F1: 1.0000
Epoch 390: Time: 0.0106 Cost: 0.0443 Pre: 1.0000 Re: 1.0000 Acc: 1.0000 F1: 1.0000


--------------------------------------------------------------------
Eval results: Cost:0.0185 Pre:1.0000 Re:1.0000 Acc:1.0000 F1:1.0000
--------------------------------------------------------------------

Epoch 391: Time: 0.0114 Cost: 0.0441 Pre: 1.0000 Re: 1.0000 Acc: 1.0000 F1: 1.0000
Epoch 392: Time: 0.0103 Cost: 0.0437 Pre: 1.0000 Re: 1.0000 Acc: 1.0000 F1: 1.0000
Epoch 393: Time: 0.0120 Cost: 0.0436 Pre: 1.0000 Re: 1.0000 Acc: 1.0000 F1: 1.0000
Epoch 394: Time: 0.0097 Cost: 0.0430 Pre: 1.0000 Re: 1.0000 Acc: 1.0000 F1: 1.0000
Epoch 395: Time: 0.0092 Cost: 0.0427 Pre: 1.0000 Re: 1.0000 Acc: 1.0000 F1: 1.0000
Epoch 396: Time: 0.0094 Cost: 0.0423 Pre: 1.0000 Re: 1.0000 Acc: 1.0000 F1: 1.0000
Epoch 397: Time: 0.0093 Cost: 0.0419 Pre: 1.0000 Re: 1.0000 Acc: 1.0000 F1: 1.0000
Epoch 398: Time: 0.0092 Cost: 0.0417 Pre: 1.0000 Re: 1.0000 Acc: 1.0000 F1: 1.0000
Epoch 399: Time: 0.0095 Cost: 0.0413 Pre: 1.0000 Re: 1.0000 Acc: 1.0000 F1: 1.0000
Epoch 400: Time: 0.0096 Cost: 0.0413 Pre: 1.0000 Re: 1.0000 Acc: 1.0000 F1: 1.0000


--------------------------------------------------------------------
Eval results: Cost:0.0172 Pre:1.0000 Re:1.0000 Acc:1.0000 F1:1.0000
--------------------------------------------------------------------

Epoch 401: Time: 0.0124 Cost: 0.0409 Pre: 1.0000 Re: 1.0000 Acc: 1.0000 F1: 1.0000
Epoch 402: Time: 0.0114 Cost: 0.0408 Pre: 1.0000 Re: 1.0000 Acc: 1.0000 F1: 1.0000
Epoch 403: Time: 0.0094 Cost: 0.0401 Pre: 1.0000 Re: 1.0000 Acc: 1.0000 F1: 1.0000
Epoch 404: Time: 0.0092 Cost: 0.0397 Pre: 1.0000 Re: 1.0000 Acc: 1.0000 F1: 1.0000
Epoch 405: Time: 0.0095 Cost: 0.0395 Pre: 1.0000 Re: 1.0000 Acc: 1.0000 F1: 1.0000
Epoch 406: Time: 0.0092 Cost: 0.0392 Pre: 1.0000 Re: 1.0000 Acc: 1.0000 F1: 1.0000
Epoch 407: Time: 0.0096 Cost: 0.0390 Pre: 1.0000 Re: 1.0000 Acc: 1.0000 F1: 1.0000
Epoch 408: Time: 0.0094 Cost: 0.0386 Pre: 1.0000 Re: 1.0000 Acc: 1.0000 F1: 1.0000
Epoch 409: Time: 0.0092 Cost: 0.0383 Pre: 1.0000 Re: 1.0000 Acc: 1.0000 F1: 1.0000
Epoch 410: Time: 0.0096 Cost: 0.0379 Pre: 1.0000 Re: 1.0000 Acc: 1.0000 F1: 1.0000


--------------------------------------------------------------------
Eval results: Cost:0.0159 Pre:1.0000 Re:1.0000 Acc:1.0000 F1:1.0000
--------------------------------------------------------------------

Epoch 411: Time: 0.0108 Cost: 0.0376 Pre: 1.0000 Re: 1.0000 Acc: 1.0000 F1: 1.0000
Epoch 412: Time: 0.0096 Cost: 0.0374 Pre: 1.0000 Re: 1.0000 Acc: 1.0000 F1: 1.0000
Epoch 413: Time: 0.0095 Cost: 0.0371 Pre: 1.0000 Re: 1.0000 Acc: 1.0000 F1: 1.0000
Epoch 414: Time: 0.0092 Cost: 0.0370 Pre: 1.0000 Re: 1.0000 Acc: 1.0000 F1: 1.0000
Epoch 415: Time: 0.0095 Cost: 0.0368 Pre: 1.0000 Re: 1.0000 Acc: 1.0000 F1: 1.0000
Epoch 416: Time: 0.0096 Cost: 0.0374 Pre: 1.0000 Re: 1.0000 Acc: 1.0000 F1: 1.0000
Epoch 417: Time: 0.0093 Cost: 0.0363 Pre: 1.0000 Re: 1.0000 Acc: 1.0000 F1: 1.0000
Epoch 418: Time: 0.0095 Cost: 0.0358 Pre: 1.0000 Re: 1.0000 Acc: 1.0000 F1: 1.0000
Epoch 419: Time: 0.0092 Cost: 0.0360 Pre: 1.0000 Re: 1.0000 Acc: 1.0000 F1: 1.0000
Epoch 420: Time: 0.0114 Cost: 0.0353 Pre: 1.0000 Re: 1.0000 Acc: 1.0000 F1: 1.0000


--------------------------------------------------------------------
Eval results: Cost:0.0148 Pre:1.0000 Re:1.0000 Acc:1.0000 F1:1.0000
--------------------------------------------------------------------

Epoch 421: Time: 0.0124 Cost: 0.0350 Pre: 1.0000 Re: 1.0000 Acc: 1.0000 F1: 1.0000
Epoch 422: Time: 0.0097 Cost: 0.0350 Pre: 1.0000 Re: 1.0000 Acc: 1.0000 F1: 1.0000
Epoch 423: Time: 0.0095 Cost: 0.0345 Pre: 1.0000 Re: 1.0000 Acc: 1.0000 F1: 1.0000
Epoch 424: Time: 0.0095 Cost: 0.0342 Pre: 1.0000 Re: 1.0000 Acc: 1.0000 F1: 1.0000
Epoch 425: Time: 0.0092 Cost: 0.0341 Pre: 1.0000 Re: 1.0000 Acc: 1.0000 F1: 1.0000
Epoch 426: Time: 0.0094 Cost: 0.0338 Pre: 1.0000 Re: 1.0000 Acc: 1.0000 F1: 1.0000
Epoch 427: Time: 0.0095 Cost: 0.0336 Pre: 1.0000 Re: 1.0000 Acc: 1.0000 F1: 1.0000
Epoch 428: Time: 0.0092 Cost: 0.0333 Pre: 1.0000 Re: 1.0000 Acc: 1.0000 F1: 1.0000
Epoch 429: Time: 0.0116 Cost: 0.0331 Pre: 1.0000 Re: 1.0000 Acc: 1.0000 F1: 1.0000
Epoch 430: Time: 0.0096 Cost: 0.0328 Pre: 1.0000 Re: 1.0000 Acc: 1.0000 F1: 1.0000


--------------------------------------------------------------------
Eval results: Cost:0.0138 Pre:1.0000 Re:1.0000 Acc:1.0000 F1:1.0000
--------------------------------------------------------------------

Epoch 431: Time: 0.0101 Cost: 0.0326 Pre: 1.0000 Re: 1.0000 Acc: 1.0000 F1: 1.0000
Epoch 432: Time: 0.0094 Cost: 0.0323 Pre: 1.0000 Re: 1.0000 Acc: 1.0000 F1: 1.0000
Epoch 433: Time: 0.0096 Cost: 0.0322 Pre: 1.0000 Re: 1.0000 Acc: 1.0000 F1: 1.0000
Epoch 434: Time: 0.0101 Cost: 0.0320 Pre: 1.0000 Re: 1.0000 Acc: 1.0000 F1: 1.0000
Epoch 435: Time: 0.0099 Cost: 0.0323 Pre: 1.0000 Re: 1.0000 Acc: 1.0000 F1: 1.0000
Epoch 436: Time: 0.0092 Cost: 0.0320 Pre: 1.0000 Re: 1.0000 Acc: 1.0000 F1: 1.0000
Epoch 437: Time: 0.0094 Cost: 0.0314 Pre: 1.0000 Re: 1.0000 Acc: 1.0000 F1: 1.0000
Epoch 438: Time: 0.0115 Cost: 0.0312 Pre: 1.0000 Re: 1.0000 Acc: 1.0000 F1: 1.0000
Epoch 439: Time: 0.0094 Cost: 0.0310 Pre: 1.0000 Re: 1.0000 Acc: 1.0000 F1: 1.0000
Epoch 440: Time: 0.0128 Cost: 0.0307 Pre: 1.0000 Re: 1.0000 Acc: 1.0000 F1: 1.0000


--------------------------------------------------------------------
Eval results: Cost:0.0129 Pre:1.0000 Re:1.0000 Acc:1.0000 F1:1.0000
--------------------------------------------------------------------

Epoch 441: Time: 0.0099 Cost: 0.0304 Pre: 1.0000 Re: 1.0000 Acc: 1.0000 F1: 1.0000
Epoch 442: Time: 0.0094 Cost: 0.0302 Pre: 1.0000 Re: 1.0000 Acc: 1.0000 F1: 1.0000
Epoch 443: Time: 0.0095 Cost: 0.0302 Pre: 1.0000 Re: 1.0000 Acc: 1.0000 F1: 1.0000
Epoch 444: Time: 0.0094 Cost: 0.0298 Pre: 1.0000 Re: 1.0000 Acc: 1.0000 F1: 1.0000
Epoch 445: Time: 0.0092 Cost: 0.0296 Pre: 1.0000 Re: 1.0000 Acc: 1.0000 F1: 1.0000
Epoch 446: Time: 0.0095 Cost: 0.0294 Pre: 1.0000 Re: 1.0000 Acc: 1.0000 F1: 1.0000
Epoch 447: Time: 0.0092 Cost: 0.0292 Pre: 1.0000 Re: 1.0000 Acc: 1.0000 F1: 1.0000
Epoch 448: Time: 0.0124 Cost: 0.0291 Pre: 1.0000 Re: 1.0000 Acc: 1.0000 F1: 1.0000
Epoch 449: Time: 0.0133 Cost: 0.0289 Pre: 1.0000 Re: 1.0000 Acc: 1.0000 F1: 1.0000
Epoch 450: Time: 0.0097 Cost: 0.0289 Pre: 1.0000 Re: 1.0000 Acc: 1.0000 F1: 1.0000


--------------------------------------------------------------------
Eval results: Cost:0.0121 Pre:1.0000 Re:1.0000 Acc:1.0000 F1:1.0000
--------------------------------------------------------------------

Epoch 451: Time: 0.0093 Cost: 0.0287 Pre: 1.0000 Re: 1.0000 Acc: 1.0000 F1: 1.0000
Epoch 452: Time: 0.0096 Cost: 0.0287 Pre: 1.0000 Re: 1.0000 Acc: 1.0000 F1: 1.0000
Epoch 453: Time: 0.0107 Cost: 0.0282 Pre: 1.0000 Re: 1.0000 Acc: 1.0000 F1: 1.0000
Epoch 454: Time: 0.0096 Cost: 0.0279 Pre: 1.0000 Re: 1.0000 Acc: 1.0000 F1: 1.0000
Epoch 455: Time: 0.0093 Cost: 0.0279 Pre: 1.0000 Re: 1.0000 Acc: 1.0000 F1: 1.0000
Epoch 456: Time: 0.0101 Cost: 0.0276 Pre: 1.0000 Re: 1.0000 Acc: 1.0000 F1: 1.0000
Epoch 457: Time: 0.0129 Cost: 0.0275 Pre: 1.0000 Re: 1.0000 Acc: 1.0000 F1: 1.0000
Epoch 458: Time: 0.0095 Cost: 0.0272 Pre: 1.0000 Re: 1.0000 Acc: 1.0000 F1: 1.0000
Epoch 459: Time: 0.0096 Cost: 0.0270 Pre: 1.0000 Re: 1.0000 Acc: 1.0000 F1: 1.0000
Epoch 460: Time: 0.0105 Cost: 0.0269 Pre: 1.0000 Re: 1.0000 Acc: 1.0000 F1: 1.0000


--------------------------------------------------------------------
Eval results: Cost:0.0114 Pre:1.0000 Re:1.0000 Acc:1.0000 F1:1.0000
--------------------------------------------------------------------

Epoch 461: Time: 0.0093 Cost: 0.0267 Pre: 1.0000 Re: 1.0000 Acc: 1.0000 F1: 1.0000
Epoch 462: Time: 0.0095 Cost: 0.0267 Pre: 1.0000 Re: 1.0000 Acc: 1.0000 F1: 1.0000
Epoch 463: Time: 0.0093 Cost: 0.0265 Pre: 1.0000 Re: 1.0000 Acc: 1.0000 F1: 1.0000
Epoch 464: Time: 0.0092 Cost: 0.0266 Pre: 1.0000 Re: 1.0000 Acc: 1.0000 F1: 1.0000
Epoch 465: Time: 0.0096 Cost: 0.0261 Pre: 1.0000 Re: 1.0000 Acc: 1.0000 F1: 1.0000
Epoch 466: Time: 0.0164 Cost: 0.0259 Pre: 1.0000 Re: 1.0000 Acc: 1.0000 F1: 1.0000
Epoch 467: Time: 0.0097 Cost: 0.0258 Pre: 1.0000 Re: 1.0000 Acc: 1.0000 F1: 1.0000
Epoch 468: Time: 0.0092 Cost: 0.0256 Pre: 1.0000 Re: 1.0000 Acc: 1.0000 F1: 1.0000
Epoch 469: Time: 0.0094 Cost: 0.0255 Pre: 1.0000 Re: 1.0000 Acc: 1.0000 F1: 1.0000
Epoch 470: Time: 0.0092 Cost: 0.0253 Pre: 1.0000 Re: 1.0000 Acc: 1.0000 F1: 1.0000


--------------------------------------------------------------------
Eval results: Cost:0.0107 Pre:1.0000 Re:1.0000 Acc:1.0000 F1:1.0000
--------------------------------------------------------------------

Epoch 471: Time: 0.0096 Cost: 0.0251 Pre: 1.0000 Re: 1.0000 Acc: 1.0000 F1: 1.0000
Epoch 472: Time: 0.0096 Cost: 0.0249 Pre: 1.0000 Re: 1.0000 Acc: 1.0000 F1: 1.0000
Epoch 473: Time: 0.0094 Cost: 0.0248 Pre: 1.0000 Re: 1.0000 Acc: 1.0000 F1: 1.0000
Epoch 474: Time: 0.0094 Cost: 0.0247 Pre: 1.0000 Re: 1.0000 Acc: 1.0000 F1: 1.0000
Epoch 475: Time: 0.0119 Cost: 0.0245 Pre: 1.0000 Re: 1.0000 Acc: 1.0000 F1: 1.0000
Epoch 476: Time: 0.0118 Cost: 0.0244 Pre: 1.0000 Re: 1.0000 Acc: 1.0000 F1: 1.0000
Epoch 477: Time: 0.0102 Cost: 0.0243 Pre: 1.0000 Re: 1.0000 Acc: 1.0000 F1: 1.0000
Epoch 478: Time: 0.0096 Cost: 0.0247 Pre: 1.0000 Re: 1.0000 Acc: 1.0000 F1: 1.0000
Epoch 479: Time: 0.0107 Cost: 0.0243 Pre: 1.0000 Re: 1.0000 Acc: 1.0000 F1: 1.0000
Epoch 480: Time: 0.0096 Cost: 0.0238 Pre: 1.0000 Re: 1.0000 Acc: 1.0000 F1: 1.0000


--------------------------------------------------------------------
Eval results: Cost:0.0101 Pre:1.0000 Re:1.0000 Acc:1.0000 F1:1.0000
--------------------------------------------------------------------

Epoch 481: Time: 0.0093 Cost: 0.0238 Pre: 1.0000 Re: 1.0000 Acc: 1.0000 F1: 1.0000
Epoch 482: Time: 0.0095 Cost: 0.0237 Pre: 1.0000 Re: 1.0000 Acc: 1.0000 F1: 1.0000
Epoch 483: Time: 0.0092 Cost: 0.0234 Pre: 1.0000 Re: 1.0000 Acc: 1.0000 F1: 1.0000
Epoch 484: Time: 0.0117 Cost: 0.0233 Pre: 1.0000 Re: 1.0000 Acc: 1.0000 F1: 1.0000
Epoch 485: Time: 0.0124 Cost: 0.0231 Pre: 1.0000 Re: 1.0000 Acc: 1.0000 F1: 1.0000
Epoch 486: Time: 0.0099 Cost: 0.0230 Pre: 1.0000 Re: 1.0000 Acc: 1.0000 F1: 1.0000
Epoch 487: Time: 0.0092 Cost: 0.0228 Pre: 1.0000 Re: 1.0000 Acc: 1.0000 F1: 1.0000
Epoch 488: Time: 0.0092 Cost: 0.0227 Pre: 1.0000 Re: 1.0000 Acc: 1.0000 F1: 1.0000
Epoch 489: Time: 0.0094 Cost: 0.0226 Pre: 1.0000 Re: 1.0000 Acc: 1.0000 F1: 1.0000
Epoch 490: Time: 0.0094 Cost: 0.0225 Pre: 1.0000 Re: 1.0000 Acc: 1.0000 F1: 1.0000


--------------------------------------------------------------------
Eval results: Cost:0.0095 Pre:1.0000 Re:1.0000 Acc:1.0000 F1:1.0000
--------------------------------------------------------------------

Epoch 491: Time: 0.0093 Cost: 0.0224 Pre: 1.0000 Re: 1.0000 Acc: 1.0000 F1: 1.0000
Epoch 492: Time: 0.0096 Cost: 0.0223 Pre: 1.0000 Re: 1.0000 Acc: 1.0000 F1: 1.0000
Epoch 493: Time: 0.0120 Cost: 0.0223 Pre: 1.0000 Re: 1.0000 Acc: 1.0000 F1: 1.0000
Epoch 494: Time: 0.0128 Cost: 0.0221 Pre: 1.0000 Re: 1.0000 Acc: 1.0000 F1: 1.0000
Epoch 495: Time: 0.0095 Cost: 0.0219 Pre: 1.0000 Re: 1.0000 Acc: 1.0000 F1: 1.0000
Epoch 496: Time: 0.0095 Cost: 0.0217 Pre: 1.0000 Re: 1.0000 Acc: 1.0000 F1: 1.0000
Epoch 497: Time: 0.0098 Cost: 0.0216 Pre: 1.0000 Re: 1.0000 Acc: 1.0000 F1: 1.0000
Epoch 498: Time: 0.0092 Cost: 0.0215 Pre: 1.0000 Re: 1.0000 Acc: 1.0000 F1: 1.0000
Epoch 499: Time: 0.0096 Cost: 0.0214 Pre: 1.0000 Re: 1.0000 Acc: 1.0000 F1: 1.0000
Epoch 500: Time: 0.0093 Cost: 0.0214 Pre: 1.0000 Re: 1.0000 Acc: 1.0000 F1: 1.0000


--------------------------------------------------------------------
Eval results: Cost:0.0090 Pre:1.0000 Re:1.0000 Acc:1.0000 F1:1.0000
--------------------------------------------------------------------

Epoch 501: Time: 0.0098 Cost: 0.0212 Pre: 1.0000 Re: 1.0000 Acc: 1.0000 F1: 1.0000
Epoch 502: Time: 0.0114 Cost: 0.0212 Pre: 1.0000 Re: 1.0000 Acc: 1.0000 F1: 1.0000
Epoch 503: Time: 0.0126 Cost: 0.0209 Pre: 1.0000 Re: 1.0000 Acc: 1.0000 F1: 1.0000
Epoch 504: Time: 0.0094 Cost: 0.0208 Pre: 1.0000 Re: 1.0000 Acc: 1.0000 F1: 1.0000
Epoch 505: Time: 0.0096 Cost: 0.0207 Pre: 1.0000 Re: 1.0000 Acc: 1.0000 F1: 1.0000
Epoch 506: Time: 0.0095 Cost: 0.0205 Pre: 1.0000 Re: 1.0000 Acc: 1.0000 F1: 1.0000
Epoch 507: Time: 0.0094 Cost: 0.0205 Pre: 1.0000 Re: 1.0000 Acc: 1.0000 F1: 1.0000
Epoch 508: Time: 0.0095 Cost: 0.0203 Pre: 1.0000 Re: 1.0000 Acc: 1.0000 F1: 1.0000
Epoch 509: Time: 0.0094 Cost: 0.0204 Pre: 1.0000 Re: 1.0000 Acc: 1.0000 F1: 1.0000
Epoch 510: Time: 0.0099 Cost: 0.0203 Pre: 1.0000 Re: 1.0000 Acc: 1.0000 F1: 1.0000


--------------------------------------------------------------------
Eval results: Cost:0.0086 Pre:1.0000 Re:1.0000 Acc:1.0000 F1:1.0000
--------------------------------------------------------------------

Early stopping...
--------------------------------------------------------------------
--------------------------------------------------------------------
Test 458 samples take time: 0.0378
Test results: Cost:0.0086 Pre:1.0000 Re:1.0000 Acc:1.0000 F1:1.0000
--------------------------------------------------------------------

