16768
16562
16206
16632
16380
16425
Load data
RNN type: GRU Grammar: g3 Seed: 4
Model total parameters: 360
Saving hinit ... 

Epoch 0: Time: 0.2349 Cost: 26.1397 Pre: 0.4538 Re: 0.8194 Acc: 0.4457 F1: 0.5841


--------------------------------------------------------------------
Eval results: Cost:25.7729 Pre:0.4339 Re:0.6716 Acc:0.4450 F1:0.5272
--------------------------------------------------------------------

Epoch 1: Time: 0.1395 Cost: 25.3417 Pre: 0.4638 Re: 0.5583 Acc: 0.4836 F1: 0.5067
Epoch 2: Time: 0.1395 Cost: 25.0933 Pre: 0.5359 Re: 0.3863 Acc: 0.5496 F1: 0.4490
Epoch 3: Time: 0.1346 Cost: 24.9959 Pre: 0.5548 Re: 0.2770 Acc: 0.5509 F1: 0.3695
Epoch 4: Time: 0.1324 Cost: 24.9165 Pre: 0.5598 Re: 0.2626 Acc: 0.5516 F1: 0.3575
Epoch 5: Time: 0.1408 Cost: 24.8425 Pre: 0.5644 Re: 0.2489 Acc: 0.5519 F1: 0.3455
Epoch 6: Time: 0.1398 Cost: 24.7691 Pre: 0.5780 Re: 0.2424 Acc: 0.5560 F1: 0.3416
Epoch 7: Time: 0.1350 Cost: 24.6891 Pre: 0.5971 Re: 0.2410 Acc: 0.5622 F1: 0.3434
Epoch 8: Time: 0.1327 Cost: 24.5953 Pre: 0.6116 Re: 0.2424 Acc: 0.5670 F1: 0.3472
Epoch 9: Time: 0.1417 Cost: 24.4776 Pre: 0.6250 Re: 0.2446 Acc: 0.5714 F1: 0.3516
Epoch 10: Time: 0.1462 Cost: 24.3200 Pre: 0.6499 Re: 0.2511 Acc: 0.5800 F1: 0.3622


--------------------------------------------------------------------
Eval results: Cost:24.1012 Pre:0.6467 Re:0.2896 Acc:0.5997 F1:0.4000
--------------------------------------------------------------------

Epoch 11: Time: 0.1349 Cost: 24.1130 Pre: 0.6545 Re: 0.2576 Acc: 0.5827 F1: 0.3696
Epoch 12: Time: 0.1459 Cost: 23.8387 Pre: 0.6826 Re: 0.2878 Acc: 0.5981 F1: 0.4049
Epoch 13: Time: 0.1364 Cost: 23.3466 Pre: 0.7294 Re: 0.3180 Acc: 0.6200 F1: 0.4429
Epoch 14: Time: 0.1353 Cost: 22.4844 Pre: 0.7514 Re: 0.3914 Acc: 0.6494 F1: 0.5147
Epoch 15: Time: 0.1356 Cost: 21.0258 Pre: 0.7629 Re: 0.5230 Acc: 0.6962 F1: 0.6206
Epoch 16: Time: 0.1323 Cost: 18.8436 Pre: 0.7599 Re: 0.6763 Acc: 0.7447 F1: 0.7156
Epoch 17: Time: 0.1416 Cost: 16.6422 Pre: 0.7581 Re: 0.7892 Acc: 0.7802 F1: 0.7734
Epoch 18: Time: 0.1384 Cost: 14.9600 Pre: 0.7646 Re: 0.8367 Acc: 0.8001 F1: 0.7990
Epoch 19: Time: 0.1373 Cost: 13.4729 Pre: 0.7829 Re: 0.8719 Acc: 0.8243 F1: 0.8251
Epoch 20: Time: 0.1716 Cost: 12.2124 Pre: 0.8003 Re: 0.9022 Acc: 0.8465 F1: 0.8482


--------------------------------------------------------------------
Eval results: Cost:10.4758 Pre:0.8026 Re:0.9343 Acc:0.8638 F1:0.8634
--------------------------------------------------------------------

Epoch 21: Time: 0.1497 Cost: 11.1312 Pre: 0.8107 Re: 0.9273 Acc: 0.8626 F1: 0.8651
Epoch 22: Time: 0.1441 Cost: 10.1707 Pre: 0.8269 Re: 0.9453 Acc: 0.8800 F1: 0.8822
Epoch 23: Time: 0.1410 Cost: 9.3018 Pre: 0.8347 Re: 0.9626 Acc: 0.8917 F1: 0.8941
Epoch 24: Time: 0.1548 Cost: 8.4982 Pre: 0.8460 Re: 0.9719 Acc: 0.9026 F1: 0.9046
Epoch 25: Time: 0.1382 Cost: 7.7669 Pre: 0.8519 Re: 0.9763 Acc: 0.9081 F1: 0.9098
Epoch 26: Time: 0.1386 Cost: 7.1152 Pre: 0.8607 Re: 0.9820 Acc: 0.9159 F1: 0.9173
Epoch 27: Time: 0.1349 Cost: 6.5294 Pre: 0.8685 Re: 0.9885 Acc: 0.9234 F1: 0.9246
Epoch 28: Time: 0.1602 Cost: 5.9854 Pre: 0.8813 Re: 0.9935 Acc: 0.9334 F1: 0.9341
Epoch 29: Time: 0.1409 Cost: 5.4623 Pre: 0.8940 Re: 0.9950 Acc: 0.9416 F1: 0.9418
Epoch 30: Time: 0.3914 Cost: 4.9461 Pre: 0.9105 Re: 0.9957 Acc: 0.9515 F1: 0.9512


--------------------------------------------------------------------
Eval results: Cost:3.8057 Pre:0.9215 Re:0.9985 Acc:0.9601 F1:0.9585
--------------------------------------------------------------------

Epoch 31: Time: 0.2826 Cost: 4.4496 Pre: 0.9265 Re: 0.9971 Acc: 0.9610 F1: 0.9605
Epoch 32: Time: 0.3473 Cost: 3.9764 Pre: 0.9403 Re: 0.9971 Acc: 0.9686 F1: 0.9679
Epoch 33: Time: 0.2441 Cost: 3.4886 Pre: 0.9632 Re: 0.9971 Acc: 0.9805 F1: 0.9799
Epoch 34: Time: 0.1819 Cost: 3.0128 Pre: 0.9809 Re: 0.9971 Acc: 0.9894 F1: 0.9889
Epoch 35: Time: 0.1509 Cost: 2.5717 Pre: 0.9921 Re: 0.9971 Acc: 0.9949 F1: 0.9946
Epoch 36: Time: 0.1326 Cost: 2.1773 Pre: 0.9964 Re: 0.9971 Acc: 0.9969 F1: 0.9968
Epoch 37: Time: 0.1484 Cost: 1.8335 Pre: 0.9993 Re: 0.9971 Acc: 0.9983 F1: 0.9982
Epoch 38: Time: 0.4783 Cost: 1.5390 Pre: 0.9986 Re: 0.9971 Acc: 0.9979 F1: 0.9978
Epoch 39: Time: 0.2733 Cost: 1.2895 Pre: 0.9986 Re: 0.9978 Acc: 0.9983 F1: 0.9982
Epoch 40: Time: 0.3469 Cost: 1.0795 Pre: 0.9986 Re: 0.9978 Acc: 0.9983 F1: 0.9982


--------------------------------------------------------------------
Eval results: Cost:0.8826 Pre:0.9985 Re:0.9955 Acc:0.9972 F1:0.9970
--------------------------------------------------------------------

Epoch 41: Time: 0.2306 Cost: 0.9103 Pre: 0.9986 Re: 0.9978 Acc: 0.9983 F1: 0.9982
Epoch 42: Time: 0.2738 Cost: 0.7756 Pre: 0.9986 Re: 0.9978 Acc: 0.9983 F1: 0.9982
Epoch 43: Time: 0.1606 Cost: 0.6578 Pre: 0.9986 Re: 0.9986 Acc: 0.9986 F1: 0.9986
Epoch 44: Time: 0.4054 Cost: 0.5588 Pre: 0.9986 Re: 0.9986 Acc: 0.9986 F1: 0.9986
Epoch 45: Time: 0.2270 Cost: 0.4790 Pre: 0.9986 Re: 0.9986 Acc: 0.9986 F1: 0.9986
Epoch 46: Time: 0.2151 Cost: 0.4152 Pre: 0.9993 Re: 0.9986 Acc: 0.9990 F1: 0.9989
Epoch 47: Time: 0.1883 Cost: 0.3631 Pre: 0.9993 Re: 0.9986 Acc: 0.9990 F1: 0.9989
Epoch 48: Time: 0.1649 Cost: 0.3194 Pre: 1.0000 Re: 0.9986 Acc: 0.9993 F1: 0.9993
Epoch 49: Time: 0.1446 Cost: 0.2821 Pre: 1.0000 Re: 0.9986 Acc: 0.9993 F1: 0.9993
Epoch 50: Time: 0.1396 Cost: 0.2497 Pre: 1.0000 Re: 0.9986 Acc: 0.9993 F1: 0.9993


--------------------------------------------------------------------
Eval results: Cost:0.2031 Pre:1.0000 Re:0.9985 Acc:0.9993 F1:0.9993
--------------------------------------------------------------------

Epoch 51: Time: 0.1367 Cost: 0.2225 Pre: 1.0000 Re: 0.9986 Acc: 0.9993 F1: 0.9993
Epoch 52: Time: 0.1528 Cost: 0.1999 Pre: 1.0000 Re: 0.9986 Acc: 0.9993 F1: 0.9993
Epoch 53: Time: 0.1370 Cost: 0.1796 Pre: 1.0000 Re: 0.9986 Acc: 0.9993 F1: 0.9993
Epoch 54: Time: 0.1369 Cost: 0.1601 Pre: 1.0000 Re: 0.9986 Acc: 0.9993 F1: 0.9993
Epoch 55: Time: 0.1473 Cost: 0.1429 Pre: 1.0000 Re: 0.9986 Acc: 0.9993 F1: 0.9993
Epoch 56: Time: 0.1368 Cost: 0.1276 Pre: 1.0000 Re: 0.9986 Acc: 0.9993 F1: 0.9993
Epoch 57: Time: 0.1380 Cost: 0.1142 Pre: 1.0000 Re: 0.9986 Acc: 0.9993 F1: 0.9993
Epoch 58: Time: 0.1340 Cost: 0.1025 Pre: 1.0000 Re: 0.9986 Acc: 0.9993 F1: 0.9993
Epoch 59: Time: 0.1403 Cost: 0.0922 Pre: 1.0000 Re: 0.9986 Acc: 0.9993 F1: 0.9993
Epoch 60: Time: 0.1446 Cost: 0.0831 Pre: 1.0000 Re: 0.9993 Acc: 0.9997 F1: 0.9996


--------------------------------------------------------------------
Eval results: Cost:0.0721 Pre:1.0000 Re:0.9985 Acc:0.9993 F1:0.9993
--------------------------------------------------------------------

Epoch 61: Time: 0.1344 Cost: 0.0753 Pre: 1.0000 Re: 0.9993 Acc: 0.9997 F1: 0.9996
Epoch 62: Time: 0.1321 Cost: 0.0684 Pre: 1.0000 Re: 0.9993 Acc: 0.9997 F1: 0.9996
Epoch 63: Time: 0.1553 Cost: 0.0624 Pre: 1.0000 Re: 0.9993 Acc: 0.9997 F1: 0.9996
Epoch 64: Time: 0.1374 Cost: 0.0570 Pre: 1.0000 Re: 0.9993 Acc: 0.9997 F1: 0.9996
Epoch 65: Time: 0.1337 Cost: 0.0523 Pre: 1.0000 Re: 0.9993 Acc: 0.9997 F1: 0.9996
Epoch 66: Time: 0.1431 Cost: 0.0481 Pre: 1.0000 Re: 0.9993 Acc: 0.9997 F1: 0.9996
Epoch 67: Time: 0.1522 Cost: 0.0444 Pre: 1.0000 Re: 0.9993 Acc: 0.9997 F1: 0.9996
Epoch 68: Time: 0.1361 Cost: 0.0411 Pre: 1.0000 Re: 0.9993 Acc: 0.9997 F1: 0.9996
Epoch 69: Time: 0.1326 Cost: 0.0381 Pre: 1.0000 Re: 0.9993 Acc: 0.9997 F1: 0.9996
Epoch 70: Time: 0.1529 Cost: 0.0355 Pre: 1.0000 Re: 0.9993 Acc: 0.9997 F1: 0.9996


--------------------------------------------------------------------
Eval results: Cost:0.0335 Pre:1.0000 Re:1.0000 Acc:1.0000 F1:1.0000
--------------------------------------------------------------------

Epoch 71: Time: 0.1332 Cost: 0.0331 Pre: 1.0000 Re: 1.0000 Acc: 1.0000 F1: 1.0000
Epoch 72: Time: 0.1409 Cost: 0.0309 Pre: 1.0000 Re: 1.0000 Acc: 1.0000 F1: 1.0000
Epoch 73: Time: 0.1461 Cost: 0.0290 Pre: 1.0000 Re: 1.0000 Acc: 1.0000 F1: 1.0000
Epoch 74: Time: 0.1360 Cost: 0.0272 Pre: 1.0000 Re: 1.0000 Acc: 1.0000 F1: 1.0000
Epoch 75: Time: 0.1349 Cost: 0.0256 Pre: 1.0000 Re: 1.0000 Acc: 1.0000 F1: 1.0000
Epoch 76: Time: 0.1331 Cost: 0.0241 Pre: 1.0000 Re: 1.0000 Acc: 1.0000 F1: 1.0000
Epoch 77: Time: 0.1355 Cost: 0.0228 Pre: 1.0000 Re: 1.0000 Acc: 1.0000 F1: 1.0000
Epoch 78: Time: 0.1421 Cost: 0.0215 Pre: 1.0000 Re: 1.0000 Acc: 1.0000 F1: 1.0000
Epoch 79: Time: 0.1353 Cost: 0.0204 Pre: 1.0000 Re: 1.0000 Acc: 1.0000 F1: 1.0000
Epoch 80: Time: 0.1353 Cost: 0.0193 Pre: 1.0000 Re: 1.0000 Acc: 1.0000 F1: 1.0000


--------------------------------------------------------------------
Eval results: Cost:0.0186 Pre:1.0000 Re:1.0000 Acc:1.0000 F1:1.0000
--------------------------------------------------------------------

Epoch 81: Time: 0.1330 Cost: 0.0184 Pre: 1.0000 Re: 1.0000 Acc: 1.0000 F1: 1.0000
Epoch 82: Time: 0.1440 Cost: 0.0175 Pre: 1.0000 Re: 1.0000 Acc: 1.0000 F1: 1.0000
Epoch 83: Time: 0.1401 Cost: 0.0167 Pre: 1.0000 Re: 1.0000 Acc: 1.0000 F1: 1.0000
Epoch 84: Time: 0.1349 Cost: 0.0159 Pre: 1.0000 Re: 1.0000 Acc: 1.0000 F1: 1.0000
Epoch 85: Time: 0.1320 Cost: 0.0152 Pre: 1.0000 Re: 1.0000 Acc: 1.0000 F1: 1.0000
Epoch 86: Time: 0.1430 Cost: 0.0146 Pre: 1.0000 Re: 1.0000 Acc: 1.0000 F1: 1.0000
Epoch 87: Time: 0.1455 Cost: 0.0140 Pre: 1.0000 Re: 1.0000 Acc: 1.0000 F1: 1.0000
Epoch 88: Time: 0.1363 Cost: 0.0134 Pre: 1.0000 Re: 1.0000 Acc: 1.0000 F1: 1.0000
Epoch 89: Time: 0.1344 Cost: 0.0129 Pre: 1.0000 Re: 1.0000 Acc: 1.0000 F1: 1.0000
Epoch 90: Time: 0.1430 Cost: 0.0124 Pre: 1.0000 Re: 1.0000 Acc: 1.0000 F1: 1.0000


--------------------------------------------------------------------
Eval results: Cost:0.0118 Pre:1.0000 Re:1.0000 Acc:1.0000 F1:1.0000
--------------------------------------------------------------------

Epoch 91: Time: 0.1335 Cost: 0.0119 Pre: 1.0000 Re: 1.0000 Acc: 1.0000 F1: 1.0000
Epoch 92: Time: 0.1333 Cost: 0.0115 Pre: 1.0000 Re: 1.0000 Acc: 1.0000 F1: 1.0000
Epoch 93: Time: 0.1361 Cost: 0.0111 Pre: 1.0000 Re: 1.0000 Acc: 1.0000 F1: 1.0000
Epoch 94: Time: 0.1363 Cost: 0.0107 Pre: 1.0000 Re: 1.0000 Acc: 1.0000 F1: 1.0000
Epoch 95: Time: 0.1339 Cost: 0.0103 Pre: 1.0000 Re: 1.0000 Acc: 1.0000 F1: 1.0000
Epoch 96: Time: 0.1337 Cost: 0.0100 Pre: 1.0000 Re: 1.0000 Acc: 1.0000 F1: 1.0000
Epoch 97: Time: 0.1396 Cost: 0.0097 Pre: 1.0000 Re: 1.0000 Acc: 1.0000 F1: 1.0000
Epoch 98: Time: 0.1343 Cost: 0.0094 Pre: 1.0000 Re: 1.0000 Acc: 1.0000 F1: 1.0000
Epoch 99: Time: 0.1608 Cost: 0.0091 Pre: 1.0000 Re: 1.0000 Acc: 1.0000 F1: 1.0000
Epoch 100: Time: 0.1545 Cost: 0.0088 Pre: 1.0000 Re: 1.0000 Acc: 1.0000 F1: 1.0000


--------------------------------------------------------------------
Eval results: Cost:0.0082 Pre:1.0000 Re:1.0000 Acc:1.0000 F1:1.0000
--------------------------------------------------------------------

Epoch 101: Time: 0.1753 Cost: 0.0086 Pre: 1.0000 Re: 1.0000 Acc: 1.0000 F1: 1.0000
Epoch 102: Time: 0.1344 Cost: 0.0083 Pre: 1.0000 Re: 1.0000 Acc: 1.0000 F1: 1.0000
Epoch 103: Time: 0.1342 Cost: 0.0081 Pre: 1.0000 Re: 1.0000 Acc: 1.0000 F1: 1.0000
Epoch 104: Time: 0.1322 Cost: 0.0079 Pre: 1.0000 Re: 1.0000 Acc: 1.0000 F1: 1.0000
Epoch 105: Time: 0.1369 Cost: 0.0077 Pre: 1.0000 Re: 1.0000 Acc: 1.0000 F1: 1.0000
Epoch 106: Time: 0.1341 Cost: 0.0075 Pre: 1.0000 Re: 1.0000 Acc: 1.0000 F1: 1.0000
Epoch 107: Time: 0.1348 Cost: 0.0073 Pre: 1.0000 Re: 1.0000 Acc: 1.0000 F1: 1.0000
Epoch 108: Time: 0.1377 Cost: 0.0071 Pre: 1.0000 Re: 1.0000 Acc: 1.0000 F1: 1.0000
Epoch 109: Time: 0.1370 Cost: 0.0070 Pre: 1.0000 Re: 1.0000 Acc: 1.0000 F1: 1.0000
Epoch 110: Time: 0.1326 Cost: 0.0068 Pre: 1.0000 Re: 1.0000 Acc: 1.0000 F1: 1.0000


--------------------------------------------------------------------
Eval results: Cost:0.0062 Pre:1.0000 Re:1.0000 Acc:1.0000 F1:1.0000
--------------------------------------------------------------------

Epoch 111: Time: 0.1518 Cost: 0.0066 Pre: 1.0000 Re: 1.0000 Acc: 1.0000 F1: 1.0000
Epoch 112: Time: 0.1377 Cost: 0.0065 Pre: 1.0000 Re: 1.0000 Acc: 1.0000 F1: 1.0000
Epoch 113: Time: 0.1384 Cost: 0.0064 Pre: 1.0000 Re: 1.0000 Acc: 1.0000 F1: 1.0000
Epoch 114: Time: 0.1403 Cost: 0.0062 Pre: 1.0000 Re: 1.0000 Acc: 1.0000 F1: 1.0000
Epoch 115: Time: 0.1466 Cost: 0.0061 Pre: 1.0000 Re: 1.0000 Acc: 1.0000 F1: 1.0000
Epoch 116: Time: 0.1351 Cost: 0.0060 Pre: 1.0000 Re: 1.0000 Acc: 1.0000 F1: 1.0000
Epoch 117: Time: 0.1353 Cost: 0.0058 Pre: 1.0000 Re: 1.0000 Acc: 1.0000 F1: 1.0000
Epoch 118: Time: 0.1318 Cost: 0.0057 Pre: 1.0000 Re: 1.0000 Acc: 1.0000 F1: 1.0000
Epoch 119: Time: 0.1320 Cost: 0.0056 Pre: 1.0000 Re: 1.0000 Acc: 1.0000 F1: 1.0000
Epoch 120: Time: 0.1330 Cost: 0.0055 Pre: 1.0000 Re: 1.0000 Acc: 1.0000 F1: 1.0000


--------------------------------------------------------------------
Eval results: Cost:0.0050 Pre:1.0000 Re:1.0000 Acc:1.0000 F1:1.0000
--------------------------------------------------------------------

Epoch 121: Time: 0.1311 Cost: 0.0054 Pre: 1.0000 Re: 1.0000 Acc: 1.0000 F1: 1.0000
Epoch 122: Time: 0.1318 Cost: 0.0053 Pre: 1.0000 Re: 1.0000 Acc: 1.0000 F1: 1.0000
Epoch 123: Time: 0.1321 Cost: 0.0052 Pre: 1.0000 Re: 1.0000 Acc: 1.0000 F1: 1.0000
Epoch 124: Time: 0.1394 Cost: 0.0051 Pre: 1.0000 Re: 1.0000 Acc: 1.0000 F1: 1.0000
Epoch 125: Time: 0.1382 Cost: 0.0050 Pre: 1.0000 Re: 1.0000 Acc: 1.0000 F1: 1.0000
Epoch 126: Time: 0.1326 Cost: 0.0049 Pre: 1.0000 Re: 1.0000 Acc: 1.0000 F1: 1.0000
Epoch 127: Time: 0.1391 Cost: 0.0049 Pre: 1.0000 Re: 1.0000 Acc: 1.0000 F1: 1.0000
Epoch 128: Time: 0.1333 Cost: 0.0048 Pre: 1.0000 Re: 1.0000 Acc: 1.0000 F1: 1.0000
Epoch 129: Time: 0.1420 Cost: 0.0047 Pre: 1.0000 Re: 1.0000 Acc: 1.0000 F1: 1.0000
Epoch 130: Time: 0.1372 Cost: 0.0046 Pre: 1.0000 Re: 1.0000 Acc: 1.0000 F1: 1.0000


--------------------------------------------------------------------
Eval results: Cost:0.0041 Pre:1.0000 Re:1.0000 Acc:1.0000 F1:1.0000
--------------------------------------------------------------------

Epoch 131: Time: 0.1338 Cost: 0.0046 Pre: 1.0000 Re: 1.0000 Acc: 1.0000 F1: 1.0000
Epoch 132: Time: 0.1318 Cost: 0.0045 Pre: 1.0000 Re: 1.0000 Acc: 1.0000 F1: 1.0000
Epoch 133: Time: 0.1411 Cost: 0.0044 Pre: 1.0000 Re: 1.0000 Acc: 1.0000 F1: 1.0000
Epoch 134: Time: 0.1423 Cost: 0.0043 Pre: 1.0000 Re: 1.0000 Acc: 1.0000 F1: 1.0000
Epoch 135: Time: 0.1362 Cost: 0.0043 Pre: 1.0000 Re: 1.0000 Acc: 1.0000 F1: 1.0000
Epoch 136: Time: 0.1324 Cost: 0.0042 Pre: 1.0000 Re: 1.0000 Acc: 1.0000 F1: 1.0000
Epoch 137: Time: 0.1382 Cost: 0.0042 Pre: 1.0000 Re: 1.0000 Acc: 1.0000 F1: 1.0000
Epoch 138: Time: 0.1529 Cost: 0.0041 Pre: 1.0000 Re: 1.0000 Acc: 1.0000 F1: 1.0000
Epoch 139: Time: 0.1358 Cost: 0.0040 Pre: 1.0000 Re: 1.0000 Acc: 1.0000 F1: 1.0000
Epoch 140: Time: 0.1378 Cost: 0.0040 Pre: 1.0000 Re: 1.0000 Acc: 1.0000 F1: 1.0000


--------------------------------------------------------------------
Eval results: Cost:0.0035 Pre:1.0000 Re:1.0000 Acc:1.0000 F1:1.0000
--------------------------------------------------------------------

Epoch 141: Time: 0.1384 Cost: 0.0039 Pre: 1.0000 Re: 1.0000 Acc: 1.0000 F1: 1.0000
Epoch 142: Time: 0.1421 Cost: 0.0039 Pre: 1.0000 Re: 1.0000 Acc: 1.0000 F1: 1.0000
Epoch 143: Time: 0.1361 Cost: 0.0038 Pre: 1.0000 Re: 1.0000 Acc: 1.0000 F1: 1.0000
Epoch 144: Time: 0.1336 Cost: 0.0038 Pre: 1.0000 Re: 1.0000 Acc: 1.0000 F1: 1.0000
Epoch 145: Time: 0.1319 Cost: 0.0037 Pre: 1.0000 Re: 1.0000 Acc: 1.0000 F1: 1.0000
Epoch 146: Time: 0.1566 Cost: 0.0037 Pre: 1.0000 Re: 1.0000 Acc: 1.0000 F1: 1.0000
Epoch 147: Time: 0.1370 Cost: 0.0036 Pre: 1.0000 Re: 1.0000 Acc: 1.0000 F1: 1.0000
Epoch 148: Time: 0.1345 Cost: 0.0036 Pre: 1.0000 Re: 1.0000 Acc: 1.0000 F1: 1.0000
Epoch 149: Time: 0.1339 Cost: 0.0035 Pre: 1.0000 Re: 1.0000 Acc: 1.0000 F1: 1.0000
Epoch 150: Time: 0.1357 Cost: 0.0035 Pre: 1.0000 Re: 1.0000 Acc: 1.0000 F1: 1.0000


--------------------------------------------------------------------
Eval results: Cost:0.0031 Pre:1.0000 Re:1.0000 Acc:1.0000 F1:1.0000
--------------------------------------------------------------------

Epoch 151: Time: 0.1402 Cost: 0.0035 Pre: 1.0000 Re: 1.0000 Acc: 1.0000 F1: 1.0000
Epoch 152: Time: 0.1348 Cost: 0.0034 Pre: 1.0000 Re: 1.0000 Acc: 1.0000 F1: 1.0000
Epoch 153: Time: 0.1346 Cost: 0.0034 Pre: 1.0000 Re: 1.0000 Acc: 1.0000 F1: 1.0000
Epoch 154: Time: 0.1332 Cost: 0.0033 Pre: 1.0000 Re: 1.0000 Acc: 1.0000 F1: 1.0000
Epoch 155: Time: 0.1508 Cost: 0.0033 Pre: 1.0000 Re: 1.0000 Acc: 1.0000 F1: 1.0000
Epoch 156: Time: 0.1336 Cost: 0.0033 Pre: 1.0000 Re: 1.0000 Acc: 1.0000 F1: 1.0000
Epoch 157: Time: 0.1424 Cost: 0.0032 Pre: 1.0000 Re: 1.0000 Acc: 1.0000 F1: 1.0000
Epoch 158: Time: 0.1315 Cost: 0.0032 Pre: 1.0000 Re: 1.0000 Acc: 1.0000 F1: 1.0000
Epoch 159: Time: 0.1357 Cost: 0.0032 Pre: 1.0000 Re: 1.0000 Acc: 1.0000 F1: 1.0000
Epoch 160: Time: 0.1329 Cost: 0.0031 Pre: 1.0000 Re: 1.0000 Acc: 1.0000 F1: 1.0000


--------------------------------------------------------------------
Eval results: Cost:0.0027 Pre:1.0000 Re:1.0000 Acc:1.0000 F1:1.0000
--------------------------------------------------------------------

Early stopping...
--------------------------------------------------------------------
--------------------------------------------------------------------
Test 4332 samples take time: 0.4715
FN id:
[321 559]
Test results: Cost:0.0482 Pre:1.0000 Re:0.9990 Acc:0.9995 F1:0.9995
--------------------------------------------------------------------

