16768
16562
16206
16632
16380
16425
Load data
RNN type: LSTM Grammar: g3 Seed: 10
Model total parameters: 10400
Saving hinit ... 

Epoch 0: Time: 0.7208 Cost: 26.2070 Pre: 0.0000 Re: 0.0000 Acc: 0.5249 F1: 0.0000


--------------------------------------------------------------------
Eval results: Cost:24.5844 Pre:0.0000 Re:0.0000 Acc:0.5392 F1:0.0000
--------------------------------------------------------------------

Epoch 1: Time: 0.6399 Cost: 24.8710 Pre: 0.5230 Re: 0.5065 Acc: 0.5461 F1: 0.5146
Epoch 2: Time: 0.6512 Cost: 24.6698 Pre: 0.4961 Re: 0.1835 Acc: 0.5236 F1: 0.2679
Epoch 3: Time: 0.6363 Cost: 24.5819 Pre: 0.4667 Re: 0.2266 Acc: 0.5096 F1: 0.3051
Epoch 4: Time: 0.6437 Cost: 24.4833 Pre: 0.4592 Re: 0.2309 Acc: 0.5055 F1: 0.3073
Epoch 5: Time: 0.6350 Cost: 24.3894 Pre: 0.4686 Re: 0.2417 Acc: 0.5096 F1: 0.3189
Epoch 6: Time: 0.6398 Cost: 24.2940 Pre: 0.4781 Re: 0.2597 Acc: 0.5137 F1: 0.3366
Epoch 7: Time: 0.6359 Cost: 24.1901 Pre: 0.4831 Re: 0.2770 Acc: 0.5157 F1: 0.3521
Epoch 8: Time: 0.6341 Cost: 24.0650 Pre: 0.4911 Re: 0.2986 Acc: 0.5198 F1: 0.3714
Epoch 9: Time: 0.6383 Cost: 23.8909 Pre: 0.5107 Re: 0.3432 Acc: 0.5318 F1: 0.4105
Epoch 10: Time: 0.6375 Cost: 23.5934 Pre: 0.5413 Re: 0.4058 Acc: 0.5543 F1: 0.4638


--------------------------------------------------------------------
Eval results: Cost:22.9829 Pre:0.5492 Re:0.3582 Acc:0.5688 F1:0.4336
--------------------------------------------------------------------

Epoch 11: Time: 0.6396 Cost: 22.9439 Pre: 0.5933 Re: 0.5468 Acc: 0.6066 F1: 0.5691
Epoch 12: Time: 0.6319 Cost: 21.3588 Pre: 0.6534 Re: 0.6741 Acc: 0.6753 F1: 0.6636
Epoch 13: Time: 0.6381 Cost: 18.8639 Pre: 0.7019 Re: 0.7504 Acc: 0.7300 F1: 0.7253
Epoch 14: Time: 0.6375 Cost: 16.4318 Pre: 0.7298 Re: 0.8201 Acc: 0.7703 F1: 0.7724
Epoch 15: Time: 0.6370 Cost: 12.9776 Pre: 0.7807 Re: 0.9094 Acc: 0.8356 F1: 0.8401
Epoch 16: Time: 0.6541 Cost: 10.9814 Pre: 0.8159 Re: 0.9468 Acc: 0.8732 F1: 0.8765
Epoch 17: Time: 0.6397 Cost: 9.9472 Pre: 0.8281 Re: 0.9669 Acc: 0.8889 F1: 0.8921
Epoch 18: Time: 0.6344 Cost: 8.9570 Pre: 0.8498 Re: 0.9892 Acc: 0.9118 F1: 0.9142
Epoch 19: Time: 0.6450 Cost: 8.4084 Pre: 0.8510 Re: 0.9942 Acc: 0.9146 F1: 0.9171
Epoch 20: Time: 0.6370 Cost: 7.9183 Pre: 0.8593 Re: 0.9971 Acc: 0.9211 F1: 0.9231


--------------------------------------------------------------------
Eval results: Cost:6.4490 Pre:0.8859 Re:0.9970 Acc:0.9395 F1:0.9382
--------------------------------------------------------------------

Epoch 21: Time: 0.6531 Cost: 7.5535 Pre: 0.8633 Re: 0.9993 Acc: 0.9245 F1: 0.9263
Epoch 22: Time: 0.6409 Cost: 7.2040 Pre: 0.8730 Re: 0.9993 Acc: 0.9306 F1: 0.9319
Epoch 23: Time: 0.6402 Cost: 6.9948 Pre: 0.8752 Re: 0.9986 Acc: 0.9316 F1: 0.9328
Epoch 24: Time: 0.6372 Cost: 6.6506 Pre: 0.8882 Re: 1.0000 Acc: 0.9402 F1: 0.9408
Epoch 25: Time: 0.6354 Cost: 6.5411 Pre: 0.8858 Re: 0.9993 Acc: 0.9385 F1: 0.9391
Epoch 26: Time: 0.6451 Cost: 6.1303 Pre: 0.9032 Re: 1.0000 Acc: 0.9491 F1: 0.9491
Epoch 27: Time: 0.6440 Cost: 6.1365 Pre: 0.8997 Re: 1.0000 Acc: 0.9470 F1: 0.9472
Epoch 28: Time: 0.6348 Cost: 5.7965 Pre: 0.9090 Re: 0.9993 Acc: 0.9522 F1: 0.9520
Epoch 29: Time: 0.6394 Cost: 5.7225 Pre: 0.9085 Re: 1.0000 Acc: 0.9522 F1: 0.9521
Epoch 30: Time: 0.6386 Cost: 5.5303 Pre: 0.9150 Re: 0.9993 Acc: 0.9556 F1: 0.9553


--------------------------------------------------------------------
Eval results: Cost:4.1648 Pre:0.9437 Re:1.0000 Acc:0.9725 F1:0.9710
--------------------------------------------------------------------

Epoch 31: Time: 0.6817 Cost: 5.4056 Pre: 0.9169 Re: 1.0000 Acc: 0.9569 F1: 0.9566
Epoch 32: Time: 0.6430 Cost: 5.3224 Pre: 0.9180 Re: 0.9993 Acc: 0.9573 F1: 0.9569
Epoch 33: Time: 0.6460 Cost: 5.1598 Pre: 0.9205 Re: 1.0000 Acc: 0.9590 F1: 0.9586
Epoch 34: Time: 0.8172 Cost: 5.1099 Pre: 0.9199 Re: 1.0000 Acc: 0.9586 F1: 0.9583
Epoch 35: Time: 0.6373 Cost: 4.9839 Pre: 0.9224 Re: 1.0000 Acc: 0.9600 F1: 0.9596
Epoch 36: Time: 0.6412 Cost: 4.9333 Pre: 0.9224 Re: 1.0000 Acc: 0.9600 F1: 0.9596
Epoch 37: Time: 0.6410 Cost: 4.8352 Pre: 0.9224 Re: 1.0000 Acc: 0.9600 F1: 0.9596
Epoch 38: Time: 0.6366 Cost: 4.7879 Pre: 0.9224 Re: 1.0000 Acc: 0.9600 F1: 0.9596
Epoch 39: Time: 0.6403 Cost: 4.7069 Pre: 0.9224 Re: 1.0000 Acc: 0.9600 F1: 0.9596
Epoch 40: Time: 0.6425 Cost: 4.6617 Pre: 0.9224 Re: 1.0000 Acc: 0.9600 F1: 0.9596


--------------------------------------------------------------------
Eval results: Cost:3.4584 Pre:0.9477 Re:1.0000 Acc:0.9746 F1:0.9731
--------------------------------------------------------------------

Epoch 41: Time: 0.6392 Cost: 4.5934 Pre: 0.9224 Re: 1.0000 Acc: 0.9600 F1: 0.9596
Epoch 42: Time: 0.6372 Cost: 4.5500 Pre: 0.9224 Re: 1.0000 Acc: 0.9600 F1: 0.9596
Epoch 43: Time: 0.6384 Cost: 4.4815 Pre: 0.9224 Re: 1.0000 Acc: 0.9600 F1: 0.9596
Epoch 44: Time: 0.6418 Cost: 4.4418 Pre: 0.9224 Re: 1.0000 Acc: 0.9600 F1: 0.9596
Epoch 45: Time: 0.6508 Cost: 4.3855 Pre: 0.9224 Re: 1.0000 Acc: 0.9600 F1: 0.9596
Epoch 46: Time: 0.6413 Cost: 4.3440 Pre: 0.9224 Re: 1.0000 Acc: 0.9600 F1: 0.9596
Epoch 47: Time: 0.6440 Cost: 4.2958 Pre: 0.9224 Re: 1.0000 Acc: 0.9600 F1: 0.9596
Epoch 48: Time: 0.6365 Cost: 4.2561 Pre: 0.9224 Re: 1.0000 Acc: 0.9600 F1: 0.9596
Epoch 49: Time: 0.6384 Cost: 4.2143 Pre: 0.9224 Re: 1.0000 Acc: 0.9600 F1: 0.9596
Epoch 50: Time: 0.6550 Cost: 4.1780 Pre: 0.9224 Re: 1.0000 Acc: 0.9600 F1: 0.9596


--------------------------------------------------------------------
Eval results: Cost:3.1078 Pre:0.9477 Re:1.0000 Acc:0.9746 F1:0.9731
--------------------------------------------------------------------

Epoch 51: Time: 0.6409 Cost: 4.1421 Pre: 0.9224 Re: 1.0000 Acc: 0.9600 F1: 0.9596
Epoch 52: Time: 0.6363 Cost: 4.1077 Pre: 0.9224 Re: 1.0000 Acc: 0.9600 F1: 0.9596
Epoch 53: Time: 0.6370 Cost: 4.0752 Pre: 0.9224 Re: 1.0000 Acc: 0.9600 F1: 0.9596
Epoch 54: Time: 0.6404 Cost: 4.0469 Pre: 0.9224 Re: 1.0000 Acc: 0.9600 F1: 0.9596
Epoch 55: Time: 0.6370 Cost: 4.0184 Pre: 0.9224 Re: 1.0000 Acc: 0.9600 F1: 0.9596
Epoch 56: Time: 0.7259 Cost: 3.9917 Pre: 0.9224 Re: 1.0000 Acc: 0.9600 F1: 0.9596
Epoch 57: Time: 0.6391 Cost: 3.9635 Pre: 0.9224 Re: 1.0000 Acc: 0.9600 F1: 0.9596
Epoch 58: Time: 0.6371 Cost: 3.9294 Pre: 0.9224 Re: 1.0000 Acc: 0.9600 F1: 0.9596
Epoch 59: Time: 0.6518 Cost: 3.8642 Pre: 0.9224 Re: 1.0000 Acc: 0.9600 F1: 0.9596
Epoch 60: Time: 0.6382 Cost: 3.7105 Pre: 0.9224 Re: 1.0000 Acc: 0.9600 F1: 0.9596


--------------------------------------------------------------------
Eval results: Cost:2.7815 Pre:0.9477 Re:1.0000 Acc:0.9746 F1:0.9731
--------------------------------------------------------------------

Epoch 61: Time: 0.6548 Cost: 3.5751 Pre: 0.9224 Re: 1.0000 Acc: 0.9600 F1: 0.9596
Epoch 62: Time: 0.6364 Cost: 3.4939 Pre: 0.9224 Re: 1.0000 Acc: 0.9600 F1: 0.9596
Epoch 63: Time: 0.6364 Cost: 3.4244 Pre: 0.9224 Re: 1.0000 Acc: 0.9600 F1: 0.9596
Epoch 64: Time: 0.6613 Cost: 3.3572 Pre: 0.9224 Re: 1.0000 Acc: 0.9600 F1: 0.9596
Epoch 65: Time: 0.6394 Cost: 3.2953 Pre: 0.9224 Re: 1.0000 Acc: 0.9600 F1: 0.9596
Epoch 66: Time: 0.6370 Cost: 3.2383 Pre: 0.9224 Re: 1.0000 Acc: 0.9600 F1: 0.9596
Epoch 67: Time: 0.6393 Cost: 3.1851 Pre: 0.9224 Re: 1.0000 Acc: 0.9600 F1: 0.9596
Epoch 68: Time: 0.6353 Cost: 3.1360 Pre: 0.9224 Re: 1.0000 Acc: 0.9600 F1: 0.9596
Epoch 69: Time: 0.8411 Cost: 3.0902 Pre: 0.9224 Re: 1.0000 Acc: 0.9600 F1: 0.9596
Epoch 70: Time: 0.6368 Cost: 3.0481 Pre: 0.9224 Re: 1.0000 Acc: 0.9600 F1: 0.9596


--------------------------------------------------------------------
Eval results: Cost:2.3694 Pre:0.9477 Re:1.0000 Acc:0.9746 F1:0.9731
--------------------------------------------------------------------

Epoch 71: Time: 0.6377 Cost: 3.0098 Pre: 0.9224 Re: 1.0000 Acc: 0.9600 F1: 0.9596
Epoch 72: Time: 0.6412 Cost: 2.9725 Pre: 0.9224 Re: 1.0000 Acc: 0.9600 F1: 0.9596
Epoch 73: Time: 0.6492 Cost: 2.9393 Pre: 0.9224 Re: 1.0000 Acc: 0.9600 F1: 0.9596
Epoch 74: Time: 0.6396 Cost: 2.9076 Pre: 0.9224 Re: 1.0000 Acc: 0.9600 F1: 0.9596
Epoch 75: Time: 0.6428 Cost: 2.8789 Pre: 0.9224 Re: 1.0000 Acc: 0.9600 F1: 0.9596
Epoch 76: Time: 0.6359 Cost: 2.8518 Pre: 0.9224 Re: 1.0000 Acc: 0.9600 F1: 0.9596
Epoch 77: Time: 0.6400 Cost: 2.8271 Pre: 0.9224 Re: 1.0000 Acc: 0.9600 F1: 0.9596
Epoch 78: Time: 0.6375 Cost: 2.8039 Pre: 0.9224 Re: 1.0000 Acc: 0.9600 F1: 0.9596
Epoch 79: Time: 0.6331 Cost: 2.7828 Pre: 0.9224 Re: 1.0000 Acc: 0.9600 F1: 0.9596
Epoch 80: Time: 0.6404 Cost: 2.7630 Pre: 0.9224 Re: 1.0000 Acc: 0.9600 F1: 0.9596


--------------------------------------------------------------------
Eval results: Cost:2.1632 Pre:0.9477 Re:1.0000 Acc:0.9746 F1:0.9731
--------------------------------------------------------------------

Epoch 81: Time: 0.6408 Cost: 2.7452 Pre: 0.9224 Re: 1.0000 Acc: 0.9600 F1: 0.9596
Epoch 82: Time: 0.6393 Cost: 2.7280 Pre: 0.9224 Re: 1.0000 Acc: 0.9600 F1: 0.9596
Epoch 83: Time: 0.6369 Cost: 2.7128 Pre: 0.9224 Re: 1.0000 Acc: 0.9600 F1: 0.9596
Epoch 84: Time: 0.6370 Cost: 2.6982 Pre: 0.9224 Re: 1.0000 Acc: 0.9600 F1: 0.9596
Epoch 85: Time: 0.6392 Cost: 2.6852 Pre: 0.9224 Re: 1.0000 Acc: 0.9600 F1: 0.9596
Epoch 86: Time: 0.6347 Cost: 2.6728 Pre: 0.9224 Re: 1.0000 Acc: 0.9600 F1: 0.9596
Epoch 87: Time: 0.6377 Cost: 2.6617 Pre: 0.9224 Re: 1.0000 Acc: 0.9600 F1: 0.9596
Epoch 88: Time: 0.6535 Cost: 2.6512 Pre: 0.9224 Re: 1.0000 Acc: 0.9600 F1: 0.9596
Epoch 89: Time: 0.6406 Cost: 2.6417 Pre: 0.9224 Re: 1.0000 Acc: 0.9600 F1: 0.9596
Epoch 90: Time: 0.6477 Cost: 2.6328 Pre: 0.9224 Re: 1.0000 Acc: 0.9600 F1: 0.9596


--------------------------------------------------------------------
Eval results: Cost:2.0647 Pre:0.9477 Re:1.0000 Acc:0.9746 F1:0.9731
--------------------------------------------------------------------

Epoch 91: Time: 0.6381 Cost: 2.6247 Pre: 0.9224 Re: 1.0000 Acc: 0.9600 F1: 0.9596
Epoch 92: Time: 0.6370 Cost: 2.6171 Pre: 0.9224 Re: 1.0000 Acc: 0.9600 F1: 0.9596
Epoch 93: Time: 0.6332 Cost: 2.6103 Pre: 0.9224 Re: 1.0000 Acc: 0.9600 F1: 0.9596
Epoch 94: Time: 0.6398 Cost: 2.6038 Pre: 0.9224 Re: 1.0000 Acc: 0.9600 F1: 0.9596
Epoch 95: Time: 0.6394 Cost: 2.5979 Pre: 0.9224 Re: 1.0000 Acc: 0.9600 F1: 0.9596
Epoch 96: Time: 0.6371 Cost: 2.5924 Pre: 0.9224 Re: 1.0000 Acc: 0.9600 F1: 0.9596
Epoch 97: Time: 0.6389 Cost: 2.5873 Pre: 0.9224 Re: 1.0000 Acc: 0.9600 F1: 0.9596
Epoch 98: Time: 0.6339 Cost: 2.5826 Pre: 0.9224 Re: 1.0000 Acc: 0.9600 F1: 0.9596
Epoch 99: Time: 0.6386 Cost: 2.5782 Pre: 0.9224 Re: 1.0000 Acc: 0.9600 F1: 0.9596
Epoch 100: Time: 0.6358 Cost: 2.5741 Pre: 0.9224 Re: 1.0000 Acc: 0.9600 F1: 0.9596


--------------------------------------------------------------------
Eval results: Cost:2.0190 Pre:0.9477 Re:1.0000 Acc:0.9746 F1:0.9731
--------------------------------------------------------------------

Epoch 101: Time: 0.6431 Cost: 2.5703 Pre: 0.9224 Re: 1.0000 Acc: 0.9600 F1: 0.9596
Epoch 102: Time: 0.6511 Cost: 2.5668 Pre: 0.9224 Re: 1.0000 Acc: 0.9600 F1: 0.9596
Epoch 103: Time: 0.6378 Cost: 2.5635 Pre: 0.9224 Re: 1.0000 Acc: 0.9600 F1: 0.9596
Epoch 104: Time: 0.6437 Cost: 2.5605 Pre: 0.9224 Re: 1.0000 Acc: 0.9600 F1: 0.9596
Epoch 105: Time: 0.6430 Cost: 2.5576 Pre: 0.9224 Re: 1.0000 Acc: 0.9600 F1: 0.9596
Epoch 106: Time: 0.6413 Cost: 2.5550 Pre: 0.9224 Re: 1.0000 Acc: 0.9600 F1: 0.9596
Epoch 107: Time: 0.6383 Cost: 2.5525 Pre: 0.9224 Re: 1.0000 Acc: 0.9600 F1: 0.9596
Epoch 108: Time: 0.6482 Cost: 2.5503 Pre: 0.9224 Re: 1.0000 Acc: 0.9600 F1: 0.9596
Epoch 109: Time: 0.6403 Cost: 2.5482 Pre: 0.9224 Re: 1.0000 Acc: 0.9600 F1: 0.9596
Epoch 110: Time: 0.6390 Cost: 2.5464 Pre: 0.9224 Re: 1.0000 Acc: 0.9600 F1: 0.9596


--------------------------------------------------------------------
Eval results: Cost:1.9990 Pre:0.9477 Re:1.0000 Acc:0.9746 F1:0.9731
--------------------------------------------------------------------

Epoch 111: Time: 0.6400 Cost: 2.5447 Pre: 0.9224 Re: 1.0000 Acc: 0.9600 F1: 0.9596
Epoch 112: Time: 0.6354 Cost: 2.5430 Pre: 0.9224 Re: 1.0000 Acc: 0.9600 F1: 0.9596
Epoch 113: Time: 0.6393 Cost: 2.5411 Pre: 0.9224 Re: 1.0000 Acc: 0.9600 F1: 0.9596
Epoch 114: Time: 0.6382 Cost: 2.5393 Pre: 0.9224 Re: 1.0000 Acc: 0.9600 F1: 0.9596
Epoch 115: Time: 0.6349 Cost: 2.5375 Pre: 0.9224 Re: 1.0000 Acc: 0.9600 F1: 0.9596
Epoch 116: Time: 0.6531 Cost: 2.5357 Pre: 0.9224 Re: 1.0000 Acc: 0.9600 F1: 0.9596
Epoch 117: Time: 0.6425 Cost: 2.5341 Pre: 0.9224 Re: 1.0000 Acc: 0.9600 F1: 0.9596
Epoch 118: Time: 0.8093 Cost: 2.5326 Pre: 0.9224 Re: 1.0000 Acc: 0.9600 F1: 0.9596
Epoch 119: Time: 0.6620 Cost: 2.5311 Pre: 0.9224 Re: 1.0000 Acc: 0.9600 F1: 0.9596
Epoch 120: Time: 0.6387 Cost: 2.5296 Pre: 0.9224 Re: 1.0000 Acc: 0.9600 F1: 0.9596


--------------------------------------------------------------------
Eval results: Cost:1.9938 Pre:0.9477 Re:1.0000 Acc:0.9746 F1:0.9731
--------------------------------------------------------------------

Epoch 121: Time: 0.6421 Cost: 2.5282 Pre: 0.9224 Re: 1.0000 Acc: 0.9600 F1: 0.9596
Epoch 122: Time: 0.6397 Cost: 2.5267 Pre: 0.9224 Re: 1.0000 Acc: 0.9600 F1: 0.9596
Epoch 123: Time: 0.6377 Cost: 2.5253 Pre: 0.9224 Re: 1.0000 Acc: 0.9600 F1: 0.9596
Epoch 124: Time: 0.6393 Cost: 2.5241 Pre: 0.9224 Re: 1.0000 Acc: 0.9600 F1: 0.9596
Epoch 125: Time: 0.6364 Cost: 2.5229 Pre: 0.9224 Re: 1.0000 Acc: 0.9600 F1: 0.9596
Epoch 126: Time: 0.6417 Cost: 2.5216 Pre: 0.9224 Re: 1.0000 Acc: 0.9600 F1: 0.9596
Epoch 127: Time: 0.6395 Cost: 2.5204 Pre: 0.9224 Re: 1.0000 Acc: 0.9600 F1: 0.9596
Epoch 128: Time: 0.6328 Cost: 2.5192 Pre: 0.9224 Re: 1.0000 Acc: 0.9600 F1: 0.9596
Epoch 129: Time: 0.6407 Cost: 2.5181 Pre: 0.9224 Re: 1.0000 Acc: 0.9600 F1: 0.9596
Epoch 130: Time: 0.6400 Cost: 2.5170 Pre: 0.9224 Re: 1.0000 Acc: 0.9600 F1: 0.9596


--------------------------------------------------------------------
Eval results: Cost:1.9836 Pre:0.9477 Re:1.0000 Acc:0.9746 F1:0.9731
--------------------------------------------------------------------

Epoch 131: Time: 0.6423 Cost: 2.5160 Pre: 0.9224 Re: 1.0000 Acc: 0.9600 F1: 0.9596
Epoch 132: Time: 0.6466 Cost: 2.5149 Pre: 0.9224 Re: 1.0000 Acc: 0.9600 F1: 0.9596
Epoch 133: Time: 0.6396 Cost: 2.5137 Pre: 0.9224 Re: 1.0000 Acc: 0.9600 F1: 0.9596
Epoch 134: Time: 0.6420 Cost: 2.5127 Pre: 0.9224 Re: 1.0000 Acc: 0.9600 F1: 0.9596
Epoch 135: Time: 0.6356 Cost: 2.5118 Pre: 0.9224 Re: 1.0000 Acc: 0.9600 F1: 0.9596
Epoch 136: Time: 0.6399 Cost: 2.5108 Pre: 0.9224 Re: 1.0000 Acc: 0.9600 F1: 0.9596
Epoch 137: Time: 0.6384 Cost: 2.5097 Pre: 0.9224 Re: 1.0000 Acc: 0.9600 F1: 0.9596
Epoch 138: Time: 0.6355 Cost: 2.5088 Pre: 0.9224 Re: 1.0000 Acc: 0.9600 F1: 0.9596
Epoch 139: Time: 0.6414 Cost: 2.5079 Pre: 0.9224 Re: 1.0000 Acc: 0.9600 F1: 0.9596
Epoch 140: Time: 0.6389 Cost: 2.5069 Pre: 0.9224 Re: 1.0000 Acc: 0.9600 F1: 0.9596


--------------------------------------------------------------------
Eval results: Cost:1.9765 Pre:0.9477 Re:1.0000 Acc:0.9746 F1:0.9731
--------------------------------------------------------------------

Epoch 141: Time: 0.6418 Cost: 2.5061 Pre: 0.9224 Re: 1.0000 Acc: 0.9600 F1: 0.9596
Epoch 142: Time: 0.6350 Cost: 2.5051 Pre: 0.9224 Re: 1.0000 Acc: 0.9600 F1: 0.9596
Epoch 143: Time: 0.6388 Cost: 2.5040 Pre: 0.9224 Re: 1.0000 Acc: 0.9600 F1: 0.9596
Epoch 144: Time: 0.6363 Cost: 2.5032 Pre: 0.9224 Re: 1.0000 Acc: 0.9600 F1: 0.9596
Epoch 145: Time: 0.6511 Cost: 2.5023 Pre: 0.9224 Re: 1.0000 Acc: 0.9600 F1: 0.9596
Epoch 146: Time: 0.6409 Cost: 2.5013 Pre: 0.9224 Re: 1.0000 Acc: 0.9600 F1: 0.9596
Epoch 147: Time: 0.6462 Cost: 2.5004 Pre: 0.9224 Re: 1.0000 Acc: 0.9600 F1: 0.9596
Epoch 148: Time: 0.6378 Cost: 2.4995 Pre: 0.9224 Re: 1.0000 Acc: 0.9600 F1: 0.9596
Epoch 149: Time: 0.6385 Cost: 2.4986 Pre: 0.9224 Re: 1.0000 Acc: 0.9600 F1: 0.9596
Epoch 150: Time: 0.6410 Cost: 2.4977 Pre: 0.9224 Re: 1.0000 Acc: 0.9600 F1: 0.9596


--------------------------------------------------------------------
Eval results: Cost:1.9699 Pre:0.9477 Re:1.0000 Acc:0.9746 F1:0.9731
--------------------------------------------------------------------

Epoch 151: Time: 0.6390 Cost: 2.4969 Pre: 0.9224 Re: 1.0000 Acc: 0.9600 F1: 0.9596
Epoch 152: Time: 0.6320 Cost: 2.4959 Pre: 0.9224 Re: 1.0000 Acc: 0.9600 F1: 0.9596
Epoch 153: Time: 0.6361 Cost: 2.4949 Pre: 0.9224 Re: 1.0000 Acc: 0.9600 F1: 0.9596
Epoch 154: Time: 0.6376 Cost: 2.4941 Pre: 0.9224 Re: 1.0000 Acc: 0.9600 F1: 0.9596
Epoch 155: Time: 0.6340 Cost: 2.4932 Pre: 0.9224 Re: 1.0000 Acc: 0.9600 F1: 0.9596
Epoch 156: Time: 0.6368 Cost: 2.4923 Pre: 0.9224 Re: 1.0000 Acc: 0.9600 F1: 0.9596
Epoch 157: Time: 0.6346 Cost: 2.4914 Pre: 0.9224 Re: 1.0000 Acc: 0.9600 F1: 0.9596
Epoch 158: Time: 0.6344 Cost: 2.4905 Pre: 0.9224 Re: 1.0000 Acc: 0.9600 F1: 0.9596
Epoch 159: Time: 0.6352 Cost: 2.4896 Pre: 0.9224 Re: 1.0000 Acc: 0.9600 F1: 0.9596
Epoch 160: Time: 0.6510 Cost: 2.4887 Pre: 0.9224 Re: 1.0000 Acc: 0.9600 F1: 0.9596


--------------------------------------------------------------------
Eval results: Cost:1.9646 Pre:0.9477 Re:1.0000 Acc:0.9746 F1:0.9731
--------------------------------------------------------------------

Epoch 161: Time: 0.7797 Cost: 2.4879 Pre: 0.9224 Re: 1.0000 Acc: 0.9600 F1: 0.9596
Epoch 162: Time: 0.6788 Cost: 2.4869 Pre: 0.9224 Re: 1.0000 Acc: 0.9600 F1: 0.9596
Epoch 163: Time: 0.6346 Cost: 2.4860 Pre: 0.9224 Re: 1.0000 Acc: 0.9600 F1: 0.9596
Epoch 164: Time: 0.6369 Cost: 2.4852 Pre: 0.9224 Re: 1.0000 Acc: 0.9600 F1: 0.9596
Epoch 165: Time: 0.6328 Cost: 2.4843 Pre: 0.9224 Re: 1.0000 Acc: 0.9600 F1: 0.9596
Epoch 166: Time: 0.6372 Cost: 2.4834 Pre: 0.9224 Re: 1.0000 Acc: 0.9600 F1: 0.9596
Epoch 167: Time: 0.6361 Cost: 2.4825 Pre: 0.9224 Re: 1.0000 Acc: 0.9600 F1: 0.9596
Epoch 168: Time: 0.6311 Cost: 2.4816 Pre: 0.9224 Re: 1.0000 Acc: 0.9600 F1: 0.9596
Epoch 169: Time: 0.6382 Cost: 2.4808 Pre: 0.9224 Re: 1.0000 Acc: 0.9600 F1: 0.9596
Epoch 170: Time: 0.6364 Cost: 2.4799 Pre: 0.9224 Re: 1.0000 Acc: 0.9600 F1: 0.9596


--------------------------------------------------------------------
Eval results: Cost:1.9626 Pre:0.9477 Re:1.0000 Acc:0.9746 F1:0.9731
--------------------------------------------------------------------

Epoch 171: Time: 0.6369 Cost: 2.4791 Pre: 0.9224 Re: 1.0000 Acc: 0.9600 F1: 0.9596
Epoch 172: Time: 0.6352 Cost: 2.4781 Pre: 0.9224 Re: 1.0000 Acc: 0.9600 F1: 0.9596
Epoch 173: Time: 0.6506 Cost: 2.4771 Pre: 0.9224 Re: 1.0000 Acc: 0.9600 F1: 0.9596
Epoch 174: Time: 0.6383 Cost: 2.4763 Pre: 0.9224 Re: 1.0000 Acc: 0.9600 F1: 0.9596
Epoch 175: Time: 0.6367 Cost: 2.4754 Pre: 0.9224 Re: 1.0000 Acc: 0.9600 F1: 0.9596
Epoch 176: Time: 0.6426 Cost: 2.4745 Pre: 0.9224 Re: 1.0000 Acc: 0.9600 F1: 0.9596
Epoch 177: Time: 0.6383 Cost: 2.4735 Pre: 0.9224 Re: 1.0000 Acc: 0.9600 F1: 0.9596
Epoch 178: Time: 0.6369 Cost: 2.4727 Pre: 0.9224 Re: 1.0000 Acc: 0.9600 F1: 0.9596
Epoch 179: Time: 0.6428 Cost: 2.4717 Pre: 0.9224 Re: 1.0000 Acc: 0.9600 F1: 0.9596
Epoch 180: Time: 0.6351 Cost: 2.4708 Pre: 0.9224 Re: 1.0000 Acc: 0.9600 F1: 0.9596


--------------------------------------------------------------------
Eval results: Cost:1.9642 Pre:0.9477 Re:1.0000 Acc:0.9746 F1:0.9731
--------------------------------------------------------------------

Epoch 181: Time: 0.6400 Cost: 2.4701 Pre: 0.9224 Re: 1.0000 Acc: 0.9600 F1: 0.9596
Epoch 182: Time: 0.6360 Cost: 2.4690 Pre: 0.9224 Re: 1.0000 Acc: 0.9600 F1: 0.9596
Epoch 183: Time: 0.6385 Cost: 2.4678 Pre: 0.9224 Re: 1.0000 Acc: 0.9600 F1: 0.9596
Epoch 184: Time: 0.6388 Cost: 2.4674 Pre: 0.9224 Re: 1.0000 Acc: 0.9600 F1: 0.9596
Epoch 185: Time: 0.6365 Cost: 2.4661 Pre: 0.9224 Re: 1.0000 Acc: 0.9600 F1: 0.9596
Epoch 186: Time: 0.6368 Cost: 2.4653 Pre: 0.9224 Re: 1.0000 Acc: 0.9600 F1: 0.9596
Epoch 187: Time: 0.6387 Cost: 2.4642 Pre: 0.9224 Re: 1.0000 Acc: 0.9600 F1: 0.9596
Epoch 188: Time: 0.6494 Cost: 2.4634 Pre: 0.9224 Re: 1.0000 Acc: 0.9600 F1: 0.9596
Epoch 189: Time: 0.6430 Cost: 2.4622 Pre: 0.9224 Re: 1.0000 Acc: 0.9600 F1: 0.9596
Epoch 190: Time: 0.6328 Cost: 2.4614 Pre: 0.9224 Re: 1.0000 Acc: 0.9600 F1: 0.9596


--------------------------------------------------------------------
Eval results: Cost:1.9692 Pre:0.9477 Re:1.0000 Acc:0.9746 F1:0.9731
--------------------------------------------------------------------

Epoch 191: Time: 0.6378 Cost: 2.4602 Pre: 0.9224 Re: 1.0000 Acc: 0.9600 F1: 0.9596
Epoch 192: Time: 0.6368 Cost: 2.4592 Pre: 0.9224 Re: 1.0000 Acc: 0.9600 F1: 0.9596
Epoch 193: Time: 0.6484 Cost: 2.4584 Pre: 0.9224 Re: 1.0000 Acc: 0.9600 F1: 0.9596
Epoch 194: Time: 0.6391 Cost: 2.4581 Pre: 0.9224 Re: 1.0000 Acc: 0.9600 F1: 0.9596
Epoch 195: Time: 0.6369 Cost: 2.4562 Pre: 0.9224 Re: 1.0000 Acc: 0.9600 F1: 0.9596
Epoch 196: Time: 0.6481 Cost: 2.4560 Pre: 0.9224 Re: 1.0000 Acc: 0.9600 F1: 0.9596
Epoch 197: Time: 0.6376 Cost: 2.4543 Pre: 0.9224 Re: 1.0000 Acc: 0.9600 F1: 0.9596
Epoch 198: Time: 0.6460 Cost: 2.4539 Pre: 0.9224 Re: 1.0000 Acc: 0.9600 F1: 0.9596
Epoch 199: Time: 0.6377 Cost: 2.4524 Pre: 0.9224 Re: 1.0000 Acc: 0.9600 F1: 0.9596
Epoch 200: Time: 0.6321 Cost: 2.4520 Pre: 0.9224 Re: 1.0000 Acc: 0.9600 F1: 0.9596


--------------------------------------------------------------------
Eval results: Cost:1.9865 Pre:0.9477 Re:1.0000 Acc:0.9746 F1:0.9731
--------------------------------------------------------------------

Epoch 201: Time: 0.6366 Cost: 2.4503 Pre: 0.9224 Re: 1.0000 Acc: 0.9600 F1: 0.9596
Epoch 202: Time: 0.6515 Cost: 2.4481 Pre: 0.9224 Re: 1.0000 Acc: 0.9600 F1: 0.9596
Epoch 203: Time: 0.6424 Cost: 2.4490 Pre: 0.9224 Re: 1.0000 Acc: 0.9600 F1: 0.9596
Epoch 204: Time: 0.6389 Cost: 2.4488 Pre: 0.9224 Re: 1.0000 Acc: 0.9600 F1: 0.9596
Epoch 205: Time: 0.6382 Cost: 2.4468 Pre: 0.9224 Re: 1.0000 Acc: 0.9600 F1: 0.9596
Epoch 206: Time: 0.8021 Cost: 2.4470 Pre: 0.9224 Re: 1.0000 Acc: 0.9600 F1: 0.9596
Epoch 207: Time: 0.8224 Cost: 2.4445 Pre: 0.9224 Re: 1.0000 Acc: 0.9600 F1: 0.9596
Epoch 208: Time: 0.6731 Cost: 2.4461 Pre: 0.9224 Re: 1.0000 Acc: 0.9600 F1: 0.9596
Epoch 209: Time: 0.7044 Cost: 2.4423 Pre: 0.9224 Re: 1.0000 Acc: 0.9600 F1: 0.9596
Epoch 210: Time: 0.6809 Cost: 2.4455 Pre: 0.9224 Re: 1.0000 Acc: 0.9600 F1: 0.9596


--------------------------------------------------------------------
Eval results: Cost:2.0030 Pre:0.9477 Re:1.0000 Acc:0.9746 F1:0.9731
--------------------------------------------------------------------

Early stopping...
--------------------------------------------------------------------
--------------------------------------------------------------------
Test 4332 samples take time: 2.8384
FN id:
[321]
FP id:
[  48   65  127  164  167  176  185  193  263  265  268  269  275  323  352
  353  394  408  411  465  483  533  540  578  580  609  631  696  731  736
  752  769  773  804  847  889  907  933  945 1023 1033 1053 1130 1142 1188
 1193 1203 1206 1236 1374 1404 1550 1566 1576 1610 1620 1624 1638 1644 1657
 1740 1750 1804 1819 1832 1837 1889 1943 1947 1954 1974 2069 2089 2164 2193
 2278 2330 2352 2354 2359 2381 2405 2484 2531 2544 2582 2631 2681 2703 2719
 2740 2782 2791 2819 2841 2932 2981 3066 3076 3147 3149 3183 3205 3252 3344
 3369 3414 3421 3453 3465 3613 3652 3709 3840 3885 3912 3952 3974 4008 4070
 4131 4231 4290]
Test results: Cost:2.1280 Pre:0.9416 Re:0.9995 Acc:0.9714 F1:0.9697
--------------------------------------------------------------------

