16768
16562
16206
16632
16380
16425
Load data
RNN type: LSTM Grammar: g3 Seed: 1
Model total parameters: 480
Saving hinit ... 

Epoch 0: Time: 0.2626 Cost: 28.1689 Pre: 0.0000 Re: 0.0000 Acc: 0.5249 F1: 0.0000


--------------------------------------------------------------------
Eval results: Cost:26.3726 Pre:0.0000 Re:0.0000 Acc:0.5392 F1:0.0000
--------------------------------------------------------------------

Epoch 1: Time: 0.1781 Cost: 26.6951 Pre: 0.0000 Re: 0.0000 Acc: 0.5249 F1: 0.0000
Epoch 2: Time: 0.1809 Cost: 25.2216 Pre: 0.5319 Re: 0.1381 Acc: 0.5328 F1: 0.2193
Epoch 3: Time: 0.1779 Cost: 24.5584 Pre: 0.5235 Re: 0.5619 Acc: 0.5489 F1: 0.5420
Epoch 4: Time: 0.1775 Cost: 24.4271 Pre: 0.5259 Re: 0.5698 Acc: 0.5516 F1: 0.5470
Epoch 5: Time: 0.1825 Cost: 24.3461 Pre: 0.5253 Re: 0.5683 Acc: 0.5509 F1: 0.5460
Epoch 6: Time: 0.1783 Cost: 24.2685 Pre: 0.5253 Re: 0.5676 Acc: 0.5509 F1: 0.5456
Epoch 7: Time: 0.1783 Cost: 24.1877 Pre: 0.5253 Re: 0.5676 Acc: 0.5509 F1: 0.5456
Epoch 8: Time: 0.1875 Cost: 24.1014 Pre: 0.5253 Re: 0.5676 Acc: 0.5509 F1: 0.5456
Epoch 9: Time: 0.1837 Cost: 24.0069 Pre: 0.5253 Re: 0.5676 Acc: 0.5509 F1: 0.5456
Epoch 10: Time: 0.1844 Cost: 23.9008 Pre: 0.5259 Re: 0.5691 Acc: 0.5516 F1: 0.5466


--------------------------------------------------------------------
Eval results: Cost:23.6294 Pre:0.5219 Re:0.5881 Acc:0.5619 F1:0.5530
--------------------------------------------------------------------

Epoch 11: Time: 0.1836 Cost: 23.7833 Pre: 0.5266 Re: 0.5691 Acc: 0.5523 F1: 0.5470
Epoch 12: Time: 0.1844 Cost: 23.6566 Pre: 0.5293 Re: 0.5662 Acc: 0.5547 F1: 0.5471
Epoch 13: Time: 0.1805 Cost: 23.4850 Pre: 0.5474 Re: 0.5612 Acc: 0.5711 F1: 0.5542
Epoch 14: Time: 0.1787 Cost: 23.2521 Pre: 0.5681 Re: 0.5885 Acc: 0.5919 F1: 0.5781
Epoch 15: Time: 0.1824 Cost: 22.9260 Pre: 0.6039 Re: 0.7504 Acc: 0.6476 F1: 0.6692
Epoch 16: Time: 0.1827 Cost: 22.4532 Pre: 0.6168 Re: 0.8475 Acc: 0.6774 F1: 0.7139
Epoch 17: Time: 0.1803 Cost: 21.7580 Pre: 0.6440 Re: 0.8604 Acc: 0.7078 F1: 0.7367
Epoch 18: Time: 0.1857 Cost: 20.7547 Pre: 0.6884 Re: 0.8504 Acc: 0.7461 F1: 0.7609
Epoch 19: Time: 0.1834 Cost: 19.4177 Pre: 0.7146 Re: 0.8432 Acc: 0.7656 F1: 0.7736
Epoch 20: Time: 0.1818 Cost: 17.8547 Pre: 0.7572 Re: 0.8568 Acc: 0.8014 F1: 0.8039


--------------------------------------------------------------------
Eval results: Cost:16.5050 Pre:0.8023 Re:0.8358 Acc:0.8294 F1:0.8187
--------------------------------------------------------------------

Epoch 21: Time: 0.1791 Cost: 16.4055 Pre: 0.7786 Re: 0.8727 Acc: 0.8216 F1: 0.8229
Epoch 22: Time: 0.1825 Cost: 15.3316 Pre: 0.8004 Re: 0.8741 Acc: 0.8366 F1: 0.8356
Epoch 23: Time: 0.1797 Cost: 14.4371 Pre: 0.8181 Re: 0.8835 Acc: 0.8513 F1: 0.8495
Epoch 24: Time: 0.1795 Cost: 13.6149 Pre: 0.8365 Re: 0.8871 Acc: 0.8640 F1: 0.8610
Epoch 25: Time: 0.1823 Cost: 12.7528 Pre: 0.8502 Re: 0.8986 Acc: 0.8766 F1: 0.8737
Epoch 26: Time: 0.1859 Cost: 11.7632 Pre: 0.8650 Re: 0.9129 Acc: 0.8910 F1: 0.8883
Epoch 27: Time: 0.1827 Cost: 10.6411 Pre: 0.8799 Re: 0.9381 Acc: 0.9098 F1: 0.9081
Epoch 28: Time: 0.1841 Cost: 9.5867 Pre: 0.8986 Re: 0.9568 Acc: 0.9282 F1: 0.9268
Epoch 29: Time: 0.1833 Cost: 8.7249 Pre: 0.9130 Re: 0.9741 Acc: 0.9436 F1: 0.9426
Epoch 30: Time: 0.1827 Cost: 8.0005 Pre: 0.9224 Re: 0.9835 Acc: 0.9528 F1: 0.9519


--------------------------------------------------------------------
Eval results: Cost:7.0014 Pre:0.8992 Re:0.9985 Acc:0.9477 F1:0.9463
--------------------------------------------------------------------

Epoch 31: Time: 0.1778 Cost: 7.4020 Pre: 0.9286 Re: 0.9914 Acc: 0.9597 F1: 0.9589
Epoch 32: Time: 0.1780 Cost: 6.9271 Pre: 0.9345 Re: 0.9964 Acc: 0.9651 F1: 0.9645
Epoch 33: Time: 0.1804 Cost: 6.5425 Pre: 0.9403 Re: 0.9971 Acc: 0.9686 F1: 0.9679
Epoch 34: Time: 0.1810 Cost: 6.2322 Pre: 0.9461 Re: 0.9986 Acc: 0.9723 F1: 0.9716
Epoch 35: Time: 0.1788 Cost: 5.9755 Pre: 0.9500 Re: 0.9986 Acc: 0.9744 F1: 0.9737
Epoch 36: Time: 0.1776 Cost: 5.7560 Pre: 0.9572 Re: 0.9986 Acc: 0.9781 F1: 0.9775
Epoch 37: Time: 0.1799 Cost: 5.5621 Pre: 0.9599 Re: 0.9993 Acc: 0.9798 F1: 0.9792
Epoch 38: Time: 0.1841 Cost: 5.3870 Pre: 0.9606 Re: 1.0000 Acc: 0.9805 F1: 0.9799
Epoch 39: Time: 0.1810 Cost: 5.2263 Pre: 0.9639 Re: 1.0000 Acc: 0.9822 F1: 0.9816
Epoch 40: Time: 0.1815 Cost: 5.0771 Pre: 0.9653 Re: 1.0000 Acc: 0.9829 F1: 0.9823


--------------------------------------------------------------------
Eval results: Cost:4.4524 Pre:0.9293 Re:1.0000 Acc:0.9649 F1:0.9633
--------------------------------------------------------------------

Epoch 41: Time: 0.1826 Cost: 4.9369 Pre: 0.9666 Re: 1.0000 Acc: 0.9836 F1: 0.9830
Epoch 42: Time: 0.1827 Cost: 4.8031 Pre: 0.9686 Re: 1.0000 Acc: 0.9846 F1: 0.9841
Epoch 43: Time: 0.1812 Cost: 4.6790 Pre: 0.9720 Re: 1.0000 Acc: 0.9863 F1: 0.9858
Epoch 44: Time: 0.1782 Cost: 4.5596 Pre: 0.9727 Re: 1.0000 Acc: 0.9867 F1: 0.9862
Epoch 45: Time: 0.1783 Cost: 4.4449 Pre: 0.9741 Re: 1.0000 Acc: 0.9874 F1: 0.9869
Epoch 46: Time: 0.1786 Cost: 4.3345 Pre: 0.9761 Re: 1.0000 Acc: 0.9884 F1: 0.9879
Epoch 47: Time: 0.1777 Cost: 4.2279 Pre: 0.9775 Re: 1.0000 Acc: 0.9891 F1: 0.9886
Epoch 48: Time: 0.1792 Cost: 4.1246 Pre: 0.9796 Re: 1.0000 Acc: 0.9901 F1: 0.9897
Epoch 49: Time: 0.1784 Cost: 4.0243 Pre: 0.9803 Re: 1.0000 Acc: 0.9904 F1: 0.9900
Epoch 50: Time: 0.1782 Cost: 3.9265 Pre: 0.9816 Re: 1.0000 Acc: 0.9911 F1: 0.9907


--------------------------------------------------------------------
Eval results: Cost:3.4251 Pre:0.9710 Re:1.0000 Acc:0.9862 F1:0.9853
--------------------------------------------------------------------

Epoch 51: Time: 0.1789 Cost: 3.8316 Pre: 0.9837 Re: 1.0000 Acc: 0.9921 F1: 0.9918
Epoch 52: Time: 0.1781 Cost: 3.7400 Pre: 0.9851 Re: 1.0000 Acc: 0.9928 F1: 0.9925
Epoch 53: Time: 0.1858 Cost: 3.6499 Pre: 0.9865 Re: 1.0000 Acc: 0.9935 F1: 0.9932
Epoch 54: Time: 0.1785 Cost: 3.5599 Pre: 0.9893 Re: 1.0000 Acc: 0.9949 F1: 0.9946
Epoch 55: Time: 0.1777 Cost: 3.4710 Pre: 0.9907 Re: 1.0000 Acc: 0.9956 F1: 0.9953
Epoch 56: Time: 0.1777 Cost: 3.3838 Pre: 0.9936 Re: 1.0000 Acc: 0.9969 F1: 0.9968
Epoch 57: Time: 0.1787 Cost: 3.2984 Pre: 0.9943 Re: 1.0000 Acc: 0.9973 F1: 0.9971
Epoch 58: Time: 0.1810 Cost: 3.2151 Pre: 0.9957 Re: 1.0000 Acc: 0.9979 F1: 0.9978
Epoch 59: Time: 0.1812 Cost: 3.1341 Pre: 0.9971 Re: 1.0000 Acc: 0.9986 F1: 0.9986
Epoch 60: Time: 0.1800 Cost: 3.0555 Pre: 0.9978 Re: 1.0000 Acc: 0.9990 F1: 0.9989


--------------------------------------------------------------------
Eval results: Cost:2.6804 Pre:0.9882 Re:1.0000 Acc:0.9945 F1:0.9941
--------------------------------------------------------------------

Epoch 61: Time: 0.1825 Cost: 2.9794 Pre: 0.9986 Re: 1.0000 Acc: 0.9993 F1: 0.9993
Epoch 62: Time: 0.1794 Cost: 2.9111 Pre: 0.9986 Re: 1.0000 Acc: 0.9993 F1: 0.9993
Epoch 63: Time: 0.1836 Cost: 2.8423 Pre: 0.9986 Re: 1.0000 Acc: 0.9993 F1: 0.9993
Epoch 64: Time: 0.1816 Cost: 2.7735 Pre: 0.9986 Re: 1.0000 Acc: 0.9993 F1: 0.9993
Epoch 65: Time: 0.1799 Cost: 2.7068 Pre: 0.9993 Re: 1.0000 Acc: 0.9997 F1: 0.9996
Epoch 66: Time: 0.1826 Cost: 2.6420 Pre: 0.9993 Re: 1.0000 Acc: 0.9997 F1: 0.9996
Epoch 67: Time: 0.1964 Cost: 2.5791 Pre: 0.9993 Re: 1.0000 Acc: 0.9997 F1: 0.9996
Epoch 68: Time: 0.1917 Cost: 2.5181 Pre: 0.9993 Re: 1.0000 Acc: 0.9997 F1: 0.9996
Epoch 69: Time: 0.1818 Cost: 2.4588 Pre: 1.0000 Re: 1.0000 Acc: 1.0000 F1: 1.0000
Epoch 70: Time: 0.1789 Cost: 2.4012 Pre: 1.0000 Re: 1.0000 Acc: 1.0000 F1: 1.0000


--------------------------------------------------------------------
Eval results: Cost:2.1298 Pre:0.9955 Re:1.0000 Acc:0.9979 F1:0.9978
--------------------------------------------------------------------

Epoch 71: Time: 0.1793 Cost: 2.3460 Pre: 1.0000 Re: 1.0000 Acc: 1.0000 F1: 1.0000
Epoch 72: Time: 0.1790 Cost: 2.2950 Pre: 1.0000 Re: 1.0000 Acc: 1.0000 F1: 1.0000
Epoch 73: Time: 0.1788 Cost: 2.2442 Pre: 1.0000 Re: 1.0000 Acc: 1.0000 F1: 1.0000
Epoch 74: Time: 0.1797 Cost: 2.1937 Pre: 1.0000 Re: 1.0000 Acc: 1.0000 F1: 1.0000
Epoch 75: Time: 0.1784 Cost: 2.1450 Pre: 1.0000 Re: 1.0000 Acc: 1.0000 F1: 1.0000
Epoch 76: Time: 0.1778 Cost: 2.0979 Pre: 1.0000 Re: 1.0000 Acc: 1.0000 F1: 1.0000
Epoch 77: Time: 0.1787 Cost: 2.0525 Pre: 1.0000 Re: 1.0000 Acc: 1.0000 F1: 1.0000
Epoch 78: Time: 0.1787 Cost: 2.0089 Pre: 1.0000 Re: 1.0000 Acc: 1.0000 F1: 1.0000
Epoch 79: Time: 0.2199 Cost: 1.9670 Pre: 1.0000 Re: 1.0000 Acc: 1.0000 F1: 1.0000
Epoch 80: Time: 0.2088 Cost: 1.9267 Pre: 1.0000 Re: 1.0000 Acc: 1.0000 F1: 1.0000


--------------------------------------------------------------------
Eval results: Cost:1.7168 Pre:0.9970 Re:1.0000 Acc:0.9986 F1:0.9985
--------------------------------------------------------------------

Epoch 81: Time: 0.1815 Cost: 1.8883 Pre: 1.0000 Re: 1.0000 Acc: 1.0000 F1: 1.0000
Epoch 82: Time: 0.1796 Cost: 1.8554 Pre: 1.0000 Re: 1.0000 Acc: 1.0000 F1: 1.0000
Epoch 83: Time: 0.1803 Cost: 1.8217 Pre: 1.0000 Re: 1.0000 Acc: 1.0000 F1: 1.0000
Epoch 84: Time: 0.1823 Cost: 1.7880 Pre: 1.0000 Re: 1.0000 Acc: 1.0000 F1: 1.0000
Epoch 85: Time: 0.1818 Cost: 1.7557 Pre: 1.0000 Re: 1.0000 Acc: 1.0000 F1: 1.0000
Epoch 86: Time: 0.1793 Cost: 1.7249 Pre: 1.0000 Re: 1.0000 Acc: 1.0000 F1: 1.0000
Epoch 87: Time: 0.1801 Cost: 1.6956 Pre: 1.0000 Re: 1.0000 Acc: 1.0000 F1: 1.0000
Epoch 88: Time: 0.1820 Cost: 1.6676 Pre: 1.0000 Re: 1.0000 Acc: 1.0000 F1: 1.0000
Epoch 89: Time: 0.1796 Cost: 1.6410 Pre: 1.0000 Re: 1.0000 Acc: 1.0000 F1: 1.0000
Epoch 90: Time: 0.1775 Cost: 1.6158 Pre: 1.0000 Re: 1.0000 Acc: 1.0000 F1: 1.0000


--------------------------------------------------------------------
Eval results: Cost:1.4329 Pre:0.9985 Re:1.0000 Acc:0.9993 F1:0.9993
--------------------------------------------------------------------

Epoch 91: Time: 0.1783 Cost: 1.5921 Pre: 1.0000 Re: 1.0000 Acc: 1.0000 F1: 1.0000
Epoch 92: Time: 0.1784 Cost: 1.5720 Pre: 1.0000 Re: 1.0000 Acc: 1.0000 F1: 1.0000
Epoch 93: Time: 0.1780 Cost: 1.5514 Pre: 1.0000 Re: 1.0000 Acc: 1.0000 F1: 1.0000
Epoch 94: Time: 0.1799 Cost: 1.5310 Pre: 1.0000 Re: 1.0000 Acc: 1.0000 F1: 1.0000
Epoch 95: Time: 0.2018 Cost: 1.5116 Pre: 1.0000 Re: 1.0000 Acc: 1.0000 F1: 1.0000
Epoch 96: Time: 0.1889 Cost: 1.4932 Pre: 1.0000 Re: 1.0000 Acc: 1.0000 F1: 1.0000
Epoch 97: Time: 0.1838 Cost: 1.4758 Pre: 1.0000 Re: 1.0000 Acc: 1.0000 F1: 1.0000
Epoch 98: Time: 0.1827 Cost: 1.4594 Pre: 1.0000 Re: 1.0000 Acc: 1.0000 F1: 1.0000
Epoch 99: Time: 0.1824 Cost: 1.4439 Pre: 1.0000 Re: 1.0000 Acc: 1.0000 F1: 1.0000
Epoch 100: Time: 0.1816 Cost: 1.4293 Pre: 1.0000 Re: 1.0000 Acc: 1.0000 F1: 1.0000


--------------------------------------------------------------------
Eval results: Cost:1.2597 Pre:1.0000 Re:1.0000 Acc:1.0000 F1:1.0000
--------------------------------------------------------------------

Epoch 101: Time: 0.1822 Cost: 1.4157 Pre: 1.0000 Re: 1.0000 Acc: 1.0000 F1: 1.0000
Epoch 102: Time: 0.1812 Cost: 1.4039 Pre: 1.0000 Re: 1.0000 Acc: 1.0000 F1: 1.0000
Epoch 103: Time: 0.1815 Cost: 1.3921 Pre: 1.0000 Re: 1.0000 Acc: 1.0000 F1: 1.0000
Epoch 104: Time: 0.1804 Cost: 1.3805 Pre: 1.0000 Re: 1.0000 Acc: 1.0000 F1: 1.0000
Epoch 105: Time: 0.1770 Cost: 1.3696 Pre: 1.0000 Re: 1.0000 Acc: 1.0000 F1: 1.0000
Epoch 106: Time: 0.1767 Cost: 1.3593 Pre: 1.0000 Re: 1.0000 Acc: 1.0000 F1: 1.0000
Epoch 107: Time: 0.1773 Cost: 1.3495 Pre: 1.0000 Re: 1.0000 Acc: 1.0000 F1: 1.0000
Epoch 108: Time: 0.1773 Cost: 1.3404 Pre: 1.0000 Re: 1.0000 Acc: 1.0000 F1: 1.0000
Epoch 109: Time: 0.1781 Cost: 1.3318 Pre: 1.0000 Re: 1.0000 Acc: 1.0000 F1: 1.0000
Epoch 110: Time: 0.1782 Cost: 1.3237 Pre: 1.0000 Re: 1.0000 Acc: 1.0000 F1: 1.0000


--------------------------------------------------------------------
Eval results: Cost:1.1605 Pre:1.0000 Re:1.0000 Acc:1.0000 F1:1.0000
--------------------------------------------------------------------

Epoch 111: Time: 0.1799 Cost: 1.3161 Pre: 1.0000 Re: 1.0000 Acc: 1.0000 F1: 1.0000
Epoch 112: Time: 0.1810 Cost: 1.3096 Pre: 1.0000 Re: 1.0000 Acc: 1.0000 F1: 1.0000
Epoch 113: Time: 0.1808 Cost: 1.3030 Pre: 1.0000 Re: 1.0000 Acc: 1.0000 F1: 1.0000
Epoch 114: Time: 0.1822 Cost: 1.2967 Pre: 1.0000 Re: 1.0000 Acc: 1.0000 F1: 1.0000
Epoch 115: Time: 0.1810 Cost: 1.2906 Pre: 1.0000 Re: 1.0000 Acc: 1.0000 F1: 1.0000
Epoch 116: Time: 0.1796 Cost: 1.2850 Pre: 1.0000 Re: 1.0000 Acc: 1.0000 F1: 1.0000
Epoch 117: Time: 0.1821 Cost: 1.2796 Pre: 1.0000 Re: 1.0000 Acc: 1.0000 F1: 1.0000
Epoch 118: Time: 0.1825 Cost: 1.2746 Pre: 1.0000 Re: 1.0000 Acc: 1.0000 F1: 1.0000
Epoch 119: Time: 0.1798 Cost: 1.2698 Pre: 1.0000 Re: 1.0000 Acc: 1.0000 F1: 1.0000
Epoch 120: Time: 0.1805 Cost: 1.2653 Pre: 1.0000 Re: 1.0000 Acc: 1.0000 F1: 1.0000


--------------------------------------------------------------------
Eval results: Cost:1.1055 Pre:1.0000 Re:1.0000 Acc:1.0000 F1:1.0000
--------------------------------------------------------------------

Epoch 121: Time: 0.1813 Cost: 1.2611 Pre: 1.0000 Re: 1.0000 Acc: 1.0000 F1: 1.0000
Epoch 122: Time: 0.1779 Cost: 1.2574 Pre: 1.0000 Re: 1.0000 Acc: 1.0000 F1: 1.0000
Epoch 123: Time: 0.1788 Cost: 1.2537 Pre: 1.0000 Re: 1.0000 Acc: 1.0000 F1: 1.0000
Epoch 124: Time: 0.1818 Cost: 1.2502 Pre: 1.0000 Re: 1.0000 Acc: 1.0000 F1: 1.0000
Epoch 125: Time: 0.1806 Cost: 1.2468 Pre: 1.0000 Re: 1.0000 Acc: 1.0000 F1: 1.0000
Epoch 126: Time: 0.1822 Cost: 1.2436 Pre: 1.0000 Re: 1.0000 Acc: 1.0000 F1: 1.0000
Epoch 127: Time: 0.1809 Cost: 1.2405 Pre: 1.0000 Re: 1.0000 Acc: 1.0000 F1: 1.0000
Epoch 128: Time: 0.1810 Cost: 1.2376 Pre: 1.0000 Re: 1.0000 Acc: 1.0000 F1: 1.0000
Epoch 129: Time: 0.1809 Cost: 1.2349 Pre: 1.0000 Re: 1.0000 Acc: 1.0000 F1: 1.0000
Epoch 130: Time: 0.1832 Cost: 1.2323 Pre: 1.0000 Re: 1.0000 Acc: 1.0000 F1: 1.0000


--------------------------------------------------------------------
Eval results: Cost:1.0747 Pre:1.0000 Re:1.0000 Acc:1.0000 F1:1.0000
--------------------------------------------------------------------

Epoch 131: Time: 0.1790 Cost: 1.2299 Pre: 1.0000 Re: 1.0000 Acc: 1.0000 F1: 1.0000
Epoch 132: Time: 0.1828 Cost: 1.2277 Pre: 1.0000 Re: 1.0000 Acc: 1.0000 F1: 1.0000
Epoch 133: Time: 0.1823 Cost: 1.2255 Pre: 1.0000 Re: 1.0000 Acc: 1.0000 F1: 1.0000
Epoch 134: Time: 0.1806 Cost: 1.2234 Pre: 1.0000 Re: 1.0000 Acc: 1.0000 F1: 1.0000
Epoch 135: Time: 0.1813 Cost: 1.2214 Pre: 1.0000 Re: 1.0000 Acc: 1.0000 F1: 1.0000
Epoch 136: Time: 0.1819 Cost: 1.2195 Pre: 1.0000 Re: 1.0000 Acc: 1.0000 F1: 1.0000
Epoch 137: Time: 0.1825 Cost: 1.2176 Pre: 1.0000 Re: 1.0000 Acc: 1.0000 F1: 1.0000
Epoch 138: Time: 0.1811 Cost: 1.2159 Pre: 1.0000 Re: 1.0000 Acc: 1.0000 F1: 1.0000
Epoch 139: Time: 0.1814 Cost: 1.2142 Pre: 1.0000 Re: 1.0000 Acc: 1.0000 F1: 1.0000
Epoch 140: Time: 0.1831 Cost: 1.2126 Pre: 1.0000 Re: 1.0000 Acc: 1.0000 F1: 1.0000


--------------------------------------------------------------------
Eval results: Cost:1.0568 Pre:1.0000 Re:1.0000 Acc:1.0000 F1:1.0000
--------------------------------------------------------------------

Epoch 141: Time: 0.1799 Cost: 1.2111 Pre: 1.0000 Re: 1.0000 Acc: 1.0000 F1: 1.0000
Epoch 142: Time: 0.1815 Cost: 1.2097 Pre: 1.0000 Re: 1.0000 Acc: 1.0000 F1: 1.0000
Epoch 143: Time: 0.1796 Cost: 1.2084 Pre: 1.0000 Re: 1.0000 Acc: 1.0000 F1: 1.0000
Epoch 144: Time: 0.1770 Cost: 1.2070 Pre: 1.0000 Re: 1.0000 Acc: 1.0000 F1: 1.0000
Epoch 145: Time: 0.1790 Cost: 1.2057 Pre: 1.0000 Re: 1.0000 Acc: 1.0000 F1: 1.0000
Epoch 146: Time: 0.1769 Cost: 1.2045 Pre: 1.0000 Re: 1.0000 Acc: 1.0000 F1: 1.0000
Epoch 147: Time: 0.1797 Cost: 1.2033 Pre: 1.0000 Re: 1.0000 Acc: 1.0000 F1: 1.0000
Epoch 148: Time: 0.1791 Cost: 1.2022 Pre: 1.0000 Re: 1.0000 Acc: 1.0000 F1: 1.0000
Epoch 149: Time: 0.1793 Cost: 1.2011 Pre: 1.0000 Re: 1.0000 Acc: 1.0000 F1: 1.0000
Epoch 150: Time: 0.1805 Cost: 1.2001 Pre: 1.0000 Re: 1.0000 Acc: 1.0000 F1: 1.0000


--------------------------------------------------------------------
Eval results: Cost:1.0456 Pre:1.0000 Re:1.0000 Acc:1.0000 F1:1.0000
--------------------------------------------------------------------

Epoch 151: Time: 0.1805 Cost: 1.1991 Pre: 1.0000 Re: 1.0000 Acc: 1.0000 F1: 1.0000
Epoch 152: Time: 0.1814 Cost: 1.1981 Pre: 1.0000 Re: 1.0000 Acc: 1.0000 F1: 1.0000
Epoch 153: Time: 0.1810 Cost: 1.1972 Pre: 1.0000 Re: 1.0000 Acc: 1.0000 F1: 1.0000
Epoch 154: Time: 0.1784 Cost: 1.1963 Pre: 1.0000 Re: 1.0000 Acc: 1.0000 F1: 1.0000
Epoch 155: Time: 0.1805 Cost: 1.1954 Pre: 1.0000 Re: 1.0000 Acc: 1.0000 F1: 1.0000
Epoch 156: Time: 0.1804 Cost: 1.1946 Pre: 1.0000 Re: 1.0000 Acc: 1.0000 F1: 1.0000
Epoch 157: Time: 0.1797 Cost: 1.1938 Pre: 1.0000 Re: 1.0000 Acc: 1.0000 F1: 1.0000
Epoch 158: Time: 0.1801 Cost: 1.1930 Pre: 1.0000 Re: 1.0000 Acc: 1.0000 F1: 1.0000
Epoch 159: Time: 0.1800 Cost: 1.1923 Pre: 1.0000 Re: 1.0000 Acc: 1.0000 F1: 1.0000
Epoch 160: Time: 0.1811 Cost: 1.1915 Pre: 1.0000 Re: 1.0000 Acc: 1.0000 F1: 1.0000


--------------------------------------------------------------------
Eval results: Cost:1.0381 Pre:1.0000 Re:1.0000 Acc:1.0000 F1:1.0000
--------------------------------------------------------------------

Epoch 161: Time: 0.1824 Cost: 1.1908 Pre: 1.0000 Re: 1.0000 Acc: 1.0000 F1: 1.0000
Epoch 162: Time: 0.1800 Cost: 1.1902 Pre: 1.0000 Re: 1.0000 Acc: 1.0000 F1: 1.0000
Epoch 163: Time: 0.1781 Cost: 1.1895 Pre: 1.0000 Re: 1.0000 Acc: 1.0000 F1: 1.0000
Epoch 164: Time: 0.1792 Cost: 1.1889 Pre: 1.0000 Re: 1.0000 Acc: 1.0000 F1: 1.0000
Epoch 165: Time: 0.1816 Cost: 1.1882 Pre: 1.0000 Re: 1.0000 Acc: 1.0000 F1: 1.0000
Epoch 166: Time: 0.1806 Cost: 1.1876 Pre: 1.0000 Re: 1.0000 Acc: 1.0000 F1: 1.0000
Epoch 167: Time: 0.1791 Cost: 1.1871 Pre: 1.0000 Re: 1.0000 Acc: 1.0000 F1: 1.0000
Epoch 168: Time: 0.1805 Cost: 1.1865 Pre: 1.0000 Re: 1.0000 Acc: 1.0000 F1: 1.0000
Epoch 169: Time: 0.1804 Cost: 1.1859 Pre: 1.0000 Re: 1.0000 Acc: 1.0000 F1: 1.0000
Epoch 170: Time: 0.1833 Cost: 1.1854 Pre: 1.0000 Re: 1.0000 Acc: 1.0000 F1: 1.0000


--------------------------------------------------------------------
Eval results: Cost:1.0328 Pre:1.0000 Re:1.0000 Acc:1.0000 F1:1.0000
--------------------------------------------------------------------

Epoch 171: Time: 0.1802 Cost: 1.1849 Pre: 1.0000 Re: 1.0000 Acc: 1.0000 F1: 1.0000
Epoch 172: Time: 0.1802 Cost: 1.1844 Pre: 1.0000 Re: 1.0000 Acc: 1.0000 F1: 1.0000
Epoch 173: Time: 0.1788 Cost: 1.1839 Pre: 1.0000 Re: 1.0000 Acc: 1.0000 F1: 1.0000
Epoch 174: Time: 0.1809 Cost: 1.1834 Pre: 1.0000 Re: 1.0000 Acc: 1.0000 F1: 1.0000
Epoch 175: Time: 0.1797 Cost: 1.1830 Pre: 1.0000 Re: 1.0000 Acc: 1.0000 F1: 1.0000
Epoch 176: Time: 0.1798 Cost: 1.1825 Pre: 1.0000 Re: 1.0000 Acc: 1.0000 F1: 1.0000
Epoch 177: Time: 0.1788 Cost: 1.1821 Pre: 1.0000 Re: 1.0000 Acc: 1.0000 F1: 1.0000
Epoch 178: Time: 0.1767 Cost: 1.1816 Pre: 1.0000 Re: 1.0000 Acc: 1.0000 F1: 1.0000
Epoch 179: Time: 0.1785 Cost: 1.1812 Pre: 1.0000 Re: 1.0000 Acc: 1.0000 F1: 1.0000
Epoch 180: Time: 0.1779 Cost: 1.1808 Pre: 1.0000 Re: 1.0000 Acc: 1.0000 F1: 1.0000


--------------------------------------------------------------------
Eval results: Cost:1.0288 Pre:1.0000 Re:1.0000 Acc:1.0000 F1:1.0000
--------------------------------------------------------------------

Epoch 181: Time: 0.1783 Cost: 1.1804 Pre: 1.0000 Re: 1.0000 Acc: 1.0000 F1: 1.0000
Epoch 182: Time: 0.1768 Cost: 1.1800 Pre: 1.0000 Re: 1.0000 Acc: 1.0000 F1: 1.0000
Epoch 183: Time: 0.1764 Cost: 1.1796 Pre: 1.0000 Re: 1.0000 Acc: 1.0000 F1: 1.0000
Epoch 184: Time: 0.1773 Cost: 1.1793 Pre: 1.0000 Re: 1.0000 Acc: 1.0000 F1: 1.0000
Epoch 185: Time: 0.1772 Cost: 1.1789 Pre: 1.0000 Re: 1.0000 Acc: 1.0000 F1: 1.0000
Epoch 186: Time: 0.1791 Cost: 1.1786 Pre: 1.0000 Re: 1.0000 Acc: 1.0000 F1: 1.0000
Epoch 187: Time: 0.1766 Cost: 1.1782 Pre: 1.0000 Re: 1.0000 Acc: 1.0000 F1: 1.0000
Epoch 188: Time: 0.1764 Cost: 1.1779 Pre: 1.0000 Re: 1.0000 Acc: 1.0000 F1: 1.0000
Epoch 189: Time: 0.1865 Cost: 1.1775 Pre: 1.0000 Re: 1.0000 Acc: 1.0000 F1: 1.0000
Epoch 190: Time: 0.1840 Cost: 1.1772 Pre: 1.0000 Re: 1.0000 Acc: 1.0000 F1: 1.0000


--------------------------------------------------------------------
Eval results: Cost:1.0258 Pre:1.0000 Re:1.0000 Acc:1.0000 F1:1.0000
--------------------------------------------------------------------

Epoch 191: Time: 0.1830 Cost: 1.1769 Pre: 1.0000 Re: 1.0000 Acc: 1.0000 F1: 1.0000
Epoch 192: Time: 0.1783 Cost: 1.1766 Pre: 1.0000 Re: 1.0000 Acc: 1.0000 F1: 1.0000
Epoch 193: Time: 0.1785 Cost: 1.1763 Pre: 1.0000 Re: 1.0000 Acc: 1.0000 F1: 1.0000
Epoch 194: Time: 0.1795 Cost: 1.1760 Pre: 1.0000 Re: 1.0000 Acc: 1.0000 F1: 1.0000
Epoch 195: Time: 0.1814 Cost: 1.1757 Pre: 1.0000 Re: 1.0000 Acc: 1.0000 F1: 1.0000
Epoch 196: Time: 0.1818 Cost: 1.1754 Pre: 1.0000 Re: 1.0000 Acc: 1.0000 F1: 1.0000
Epoch 197: Time: 0.1811 Cost: 1.1752 Pre: 1.0000 Re: 1.0000 Acc: 1.0000 F1: 1.0000
Epoch 198: Time: 0.1800 Cost: 1.1749 Pre: 1.0000 Re: 1.0000 Acc: 1.0000 F1: 1.0000
Epoch 199: Time: 0.1836 Cost: 1.1746 Pre: 1.0000 Re: 1.0000 Acc: 1.0000 F1: 1.0000
Epoch 200: Time: 0.1803 Cost: 1.1744 Pre: 1.0000 Re: 1.0000 Acc: 1.0000 F1: 1.0000


--------------------------------------------------------------------
Eval results: Cost:1.0233 Pre:1.0000 Re:1.0000 Acc:1.0000 F1:1.0000
--------------------------------------------------------------------

Epoch 201: Time: 0.1826 Cost: 1.1741 Pre: 1.0000 Re: 1.0000 Acc: 1.0000 F1: 1.0000
Epoch 202: Time: 0.1818 Cost: 1.1739 Pre: 1.0000 Re: 1.0000 Acc: 1.0000 F1: 1.0000
Epoch 203: Time: 0.1779 Cost: 1.1736 Pre: 1.0000 Re: 1.0000 Acc: 1.0000 F1: 1.0000
Epoch 204: Time: 0.1795 Cost: 1.1734 Pre: 1.0000 Re: 1.0000 Acc: 1.0000 F1: 1.0000
Epoch 205: Time: 0.1801 Cost: 1.1731 Pre: 1.0000 Re: 1.0000 Acc: 1.0000 F1: 1.0000
Epoch 206: Time: 0.1780 Cost: 1.1729 Pre: 1.0000 Re: 1.0000 Acc: 1.0000 F1: 1.0000
Epoch 207: Time: 0.1796 Cost: 1.1727 Pre: 1.0000 Re: 1.0000 Acc: 1.0000 F1: 1.0000
Epoch 208: Time: 0.1808 Cost: 1.1725 Pre: 1.0000 Re: 1.0000 Acc: 1.0000 F1: 1.0000
Epoch 209: Time: 0.1836 Cost: 1.1722 Pre: 1.0000 Re: 1.0000 Acc: 1.0000 F1: 1.0000
Epoch 210: Time: 0.1849 Cost: 1.1720 Pre: 1.0000 Re: 1.0000 Acc: 1.0000 F1: 1.0000


--------------------------------------------------------------------
Eval results: Cost:1.0213 Pre:1.0000 Re:1.0000 Acc:1.0000 F1:1.0000
--------------------------------------------------------------------

Epoch 211: Time: 0.1831 Cost: 1.1718 Pre: 1.0000 Re: 1.0000 Acc: 1.0000 F1: 1.0000
Epoch 212: Time: 0.1796 Cost: 1.1716 Pre: 1.0000 Re: 1.0000 Acc: 1.0000 F1: 1.0000
Epoch 213: Time: 0.1786 Cost: 1.1714 Pre: 1.0000 Re: 1.0000 Acc: 1.0000 F1: 1.0000
Epoch 214: Time: 0.1809 Cost: 1.1712 Pre: 1.0000 Re: 1.0000 Acc: 1.0000 F1: 1.0000
Epoch 215: Time: 0.1803 Cost: 1.1710 Pre: 1.0000 Re: 1.0000 Acc: 1.0000 F1: 1.0000
Epoch 216: Time: 0.1809 Cost: 1.1708 Pre: 1.0000 Re: 1.0000 Acc: 1.0000 F1: 1.0000
Epoch 217: Time: 0.1936 Cost: 1.1706 Pre: 1.0000 Re: 1.0000 Acc: 1.0000 F1: 1.0000
Epoch 218: Time: 0.1781 Cost: 1.1704 Pre: 1.0000 Re: 1.0000 Acc: 1.0000 F1: 1.0000
Epoch 219: Time: 0.1796 Cost: 1.1703 Pre: 1.0000 Re: 1.0000 Acc: 1.0000 F1: 1.0000
Epoch 220: Time: 0.1828 Cost: 1.1701 Pre: 1.0000 Re: 1.0000 Acc: 1.0000 F1: 1.0000


--------------------------------------------------------------------
Eval results: Cost:1.0197 Pre:1.0000 Re:1.0000 Acc:1.0000 F1:1.0000
--------------------------------------------------------------------

Epoch 221: Time: 0.1790 Cost: 1.1699 Pre: 1.0000 Re: 1.0000 Acc: 1.0000 F1: 1.0000
Epoch 222: Time: 0.1773 Cost: 1.1697 Pre: 1.0000 Re: 1.0000 Acc: 1.0000 F1: 1.0000
Epoch 223: Time: 0.1763 Cost: 1.1696 Pre: 1.0000 Re: 1.0000 Acc: 1.0000 F1: 1.0000
Epoch 224: Time: 0.1777 Cost: 1.1694 Pre: 1.0000 Re: 1.0000 Acc: 1.0000 F1: 1.0000
Epoch 225: Time: 0.1795 Cost: 1.1692 Pre: 1.0000 Re: 1.0000 Acc: 1.0000 F1: 1.0000
Epoch 226: Time: 0.1801 Cost: 1.1691 Pre: 1.0000 Re: 1.0000 Acc: 1.0000 F1: 1.0000
Epoch 227: Time: 0.1812 Cost: 1.1689 Pre: 1.0000 Re: 1.0000 Acc: 1.0000 F1: 1.0000
Epoch 228: Time: 0.1805 Cost: 1.1687 Pre: 1.0000 Re: 1.0000 Acc: 1.0000 F1: 1.0000
Epoch 229: Time: 0.1803 Cost: 1.1686 Pre: 1.0000 Re: 1.0000 Acc: 1.0000 F1: 1.0000
Epoch 230: Time: 0.1801 Cost: 1.1684 Pre: 1.0000 Re: 1.0000 Acc: 1.0000 F1: 1.0000


--------------------------------------------------------------------
Eval results: Cost:1.0183 Pre:1.0000 Re:1.0000 Acc:1.0000 F1:1.0000
--------------------------------------------------------------------

Epoch 231: Time: 0.1800 Cost: 1.1683 Pre: 1.0000 Re: 1.0000 Acc: 1.0000 F1: 1.0000
Epoch 232: Time: 0.1818 Cost: 1.1681 Pre: 1.0000 Re: 1.0000 Acc: 1.0000 F1: 1.0000
Epoch 233: Time: 0.1799 Cost: 1.1680 Pre: 1.0000 Re: 1.0000 Acc: 1.0000 F1: 1.0000
Epoch 234: Time: 0.1780 Cost: 1.1678 Pre: 1.0000 Re: 1.0000 Acc: 1.0000 F1: 1.0000
Epoch 235: Time: 0.1793 Cost: 1.1677 Pre: 1.0000 Re: 1.0000 Acc: 1.0000 F1: 1.0000
Epoch 236: Time: 0.1802 Cost: 1.1676 Pre: 1.0000 Re: 1.0000 Acc: 1.0000 F1: 1.0000
Epoch 237: Time: 0.1788 Cost: 1.1674 Pre: 1.0000 Re: 1.0000 Acc: 1.0000 F1: 1.0000
Epoch 238: Time: 0.1803 Cost: 1.1673 Pre: 1.0000 Re: 1.0000 Acc: 1.0000 F1: 1.0000
Epoch 239: Time: 0.1791 Cost: 1.1672 Pre: 1.0000 Re: 1.0000 Acc: 1.0000 F1: 1.0000
Epoch 240: Time: 0.1783 Cost: 1.1670 Pre: 1.0000 Re: 1.0000 Acc: 1.0000 F1: 1.0000


--------------------------------------------------------------------
Eval results: Cost:1.0171 Pre:1.0000 Re:1.0000 Acc:1.0000 F1:1.0000
--------------------------------------------------------------------

Epoch 241: Time: 0.1806 Cost: 1.1669 Pre: 1.0000 Re: 1.0000 Acc: 1.0000 F1: 1.0000
Epoch 242: Time: 0.1802 Cost: 1.1668 Pre: 1.0000 Re: 1.0000 Acc: 1.0000 F1: 1.0000
Epoch 243: Time: 0.1792 Cost: 1.1666 Pre: 1.0000 Re: 1.0000 Acc: 1.0000 F1: 1.0000
Epoch 244: Time: 0.1775 Cost: 1.1665 Pre: 1.0000 Re: 1.0000 Acc: 1.0000 F1: 1.0000
Epoch 245: Time: 0.1790 Cost: 1.1664 Pre: 1.0000 Re: 1.0000 Acc: 1.0000 F1: 1.0000
Epoch 246: Time: 0.1784 Cost: 1.1663 Pre: 1.0000 Re: 1.0000 Acc: 1.0000 F1: 1.0000
Epoch 247: Time: 0.1797 Cost: 1.1662 Pre: 1.0000 Re: 1.0000 Acc: 1.0000 F1: 1.0000
Epoch 248: Time: 0.1817 Cost: 1.1660 Pre: 1.0000 Re: 1.0000 Acc: 1.0000 F1: 1.0000
Epoch 249: Time: 0.1787 Cost: 1.1659 Pre: 1.0000 Re: 1.0000 Acc: 1.0000 F1: 1.0000
Epoch 250: Time: 0.1800 Cost: 1.1658 Pre: 1.0000 Re: 1.0000 Acc: 1.0000 F1: 1.0000


--------------------------------------------------------------------
Eval results: Cost:1.0160 Pre:1.0000 Re:1.0000 Acc:1.0000 F1:1.0000
--------------------------------------------------------------------

Epoch 251: Time: 0.1789 Cost: 1.1657 Pre: 1.0000 Re: 1.0000 Acc: 1.0000 F1: 1.0000
Epoch 252: Time: 0.1799 Cost: 1.1656 Pre: 1.0000 Re: 1.0000 Acc: 1.0000 F1: 1.0000
Epoch 253: Time: 0.1958 Cost: 1.1655 Pre: 1.0000 Re: 1.0000 Acc: 1.0000 F1: 1.0000
Epoch 254: Time: 0.1863 Cost: 1.1654 Pre: 1.0000 Re: 1.0000 Acc: 1.0000 F1: 1.0000
Epoch 255: Time: 0.1850 Cost: 1.1652 Pre: 1.0000 Re: 1.0000 Acc: 1.0000 F1: 1.0000
Epoch 256: Time: 0.1814 Cost: 1.1651 Pre: 1.0000 Re: 1.0000 Acc: 1.0000 F1: 1.0000
Epoch 257: Time: 0.1782 Cost: 1.1650 Pre: 1.0000 Re: 1.0000 Acc: 1.0000 F1: 1.0000
Epoch 258: Time: 0.1810 Cost: 1.1649 Pre: 1.0000 Re: 1.0000 Acc: 1.0000 F1: 1.0000
Epoch 259: Time: 0.1789 Cost: 1.1648 Pre: 1.0000 Re: 1.0000 Acc: 1.0000 F1: 1.0000
Epoch 260: Time: 0.1777 Cost: 1.1647 Pre: 1.0000 Re: 1.0000 Acc: 1.0000 F1: 1.0000


--------------------------------------------------------------------
Eval results: Cost:1.0151 Pre:1.0000 Re:1.0000 Acc:1.0000 F1:1.0000
--------------------------------------------------------------------

Epoch 261: Time: 0.1769 Cost: 1.1646 Pre: 1.0000 Re: 1.0000 Acc: 1.0000 F1: 1.0000
Epoch 262: Time: 0.1766 Cost: 1.1645 Pre: 1.0000 Re: 1.0000 Acc: 1.0000 F1: 1.0000
Epoch 263: Time: 0.1801 Cost: 1.1644 Pre: 1.0000 Re: 1.0000 Acc: 1.0000 F1: 1.0000
Epoch 264: Time: 0.1763 Cost: 1.1643 Pre: 1.0000 Re: 1.0000 Acc: 1.0000 F1: 1.0000
Epoch 265: Time: 0.1767 Cost: 1.1642 Pre: 1.0000 Re: 1.0000 Acc: 1.0000 F1: 1.0000
Epoch 266: Time: 0.1796 Cost: 1.1642 Pre: 1.0000 Re: 1.0000 Acc: 1.0000 F1: 1.0000
Epoch 267: Time: 0.1802 Cost: 1.1641 Pre: 1.0000 Re: 1.0000 Acc: 1.0000 F1: 1.0000
Epoch 268: Time: 0.1801 Cost: 1.1640 Pre: 1.0000 Re: 1.0000 Acc: 1.0000 F1: 1.0000
Epoch 269: Time: 0.1794 Cost: 1.1639 Pre: 1.0000 Re: 1.0000 Acc: 1.0000 F1: 1.0000
Epoch 270: Time: 0.1786 Cost: 1.1638 Pre: 1.0000 Re: 1.0000 Acc: 1.0000 F1: 1.0000


--------------------------------------------------------------------
Eval results: Cost:1.0143 Pre:1.0000 Re:1.0000 Acc:1.0000 F1:1.0000
--------------------------------------------------------------------

Epoch 271: Time: 0.1799 Cost: 1.1637 Pre: 1.0000 Re: 1.0000 Acc: 1.0000 F1: 1.0000
Epoch 272: Time: 0.1795 Cost: 1.1636 Pre: 1.0000 Re: 1.0000 Acc: 1.0000 F1: 1.0000
Epoch 273: Time: 0.1824 Cost: 1.1635 Pre: 1.0000 Re: 1.0000 Acc: 1.0000 F1: 1.0000
Epoch 274: Time: 0.1791 Cost: 1.1634 Pre: 1.0000 Re: 1.0000 Acc: 1.0000 F1: 1.0000
Epoch 275: Time: 0.1797 Cost: 1.1634 Pre: 1.0000 Re: 1.0000 Acc: 1.0000 F1: 1.0000
Epoch 276: Time: 0.1800 Cost: 1.1633 Pre: 1.0000 Re: 1.0000 Acc: 1.0000 F1: 1.0000
Epoch 277: Time: 0.1797 Cost: 1.1632 Pre: 1.0000 Re: 1.0000 Acc: 1.0000 F1: 1.0000
Epoch 278: Time: 0.1807 Cost: 1.1631 Pre: 1.0000 Re: 1.0000 Acc: 1.0000 F1: 1.0000
Epoch 279: Time: 0.1800 Cost: 1.1630 Pre: 1.0000 Re: 1.0000 Acc: 1.0000 F1: 1.0000
Epoch 280: Time: 0.1789 Cost: 1.1630 Pre: 1.0000 Re: 1.0000 Acc: 1.0000 F1: 1.0000


--------------------------------------------------------------------
Eval results: Cost:1.0136 Pre:1.0000 Re:1.0000 Acc:1.0000 F1:1.0000
--------------------------------------------------------------------

Epoch 281: Time: 0.1788 Cost: 1.1629 Pre: 1.0000 Re: 1.0000 Acc: 1.0000 F1: 1.0000
Epoch 282: Time: 0.1763 Cost: 1.1628 Pre: 1.0000 Re: 1.0000 Acc: 1.0000 F1: 1.0000
Epoch 283: Time: 0.1816 Cost: 1.1627 Pre: 1.0000 Re: 1.0000 Acc: 1.0000 F1: 1.0000
Epoch 284: Time: 0.1798 Cost: 1.1626 Pre: 1.0000 Re: 1.0000 Acc: 1.0000 F1: 1.0000
Epoch 285: Time: 0.1806 Cost: 1.1626 Pre: 1.0000 Re: 1.0000 Acc: 1.0000 F1: 1.0000
Epoch 286: Time: 0.1801 Cost: 1.1625 Pre: 1.0000 Re: 1.0000 Acc: 1.0000 F1: 1.0000
Epoch 287: Time: 0.1801 Cost: 1.1624 Pre: 1.0000 Re: 1.0000 Acc: 1.0000 F1: 1.0000
Epoch 288: Time: 0.1789 Cost: 1.1623 Pre: 1.0000 Re: 1.0000 Acc: 1.0000 F1: 1.0000
Epoch 289: Time: 0.1815 Cost: 1.1623 Pre: 1.0000 Re: 1.0000 Acc: 1.0000 F1: 1.0000
Epoch 290: Time: 0.1791 Cost: 1.1622 Pre: 1.0000 Re: 1.0000 Acc: 1.0000 F1: 1.0000


--------------------------------------------------------------------
Eval results: Cost:1.0129 Pre:1.0000 Re:1.0000 Acc:1.0000 F1:1.0000
--------------------------------------------------------------------

Epoch 291: Time: 0.1793 Cost: 1.1621 Pre: 1.0000 Re: 1.0000 Acc: 1.0000 F1: 1.0000
Epoch 292: Time: 0.1779 Cost: 1.1621 Pre: 1.0000 Re: 1.0000 Acc: 1.0000 F1: 1.0000
Epoch 293: Time: 0.1804 Cost: 1.1620 Pre: 1.0000 Re: 1.0000 Acc: 1.0000 F1: 1.0000
Epoch 294: Time: 0.1806 Cost: 1.1619 Pre: 1.0000 Re: 1.0000 Acc: 1.0000 F1: 1.0000
Epoch 295: Time: 0.1793 Cost: 1.1619 Pre: 1.0000 Re: 1.0000 Acc: 1.0000 F1: 1.0000
Epoch 296: Time: 0.1793 Cost: 1.1618 Pre: 1.0000 Re: 1.0000 Acc: 1.0000 F1: 1.0000
Epoch 297: Time: 0.1791 Cost: 1.1617 Pre: 1.0000 Re: 1.0000 Acc: 1.0000 F1: 1.0000
Epoch 298: Time: 0.1778 Cost: 1.1617 Pre: 1.0000 Re: 1.0000 Acc: 1.0000 F1: 1.0000
Epoch 299: Time: 0.1819 Cost: 1.1616 Pre: 1.0000 Re: 1.0000 Acc: 1.0000 F1: 1.0000
Epoch 300: Time: 0.1775 Cost: 1.1615 Pre: 1.0000 Re: 1.0000 Acc: 1.0000 F1: 1.0000


--------------------------------------------------------------------
Eval results: Cost:1.0123 Pre:1.0000 Re:1.0000 Acc:1.0000 F1:1.0000
--------------------------------------------------------------------

Epoch 301: Time: 0.1792 Cost: 1.1615 Pre: 1.0000 Re: 1.0000 Acc: 1.0000 F1: 1.0000
Epoch 302: Time: 0.1798 Cost: 1.1614 Pre: 1.0000 Re: 1.0000 Acc: 1.0000 F1: 1.0000
Epoch 303: Time: 0.1786 Cost: 1.1613 Pre: 1.0000 Re: 1.0000 Acc: 1.0000 F1: 1.0000
Epoch 304: Time: 0.1812 Cost: 1.1613 Pre: 1.0000 Re: 1.0000 Acc: 1.0000 F1: 1.0000
Epoch 305: Time: 0.1802 Cost: 1.1612 Pre: 1.0000 Re: 1.0000 Acc: 1.0000 F1: 1.0000
Epoch 306: Time: 0.1785 Cost: 1.1612 Pre: 1.0000 Re: 1.0000 Acc: 1.0000 F1: 1.0000
Epoch 307: Time: 0.1797 Cost: 1.1611 Pre: 1.0000 Re: 1.0000 Acc: 1.0000 F1: 1.0000
Epoch 308: Time: 0.1787 Cost: 1.1610 Pre: 1.0000 Re: 1.0000 Acc: 1.0000 F1: 1.0000
Epoch 309: Time: 0.1830 Cost: 1.1610 Pre: 1.0000 Re: 1.0000 Acc: 1.0000 F1: 1.0000
Epoch 310: Time: 0.1807 Cost: 1.1609 Pre: 1.0000 Re: 1.0000 Acc: 1.0000 F1: 1.0000


--------------------------------------------------------------------
Eval results: Cost:1.0118 Pre:1.0000 Re:1.0000 Acc:1.0000 F1:1.0000
--------------------------------------------------------------------

Epoch 311: Time: 0.1797 Cost: 1.1609 Pre: 1.0000 Re: 1.0000 Acc: 1.0000 F1: 1.0000
Epoch 312: Time: 0.1788 Cost: 1.1608 Pre: 1.0000 Re: 1.0000 Acc: 1.0000 F1: 1.0000
Epoch 313: Time: 0.1800 Cost: 1.1607 Pre: 1.0000 Re: 1.0000 Acc: 1.0000 F1: 1.0000
Epoch 314: Time: 0.1818 Cost: 1.1607 Pre: 1.0000 Re: 1.0000 Acc: 1.0000 F1: 1.0000
Epoch 315: Time: 0.1789 Cost: 1.1606 Pre: 1.0000 Re: 1.0000 Acc: 1.0000 F1: 1.0000
Epoch 316: Time: 0.1794 Cost: 1.1606 Pre: 1.0000 Re: 1.0000 Acc: 1.0000 F1: 1.0000
Epoch 317: Time: 0.1786 Cost: 1.1605 Pre: 1.0000 Re: 1.0000 Acc: 1.0000 F1: 1.0000
Epoch 318: Time: 0.1800 Cost: 1.1605 Pre: 1.0000 Re: 1.0000 Acc: 1.0000 F1: 1.0000
Epoch 319: Time: 0.1782 Cost: 1.1604 Pre: 1.0000 Re: 1.0000 Acc: 1.0000 F1: 1.0000
Epoch 320: Time: 0.1946 Cost: 1.1604 Pre: 1.0000 Re: 1.0000 Acc: 1.0000 F1: 1.0000


--------------------------------------------------------------------
Eval results: Cost:1.0113 Pre:1.0000 Re:1.0000 Acc:1.0000 F1:1.0000
--------------------------------------------------------------------

Epoch 321: Time: 0.1815 Cost: 1.1603 Pre: 1.0000 Re: 1.0000 Acc: 1.0000 F1: 1.0000
Epoch 322: Time: 0.1793 Cost: 1.1603 Pre: 1.0000 Re: 1.0000 Acc: 1.0000 F1: 1.0000
Epoch 323: Time: 0.1806 Cost: 1.1602 Pre: 1.0000 Re: 1.0000 Acc: 1.0000 F1: 1.0000
Epoch 324: Time: 0.1820 Cost: 1.1602 Pre: 1.0000 Re: 1.0000 Acc: 1.0000 F1: 1.0000
Epoch 325: Time: 0.1804 Cost: 1.1601 Pre: 1.0000 Re: 1.0000 Acc: 1.0000 F1: 1.0000
Epoch 326: Time: 0.1798 Cost: 1.1600 Pre: 1.0000 Re: 1.0000 Acc: 1.0000 F1: 1.0000
Epoch 327: Time: 0.1798 Cost: 1.1600 Pre: 1.0000 Re: 1.0000 Acc: 1.0000 F1: 1.0000
Epoch 328: Time: 0.1795 Cost: 1.1599 Pre: 1.0000 Re: 1.0000 Acc: 1.0000 F1: 1.0000
Epoch 329: Time: 0.1791 Cost: 1.1599 Pre: 1.0000 Re: 1.0000 Acc: 1.0000 F1: 1.0000
Epoch 330: Time: 0.1821 Cost: 1.1599 Pre: 1.0000 Re: 1.0000 Acc: 1.0000 F1: 1.0000


--------------------------------------------------------------------
Eval results: Cost:1.0109 Pre:1.0000 Re:1.0000 Acc:1.0000 F1:1.0000
--------------------------------------------------------------------

Early stopping...
--------------------------------------------------------------------
--------------------------------------------------------------------
Test 4332 samples take time: 0.6254
Test results: Cost:1.0250 Pre:1.0000 Re:1.0000 Acc:1.0000 F1:1.0000
--------------------------------------------------------------------

