16768
16562
16206
16632
16380
16425
Load data
RNN type: LSTM Grammar: g3 Seed: 9
Model total parameters: 10400
Saving hinit ... 

Epoch 0: Time: 0.7213 Cost: 26.3322 Pre: 0.0000 Re: 0.0000 Acc: 0.5249 F1: 0.0000


--------------------------------------------------------------------
Eval results: Cost:24.8288 Pre:0.0000 Re:0.0000 Acc:0.5392 F1:0.0000
--------------------------------------------------------------------

Epoch 1: Time: 0.6299 Cost: 25.0927 Pre: 0.4716 Re: 0.3525 Acc: 0.5048 F1: 0.4035
Epoch 2: Time: 0.6378 Cost: 24.8844 Pre: 0.6250 Re: 0.0252 Acc: 0.5297 F1: 0.0484
Epoch 3: Time: 0.6385 Cost: 24.7704 Pre: 0.5724 Re: 0.1820 Acc: 0.5468 F1: 0.2762
Epoch 4: Time: 0.6496 Cost: 24.6445 Pre: 0.5736 Re: 0.2662 Acc: 0.5574 F1: 0.3636
Epoch 5: Time: 0.6354 Cost: 24.5253 Pre: 0.5128 Re: 0.3180 Acc: 0.5325 F1: 0.3925
Epoch 6: Time: 0.6361 Cost: 24.4076 Pre: 0.4953 Re: 0.3410 Acc: 0.5219 F1: 0.4039
Epoch 7: Time: 0.6388 Cost: 24.2865 Pre: 0.5005 Re: 0.3590 Acc: 0.5253 F1: 0.4181
Epoch 8: Time: 0.6411 Cost: 24.1519 Pre: 0.5078 Re: 0.3755 Acc: 0.5304 F1: 0.4318
Epoch 9: Time: 0.7174 Cost: 23.9809 Pre: 0.5187 Re: 0.4094 Acc: 0.5390 F1: 0.4576
Epoch 10: Time: 0.6881 Cost: 23.6993 Pre: 0.5379 Re: 0.4640 Acc: 0.5560 F1: 0.4983


--------------------------------------------------------------------
Eval results: Cost:23.2464 Pre:0.5379 Re:0.4239 Acc:0.5667 F1:0.4741
--------------------------------------------------------------------

Epoch 11: Time: 0.6466 Cost: 23.0235 Pre: 0.5817 Re: 0.5813 Acc: 0.6025 F1: 0.5815
Epoch 12: Time: 0.7004 Cost: 21.4583 Pre: 0.6411 Re: 0.6964 Acc: 0.6705 F1: 0.6676
Epoch 13: Time: 0.6605 Cost: 18.9909 Pre: 0.6930 Re: 0.7583 Acc: 0.7256 F1: 0.7241
Epoch 14: Time: 0.6363 Cost: 16.2203 Pre: 0.7411 Re: 0.8281 Acc: 0.7809 F1: 0.7822
Epoch 15: Time: 0.7310 Cost: 13.1459 Pre: 0.7816 Re: 0.8986 Acc: 0.8325 F1: 0.8360
Epoch 16: Time: 0.7334 Cost: 11.2742 Pre: 0.7951 Re: 0.9518 Acc: 0.8606 F1: 0.8664
Epoch 17: Time: 0.6342 Cost: 10.1373 Pre: 0.8181 Re: 0.9741 Acc: 0.8848 F1: 0.8893
Epoch 18: Time: 0.6325 Cost: 9.4286 Pre: 0.8246 Re: 0.9806 Acc: 0.8917 F1: 0.8958
Epoch 19: Time: 0.6358 Cost: 8.6951 Pre: 0.8467 Re: 0.9892 Acc: 0.9098 F1: 0.9124
Epoch 20: Time: 0.6327 Cost: 8.2320 Pre: 0.8497 Re: 0.9885 Acc: 0.9115 F1: 0.9139


--------------------------------------------------------------------
Eval results: Cost:7.0150 Pre:0.8896 Re:0.9746 Acc:0.9326 F1:0.9302
--------------------------------------------------------------------

Epoch 21: Time: 0.6363 Cost: 7.8473 Pre: 0.8563 Re: 0.9950 Acc: 0.9183 F1: 0.9205
Epoch 22: Time: 0.6302 Cost: 7.5003 Pre: 0.8623 Re: 0.9957 Acc: 0.9224 F1: 0.9242
Epoch 23: Time: 0.6364 Cost: 7.2635 Pre: 0.8651 Re: 0.9964 Acc: 0.9245 F1: 0.9261
Epoch 24: Time: 0.6343 Cost: 6.9580 Pre: 0.8726 Re: 0.9950 Acc: 0.9286 F1: 0.9297
Epoch 25: Time: 0.6357 Cost: 6.6909 Pre: 0.8800 Re: 0.9971 Acc: 0.9340 F1: 0.9349
Epoch 26: Time: 0.6366 Cost: 6.4670 Pre: 0.8841 Re: 0.9986 Acc: 0.9371 F1: 0.9378
Epoch 27: Time: 0.6487 Cost: 6.2025 Pre: 0.8932 Re: 0.9986 Acc: 0.9426 F1: 0.9429
Epoch 28: Time: 0.6415 Cost: 5.9966 Pre: 0.8977 Re: 0.9978 Acc: 0.9450 F1: 0.9451
Epoch 29: Time: 0.6400 Cost: 5.7455 Pre: 0.9037 Re: 0.9993 Acc: 0.9491 F1: 0.9491
Epoch 30: Time: 0.6334 Cost: 5.5556 Pre: 0.9055 Re: 0.9993 Acc: 0.9501 F1: 0.9501


--------------------------------------------------------------------
Eval results: Cost:4.3608 Pre:0.9267 Re:1.0000 Acc:0.9635 F1:0.9620
--------------------------------------------------------------------

Epoch 31: Time: 0.6385 Cost: 5.3111 Pre: 0.9127 Re: 1.0000 Acc: 0.9545 F1: 0.9543
Epoch 32: Time: 0.6522 Cost: 5.1386 Pre: 0.9151 Re: 1.0000 Acc: 0.9559 F1: 0.9557
Epoch 33: Time: 0.6388 Cost: 4.9836 Pre: 0.9187 Re: 1.0000 Acc: 0.9580 F1: 0.9576
Epoch 34: Time: 0.6324 Cost: 4.8103 Pre: 0.9193 Re: 1.0000 Acc: 0.9583 F1: 0.9580
Epoch 35: Time: 0.6383 Cost: 4.6675 Pre: 0.9218 Re: 1.0000 Acc: 0.9597 F1: 0.9593
Epoch 36: Time: 0.6378 Cost: 4.5220 Pre: 0.9224 Re: 1.0000 Acc: 0.9600 F1: 0.9596
Epoch 37: Time: 0.6362 Cost: 4.3998 Pre: 0.9224 Re: 1.0000 Acc: 0.9600 F1: 0.9596
Epoch 38: Time: 0.6384 Cost: 4.2772 Pre: 0.9224 Re: 1.0000 Acc: 0.9600 F1: 0.9596
Epoch 39: Time: 0.6392 Cost: 4.1728 Pre: 0.9224 Re: 1.0000 Acc: 0.9600 F1: 0.9596
Epoch 40: Time: 0.6343 Cost: 4.0685 Pre: 0.9224 Re: 1.0000 Acc: 0.9600 F1: 0.9596


--------------------------------------------------------------------
Eval results: Cost:3.1699 Pre:0.9477 Re:1.0000 Acc:0.9746 F1:0.9731
--------------------------------------------------------------------

Epoch 41: Time: 0.6513 Cost: 3.9820 Pre: 0.9224 Re: 1.0000 Acc: 0.9600 F1: 0.9596
Epoch 42: Time: 0.6441 Cost: 3.8865 Pre: 0.9224 Re: 1.0000 Acc: 0.9600 F1: 0.9596
Epoch 43: Time: 0.6419 Cost: 3.8073 Pre: 0.9224 Re: 1.0000 Acc: 0.9600 F1: 0.9596
Epoch 44: Time: 0.6307 Cost: 3.7298 Pre: 0.9224 Re: 1.0000 Acc: 0.9600 F1: 0.9596
Epoch 45: Time: 0.6374 Cost: 3.6578 Pre: 0.9224 Re: 1.0000 Acc: 0.9600 F1: 0.9596
Epoch 46: Time: 0.6371 Cost: 3.5883 Pre: 0.9224 Re: 1.0000 Acc: 0.9600 F1: 0.9596
Epoch 47: Time: 0.6564 Cost: 3.5220 Pre: 0.9224 Re: 1.0000 Acc: 0.9600 F1: 0.9596
Epoch 48: Time: 0.6352 Cost: 3.4575 Pre: 0.9224 Re: 1.0000 Acc: 0.9600 F1: 0.9596
Epoch 49: Time: 0.6369 Cost: 3.3953 Pre: 0.9224 Re: 1.0000 Acc: 0.9600 F1: 0.9596
Epoch 50: Time: 0.6371 Cost: 3.3349 Pre: 0.9224 Re: 1.0000 Acc: 0.9600 F1: 0.9596


--------------------------------------------------------------------
Eval results: Cost:2.6342 Pre:0.9477 Re:1.0000 Acc:0.9746 F1:0.9731
--------------------------------------------------------------------

Epoch 51: Time: 0.6336 Cost: 3.2797 Pre: 0.9224 Re: 1.0000 Acc: 0.9600 F1: 0.9596
Epoch 52: Time: 0.6389 Cost: 3.2229 Pre: 0.9224 Re: 1.0000 Acc: 0.9600 F1: 0.9596
Epoch 53: Time: 0.6411 Cost: 3.1714 Pre: 0.9224 Re: 1.0000 Acc: 0.9600 F1: 0.9596
Epoch 54: Time: 0.6350 Cost: 3.1256 Pre: 0.9224 Re: 1.0000 Acc: 0.9600 F1: 0.9596
Epoch 55: Time: 0.6527 Cost: 3.0806 Pre: 0.9224 Re: 1.0000 Acc: 0.9600 F1: 0.9596
Epoch 56: Time: 0.6418 Cost: 3.0410 Pre: 0.9224 Re: 1.0000 Acc: 0.9600 F1: 0.9596
Epoch 57: Time: 0.6336 Cost: 3.0024 Pre: 0.9224 Re: 1.0000 Acc: 0.9600 F1: 0.9596
Epoch 58: Time: 0.6471 Cost: 2.9681 Pre: 0.9224 Re: 1.0000 Acc: 0.9600 F1: 0.9596
Epoch 59: Time: 0.6351 Cost: 2.9351 Pre: 0.9224 Re: 1.0000 Acc: 0.9600 F1: 0.9596
Epoch 60: Time: 0.9479 Cost: 2.9052 Pre: 0.9224 Re: 1.0000 Acc: 0.9600 F1: 0.9596


--------------------------------------------------------------------
Eval results: Cost:2.3082 Pre:0.9477 Re:1.0000 Acc:0.9746 F1:0.9731
--------------------------------------------------------------------

Epoch 61: Time: 0.6743 Cost: 2.8778 Pre: 0.9224 Re: 1.0000 Acc: 0.9600 F1: 0.9596
Epoch 62: Time: 0.6843 Cost: 2.8514 Pre: 0.9224 Re: 1.0000 Acc: 0.9600 F1: 0.9596
Epoch 63: Time: 0.6938 Cost: 2.8265 Pre: 0.9224 Re: 1.0000 Acc: 0.9600 F1: 0.9596
Epoch 64: Time: 0.7419 Cost: 2.8050 Pre: 0.9224 Re: 1.0000 Acc: 0.9600 F1: 0.9596
Epoch 65: Time: 0.7821 Cost: 2.7839 Pre: 0.9224 Re: 1.0000 Acc: 0.9600 F1: 0.9596
Epoch 66: Time: 0.7003 Cost: 2.7651 Pre: 0.9224 Re: 1.0000 Acc: 0.9600 F1: 0.9596
Epoch 67: Time: 0.7271 Cost: 2.7473 Pre: 0.9224 Re: 1.0000 Acc: 0.9600 F1: 0.9596
Epoch 68: Time: 0.8060 Cost: 2.7311 Pre: 0.9224 Re: 1.0000 Acc: 0.9600 F1: 0.9596
Epoch 69: Time: 0.7282 Cost: 2.7160 Pre: 0.9224 Re: 1.0000 Acc: 0.9600 F1: 0.9596
Epoch 70: Time: 0.6427 Cost: 2.7021 Pre: 0.9224 Re: 1.0000 Acc: 0.9600 F1: 0.9596


--------------------------------------------------------------------
Eval results: Cost:2.1425 Pre:0.9477 Re:1.0000 Acc:0.9746 F1:0.9731
--------------------------------------------------------------------

Epoch 71: Time: 0.6365 Cost: 2.6895 Pre: 0.9224 Re: 1.0000 Acc: 0.9600 F1: 0.9596
Epoch 72: Time: 0.6358 Cost: 2.6774 Pre: 0.9224 Re: 1.0000 Acc: 0.9600 F1: 0.9596
Epoch 73: Time: 0.6797 Cost: 2.6663 Pre: 0.9224 Re: 1.0000 Acc: 0.9600 F1: 0.9596
Epoch 74: Time: 0.6366 Cost: 2.6564 Pre: 0.9224 Re: 1.0000 Acc: 0.9600 F1: 0.9596
Epoch 75: Time: 0.6367 Cost: 2.6469 Pre: 0.9224 Re: 1.0000 Acc: 0.9600 F1: 0.9596
Epoch 76: Time: 0.6402 Cost: 2.6384 Pre: 0.9224 Re: 1.0000 Acc: 0.9600 F1: 0.9596
Epoch 77: Time: 0.6358 Cost: 2.6304 Pre: 0.9224 Re: 1.0000 Acc: 0.9600 F1: 0.9596
Epoch 78: Time: 0.6382 Cost: 2.6231 Pre: 0.9224 Re: 1.0000 Acc: 0.9600 F1: 0.9596
Epoch 79: Time: 0.6629 Cost: 2.6163 Pre: 0.9224 Re: 1.0000 Acc: 0.9600 F1: 0.9596
Epoch 80: Time: 0.7077 Cost: 2.6100 Pre: 0.9224 Re: 1.0000 Acc: 0.9600 F1: 0.9596


--------------------------------------------------------------------
Eval results: Cost:2.0617 Pre:0.9477 Re:1.0000 Acc:0.9746 F1:0.9731
--------------------------------------------------------------------

Epoch 81: Time: 0.6371 Cost: 2.6043 Pre: 0.9224 Re: 1.0000 Acc: 0.9600 F1: 0.9596
Epoch 82: Time: 0.6527 Cost: 2.5988 Pre: 0.9224 Re: 1.0000 Acc: 0.9600 F1: 0.9596
Epoch 83: Time: 0.6458 Cost: 2.5937 Pre: 0.9224 Re: 1.0000 Acc: 0.9600 F1: 0.9596
Epoch 84: Time: 0.6539 Cost: 2.5891 Pre: 0.9224 Re: 1.0000 Acc: 0.9600 F1: 0.9596
Epoch 85: Time: 0.6419 Cost: 2.5847 Pre: 0.9224 Re: 1.0000 Acc: 0.9600 F1: 0.9596
Epoch 86: Time: 0.6375 Cost: 2.5806 Pre: 0.9224 Re: 1.0000 Acc: 0.9600 F1: 0.9596
Epoch 87: Time: 0.6470 Cost: 2.5768 Pre: 0.9224 Re: 1.0000 Acc: 0.9600 F1: 0.9596
Epoch 88: Time: 0.6528 Cost: 2.5733 Pre: 0.9224 Re: 1.0000 Acc: 0.9600 F1: 0.9596
Epoch 89: Time: 0.6358 Cost: 2.5700 Pre: 0.9224 Re: 1.0000 Acc: 0.9600 F1: 0.9596
Epoch 90: Time: 0.6351 Cost: 2.5669 Pre: 0.9224 Re: 1.0000 Acc: 0.9600 F1: 0.9596


--------------------------------------------------------------------
Eval results: Cost:2.0217 Pre:0.9477 Re:1.0000 Acc:0.9746 F1:0.9731
--------------------------------------------------------------------

Epoch 91: Time: 0.6379 Cost: 2.5639 Pre: 0.9224 Re: 1.0000 Acc: 0.9600 F1: 0.9596
Epoch 92: Time: 0.6838 Cost: 2.5612 Pre: 0.9224 Re: 1.0000 Acc: 0.9600 F1: 0.9596
Epoch 93: Time: 0.7688 Cost: 2.5587 Pre: 0.9224 Re: 1.0000 Acc: 0.9600 F1: 0.9596
Epoch 94: Time: 0.6379 Cost: 2.5562 Pre: 0.9224 Re: 1.0000 Acc: 0.9600 F1: 0.9596
Epoch 95: Time: 0.6331 Cost: 2.5539 Pre: 0.9224 Re: 1.0000 Acc: 0.9600 F1: 0.9596
Epoch 96: Time: 0.6505 Cost: 2.5516 Pre: 0.9224 Re: 1.0000 Acc: 0.9600 F1: 0.9596
Epoch 97: Time: 0.6384 Cost: 2.5495 Pre: 0.9224 Re: 1.0000 Acc: 0.9600 F1: 0.9596
Epoch 98: Time: 0.6363 Cost: 2.5474 Pre: 0.9224 Re: 1.0000 Acc: 0.9600 F1: 0.9596
Epoch 99: Time: 0.6405 Cost: 2.5454 Pre: 0.9224 Re: 1.0000 Acc: 0.9600 F1: 0.9596
Epoch 100: Time: 0.6334 Cost: 2.5435 Pre: 0.9224 Re: 1.0000 Acc: 0.9600 F1: 0.9596


--------------------------------------------------------------------
Eval results: Cost:2.0008 Pre:0.9477 Re:1.0000 Acc:0.9746 F1:0.9731
--------------------------------------------------------------------

Epoch 101: Time: 0.6367 Cost: 2.5419 Pre: 0.9224 Re: 1.0000 Acc: 0.9600 F1: 0.9596
Epoch 102: Time: 0.6339 Cost: 2.5400 Pre: 0.9224 Re: 1.0000 Acc: 0.9600 F1: 0.9596
Epoch 103: Time: 0.6365 Cost: 2.5384 Pre: 0.9224 Re: 1.0000 Acc: 0.9600 F1: 0.9596
Epoch 104: Time: 0.6357 Cost: 2.5368 Pre: 0.9224 Re: 1.0000 Acc: 0.9600 F1: 0.9596
Epoch 105: Time: 0.6338 Cost: 2.5354 Pre: 0.9224 Re: 1.0000 Acc: 0.9600 F1: 0.9596
Epoch 106: Time: 0.6358 Cost: 2.5340 Pre: 0.9224 Re: 1.0000 Acc: 0.9600 F1: 0.9596
Epoch 107: Time: 0.6357 Cost: 2.5327 Pre: 0.9224 Re: 1.0000 Acc: 0.9600 F1: 0.9596
Epoch 108: Time: 0.6338 Cost: 2.5314 Pre: 0.9224 Re: 1.0000 Acc: 0.9600 F1: 0.9596
Epoch 109: Time: 0.6378 Cost: 2.5302 Pre: 0.9224 Re: 1.0000 Acc: 0.9600 F1: 0.9596
Epoch 110: Time: 0.6345 Cost: 2.5289 Pre: 0.9224 Re: 1.0000 Acc: 0.9600 F1: 0.9596


--------------------------------------------------------------------
Eval results: Cost:1.9881 Pre:0.9477 Re:1.0000 Acc:0.9746 F1:0.9731
--------------------------------------------------------------------

Epoch 111: Time: 0.6389 Cost: 2.5279 Pre: 0.9224 Re: 1.0000 Acc: 0.9600 F1: 0.9596
Epoch 112: Time: 0.6376 Cost: 2.5266 Pre: 0.9224 Re: 1.0000 Acc: 0.9600 F1: 0.9596
Epoch 113: Time: 0.6425 Cost: 2.5255 Pre: 0.9224 Re: 1.0000 Acc: 0.9600 F1: 0.9596
Epoch 114: Time: 0.6362 Cost: 2.5243 Pre: 0.9224 Re: 1.0000 Acc: 0.9600 F1: 0.9596
Epoch 115: Time: 0.6373 Cost: 2.5232 Pre: 0.9224 Re: 1.0000 Acc: 0.9600 F1: 0.9596
Epoch 116: Time: 0.6418 Cost: 2.5222 Pre: 0.9224 Re: 1.0000 Acc: 0.9600 F1: 0.9596
Epoch 117: Time: 0.6331 Cost: 2.5211 Pre: 0.9224 Re: 1.0000 Acc: 0.9600 F1: 0.9596
Epoch 118: Time: 0.6379 Cost: 2.5201 Pre: 0.9224 Re: 1.0000 Acc: 0.9600 F1: 0.9596
Epoch 119: Time: 0.6389 Cost: 2.5190 Pre: 0.9224 Re: 1.0000 Acc: 0.9600 F1: 0.9596
Epoch 120: Time: 0.6373 Cost: 2.5180 Pre: 0.9224 Re: 1.0000 Acc: 0.9600 F1: 0.9596


--------------------------------------------------------------------
Eval results: Cost:1.9790 Pre:0.9477 Re:1.0000 Acc:0.9746 F1:0.9731
--------------------------------------------------------------------

Epoch 121: Time: 0.6347 Cost: 2.5173 Pre: 0.9224 Re: 1.0000 Acc: 0.9600 F1: 0.9596
Epoch 122: Time: 0.6345 Cost: 2.5163 Pre: 0.9224 Re: 1.0000 Acc: 0.9600 F1: 0.9596
Epoch 123: Time: 0.6373 Cost: 2.5152 Pre: 0.9224 Re: 1.0000 Acc: 0.9600 F1: 0.9596
Epoch 124: Time: 0.6342 Cost: 2.5141 Pre: 0.9224 Re: 1.0000 Acc: 0.9600 F1: 0.9596
Epoch 125: Time: 0.6495 Cost: 2.5136 Pre: 0.9224 Re: 1.0000 Acc: 0.9600 F1: 0.9596
Epoch 126: Time: 0.6397 Cost: 2.5133 Pre: 0.9224 Re: 1.0000 Acc: 0.9600 F1: 0.9596
Epoch 127: Time: 0.6436 Cost: 2.5118 Pre: 0.9224 Re: 1.0000 Acc: 0.9600 F1: 0.9596
Epoch 128: Time: 0.6455 Cost: 2.5107 Pre: 0.9224 Re: 1.0000 Acc: 0.9600 F1: 0.9596
Epoch 129: Time: 0.6348 Cost: 2.5113 Pre: 0.9224 Re: 1.0000 Acc: 0.9600 F1: 0.9596
Epoch 130: Time: 0.6318 Cost: 2.5108 Pre: 0.9224 Re: 1.0000 Acc: 0.9600 F1: 0.9596


--------------------------------------------------------------------
Eval results: Cost:1.9709 Pre:0.9477 Re:1.0000 Acc:0.9746 F1:0.9731
--------------------------------------------------------------------

Epoch 131: Time: 0.6473 Cost: 2.5096 Pre: 0.9224 Re: 1.0000 Acc: 0.9600 F1: 0.9596
Epoch 132: Time: 0.6413 Cost: 2.5105 Pre: 0.9224 Re: 1.0000 Acc: 0.9600 F1: 0.9596
Epoch 133: Time: 0.6394 Cost: 2.5094 Pre: 0.9224 Re: 1.0000 Acc: 0.9600 F1: 0.9596
Epoch 134: Time: 0.6389 Cost: 2.5086 Pre: 0.9224 Re: 1.0000 Acc: 0.9600 F1: 0.9596
Epoch 135: Time: 0.6385 Cost: 2.5082 Pre: 0.9224 Re: 1.0000 Acc: 0.9600 F1: 0.9596
Epoch 136: Time: 0.6385 Cost: 2.5070 Pre: 0.9224 Re: 1.0000 Acc: 0.9600 F1: 0.9596
Epoch 137: Time: 0.6376 Cost: 2.5073 Pre: 0.9224 Re: 1.0000 Acc: 0.9600 F1: 0.9596
Epoch 138: Time: 0.6411 Cost: 2.5062 Pre: 0.9224 Re: 1.0000 Acc: 0.9600 F1: 0.9596
Epoch 139: Time: 0.6397 Cost: 2.5082 Pre: 0.9224 Re: 1.0000 Acc: 0.9600 F1: 0.9596
Epoch 140: Time: 0.6505 Cost: 2.5055 Pre: 0.9224 Re: 1.0000 Acc: 0.9600 F1: 0.9596


--------------------------------------------------------------------
Eval results: Cost:1.9817 Pre:0.9477 Re:1.0000 Acc:0.9746 F1:0.9731
--------------------------------------------------------------------

Epoch 141: Time: 0.6444 Cost: 2.5042 Pre: 0.9224 Re: 1.0000 Acc: 0.9600 F1: 0.9596
Epoch 142: Time: 0.6398 Cost: 2.5032 Pre: 0.9224 Re: 1.0000 Acc: 0.9600 F1: 0.9596
Epoch 143: Time: 0.6386 Cost: 2.5051 Pre: 0.9224 Re: 1.0000 Acc: 0.9600 F1: 0.9596
Epoch 144: Time: 0.9038 Cost: 2.5026 Pre: 0.9224 Re: 1.0000 Acc: 0.9600 F1: 0.9596
Epoch 145: Time: 0.7794 Cost: 2.5038 Pre: 0.9224 Re: 1.0000 Acc: 0.9600 F1: 0.9596
Epoch 146: Time: 0.6515 Cost: 2.5020 Pre: 0.9224 Re: 1.0000 Acc: 0.9600 F1: 0.9596
Epoch 147: Time: 0.6402 Cost: 2.5029 Pre: 0.9224 Re: 1.0000 Acc: 0.9600 F1: 0.9596
Epoch 148: Time: 0.6391 Cost: 2.5011 Pre: 0.9224 Re: 1.0000 Acc: 0.9600 F1: 0.9596
Epoch 149: Time: 0.6384 Cost: 2.5020 Pre: 0.9224 Re: 1.0000 Acc: 0.9600 F1: 0.9596
Epoch 150: Time: 0.6426 Cost: 2.5003 Pre: 0.9224 Re: 1.0000 Acc: 0.9600 F1: 0.9596


--------------------------------------------------------------------
Eval results: Cost:1.9815 Pre:0.9477 Re:1.0000 Acc:0.9746 F1:0.9731
--------------------------------------------------------------------

Epoch 151: Time: 0.6396 Cost: 2.4997 Pre: 0.9224 Re: 1.0000 Acc: 0.9600 F1: 0.9596
Epoch 152: Time: 0.6323 Cost: 2.4983 Pre: 0.9224 Re: 1.0000 Acc: 0.9600 F1: 0.9596
Epoch 153: Time: 0.6515 Cost: 2.4996 Pre: 0.9224 Re: 1.0000 Acc: 0.9600 F1: 0.9596
Epoch 154: Time: 0.6413 Cost: 2.4981 Pre: 0.9224 Re: 1.0000 Acc: 0.9600 F1: 0.9596
Epoch 155: Time: 0.6413 Cost: 2.4989 Pre: 0.9224 Re: 1.0000 Acc: 0.9600 F1: 0.9596
Epoch 156: Time: 0.6377 Cost: 2.4971 Pre: 0.9224 Re: 1.0000 Acc: 0.9600 F1: 0.9596
Epoch 157: Time: 0.6343 Cost: 2.4970 Pre: 0.9224 Re: 1.0000 Acc: 0.9600 F1: 0.9596
Epoch 158: Time: 0.6334 Cost: 2.4950 Pre: 0.9224 Re: 1.0000 Acc: 0.9600 F1: 0.9596
Epoch 159: Time: 0.6368 Cost: 2.4947 Pre: 0.9224 Re: 1.0000 Acc: 0.9600 F1: 0.9596
Epoch 160: Time: 0.6339 Cost: 2.4932 Pre: 0.9224 Re: 1.0000 Acc: 0.9600 F1: 0.9596


--------------------------------------------------------------------
Eval results: Cost:1.9627 Pre:0.9477 Re:1.0000 Acc:0.9746 F1:0.9731
--------------------------------------------------------------------

Epoch 161: Time: 0.6383 Cost: 2.4933 Pre: 0.9224 Re: 1.0000 Acc: 0.9600 F1: 0.9596
Epoch 162: Time: 0.6343 Cost: 2.4919 Pre: 0.9224 Re: 1.0000 Acc: 0.9600 F1: 0.9596
Epoch 163: Time: 0.6391 Cost: 2.4912 Pre: 0.9224 Re: 1.0000 Acc: 0.9600 F1: 0.9596
Epoch 164: Time: 0.6382 Cost: 2.4903 Pre: 0.9224 Re: 1.0000 Acc: 0.9600 F1: 0.9596
Epoch 165: Time: 0.6354 Cost: 2.4896 Pre: 0.9224 Re: 1.0000 Acc: 0.9600 F1: 0.9596
Epoch 166: Time: 0.6414 Cost: 2.4887 Pre: 0.9224 Re: 1.0000 Acc: 0.9600 F1: 0.9596
Epoch 167: Time: 0.6394 Cost: 2.4881 Pre: 0.9224 Re: 1.0000 Acc: 0.9600 F1: 0.9596
Epoch 168: Time: 0.6527 Cost: 2.4873 Pre: 0.9224 Re: 1.0000 Acc: 0.9600 F1: 0.9596
Epoch 169: Time: 0.6397 Cost: 2.4867 Pre: 0.9224 Re: 1.0000 Acc: 0.9600 F1: 0.9596
Epoch 170: Time: 0.6414 Cost: 2.4860 Pre: 0.9224 Re: 1.0000 Acc: 0.9600 F1: 0.9596


--------------------------------------------------------------------
Eval results: Cost:1.9689 Pre:0.9463 Re:1.0000 Acc:0.9739 F1:0.9724
--------------------------------------------------------------------

Epoch 171: Time: 0.6356 Cost: 2.4882 Pre: 0.9224 Re: 1.0000 Acc: 0.9600 F1: 0.9596
Epoch 172: Time: 0.6332 Cost: 2.4859 Pre: 0.9224 Re: 1.0000 Acc: 0.9600 F1: 0.9596
Epoch 173: Time: 0.6592 Cost: 2.4847 Pre: 0.9224 Re: 1.0000 Acc: 0.9600 F1: 0.9596
Epoch 174: Time: 0.6336 Cost: 2.4839 Pre: 0.9224 Re: 1.0000 Acc: 0.9600 F1: 0.9596
Epoch 175: Time: 0.6326 Cost: 2.4832 Pre: 0.9224 Re: 1.0000 Acc: 0.9600 F1: 0.9596
Epoch 176: Time: 0.6371 Cost: 2.4825 Pre: 0.9224 Re: 1.0000 Acc: 0.9600 F1: 0.9596
Epoch 177: Time: 0.6336 Cost: 2.4819 Pre: 0.9224 Re: 1.0000 Acc: 0.9600 F1: 0.9596
Epoch 178: Time: 0.6355 Cost: 2.4813 Pre: 0.9224 Re: 1.0000 Acc: 0.9600 F1: 0.9596
Epoch 179: Time: 0.6349 Cost: 2.4808 Pre: 0.9224 Re: 1.0000 Acc: 0.9600 F1: 0.9596
Epoch 180: Time: 0.6329 Cost: 2.4803 Pre: 0.9224 Re: 1.0000 Acc: 0.9600 F1: 0.9596


--------------------------------------------------------------------
Eval results: Cost:1.9660 Pre:0.9463 Re:1.0000 Acc:0.9739 F1:0.9724
--------------------------------------------------------------------

Epoch 181: Time: 0.6374 Cost: 2.4820 Pre: 0.9224 Re: 1.0000 Acc: 0.9600 F1: 0.9596
Epoch 182: Time: 0.6540 Cost: 2.4810 Pre: 0.9224 Re: 1.0000 Acc: 0.9600 F1: 0.9596
Epoch 183: Time: 0.6416 Cost: 2.4802 Pre: 0.9224 Re: 1.0000 Acc: 0.9600 F1: 0.9596
Epoch 184: Time: 0.6443 Cost: 2.4794 Pre: 0.9224 Re: 1.0000 Acc: 0.9600 F1: 0.9596
Epoch 185: Time: 0.6383 Cost: 2.4784 Pre: 0.9224 Re: 1.0000 Acc: 0.9600 F1: 0.9596
Epoch 186: Time: 0.6365 Cost: 2.4773 Pre: 0.9224 Re: 1.0000 Acc: 0.9600 F1: 0.9596
Epoch 187: Time: 0.8105 Cost: 2.4759 Pre: 0.9224 Re: 1.0000 Acc: 0.9600 F1: 0.9596
Epoch 188: Time: 0.6458 Cost: 2.4746 Pre: 0.9224 Re: 1.0000 Acc: 0.9600 F1: 0.9596
Epoch 189: Time: 0.6398 Cost: 2.4732 Pre: 0.9224 Re: 1.0000 Acc: 0.9600 F1: 0.9596
Epoch 190: Time: 0.6393 Cost: 2.4719 Pre: 0.9224 Re: 1.0000 Acc: 0.9600 F1: 0.9596


--------------------------------------------------------------------
Eval results: Cost:2.0017 Pre:0.9450 Re:1.0000 Acc:0.9732 F1:0.9717
--------------------------------------------------------------------

Early stopping...
--------------------------------------------------------------------
--------------------------------------------------------------------
Test 4332 samples take time: 2.7583
FP id:
[  65  127  164  167  176  185  193  263  265  268  269  275  323  352  353
  394  408  411  465  483  533  540  578  580  609  631  696  731  736  752
  769  773  804  847  889  907  933  945 1023 1033 1053 1130 1142 1193 1203
 1236 1374 1404 1550 1566 1576 1610 1620 1624 1638 1644 1657 1740 1750 1804
 1819 1832 1837 1889 1943 1947 1954 1974 2069 2089 2164 2193 2278 2330 2342
 2352 2354 2359 2381 2405 2484 2531 2544 2582 2631 2681 2703 2719 2740 2782
 2819 2841 2932 2981 3066 3076 3147 3149 3183 3205 3252 3344 3369 3414 3421
 3453 3465 3613 3652 3709 3840 3885 3912 3952 3974 4008 4070 4131 4231 4290]
Test results: Cost:2.0374 Pre:0.9429 Re:1.0000 Acc:0.9723 F1:0.9706
--------------------------------------------------------------------

