16768
16562
16206
16632
16380
16425
Load data
RNN type: O2 Grammar: g3 Seed: 10
Model total parameters: 200
Saving hinit ... 

Epoch 0: Time: 0.2114 Cost: 25.2138 Pre: 0.2326 Re: 0.0216 Acc: 0.5014 F1: 0.0395


--------------------------------------------------------------------
Eval results: Cost:24.5906 Pre:1.0000 Re:0.0015 Acc:0.5399 F1:0.0030
--------------------------------------------------------------------

Epoch 1: Time: 0.1160 Cost: 24.4154 Pre: 0.6000 Re: 0.1964 Acc: 0.5560 F1: 0.2959
Epoch 2: Time: 0.1173 Cost: 23.8947 Pre: 0.5877 Re: 0.3446 Acc: 0.5738 F1: 0.4345
Epoch 3: Time: 0.1168 Cost: 23.4663 Pre: 0.5887 Re: 0.3460 Acc: 0.5745 F1: 0.4359
Epoch 4: Time: 0.1144 Cost: 23.0739 Pre: 0.5937 Re: 0.3942 Acc: 0.5841 F1: 0.4738
Epoch 5: Time: 0.1162 Cost: 22.7149 Pre: 0.6049 Re: 0.5453 Acc: 0.6148 F1: 0.5736
Epoch 6: Time: 0.1151 Cost: 22.3991 Pre: 0.6217 Re: 0.6194 Acc: 0.6401 F1: 0.6205
Epoch 7: Time: 0.1215 Cost: 22.1278 Pre: 0.6225 Re: 0.7036 Acc: 0.6565 F1: 0.6606
Epoch 8: Time: 0.1160 Cost: 21.8918 Pre: 0.6274 Re: 0.7655 Acc: 0.6726 F1: 0.6896
Epoch 9: Time: 0.1191 Cost: 21.6773 Pre: 0.6276 Re: 0.7662 Acc: 0.6729 F1: 0.6900
Epoch 10: Time: 0.1169 Cost: 21.4716 Pre: 0.6279 Re: 0.7647 Acc: 0.6729 F1: 0.6896


--------------------------------------------------------------------
Eval results: Cost:21.6881 Pre:0.6071 Re:0.7657 Acc:0.6637 F1:0.6772
--------------------------------------------------------------------

Epoch 11: Time: 0.1301 Cost: 21.2671 Pre: 0.6415 Re: 0.7827 Acc: 0.6890 F1: 0.7051
Epoch 12: Time: 0.3284 Cost: 21.0595 Pre: 0.6453 Re: 0.7957 Acc: 0.6951 F1: 0.7126
Epoch 13: Time: 0.5323 Cost: 20.8412 Pre: 0.6488 Re: 0.8029 Acc: 0.6999 F1: 0.7177
Epoch 14: Time: 0.1359 Cost: 20.6189 Pre: 0.6510 Re: 0.8065 Acc: 0.7027 F1: 0.7204
Epoch 15: Time: 0.1217 Cost: 20.4025 Pre: 0.6510 Re: 0.8065 Acc: 0.7027 F1: 0.7204
Epoch 16: Time: 0.1209 Cost: 20.2012 Pre: 0.6510 Re: 0.8065 Acc: 0.7027 F1: 0.7204
Epoch 17: Time: 0.1510 Cost: 20.0200 Pre: 0.6510 Re: 0.8065 Acc: 0.7027 F1: 0.7204
Epoch 18: Time: 0.1693 Cost: 19.8575 Pre: 0.6510 Re: 0.8065 Acc: 0.7027 F1: 0.7204
Epoch 19: Time: 0.1613 Cost: 19.7087 Pre: 0.6513 Re: 0.8022 Acc: 0.7020 F1: 0.7189
Epoch 20: Time: 0.1186 Cost: 19.5687 Pre: 0.6852 Re: 0.7799 Acc: 0.7252 F1: 0.7295


--------------------------------------------------------------------
Eval results: Cost:20.0200 Pre:0.6563 Re:0.7866 Acc:0.7118 F1:0.7155
--------------------------------------------------------------------

Epoch 21: Time: 0.1157 Cost: 19.4359 Pre: 0.6968 Re: 0.7705 Acc: 0.7317 F1: 0.7318
Epoch 22: Time: 0.1223 Cost: 19.3099 Pre: 0.6983 Re: 0.7676 Acc: 0.7321 F1: 0.7313
Epoch 23: Time: 0.1184 Cost: 19.1807 Pre: 0.6983 Re: 0.7676 Acc: 0.7321 F1: 0.7313
Epoch 24: Time: 0.1195 Cost: 19.0491 Pre: 0.6983 Re: 0.7676 Acc: 0.7321 F1: 0.7313
Epoch 25: Time: 0.1149 Cost: 18.9148 Pre: 0.6983 Re: 0.7676 Acc: 0.7321 F1: 0.7313
Epoch 26: Time: 0.1231 Cost: 18.7760 Pre: 0.6983 Re: 0.7676 Acc: 0.7321 F1: 0.7313
Epoch 27: Time: 0.1173 Cost: 18.6303 Pre: 0.6983 Re: 0.7676 Acc: 0.7321 F1: 0.7313
Epoch 28: Time: 0.1183 Cost: 18.4739 Pre: 0.6983 Re: 0.7676 Acc: 0.7321 F1: 0.7313
Epoch 29: Time: 0.1152 Cost: 18.3018 Pre: 0.7032 Re: 0.7655 Acc: 0.7351 F1: 0.7330
Epoch 30: Time: 0.1148 Cost: 18.1072 Pre: 0.7231 Re: 0.7554 Acc: 0.7464 F1: 0.7389


--------------------------------------------------------------------
Eval results: Cost:18.5871 Pre:0.6901 Re:0.7612 Acc:0.7325 F1:0.7239
--------------------------------------------------------------------

Epoch 31: Time: 0.1158 Cost: 17.8863 Pre: 0.7242 Re: 0.7482 Acc: 0.7450 F1: 0.7360
Epoch 32: Time: 0.1183 Cost: 17.6344 Pre: 0.7259 Re: 0.7489 Acc: 0.7464 F1: 0.7373
Epoch 33: Time: 0.1213 Cost: 17.3374 Pre: 0.7285 Re: 0.7489 Acc: 0.7481 F1: 0.7386
Epoch 34: Time: 0.1179 Cost: 17.0082 Pre: 0.7364 Re: 0.7475 Acc: 0.7529 F1: 0.7419
Epoch 35: Time: 0.1749 Cost: 16.6641 Pre: 0.7334 Re: 0.7460 Acc: 0.7505 F1: 0.7397
Epoch 36: Time: 0.1758 Cost: 16.3119 Pre: 0.7432 Re: 0.7705 Acc: 0.7645 F1: 0.7566
Epoch 37: Time: 0.1184 Cost: 15.9461 Pre: 0.7483 Re: 0.7719 Acc: 0.7683 F1: 0.7599
Epoch 38: Time: 0.1181 Cost: 15.5532 Pre: 0.7502 Re: 0.7777 Acc: 0.7714 F1: 0.7637
Epoch 39: Time: 0.1177 Cost: 15.1158 Pre: 0.7714 Re: 0.7842 Acc: 0.7871 F1: 0.7777
Epoch 40: Time: 0.1164 Cost: 14.6161 Pre: 0.7787 Re: 0.8000 Acc: 0.7970 F1: 0.7892


--------------------------------------------------------------------
Eval results: Cost:15.1570 Pre:0.7373 Re:0.8209 Acc:0.7827 F1:0.7768
--------------------------------------------------------------------

Epoch 41: Time: 0.1185 Cost: 14.0500 Pre: 0.7907 Re: 0.8072 Acc: 0.8069 F1: 0.7989
Epoch 42: Time: 0.1176 Cost: 13.3909 Pre: 0.8042 Re: 0.8302 Acc: 0.8233 F1: 0.8170
Epoch 43: Time: 0.1176 Cost: 12.5566 Pre: 0.8184 Re: 0.8590 Acc: 0.8424 F1: 0.8382
Epoch 44: Time: 0.1186 Cost: 11.5246 Pre: 0.8449 Re: 0.8856 Acc: 0.8684 F1: 0.8648
Epoch 45: Time: 0.1205 Cost: 10.2927 Pre: 0.8759 Re: 0.9237 Acc: 0.9016 F1: 0.8992
Epoch 46: Time: 0.1153 Cost: 8.8978 Pre: 0.9065 Re: 0.9561 Acc: 0.9323 F1: 0.9307
Epoch 47: Time: 0.1205 Cost: 7.4326 Pre: 0.9335 Re: 0.9691 Acc: 0.9525 F1: 0.9509
Epoch 48: Time: 0.1148 Cost: 6.0519 Pre: 0.9565 Re: 0.9813 Acc: 0.9699 F1: 0.9688
Epoch 49: Time: 0.1168 Cost: 4.8933 Pre: 0.9703 Re: 0.9871 Acc: 0.9795 F1: 0.9786
Epoch 50: Time: 0.1188 Cost: 3.9789 Pre: 0.9815 Re: 0.9914 Acc: 0.9870 F1: 0.9864


--------------------------------------------------------------------
Eval results: Cost:3.6391 Pre:0.9766 Re:0.9955 Acc:0.9869 F1:0.9860
--------------------------------------------------------------------

Epoch 51: Time: 0.1180 Cost: 3.3003 Pre: 0.9921 Re: 0.9935 Acc: 0.9932 F1: 0.9928
Epoch 52: Time: 0.1148 Cost: 2.8161 Pre: 0.9950 Re: 0.9950 Acc: 0.9952 F1: 0.9950
Epoch 53: Time: 0.1142 Cost: 2.4133 Pre: 0.9964 Re: 0.9971 Acc: 0.9969 F1: 0.9968
Epoch 54: Time: 0.1177 Cost: 2.0846 Pre: 0.9957 Re: 0.9971 Acc: 0.9966 F1: 0.9964
Epoch 55: Time: 0.1146 Cost: 1.8178 Pre: 0.9964 Re: 0.9971 Acc: 0.9969 F1: 0.9968
Epoch 56: Time: 0.1143 Cost: 1.5978 Pre: 0.9964 Re: 0.9971 Acc: 0.9969 F1: 0.9968
Epoch 57: Time: 0.1159 Cost: 1.4141 Pre: 0.9964 Re: 0.9971 Acc: 0.9969 F1: 0.9968
Epoch 58: Time: 0.1197 Cost: 1.2590 Pre: 0.9964 Re: 0.9978 Acc: 0.9973 F1: 0.9971
Epoch 59: Time: 0.1280 Cost: 1.1271 Pre: 0.9964 Re: 0.9978 Acc: 0.9973 F1: 0.9971
Epoch 60: Time: 0.1171 Cost: 1.0143 Pre: 0.9964 Re: 0.9986 Acc: 0.9976 F1: 0.9975


--------------------------------------------------------------------
Eval results: Cost:1.0410 Pre:0.9867 Re:0.9970 Acc:0.9924 F1:0.9918
--------------------------------------------------------------------

Epoch 61: Time: 0.1226 Cost: 0.9276 Pre: 0.9964 Re: 0.9986 Acc: 0.9976 F1: 0.9975
Epoch 62: Time: 0.1220 Cost: 0.8728 Pre: 0.9964 Re: 0.9986 Acc: 0.9976 F1: 0.9975
Epoch 63: Time: 0.1152 Cost: 0.8101 Pre: 0.9971 Re: 0.9986 Acc: 0.9979 F1: 0.9978
Epoch 64: Time: 0.1185 Cost: 0.7446 Pre: 0.9971 Re: 0.9986 Acc: 0.9979 F1: 0.9978
Epoch 65: Time: 0.1149 Cost: 0.6837 Pre: 0.9978 Re: 0.9993 Acc: 0.9986 F1: 0.9986
Epoch 66: Time: 0.1188 Cost: 0.6294 Pre: 0.9978 Re: 0.9993 Acc: 0.9986 F1: 0.9986
Epoch 67: Time: 0.1150 Cost: 0.5810 Pre: 0.9993 Re: 0.9993 Acc: 0.9993 F1: 0.9993
Epoch 68: Time: 0.1163 Cost: 0.5375 Pre: 0.9993 Re: 0.9993 Acc: 0.9993 F1: 0.9993
Epoch 69: Time: 0.1149 Cost: 0.4981 Pre: 0.9993 Re: 0.9993 Acc: 0.9993 F1: 0.9993
Epoch 70: Time: 0.1157 Cost: 0.4621 Pre: 0.9993 Re: 0.9993 Acc: 0.9993 F1: 0.9993


--------------------------------------------------------------------
Eval results: Cost:0.4222 Pre:0.9985 Re:0.9985 Acc:0.9986 F1:0.9985
--------------------------------------------------------------------

Epoch 71: Time: 0.1140 Cost: 0.4310 Pre: 0.9993 Re: 0.9993 Acc: 0.9993 F1: 0.9993
Epoch 72: Time: 0.1222 Cost: 0.4063 Pre: 0.9993 Re: 0.9993 Acc: 0.9993 F1: 0.9993
Epoch 73: Time: 0.1152 Cost: 0.3797 Pre: 0.9993 Re: 0.9993 Acc: 0.9993 F1: 0.9993
Epoch 74: Time: 0.1156 Cost: 0.3532 Pre: 0.9993 Re: 0.9993 Acc: 0.9993 F1: 0.9993
Epoch 75: Time: 0.1206 Cost: 0.3281 Pre: 0.9993 Re: 0.9993 Acc: 0.9993 F1: 0.9993
Epoch 76: Time: 0.1188 Cost: 0.3047 Pre: 0.9993 Re: 0.9993 Acc: 0.9993 F1: 0.9993
Epoch 77: Time: 0.1149 Cost: 0.2831 Pre: 0.9993 Re: 0.9993 Acc: 0.9993 F1: 0.9993
Epoch 78: Time: 0.1150 Cost: 0.2634 Pre: 0.9993 Re: 0.9993 Acc: 0.9993 F1: 0.9993
Epoch 79: Time: 0.1145 Cost: 0.2455 Pre: 0.9993 Re: 0.9993 Acc: 0.9993 F1: 0.9993
Epoch 80: Time: 0.1186 Cost: 0.2293 Pre: 0.9993 Re: 0.9993 Acc: 0.9993 F1: 0.9993


--------------------------------------------------------------------
Eval results: Cost:0.1877 Pre:1.0000 Re:0.9985 Acc:0.9993 F1:0.9993
--------------------------------------------------------------------

Epoch 81: Time: 0.1185 Cost: 0.2143 Pre: 0.9993 Re: 0.9993 Acc: 0.9993 F1: 0.9993
Epoch 82: Time: 0.1217 Cost: 0.1997 Pre: 0.9993 Re: 0.9993 Acc: 0.9993 F1: 0.9993
Epoch 83: Time: 0.1162 Cost: 0.1875 Pre: 0.9993 Re: 0.9993 Acc: 0.9993 F1: 0.9993
Epoch 84: Time: 0.1150 Cost: 0.1763 Pre: 0.9993 Re: 0.9993 Acc: 0.9993 F1: 0.9993
Epoch 85: Time: 0.1158 Cost: 0.1659 Pre: 1.0000 Re: 0.9993 Acc: 0.9997 F1: 0.9996
Epoch 86: Time: 0.1203 Cost: 0.1562 Pre: 1.0000 Re: 0.9993 Acc: 0.9997 F1: 0.9996
Epoch 87: Time: 0.1179 Cost: 0.1471 Pre: 1.0000 Re: 0.9993 Acc: 0.9997 F1: 0.9996
Epoch 88: Time: 0.1151 Cost: 0.1385 Pre: 1.0000 Re: 0.9993 Acc: 0.9997 F1: 0.9996
Epoch 89: Time: 0.1139 Cost: 0.1304 Pre: 1.0000 Re: 0.9993 Acc: 0.9997 F1: 0.9996
Epoch 90: Time: 0.1170 Cost: 0.1228 Pre: 1.0000 Re: 0.9993 Acc: 0.9997 F1: 0.9996


--------------------------------------------------------------------
Eval results: Cost:0.1043 Pre:1.0000 Re:0.9985 Acc:0.9993 F1:0.9993
--------------------------------------------------------------------

Epoch 91: Time: 0.1188 Cost: 0.1154 Pre: 1.0000 Re: 0.9993 Acc: 0.9997 F1: 0.9996
Epoch 92: Time: 0.1178 Cost: 0.1081 Pre: 1.0000 Re: 0.9993 Acc: 0.9997 F1: 0.9996
Epoch 93: Time: 0.1342 Cost: 0.1017 Pre: 1.0000 Re: 0.9993 Acc: 0.9997 F1: 0.9996
Epoch 94: Time: 0.1145 Cost: 0.0957 Pre: 1.0000 Re: 0.9993 Acc: 0.9997 F1: 0.9996
Epoch 95: Time: 0.1182 Cost: 0.0902 Pre: 1.0000 Re: 0.9993 Acc: 0.9997 F1: 0.9996
Epoch 96: Time: 0.1140 Cost: 0.0851 Pre: 1.0000 Re: 1.0000 Acc: 1.0000 F1: 1.0000
Epoch 97: Time: 0.1143 Cost: 0.0803 Pre: 1.0000 Re: 1.0000 Acc: 1.0000 F1: 1.0000
Epoch 98: Time: 0.1194 Cost: 0.0759 Pre: 1.0000 Re: 1.0000 Acc: 1.0000 F1: 1.0000
Epoch 99: Time: 0.1172 Cost: 0.0718 Pre: 1.0000 Re: 1.0000 Acc: 1.0000 F1: 1.0000
Epoch 100: Time: 0.1145 Cost: 0.0680 Pre: 1.0000 Re: 1.0000 Acc: 1.0000 F1: 1.0000


--------------------------------------------------------------------
Eval results: Cost:0.0607 Pre:1.0000 Re:1.0000 Acc:1.0000 F1:1.0000
--------------------------------------------------------------------

Epoch 101: Time: 0.1154 Cost: 0.0644 Pre: 1.0000 Re: 1.0000 Acc: 1.0000 F1: 1.0000
Epoch 102: Time: 0.1143 Cost: 0.0610 Pre: 1.0000 Re: 1.0000 Acc: 1.0000 F1: 1.0000
Epoch 103: Time: 0.1145 Cost: 0.0579 Pre: 1.0000 Re: 1.0000 Acc: 1.0000 F1: 1.0000
Epoch 104: Time: 0.1138 Cost: 0.0552 Pre: 1.0000 Re: 1.0000 Acc: 1.0000 F1: 1.0000
Epoch 105: Time: 0.1169 Cost: 0.0526 Pre: 1.0000 Re: 1.0000 Acc: 1.0000 F1: 1.0000
Epoch 106: Time: 0.1168 Cost: 0.0503 Pre: 1.0000 Re: 1.0000 Acc: 1.0000 F1: 1.0000
Epoch 107: Time: 0.1165 Cost: 0.0481 Pre: 1.0000 Re: 1.0000 Acc: 1.0000 F1: 1.0000
Epoch 108: Time: 0.1149 Cost: 0.0461 Pre: 1.0000 Re: 1.0000 Acc: 1.0000 F1: 1.0000
Epoch 109: Time: 0.1202 Cost: 0.0442 Pre: 1.0000 Re: 1.0000 Acc: 1.0000 F1: 1.0000
Epoch 110: Time: 0.1176 Cost: 0.0424 Pre: 1.0000 Re: 1.0000 Acc: 1.0000 F1: 1.0000


--------------------------------------------------------------------
Eval results: Cost:0.0407 Pre:1.0000 Re:1.0000 Acc:1.0000 F1:1.0000
--------------------------------------------------------------------

Epoch 111: Time: 0.1175 Cost: 0.0408 Pre: 1.0000 Re: 1.0000 Acc: 1.0000 F1: 1.0000
Epoch 112: Time: 0.1146 Cost: 0.0393 Pre: 1.0000 Re: 1.0000 Acc: 1.0000 F1: 1.0000
Epoch 113: Time: 0.1157 Cost: 0.0379 Pre: 1.0000 Re: 1.0000 Acc: 1.0000 F1: 1.0000
Epoch 114: Time: 0.1139 Cost: 0.0365 Pre: 1.0000 Re: 1.0000 Acc: 1.0000 F1: 1.0000
Epoch 115: Time: 0.1150 Cost: 0.0353 Pre: 1.0000 Re: 1.0000 Acc: 1.0000 F1: 1.0000
Epoch 116: Time: 0.1145 Cost: 0.0342 Pre: 1.0000 Re: 1.0000 Acc: 1.0000 F1: 1.0000
Epoch 117: Time: 0.1145 Cost: 0.0331 Pre: 1.0000 Re: 1.0000 Acc: 1.0000 F1: 1.0000
Epoch 118: Time: 0.1173 Cost: 0.0321 Pre: 1.0000 Re: 1.0000 Acc: 1.0000 F1: 1.0000
Epoch 119: Time: 0.1137 Cost: 0.0311 Pre: 1.0000 Re: 1.0000 Acc: 1.0000 F1: 1.0000
Epoch 120: Time: 0.1151 Cost: 0.0302 Pre: 1.0000 Re: 1.0000 Acc: 1.0000 F1: 1.0000


--------------------------------------------------------------------
Eval results: Cost:0.0311 Pre:1.0000 Re:1.0000 Acc:1.0000 F1:1.0000
--------------------------------------------------------------------

Epoch 121: Time: 0.1161 Cost: 0.0294 Pre: 1.0000 Re: 1.0000 Acc: 1.0000 F1: 1.0000
Epoch 122: Time: 0.1143 Cost: 0.0286 Pre: 1.0000 Re: 1.0000 Acc: 1.0000 F1: 1.0000
Epoch 123: Time: 0.1152 Cost: 0.0278 Pre: 1.0000 Re: 1.0000 Acc: 1.0000 F1: 1.0000
Epoch 124: Time: 0.1140 Cost: 0.0271 Pre: 1.0000 Re: 1.0000 Acc: 1.0000 F1: 1.0000
Epoch 125: Time: 0.1147 Cost: 0.0264 Pre: 1.0000 Re: 1.0000 Acc: 1.0000 F1: 1.0000
Epoch 126: Time: 0.1145 Cost: 0.0257 Pre: 1.0000 Re: 1.0000 Acc: 1.0000 F1: 1.0000
Epoch 127: Time: 0.1155 Cost: 0.0251 Pre: 1.0000 Re: 1.0000 Acc: 1.0000 F1: 1.0000
Epoch 128: Time: 0.1169 Cost: 0.0245 Pre: 1.0000 Re: 1.0000 Acc: 1.0000 F1: 1.0000
Epoch 129: Time: 0.1147 Cost: 0.0240 Pre: 1.0000 Re: 1.0000 Acc: 1.0000 F1: 1.0000
Epoch 130: Time: 0.1175 Cost: 0.0234 Pre: 1.0000 Re: 1.0000 Acc: 1.0000 F1: 1.0000


--------------------------------------------------------------------
Eval results: Cost:0.0257 Pre:1.0000 Re:1.0000 Acc:1.0000 F1:1.0000
--------------------------------------------------------------------

Epoch 131: Time: 0.1148 Cost: 0.0229 Pre: 1.0000 Re: 1.0000 Acc: 1.0000 F1: 1.0000
Epoch 132: Time: 0.1146 Cost: 0.0224 Pre: 1.0000 Re: 1.0000 Acc: 1.0000 F1: 1.0000
Epoch 133: Time: 0.1143 Cost: 0.0220 Pre: 1.0000 Re: 1.0000 Acc: 1.0000 F1: 1.0000
Epoch 134: Time: 0.1194 Cost: 0.0215 Pre: 1.0000 Re: 1.0000 Acc: 1.0000 F1: 1.0000
Epoch 135: Time: 0.1156 Cost: 0.0211 Pre: 1.0000 Re: 1.0000 Acc: 1.0000 F1: 1.0000
Epoch 136: Time: 0.1139 Cost: 0.0207 Pre: 1.0000 Re: 1.0000 Acc: 1.0000 F1: 1.0000
Epoch 137: Time: 0.1146 Cost: 0.0203 Pre: 1.0000 Re: 1.0000 Acc: 1.0000 F1: 1.0000
Epoch 138: Time: 0.1157 Cost: 0.0199 Pre: 1.0000 Re: 1.0000 Acc: 1.0000 F1: 1.0000
Epoch 139: Time: 0.1143 Cost: 0.0195 Pre: 1.0000 Re: 1.0000 Acc: 1.0000 F1: 1.0000
Epoch 140: Time: 0.1141 Cost: 0.0192 Pre: 1.0000 Re: 1.0000 Acc: 1.0000 F1: 1.0000


--------------------------------------------------------------------
Eval results: Cost:0.0221 Pre:1.0000 Re:1.0000 Acc:1.0000 F1:1.0000
--------------------------------------------------------------------

Epoch 141: Time: 0.1167 Cost: 0.0188 Pre: 1.0000 Re: 1.0000 Acc: 1.0000 F1: 1.0000
Epoch 142: Time: 0.1143 Cost: 0.0185 Pre: 1.0000 Re: 1.0000 Acc: 1.0000 F1: 1.0000
Epoch 143: Time: 0.1145 Cost: 0.0182 Pre: 1.0000 Re: 1.0000 Acc: 1.0000 F1: 1.0000
Epoch 144: Time: 0.1143 Cost: 0.0179 Pre: 1.0000 Re: 1.0000 Acc: 1.0000 F1: 1.0000
Epoch 145: Time: 0.1168 Cost: 0.0176 Pre: 1.0000 Re: 1.0000 Acc: 1.0000 F1: 1.0000
Epoch 146: Time: 0.1177 Cost: 0.0173 Pre: 1.0000 Re: 1.0000 Acc: 1.0000 F1: 1.0000
Epoch 147: Time: 0.1144 Cost: 0.0170 Pre: 1.0000 Re: 1.0000 Acc: 1.0000 F1: 1.0000
Epoch 148: Time: 0.1146 Cost: 0.0167 Pre: 1.0000 Re: 1.0000 Acc: 1.0000 F1: 1.0000
Epoch 149: Time: 0.1165 Cost: 0.0165 Pre: 1.0000 Re: 1.0000 Acc: 1.0000 F1: 1.0000
Epoch 150: Time: 0.1369 Cost: 0.0162 Pre: 1.0000 Re: 1.0000 Acc: 1.0000 F1: 1.0000


--------------------------------------------------------------------
Eval results: Cost:0.0194 Pre:1.0000 Re:1.0000 Acc:1.0000 F1:1.0000
--------------------------------------------------------------------

Epoch 151: Time: 0.1182 Cost: 0.0160 Pre: 1.0000 Re: 1.0000 Acc: 1.0000 F1: 1.0000
Epoch 152: Time: 0.1160 Cost: 0.0158 Pre: 1.0000 Re: 1.0000 Acc: 1.0000 F1: 1.0000
Epoch 153: Time: 0.1159 Cost: 0.0155 Pre: 1.0000 Re: 1.0000 Acc: 1.0000 F1: 1.0000
Epoch 154: Time: 0.1154 Cost: 0.0153 Pre: 1.0000 Re: 1.0000 Acc: 1.0000 F1: 1.0000
Epoch 155: Time: 0.1145 Cost: 0.0151 Pre: 1.0000 Re: 1.0000 Acc: 1.0000 F1: 1.0000
Epoch 156: Time: 0.1140 Cost: 0.0149 Pre: 1.0000 Re: 1.0000 Acc: 1.0000 F1: 1.0000
Epoch 157: Time: 0.1142 Cost: 0.0147 Pre: 1.0000 Re: 1.0000 Acc: 1.0000 F1: 1.0000
Epoch 158: Time: 0.1144 Cost: 0.0145 Pre: 1.0000 Re: 1.0000 Acc: 1.0000 F1: 1.0000
Epoch 159: Time: 0.1158 Cost: 0.0143 Pre: 1.0000 Re: 1.0000 Acc: 1.0000 F1: 1.0000
Epoch 160: Time: 0.1135 Cost: 0.0141 Pre: 1.0000 Re: 1.0000 Acc: 1.0000 F1: 1.0000


--------------------------------------------------------------------
Eval results: Cost:0.0174 Pre:1.0000 Re:1.0000 Acc:1.0000 F1:1.0000
--------------------------------------------------------------------

Epoch 161: Time: 0.1168 Cost: 0.0139 Pre: 1.0000 Re: 1.0000 Acc: 1.0000 F1: 1.0000
Epoch 162: Time: 0.1150 Cost: 0.0137 Pre: 1.0000 Re: 1.0000 Acc: 1.0000 F1: 1.0000
Epoch 163: Time: 0.1147 Cost: 0.0136 Pre: 1.0000 Re: 1.0000 Acc: 1.0000 F1: 1.0000
Epoch 164: Time: 0.1137 Cost: 0.0134 Pre: 1.0000 Re: 1.0000 Acc: 1.0000 F1: 1.0000
Epoch 165: Time: 0.1143 Cost: 0.0132 Pre: 1.0000 Re: 1.0000 Acc: 1.0000 F1: 1.0000
Epoch 166: Time: 0.1138 Cost: 0.0130 Pre: 1.0000 Re: 1.0000 Acc: 1.0000 F1: 1.0000
Epoch 167: Time: 0.1148 Cost: 0.0129 Pre: 1.0000 Re: 1.0000 Acc: 1.0000 F1: 1.0000
Epoch 168: Time: 0.1139 Cost: 0.0127 Pre: 1.0000 Re: 1.0000 Acc: 1.0000 F1: 1.0000
Epoch 169: Time: 0.1145 Cost: 0.0126 Pre: 1.0000 Re: 1.0000 Acc: 1.0000 F1: 1.0000
Epoch 170: Time: 0.1210 Cost: 0.0124 Pre: 1.0000 Re: 1.0000 Acc: 1.0000 F1: 1.0000


--------------------------------------------------------------------
Eval results: Cost:0.0158 Pre:1.0000 Re:1.0000 Acc:1.0000 F1:1.0000
--------------------------------------------------------------------

Epoch 171: Time: 0.1139 Cost: 0.0123 Pre: 1.0000 Re: 1.0000 Acc: 1.0000 F1: 1.0000
Epoch 172: Time: 0.1137 Cost: 0.0122 Pre: 1.0000 Re: 1.0000 Acc: 1.0000 F1: 1.0000
Epoch 173: Time: 0.1163 Cost: 0.0120 Pre: 1.0000 Re: 1.0000 Acc: 1.0000 F1: 1.0000
Epoch 174: Time: 0.1139 Cost: 0.0119 Pre: 1.0000 Re: 1.0000 Acc: 1.0000 F1: 1.0000
Epoch 175: Time: 0.1140 Cost: 0.0117 Pre: 1.0000 Re: 1.0000 Acc: 1.0000 F1: 1.0000
Epoch 176: Time: 0.1138 Cost: 0.0116 Pre: 1.0000 Re: 1.0000 Acc: 1.0000 F1: 1.0000
Epoch 177: Time: 0.1180 Cost: 0.0115 Pre: 1.0000 Re: 1.0000 Acc: 1.0000 F1: 1.0000
Epoch 178: Time: 0.1159 Cost: 0.0114 Pre: 1.0000 Re: 1.0000 Acc: 1.0000 F1: 1.0000
Epoch 179: Time: 0.1143 Cost: 0.0112 Pre: 1.0000 Re: 1.0000 Acc: 1.0000 F1: 1.0000
Epoch 180: Time: 0.1138 Cost: 0.0111 Pre: 1.0000 Re: 1.0000 Acc: 1.0000 F1: 1.0000


--------------------------------------------------------------------
Eval results: Cost:0.0144 Pre:1.0000 Re:1.0000 Acc:1.0000 F1:1.0000
--------------------------------------------------------------------

Epoch 181: Time: 0.1153 Cost: 0.0110 Pre: 1.0000 Re: 1.0000 Acc: 1.0000 F1: 1.0000
Epoch 182: Time: 0.1148 Cost: 0.0109 Pre: 1.0000 Re: 1.0000 Acc: 1.0000 F1: 1.0000
Epoch 183: Time: 0.1151 Cost: 0.0108 Pre: 1.0000 Re: 1.0000 Acc: 1.0000 F1: 1.0000
Epoch 184: Time: 0.1143 Cost: 0.0107 Pre: 1.0000 Re: 1.0000 Acc: 1.0000 F1: 1.0000
Epoch 185: Time: 0.1160 Cost: 0.0106 Pre: 1.0000 Re: 1.0000 Acc: 1.0000 F1: 1.0000
Epoch 186: Time: 0.1143 Cost: 0.0105 Pre: 1.0000 Re: 1.0000 Acc: 1.0000 F1: 1.0000
Epoch 187: Time: 0.1146 Cost: 0.0103 Pre: 1.0000 Re: 1.0000 Acc: 1.0000 F1: 1.0000
Epoch 188: Time: 0.1144 Cost: 0.0102 Pre: 1.0000 Re: 1.0000 Acc: 1.0000 F1: 1.0000
Epoch 189: Time: 0.1139 Cost: 0.0101 Pre: 1.0000 Re: 1.0000 Acc: 1.0000 F1: 1.0000
Epoch 190: Time: 0.1140 Cost: 0.0100 Pre: 1.0000 Re: 1.0000 Acc: 1.0000 F1: 1.0000


--------------------------------------------------------------------
Eval results: Cost:0.0132 Pre:1.0000 Re:1.0000 Acc:1.0000 F1:1.0000
--------------------------------------------------------------------

Epoch 191: Time: 0.1151 Cost: 0.0099 Pre: 1.0000 Re: 1.0000 Acc: 1.0000 F1: 1.0000
Epoch 192: Time: 0.1140 Cost: 0.0099 Pre: 1.0000 Re: 1.0000 Acc: 1.0000 F1: 1.0000
Epoch 193: Time: 0.1162 Cost: 0.0098 Pre: 1.0000 Re: 1.0000 Acc: 1.0000 F1: 1.0000
Epoch 194: Time: 0.1137 Cost: 0.0097 Pre: 1.0000 Re: 1.0000 Acc: 1.0000 F1: 1.0000
Epoch 195: Time: 0.1144 Cost: 0.0096 Pre: 1.0000 Re: 1.0000 Acc: 1.0000 F1: 1.0000
Epoch 196: Time: 0.1145 Cost: 0.0095 Pre: 1.0000 Re: 1.0000 Acc: 1.0000 F1: 1.0000
Epoch 197: Time: 0.1146 Cost: 0.0094 Pre: 1.0000 Re: 1.0000 Acc: 1.0000 F1: 1.0000
Epoch 198: Time: 0.1144 Cost: 0.0093 Pre: 1.0000 Re: 1.0000 Acc: 1.0000 F1: 1.0000
Epoch 199: Time: 0.1150 Cost: 0.0092 Pre: 1.0000 Re: 1.0000 Acc: 1.0000 F1: 1.0000
Epoch 200: Time: 0.1143 Cost: 0.0091 Pre: 1.0000 Re: 1.0000 Acc: 1.0000 F1: 1.0000


--------------------------------------------------------------------
Eval results: Cost:0.0121 Pre:1.0000 Re:1.0000 Acc:1.0000 F1:1.0000
--------------------------------------------------------------------

Epoch 201: Time: 0.1169 Cost: 0.0091 Pre: 1.0000 Re: 1.0000 Acc: 1.0000 F1: 1.0000
Epoch 202: Time: 0.1192 Cost: 0.0090 Pre: 1.0000 Re: 1.0000 Acc: 1.0000 F1: 1.0000
Epoch 203: Time: 0.1323 Cost: 0.0089 Pre: 1.0000 Re: 1.0000 Acc: 1.0000 F1: 1.0000
Epoch 204: Time: 0.1137 Cost: 0.0088 Pre: 1.0000 Re: 1.0000 Acc: 1.0000 F1: 1.0000
Epoch 205: Time: 0.1151 Cost: 0.0087 Pre: 1.0000 Re: 1.0000 Acc: 1.0000 F1: 1.0000
Epoch 206: Time: 0.1137 Cost: 0.0087 Pre: 1.0000 Re: 1.0000 Acc: 1.0000 F1: 1.0000
Epoch 207: Time: 0.1146 Cost: 0.0086 Pre: 1.0000 Re: 1.0000 Acc: 1.0000 F1: 1.0000
Epoch 208: Time: 0.1141 Cost: 0.0085 Pre: 1.0000 Re: 1.0000 Acc: 1.0000 F1: 1.0000
Epoch 209: Time: 0.1147 Cost: 0.0084 Pre: 1.0000 Re: 1.0000 Acc: 1.0000 F1: 1.0000
Epoch 210: Time: 0.1159 Cost: 0.0084 Pre: 1.0000 Re: 1.0000 Acc: 1.0000 F1: 1.0000


--------------------------------------------------------------------
Eval results: Cost:0.0112 Pre:1.0000 Re:1.0000 Acc:1.0000 F1:1.0000
--------------------------------------------------------------------

Epoch 211: Time: 0.1155 Cost: 0.0083 Pre: 1.0000 Re: 1.0000 Acc: 1.0000 F1: 1.0000
Epoch 212: Time: 0.1147 Cost: 0.0082 Pre: 1.0000 Re: 1.0000 Acc: 1.0000 F1: 1.0000
Epoch 213: Time: 0.1150 Cost: 0.0082 Pre: 1.0000 Re: 1.0000 Acc: 1.0000 F1: 1.0000
Epoch 214: Time: 0.1148 Cost: 0.0081 Pre: 1.0000 Re: 1.0000 Acc: 1.0000 F1: 1.0000
Epoch 215: Time: 0.1143 Cost: 0.0080 Pre: 1.0000 Re: 1.0000 Acc: 1.0000 F1: 1.0000
Epoch 216: Time: 0.1144 Cost: 0.0080 Pre: 1.0000 Re: 1.0000 Acc: 1.0000 F1: 1.0000
Epoch 217: Time: 0.1154 Cost: 0.0079 Pre: 1.0000 Re: 1.0000 Acc: 1.0000 F1: 1.0000
Epoch 218: Time: 0.1143 Cost: 0.0078 Pre: 1.0000 Re: 1.0000 Acc: 1.0000 F1: 1.0000
Epoch 219: Time: 0.1138 Cost: 0.0078 Pre: 1.0000 Re: 1.0000 Acc: 1.0000 F1: 1.0000
Epoch 220: Time: 0.1135 Cost: 0.0077 Pre: 1.0000 Re: 1.0000 Acc: 1.0000 F1: 1.0000


--------------------------------------------------------------------
Eval results: Cost:0.0104 Pre:1.0000 Re:1.0000 Acc:1.0000 F1:1.0000
--------------------------------------------------------------------

Epoch 221: Time: 0.1150 Cost: 0.0076 Pre: 1.0000 Re: 1.0000 Acc: 1.0000 F1: 1.0000
Epoch 222: Time: 0.1141 Cost: 0.0076 Pre: 1.0000 Re: 1.0000 Acc: 1.0000 F1: 1.0000
Epoch 223: Time: 0.1150 Cost: 0.0075 Pre: 1.0000 Re: 1.0000 Acc: 1.0000 F1: 1.0000
Epoch 224: Time: 0.1147 Cost: 0.0075 Pre: 1.0000 Re: 1.0000 Acc: 1.0000 F1: 1.0000
Epoch 225: Time: 0.1168 Cost: 0.0074 Pre: 1.0000 Re: 1.0000 Acc: 1.0000 F1: 1.0000
Epoch 226: Time: 0.1180 Cost: 0.0073 Pre: 1.0000 Re: 1.0000 Acc: 1.0000 F1: 1.0000
Epoch 227: Time: 0.1149 Cost: 0.0073 Pre: 1.0000 Re: 1.0000 Acc: 1.0000 F1: 1.0000
Epoch 228: Time: 0.1137 Cost: 0.0072 Pre: 1.0000 Re: 1.0000 Acc: 1.0000 F1: 1.0000
Epoch 229: Time: 0.1148 Cost: 0.0072 Pre: 1.0000 Re: 1.0000 Acc: 1.0000 F1: 1.0000
Epoch 230: Time: 0.1144 Cost: 0.0071 Pre: 1.0000 Re: 1.0000 Acc: 1.0000 F1: 1.0000


--------------------------------------------------------------------
Eval results: Cost:0.0096 Pre:1.0000 Re:1.0000 Acc:1.0000 F1:1.0000
--------------------------------------------------------------------

Epoch 231: Time: 0.1192 Cost: 0.0071 Pre: 1.0000 Re: 1.0000 Acc: 1.0000 F1: 1.0000
Epoch 232: Time: 0.1140 Cost: 0.0070 Pre: 1.0000 Re: 1.0000 Acc: 1.0000 F1: 1.0000
Epoch 233: Time: 0.1158 Cost: 0.0069 Pre: 1.0000 Re: 1.0000 Acc: 1.0000 F1: 1.0000
Epoch 234: Time: 0.1140 Cost: 0.0069 Pre: 1.0000 Re: 1.0000 Acc: 1.0000 F1: 1.0000
Epoch 235: Time: 0.1144 Cost: 0.0068 Pre: 1.0000 Re: 1.0000 Acc: 1.0000 F1: 1.0000
Epoch 236: Time: 0.1137 Cost: 0.0068 Pre: 1.0000 Re: 1.0000 Acc: 1.0000 F1: 1.0000
Epoch 237: Time: 0.1145 Cost: 0.0067 Pre: 1.0000 Re: 1.0000 Acc: 1.0000 F1: 1.0000
Epoch 238: Time: 0.1136 Cost: 0.0067 Pre: 1.0000 Re: 1.0000 Acc: 1.0000 F1: 1.0000
Epoch 239: Time: 0.1155 Cost: 0.0066 Pre: 1.0000 Re: 1.0000 Acc: 1.0000 F1: 1.0000
Epoch 240: Time: 0.1140 Cost: 0.0066 Pre: 1.0000 Re: 1.0000 Acc: 1.0000 F1: 1.0000


--------------------------------------------------------------------
Eval results: Cost:0.0090 Pre:1.0000 Re:1.0000 Acc:1.0000 F1:1.0000
--------------------------------------------------------------------

Epoch 241: Time: 0.1159 Cost: 0.0065 Pre: 1.0000 Re: 1.0000 Acc: 1.0000 F1: 1.0000
Epoch 242: Time: 0.1163 Cost: 0.0065 Pre: 1.0000 Re: 1.0000 Acc: 1.0000 F1: 1.0000
Epoch 243: Time: 0.1141 Cost: 0.0064 Pre: 1.0000 Re: 1.0000 Acc: 1.0000 F1: 1.0000
Epoch 244: Time: 0.1143 Cost: 0.0064 Pre: 1.0000 Re: 1.0000 Acc: 1.0000 F1: 1.0000
Epoch 245: Time: 0.1140 Cost: 0.0064 Pre: 1.0000 Re: 1.0000 Acc: 1.0000 F1: 1.0000
Epoch 246: Time: 0.1139 Cost: 0.0063 Pre: 1.0000 Re: 1.0000 Acc: 1.0000 F1: 1.0000
Epoch 247: Time: 0.1147 Cost: 0.0063 Pre: 1.0000 Re: 1.0000 Acc: 1.0000 F1: 1.0000
Epoch 248: Time: 0.1137 Cost: 0.0062 Pre: 1.0000 Re: 1.0000 Acc: 1.0000 F1: 1.0000
Epoch 249: Time: 0.1165 Cost: 0.0062 Pre: 1.0000 Re: 1.0000 Acc: 1.0000 F1: 1.0000
Epoch 250: Time: 0.1168 Cost: 0.0061 Pre: 1.0000 Re: 1.0000 Acc: 1.0000 F1: 1.0000


--------------------------------------------------------------------
Eval results: Cost:0.0084 Pre:1.0000 Re:1.0000 Acc:1.0000 F1:1.0000
--------------------------------------------------------------------

Epoch 251: Time: 0.1143 Cost: 0.0061 Pre: 1.0000 Re: 1.0000 Acc: 1.0000 F1: 1.0000
Epoch 252: Time: 0.1135 Cost: 0.0060 Pre: 1.0000 Re: 1.0000 Acc: 1.0000 F1: 1.0000
Epoch 253: Time: 0.1143 Cost: 0.0060 Pre: 1.0000 Re: 1.0000 Acc: 1.0000 F1: 1.0000
Epoch 254: Time: 0.1140 Cost: 0.0060 Pre: 1.0000 Re: 1.0000 Acc: 1.0000 F1: 1.0000
Epoch 255: Time: 0.1188 Cost: 0.0059 Pre: 1.0000 Re: 1.0000 Acc: 1.0000 F1: 1.0000
Epoch 256: Time: 0.1146 Cost: 0.0059 Pre: 1.0000 Re: 1.0000 Acc: 1.0000 F1: 1.0000
Epoch 257: Time: 0.1156 Cost: 0.0058 Pre: 1.0000 Re: 1.0000 Acc: 1.0000 F1: 1.0000
Epoch 258: Time: 0.1146 Cost: 0.0058 Pre: 1.0000 Re: 1.0000 Acc: 1.0000 F1: 1.0000
Epoch 259: Time: 0.1146 Cost: 0.0058 Pre: 1.0000 Re: 1.0000 Acc: 1.0000 F1: 1.0000
Epoch 260: Time: 0.1140 Cost: 0.0057 Pre: 1.0000 Re: 1.0000 Acc: 1.0000 F1: 1.0000


--------------------------------------------------------------------
Eval results: Cost:0.0078 Pre:1.0000 Re:1.0000 Acc:1.0000 F1:1.0000
--------------------------------------------------------------------

Epoch 261: Time: 0.1144 Cost: 0.0057 Pre: 1.0000 Re: 1.0000 Acc: 1.0000 F1: 1.0000
Epoch 262: Time: 0.1142 Cost: 0.0056 Pre: 1.0000 Re: 1.0000 Acc: 1.0000 F1: 1.0000
Epoch 263: Time: 0.1152 Cost: 0.0056 Pre: 1.0000 Re: 1.0000 Acc: 1.0000 F1: 1.0000
Epoch 264: Time: 0.1140 Cost: 0.0056 Pre: 1.0000 Re: 1.0000 Acc: 1.0000 F1: 1.0000
Epoch 265: Time: 0.1158 Cost: 0.0055 Pre: 1.0000 Re: 1.0000 Acc: 1.0000 F1: 1.0000
Epoch 266: Time: 0.1138 Cost: 0.0055 Pre: 1.0000 Re: 1.0000 Acc: 1.0000 F1: 1.0000
Epoch 267: Time: 0.1147 Cost: 0.0055 Pre: 1.0000 Re: 1.0000 Acc: 1.0000 F1: 1.0000
Epoch 268: Time: 0.1149 Cost: 0.0054 Pre: 1.0000 Re: 1.0000 Acc: 1.0000 F1: 1.0000
Epoch 269: Time: 0.1146 Cost: 0.0054 Pre: 1.0000 Re: 1.0000 Acc: 1.0000 F1: 1.0000
Epoch 270: Time: 0.1145 Cost: 0.0053 Pre: 1.0000 Re: 1.0000 Acc: 1.0000 F1: 1.0000


--------------------------------------------------------------------
Eval results: Cost:0.0073 Pre:1.0000 Re:1.0000 Acc:1.0000 F1:1.0000
--------------------------------------------------------------------

Epoch 271: Time: 0.1149 Cost: 0.0053 Pre: 1.0000 Re: 1.0000 Acc: 1.0000 F1: 1.0000
Epoch 272: Time: 0.1147 Cost: 0.0053 Pre: 1.0000 Re: 1.0000 Acc: 1.0000 F1: 1.0000
Epoch 273: Time: 0.1163 Cost: 0.0052 Pre: 1.0000 Re: 1.0000 Acc: 1.0000 F1: 1.0000
Epoch 274: Time: 0.1152 Cost: 0.0052 Pre: 1.0000 Re: 1.0000 Acc: 1.0000 F1: 1.0000
Epoch 275: Time: 0.1145 Cost: 0.0052 Pre: 1.0000 Re: 1.0000 Acc: 1.0000 F1: 1.0000
Epoch 276: Time: 0.1145 Cost: 0.0051 Pre: 1.0000 Re: 1.0000 Acc: 1.0000 F1: 1.0000
Epoch 277: Time: 0.1143 Cost: 0.0051 Pre: 1.0000 Re: 1.0000 Acc: 1.0000 F1: 1.0000
Epoch 278: Time: 0.1146 Cost: 0.0051 Pre: 1.0000 Re: 1.0000 Acc: 1.0000 F1: 1.0000
Epoch 279: Time: 0.1148 Cost: 0.0050 Pre: 1.0000 Re: 1.0000 Acc: 1.0000 F1: 1.0000
Epoch 280: Time: 0.1147 Cost: 0.0050 Pre: 1.0000 Re: 1.0000 Acc: 1.0000 F1: 1.0000


--------------------------------------------------------------------
Eval results: Cost:0.0069 Pre:1.0000 Re:1.0000 Acc:1.0000 F1:1.0000
--------------------------------------------------------------------

Early stopping...
--------------------------------------------------------------------
--------------------------------------------------------------------
Test 4332 samples take time: 0.3933
Test results: Cost:0.0039 Pre:1.0000 Re:1.0000 Acc:1.0000 F1:1.0000
--------------------------------------------------------------------

