16768
16562
16206
16632
16380
16425
Load data
RNN type: O2 Grammar: g3 Seed: 10
Model total parameters: 5000
Saving hinit ... 

Epoch 0: Time: 0.8996 Cost: 24.5442 Pre: 0.5264 Re: 0.9338 Acc: 0.5694 F1: 0.6732


--------------------------------------------------------------------
Eval results: Cost:23.3998 Pre:0.5803 Re:0.8687 Acc:0.6499 F1:0.6958
--------------------------------------------------------------------

Epoch 1: Time: 0.7570 Cost: 16.5768 Pre: 0.7109 Re: 0.8525 Acc: 0.7652 F1: 0.7753
Epoch 2: Time: 0.7692 Cost: 4.1238 Pre: 0.9174 Re: 0.9993 Acc: 0.9569 F1: 0.9566
Epoch 3: Time: 0.7554 Cost: 0.7660 Pre: 0.9993 Re: 0.9986 Acc: 0.9990 F1: 0.9989
Epoch 4: Time: 0.7584 Cost: 0.2526 Pre: 1.0000 Re: 1.0000 Acc: 1.0000 F1: 1.0000
Epoch 5: Time: 0.8366 Cost: 0.1137 Pre: 1.0000 Re: 1.0000 Acc: 1.0000 F1: 1.0000
Epoch 6: Time: 0.7876 Cost: 0.0587 Pre: 1.0000 Re: 1.0000 Acc: 1.0000 F1: 1.0000
Epoch 7: Time: 0.7529 Cost: 0.0331 Pre: 1.0000 Re: 1.0000 Acc: 1.0000 F1: 1.0000
Epoch 8: Time: 0.7524 Cost: 0.0207 Pre: 1.0000 Re: 1.0000 Acc: 1.0000 F1: 1.0000
Epoch 9: Time: 0.7549 Cost: 0.0142 Pre: 1.0000 Re: 1.0000 Acc: 1.0000 F1: 1.0000
Epoch 10: Time: 0.7514 Cost: 0.0106 Pre: 1.0000 Re: 1.0000 Acc: 1.0000 F1: 1.0000


--------------------------------------------------------------------
Eval results: Cost:0.0109 Pre:1.0000 Re:1.0000 Acc:1.0000 F1:1.0000
--------------------------------------------------------------------

Epoch 11: Time: 0.7565 Cost: 0.0084 Pre: 1.0000 Re: 1.0000 Acc: 1.0000 F1: 1.0000
Epoch 12: Time: 0.7571 Cost: 0.0069 Pre: 1.0000 Re: 1.0000 Acc: 1.0000 F1: 1.0000
Epoch 13: Time: 0.7519 Cost: 0.0058 Pre: 1.0000 Re: 1.0000 Acc: 1.0000 F1: 1.0000
Epoch 14: Time: 0.7697 Cost: 0.0050 Pre: 1.0000 Re: 1.0000 Acc: 1.0000 F1: 1.0000
Epoch 15: Time: 0.7562 Cost: 0.0043 Pre: 1.0000 Re: 1.0000 Acc: 1.0000 F1: 1.0000
Epoch 16: Time: 0.7621 Cost: 0.0038 Pre: 1.0000 Re: 1.0000 Acc: 1.0000 F1: 1.0000
Epoch 17: Time: 0.7531 Cost: 0.0034 Pre: 1.0000 Re: 1.0000 Acc: 1.0000 F1: 1.0000
Epoch 18: Time: 0.7573 Cost: 0.0030 Pre: 1.0000 Re: 1.0000 Acc: 1.0000 F1: 1.0000
Epoch 19: Time: 0.7554 Cost: 0.0027 Pre: 1.0000 Re: 1.0000 Acc: 1.0000 F1: 1.0000
Epoch 20: Time: 0.7560 Cost: 0.0025 Pre: 1.0000 Re: 1.0000 Acc: 1.0000 F1: 1.0000


--------------------------------------------------------------------
Eval results: Cost:0.0029 Pre:1.0000 Re:1.0000 Acc:1.0000 F1:1.0000
--------------------------------------------------------------------

Epoch 21: Time: 0.7560 Cost: 0.0022 Pre: 1.0000 Re: 1.0000 Acc: 1.0000 F1: 1.0000
Epoch 22: Time: 0.7551 Cost: 0.0021 Pre: 1.0000 Re: 1.0000 Acc: 1.0000 F1: 1.0000
Epoch 23: Time: 0.7554 Cost: 0.0019 Pre: 1.0000 Re: 1.0000 Acc: 1.0000 F1: 1.0000
Epoch 24: Time: 0.7537 Cost: 0.0018 Pre: 1.0000 Re: 1.0000 Acc: 1.0000 F1: 1.0000
Epoch 25: Time: 0.7570 Cost: 0.0017 Pre: 1.0000 Re: 1.0000 Acc: 1.0000 F1: 1.0000
Epoch 26: Time: 0.7545 Cost: 0.0015 Pre: 1.0000 Re: 1.0000 Acc: 1.0000 F1: 1.0000
Epoch 27: Time: 0.7685 Cost: 0.0015 Pre: 1.0000 Re: 1.0000 Acc: 1.0000 F1: 1.0000
Epoch 28: Time: 0.7542 Cost: 0.0014 Pre: 1.0000 Re: 1.0000 Acc: 1.0000 F1: 1.0000
Epoch 29: Time: 0.7577 Cost: 0.0013 Pre: 1.0000 Re: 1.0000 Acc: 1.0000 F1: 1.0000
Epoch 30: Time: 0.7558 Cost: 0.0012 Pre: 1.0000 Re: 1.0000 Acc: 1.0000 F1: 1.0000


--------------------------------------------------------------------
Eval results: Cost:0.0015 Pre:1.0000 Re:1.0000 Acc:1.0000 F1:1.0000
--------------------------------------------------------------------

Epoch 31: Time: 0.7670 Cost: 0.0012 Pre: 1.0000 Re: 1.0000 Acc: 1.0000 F1: 1.0000
Epoch 32: Time: 0.7546 Cost: 0.0011 Pre: 1.0000 Re: 1.0000 Acc: 1.0000 F1: 1.0000
Epoch 33: Time: 0.7542 Cost: 0.0011 Pre: 1.0000 Re: 1.0000 Acc: 1.0000 F1: 1.0000
Epoch 34: Time: 0.7542 Cost: 0.0010 Pre: 1.0000 Re: 1.0000 Acc: 1.0000 F1: 1.0000
Epoch 35: Time: 0.7848 Cost: 0.0010 Pre: 1.0000 Re: 1.0000 Acc: 1.0000 F1: 1.0000
Epoch 36: Time: 0.8292 Cost: 0.0009 Pre: 1.0000 Re: 1.0000 Acc: 1.0000 F1: 1.0000
Epoch 37: Time: 0.7558 Cost: 0.0009 Pre: 1.0000 Re: 1.0000 Acc: 1.0000 F1: 1.0000
Epoch 38: Time: 0.7589 Cost: 0.0009 Pre: 1.0000 Re: 1.0000 Acc: 1.0000 F1: 1.0000
Epoch 39: Time: 0.7698 Cost: 0.0008 Pre: 1.0000 Re: 1.0000 Acc: 1.0000 F1: 1.0000
Epoch 40: Time: 0.7625 Cost: 0.0008 Pre: 1.0000 Re: 1.0000 Acc: 1.0000 F1: 1.0000


--------------------------------------------------------------------
Eval results: Cost:0.0010 Pre:1.0000 Re:1.0000 Acc:1.0000 F1:1.0000
--------------------------------------------------------------------

Epoch 41: Time: 0.7692 Cost: 0.0008 Pre: 1.0000 Re: 1.0000 Acc: 1.0000 F1: 1.0000
Epoch 42: Time: 0.7533 Cost: 0.0008 Pre: 1.0000 Re: 1.0000 Acc: 1.0000 F1: 1.0000
Epoch 43: Time: 0.7541 Cost: 0.0007 Pre: 1.0000 Re: 1.0000 Acc: 1.0000 F1: 1.0000
Epoch 44: Time: 0.7578 Cost: 0.0007 Pre: 1.0000 Re: 1.0000 Acc: 1.0000 F1: 1.0000
Epoch 45: Time: 0.7540 Cost: 0.0007 Pre: 1.0000 Re: 1.0000 Acc: 1.0000 F1: 1.0000
Epoch 46: Time: 0.7566 Cost: 0.0007 Pre: 1.0000 Re: 1.0000 Acc: 1.0000 F1: 1.0000
Epoch 47: Time: 0.7529 Cost: 0.0006 Pre: 1.0000 Re: 1.0000 Acc: 1.0000 F1: 1.0000
Epoch 48: Time: 0.7549 Cost: 0.0006 Pre: 1.0000 Re: 1.0000 Acc: 1.0000 F1: 1.0000
Epoch 49: Time: 0.7563 Cost: 0.0006 Pre: 1.0000 Re: 1.0000 Acc: 1.0000 F1: 1.0000
Epoch 50: Time: 0.7552 Cost: 0.0006 Pre: 1.0000 Re: 1.0000 Acc: 1.0000 F1: 1.0000


--------------------------------------------------------------------
Eval results: Cost:0.0007 Pre:1.0000 Re:1.0000 Acc:1.0000 F1:1.0000
--------------------------------------------------------------------

Epoch 51: Time: 0.7556 Cost: 0.0006 Pre: 1.0000 Re: 1.0000 Acc: 1.0000 F1: 1.0000
Epoch 52: Time: 0.7602 Cost: 0.0006 Pre: 1.0000 Re: 1.0000 Acc: 1.0000 F1: 1.0000
Epoch 53: Time: 0.7552 Cost: 0.0006 Pre: 1.0000 Re: 1.0000 Acc: 1.0000 F1: 1.0000
Epoch 54: Time: 0.7565 Cost: 0.0005 Pre: 1.0000 Re: 1.0000 Acc: 1.0000 F1: 1.0000
Epoch 55: Time: 0.7689 Cost: 0.0005 Pre: 1.0000 Re: 1.0000 Acc: 1.0000 F1: 1.0000
Epoch 56: Time: 0.7547 Cost: 0.0005 Pre: 1.0000 Re: 1.0000 Acc: 1.0000 F1: 1.0000
Epoch 57: Time: 0.7555 Cost: 0.0005 Pre: 1.0000 Re: 1.0000 Acc: 1.0000 F1: 1.0000
Epoch 58: Time: 0.7514 Cost: 0.0005 Pre: 1.0000 Re: 1.0000 Acc: 1.0000 F1: 1.0000
Epoch 59: Time: 0.7564 Cost: 0.0005 Pre: 1.0000 Re: 1.0000 Acc: 1.0000 F1: 1.0000
Epoch 60: Time: 0.7921 Cost: 0.0005 Pre: 1.0000 Re: 1.0000 Acc: 1.0000 F1: 1.0000


--------------------------------------------------------------------
Eval results: Cost:0.0006 Pre:1.0000 Re:1.0000 Acc:1.0000 F1:1.0000
--------------------------------------------------------------------

Early stopping...
--------------------------------------------------------------------
--------------------------------------------------------------------
Test 4332 samples take time: 2.8374
Test results: Cost:0.0004 Pre:1.0000 Re:1.0000 Acc:1.0000 F1:1.0000
--------------------------------------------------------------------

