16768
16562
16206
16632
16380
16425
Load data
RNN type: O2 Grammar: g3 Seed: 2
Model total parameters: 200
Saving hinit ... 

Epoch 0: Time: 0.1869 Cost: 26.0700 Pre: 0.4176 Re: 0.4230 Acc: 0.4457 F1: 0.4203


--------------------------------------------------------------------
Eval results: Cost:25.3623 Pre:0.3911 Re:0.4045 Acc:0.4354 F1:0.3977
--------------------------------------------------------------------

Epoch 1: Time: 0.1166 Cost: 25.0724 Pre: 0.5468 Re: 0.2101 Acc: 0.5420 F1: 0.3035
Epoch 2: Time: 0.1151 Cost: 24.5719 Pre: 0.4906 Re: 0.0561 Acc: 0.5239 F1: 0.1007
Epoch 3: Time: 0.1152 Cost: 24.2439 Pre: 0.4610 Re: 0.2338 Acc: 0.5062 F1: 0.3103
Epoch 4: Time: 0.1145 Cost: 23.9519 Pre: 0.4610 Re: 0.2338 Acc: 0.5062 F1: 0.3103
Epoch 5: Time: 0.1146 Cost: 23.6540 Pre: 0.5260 Re: 0.5532 Acc: 0.5509 F1: 0.5393
Epoch 6: Time: 0.1152 Cost: 23.3533 Pre: 0.5365 Re: 0.7460 Acc: 0.5731 F1: 0.6241
Epoch 7: Time: 0.1145 Cost: 23.0677 Pre: 0.5489 Re: 0.9281 Acc: 0.6036 F1: 0.6898
Epoch 8: Time: 0.1153 Cost: 22.8135 Pre: 0.5489 Re: 0.9281 Acc: 0.6036 F1: 0.6898
Epoch 9: Time: 0.1149 Cost: 22.5969 Pre: 0.5489 Re: 0.9281 Acc: 0.6036 F1: 0.6898
Epoch 10: Time: 0.1166 Cost: 22.4146 Pre: 0.5489 Re: 0.9281 Acc: 0.6036 F1: 0.6898


--------------------------------------------------------------------
Eval results: Cost:22.4099 Pre:0.5348 Re:0.9284 Acc:0.5949 F1:0.6787
--------------------------------------------------------------------

Epoch 11: Time: 0.1173 Cost: 22.2619 Pre: 0.5646 Re: 0.9237 Acc: 0.6254 F1: 0.7009
Epoch 12: Time: 0.1148 Cost: 22.1303 Pre: 0.5970 Re: 0.8813 Acc: 0.6610 F1: 0.7118
Epoch 13: Time: 0.1232 Cost: 22.0031 Pre: 0.5970 Re: 0.8813 Acc: 0.6610 F1: 0.7118
Epoch 14: Time: 0.1177 Cost: 21.8780 Pre: 0.5970 Re: 0.8813 Acc: 0.6610 F1: 0.7118
Epoch 15: Time: 0.1141 Cost: 21.7518 Pre: 0.5970 Re: 0.8813 Acc: 0.6610 F1: 0.7118
Epoch 16: Time: 0.1141 Cost: 21.6210 Pre: 0.6033 Re: 0.8763 Acc: 0.6675 F1: 0.7146
Epoch 17: Time: 0.1145 Cost: 21.4826 Pre: 0.6118 Re: 0.8662 Acc: 0.6753 F1: 0.7171
Epoch 18: Time: 0.1158 Cost: 21.3346 Pre: 0.6317 Re: 0.8540 Acc: 0.6941 F1: 0.7262
Epoch 19: Time: 0.1161 Cost: 21.1754 Pre: 0.6392 Re: 0.8309 Acc: 0.6969 F1: 0.7226
Epoch 20: Time: 0.1167 Cost: 21.0040 Pre: 0.6398 Re: 0.8281 Acc: 0.6969 F1: 0.7219


--------------------------------------------------------------------
Eval results: Cost:21.2501 Pre:0.6154 Re:0.8358 Acc:0.6836 F1:0.7089
--------------------------------------------------------------------

Epoch 21: Time: 0.1147 Cost: 20.8217 Pre: 0.6394 Re: 0.8266 Acc: 0.6962 F1: 0.7211
Epoch 22: Time: 0.1150 Cost: 20.6309 Pre: 0.6465 Re: 0.8237 Acc: 0.7023 F1: 0.7245
Epoch 23: Time: 0.1149 Cost: 20.4270 Pre: 0.6506 Re: 0.8173 Acc: 0.7047 F1: 0.7245
Epoch 24: Time: 0.1155 Cost: 20.2142 Pre: 0.6513 Re: 0.8144 Acc: 0.7047 F1: 0.7238
Epoch 25: Time: 0.1154 Cost: 19.9969 Pre: 0.6522 Re: 0.8108 Acc: 0.7047 F1: 0.7229
Epoch 26: Time: 0.1155 Cost: 19.7778 Pre: 0.6522 Re: 0.8108 Acc: 0.7047 F1: 0.7229
Epoch 27: Time: 0.1145 Cost: 19.5577 Pre: 0.6522 Re: 0.8108 Acc: 0.7047 F1: 0.7229
Epoch 28: Time: 0.1143 Cost: 19.3343 Pre: 0.6522 Re: 0.8108 Acc: 0.7047 F1: 0.7229
Epoch 29: Time: 0.1142 Cost: 19.1029 Pre: 0.6522 Re: 0.8108 Acc: 0.7047 F1: 0.7229
Epoch 30: Time: 0.1159 Cost: 18.8571 Pre: 0.6530 Re: 0.8137 Acc: 0.7061 F1: 0.7245


--------------------------------------------------------------------
Eval results: Cost:19.3343 Pre:0.6234 Re:0.8254 Acc:0.6898 F1:0.7103
--------------------------------------------------------------------

Epoch 31: Time: 0.1152 Cost: 18.5969 Pre: 0.6530 Re: 0.8137 Acc: 0.7061 F1: 0.7245
Epoch 32: Time: 0.1152 Cost: 18.3189 Pre: 0.6532 Re: 0.8144 Acc: 0.7064 F1: 0.7249
Epoch 33: Time: 0.1158 Cost: 17.9943 Pre: 0.6532 Re: 0.8144 Acc: 0.7064 F1: 0.7249
Epoch 34: Time: 0.1156 Cost: 17.6221 Pre: 0.6688 Re: 0.8137 Acc: 0.7201 F1: 0.7342
Epoch 35: Time: 0.1147 Cost: 17.2010 Pre: 0.6884 Re: 0.8122 Acc: 0.7362 F1: 0.7452
Epoch 36: Time: 0.1152 Cost: 16.7300 Pre: 0.6902 Re: 0.8288 Acc: 0.7420 F1: 0.7532
Epoch 37: Time: 0.1147 Cost: 16.2115 Pre: 0.6957 Re: 0.9129 Acc: 0.7690 F1: 0.7897
Epoch 38: Time: 0.1149 Cost: 15.6508 Pre: 0.7056 Re: 0.9604 Acc: 0.7908 F1: 0.8135
Epoch 39: Time: 0.1145 Cost: 15.0529 Pre: 0.7183 Re: 0.9813 Acc: 0.8083 F1: 0.8294
Epoch 40: Time: 0.1145 Cost: 14.4177 Pre: 0.7492 Re: 0.9906 Acc: 0.8380 F1: 0.8532


--------------------------------------------------------------------
Eval results: Cost:15.2439 Pre:0.7141 Re:0.9955 Acc:0.8143 F1:0.8317
--------------------------------------------------------------------

Epoch 41: Time: 0.1162 Cost: 13.7535 Pre: 0.7631 Re: 0.9942 Acc: 0.8506 F1: 0.8635
Epoch 42: Time: 0.1154 Cost: 13.0387 Pre: 0.7836 Re: 0.9978 Acc: 0.8681 F1: 0.8778
Epoch 43: Time: 0.1148 Cost: 12.1859 Pre: 0.7983 Re: 0.9993 Acc: 0.8797 F1: 0.8875
Epoch 44: Time: 0.1143 Cost: 11.1579 Pre: 0.8273 Re: 0.9993 Acc: 0.9005 F1: 0.9052
Epoch 45: Time: 0.1151 Cost: 9.9222 Pre: 0.8623 Re: 1.0000 Acc: 0.9241 F1: 0.9260
Epoch 46: Time: 0.1151 Cost: 8.4803 Pre: 0.8956 Re: 1.0000 Acc: 0.9446 F1: 0.9449
Epoch 47: Time: 0.1146 Cost: 6.9033 Pre: 0.9279 Re: 1.0000 Acc: 0.9631 F1: 0.9626
Epoch 48: Time: 0.1146 Cost: 5.3735 Pre: 0.9586 Re: 1.0000 Acc: 0.9795 F1: 0.9789
Epoch 49: Time: 0.1145 Cost: 4.1035 Pre: 0.9803 Re: 1.0000 Acc: 0.9904 F1: 0.9900
Epoch 50: Time: 0.1163 Cost: 3.1413 Pre: 0.9914 Re: 1.0000 Acc: 0.9959 F1: 0.9957


--------------------------------------------------------------------
Eval results: Cost:2.8171 Pre:0.9911 Re:1.0000 Acc:0.9959 F1:0.9955
--------------------------------------------------------------------

Epoch 51: Time: 0.1144 Cost: 2.4764 Pre: 0.9971 Re: 1.0000 Acc: 0.9986 F1: 0.9986
Epoch 52: Time: 0.1141 Cost: 2.0037 Pre: 0.9978 Re: 1.0000 Acc: 0.9990 F1: 0.9989
Epoch 53: Time: 0.1145 Cost: 1.6117 Pre: 0.9978 Re: 1.0000 Acc: 0.9990 F1: 0.9989
Epoch 54: Time: 0.1149 Cost: 1.2931 Pre: 0.9978 Re: 1.0000 Acc: 0.9990 F1: 0.9989
Epoch 55: Time: 0.1148 Cost: 1.0404 Pre: 0.9978 Re: 1.0000 Acc: 0.9990 F1: 0.9989
Epoch 56: Time: 0.1146 Cost: 0.8421 Pre: 0.9978 Re: 1.0000 Acc: 0.9990 F1: 0.9989
Epoch 57: Time: 0.1143 Cost: 0.6873 Pre: 0.9986 Re: 1.0000 Acc: 0.9993 F1: 0.9993
Epoch 58: Time: 0.1161 Cost: 0.5667 Pre: 0.9986 Re: 1.0000 Acc: 0.9993 F1: 0.9993
Epoch 59: Time: 0.1147 Cost: 0.4722 Pre: 0.9986 Re: 1.0000 Acc: 0.9993 F1: 0.9993
Epoch 60: Time: 0.1149 Cost: 0.3973 Pre: 0.9993 Re: 1.0000 Acc: 0.9997 F1: 0.9996


--------------------------------------------------------------------
Eval results: Cost:0.3279 Pre:1.0000 Re:1.0000 Acc:1.0000 F1:1.0000
--------------------------------------------------------------------

Epoch 61: Time: 0.1144 Cost: 0.3354 Pre: 0.9993 Re: 1.0000 Acc: 0.9997 F1: 0.9996
Epoch 62: Time: 0.1144 Cost: 0.2826 Pre: 1.0000 Re: 1.0000 Acc: 1.0000 F1: 1.0000
Epoch 63: Time: 0.1150 Cost: 0.2418 Pre: 1.0000 Re: 1.0000 Acc: 1.0000 F1: 1.0000
Epoch 64: Time: 0.1146 Cost: 0.2082 Pre: 1.0000 Re: 1.0000 Acc: 1.0000 F1: 1.0000
Epoch 65: Time: 0.1143 Cost: 0.1796 Pre: 1.0000 Re: 1.0000 Acc: 1.0000 F1: 1.0000
Epoch 66: Time: 0.1162 Cost: 0.1552 Pre: 1.0000 Re: 1.0000 Acc: 1.0000 F1: 1.0000
Epoch 67: Time: 0.1144 Cost: 0.1343 Pre: 1.0000 Re: 1.0000 Acc: 1.0000 F1: 1.0000
Epoch 68: Time: 0.1138 Cost: 0.1165 Pre: 1.0000 Re: 1.0000 Acc: 1.0000 F1: 1.0000
Epoch 69: Time: 0.1144 Cost: 0.1013 Pre: 1.0000 Re: 1.0000 Acc: 1.0000 F1: 1.0000
Epoch 70: Time: 0.1150 Cost: 0.0884 Pre: 1.0000 Re: 1.0000 Acc: 1.0000 F1: 1.0000


--------------------------------------------------------------------
Eval results: Cost:0.0752 Pre:1.0000 Re:1.0000 Acc:1.0000 F1:1.0000
--------------------------------------------------------------------

Epoch 71: Time: 0.1146 Cost: 0.0775 Pre: 1.0000 Re: 1.0000 Acc: 1.0000 F1: 1.0000
Epoch 72: Time: 0.1153 Cost: 0.0676 Pre: 1.0000 Re: 1.0000 Acc: 1.0000 F1: 1.0000
Epoch 73: Time: 0.1152 Cost: 0.0599 Pre: 1.0000 Re: 1.0000 Acc: 1.0000 F1: 1.0000
Epoch 74: Time: 0.1154 Cost: 0.0535 Pre: 1.0000 Re: 1.0000 Acc: 1.0000 F1: 1.0000
Epoch 75: Time: 0.1147 Cost: 0.0479 Pre: 1.0000 Re: 1.0000 Acc: 1.0000 F1: 1.0000
Epoch 76: Time: 0.1143 Cost: 0.0432 Pre: 1.0000 Re: 1.0000 Acc: 1.0000 F1: 1.0000
Epoch 77: Time: 0.1141 Cost: 0.0392 Pre: 1.0000 Re: 1.0000 Acc: 1.0000 F1: 1.0000
Epoch 78: Time: 0.1147 Cost: 0.0358 Pre: 1.0000 Re: 1.0000 Acc: 1.0000 F1: 1.0000
Epoch 79: Time: 0.1147 Cost: 0.0328 Pre: 1.0000 Re: 1.0000 Acc: 1.0000 F1: 1.0000
Epoch 80: Time: 0.1147 Cost: 0.0302 Pre: 1.0000 Re: 1.0000 Acc: 1.0000 F1: 1.0000


--------------------------------------------------------------------
Eval results: Cost:0.0273 Pre:1.0000 Re:1.0000 Acc:1.0000 F1:1.0000
--------------------------------------------------------------------

Epoch 81: Time: 0.1164 Cost: 0.0280 Pre: 1.0000 Re: 1.0000 Acc: 1.0000 F1: 1.0000
Epoch 82: Time: 0.1156 Cost: 0.0259 Pre: 1.0000 Re: 1.0000 Acc: 1.0000 F1: 1.0000
Epoch 83: Time: 0.1154 Cost: 0.0242 Pre: 1.0000 Re: 1.0000 Acc: 1.0000 F1: 1.0000
Epoch 84: Time: 0.1149 Cost: 0.0227 Pre: 1.0000 Re: 1.0000 Acc: 1.0000 F1: 1.0000
Epoch 85: Time: 0.1145 Cost: 0.0213 Pre: 1.0000 Re: 1.0000 Acc: 1.0000 F1: 1.0000
Epoch 86: Time: 0.1148 Cost: 0.0201 Pre: 1.0000 Re: 1.0000 Acc: 1.0000 F1: 1.0000
Epoch 87: Time: 0.1139 Cost: 0.0190 Pre: 1.0000 Re: 1.0000 Acc: 1.0000 F1: 1.0000
Epoch 88: Time: 0.1145 Cost: 0.0180 Pre: 1.0000 Re: 1.0000 Acc: 1.0000 F1: 1.0000
Epoch 89: Time: 0.1159 Cost: 0.0172 Pre: 1.0000 Re: 1.0000 Acc: 1.0000 F1: 1.0000
Epoch 90: Time: 0.1229 Cost: 0.0164 Pre: 1.0000 Re: 1.0000 Acc: 1.0000 F1: 1.0000


--------------------------------------------------------------------
Eval results: Cost:0.0155 Pre:1.0000 Re:1.0000 Acc:1.0000 F1:1.0000
--------------------------------------------------------------------

Epoch 91: Time: 0.1145 Cost: 0.0156 Pre: 1.0000 Re: 1.0000 Acc: 1.0000 F1: 1.0000
Epoch 92: Time: 0.1147 Cost: 0.0149 Pre: 1.0000 Re: 1.0000 Acc: 1.0000 F1: 1.0000
Epoch 93: Time: 0.1157 Cost: 0.0143 Pre: 1.0000 Re: 1.0000 Acc: 1.0000 F1: 1.0000
Epoch 94: Time: 0.1146 Cost: 0.0138 Pre: 1.0000 Re: 1.0000 Acc: 1.0000 F1: 1.0000
Epoch 95: Time: 0.1149 Cost: 0.0132 Pre: 1.0000 Re: 1.0000 Acc: 1.0000 F1: 1.0000
Epoch 96: Time: 0.1161 Cost: 0.0127 Pre: 1.0000 Re: 1.0000 Acc: 1.0000 F1: 1.0000
Epoch 97: Time: 0.1144 Cost: 0.0123 Pre: 1.0000 Re: 1.0000 Acc: 1.0000 F1: 1.0000
Epoch 98: Time: 0.1171 Cost: 0.0119 Pre: 1.0000 Re: 1.0000 Acc: 1.0000 F1: 1.0000
Epoch 99: Time: 0.1151 Cost: 0.0115 Pre: 1.0000 Re: 1.0000 Acc: 1.0000 F1: 1.0000
Epoch 100: Time: 0.1143 Cost: 0.0111 Pre: 1.0000 Re: 1.0000 Acc: 1.0000 F1: 1.0000


--------------------------------------------------------------------
Eval results: Cost:0.0109 Pre:1.0000 Re:1.0000 Acc:1.0000 F1:1.0000
--------------------------------------------------------------------

Epoch 101: Time: 0.1146 Cost: 0.0108 Pre: 1.0000 Re: 1.0000 Acc: 1.0000 F1: 1.0000
Epoch 102: Time: 0.1139 Cost: 0.0104 Pre: 1.0000 Re: 1.0000 Acc: 1.0000 F1: 1.0000
Epoch 103: Time: 0.1136 Cost: 0.0101 Pre: 1.0000 Re: 1.0000 Acc: 1.0000 F1: 1.0000
Epoch 104: Time: 0.1136 Cost: 0.0099 Pre: 1.0000 Re: 1.0000 Acc: 1.0000 F1: 1.0000
Epoch 105: Time: 0.1161 Cost: 0.0096 Pre: 1.0000 Re: 1.0000 Acc: 1.0000 F1: 1.0000
Epoch 106: Time: 0.1171 Cost: 0.0093 Pre: 1.0000 Re: 1.0000 Acc: 1.0000 F1: 1.0000
Epoch 107: Time: 0.1151 Cost: 0.0091 Pre: 1.0000 Re: 1.0000 Acc: 1.0000 F1: 1.0000
Epoch 108: Time: 0.1139 Cost: 0.0089 Pre: 1.0000 Re: 1.0000 Acc: 1.0000 F1: 1.0000
Epoch 109: Time: 0.1148 Cost: 0.0087 Pre: 1.0000 Re: 1.0000 Acc: 1.0000 F1: 1.0000
Epoch 110: Time: 0.1157 Cost: 0.0084 Pre: 1.0000 Re: 1.0000 Acc: 1.0000 F1: 1.0000


--------------------------------------------------------------------
Eval results: Cost:0.0085 Pre:1.0000 Re:1.0000 Acc:1.0000 F1:1.0000
--------------------------------------------------------------------

Epoch 111: Time: 0.1147 Cost: 0.0083 Pre: 1.0000 Re: 1.0000 Acc: 1.0000 F1: 1.0000
Epoch 112: Time: 0.1146 Cost: 0.0081 Pre: 1.0000 Re: 1.0000 Acc: 1.0000 F1: 1.0000
Epoch 113: Time: 0.1152 Cost: 0.0079 Pre: 1.0000 Re: 1.0000 Acc: 1.0000 F1: 1.0000
Epoch 114: Time: 0.1157 Cost: 0.0077 Pre: 1.0000 Re: 1.0000 Acc: 1.0000 F1: 1.0000
Epoch 115: Time: 0.1152 Cost: 0.0076 Pre: 1.0000 Re: 1.0000 Acc: 1.0000 F1: 1.0000
Epoch 116: Time: 0.1150 Cost: 0.0074 Pre: 1.0000 Re: 1.0000 Acc: 1.0000 F1: 1.0000
Epoch 117: Time: 0.1148 Cost: 0.0073 Pre: 1.0000 Re: 1.0000 Acc: 1.0000 F1: 1.0000
Epoch 118: Time: 0.1150 Cost: 0.0071 Pre: 1.0000 Re: 1.0000 Acc: 1.0000 F1: 1.0000
Epoch 119: Time: 0.1145 Cost: 0.0070 Pre: 1.0000 Re: 1.0000 Acc: 1.0000 F1: 1.0000
Epoch 120: Time: 0.1159 Cost: 0.0068 Pre: 1.0000 Re: 1.0000 Acc: 1.0000 F1: 1.0000


--------------------------------------------------------------------
Eval results: Cost:0.0070 Pre:1.0000 Re:1.0000 Acc:1.0000 F1:1.0000
--------------------------------------------------------------------

Epoch 121: Time: 0.1178 Cost: 0.0067 Pre: 1.0000 Re: 1.0000 Acc: 1.0000 F1: 1.0000
Epoch 122: Time: 0.1159 Cost: 0.0066 Pre: 1.0000 Re: 1.0000 Acc: 1.0000 F1: 1.0000
Epoch 123: Time: 0.1146 Cost: 0.0065 Pre: 1.0000 Re: 1.0000 Acc: 1.0000 F1: 1.0000
Epoch 124: Time: 0.1148 Cost: 0.0064 Pre: 1.0000 Re: 1.0000 Acc: 1.0000 F1: 1.0000
Epoch 125: Time: 0.1139 Cost: 0.0063 Pre: 1.0000 Re: 1.0000 Acc: 1.0000 F1: 1.0000
Epoch 126: Time: 0.1152 Cost: 0.0062 Pre: 1.0000 Re: 1.0000 Acc: 1.0000 F1: 1.0000
Epoch 127: Time: 0.1150 Cost: 0.0060 Pre: 1.0000 Re: 1.0000 Acc: 1.0000 F1: 1.0000
Epoch 128: Time: 0.1145 Cost: 0.0060 Pre: 1.0000 Re: 1.0000 Acc: 1.0000 F1: 1.0000
Epoch 129: Time: 0.1145 Cost: 0.0059 Pre: 1.0000 Re: 1.0000 Acc: 1.0000 F1: 1.0000
Epoch 130: Time: 0.1161 Cost: 0.0058 Pre: 1.0000 Re: 1.0000 Acc: 1.0000 F1: 1.0000


--------------------------------------------------------------------
Eval results: Cost:0.0060 Pre:1.0000 Re:1.0000 Acc:1.0000 F1:1.0000
--------------------------------------------------------------------

Epoch 131: Time: 0.1152 Cost: 0.0057 Pre: 1.0000 Re: 1.0000 Acc: 1.0000 F1: 1.0000
Epoch 132: Time: 0.1139 Cost: 0.0056 Pre: 1.0000 Re: 1.0000 Acc: 1.0000 F1: 1.0000
Epoch 133: Time: 0.1143 Cost: 0.0055 Pre: 1.0000 Re: 1.0000 Acc: 1.0000 F1: 1.0000
Epoch 134: Time: 0.1147 Cost: 0.0054 Pre: 1.0000 Re: 1.0000 Acc: 1.0000 F1: 1.0000
Epoch 135: Time: 0.1142 Cost: 0.0054 Pre: 1.0000 Re: 1.0000 Acc: 1.0000 F1: 1.0000
Epoch 136: Time: 0.1143 Cost: 0.0053 Pre: 1.0000 Re: 1.0000 Acc: 1.0000 F1: 1.0000
Epoch 137: Time: 0.1142 Cost: 0.0052 Pre: 1.0000 Re: 1.0000 Acc: 1.0000 F1: 1.0000
Epoch 138: Time: 0.1241 Cost: 0.0051 Pre: 1.0000 Re: 1.0000 Acc: 1.0000 F1: 1.0000
Epoch 139: Time: 0.1143 Cost: 0.0051 Pre: 1.0000 Re: 1.0000 Acc: 1.0000 F1: 1.0000
Epoch 140: Time: 0.1141 Cost: 0.0050 Pre: 1.0000 Re: 1.0000 Acc: 1.0000 F1: 1.0000


--------------------------------------------------------------------
Eval results: Cost:0.0053 Pre:1.0000 Re:1.0000 Acc:1.0000 F1:1.0000
--------------------------------------------------------------------

Epoch 141: Time: 0.1156 Cost: 0.0049 Pre: 1.0000 Re: 1.0000 Acc: 1.0000 F1: 1.0000
Epoch 142: Time: 0.1140 Cost: 0.0049 Pre: 1.0000 Re: 1.0000 Acc: 1.0000 F1: 1.0000
Epoch 143: Time: 0.1158 Cost: 0.0048 Pre: 1.0000 Re: 1.0000 Acc: 1.0000 F1: 1.0000
Epoch 144: Time: 0.1153 Cost: 0.0047 Pre: 1.0000 Re: 1.0000 Acc: 1.0000 F1: 1.0000
Epoch 145: Time: 0.1143 Cost: 0.0047 Pre: 1.0000 Re: 1.0000 Acc: 1.0000 F1: 1.0000
Epoch 146: Time: 0.1160 Cost: 0.0046 Pre: 1.0000 Re: 1.0000 Acc: 1.0000 F1: 1.0000
Epoch 147: Time: 0.1149 Cost: 0.0046 Pre: 1.0000 Re: 1.0000 Acc: 1.0000 F1: 1.0000
Epoch 148: Time: 0.1151 Cost: 0.0045 Pre: 1.0000 Re: 1.0000 Acc: 1.0000 F1: 1.0000
Epoch 149: Time: 0.1142 Cost: 0.0045 Pre: 1.0000 Re: 1.0000 Acc: 1.0000 F1: 1.0000
Epoch 150: Time: 0.1151 Cost: 0.0044 Pre: 1.0000 Re: 1.0000 Acc: 1.0000 F1: 1.0000


--------------------------------------------------------------------
Eval results: Cost:0.0047 Pre:1.0000 Re:1.0000 Acc:1.0000 F1:1.0000
--------------------------------------------------------------------

Epoch 151: Time: 0.1141 Cost: 0.0044 Pre: 1.0000 Re: 1.0000 Acc: 1.0000 F1: 1.0000
Epoch 152: Time: 0.1148 Cost: 0.0043 Pre: 1.0000 Re: 1.0000 Acc: 1.0000 F1: 1.0000
Epoch 153: Time: 0.1151 Cost: 0.0043 Pre: 1.0000 Re: 1.0000 Acc: 1.0000 F1: 1.0000
Epoch 154: Time: 0.1154 Cost: 0.0042 Pre: 1.0000 Re: 1.0000 Acc: 1.0000 F1: 1.0000
Epoch 155: Time: 0.1148 Cost: 0.0042 Pre: 1.0000 Re: 1.0000 Acc: 1.0000 F1: 1.0000
Epoch 156: Time: 0.1146 Cost: 0.0041 Pre: 1.0000 Re: 1.0000 Acc: 1.0000 F1: 1.0000
Epoch 157: Time: 0.1143 Cost: 0.0041 Pre: 1.0000 Re: 1.0000 Acc: 1.0000 F1: 1.0000
Epoch 158: Time: 0.1145 Cost: 0.0040 Pre: 1.0000 Re: 1.0000 Acc: 1.0000 F1: 1.0000
Epoch 159: Time: 0.1139 Cost: 0.0040 Pre: 1.0000 Re: 1.0000 Acc: 1.0000 F1: 1.0000
Epoch 160: Time: 0.1145 Cost: 0.0040 Pre: 1.0000 Re: 1.0000 Acc: 1.0000 F1: 1.0000


--------------------------------------------------------------------
Eval results: Cost:0.0043 Pre:1.0000 Re:1.0000 Acc:1.0000 F1:1.0000
--------------------------------------------------------------------

Epoch 161: Time: 0.1151 Cost: 0.0039 Pre: 1.0000 Re: 1.0000 Acc: 1.0000 F1: 1.0000
Epoch 162: Time: 0.1156 Cost: 0.0039 Pre: 1.0000 Re: 1.0000 Acc: 1.0000 F1: 1.0000
Epoch 163: Time: 0.1150 Cost: 0.0038 Pre: 1.0000 Re: 1.0000 Acc: 1.0000 F1: 1.0000
Epoch 164: Time: 0.1142 Cost: 0.0038 Pre: 1.0000 Re: 1.0000 Acc: 1.0000 F1: 1.0000
Epoch 165: Time: 0.1143 Cost: 0.0038 Pre: 1.0000 Re: 1.0000 Acc: 1.0000 F1: 1.0000
Epoch 166: Time: 0.1145 Cost: 0.0037 Pre: 1.0000 Re: 1.0000 Acc: 1.0000 F1: 1.0000
Epoch 167: Time: 0.1145 Cost: 0.0037 Pre: 1.0000 Re: 1.0000 Acc: 1.0000 F1: 1.0000
Epoch 168: Time: 0.1155 Cost: 0.0037 Pre: 1.0000 Re: 1.0000 Acc: 1.0000 F1: 1.0000
Epoch 169: Time: 0.1147 Cost: 0.0036 Pre: 1.0000 Re: 1.0000 Acc: 1.0000 F1: 1.0000
Epoch 170: Time: 0.1159 Cost: 0.0036 Pre: 1.0000 Re: 1.0000 Acc: 1.0000 F1: 1.0000


--------------------------------------------------------------------
Eval results: Cost:0.0039 Pre:1.0000 Re:1.0000 Acc:1.0000 F1:1.0000
--------------------------------------------------------------------

Early stopping...
--------------------------------------------------------------------
--------------------------------------------------------------------
Test 4332 samples take time: 0.3908
Test results: Cost:0.0030 Pre:1.0000 Re:1.0000 Acc:1.0000 F1:1.0000
--------------------------------------------------------------------

