16768
16562
16206
16632
16380
16425
Load data
RNN type: O2 Grammar: g3 Seed: 6
Model total parameters: 200
Saving hinit ... 

Epoch 0: Time: 0.2137 Cost: 25.1849 Pre: 0.4742 Re: 0.9935 Acc: 0.4737 F1: 0.6420


--------------------------------------------------------------------
Eval results: Cost:24.9623 Pre:0.4754 Re:0.9955 Acc:0.4917 F1:0.6435
--------------------------------------------------------------------

Epoch 1: Time: 0.1391 Cost: 24.5130 Pre: 0.5359 Re: 0.9662 Acc: 0.5865 F1: 0.6894
Epoch 2: Time: 0.1392 Cost: 23.5930 Pre: 0.6000 Re: 0.8633 Acc: 0.6617 F1: 0.7080
Epoch 3: Time: 0.1386 Cost: 21.9653 Pre: 0.6402 Re: 0.8194 Acc: 0.6955 F1: 0.7188
Epoch 4: Time: 0.1373 Cost: 19.8979 Pre: 0.6510 Re: 0.8065 Acc: 0.7027 F1: 0.7204
Epoch 5: Time: 0.1402 Cost: 18.6713 Pre: 0.6578 Re: 0.8022 Acc: 0.7078 F1: 0.7229
Epoch 6: Time: 0.1383 Cost: 17.6672 Pre: 0.6993 Re: 0.7763 Acc: 0.7351 F1: 0.7358
Epoch 7: Time: 0.1392 Cost: 16.3870 Pre: 0.7347 Re: 0.7669 Acc: 0.7577 F1: 0.7504
Epoch 8: Time: 0.1395 Cost: 14.4181 Pre: 0.7793 Re: 0.7849 Acc: 0.7922 F1: 0.7821
Epoch 9: Time: 0.1392 Cost: 11.6823 Pre: 0.8355 Re: 0.8806 Acc: 0.8609 F1: 0.8574
Epoch 10: Time: 0.1399 Cost: 8.2752 Pre: 0.8919 Re: 0.9374 Acc: 0.9163 F1: 0.9141


--------------------------------------------------------------------
Eval results: Cost:6.5944 Pre:0.8892 Re:0.9940 Acc:0.9402 F1:0.9387
--------------------------------------------------------------------

Epoch 11: Time: 0.1423 Cost: 5.1238 Pre: 0.9299 Re: 0.9928 Acc: 0.9610 F1: 0.9603
Epoch 12: Time: 0.1389 Cost: 3.6161 Pre: 0.9565 Re: 0.9971 Acc: 0.9771 F1: 0.9764
Epoch 13: Time: 0.1388 Cost: 2.5842 Pre: 0.9802 Re: 0.9978 Acc: 0.9894 F1: 0.9889
Epoch 14: Time: 0.1390 Cost: 1.9077 Pre: 0.9865 Re: 0.9986 Acc: 0.9928 F1: 0.9925
Epoch 15: Time: 0.1392 Cost: 1.4178 Pre: 0.9914 Re: 0.9986 Acc: 0.9952 F1: 0.9950
Epoch 16: Time: 0.1389 Cost: 1.0553 Pre: 0.9936 Re: 0.9986 Acc: 0.9962 F1: 0.9961
Epoch 17: Time: 0.1399 Cost: 0.7903 Pre: 0.9964 Re: 0.9986 Acc: 0.9976 F1: 0.9975
Epoch 18: Time: 0.1408 Cost: 0.5967 Pre: 0.9978 Re: 0.9986 Acc: 0.9983 F1: 0.9982
Epoch 19: Time: 0.1387 Cost: 0.4496 Pre: 0.9986 Re: 0.9986 Acc: 0.9986 F1: 0.9986
Epoch 20: Time: 0.1395 Cost: 0.3361 Pre: 1.0000 Re: 0.9986 Acc: 0.9993 F1: 0.9993


--------------------------------------------------------------------
Eval results: Cost:0.2884 Pre:1.0000 Re:0.9985 Acc:0.9993 F1:0.9993
--------------------------------------------------------------------

Epoch 21: Time: 0.1387 Cost: 0.2500 Pre: 1.0000 Re: 0.9986 Acc: 0.9993 F1: 0.9993
Epoch 22: Time: 0.1377 Cost: 0.1865 Pre: 1.0000 Re: 0.9993 Acc: 0.9997 F1: 0.9996
Epoch 23: Time: 0.1387 Cost: 0.1404 Pre: 1.0000 Re: 0.9993 Acc: 0.9997 F1: 0.9996
Epoch 24: Time: 0.1393 Cost: 0.1077 Pre: 1.0000 Re: 0.9993 Acc: 0.9997 F1: 0.9996
Epoch 25: Time: 0.1399 Cost: 0.0849 Pre: 1.0000 Re: 0.9993 Acc: 0.9997 F1: 0.9996
Epoch 26: Time: 0.1395 Cost: 0.0691 Pre: 1.0000 Re: 0.9993 Acc: 0.9997 F1: 0.9996
Epoch 27: Time: 0.1391 Cost: 0.0580 Pre: 1.0000 Re: 0.9993 Acc: 0.9997 F1: 0.9996
Epoch 28: Time: 0.1395 Cost: 0.0500 Pre: 1.0000 Re: 0.9993 Acc: 0.9997 F1: 0.9996
Epoch 29: Time: 0.1373 Cost: 0.0443 Pre: 1.0000 Re: 0.9993 Acc: 0.9997 F1: 0.9996
Epoch 30: Time: 0.1364 Cost: 0.0400 Pre: 1.0000 Re: 0.9993 Acc: 0.9997 F1: 0.9996


--------------------------------------------------------------------
Eval results: Cost:0.0525 Pre:1.0000 Re:0.9985 Acc:0.9993 F1:0.9993
--------------------------------------------------------------------

Epoch 31: Time: 0.1405 Cost: 0.0367 Pre: 1.0000 Re: 0.9993 Acc: 0.9997 F1: 0.9996
Epoch 32: Time: 0.1375 Cost: 0.0341 Pre: 1.0000 Re: 0.9993 Acc: 0.9997 F1: 0.9996
Epoch 33: Time: 0.1374 Cost: 0.0320 Pre: 1.0000 Re: 0.9993 Acc: 0.9997 F1: 0.9996
Epoch 34: Time: 0.1387 Cost: 0.0303 Pre: 1.0000 Re: 0.9993 Acc: 0.9997 F1: 0.9996
Epoch 35: Time: 0.1376 Cost: 0.0289 Pre: 1.0000 Re: 0.9993 Acc: 0.9997 F1: 0.9996
Epoch 36: Time: 0.1394 Cost: 0.0277 Pre: 1.0000 Re: 0.9993 Acc: 0.9997 F1: 0.9996
Epoch 37: Time: 0.1380 Cost: 0.0266 Pre: 1.0000 Re: 0.9993 Acc: 0.9997 F1: 0.9996
Epoch 38: Time: 0.1416 Cost: 0.0256 Pre: 1.0000 Re: 0.9993 Acc: 0.9997 F1: 0.9996
Epoch 39: Time: 0.1386 Cost: 0.0248 Pre: 1.0000 Re: 0.9993 Acc: 0.9997 F1: 0.9996
Epoch 40: Time: 0.1379 Cost: 0.0240 Pre: 1.0000 Re: 0.9993 Acc: 0.9997 F1: 0.9996


--------------------------------------------------------------------
Eval results: Cost:0.0391 Pre:1.0000 Re:0.9985 Acc:0.9993 F1:0.9993
--------------------------------------------------------------------

Epoch 41: Time: 0.1484 Cost: 0.0233 Pre: 1.0000 Re: 0.9993 Acc: 0.9997 F1: 0.9996
Epoch 42: Time: 0.1488 Cost: 0.0227 Pre: 1.0000 Re: 0.9993 Acc: 0.9997 F1: 0.9996
Epoch 43: Time: 0.1385 Cost: 0.0222 Pre: 1.0000 Re: 0.9993 Acc: 0.9997 F1: 0.9996
Epoch 44: Time: 0.1383 Cost: 0.0216 Pre: 1.0000 Re: 0.9993 Acc: 0.9997 F1: 0.9996
Epoch 45: Time: 0.1383 Cost: 0.0211 Pre: 1.0000 Re: 0.9993 Acc: 0.9997 F1: 0.9996
Epoch 46: Time: 0.1375 Cost: 0.0206 Pre: 1.0000 Re: 0.9993 Acc: 0.9997 F1: 0.9996
Epoch 47: Time: 0.1391 Cost: 0.0201 Pre: 1.0000 Re: 0.9993 Acc: 0.9997 F1: 0.9996
Epoch 48: Time: 0.1458 Cost: 0.0197 Pre: 1.0000 Re: 0.9993 Acc: 0.9997 F1: 0.9996
Epoch 49: Time: 0.1378 Cost: 0.0193 Pre: 1.0000 Re: 0.9993 Acc: 0.9997 F1: 0.9996
Epoch 50: Time: 0.1378 Cost: 0.0188 Pre: 1.0000 Re: 0.9993 Acc: 0.9997 F1: 0.9996


--------------------------------------------------------------------
Eval results: Cost:0.0324 Pre:1.0000 Re:0.9985 Acc:0.9993 F1:0.9993
--------------------------------------------------------------------

Epoch 51: Time: 0.1428 Cost: 0.0185 Pre: 1.0000 Re: 0.9993 Acc: 0.9997 F1: 0.9996
Epoch 52: Time: 0.1370 Cost: 0.0181 Pre: 1.0000 Re: 0.9993 Acc: 0.9997 F1: 0.9996
Epoch 53: Time: 0.1397 Cost: 0.0177 Pre: 1.0000 Re: 0.9993 Acc: 0.9997 F1: 0.9996
Epoch 54: Time: 0.1390 Cost: 0.0174 Pre: 1.0000 Re: 0.9993 Acc: 0.9997 F1: 0.9996
Epoch 55: Time: 0.1378 Cost: 0.0170 Pre: 1.0000 Re: 0.9993 Acc: 0.9997 F1: 0.9996
Epoch 56: Time: 0.1375 Cost: 0.0167 Pre: 1.0000 Re: 0.9993 Acc: 0.9997 F1: 0.9996
Epoch 57: Time: 0.1370 Cost: 0.0164 Pre: 1.0000 Re: 0.9993 Acc: 0.9997 F1: 0.9996
Epoch 58: Time: 0.1443 Cost: 0.0161 Pre: 1.0000 Re: 0.9993 Acc: 0.9997 F1: 0.9996
Epoch 59: Time: 0.1395 Cost: 0.0157 Pre: 1.0000 Re: 0.9993 Acc: 0.9997 F1: 0.9996
Epoch 60: Time: 0.1379 Cost: 0.0154 Pre: 1.0000 Re: 0.9993 Acc: 0.9997 F1: 0.9996


--------------------------------------------------------------------
Eval results: Cost:0.0271 Pre:1.0000 Re:0.9985 Acc:0.9993 F1:0.9993
--------------------------------------------------------------------

Epoch 61: Time: 0.1368 Cost: 0.0151 Pre: 1.0000 Re: 0.9993 Acc: 0.9997 F1: 0.9996
Epoch 62: Time: 0.1373 Cost: 0.0149 Pre: 1.0000 Re: 0.9993 Acc: 0.9997 F1: 0.9996
Epoch 63: Time: 0.1357 Cost: 0.0146 Pre: 1.0000 Re: 0.9993 Acc: 0.9997 F1: 0.9996
Epoch 64: Time: 0.1404 Cost: 0.0143 Pre: 1.0000 Re: 0.9993 Acc: 0.9997 F1: 0.9996
Epoch 65: Time: 0.1374 Cost: 0.0140 Pre: 1.0000 Re: 0.9993 Acc: 0.9997 F1: 0.9996
Epoch 66: Time: 0.1375 Cost: 0.0138 Pre: 1.0000 Re: 0.9993 Acc: 0.9997 F1: 0.9996
Epoch 67: Time: 0.1365 Cost: 0.0135 Pre: 1.0000 Re: 0.9993 Acc: 0.9997 F1: 0.9996
Epoch 68: Time: 0.1375 Cost: 0.0133 Pre: 1.0000 Re: 0.9993 Acc: 0.9997 F1: 0.9996
Epoch 69: Time: 0.1366 Cost: 0.0130 Pre: 1.0000 Re: 0.9993 Acc: 0.9997 F1: 0.9996
Epoch 70: Time: 0.1379 Cost: 0.0128 Pre: 1.0000 Re: 0.9993 Acc: 0.9997 F1: 0.9996


--------------------------------------------------------------------
Eval results: Cost:0.0225 Pre:1.0000 Re:0.9985 Acc:0.9993 F1:0.9993
--------------------------------------------------------------------

Epoch 71: Time: 0.1424 Cost: 0.0125 Pre: 1.0000 Re: 0.9993 Acc: 0.9997 F1: 0.9996
Epoch 72: Time: 0.1395 Cost: 0.0123 Pre: 1.0000 Re: 0.9993 Acc: 0.9997 F1: 0.9996
Epoch 73: Time: 0.1390 Cost: 0.0121 Pre: 1.0000 Re: 0.9993 Acc: 0.9997 F1: 0.9996
Epoch 74: Time: 0.1388 Cost: 0.0118 Pre: 1.0000 Re: 0.9993 Acc: 0.9997 F1: 0.9996
Epoch 75: Time: 0.1385 Cost: 0.0116 Pre: 1.0000 Re: 1.0000 Acc: 1.0000 F1: 1.0000
Epoch 76: Time: 0.1396 Cost: 0.0114 Pre: 1.0000 Re: 1.0000 Acc: 1.0000 F1: 1.0000
Epoch 77: Time: 0.1376 Cost: 0.0112 Pre: 1.0000 Re: 1.0000 Acc: 1.0000 F1: 1.0000
Epoch 78: Time: 0.1426 Cost: 0.0110 Pre: 1.0000 Re: 1.0000 Acc: 1.0000 F1: 1.0000
Epoch 79: Time: 0.1397 Cost: 0.0107 Pre: 1.0000 Re: 1.0000 Acc: 1.0000 F1: 1.0000
Epoch 80: Time: 0.1392 Cost: 0.0105 Pre: 1.0000 Re: 1.0000 Acc: 1.0000 F1: 1.0000


--------------------------------------------------------------------
Eval results: Cost:0.0186 Pre:1.0000 Re:1.0000 Acc:1.0000 F1:1.0000
--------------------------------------------------------------------

Epoch 81: Time: 0.1382 Cost: 0.0103 Pre: 1.0000 Re: 1.0000 Acc: 1.0000 F1: 1.0000
Epoch 82: Time: 0.1379 Cost: 0.0101 Pre: 1.0000 Re: 1.0000 Acc: 1.0000 F1: 1.0000
Epoch 83: Time: 0.1389 Cost: 0.0099 Pre: 1.0000 Re: 1.0000 Acc: 1.0000 F1: 1.0000
Epoch 84: Time: 0.1416 Cost: 0.0098 Pre: 1.0000 Re: 1.0000 Acc: 1.0000 F1: 1.0000
Epoch 85: Time: 0.1391 Cost: 0.0096 Pre: 1.0000 Re: 1.0000 Acc: 1.0000 F1: 1.0000
Epoch 86: Time: 0.1378 Cost: 0.0094 Pre: 1.0000 Re: 1.0000 Acc: 1.0000 F1: 1.0000
Epoch 87: Time: 0.1384 Cost: 0.0092 Pre: 1.0000 Re: 1.0000 Acc: 1.0000 F1: 1.0000
Epoch 88: Time: 0.1396 Cost: 0.0090 Pre: 1.0000 Re: 1.0000 Acc: 1.0000 F1: 1.0000
Epoch 89: Time: 0.1374 Cost: 0.0088 Pre: 1.0000 Re: 1.0000 Acc: 1.0000 F1: 1.0000
Epoch 90: Time: 0.1382 Cost: 0.0087 Pre: 1.0000 Re: 1.0000 Acc: 1.0000 F1: 1.0000


--------------------------------------------------------------------
Eval results: Cost:0.0152 Pre:1.0000 Re:1.0000 Acc:1.0000 F1:1.0000
--------------------------------------------------------------------

Epoch 91: Time: 0.1410 Cost: 0.0085 Pre: 1.0000 Re: 1.0000 Acc: 1.0000 F1: 1.0000
Epoch 92: Time: 0.1388 Cost: 0.0083 Pre: 1.0000 Re: 1.0000 Acc: 1.0000 F1: 1.0000
Epoch 93: Time: 0.1384 Cost: 0.0082 Pre: 1.0000 Re: 1.0000 Acc: 1.0000 F1: 1.0000
Epoch 94: Time: 0.1385 Cost: 0.0080 Pre: 1.0000 Re: 1.0000 Acc: 1.0000 F1: 1.0000
Epoch 95: Time: 0.1366 Cost: 0.0079 Pre: 1.0000 Re: 1.0000 Acc: 1.0000 F1: 1.0000
Epoch 96: Time: 0.1369 Cost: 0.0077 Pre: 1.0000 Re: 1.0000 Acc: 1.0000 F1: 1.0000
Epoch 97: Time: 0.1359 Cost: 0.0075 Pre: 1.0000 Re: 1.0000 Acc: 1.0000 F1: 1.0000
Epoch 98: Time: 0.1408 Cost: 0.0074 Pre: 1.0000 Re: 1.0000 Acc: 1.0000 F1: 1.0000
Epoch 99: Time: 0.1375 Cost: 0.0072 Pre: 1.0000 Re: 1.0000 Acc: 1.0000 F1: 1.0000
Epoch 100: Time: 0.1361 Cost: 0.0071 Pre: 1.0000 Re: 1.0000 Acc: 1.0000 F1: 1.0000


--------------------------------------------------------------------
Eval results: Cost:0.0124 Pre:1.0000 Re:1.0000 Acc:1.0000 F1:1.0000
--------------------------------------------------------------------

Epoch 101: Time: 0.1375 Cost: 0.0070 Pre: 1.0000 Re: 1.0000 Acc: 1.0000 F1: 1.0000
Epoch 102: Time: 0.1379 Cost: 0.0068 Pre: 1.0000 Re: 1.0000 Acc: 1.0000 F1: 1.0000
Epoch 103: Time: 0.1384 Cost: 0.0067 Pre: 1.0000 Re: 1.0000 Acc: 1.0000 F1: 1.0000
Epoch 104: Time: 0.1448 Cost: 0.0066 Pre: 1.0000 Re: 1.0000 Acc: 1.0000 F1: 1.0000
Epoch 105: Time: 0.1397 Cost: 0.0064 Pre: 1.0000 Re: 1.0000 Acc: 1.0000 F1: 1.0000
Epoch 106: Time: 0.1385 Cost: 0.0063 Pre: 1.0000 Re: 1.0000 Acc: 1.0000 F1: 1.0000
Epoch 107: Time: 0.1387 Cost: 0.0062 Pre: 1.0000 Re: 1.0000 Acc: 1.0000 F1: 1.0000
Epoch 108: Time: 0.1391 Cost: 0.0061 Pre: 1.0000 Re: 1.0000 Acc: 1.0000 F1: 1.0000
Epoch 109: Time: 0.1394 Cost: 0.0059 Pre: 1.0000 Re: 1.0000 Acc: 1.0000 F1: 1.0000
Epoch 110: Time: 0.1382 Cost: 0.0058 Pre: 1.0000 Re: 1.0000 Acc: 1.0000 F1: 1.0000


--------------------------------------------------------------------
Eval results: Cost:0.0101 Pre:1.0000 Re:1.0000 Acc:1.0000 F1:1.0000
--------------------------------------------------------------------

Epoch 111: Time: 0.1431 Cost: 0.0057 Pre: 1.0000 Re: 1.0000 Acc: 1.0000 F1: 1.0000
Epoch 112: Time: 0.1400 Cost: 0.0056 Pre: 1.0000 Re: 1.0000 Acc: 1.0000 F1: 1.0000
Epoch 113: Time: 0.1385 Cost: 0.0055 Pre: 1.0000 Re: 1.0000 Acc: 1.0000 F1: 1.0000
Epoch 114: Time: 0.1462 Cost: 0.0054 Pre: 1.0000 Re: 1.0000 Acc: 1.0000 F1: 1.0000
Epoch 115: Time: 0.1395 Cost: 0.0053 Pre: 1.0000 Re: 1.0000 Acc: 1.0000 F1: 1.0000
Epoch 116: Time: 0.1397 Cost: 0.0052 Pre: 1.0000 Re: 1.0000 Acc: 1.0000 F1: 1.0000
Epoch 117: Time: 0.1388 Cost: 0.0051 Pre: 1.0000 Re: 1.0000 Acc: 1.0000 F1: 1.0000
Epoch 118: Time: 0.1421 Cost: 0.0050 Pre: 1.0000 Re: 1.0000 Acc: 1.0000 F1: 1.0000
Epoch 119: Time: 0.1385 Cost: 0.0049 Pre: 1.0000 Re: 1.0000 Acc: 1.0000 F1: 1.0000
Epoch 120: Time: 0.1379 Cost: 0.0048 Pre: 1.0000 Re: 1.0000 Acc: 1.0000 F1: 1.0000


--------------------------------------------------------------------
Eval results: Cost:0.0082 Pre:1.0000 Re:1.0000 Acc:1.0000 F1:1.0000
--------------------------------------------------------------------

Epoch 121: Time: 0.1387 Cost: 0.0047 Pre: 1.0000 Re: 1.0000 Acc: 1.0000 F1: 1.0000
Epoch 122: Time: 0.1381 Cost: 0.0046 Pre: 1.0000 Re: 1.0000 Acc: 1.0000 F1: 1.0000
Epoch 123: Time: 0.1392 Cost: 0.0045 Pre: 1.0000 Re: 1.0000 Acc: 1.0000 F1: 1.0000
Epoch 124: Time: 0.1437 Cost: 0.0044 Pre: 1.0000 Re: 1.0000 Acc: 1.0000 F1: 1.0000
Epoch 125: Time: 0.1386 Cost: 0.0043 Pre: 1.0000 Re: 1.0000 Acc: 1.0000 F1: 1.0000
Epoch 126: Time: 0.1384 Cost: 0.0042 Pre: 1.0000 Re: 1.0000 Acc: 1.0000 F1: 1.0000
Epoch 127: Time: 0.1392 Cost: 0.0042 Pre: 1.0000 Re: 1.0000 Acc: 1.0000 F1: 1.0000
Epoch 128: Time: 0.1378 Cost: 0.0041 Pre: 1.0000 Re: 1.0000 Acc: 1.0000 F1: 1.0000
Epoch 129: Time: 0.1371 Cost: 0.0040 Pre: 1.0000 Re: 1.0000 Acc: 1.0000 F1: 1.0000
Epoch 130: Time: 0.1382 Cost: 0.0039 Pre: 1.0000 Re: 1.0000 Acc: 1.0000 F1: 1.0000


--------------------------------------------------------------------
Eval results: Cost:0.0067 Pre:1.0000 Re:1.0000 Acc:1.0000 F1:1.0000
--------------------------------------------------------------------

Epoch 131: Time: 0.1426 Cost: 0.0039 Pre: 1.0000 Re: 1.0000 Acc: 1.0000 F1: 1.0000
Epoch 132: Time: 0.1409 Cost: 0.0038 Pre: 1.0000 Re: 1.0000 Acc: 1.0000 F1: 1.0000
Epoch 133: Time: 0.1370 Cost: 0.0037 Pre: 1.0000 Re: 1.0000 Acc: 1.0000 F1: 1.0000
Epoch 134: Time: 0.1380 Cost: 0.0036 Pre: 1.0000 Re: 1.0000 Acc: 1.0000 F1: 1.0000
Epoch 135: Time: 0.1369 Cost: 0.0036 Pre: 1.0000 Re: 1.0000 Acc: 1.0000 F1: 1.0000
Epoch 136: Time: 0.1373 Cost: 0.0035 Pre: 1.0000 Re: 1.0000 Acc: 1.0000 F1: 1.0000
Epoch 137: Time: 0.1383 Cost: 0.0034 Pre: 1.0000 Re: 1.0000 Acc: 1.0000 F1: 1.0000
Epoch 138: Time: 0.1406 Cost: 0.0034 Pre: 1.0000 Re: 1.0000 Acc: 1.0000 F1: 1.0000
Epoch 139: Time: 0.1396 Cost: 0.0033 Pre: 1.0000 Re: 1.0000 Acc: 1.0000 F1: 1.0000
Epoch 140: Time: 0.1383 Cost: 0.0033 Pre: 1.0000 Re: 1.0000 Acc: 1.0000 F1: 1.0000


--------------------------------------------------------------------
Eval results: Cost:0.0055 Pre:1.0000 Re:1.0000 Acc:1.0000 F1:1.0000
--------------------------------------------------------------------

Epoch 141: Time: 0.1385 Cost: 0.0032 Pre: 1.0000 Re: 1.0000 Acc: 1.0000 F1: 1.0000
Epoch 142: Time: 0.1389 Cost: 0.0032 Pre: 1.0000 Re: 1.0000 Acc: 1.0000 F1: 1.0000
Epoch 143: Time: 0.1388 Cost: 0.0031 Pre: 1.0000 Re: 1.0000 Acc: 1.0000 F1: 1.0000
Epoch 144: Time: 0.1413 Cost: 0.0030 Pre: 1.0000 Re: 1.0000 Acc: 1.0000 F1: 1.0000
Epoch 145: Time: 0.1392 Cost: 0.0030 Pre: 1.0000 Re: 1.0000 Acc: 1.0000 F1: 1.0000
Epoch 146: Time: 0.1385 Cost: 0.0029 Pre: 1.0000 Re: 1.0000 Acc: 1.0000 F1: 1.0000
Epoch 147: Time: 0.1376 Cost: 0.0029 Pre: 1.0000 Re: 1.0000 Acc: 1.0000 F1: 1.0000
Epoch 148: Time: 0.1393 Cost: 0.0028 Pre: 1.0000 Re: 1.0000 Acc: 1.0000 F1: 1.0000
Epoch 149: Time: 0.1384 Cost: 0.0028 Pre: 1.0000 Re: 1.0000 Acc: 1.0000 F1: 1.0000
Epoch 150: Time: 0.1382 Cost: 0.0027 Pre: 1.0000 Re: 1.0000 Acc: 1.0000 F1: 1.0000


--------------------------------------------------------------------
Eval results: Cost:0.0045 Pre:1.0000 Re:1.0000 Acc:1.0000 F1:1.0000
--------------------------------------------------------------------

Epoch 151: Time: 0.1406 Cost: 0.0027 Pre: 1.0000 Re: 1.0000 Acc: 1.0000 F1: 1.0000
Epoch 152: Time: 0.1367 Cost: 0.0027 Pre: 1.0000 Re: 1.0000 Acc: 1.0000 F1: 1.0000
Epoch 153: Time: 0.1366 Cost: 0.0026 Pre: 1.0000 Re: 1.0000 Acc: 1.0000 F1: 1.0000
Epoch 154: Time: 0.1362 Cost: 0.0026 Pre: 1.0000 Re: 1.0000 Acc: 1.0000 F1: 1.0000
Epoch 155: Time: 0.1381 Cost: 0.0025 Pre: 1.0000 Re: 1.0000 Acc: 1.0000 F1: 1.0000
Epoch 156: Time: 0.1389 Cost: 0.0025 Pre: 1.0000 Re: 1.0000 Acc: 1.0000 F1: 1.0000
Epoch 157: Time: 0.1390 Cost: 0.0024 Pre: 1.0000 Re: 1.0000 Acc: 1.0000 F1: 1.0000
Epoch 158: Time: 0.1412 Cost: 0.0024 Pre: 1.0000 Re: 1.0000 Acc: 1.0000 F1: 1.0000
Epoch 159: Time: 0.1394 Cost: 0.0024 Pre: 1.0000 Re: 1.0000 Acc: 1.0000 F1: 1.0000
Epoch 160: Time: 0.1395 Cost: 0.0023 Pre: 1.0000 Re: 1.0000 Acc: 1.0000 F1: 1.0000


--------------------------------------------------------------------
Eval results: Cost:0.0038 Pre:1.0000 Re:1.0000 Acc:1.0000 F1:1.0000
--------------------------------------------------------------------

Epoch 161: Time: 0.1390 Cost: 0.0023 Pre: 1.0000 Re: 1.0000 Acc: 1.0000 F1: 1.0000
Epoch 162: Time: 0.1384 Cost: 0.0023 Pre: 1.0000 Re: 1.0000 Acc: 1.0000 F1: 1.0000
Epoch 163: Time: 0.1381 Cost: 0.0022 Pre: 1.0000 Re: 1.0000 Acc: 1.0000 F1: 1.0000
Epoch 164: Time: 0.1423 Cost: 0.0022 Pre: 1.0000 Re: 1.0000 Acc: 1.0000 F1: 1.0000
Epoch 165: Time: 0.1395 Cost: 0.0022 Pre: 1.0000 Re: 1.0000 Acc: 1.0000 F1: 1.0000
Epoch 166: Time: 0.1608 Cost: 0.0021 Pre: 1.0000 Re: 1.0000 Acc: 1.0000 F1: 1.0000
Epoch 167: Time: 0.1465 Cost: 0.0021 Pre: 1.0000 Re: 1.0000 Acc: 1.0000 F1: 1.0000
Epoch 168: Time: 0.1792 Cost: 0.0021 Pre: 1.0000 Re: 1.0000 Acc: 1.0000 F1: 1.0000
Epoch 169: Time: 0.2197 Cost: 0.0020 Pre: 1.0000 Re: 1.0000 Acc: 1.0000 F1: 1.0000
Epoch 170: Time: 0.1477 Cost: 0.0020 Pre: 1.0000 Re: 1.0000 Acc: 1.0000 F1: 1.0000


--------------------------------------------------------------------
Eval results: Cost:0.0032 Pre:1.0000 Re:1.0000 Acc:1.0000 F1:1.0000
--------------------------------------------------------------------

Epoch 171: Time: 0.1379 Cost: 0.0020 Pre: 1.0000 Re: 1.0000 Acc: 1.0000 F1: 1.0000
Epoch 172: Time: 0.1392 Cost: 0.0020 Pre: 1.0000 Re: 1.0000 Acc: 1.0000 F1: 1.0000
Epoch 173: Time: 0.1392 Cost: 0.0019 Pre: 1.0000 Re: 1.0000 Acc: 1.0000 F1: 1.0000
Epoch 174: Time: 0.1427 Cost: 0.0019 Pre: 1.0000 Re: 1.0000 Acc: 1.0000 F1: 1.0000
Epoch 175: Time: 0.1406 Cost: 0.0019 Pre: 1.0000 Re: 1.0000 Acc: 1.0000 F1: 1.0000
Epoch 176: Time: 0.1403 Cost: 0.0018 Pre: 1.0000 Re: 1.0000 Acc: 1.0000 F1: 1.0000
Epoch 177: Time: 0.1388 Cost: 0.0018 Pre: 1.0000 Re: 1.0000 Acc: 1.0000 F1: 1.0000
Epoch 178: Time: 0.1385 Cost: 0.0018 Pre: 1.0000 Re: 1.0000 Acc: 1.0000 F1: 1.0000
Epoch 179: Time: 0.1439 Cost: 0.0018 Pre: 1.0000 Re: 1.0000 Acc: 1.0000 F1: 1.0000
Epoch 180: Time: 0.1403 Cost: 0.0018 Pre: 1.0000 Re: 1.0000 Acc: 1.0000 F1: 1.0000


--------------------------------------------------------------------
Eval results: Cost:0.0028 Pre:1.0000 Re:1.0000 Acc:1.0000 F1:1.0000
--------------------------------------------------------------------

Epoch 181: Time: 0.1375 Cost: 0.0017 Pre: 1.0000 Re: 1.0000 Acc: 1.0000 F1: 1.0000
Epoch 182: Time: 0.1367 Cost: 0.0017 Pre: 1.0000 Re: 1.0000 Acc: 1.0000 F1: 1.0000
Epoch 183: Time: 0.1427 Cost: 0.0017 Pre: 1.0000 Re: 1.0000 Acc: 1.0000 F1: 1.0000
Epoch 184: Time: 0.1367 Cost: 0.0017 Pre: 1.0000 Re: 1.0000 Acc: 1.0000 F1: 1.0000
Epoch 185: Time: 0.1366 Cost: 0.0016 Pre: 1.0000 Re: 1.0000 Acc: 1.0000 F1: 1.0000
Epoch 186: Time: 0.1380 Cost: 0.0016 Pre: 1.0000 Re: 1.0000 Acc: 1.0000 F1: 1.0000
Epoch 187: Time: 0.1382 Cost: 0.0016 Pre: 1.0000 Re: 1.0000 Acc: 1.0000 F1: 1.0000
Epoch 188: Time: 0.1365 Cost: 0.0016 Pre: 1.0000 Re: 1.0000 Acc: 1.0000 F1: 1.0000
Epoch 189: Time: 0.1381 Cost: 0.0016 Pre: 1.0000 Re: 1.0000 Acc: 1.0000 F1: 1.0000
Epoch 190: Time: 0.1452 Cost: 0.0016 Pre: 1.0000 Re: 1.0000 Acc: 1.0000 F1: 1.0000


--------------------------------------------------------------------
Eval results: Cost:0.0024 Pre:1.0000 Re:1.0000 Acc:1.0000 F1:1.0000
--------------------------------------------------------------------

Early stopping...
--------------------------------------------------------------------
--------------------------------------------------------------------
Test 4332 samples take time: 0.4614
Test results: Cost:0.0012 Pre:1.0000 Re:1.0000 Acc:1.0000 F1:1.0000
--------------------------------------------------------------------

