16768
16562
16206
16632
16380
16425
Load data
RNN type: O2 Grammar: g3 Seed: 2
Model total parameters: 200
Saving hinit ... 

Epoch 0: Time: 0.2095 Cost: 25.1642 Pre: 0.4658 Re: 0.6072 Acc: 0.4826 F1: 0.5272


--------------------------------------------------------------------
Eval results: Cost:24.9782 Pre:0.4645 Re:0.6060 Acc:0.4966 F1:0.5259
--------------------------------------------------------------------

Epoch 1: Time: 0.1415 Cost: 24.7444 Pre: 0.5589 Re: 0.5734 Acc: 0.5824 F1: 0.5661
Epoch 2: Time: 0.1449 Cost: 24.0256 Pre: 0.6104 Re: 0.5331 Acc: 0.6165 F1: 0.5691
Epoch 3: Time: 0.1338 Cost: 22.3034 Pre: 0.6720 Re: 0.7899 Acc: 0.7170 F1: 0.7262
Epoch 4: Time: 0.1359 Cost: 19.0170 Pre: 0.7053 Re: 0.9230 Acc: 0.7802 F1: 0.7996
Epoch 5: Time: 0.1346 Cost: 14.6802 Pre: 0.7630 Re: 0.9842 Acc: 0.8472 F1: 0.8596
Epoch 6: Time: 0.1336 Cost: 9.3976 Pre: 0.8691 Re: 0.9935 Acc: 0.9258 F1: 0.9272
Epoch 7: Time: 0.1330 Cost: 5.8460 Pre: 0.9438 Re: 0.9899 Acc: 0.9672 F1: 0.9663
Epoch 8: Time: 0.1338 Cost: 3.9635 Pre: 0.9678 Re: 0.9950 Acc: 0.9819 F1: 0.9812
Epoch 9: Time: 0.1343 Cost: 2.6027 Pre: 0.9893 Re: 0.9971 Acc: 0.9935 F1: 0.9932
Epoch 10: Time: 0.1329 Cost: 1.6998 Pre: 0.9950 Re: 0.9986 Acc: 0.9969 F1: 0.9968


--------------------------------------------------------------------
Eval results: Cost:1.4617 Pre:0.9882 Re:0.9970 Acc:0.9931 F1:0.9926
--------------------------------------------------------------------

Epoch 11: Time: 0.1356 Cost: 1.1188 Pre: 0.9986 Re: 0.9986 Acc: 0.9986 F1: 0.9986
Epoch 12: Time: 0.1338 Cost: 0.7495 Pre: 1.0000 Re: 0.9986 Acc: 0.9993 F1: 0.9993
Epoch 13: Time: 0.1329 Cost: 0.5077 Pre: 1.0000 Re: 0.9986 Acc: 0.9993 F1: 0.9993
Epoch 14: Time: 0.1343 Cost: 0.3505 Pre: 1.0000 Re: 0.9986 Acc: 0.9993 F1: 0.9993
Epoch 15: Time: 0.1345 Cost: 0.2466 Pre: 1.0000 Re: 0.9993 Acc: 0.9997 F1: 0.9996
Epoch 16: Time: 0.1339 Cost: 0.1768 Pre: 1.0000 Re: 0.9993 Acc: 0.9997 F1: 0.9996
Epoch 17: Time: 0.1338 Cost: 0.1294 Pre: 1.0000 Re: 0.9993 Acc: 0.9997 F1: 0.9996
Epoch 18: Time: 0.1358 Cost: 0.0970 Pre: 1.0000 Re: 0.9993 Acc: 0.9997 F1: 0.9996
Epoch 19: Time: 0.1347 Cost: 0.0747 Pre: 1.0000 Re: 0.9993 Acc: 0.9997 F1: 0.9996
Epoch 20: Time: 0.1341 Cost: 0.0592 Pre: 1.0000 Re: 0.9993 Acc: 0.9997 F1: 0.9996


--------------------------------------------------------------------
Eval results: Cost:0.0641 Pre:1.0000 Re:0.9985 Acc:0.9993 F1:0.9993
--------------------------------------------------------------------

Epoch 21: Time: 0.1361 Cost: 0.0485 Pre: 1.0000 Re: 0.9993 Acc: 0.9997 F1: 0.9996
Epoch 22: Time: 0.1349 Cost: 0.0416 Pre: 1.0000 Re: 0.9993 Acc: 0.9997 F1: 0.9996
Epoch 23: Time: 0.1341 Cost: 0.0362 Pre: 1.0000 Re: 0.9993 Acc: 0.9997 F1: 0.9996
Epoch 24: Time: 0.1350 Cost: 0.0318 Pre: 1.0000 Re: 0.9993 Acc: 0.9997 F1: 0.9996
Epoch 25: Time: 0.1361 Cost: 0.0284 Pre: 1.0000 Re: 0.9993 Acc: 0.9997 F1: 0.9996
Epoch 26: Time: 0.1363 Cost: 0.0257 Pre: 1.0000 Re: 0.9993 Acc: 0.9997 F1: 0.9996
Epoch 27: Time: 0.1343 Cost: 0.0236 Pre: 1.0000 Re: 0.9993 Acc: 0.9997 F1: 0.9996
Epoch 28: Time: 0.1354 Cost: 0.0219 Pre: 1.0000 Re: 0.9993 Acc: 0.9997 F1: 0.9996
Epoch 29: Time: 0.1355 Cost: 0.0205 Pre: 1.0000 Re: 0.9993 Acc: 0.9997 F1: 0.9996
Epoch 30: Time: 0.1337 Cost: 0.0194 Pre: 1.0000 Re: 0.9993 Acc: 0.9997 F1: 0.9996


--------------------------------------------------------------------
Eval results: Cost:0.0276 Pre:1.0000 Re:0.9985 Acc:0.9993 F1:0.9993
--------------------------------------------------------------------

Epoch 31: Time: 0.1385 Cost: 0.0184 Pre: 1.0000 Re: 0.9993 Acc: 0.9997 F1: 0.9996
Epoch 32: Time: 0.1355 Cost: 0.0176 Pre: 1.0000 Re: 0.9993 Acc: 0.9997 F1: 0.9996
Epoch 33: Time: 0.1348 Cost: 0.0169 Pre: 1.0000 Re: 0.9993 Acc: 0.9997 F1: 0.9996
Epoch 34: Time: 0.1350 Cost: 0.0163 Pre: 1.0000 Re: 0.9993 Acc: 0.9997 F1: 0.9996
Epoch 35: Time: 0.1349 Cost: 0.0157 Pre: 1.0000 Re: 0.9993 Acc: 0.9997 F1: 0.9996
Epoch 36: Time: 0.1342 Cost: 0.0152 Pre: 1.0000 Re: 0.9993 Acc: 0.9997 F1: 0.9996
Epoch 37: Time: 0.1343 Cost: 0.0148 Pre: 1.0000 Re: 0.9993 Acc: 0.9997 F1: 0.9996
Epoch 38: Time: 0.1367 Cost: 0.0144 Pre: 1.0000 Re: 0.9993 Acc: 0.9997 F1: 0.9996
Epoch 39: Time: 0.1348 Cost: 0.0140 Pre: 1.0000 Re: 0.9993 Acc: 0.9997 F1: 0.9996
Epoch 40: Time: 0.1337 Cost: 0.0136 Pre: 1.0000 Re: 0.9993 Acc: 0.9997 F1: 0.9996


--------------------------------------------------------------------
Eval results: Cost:0.0218 Pre:1.0000 Re:0.9985 Acc:0.9993 F1:0.9993
--------------------------------------------------------------------

Epoch 41: Time: 0.1350 Cost: 0.0133 Pre: 1.0000 Re: 0.9993 Acc: 0.9997 F1: 0.9996
Epoch 42: Time: 0.1358 Cost: 0.0130 Pre: 1.0000 Re: 0.9993 Acc: 0.9997 F1: 0.9996
Epoch 43: Time: 0.1339 Cost: 0.0127 Pre: 1.0000 Re: 0.9993 Acc: 0.9997 F1: 0.9996
Epoch 44: Time: 0.1345 Cost: 0.0124 Pre: 1.0000 Re: 0.9993 Acc: 0.9997 F1: 0.9996
Epoch 45: Time: 0.1368 Cost: 0.0121 Pre: 1.0000 Re: 0.9993 Acc: 0.9997 F1: 0.9996
Epoch 46: Time: 0.1345 Cost: 0.0119 Pre: 1.0000 Re: 0.9993 Acc: 0.9997 F1: 0.9996
Epoch 47: Time: 0.1348 Cost: 0.0116 Pre: 1.0000 Re: 0.9993 Acc: 0.9997 F1: 0.9996
Epoch 48: Time: 0.1430 Cost: 0.0114 Pre: 1.0000 Re: 0.9993 Acc: 0.9997 F1: 0.9996
Epoch 49: Time: 0.1358 Cost: 0.0112 Pre: 1.0000 Re: 0.9993 Acc: 0.9997 F1: 0.9996
Epoch 50: Time: 0.1352 Cost: 0.0109 Pre: 1.0000 Re: 1.0000 Acc: 1.0000 F1: 1.0000


--------------------------------------------------------------------
Eval results: Cost:0.0183 Pre:1.0000 Re:1.0000 Acc:1.0000 F1:1.0000
--------------------------------------------------------------------

Epoch 51: Time: 0.1355 Cost: 0.0107 Pre: 1.0000 Re: 1.0000 Acc: 1.0000 F1: 1.0000
Epoch 52: Time: 0.1410 Cost: 0.0105 Pre: 1.0000 Re: 1.0000 Acc: 1.0000 F1: 1.0000
Epoch 53: Time: 0.1355 Cost: 0.0103 Pre: 1.0000 Re: 1.0000 Acc: 1.0000 F1: 1.0000
Epoch 54: Time: 0.1350 Cost: 0.0101 Pre: 1.0000 Re: 1.0000 Acc: 1.0000 F1: 1.0000
Epoch 55: Time: 0.1345 Cost: 0.0100 Pre: 1.0000 Re: 1.0000 Acc: 1.0000 F1: 1.0000
Epoch 56: Time: 0.1406 Cost: 0.0098 Pre: 1.0000 Re: 1.0000 Acc: 1.0000 F1: 1.0000
Epoch 57: Time: 0.1370 Cost: 0.0096 Pre: 1.0000 Re: 1.0000 Acc: 1.0000 F1: 1.0000
Epoch 58: Time: 0.1349 Cost: 0.0094 Pre: 1.0000 Re: 1.0000 Acc: 1.0000 F1: 1.0000
Epoch 59: Time: 0.1358 Cost: 0.0093 Pre: 1.0000 Re: 1.0000 Acc: 1.0000 F1: 1.0000
Epoch 60: Time: 0.1345 Cost: 0.0091 Pre: 1.0000 Re: 1.0000 Acc: 1.0000 F1: 1.0000


--------------------------------------------------------------------
Eval results: Cost:0.0155 Pre:1.0000 Re:1.0000 Acc:1.0000 F1:1.0000
--------------------------------------------------------------------

Epoch 61: Time: 0.1356 Cost: 0.0089 Pre: 1.0000 Re: 1.0000 Acc: 1.0000 F1: 1.0000
Epoch 62: Time: 0.1362 Cost: 0.0088 Pre: 1.0000 Re: 1.0000 Acc: 1.0000 F1: 1.0000
Epoch 63: Time: 0.1342 Cost: 0.0086 Pre: 1.0000 Re: 1.0000 Acc: 1.0000 F1: 1.0000
Epoch 64: Time: 0.1349 Cost: 0.0085 Pre: 1.0000 Re: 1.0000 Acc: 1.0000 F1: 1.0000
Epoch 65: Time: 0.1349 Cost: 0.0083 Pre: 1.0000 Re: 1.0000 Acc: 1.0000 F1: 1.0000
Epoch 66: Time: 0.1342 Cost: 0.0082 Pre: 1.0000 Re: 1.0000 Acc: 1.0000 F1: 1.0000
Epoch 67: Time: 0.1360 Cost: 0.0080 Pre: 1.0000 Re: 1.0000 Acc: 1.0000 F1: 1.0000
Epoch 68: Time: 0.1341 Cost: 0.0079 Pre: 1.0000 Re: 1.0000 Acc: 1.0000 F1: 1.0000
Epoch 69: Time: 0.1330 Cost: 0.0078 Pre: 1.0000 Re: 1.0000 Acc: 1.0000 F1: 1.0000
Epoch 70: Time: 0.1350 Cost: 0.0076 Pre: 1.0000 Re: 1.0000 Acc: 1.0000 F1: 1.0000


--------------------------------------------------------------------
Eval results: Cost:0.0131 Pre:1.0000 Re:1.0000 Acc:1.0000 F1:1.0000
--------------------------------------------------------------------

Epoch 71: Time: 0.1342 Cost: 0.0075 Pre: 1.0000 Re: 1.0000 Acc: 1.0000 F1: 1.0000
Epoch 72: Time: 0.1362 Cost: 0.0074 Pre: 1.0000 Re: 1.0000 Acc: 1.0000 F1: 1.0000
Epoch 73: Time: 0.1345 Cost: 0.0073 Pre: 1.0000 Re: 1.0000 Acc: 1.0000 F1: 1.0000
Epoch 74: Time: 0.1340 Cost: 0.0071 Pre: 1.0000 Re: 1.0000 Acc: 1.0000 F1: 1.0000
Epoch 75: Time: 0.1341 Cost: 0.0070 Pre: 1.0000 Re: 1.0000 Acc: 1.0000 F1: 1.0000
Epoch 76: Time: 0.1340 Cost: 0.0069 Pre: 1.0000 Re: 1.0000 Acc: 1.0000 F1: 1.0000
Epoch 77: Time: 0.1367 Cost: 0.0068 Pre: 1.0000 Re: 1.0000 Acc: 1.0000 F1: 1.0000
Epoch 78: Time: 0.1354 Cost: 0.0067 Pre: 1.0000 Re: 1.0000 Acc: 1.0000 F1: 1.0000
Epoch 79: Time: 0.1354 Cost: 0.0066 Pre: 1.0000 Re: 1.0000 Acc: 1.0000 F1: 1.0000
Epoch 80: Time: 0.1346 Cost: 0.0064 Pre: 1.0000 Re: 1.0000 Acc: 1.0000 F1: 1.0000


--------------------------------------------------------------------
Eval results: Cost:0.0111 Pre:1.0000 Re:1.0000 Acc:1.0000 F1:1.0000
--------------------------------------------------------------------

Epoch 81: Time: 0.1336 Cost: 0.0063 Pre: 1.0000 Re: 1.0000 Acc: 1.0000 F1: 1.0000
Epoch 82: Time: 0.1357 Cost: 0.0062 Pre: 1.0000 Re: 1.0000 Acc: 1.0000 F1: 1.0000
Epoch 83: Time: 0.1346 Cost: 0.0061 Pre: 1.0000 Re: 1.0000 Acc: 1.0000 F1: 1.0000
Epoch 84: Time: 0.1336 Cost: 0.0060 Pre: 1.0000 Re: 1.0000 Acc: 1.0000 F1: 1.0000
Epoch 85: Time: 0.1337 Cost: 0.0059 Pre: 1.0000 Re: 1.0000 Acc: 1.0000 F1: 1.0000
Epoch 86: Time: 0.1367 Cost: 0.0058 Pre: 1.0000 Re: 1.0000 Acc: 1.0000 F1: 1.0000
Epoch 87: Time: 0.1349 Cost: 0.0057 Pre: 1.0000 Re: 1.0000 Acc: 1.0000 F1: 1.0000
Epoch 88: Time: 0.1338 Cost: 0.0056 Pre: 1.0000 Re: 1.0000 Acc: 1.0000 F1: 1.0000
Epoch 89: Time: 0.1337 Cost: 0.0055 Pre: 1.0000 Re: 1.0000 Acc: 1.0000 F1: 1.0000
Epoch 90: Time: 0.1346 Cost: 0.0055 Pre: 1.0000 Re: 1.0000 Acc: 1.0000 F1: 1.0000


--------------------------------------------------------------------
Eval results: Cost:0.0093 Pre:1.0000 Re:1.0000 Acc:1.0000 F1:1.0000
--------------------------------------------------------------------

Epoch 91: Time: 0.1351 Cost: 0.0054 Pre: 1.0000 Re: 1.0000 Acc: 1.0000 F1: 1.0000
Epoch 92: Time: 0.1357 Cost: 0.0053 Pre: 1.0000 Re: 1.0000 Acc: 1.0000 F1: 1.0000
Epoch 93: Time: 0.1350 Cost: 0.0052 Pre: 1.0000 Re: 1.0000 Acc: 1.0000 F1: 1.0000
Epoch 94: Time: 0.1348 Cost: 0.0051 Pre: 1.0000 Re: 1.0000 Acc: 1.0000 F1: 1.0000
Epoch 95: Time: 0.1505 Cost: 0.0050 Pre: 1.0000 Re: 1.0000 Acc: 1.0000 F1: 1.0000
Epoch 96: Time: 0.1390 Cost: 0.0049 Pre: 1.0000 Re: 1.0000 Acc: 1.0000 F1: 1.0000
Epoch 97: Time: 0.1409 Cost: 0.0049 Pre: 1.0000 Re: 1.0000 Acc: 1.0000 F1: 1.0000
Epoch 98: Time: 0.1403 Cost: 0.0048 Pre: 1.0000 Re: 1.0000 Acc: 1.0000 F1: 1.0000
Epoch 99: Time: 0.1350 Cost: 0.0047 Pre: 1.0000 Re: 1.0000 Acc: 1.0000 F1: 1.0000
Epoch 100: Time: 0.1370 Cost: 0.0046 Pre: 1.0000 Re: 1.0000 Acc: 1.0000 F1: 1.0000


--------------------------------------------------------------------
Eval results: Cost:0.0079 Pre:1.0000 Re:1.0000 Acc:1.0000 F1:1.0000
--------------------------------------------------------------------

Epoch 101: Time: 0.1337 Cost: 0.0046 Pre: 1.0000 Re: 1.0000 Acc: 1.0000 F1: 1.0000
Epoch 102: Time: 0.1354 Cost: 0.0045 Pre: 1.0000 Re: 1.0000 Acc: 1.0000 F1: 1.0000
Epoch 103: Time: 0.1356 Cost: 0.0044 Pre: 1.0000 Re: 1.0000 Acc: 1.0000 F1: 1.0000
Epoch 104: Time: 0.1340 Cost: 0.0043 Pre: 1.0000 Re: 1.0000 Acc: 1.0000 F1: 1.0000
Epoch 105: Time: 0.1340 Cost: 0.0043 Pre: 1.0000 Re: 1.0000 Acc: 1.0000 F1: 1.0000
Epoch 106: Time: 0.1373 Cost: 0.0042 Pre: 1.0000 Re: 1.0000 Acc: 1.0000 F1: 1.0000
Epoch 107: Time: 0.1343 Cost: 0.0041 Pre: 1.0000 Re: 1.0000 Acc: 1.0000 F1: 1.0000
Epoch 108: Time: 0.1325 Cost: 0.0041 Pre: 1.0000 Re: 1.0000 Acc: 1.0000 F1: 1.0000
Epoch 109: Time: 0.1347 Cost: 0.0040 Pre: 1.0000 Re: 1.0000 Acc: 1.0000 F1: 1.0000
Epoch 110: Time: 0.1345 Cost: 0.0039 Pre: 1.0000 Re: 1.0000 Acc: 1.0000 F1: 1.0000


--------------------------------------------------------------------
Eval results: Cost:0.0067 Pre:1.0000 Re:1.0000 Acc:1.0000 F1:1.0000
--------------------------------------------------------------------

Epoch 111: Time: 0.1351 Cost: 0.0039 Pre: 1.0000 Re: 1.0000 Acc: 1.0000 F1: 1.0000
Epoch 112: Time: 0.1342 Cost: 0.0038 Pre: 1.0000 Re: 1.0000 Acc: 1.0000 F1: 1.0000
Epoch 113: Time: 0.1416 Cost: 0.0038 Pre: 1.0000 Re: 1.0000 Acc: 1.0000 F1: 1.0000
Epoch 114: Time: 0.1351 Cost: 0.0037 Pre: 1.0000 Re: 1.0000 Acc: 1.0000 F1: 1.0000
Epoch 115: Time: 0.1346 Cost: 0.0037 Pre: 1.0000 Re: 1.0000 Acc: 1.0000 F1: 1.0000
Epoch 116: Time: 0.1411 Cost: 0.0036 Pre: 1.0000 Re: 1.0000 Acc: 1.0000 F1: 1.0000
Epoch 117: Time: 0.1351 Cost: 0.0035 Pre: 1.0000 Re: 1.0000 Acc: 1.0000 F1: 1.0000
Epoch 118: Time: 0.1353 Cost: 0.0035 Pre: 1.0000 Re: 1.0000 Acc: 1.0000 F1: 1.0000
Epoch 119: Time: 0.1337 Cost: 0.0034 Pre: 1.0000 Re: 1.0000 Acc: 1.0000 F1: 1.0000
Epoch 120: Time: 0.1366 Cost: 0.0034 Pre: 1.0000 Re: 1.0000 Acc: 1.0000 F1: 1.0000


--------------------------------------------------------------------
Eval results: Cost:0.0057 Pre:1.0000 Re:1.0000 Acc:1.0000 F1:1.0000
--------------------------------------------------------------------

Epoch 121: Time: 0.1348 Cost: 0.0033 Pre: 1.0000 Re: 1.0000 Acc: 1.0000 F1: 1.0000
Epoch 122: Time: 0.1336 Cost: 0.0033 Pre: 1.0000 Re: 1.0000 Acc: 1.0000 F1: 1.0000
Epoch 123: Time: 0.1362 Cost: 0.0032 Pre: 1.0000 Re: 1.0000 Acc: 1.0000 F1: 1.0000
Epoch 124: Time: 0.1379 Cost: 0.0032 Pre: 1.0000 Re: 1.0000 Acc: 1.0000 F1: 1.0000
Epoch 125: Time: 0.1341 Cost: 0.0031 Pre: 1.0000 Re: 1.0000 Acc: 1.0000 F1: 1.0000
Epoch 126: Time: 0.1395 Cost: 0.0031 Pre: 1.0000 Re: 1.0000 Acc: 1.0000 F1: 1.0000
Epoch 127: Time: 0.1360 Cost: 0.0030 Pre: 1.0000 Re: 1.0000 Acc: 1.0000 F1: 1.0000
Epoch 128: Time: 0.1345 Cost: 0.0030 Pre: 1.0000 Re: 1.0000 Acc: 1.0000 F1: 1.0000
Epoch 129: Time: 0.1345 Cost: 0.0030 Pre: 1.0000 Re: 1.0000 Acc: 1.0000 F1: 1.0000
Epoch 130: Time: 0.1353 Cost: 0.0029 Pre: 1.0000 Re: 1.0000 Acc: 1.0000 F1: 1.0000


--------------------------------------------------------------------
Eval results: Cost:0.0048 Pre:1.0000 Re:1.0000 Acc:1.0000 F1:1.0000
--------------------------------------------------------------------

Epoch 131: Time: 0.1350 Cost: 0.0029 Pre: 1.0000 Re: 1.0000 Acc: 1.0000 F1: 1.0000
Epoch 132: Time: 0.1340 Cost: 0.0028 Pre: 1.0000 Re: 1.0000 Acc: 1.0000 F1: 1.0000
Epoch 133: Time: 0.1376 Cost: 0.0028 Pre: 1.0000 Re: 1.0000 Acc: 1.0000 F1: 1.0000
Epoch 134: Time: 0.1356 Cost: 0.0028 Pre: 1.0000 Re: 1.0000 Acc: 1.0000 F1: 1.0000
Epoch 135: Time: 0.1352 Cost: 0.0027 Pre: 1.0000 Re: 1.0000 Acc: 1.0000 F1: 1.0000
Epoch 136: Time: 0.1355 Cost: 0.0027 Pre: 1.0000 Re: 1.0000 Acc: 1.0000 F1: 1.0000
Epoch 137: Time: 0.1344 Cost: 0.0026 Pre: 1.0000 Re: 1.0000 Acc: 1.0000 F1: 1.0000
Epoch 138: Time: 0.1344 Cost: 0.0026 Pre: 1.0000 Re: 1.0000 Acc: 1.0000 F1: 1.0000
Epoch 139: Time: 0.1340 Cost: 0.0026 Pre: 1.0000 Re: 1.0000 Acc: 1.0000 F1: 1.0000
Epoch 140: Time: 0.1353 Cost: 0.0025 Pre: 1.0000 Re: 1.0000 Acc: 1.0000 F1: 1.0000


--------------------------------------------------------------------
Eval results: Cost:0.0042 Pre:1.0000 Re:1.0000 Acc:1.0000 F1:1.0000
--------------------------------------------------------------------

Epoch 141: Time: 0.1351 Cost: 0.0025 Pre: 1.0000 Re: 1.0000 Acc: 1.0000 F1: 1.0000
Epoch 142: Time: 0.1348 Cost: 0.0025 Pre: 1.0000 Re: 1.0000 Acc: 1.0000 F1: 1.0000
Epoch 143: Time: 0.1367 Cost: 0.0024 Pre: 1.0000 Re: 1.0000 Acc: 1.0000 F1: 1.0000
Epoch 144: Time: 0.1336 Cost: 0.0024 Pre: 1.0000 Re: 1.0000 Acc: 1.0000 F1: 1.0000
Epoch 145: Time: 0.1336 Cost: 0.0024 Pre: 1.0000 Re: 1.0000 Acc: 1.0000 F1: 1.0000
Epoch 146: Time: 0.1327 Cost: 0.0023 Pre: 1.0000 Re: 1.0000 Acc: 1.0000 F1: 1.0000
Epoch 147: Time: 0.1348 Cost: 0.0023 Pre: 1.0000 Re: 1.0000 Acc: 1.0000 F1: 1.0000
Epoch 148: Time: 0.1345 Cost: 0.0023 Pre: 1.0000 Re: 1.0000 Acc: 1.0000 F1: 1.0000
Epoch 149: Time: 0.1363 Cost: 0.0022 Pre: 1.0000 Re: 1.0000 Acc: 1.0000 F1: 1.0000
Epoch 150: Time: 0.1332 Cost: 0.0022 Pre: 1.0000 Re: 1.0000 Acc: 1.0000 F1: 1.0000


--------------------------------------------------------------------
Eval results: Cost:0.0036 Pre:1.0000 Re:1.0000 Acc:1.0000 F1:1.0000
--------------------------------------------------------------------

Epoch 151: Time: 0.1343 Cost: 0.0022 Pre: 1.0000 Re: 1.0000 Acc: 1.0000 F1: 1.0000
Epoch 152: Time: 0.1334 Cost: 0.0022 Pre: 1.0000 Re: 1.0000 Acc: 1.0000 F1: 1.0000
Epoch 153: Time: 0.1327 Cost: 0.0021 Pre: 1.0000 Re: 1.0000 Acc: 1.0000 F1: 1.0000
Epoch 154: Time: 0.1369 Cost: 0.0021 Pre: 1.0000 Re: 1.0000 Acc: 1.0000 F1: 1.0000
Epoch 155: Time: 0.1330 Cost: 0.0021 Pre: 1.0000 Re: 1.0000 Acc: 1.0000 F1: 1.0000
Epoch 156: Time: 0.1330 Cost: 0.0020 Pre: 1.0000 Re: 1.0000 Acc: 1.0000 F1: 1.0000
Epoch 157: Time: 0.1328 Cost: 0.0020 Pre: 1.0000 Re: 1.0000 Acc: 1.0000 F1: 1.0000
Epoch 158: Time: 0.1347 Cost: 0.0020 Pre: 1.0000 Re: 1.0000 Acc: 1.0000 F1: 1.0000
Epoch 159: Time: 0.1344 Cost: 0.0020 Pre: 1.0000 Re: 1.0000 Acc: 1.0000 F1: 1.0000
Epoch 160: Time: 0.1345 Cost: 0.0019 Pre: 1.0000 Re: 1.0000 Acc: 1.0000 F1: 1.0000


--------------------------------------------------------------------
Eval results: Cost:0.0031 Pre:1.0000 Re:1.0000 Acc:1.0000 F1:1.0000
--------------------------------------------------------------------

Epoch 161: Time: 0.1335 Cost: 0.0019 Pre: 1.0000 Re: 1.0000 Acc: 1.0000 F1: 1.0000
Epoch 162: Time: 0.1351 Cost: 0.0019 Pre: 1.0000 Re: 1.0000 Acc: 1.0000 F1: 1.0000
Epoch 163: Time: 0.1343 Cost: 0.0019 Pre: 1.0000 Re: 1.0000 Acc: 1.0000 F1: 1.0000
Epoch 164: Time: 0.1352 Cost: 0.0019 Pre: 1.0000 Re: 1.0000 Acc: 1.0000 F1: 1.0000
Epoch 165: Time: 0.1354 Cost: 0.0018 Pre: 1.0000 Re: 1.0000 Acc: 1.0000 F1: 1.0000
Epoch 166: Time: 0.1350 Cost: 0.0018 Pre: 1.0000 Re: 1.0000 Acc: 1.0000 F1: 1.0000
Epoch 167: Time: 0.1346 Cost: 0.0018 Pre: 1.0000 Re: 1.0000 Acc: 1.0000 F1: 1.0000
Epoch 168: Time: 0.1373 Cost: 0.0018 Pre: 1.0000 Re: 1.0000 Acc: 1.0000 F1: 1.0000
Epoch 169: Time: 0.1354 Cost: 0.0018 Pre: 1.0000 Re: 1.0000 Acc: 1.0000 F1: 1.0000
Epoch 170: Time: 0.1345 Cost: 0.0017 Pre: 1.0000 Re: 1.0000 Acc: 1.0000 F1: 1.0000


--------------------------------------------------------------------
Eval results: Cost:0.0028 Pre:1.0000 Re:1.0000 Acc:1.0000 F1:1.0000
--------------------------------------------------------------------

Early stopping...
--------------------------------------------------------------------
--------------------------------------------------------------------
Test 4332 samples take time: 0.4472
Test results: Cost:0.0012 Pre:1.0000 Re:1.0000 Acc:1.0000 F1:1.0000
--------------------------------------------------------------------

