16768
16562
16206
16632
16380
16425
Load data
RNN type: O2 Grammar: g3 Seed: 5
Model total parameters: 200
Saving hinit ... 

Epoch 0: Time: 0.3137 Cost: 25.1934 Pre: 0.4825 Re: 0.9899 Acc: 0.4908 F1: 0.6488


--------------------------------------------------------------------
Eval results: Cost:24.7837 Pre:0.5344 Re:0.9269 Acc:0.5942 F1:0.6779
--------------------------------------------------------------------

Epoch 1: Time: 0.1164 Cost: 24.3691 Pre: 0.5440 Re: 0.8094 Acc: 0.5871 F1: 0.6507
Epoch 2: Time: 0.1207 Cost: 23.8125 Pre: 0.5444 Re: 0.5647 Acc: 0.5687 F1: 0.5544
Epoch 3: Time: 0.1163 Cost: 23.3692 Pre: 0.6113 Re: 0.4820 Acc: 0.6083 F1: 0.5390
Epoch 4: Time: 0.1206 Cost: 22.9977 Pre: 0.6131 Re: 0.6144 Acc: 0.6326 F1: 0.6137
Epoch 5: Time: 0.1169 Cost: 22.6918 Pre: 0.6133 Re: 0.6640 Acc: 0.6415 F1: 0.6377
Epoch 6: Time: 0.1162 Cost: 22.4434 Pre: 0.5876 Re: 0.6950 Acc: 0.6234 F1: 0.6368
Epoch 7: Time: 0.1220 Cost: 22.2367 Pre: 0.6008 Re: 0.6777 Acc: 0.6329 F1: 0.6369
Epoch 8: Time: 0.1156 Cost: 22.0552 Pre: 0.6271 Re: 0.7612 Acc: 0.6716 F1: 0.6877
Epoch 9: Time: 0.1170 Cost: 21.8856 Pre: 0.6276 Re: 0.7662 Acc: 0.6729 F1: 0.6900
Epoch 10: Time: 0.1192 Cost: 21.7188 Pre: 0.6276 Re: 0.7662 Acc: 0.6729 F1: 0.6900


--------------------------------------------------------------------
Eval results: Cost:21.8913 Pre:0.6047 Re:0.7716 Acc:0.6623 F1:0.6780
--------------------------------------------------------------------

Epoch 11: Time: 0.1339 Cost: 21.5499 Pre: 0.6276 Re: 0.7662 Acc: 0.6729 F1: 0.6900
Epoch 12: Time: 0.1199 Cost: 21.3772 Pre: 0.6319 Re: 0.7892 Acc: 0.6815 F1: 0.7019
Epoch 13: Time: 0.1177 Cost: 21.1969 Pre: 0.6453 Re: 0.7971 Acc: 0.6955 F1: 0.7132
Epoch 14: Time: 0.1191 Cost: 21.0123 Pre: 0.6474 Re: 0.8058 Acc: 0.6992 F1: 0.7179
Epoch 15: Time: 0.1213 Cost: 20.8279 Pre: 0.6499 Re: 0.8079 Acc: 0.7020 F1: 0.7203
Epoch 16: Time: 0.1171 Cost: 20.6482 Pre: 0.6514 Re: 0.8079 Acc: 0.7033 F1: 0.7213
Epoch 17: Time: 0.1163 Cost: 20.4769 Pre: 0.6510 Re: 0.8065 Acc: 0.7027 F1: 0.7204
Epoch 18: Time: 0.1160 Cost: 20.3159 Pre: 0.6510 Re: 0.8065 Acc: 0.7027 F1: 0.7204
Epoch 19: Time: 0.1163 Cost: 20.1642 Pre: 0.6510 Re: 0.8065 Acc: 0.7027 F1: 0.7204
Epoch 20: Time: 0.1497 Cost: 20.0193 Pre: 0.6510 Re: 0.8065 Acc: 0.7027 F1: 0.7204


--------------------------------------------------------------------
Eval results: Cost:20.4427 Pre:0.6217 Re:0.8194 Acc:0.6871 F1:0.7070
--------------------------------------------------------------------

Epoch 21: Time: 0.1345 Cost: 19.8803 Pre: 0.6510 Re: 0.8065 Acc: 0.7027 F1: 0.7204
Epoch 22: Time: 0.1169 Cost: 19.7459 Pre: 0.6510 Re: 0.8065 Acc: 0.7027 F1: 0.7204
Epoch 23: Time: 0.1188 Cost: 19.6079 Pre: 0.6510 Re: 0.8065 Acc: 0.7027 F1: 0.7204
Epoch 24: Time: 0.1180 Cost: 19.4659 Pre: 0.6510 Re: 0.8065 Acc: 0.7027 F1: 0.7204
Epoch 25: Time: 0.1162 Cost: 19.3193 Pre: 0.6510 Re: 0.8065 Acc: 0.7027 F1: 0.7204
Epoch 26: Time: 0.1153 Cost: 19.1667 Pre: 0.6510 Re: 0.8065 Acc: 0.7027 F1: 0.7204
Epoch 27: Time: 0.1183 Cost: 19.0065 Pre: 0.6540 Re: 0.8065 Acc: 0.7054 F1: 0.7223
Epoch 28: Time: 0.1197 Cost: 18.8372 Pre: 0.6733 Re: 0.8065 Acc: 0.7221 F1: 0.7339
Epoch 29: Time: 0.1173 Cost: 18.6567 Pre: 0.6840 Re: 0.8065 Acc: 0.7310 F1: 0.7402
Epoch 30: Time: 0.1181 Cost: 18.4628 Pre: 0.6872 Re: 0.7950 Acc: 0.7307 F1: 0.7372


--------------------------------------------------------------------
Eval results: Cost:19.0256 Pre:0.6514 Re:0.8060 Acc:0.7118 F1:0.7205
--------------------------------------------------------------------

Epoch 31: Time: 0.1178 Cost: 18.2572 Pre: 0.6901 Re: 0.7914 Acc: 0.7321 F1: 0.7373
Epoch 32: Time: 0.1218 Cost: 18.0374 Pre: 0.6994 Re: 0.7849 Acc: 0.7375 F1: 0.7397
Epoch 33: Time: 0.1180 Cost: 17.7858 Pre: 0.7007 Re: 0.7748 Acc: 0.7358 F1: 0.7359
Epoch 34: Time: 0.1197 Cost: 17.4983 Pre: 0.7085 Re: 0.7712 Acc: 0.7406 F1: 0.7385
Epoch 35: Time: 0.1187 Cost: 17.1666 Pre: 0.7146 Re: 0.7691 Acc: 0.7444 F1: 0.7408
Epoch 36: Time: 0.1174 Cost: 16.7796 Pre: 0.7248 Re: 0.7748 Acc: 0.7532 F1: 0.7490
Epoch 37: Time: 0.1198 Cost: 16.3287 Pre: 0.7486 Re: 0.7799 Acc: 0.7710 F1: 0.7639
Epoch 38: Time: 0.1152 Cost: 15.8151 Pre: 0.7598 Re: 0.7827 Acc: 0.7792 F1: 0.7711
Epoch 39: Time: 0.1148 Cost: 15.2465 Pre: 0.7742 Re: 0.7892 Acc: 0.7905 F1: 0.7816
Epoch 40: Time: 0.1156 Cost: 14.6187 Pre: 0.7904 Re: 0.7978 Acc: 0.8035 F1: 0.7941


--------------------------------------------------------------------
Eval results: Cost:14.8663 Pre:0.7664 Re:0.8179 Acc:0.8012 F1:0.7913
--------------------------------------------------------------------

Epoch 41: Time: 0.1168 Cost: 13.9347 Pre: 0.8169 Re: 0.8216 Acc: 0.8278 F1: 0.8192
Epoch 42: Time: 0.1161 Cost: 13.1711 Pre: 0.8420 Re: 0.8475 Acc: 0.8520 F1: 0.8447
Epoch 43: Time: 0.1152 Cost: 12.2328 Pre: 0.8663 Re: 0.8719 Acc: 0.8753 F1: 0.8691
Epoch 44: Time: 0.1149 Cost: 11.1269 Pre: 0.8990 Re: 0.8964 Acc: 0.9029 F1: 0.8977
Epoch 45: Time: 0.1163 Cost: 9.9098 Pre: 0.9293 Re: 0.9360 Acc: 0.9357 F1: 0.9326
Epoch 46: Time: 0.1175 Cost: 8.6719 Pre: 0.9449 Re: 0.9626 Acc: 0.9556 F1: 0.9537
Epoch 47: Time: 0.1151 Cost: 7.5077 Pre: 0.9616 Re: 0.9727 Acc: 0.9686 F1: 0.9671
Epoch 48: Time: 0.1144 Cost: 6.4756 Pre: 0.9689 Re: 0.9849 Acc: 0.9778 F1: 0.9768
Epoch 49: Time: 0.1154 Cost: 5.5894 Pre: 0.9786 Re: 0.9892 Acc: 0.9846 F1: 0.9839
Epoch 50: Time: 0.1175 Cost: 4.8359 Pre: 0.9857 Re: 0.9942 Acc: 0.9904 F1: 0.9900


--------------------------------------------------------------------
Eval results: Cost:4.4075 Pre:0.9838 Re:0.9955 Acc:0.9904 F1:0.9896
--------------------------------------------------------------------

Epoch 51: Time: 0.1147 Cost: 4.2271 Pre: 0.9893 Re: 0.9950 Acc: 0.9925 F1: 0.9921
Epoch 52: Time: 0.1151 Cost: 3.7404 Pre: 0.9900 Re: 0.9950 Acc: 0.9928 F1: 0.9925
Epoch 53: Time: 0.1152 Cost: 3.2778 Pre: 0.9907 Re: 0.9957 Acc: 0.9935 F1: 0.9932
Epoch 54: Time: 0.1191 Cost: 2.8651 Pre: 0.9921 Re: 0.9957 Acc: 0.9942 F1: 0.9939
Epoch 55: Time: 0.1169 Cost: 2.5119 Pre: 0.9935 Re: 0.9957 Acc: 0.9949 F1: 0.9946
Epoch 56: Time: 0.1167 Cost: 2.2115 Pre: 0.9950 Re: 0.9957 Acc: 0.9956 F1: 0.9953
Epoch 57: Time: 0.1174 Cost: 1.9557 Pre: 0.9978 Re: 0.9957 Acc: 0.9969 F1: 0.9968
Epoch 58: Time: 0.1159 Cost: 1.7371 Pre: 0.9978 Re: 0.9964 Acc: 0.9973 F1: 0.9971
Epoch 59: Time: 0.1212 Cost: 1.5494 Pre: 0.9978 Re: 0.9964 Acc: 0.9973 F1: 0.9971
Epoch 60: Time: 0.1149 Cost: 1.3872 Pre: 0.9978 Re: 0.9964 Acc: 0.9973 F1: 0.9971


--------------------------------------------------------------------
Eval results: Cost:1.2917 Pre:0.9940 Re:0.9970 Acc:0.9959 F1:0.9955
--------------------------------------------------------------------

Epoch 61: Time: 0.1149 Cost: 1.2517 Pre: 0.9986 Re: 0.9971 Acc: 0.9979 F1: 0.9978
Epoch 62: Time: 0.1158 Cost: 1.1400 Pre: 0.9986 Re: 0.9971 Acc: 0.9979 F1: 0.9978
Epoch 63: Time: 0.1187 Cost: 1.0322 Pre: 0.9986 Re: 0.9971 Acc: 0.9979 F1: 0.9978
Epoch 64: Time: 0.1155 Cost: 0.9322 Pre: 0.9993 Re: 0.9971 Acc: 0.9983 F1: 0.9982
Epoch 65: Time: 0.1147 Cost: 0.8415 Pre: 0.9993 Re: 0.9971 Acc: 0.9983 F1: 0.9982
Epoch 66: Time: 0.1163 Cost: 0.7594 Pre: 0.9993 Re: 0.9971 Acc: 0.9983 F1: 0.9982
Epoch 67: Time: 0.1176 Cost: 0.6852 Pre: 0.9993 Re: 0.9978 Acc: 0.9986 F1: 0.9986
Epoch 68: Time: 0.1198 Cost: 0.6183 Pre: 1.0000 Re: 0.9978 Acc: 0.9990 F1: 0.9989
Epoch 69: Time: 0.1158 Cost: 0.5581 Pre: 1.0000 Re: 0.9978 Acc: 0.9990 F1: 0.9989
Epoch 70: Time: 0.1180 Cost: 0.5043 Pre: 1.0000 Re: 0.9978 Acc: 0.9990 F1: 0.9989


--------------------------------------------------------------------
Eval results: Cost:0.4684 Pre:0.9985 Re:0.9985 Acc:0.9986 F1:0.9985
--------------------------------------------------------------------

Epoch 71: Time: 0.1172 Cost: 0.4591 Pre: 1.0000 Re: 0.9986 Acc: 0.9993 F1: 0.9993
Epoch 72: Time: 0.1214 Cost: 0.4231 Pre: 1.0000 Re: 0.9986 Acc: 0.9993 F1: 0.9993
Epoch 73: Time: 0.1176 Cost: 0.3869 Pre: 1.0000 Re: 0.9986 Acc: 0.9993 F1: 0.9993
Epoch 74: Time: 0.1187 Cost: 0.3527 Pre: 1.0000 Re: 0.9986 Acc: 0.9993 F1: 0.9993
Epoch 75: Time: 0.1174 Cost: 0.3219 Pre: 1.0000 Re: 0.9986 Acc: 0.9993 F1: 0.9993
Epoch 76: Time: 0.1198 Cost: 0.2944 Pre: 1.0000 Re: 0.9986 Acc: 0.9993 F1: 0.9993
Epoch 77: Time: 0.1166 Cost: 0.2700 Pre: 1.0000 Re: 0.9986 Acc: 0.9993 F1: 0.9993
Epoch 78: Time: 0.1161 Cost: 0.2484 Pre: 1.0000 Re: 0.9986 Acc: 0.9993 F1: 0.9993
Epoch 79: Time: 0.1153 Cost: 0.2292 Pre: 1.0000 Re: 0.9986 Acc: 0.9993 F1: 0.9993
Epoch 80: Time: 0.1147 Cost: 0.2122 Pre: 1.0000 Re: 0.9986 Acc: 0.9993 F1: 0.9993


--------------------------------------------------------------------
Eval results: Cost:0.1960 Pre:1.0000 Re:0.9985 Acc:0.9993 F1:0.9993
--------------------------------------------------------------------

Epoch 81: Time: 0.1186 Cost: 0.1969 Pre: 1.0000 Re: 0.9986 Acc: 0.9993 F1: 0.9993
Epoch 82: Time: 0.1178 Cost: 0.1837 Pre: 1.0000 Re: 0.9986 Acc: 0.9993 F1: 0.9993
Epoch 83: Time: 0.1164 Cost: 0.1717 Pre: 1.0000 Re: 0.9986 Acc: 0.9993 F1: 0.9993
Epoch 84: Time: 0.1180 Cost: 0.1609 Pre: 1.0000 Re: 0.9986 Acc: 0.9993 F1: 0.9993
Epoch 85: Time: 0.1225 Cost: 0.1511 Pre: 1.0000 Re: 0.9986 Acc: 0.9993 F1: 0.9993
Epoch 86: Time: 0.1184 Cost: 0.1422 Pre: 1.0000 Re: 0.9986 Acc: 0.9993 F1: 0.9993
Epoch 87: Time: 0.1207 Cost: 0.1342 Pre: 1.0000 Re: 0.9986 Acc: 0.9993 F1: 0.9993
Epoch 88: Time: 0.1464 Cost: 0.1269 Pre: 1.0000 Re: 0.9986 Acc: 0.9993 F1: 0.9993
Epoch 89: Time: 0.1350 Cost: 0.1202 Pre: 1.0000 Re: 0.9986 Acc: 0.9993 F1: 0.9993
Epoch 90: Time: 0.1236 Cost: 0.1141 Pre: 1.0000 Re: 0.9986 Acc: 0.9993 F1: 0.9993


--------------------------------------------------------------------
Eval results: Cost:0.1099 Pre:1.0000 Re:0.9985 Acc:0.9993 F1:0.9993
--------------------------------------------------------------------

Epoch 91: Time: 0.1164 Cost: 0.1085 Pre: 1.0000 Re: 0.9986 Acc: 0.9993 F1: 0.9993
Epoch 92: Time: 0.1195 Cost: 0.1030 Pre: 1.0000 Re: 0.9986 Acc: 0.9993 F1: 0.9993
Epoch 93: Time: 0.1268 Cost: 0.0983 Pre: 1.0000 Re: 0.9986 Acc: 0.9993 F1: 0.9993
Epoch 94: Time: 0.1185 Cost: 0.0940 Pre: 1.0000 Re: 0.9986 Acc: 0.9993 F1: 0.9993
Epoch 95: Time: 0.1157 Cost: 0.0900 Pre: 1.0000 Re: 0.9993 Acc: 0.9997 F1: 0.9996
Epoch 96: Time: 0.1149 Cost: 0.0863 Pre: 1.0000 Re: 0.9993 Acc: 0.9997 F1: 0.9996
Epoch 97: Time: 0.1223 Cost: 0.0828 Pre: 1.0000 Re: 0.9993 Acc: 0.9997 F1: 0.9996
Epoch 98: Time: 0.1279 Cost: 0.0796 Pre: 1.0000 Re: 0.9993 Acc: 0.9997 F1: 0.9996
Epoch 99: Time: 0.1189 Cost: 0.0766 Pre: 1.0000 Re: 0.9993 Acc: 0.9997 F1: 0.9996
Epoch 100: Time: 0.1186 Cost: 0.0738 Pre: 1.0000 Re: 0.9993 Acc: 0.9997 F1: 0.9996


--------------------------------------------------------------------
Eval results: Cost:0.0765 Pre:1.0000 Re:0.9985 Acc:0.9993 F1:0.9993
--------------------------------------------------------------------

Epoch 101: Time: 0.1235 Cost: 0.0712 Pre: 1.0000 Re: 0.9993 Acc: 0.9997 F1: 0.9996
Epoch 102: Time: 0.1235 Cost: 0.0686 Pre: 1.0000 Re: 0.9993 Acc: 0.9997 F1: 0.9996
Epoch 103: Time: 0.1178 Cost: 0.0663 Pre: 1.0000 Re: 0.9993 Acc: 0.9997 F1: 0.9996
Epoch 104: Time: 0.1175 Cost: 0.0642 Pre: 1.0000 Re: 0.9993 Acc: 0.9997 F1: 0.9996
Epoch 105: Time: 0.1257 Cost: 0.0621 Pre: 1.0000 Re: 0.9993 Acc: 0.9997 F1: 0.9996
Epoch 106: Time: 0.1214 Cost: 0.0602 Pre: 1.0000 Re: 0.9993 Acc: 0.9997 F1: 0.9996
Epoch 107: Time: 0.1245 Cost: 0.0585 Pre: 1.0000 Re: 0.9993 Acc: 0.9997 F1: 0.9996
Epoch 108: Time: 0.1193 Cost: 0.0568 Pre: 1.0000 Re: 0.9993 Acc: 0.9997 F1: 0.9996
Epoch 109: Time: 0.1156 Cost: 0.0552 Pre: 1.0000 Re: 0.9993 Acc: 0.9997 F1: 0.9996
Epoch 110: Time: 0.1149 Cost: 0.0537 Pre: 1.0000 Re: 0.9993 Acc: 0.9997 F1: 0.9996


--------------------------------------------------------------------
Eval results: Cost:0.0602 Pre:1.0000 Re:0.9985 Acc:0.9993 F1:0.9993
--------------------------------------------------------------------

Epoch 111: Time: 0.1180 Cost: 0.0522 Pre: 1.0000 Re: 0.9993 Acc: 0.9997 F1: 0.9996
Epoch 112: Time: 0.1166 Cost: 0.0508 Pre: 1.0000 Re: 0.9993 Acc: 0.9997 F1: 0.9996
Epoch 113: Time: 0.1159 Cost: 0.0495 Pre: 1.0000 Re: 0.9993 Acc: 0.9997 F1: 0.9996
Epoch 114: Time: 0.1238 Cost: 0.0483 Pre: 1.0000 Re: 0.9993 Acc: 0.9997 F1: 0.9996
Epoch 115: Time: 0.1308 Cost: 0.0471 Pre: 1.0000 Re: 0.9993 Acc: 0.9997 F1: 0.9996
Epoch 116: Time: 0.1190 Cost: 0.0460 Pre: 1.0000 Re: 0.9993 Acc: 0.9997 F1: 0.9996
Epoch 117: Time: 0.1196 Cost: 0.0450 Pre: 1.0000 Re: 0.9993 Acc: 0.9997 F1: 0.9996
Epoch 118: Time: 0.1263 Cost: 0.0440 Pre: 1.0000 Re: 0.9993 Acc: 0.9997 F1: 0.9996
Epoch 119: Time: 0.1219 Cost: 0.0430 Pre: 1.0000 Re: 0.9993 Acc: 0.9997 F1: 0.9996
Epoch 120: Time: 0.1235 Cost: 0.0421 Pre: 1.0000 Re: 0.9993 Acc: 0.9997 F1: 0.9996


--------------------------------------------------------------------
Eval results: Cost:0.0508 Pre:1.0000 Re:0.9985 Acc:0.9993 F1:0.9993
--------------------------------------------------------------------

Epoch 121: Time: 0.1264 Cost: 0.0413 Pre: 1.0000 Re: 0.9993 Acc: 0.9997 F1: 0.9996
Epoch 122: Time: 0.1199 Cost: 0.0404 Pre: 1.0000 Re: 0.9993 Acc: 0.9997 F1: 0.9996
Epoch 123: Time: 0.1289 Cost: 0.0396 Pre: 1.0000 Re: 0.9993 Acc: 0.9997 F1: 0.9996
Epoch 124: Time: 0.1301 Cost: 0.0388 Pre: 1.0000 Re: 0.9993 Acc: 0.9997 F1: 0.9996
Epoch 125: Time: 0.1183 Cost: 0.0381 Pre: 1.0000 Re: 0.9993 Acc: 0.9997 F1: 0.9996
Epoch 126: Time: 0.1222 Cost: 0.0374 Pre: 1.0000 Re: 0.9993 Acc: 0.9997 F1: 0.9996
Epoch 127: Time: 0.1221 Cost: 0.0367 Pre: 1.0000 Re: 0.9993 Acc: 0.9997 F1: 0.9996
Epoch 128: Time: 0.1358 Cost: 0.0361 Pre: 1.0000 Re: 0.9993 Acc: 0.9997 F1: 0.9996
Epoch 129: Time: 0.1234 Cost: 0.0355 Pre: 1.0000 Re: 0.9993 Acc: 0.9997 F1: 0.9996
Epoch 130: Time: 0.1205 Cost: 0.0349 Pre: 1.0000 Re: 0.9993 Acc: 0.9997 F1: 0.9996


--------------------------------------------------------------------
Eval results: Cost:0.0445 Pre:1.0000 Re:0.9985 Acc:0.9993 F1:0.9993
--------------------------------------------------------------------

Epoch 131: Time: 0.1235 Cost: 0.0343 Pre: 1.0000 Re: 0.9993 Acc: 0.9997 F1: 0.9996
Epoch 132: Time: 0.1312 Cost: 0.0337 Pre: 1.0000 Re: 0.9993 Acc: 0.9997 F1: 0.9996
Epoch 133: Time: 0.1208 Cost: 0.0332 Pre: 1.0000 Re: 0.9993 Acc: 0.9997 F1: 0.9996
Epoch 134: Time: 0.1174 Cost: 0.0327 Pre: 1.0000 Re: 0.9993 Acc: 0.9997 F1: 0.9996
Epoch 135: Time: 0.1264 Cost: 0.0322 Pre: 1.0000 Re: 0.9993 Acc: 0.9997 F1: 0.9996
Epoch 136: Time: 0.1219 Cost: 0.0317 Pre: 1.0000 Re: 0.9993 Acc: 0.9997 F1: 0.9996
Epoch 137: Time: 0.1181 Cost: 0.0312 Pre: 1.0000 Re: 0.9993 Acc: 0.9997 F1: 0.9996
Epoch 138: Time: 0.1180 Cost: 0.0307 Pre: 1.0000 Re: 0.9993 Acc: 0.9997 F1: 0.9996
Epoch 139: Time: 0.1195 Cost: 0.0303 Pre: 1.0000 Re: 0.9993 Acc: 0.9997 F1: 0.9996
Epoch 140: Time: 0.1215 Cost: 0.0299 Pre: 1.0000 Re: 0.9993 Acc: 0.9997 F1: 0.9996


--------------------------------------------------------------------
Eval results: Cost:0.0399 Pre:1.0000 Re:0.9985 Acc:0.9993 F1:0.9993
--------------------------------------------------------------------

Epoch 141: Time: 0.1173 Cost: 0.0295 Pre: 1.0000 Re: 0.9993 Acc: 0.9997 F1: 0.9996
Epoch 142: Time: 0.1188 Cost: 0.0291 Pre: 1.0000 Re: 0.9993 Acc: 0.9997 F1: 0.9996
Epoch 143: Time: 0.1169 Cost: 0.0287 Pre: 1.0000 Re: 0.9993 Acc: 0.9997 F1: 0.9996
Epoch 144: Time: 0.1267 Cost: 0.0283 Pre: 1.0000 Re: 0.9993 Acc: 0.9997 F1: 0.9996
Epoch 145: Time: 0.1189 Cost: 0.0279 Pre: 1.0000 Re: 0.9993 Acc: 0.9997 F1: 0.9996
Epoch 146: Time: 0.1179 Cost: 0.0276 Pre: 1.0000 Re: 0.9993 Acc: 0.9997 F1: 0.9996
Epoch 147: Time: 0.1176 Cost: 0.0272 Pre: 1.0000 Re: 0.9993 Acc: 0.9997 F1: 0.9996
Epoch 148: Time: 0.1202 Cost: 0.0269 Pre: 1.0000 Re: 0.9993 Acc: 0.9997 F1: 0.9996
Epoch 149: Time: 0.1317 Cost: 0.0265 Pre: 1.0000 Re: 0.9993 Acc: 0.9997 F1: 0.9996
Epoch 150: Time: 0.1186 Cost: 0.0262 Pre: 1.0000 Re: 0.9993 Acc: 0.9997 F1: 0.9996


--------------------------------------------------------------------
Eval results: Cost:0.0362 Pre:1.0000 Re:0.9985 Acc:0.9993 F1:0.9993
--------------------------------------------------------------------

Epoch 151: Time: 0.1203 Cost: 0.0259 Pre: 1.0000 Re: 0.9993 Acc: 0.9997 F1: 0.9996
Epoch 152: Time: 0.1195 Cost: 0.0256 Pre: 1.0000 Re: 0.9993 Acc: 0.9997 F1: 0.9996
Epoch 153: Time: 0.1233 Cost: 0.0253 Pre: 1.0000 Re: 0.9993 Acc: 0.9997 F1: 0.9996
Epoch 154: Time: 0.1184 Cost: 0.0250 Pre: 1.0000 Re: 0.9993 Acc: 0.9997 F1: 0.9996
Epoch 155: Time: 0.1193 Cost: 0.0247 Pre: 1.0000 Re: 0.9993 Acc: 0.9997 F1: 0.9996
Epoch 156: Time: 0.1198 Cost: 0.0244 Pre: 1.0000 Re: 0.9993 Acc: 0.9997 F1: 0.9996
Epoch 157: Time: 0.1223 Cost: 0.0242 Pre: 1.0000 Re: 0.9993 Acc: 0.9997 F1: 0.9996
Epoch 158: Time: 0.1228 Cost: 0.0239 Pre: 1.0000 Re: 0.9993 Acc: 0.9997 F1: 0.9996
Epoch 159: Time: 0.1213 Cost: 0.0236 Pre: 1.0000 Re: 0.9993 Acc: 0.9997 F1: 0.9996
Epoch 160: Time: 0.1185 Cost: 0.0234 Pre: 1.0000 Re: 0.9993 Acc: 0.9997 F1: 0.9996


--------------------------------------------------------------------
Eval results: Cost:0.0331 Pre:1.0000 Re:0.9985 Acc:0.9993 F1:0.9993
--------------------------------------------------------------------

Epoch 161: Time: 0.1218 Cost: 0.0231 Pre: 1.0000 Re: 0.9993 Acc: 0.9997 F1: 0.9996
Epoch 162: Time: 0.1183 Cost: 0.0229 Pre: 1.0000 Re: 0.9993 Acc: 0.9997 F1: 0.9996
Epoch 163: Time: 0.1152 Cost: 0.0226 Pre: 1.0000 Re: 0.9993 Acc: 0.9997 F1: 0.9996
Epoch 164: Time: 0.1159 Cost: 0.0224 Pre: 1.0000 Re: 0.9993 Acc: 0.9997 F1: 0.9996
Epoch 165: Time: 0.1166 Cost: 0.0222 Pre: 1.0000 Re: 0.9993 Acc: 0.9997 F1: 0.9996
Epoch 166: Time: 0.1212 Cost: 0.0219 Pre: 1.0000 Re: 0.9993 Acc: 0.9997 F1: 0.9996
Epoch 167: Time: 0.1153 Cost: 0.0217 Pre: 1.0000 Re: 0.9993 Acc: 0.9997 F1: 0.9996
Epoch 168: Time: 0.1159 Cost: 0.0215 Pre: 1.0000 Re: 0.9993 Acc: 0.9997 F1: 0.9996
Epoch 169: Time: 0.1152 Cost: 0.0213 Pre: 1.0000 Re: 0.9993 Acc: 0.9997 F1: 0.9996
Epoch 170: Time: 0.1166 Cost: 0.0211 Pre: 1.0000 Re: 0.9993 Acc: 0.9997 F1: 0.9996


--------------------------------------------------------------------
Eval results: Cost:0.0305 Pre:1.0000 Re:0.9985 Acc:0.9993 F1:0.9993
--------------------------------------------------------------------

Epoch 171: Time: 0.1153 Cost: 0.0209 Pre: 1.0000 Re: 0.9993 Acc: 0.9997 F1: 0.9996
Epoch 172: Time: 0.1152 Cost: 0.0207 Pre: 1.0000 Re: 0.9993 Acc: 0.9997 F1: 0.9996
Epoch 173: Time: 0.1184 Cost: 0.0205 Pre: 1.0000 Re: 0.9993 Acc: 0.9997 F1: 0.9996
Epoch 174: Time: 0.1215 Cost: 0.0203 Pre: 1.0000 Re: 0.9993 Acc: 0.9997 F1: 0.9996
Epoch 175: Time: 0.1197 Cost: 0.0201 Pre: 1.0000 Re: 0.9993 Acc: 0.9997 F1: 0.9996
Epoch 176: Time: 0.1162 Cost: 0.0199 Pre: 1.0000 Re: 0.9993 Acc: 0.9997 F1: 0.9996
Epoch 177: Time: 0.1156 Cost: 0.0197 Pre: 1.0000 Re: 0.9993 Acc: 0.9997 F1: 0.9996
Epoch 178: Time: 0.1161 Cost: 0.0195 Pre: 1.0000 Re: 0.9993 Acc: 0.9997 F1: 0.9996
Epoch 179: Time: 0.1184 Cost: 0.0193 Pre: 1.0000 Re: 0.9993 Acc: 0.9997 F1: 0.9996
Epoch 180: Time: 0.1166 Cost: 0.0192 Pre: 1.0000 Re: 0.9993 Acc: 0.9997 F1: 0.9996


--------------------------------------------------------------------
Eval results: Cost:0.0281 Pre:1.0000 Re:0.9985 Acc:0.9993 F1:0.9993
--------------------------------------------------------------------

Epoch 181: Time: 0.1368 Cost: 0.0190 Pre: 1.0000 Re: 0.9993 Acc: 0.9997 F1: 0.9996
Epoch 182: Time: 0.1180 Cost: 0.0188 Pre: 1.0000 Re: 0.9993 Acc: 0.9997 F1: 0.9996
Epoch 183: Time: 0.1239 Cost: 0.0186 Pre: 1.0000 Re: 0.9993 Acc: 0.9997 F1: 0.9996
Epoch 184: Time: 0.1192 Cost: 0.0185 Pre: 1.0000 Re: 0.9993 Acc: 0.9997 F1: 0.9996
Epoch 185: Time: 0.1170 Cost: 0.0183 Pre: 1.0000 Re: 0.9993 Acc: 0.9997 F1: 0.9996
Epoch 186: Time: 0.1178 Cost: 0.0181 Pre: 1.0000 Re: 0.9993 Acc: 0.9997 F1: 0.9996
Epoch 187: Time: 0.1185 Cost: 0.0180 Pre: 1.0000 Re: 0.9993 Acc: 0.9997 F1: 0.9996
Epoch 188: Time: 0.1216 Cost: 0.0178 Pre: 1.0000 Re: 0.9993 Acc: 0.9997 F1: 0.9996
Epoch 189: Time: 0.1209 Cost: 0.0177 Pre: 1.0000 Re: 0.9993 Acc: 0.9997 F1: 0.9996
Epoch 190: Time: 0.1193 Cost: 0.0175 Pre: 1.0000 Re: 0.9993 Acc: 0.9997 F1: 0.9996


--------------------------------------------------------------------
Eval results: Cost:0.0260 Pre:1.0000 Re:0.9985 Acc:0.9993 F1:0.9993
--------------------------------------------------------------------

Epoch 191: Time: 0.1183 Cost: 0.0174 Pre: 1.0000 Re: 0.9993 Acc: 0.9997 F1: 0.9996
Epoch 192: Time: 0.1208 Cost: 0.0172 Pre: 1.0000 Re: 0.9993 Acc: 0.9997 F1: 0.9996
Epoch 193: Time: 0.1169 Cost: 0.0171 Pre: 1.0000 Re: 0.9993 Acc: 0.9997 F1: 0.9996
Epoch 194: Time: 0.1158 Cost: 0.0169 Pre: 1.0000 Re: 0.9993 Acc: 0.9997 F1: 0.9996
Epoch 195: Time: 0.1162 Cost: 0.0168 Pre: 1.0000 Re: 0.9993 Acc: 0.9997 F1: 0.9996
Epoch 196: Time: 0.1199 Cost: 0.0166 Pre: 1.0000 Re: 0.9993 Acc: 0.9997 F1: 0.9996
Epoch 197: Time: 0.1196 Cost: 0.0165 Pre: 1.0000 Re: 0.9993 Acc: 0.9997 F1: 0.9996
Epoch 198: Time: 0.1154 Cost: 0.0164 Pre: 1.0000 Re: 0.9993 Acc: 0.9997 F1: 0.9996
Epoch 199: Time: 0.1154 Cost: 0.0162 Pre: 1.0000 Re: 0.9993 Acc: 0.9997 F1: 0.9996
Epoch 200: Time: 0.1165 Cost: 0.0161 Pre: 1.0000 Re: 0.9993 Acc: 0.9997 F1: 0.9996


--------------------------------------------------------------------
Eval results: Cost:0.0241 Pre:1.0000 Re:0.9985 Acc:0.9993 F1:0.9993
--------------------------------------------------------------------

Epoch 201: Time: 0.1170 Cost: 0.0160 Pre: 1.0000 Re: 0.9993 Acc: 0.9997 F1: 0.9996
Epoch 202: Time: 0.1160 Cost: 0.0158 Pre: 1.0000 Re: 0.9993 Acc: 0.9997 F1: 0.9996
Epoch 203: Time: 0.1155 Cost: 0.0157 Pre: 1.0000 Re: 0.9993 Acc: 0.9997 F1: 0.9996
Epoch 204: Time: 0.1168 Cost: 0.0156 Pre: 1.0000 Re: 0.9993 Acc: 0.9997 F1: 0.9996
Epoch 205: Time: 0.1200 Cost: 0.0154 Pre: 1.0000 Re: 0.9993 Acc: 0.9997 F1: 0.9996
Epoch 206: Time: 0.1154 Cost: 0.0153 Pre: 1.0000 Re: 0.9993 Acc: 0.9997 F1: 0.9996
Epoch 207: Time: 0.1154 Cost: 0.0152 Pre: 1.0000 Re: 0.9993 Acc: 0.9997 F1: 0.9996
Epoch 208: Time: 0.1155 Cost: 0.0151 Pre: 1.0000 Re: 0.9993 Acc: 0.9997 F1: 0.9996
Epoch 209: Time: 0.1163 Cost: 0.0150 Pre: 1.0000 Re: 0.9993 Acc: 0.9997 F1: 0.9996
Epoch 210: Time: 0.1196 Cost: 0.0148 Pre: 1.0000 Re: 0.9993 Acc: 0.9997 F1: 0.9996


--------------------------------------------------------------------
Eval results: Cost:0.0223 Pre:1.0000 Re:0.9985 Acc:0.9993 F1:0.9993
--------------------------------------------------------------------

Epoch 211: Time: 0.1150 Cost: 0.0147 Pre: 1.0000 Re: 0.9993 Acc: 0.9997 F1: 0.9996
Epoch 212: Time: 0.1189 Cost: 0.0146 Pre: 1.0000 Re: 0.9993 Acc: 0.9997 F1: 0.9996
Epoch 213: Time: 0.1161 Cost: 0.0145 Pre: 1.0000 Re: 0.9993 Acc: 0.9997 F1: 0.9996
Epoch 214: Time: 0.1183 Cost: 0.0144 Pre: 1.0000 Re: 1.0000 Acc: 1.0000 F1: 1.0000
Epoch 215: Time: 0.1155 Cost: 0.0143 Pre: 1.0000 Re: 1.0000 Acc: 1.0000 F1: 1.0000
Epoch 216: Time: 0.1163 Cost: 0.0141 Pre: 1.0000 Re: 1.0000 Acc: 1.0000 F1: 1.0000
Epoch 217: Time: 0.1178 Cost: 0.0140 Pre: 1.0000 Re: 1.0000 Acc: 1.0000 F1: 1.0000
Epoch 218: Time: 0.1164 Cost: 0.0139 Pre: 1.0000 Re: 1.0000 Acc: 1.0000 F1: 1.0000
Epoch 219: Time: 0.1194 Cost: 0.0138 Pre: 1.0000 Re: 1.0000 Acc: 1.0000 F1: 1.0000
Epoch 220: Time: 0.1158 Cost: 0.0137 Pre: 1.0000 Re: 1.0000 Acc: 1.0000 F1: 1.0000


--------------------------------------------------------------------
Eval results: Cost:0.0207 Pre:1.0000 Re:1.0000 Acc:1.0000 F1:1.0000
--------------------------------------------------------------------

Epoch 221: Time: 0.1183 Cost: 0.0136 Pre: 1.0000 Re: 1.0000 Acc: 1.0000 F1: 1.0000
Epoch 222: Time: 0.1203 Cost: 0.0135 Pre: 1.0000 Re: 1.0000 Acc: 1.0000 F1: 1.0000
Epoch 223: Time: 0.1223 Cost: 0.0134 Pre: 1.0000 Re: 1.0000 Acc: 1.0000 F1: 1.0000
Epoch 224: Time: 0.1182 Cost: 0.0133 Pre: 1.0000 Re: 1.0000 Acc: 1.0000 F1: 1.0000
Epoch 225: Time: 0.1187 Cost: 0.0132 Pre: 1.0000 Re: 1.0000 Acc: 1.0000 F1: 1.0000
Epoch 226: Time: 0.1184 Cost: 0.0131 Pre: 1.0000 Re: 1.0000 Acc: 1.0000 F1: 1.0000
Epoch 227: Time: 0.1211 Cost: 0.0130 Pre: 1.0000 Re: 1.0000 Acc: 1.0000 F1: 1.0000
Epoch 228: Time: 0.1178 Cost: 0.0129 Pre: 1.0000 Re: 1.0000 Acc: 1.0000 F1: 1.0000
Epoch 229: Time: 0.1152 Cost: 0.0128 Pre: 1.0000 Re: 1.0000 Acc: 1.0000 F1: 1.0000
Epoch 230: Time: 0.1154 Cost: 0.0127 Pre: 1.0000 Re: 1.0000 Acc: 1.0000 F1: 1.0000


--------------------------------------------------------------------
Eval results: Cost:0.0192 Pre:1.0000 Re:1.0000 Acc:1.0000 F1:1.0000
--------------------------------------------------------------------

Epoch 231: Time: 0.1188 Cost: 0.0126 Pre: 1.0000 Re: 1.0000 Acc: 1.0000 F1: 1.0000
Epoch 232: Time: 0.1161 Cost: 0.0125 Pre: 1.0000 Re: 1.0000 Acc: 1.0000 F1: 1.0000
Epoch 233: Time: 0.1160 Cost: 0.0124 Pre: 1.0000 Re: 1.0000 Acc: 1.0000 F1: 1.0000
Epoch 234: Time: 0.1151 Cost: 0.0123 Pre: 1.0000 Re: 1.0000 Acc: 1.0000 F1: 1.0000
Epoch 235: Time: 0.1166 Cost: 0.0122 Pre: 1.0000 Re: 1.0000 Acc: 1.0000 F1: 1.0000
Epoch 236: Time: 0.1194 Cost: 0.0121 Pre: 1.0000 Re: 1.0000 Acc: 1.0000 F1: 1.0000
Epoch 237: Time: 0.1163 Cost: 0.0120 Pre: 1.0000 Re: 1.0000 Acc: 1.0000 F1: 1.0000
Epoch 238: Time: 0.1158 Cost: 0.0120 Pre: 1.0000 Re: 1.0000 Acc: 1.0000 F1: 1.0000
Epoch 239: Time: 0.1162 Cost: 0.0119 Pre: 1.0000 Re: 1.0000 Acc: 1.0000 F1: 1.0000
Epoch 240: Time: 0.1189 Cost: 0.0118 Pre: 1.0000 Re: 1.0000 Acc: 1.0000 F1: 1.0000


--------------------------------------------------------------------
Eval results: Cost:0.0179 Pre:1.0000 Re:1.0000 Acc:1.0000 F1:1.0000
--------------------------------------------------------------------

Epoch 241: Time: 0.1166 Cost: 0.0117 Pre: 1.0000 Re: 1.0000 Acc: 1.0000 F1: 1.0000
Epoch 242: Time: 0.1167 Cost: 0.0116 Pre: 1.0000 Re: 1.0000 Acc: 1.0000 F1: 1.0000
Epoch 243: Time: 0.1161 Cost: 0.0115 Pre: 1.0000 Re: 1.0000 Acc: 1.0000 F1: 1.0000
Epoch 244: Time: 0.1199 Cost: 0.0114 Pre: 1.0000 Re: 1.0000 Acc: 1.0000 F1: 1.0000
Epoch 245: Time: 0.1192 Cost: 0.0114 Pre: 1.0000 Re: 1.0000 Acc: 1.0000 F1: 1.0000
Epoch 246: Time: 0.1156 Cost: 0.0113 Pre: 1.0000 Re: 1.0000 Acc: 1.0000 F1: 1.0000
Epoch 247: Time: 0.1155 Cost: 0.0112 Pre: 1.0000 Re: 1.0000 Acc: 1.0000 F1: 1.0000
Epoch 248: Time: 0.1155 Cost: 0.0111 Pre: 1.0000 Re: 1.0000 Acc: 1.0000 F1: 1.0000
Epoch 249: Time: 0.1173 Cost: 0.0110 Pre: 1.0000 Re: 1.0000 Acc: 1.0000 F1: 1.0000
Epoch 250: Time: 0.1173 Cost: 0.0109 Pre: 1.0000 Re: 1.0000 Acc: 1.0000 F1: 1.0000


--------------------------------------------------------------------
Eval results: Cost:0.0166 Pre:1.0000 Re:1.0000 Acc:1.0000 F1:1.0000
--------------------------------------------------------------------

Epoch 251: Time: 0.1186 Cost: 0.0109 Pre: 1.0000 Re: 1.0000 Acc: 1.0000 F1: 1.0000
Epoch 252: Time: 0.1176 Cost: 0.0108 Pre: 1.0000 Re: 1.0000 Acc: 1.0000 F1: 1.0000
Epoch 253: Time: 0.1226 Cost: 0.0107 Pre: 1.0000 Re: 1.0000 Acc: 1.0000 F1: 1.0000
Epoch 254: Time: 0.1219 Cost: 0.0106 Pre: 1.0000 Re: 1.0000 Acc: 1.0000 F1: 1.0000
Epoch 255: Time: 0.1186 Cost: 0.0106 Pre: 1.0000 Re: 1.0000 Acc: 1.0000 F1: 1.0000
Epoch 256: Time: 0.1181 Cost: 0.0105 Pre: 1.0000 Re: 1.0000 Acc: 1.0000 F1: 1.0000
Epoch 257: Time: 0.1184 Cost: 0.0104 Pre: 1.0000 Re: 1.0000 Acc: 1.0000 F1: 1.0000
Epoch 258: Time: 0.1220 Cost: 0.0103 Pre: 1.0000 Re: 1.0000 Acc: 1.0000 F1: 1.0000
Epoch 259: Time: 0.1187 Cost: 0.0103 Pre: 1.0000 Re: 1.0000 Acc: 1.0000 F1: 1.0000
Epoch 260: Time: 0.1187 Cost: 0.0102 Pre: 1.0000 Re: 1.0000 Acc: 1.0000 F1: 1.0000


--------------------------------------------------------------------
Eval results: Cost:0.0154 Pre:1.0000 Re:1.0000 Acc:1.0000 F1:1.0000
--------------------------------------------------------------------

Epoch 261: Time: 0.1190 Cost: 0.0101 Pre: 1.0000 Re: 1.0000 Acc: 1.0000 F1: 1.0000
Epoch 262: Time: 0.1219 Cost: 0.0100 Pre: 1.0000 Re: 1.0000 Acc: 1.0000 F1: 1.0000
Epoch 263: Time: 0.1163 Cost: 0.0100 Pre: 1.0000 Re: 1.0000 Acc: 1.0000 F1: 1.0000
Epoch 264: Time: 0.1171 Cost: 0.0099 Pre: 1.0000 Re: 1.0000 Acc: 1.0000 F1: 1.0000
Epoch 265: Time: 0.1171 Cost: 0.0098 Pre: 1.0000 Re: 1.0000 Acc: 1.0000 F1: 1.0000
Epoch 266: Time: 0.1181 Cost: 0.0098 Pre: 1.0000 Re: 1.0000 Acc: 1.0000 F1: 1.0000
Epoch 267: Time: 0.1223 Cost: 0.0097 Pre: 1.0000 Re: 1.0000 Acc: 1.0000 F1: 1.0000
Epoch 268: Time: 0.1191 Cost: 0.0096 Pre: 1.0000 Re: 1.0000 Acc: 1.0000 F1: 1.0000
Epoch 269: Time: 0.1185 Cost: 0.0096 Pre: 1.0000 Re: 1.0000 Acc: 1.0000 F1: 1.0000
Epoch 270: Time: 0.1185 Cost: 0.0095 Pre: 1.0000 Re: 1.0000 Acc: 1.0000 F1: 1.0000


--------------------------------------------------------------------
Eval results: Cost:0.0144 Pre:1.0000 Re:1.0000 Acc:1.0000 F1:1.0000
--------------------------------------------------------------------

Epoch 271: Time: 0.1213 Cost: 0.0094 Pre: 1.0000 Re: 1.0000 Acc: 1.0000 F1: 1.0000
Epoch 272: Time: 0.1168 Cost: 0.0094 Pre: 1.0000 Re: 1.0000 Acc: 1.0000 F1: 1.0000
Epoch 273: Time: 0.1176 Cost: 0.0093 Pre: 1.0000 Re: 1.0000 Acc: 1.0000 F1: 1.0000
Epoch 274: Time: 0.1173 Cost: 0.0092 Pre: 1.0000 Re: 1.0000 Acc: 1.0000 F1: 1.0000
Epoch 275: Time: 0.1227 Cost: 0.0092 Pre: 1.0000 Re: 1.0000 Acc: 1.0000 F1: 1.0000
Epoch 276: Time: 0.1166 Cost: 0.0091 Pre: 1.0000 Re: 1.0000 Acc: 1.0000 F1: 1.0000
Epoch 277: Time: 0.1172 Cost: 0.0090 Pre: 1.0000 Re: 1.0000 Acc: 1.0000 F1: 1.0000
Epoch 278: Time: 0.1189 Cost: 0.0090 Pre: 1.0000 Re: 1.0000 Acc: 1.0000 F1: 1.0000
Epoch 279: Time: 0.1202 Cost: 0.0089 Pre: 1.0000 Re: 1.0000 Acc: 1.0000 F1: 1.0000
Epoch 280: Time: 0.1227 Cost: 0.0088 Pre: 1.0000 Re: 1.0000 Acc: 1.0000 F1: 1.0000


--------------------------------------------------------------------
Eval results: Cost:0.0134 Pre:1.0000 Re:1.0000 Acc:1.0000 F1:1.0000
--------------------------------------------------------------------

Epoch 281: Time: 0.1188 Cost: 0.0088 Pre: 1.0000 Re: 1.0000 Acc: 1.0000 F1: 1.0000
Epoch 282: Time: 0.1211 Cost: 0.0087 Pre: 1.0000 Re: 1.0000 Acc: 1.0000 F1: 1.0000
Epoch 283: Time: 0.1199 Cost: 0.0087 Pre: 1.0000 Re: 1.0000 Acc: 1.0000 F1: 1.0000
Epoch 284: Time: 0.1216 Cost: 0.0086 Pre: 1.0000 Re: 1.0000 Acc: 1.0000 F1: 1.0000
Epoch 285: Time: 0.1164 Cost: 0.0085 Pre: 1.0000 Re: 1.0000 Acc: 1.0000 F1: 1.0000
Epoch 286: Time: 0.1166 Cost: 0.0085 Pre: 1.0000 Re: 1.0000 Acc: 1.0000 F1: 1.0000
Epoch 287: Time: 0.1158 Cost: 0.0084 Pre: 1.0000 Re: 1.0000 Acc: 1.0000 F1: 1.0000
Epoch 288: Time: 0.1206 Cost: 0.0084 Pre: 1.0000 Re: 1.0000 Acc: 1.0000 F1: 1.0000
Epoch 289: Time: 0.1194 Cost: 0.0083 Pre: 1.0000 Re: 1.0000 Acc: 1.0000 F1: 1.0000
Epoch 290: Time: 0.1222 Cost: 0.0083 Pre: 1.0000 Re: 1.0000 Acc: 1.0000 F1: 1.0000


--------------------------------------------------------------------
Eval results: Cost:0.0125 Pre:1.0000 Re:1.0000 Acc:1.0000 F1:1.0000
--------------------------------------------------------------------

Epoch 291: Time: 0.1178 Cost: 0.0082 Pre: 1.0000 Re: 1.0000 Acc: 1.0000 F1: 1.0000
Epoch 292: Time: 0.1211 Cost: 0.0081 Pre: 1.0000 Re: 1.0000 Acc: 1.0000 F1: 1.0000
Epoch 293: Time: 0.1183 Cost: 0.0081 Pre: 1.0000 Re: 1.0000 Acc: 1.0000 F1: 1.0000
Epoch 294: Time: 0.1188 Cost: 0.0080 Pre: 1.0000 Re: 1.0000 Acc: 1.0000 F1: 1.0000
Epoch 295: Time: 0.1183 Cost: 0.0080 Pre: 1.0000 Re: 1.0000 Acc: 1.0000 F1: 1.0000
Epoch 296: Time: 0.1167 Cost: 0.0079 Pre: 1.0000 Re: 1.0000 Acc: 1.0000 F1: 1.0000
Epoch 297: Time: 0.1221 Cost: 0.0079 Pre: 1.0000 Re: 1.0000 Acc: 1.0000 F1: 1.0000
Epoch 298: Time: 0.1196 Cost: 0.0078 Pre: 1.0000 Re: 1.0000 Acc: 1.0000 F1: 1.0000
Epoch 299: Time: 0.1211 Cost: 0.0078 Pre: 1.0000 Re: 1.0000 Acc: 1.0000 F1: 1.0000
Epoch 300: Time: 0.1166 Cost: 0.0077 Pre: 1.0000 Re: 1.0000 Acc: 1.0000 F1: 1.0000


--------------------------------------------------------------------
Eval results: Cost:0.0116 Pre:1.0000 Re:1.0000 Acc:1.0000 F1:1.0000
--------------------------------------------------------------------

Epoch 301: Time: 0.1205 Cost: 0.0077 Pre: 1.0000 Re: 1.0000 Acc: 1.0000 F1: 1.0000
Epoch 302: Time: 0.1164 Cost: 0.0076 Pre: 1.0000 Re: 1.0000 Acc: 1.0000 F1: 1.0000
Epoch 303: Time: 0.1187 Cost: 0.0076 Pre: 1.0000 Re: 1.0000 Acc: 1.0000 F1: 1.0000
Epoch 304: Time: 0.1175 Cost: 0.0075 Pre: 1.0000 Re: 1.0000 Acc: 1.0000 F1: 1.0000
Epoch 305: Time: 0.1163 Cost: 0.0075 Pre: 1.0000 Re: 1.0000 Acc: 1.0000 F1: 1.0000
Epoch 306: Time: 0.1200 Cost: 0.0074 Pre: 1.0000 Re: 1.0000 Acc: 1.0000 F1: 1.0000
Epoch 307: Time: 0.1170 Cost: 0.0074 Pre: 1.0000 Re: 1.0000 Acc: 1.0000 F1: 1.0000
Epoch 308: Time: 0.1182 Cost: 0.0073 Pre: 1.0000 Re: 1.0000 Acc: 1.0000 F1: 1.0000
Epoch 309: Time: 0.1187 Cost: 0.0073 Pre: 1.0000 Re: 1.0000 Acc: 1.0000 F1: 1.0000
Epoch 310: Time: 0.1224 Cost: 0.0072 Pre: 1.0000 Re: 1.0000 Acc: 1.0000 F1: 1.0000


--------------------------------------------------------------------
Eval results: Cost:0.0108 Pre:1.0000 Re:1.0000 Acc:1.0000 F1:1.0000
--------------------------------------------------------------------

Epoch 311: Time: 0.1187 Cost: 0.0072 Pre: 1.0000 Re: 1.0000 Acc: 1.0000 F1: 1.0000
Epoch 312: Time: 0.1183 Cost: 0.0071 Pre: 1.0000 Re: 1.0000 Acc: 1.0000 F1: 1.0000
Epoch 313: Time: 0.1197 Cost: 0.0071 Pre: 1.0000 Re: 1.0000 Acc: 1.0000 F1: 1.0000
Epoch 314: Time: 0.1223 Cost: 0.0070 Pre: 1.0000 Re: 1.0000 Acc: 1.0000 F1: 1.0000
Epoch 315: Time: 0.1168 Cost: 0.0070 Pre: 1.0000 Re: 1.0000 Acc: 1.0000 F1: 1.0000
Epoch 316: Time: 0.1162 Cost: 0.0069 Pre: 1.0000 Re: 1.0000 Acc: 1.0000 F1: 1.0000
Epoch 317: Time: 0.1156 Cost: 0.0069 Pre: 1.0000 Re: 1.0000 Acc: 1.0000 F1: 1.0000
Epoch 318: Time: 0.1186 Cost: 0.0068 Pre: 1.0000 Re: 1.0000 Acc: 1.0000 F1: 1.0000
Epoch 319: Time: 0.1207 Cost: 0.0068 Pre: 1.0000 Re: 1.0000 Acc: 1.0000 F1: 1.0000
Epoch 320: Time: 0.1164 Cost: 0.0068 Pre: 1.0000 Re: 1.0000 Acc: 1.0000 F1: 1.0000


--------------------------------------------------------------------
Eval results: Cost:0.0101 Pre:1.0000 Re:1.0000 Acc:1.0000 F1:1.0000
--------------------------------------------------------------------

Epoch 321: Time: 0.1205 Cost: 0.0067 Pre: 1.0000 Re: 1.0000 Acc: 1.0000 F1: 1.0000
Epoch 322: Time: 0.1197 Cost: 0.0067 Pre: 1.0000 Re: 1.0000 Acc: 1.0000 F1: 1.0000
Epoch 323: Time: 0.1218 Cost: 0.0066 Pre: 1.0000 Re: 1.0000 Acc: 1.0000 F1: 1.0000
Epoch 324: Time: 0.1184 Cost: 0.0066 Pre: 1.0000 Re: 1.0000 Acc: 1.0000 F1: 1.0000
Epoch 325: Time: 0.1174 Cost: 0.0065 Pre: 1.0000 Re: 1.0000 Acc: 1.0000 F1: 1.0000
Epoch 326: Time: 0.1189 Cost: 0.0065 Pre: 1.0000 Re: 1.0000 Acc: 1.0000 F1: 1.0000
Epoch 327: Time: 0.1203 Cost: 0.0065 Pre: 1.0000 Re: 1.0000 Acc: 1.0000 F1: 1.0000
Epoch 328: Time: 0.1218 Cost: 0.0064 Pre: 1.0000 Re: 1.0000 Acc: 1.0000 F1: 1.0000
Epoch 329: Time: 0.1182 Cost: 0.0064 Pre: 1.0000 Re: 1.0000 Acc: 1.0000 F1: 1.0000
Epoch 330: Time: 0.1174 Cost: 0.0063 Pre: 1.0000 Re: 1.0000 Acc: 1.0000 F1: 1.0000


--------------------------------------------------------------------
Eval results: Cost:0.0095 Pre:1.0000 Re:1.0000 Acc:1.0000 F1:1.0000
--------------------------------------------------------------------

Epoch 331: Time: 0.1191 Cost: 0.0063 Pre: 1.0000 Re: 1.0000 Acc: 1.0000 F1: 1.0000
Epoch 332: Time: 0.1164 Cost: 0.0063 Pre: 1.0000 Re: 1.0000 Acc: 1.0000 F1: 1.0000
Epoch 333: Time: 0.1182 Cost: 0.0062 Pre: 1.0000 Re: 1.0000 Acc: 1.0000 F1: 1.0000
Epoch 334: Time: 0.1168 Cost: 0.0062 Pre: 1.0000 Re: 1.0000 Acc: 1.0000 F1: 1.0000
Epoch 335: Time: 0.1213 Cost: 0.0061 Pre: 1.0000 Re: 1.0000 Acc: 1.0000 F1: 1.0000
Epoch 336: Time: 0.1238 Cost: 0.0061 Pre: 1.0000 Re: 1.0000 Acc: 1.0000 F1: 1.0000
Epoch 337: Time: 0.1271 Cost: 0.0061 Pre: 1.0000 Re: 1.0000 Acc: 1.0000 F1: 1.0000
Epoch 338: Time: 0.1177 Cost: 0.0060 Pre: 1.0000 Re: 1.0000 Acc: 1.0000 F1: 1.0000
Epoch 339: Time: 0.1177 Cost: 0.0060 Pre: 1.0000 Re: 1.0000 Acc: 1.0000 F1: 1.0000
Epoch 340: Time: 0.1180 Cost: 0.0059 Pre: 1.0000 Re: 1.0000 Acc: 1.0000 F1: 1.0000


--------------------------------------------------------------------
Eval results: Cost:0.0089 Pre:1.0000 Re:1.0000 Acc:1.0000 F1:1.0000
--------------------------------------------------------------------

Epoch 341: Time: 0.1185 Cost: 0.0059 Pre: 1.0000 Re: 1.0000 Acc: 1.0000 F1: 1.0000
Epoch 342: Time: 0.1178 Cost: 0.0059 Pre: 1.0000 Re: 1.0000 Acc: 1.0000 F1: 1.0000
Epoch 343: Time: 0.1185 Cost: 0.0058 Pre: 1.0000 Re: 1.0000 Acc: 1.0000 F1: 1.0000
Epoch 344: Time: 0.1208 Cost: 0.0058 Pre: 1.0000 Re: 1.0000 Acc: 1.0000 F1: 1.0000
Epoch 345: Time: 0.1185 Cost: 0.0058 Pre: 1.0000 Re: 1.0000 Acc: 1.0000 F1: 1.0000
Epoch 346: Time: 0.1179 Cost: 0.0057 Pre: 1.0000 Re: 1.0000 Acc: 1.0000 F1: 1.0000
Epoch 347: Time: 0.1177 Cost: 0.0057 Pre: 1.0000 Re: 1.0000 Acc: 1.0000 F1: 1.0000
Epoch 348: Time: 0.1159 Cost: 0.0057 Pre: 1.0000 Re: 1.0000 Acc: 1.0000 F1: 1.0000
Epoch 349: Time: 0.1193 Cost: 0.0056 Pre: 1.0000 Re: 1.0000 Acc: 1.0000 F1: 1.0000
Epoch 350: Time: 0.1178 Cost: 0.0056 Pre: 1.0000 Re: 1.0000 Acc: 1.0000 F1: 1.0000


--------------------------------------------------------------------
Eval results: Cost:0.0083 Pre:1.0000 Re:1.0000 Acc:1.0000 F1:1.0000
--------------------------------------------------------------------

Epoch 351: Time: 0.1183 Cost: 0.0056 Pre: 1.0000 Re: 1.0000 Acc: 1.0000 F1: 1.0000
Epoch 352: Time: 0.1204 Cost: 0.0055 Pre: 1.0000 Re: 1.0000 Acc: 1.0000 F1: 1.0000
Epoch 353: Time: 0.1227 Cost: 0.0055 Pre: 1.0000 Re: 1.0000 Acc: 1.0000 F1: 1.0000
Epoch 354: Time: 0.1191 Cost: 0.0055 Pre: 1.0000 Re: 1.0000 Acc: 1.0000 F1: 1.0000
Epoch 355: Time: 0.1185 Cost: 0.0054 Pre: 1.0000 Re: 1.0000 Acc: 1.0000 F1: 1.0000
Epoch 356: Time: 0.1176 Cost: 0.0054 Pre: 1.0000 Re: 1.0000 Acc: 1.0000 F1: 1.0000
Epoch 357: Time: 0.1177 Cost: 0.0054 Pre: 1.0000 Re: 1.0000 Acc: 1.0000 F1: 1.0000
Epoch 358: Time: 0.1222 Cost: 0.0053 Pre: 1.0000 Re: 1.0000 Acc: 1.0000 F1: 1.0000
Epoch 359: Time: 0.1169 Cost: 0.0053 Pre: 1.0000 Re: 1.0000 Acc: 1.0000 F1: 1.0000
Epoch 360: Time: 0.1200 Cost: 0.0053 Pre: 1.0000 Re: 1.0000 Acc: 1.0000 F1: 1.0000


--------------------------------------------------------------------
Eval results: Cost:0.0078 Pre:1.0000 Re:1.0000 Acc:1.0000 F1:1.0000
--------------------------------------------------------------------

Epoch 361: Time: 0.1178 Cost: 0.0052 Pre: 1.0000 Re: 1.0000 Acc: 1.0000 F1: 1.0000
Epoch 362: Time: 0.1226 Cost: 0.0052 Pre: 1.0000 Re: 1.0000 Acc: 1.0000 F1: 1.0000
Epoch 363: Time: 0.1159 Cost: 0.0052 Pre: 1.0000 Re: 1.0000 Acc: 1.0000 F1: 1.0000
Epoch 364: Time: 0.1176 Cost: 0.0051 Pre: 1.0000 Re: 1.0000 Acc: 1.0000 F1: 1.0000
Epoch 365: Time: 0.1186 Cost: 0.0051 Pre: 1.0000 Re: 1.0000 Acc: 1.0000 F1: 1.0000
Epoch 366: Time: 0.1206 Cost: 0.0051 Pre: 1.0000 Re: 1.0000 Acc: 1.0000 F1: 1.0000
Epoch 367: Time: 0.1196 Cost: 0.0050 Pre: 1.0000 Re: 1.0000 Acc: 1.0000 F1: 1.0000
Epoch 368: Time: 0.1195 Cost: 0.0050 Pre: 1.0000 Re: 1.0000 Acc: 1.0000 F1: 1.0000
Epoch 369: Time: 0.1198 Cost: 0.0050 Pre: 1.0000 Re: 1.0000 Acc: 1.0000 F1: 1.0000
Epoch 370: Time: 0.1175 Cost: 0.0049 Pre: 1.0000 Re: 1.0000 Acc: 1.0000 F1: 1.0000


--------------------------------------------------------------------
Eval results: Cost:0.0073 Pre:1.0000 Re:1.0000 Acc:1.0000 F1:1.0000
--------------------------------------------------------------------

Epoch 371: Time: 0.1181 Cost: 0.0049 Pre: 1.0000 Re: 1.0000 Acc: 1.0000 F1: 1.0000
Epoch 372: Time: 0.1175 Cost: 0.0049 Pre: 1.0000 Re: 1.0000 Acc: 1.0000 F1: 1.0000
Epoch 373: Time: 0.1167 Cost: 0.0049 Pre: 1.0000 Re: 1.0000 Acc: 1.0000 F1: 1.0000
Epoch 374: Time: 0.1166 Cost: 0.0048 Pre: 1.0000 Re: 1.0000 Acc: 1.0000 F1: 1.0000
Epoch 375: Time: 0.1189 Cost: 0.0048 Pre: 1.0000 Re: 1.0000 Acc: 1.0000 F1: 1.0000
Epoch 376: Time: 0.1182 Cost: 0.0048 Pre: 1.0000 Re: 1.0000 Acc: 1.0000 F1: 1.0000
Epoch 377: Time: 0.1153 Cost: 0.0047 Pre: 1.0000 Re: 1.0000 Acc: 1.0000 F1: 1.0000
Epoch 378: Time: 0.1154 Cost: 0.0047 Pre: 1.0000 Re: 1.0000 Acc: 1.0000 F1: 1.0000
Epoch 379: Time: 0.1154 Cost: 0.0047 Pre: 1.0000 Re: 1.0000 Acc: 1.0000 F1: 1.0000
Epoch 380: Time: 0.1202 Cost: 0.0047 Pre: 1.0000 Re: 1.0000 Acc: 1.0000 F1: 1.0000


--------------------------------------------------------------------
Eval results: Cost:0.0068 Pre:1.0000 Re:1.0000 Acc:1.0000 F1:1.0000
--------------------------------------------------------------------

Early stopping...
--------------------------------------------------------------------
--------------------------------------------------------------------
Test 4332 samples take time: 0.4243
Test results: Cost:0.0040 Pre:1.0000 Re:1.0000 Acc:1.0000 F1:1.0000
--------------------------------------------------------------------

