16768
16562
16206
16632
16380
16425
Load data
RNN type: O2 Grammar: g3 Seed: 7
Model total parameters: 200
Saving hinit ... 

Epoch 0: Time: 0.2262 Cost: 25.0726 Pre: 1.0000 Re: 0.0014 Acc: 0.5256 F1: 0.0029


--------------------------------------------------------------------
Eval results: Cost:24.6843 Pre:1.0000 Re:0.0030 Acc:0.5406 F1:0.0060
--------------------------------------------------------------------

Epoch 1: Time: 0.1317 Cost: 24.5492 Pre: 0.7287 Re: 0.0676 Acc: 0.5451 F1: 0.1238
Epoch 2: Time: 0.1306 Cost: 23.1698 Pre: 0.7212 Re: 0.5806 Acc: 0.6941 F1: 0.6433
Epoch 3: Time: 0.1326 Cost: 19.8789 Pre: 0.7496 Re: 0.7475 Acc: 0.7614 F1: 0.7486
Epoch 4: Time: 0.1330 Cost: 17.4280 Pre: 0.7332 Re: 0.8007 Acc: 0.7669 F1: 0.7655
Epoch 5: Time: 0.1327 Cost: 15.8930 Pre: 0.7409 Re: 0.8374 Acc: 0.7837 F1: 0.7862
Epoch 6: Time: 0.1334 Cost: 14.4668 Pre: 0.7678 Re: 0.8540 Acc: 0.8079 F1: 0.8086
Epoch 7: Time: 0.1319 Cost: 12.8141 Pre: 0.8111 Re: 0.8806 Acc: 0.8459 F1: 0.8444
Epoch 8: Time: 0.1327 Cost: 10.7035 Pre: 0.8751 Re: 0.9223 Acc: 0.9005 F1: 0.8981
Epoch 9: Time: 0.1314 Cost: 8.0256 Pre: 0.9453 Re: 0.9568 Acc: 0.9532 F1: 0.9510
Epoch 10: Time: 0.1324 Cost: 5.7848 Pre: 0.9704 Re: 0.9906 Acc: 0.9812 F1: 0.9804


--------------------------------------------------------------------
Eval results: Cost:4.9774 Pre:0.9476 Re:0.9985 Acc:0.9739 F1:0.9724
--------------------------------------------------------------------

Epoch 11: Time: 0.1382 Cost: 4.0856 Pre: 0.9754 Re: 0.9964 Acc: 0.9863 F1: 0.9858
Epoch 12: Time: 0.1376 Cost: 2.9020 Pre: 0.9809 Re: 0.9971 Acc: 0.9894 F1: 0.9889
Epoch 13: Time: 0.1354 Cost: 2.0534 Pre: 0.9865 Re: 0.9978 Acc: 0.9925 F1: 0.9921
Epoch 14: Time: 0.1324 Cost: 1.4346 Pre: 0.9936 Re: 0.9978 Acc: 0.9959 F1: 0.9957
Epoch 15: Time: 0.1327 Cost: 0.9893 Pre: 0.9986 Re: 0.9993 Acc: 0.9990 F1: 0.9989
Epoch 16: Time: 0.1315 Cost: 0.6878 Pre: 0.9993 Re: 0.9993 Acc: 0.9993 F1: 0.9993
Epoch 17: Time: 0.1342 Cost: 0.4872 Pre: 0.9993 Re: 0.9993 Acc: 0.9993 F1: 0.9993
Epoch 18: Time: 0.1325 Cost: 0.3532 Pre: 1.0000 Re: 0.9993 Acc: 0.9997 F1: 0.9996
Epoch 19: Time: 0.1332 Cost: 0.2628 Pre: 1.0000 Re: 0.9993 Acc: 0.9997 F1: 0.9996
Epoch 20: Time: 0.1327 Cost: 0.1977 Pre: 1.0000 Re: 0.9993 Acc: 0.9997 F1: 0.9996


--------------------------------------------------------------------
Eval results: Cost:0.2869 Pre:0.9970 Re:0.9985 Acc:0.9979 F1:0.9978
--------------------------------------------------------------------

Epoch 21: Time: 0.1329 Cost: 0.1537 Pre: 1.0000 Re: 0.9993 Acc: 0.9997 F1: 0.9996
Epoch 22: Time: 0.1318 Cost: 0.1283 Pre: 1.0000 Re: 0.9993 Acc: 0.9997 F1: 0.9996
Epoch 23: Time: 0.1317 Cost: 0.1069 Pre: 1.0000 Re: 0.9993 Acc: 0.9997 F1: 0.9996
Epoch 24: Time: 0.1330 Cost: 0.0887 Pre: 1.0000 Re: 0.9993 Acc: 0.9997 F1: 0.9996
Epoch 25: Time: 0.1345 Cost: 0.0745 Pre: 1.0000 Re: 0.9993 Acc: 0.9997 F1: 0.9996
Epoch 26: Time: 0.1322 Cost: 0.0640 Pre: 1.0000 Re: 0.9993 Acc: 0.9997 F1: 0.9996
Epoch 27: Time: 0.1323 Cost: 0.0562 Pre: 1.0000 Re: 0.9993 Acc: 0.9997 F1: 0.9996
Epoch 28: Time: 0.1313 Cost: 0.0504 Pre: 1.0000 Re: 0.9993 Acc: 0.9997 F1: 0.9996
Epoch 29: Time: 0.1324 Cost: 0.0460 Pre: 1.0000 Re: 0.9993 Acc: 0.9997 F1: 0.9996
Epoch 30: Time: 0.1316 Cost: 0.0426 Pre: 1.0000 Re: 0.9993 Acc: 0.9997 F1: 0.9996


--------------------------------------------------------------------
Eval results: Cost:0.0665 Pre:1.0000 Re:0.9985 Acc:0.9993 F1:0.9993
--------------------------------------------------------------------

Epoch 31: Time: 0.1307 Cost: 0.0400 Pre: 1.0000 Re: 0.9993 Acc: 0.9997 F1: 0.9996
Epoch 32: Time: 0.1342 Cost: 0.0383 Pre: 1.0000 Re: 0.9993 Acc: 0.9997 F1: 0.9996
Epoch 33: Time: 0.1322 Cost: 0.0368 Pre: 1.0000 Re: 0.9993 Acc: 0.9997 F1: 0.9996
Epoch 34: Time: 0.1316 Cost: 0.0353 Pre: 1.0000 Re: 0.9993 Acc: 0.9997 F1: 0.9996
Epoch 35: Time: 0.1324 Cost: 0.0340 Pre: 1.0000 Re: 0.9993 Acc: 0.9997 F1: 0.9996
Epoch 36: Time: 0.1329 Cost: 0.0329 Pre: 1.0000 Re: 0.9993 Acc: 0.9997 F1: 0.9996
Epoch 37: Time: 0.1314 Cost: 0.0319 Pre: 1.0000 Re: 0.9993 Acc: 0.9997 F1: 0.9996
Epoch 38: Time: 0.1331 Cost: 0.0310 Pre: 1.0000 Re: 0.9993 Acc: 0.9997 F1: 0.9996
Epoch 39: Time: 0.1329 Cost: 0.0302 Pre: 1.0000 Re: 0.9993 Acc: 0.9997 F1: 0.9996
Epoch 40: Time: 0.1332 Cost: 0.0295 Pre: 1.0000 Re: 0.9993 Acc: 0.9997 F1: 0.9996


--------------------------------------------------------------------
Eval results: Cost:0.0511 Pre:1.0000 Re:0.9985 Acc:0.9993 F1:0.9993
--------------------------------------------------------------------

Epoch 41: Time: 0.1316 Cost: 0.0289 Pre: 1.0000 Re: 0.9993 Acc: 0.9997 F1: 0.9996
Epoch 42: Time: 0.1321 Cost: 0.0284 Pre: 1.0000 Re: 0.9993 Acc: 0.9997 F1: 0.9996
Epoch 43: Time: 0.1312 Cost: 0.0279 Pre: 1.0000 Re: 0.9993 Acc: 0.9997 F1: 0.9996
Epoch 44: Time: 0.1319 Cost: 0.0274 Pre: 1.0000 Re: 0.9993 Acc: 0.9997 F1: 0.9996
Epoch 45: Time: 0.1306 Cost: 0.0269 Pre: 1.0000 Re: 0.9993 Acc: 0.9997 F1: 0.9996
Epoch 46: Time: 0.1333 Cost: 0.0264 Pre: 1.0000 Re: 0.9993 Acc: 0.9997 F1: 0.9996
Epoch 47: Time: 0.1314 Cost: 0.0260 Pre: 1.0000 Re: 0.9993 Acc: 0.9997 F1: 0.9996
Epoch 48: Time: 0.1309 Cost: 0.0255 Pre: 1.0000 Re: 0.9993 Acc: 0.9997 F1: 0.9996
Epoch 49: Time: 0.1303 Cost: 0.0251 Pre: 1.0000 Re: 0.9993 Acc: 0.9997 F1: 0.9996
Epoch 50: Time: 0.1396 Cost: 0.0247 Pre: 1.0000 Re: 0.9993 Acc: 0.9997 F1: 0.9996


--------------------------------------------------------------------
Eval results: Cost:0.0444 Pre:1.0000 Re:0.9985 Acc:0.9993 F1:0.9993
--------------------------------------------------------------------

Epoch 51: Time: 0.1321 Cost: 0.0244 Pre: 1.0000 Re: 0.9993 Acc: 0.9997 F1: 0.9996
Epoch 52: Time: 0.1308 Cost: 0.0240 Pre: 1.0000 Re: 0.9993 Acc: 0.9997 F1: 0.9996
Epoch 53: Time: 0.1344 Cost: 0.0237 Pre: 1.0000 Re: 0.9993 Acc: 0.9997 F1: 0.9996
Epoch 54: Time: 0.1309 Cost: 0.0234 Pre: 1.0000 Re: 0.9993 Acc: 0.9997 F1: 0.9996
Epoch 55: Time: 0.1310 Cost: 0.0230 Pre: 1.0000 Re: 0.9993 Acc: 0.9997 F1: 0.9996
Epoch 56: Time: 0.1313 Cost: 0.0227 Pre: 1.0000 Re: 0.9993 Acc: 0.9997 F1: 0.9996
Epoch 57: Time: 0.1313 Cost: 0.0224 Pre: 1.0000 Re: 0.9993 Acc: 0.9997 F1: 0.9996
Epoch 58: Time: 0.1306 Cost: 0.0221 Pre: 1.0000 Re: 0.9993 Acc: 0.9997 F1: 0.9996
Epoch 59: Time: 0.1357 Cost: 0.0218 Pre: 1.0000 Re: 0.9993 Acc: 0.9997 F1: 0.9996
Epoch 60: Time: 0.1316 Cost: 0.0214 Pre: 1.0000 Re: 0.9993 Acc: 0.9997 F1: 0.9996


--------------------------------------------------------------------
Eval results: Cost:0.0392 Pre:1.0000 Re:0.9985 Acc:0.9993 F1:0.9993
--------------------------------------------------------------------

Epoch 61: Time: 0.1322 Cost: 0.0211 Pre: 1.0000 Re: 0.9993 Acc: 0.9997 F1: 0.9996
Epoch 62: Time: 0.1324 Cost: 0.0209 Pre: 1.0000 Re: 0.9993 Acc: 0.9997 F1: 0.9996
Epoch 63: Time: 0.1321 Cost: 0.0206 Pre: 1.0000 Re: 0.9993 Acc: 0.9997 F1: 0.9996
Epoch 64: Time: 0.1323 Cost: 0.0203 Pre: 1.0000 Re: 0.9993 Acc: 0.9997 F1: 0.9996
Epoch 65: Time: 0.1328 Cost: 0.0200 Pre: 1.0000 Re: 0.9993 Acc: 0.9997 F1: 0.9996
Epoch 66: Time: 0.1332 Cost: 0.0198 Pre: 1.0000 Re: 0.9993 Acc: 0.9997 F1: 0.9996
Epoch 67: Time: 0.1339 Cost: 0.0195 Pre: 1.0000 Re: 0.9993 Acc: 0.9997 F1: 0.9996
Epoch 68: Time: 0.1316 Cost: 0.0192 Pre: 1.0000 Re: 0.9993 Acc: 0.9997 F1: 0.9996
Epoch 69: Time: 0.1324 Cost: 0.0189 Pre: 1.0000 Re: 0.9993 Acc: 0.9997 F1: 0.9996
Epoch 70: Time: 0.1317 Cost: 0.0187 Pre: 1.0000 Re: 0.9993 Acc: 0.9997 F1: 0.9996


--------------------------------------------------------------------
Eval results: Cost:0.0345 Pre:1.0000 Re:0.9985 Acc:0.9993 F1:0.9993
--------------------------------------------------------------------

Epoch 71: Time: 0.1308 Cost: 0.0184 Pre: 1.0000 Re: 0.9993 Acc: 0.9997 F1: 0.9996
Epoch 72: Time: 0.1320 Cost: 0.0182 Pre: 1.0000 Re: 0.9993 Acc: 0.9997 F1: 0.9996
Epoch 73: Time: 0.1320 Cost: 0.0179 Pre: 1.0000 Re: 0.9993 Acc: 0.9997 F1: 0.9996
Epoch 74: Time: 0.1338 Cost: 0.0177 Pre: 1.0000 Re: 0.9993 Acc: 0.9997 F1: 0.9996
Epoch 75: Time: 0.1314 Cost: 0.0174 Pre: 1.0000 Re: 0.9993 Acc: 0.9997 F1: 0.9996
Epoch 76: Time: 0.1324 Cost: 0.0172 Pre: 1.0000 Re: 0.9993 Acc: 0.9997 F1: 0.9996
Epoch 77: Time: 0.1308 Cost: 0.0169 Pre: 1.0000 Re: 0.9993 Acc: 0.9997 F1: 0.9996
Epoch 78: Time: 0.1319 Cost: 0.0167 Pre: 1.0000 Re: 0.9993 Acc: 0.9997 F1: 0.9996
Epoch 79: Time: 0.1316 Cost: 0.0164 Pre: 1.0000 Re: 0.9993 Acc: 0.9997 F1: 0.9996
Epoch 80: Time: 0.1322 Cost: 0.0162 Pre: 1.0000 Re: 0.9993 Acc: 0.9997 F1: 0.9996


--------------------------------------------------------------------
Eval results: Cost:0.0301 Pre:1.0000 Re:0.9985 Acc:0.9993 F1:0.9993
--------------------------------------------------------------------

Epoch 81: Time: 0.1333 Cost: 0.0159 Pre: 1.0000 Re: 0.9993 Acc: 0.9997 F1: 0.9996
Epoch 82: Time: 0.1319 Cost: 0.0157 Pre: 1.0000 Re: 0.9993 Acc: 0.9997 F1: 0.9996
Epoch 83: Time: 0.1312 Cost: 0.0155 Pre: 1.0000 Re: 0.9993 Acc: 0.9997 F1: 0.9996
Epoch 84: Time: 0.1317 Cost: 0.0153 Pre: 1.0000 Re: 0.9993 Acc: 0.9997 F1: 0.9996
Epoch 85: Time: 0.1321 Cost: 0.0150 Pre: 1.0000 Re: 0.9993 Acc: 0.9997 F1: 0.9996
Epoch 86: Time: 0.1325 Cost: 0.0148 Pre: 1.0000 Re: 0.9993 Acc: 0.9997 F1: 0.9996
Epoch 87: Time: 0.1326 Cost: 0.0146 Pre: 1.0000 Re: 0.9993 Acc: 0.9997 F1: 0.9996
Epoch 88: Time: 0.1336 Cost: 0.0144 Pre: 1.0000 Re: 0.9993 Acc: 0.9997 F1: 0.9996
Epoch 89: Time: 0.1330 Cost: 0.0141 Pre: 1.0000 Re: 0.9993 Acc: 0.9997 F1: 0.9996
Epoch 90: Time: 0.1336 Cost: 0.0139 Pre: 1.0000 Re: 0.9993 Acc: 0.9997 F1: 0.9996


--------------------------------------------------------------------
Eval results: Cost:0.0260 Pre:1.0000 Re:0.9985 Acc:0.9993 F1:0.9993
--------------------------------------------------------------------

Epoch 91: Time: 0.1316 Cost: 0.0137 Pre: 1.0000 Re: 0.9993 Acc: 0.9997 F1: 0.9996
Epoch 92: Time: 0.1322 Cost: 0.0135 Pre: 1.0000 Re: 0.9993 Acc: 0.9997 F1: 0.9996
Epoch 93: Time: 0.1355 Cost: 0.0133 Pre: 1.0000 Re: 0.9993 Acc: 0.9997 F1: 0.9996
Epoch 94: Time: 0.1349 Cost: 0.0131 Pre: 1.0000 Re: 0.9993 Acc: 0.9997 F1: 0.9996
Epoch 95: Time: 0.1364 Cost: 0.0129 Pre: 1.0000 Re: 0.9993 Acc: 0.9997 F1: 0.9996
Epoch 96: Time: 0.1350 Cost: 0.0127 Pre: 1.0000 Re: 0.9993 Acc: 0.9997 F1: 0.9996
Epoch 97: Time: 0.1344 Cost: 0.0124 Pre: 1.0000 Re: 0.9993 Acc: 0.9997 F1: 0.9996
Epoch 98: Time: 0.1344 Cost: 0.0122 Pre: 1.0000 Re: 0.9993 Acc: 0.9997 F1: 0.9996
Epoch 99: Time: 0.1345 Cost: 0.0120 Pre: 1.0000 Re: 0.9993 Acc: 0.9997 F1: 0.9996
Epoch 100: Time: 0.1365 Cost: 0.0118 Pre: 1.0000 Re: 0.9993 Acc: 0.9997 F1: 0.9996


--------------------------------------------------------------------
Eval results: Cost:0.0223 Pre:1.0000 Re:0.9985 Acc:0.9993 F1:0.9993
--------------------------------------------------------------------

Epoch 101: Time: 0.1372 Cost: 0.0116 Pre: 1.0000 Re: 0.9993 Acc: 0.9997 F1: 0.9996
Epoch 102: Time: 0.1361 Cost: 0.0115 Pre: 1.0000 Re: 0.9993 Acc: 0.9997 F1: 0.9996
Epoch 103: Time: 0.1348 Cost: 0.0113 Pre: 1.0000 Re: 0.9993 Acc: 0.9997 F1: 0.9996
Epoch 104: Time: 0.1358 Cost: 0.0111 Pre: 1.0000 Re: 0.9993 Acc: 0.9997 F1: 0.9996
Epoch 105: Time: 0.1369 Cost: 0.0109 Pre: 1.0000 Re: 0.9993 Acc: 0.9997 F1: 0.9996
Epoch 106: Time: 0.1345 Cost: 0.0107 Pre: 1.0000 Re: 0.9993 Acc: 0.9997 F1: 0.9996
Epoch 107: Time: 0.1342 Cost: 0.0105 Pre: 1.0000 Re: 0.9993 Acc: 0.9997 F1: 0.9996
Epoch 108: Time: 0.1344 Cost: 0.0103 Pre: 1.0000 Re: 0.9993 Acc: 0.9997 F1: 0.9996
Epoch 109: Time: 0.1361 Cost: 0.0102 Pre: 1.0000 Re: 1.0000 Acc: 1.0000 F1: 1.0000
Epoch 110: Time: 0.1340 Cost: 0.0100 Pre: 1.0000 Re: 1.0000 Acc: 1.0000 F1: 1.0000


--------------------------------------------------------------------
Eval results: Cost:0.0191 Pre:1.0000 Re:1.0000 Acc:1.0000 F1:1.0000
--------------------------------------------------------------------

Epoch 111: Time: 0.1370 Cost: 0.0098 Pre: 1.0000 Re: 1.0000 Acc: 1.0000 F1: 1.0000
Epoch 112: Time: 0.1345 Cost: 0.0096 Pre: 1.0000 Re: 1.0000 Acc: 1.0000 F1: 1.0000
Epoch 113: Time: 0.1325 Cost: 0.0095 Pre: 1.0000 Re: 1.0000 Acc: 1.0000 F1: 1.0000
Epoch 114: Time: 0.1338 Cost: 0.0093 Pre: 1.0000 Re: 1.0000 Acc: 1.0000 F1: 1.0000
Epoch 115: Time: 0.1323 Cost: 0.0091 Pre: 1.0000 Re: 1.0000 Acc: 1.0000 F1: 1.0000
Epoch 116: Time: 0.1319 Cost: 0.0090 Pre: 1.0000 Re: 1.0000 Acc: 1.0000 F1: 1.0000
Epoch 117: Time: 0.1315 Cost: 0.0088 Pre: 1.0000 Re: 1.0000 Acc: 1.0000 F1: 1.0000
Epoch 118: Time: 0.1311 Cost: 0.0086 Pre: 1.0000 Re: 1.0000 Acc: 1.0000 F1: 1.0000
Epoch 119: Time: 0.1401 Cost: 0.0085 Pre: 1.0000 Re: 1.0000 Acc: 1.0000 F1: 1.0000
Epoch 120: Time: 0.1312 Cost: 0.0083 Pre: 1.0000 Re: 1.0000 Acc: 1.0000 F1: 1.0000


--------------------------------------------------------------------
Eval results: Cost:0.0161 Pre:1.0000 Re:1.0000 Acc:1.0000 F1:1.0000
--------------------------------------------------------------------

Epoch 121: Time: 0.1314 Cost: 0.0082 Pre: 1.0000 Re: 1.0000 Acc: 1.0000 F1: 1.0000
Epoch 122: Time: 0.1346 Cost: 0.0080 Pre: 1.0000 Re: 1.0000 Acc: 1.0000 F1: 1.0000
Epoch 123: Time: 0.1309 Cost: 0.0079 Pre: 1.0000 Re: 1.0000 Acc: 1.0000 F1: 1.0000
Epoch 124: Time: 0.1312 Cost: 0.0078 Pre: 1.0000 Re: 1.0000 Acc: 1.0000 F1: 1.0000
Epoch 125: Time: 0.1313 Cost: 0.0076 Pre: 1.0000 Re: 1.0000 Acc: 1.0000 F1: 1.0000
Epoch 126: Time: 0.1346 Cost: 0.0075 Pre: 1.0000 Re: 1.0000 Acc: 1.0000 F1: 1.0000
Epoch 127: Time: 0.1324 Cost: 0.0073 Pre: 1.0000 Re: 1.0000 Acc: 1.0000 F1: 1.0000
Epoch 128: Time: 0.1363 Cost: 0.0072 Pre: 1.0000 Re: 1.0000 Acc: 1.0000 F1: 1.0000
Epoch 129: Time: 0.1345 Cost: 0.0071 Pre: 1.0000 Re: 1.0000 Acc: 1.0000 F1: 1.0000
Epoch 130: Time: 0.1374 Cost: 0.0069 Pre: 1.0000 Re: 1.0000 Acc: 1.0000 F1: 1.0000


--------------------------------------------------------------------
Eval results: Cost:0.0136 Pre:1.0000 Re:1.0000 Acc:1.0000 F1:1.0000
--------------------------------------------------------------------

Epoch 131: Time: 0.1328 Cost: 0.0068 Pre: 1.0000 Re: 1.0000 Acc: 1.0000 F1: 1.0000
Epoch 132: Time: 0.1329 Cost: 0.0067 Pre: 1.0000 Re: 1.0000 Acc: 1.0000 F1: 1.0000
Epoch 133: Time: 0.1320 Cost: 0.0066 Pre: 1.0000 Re: 1.0000 Acc: 1.0000 F1: 1.0000
Epoch 134: Time: 0.1317 Cost: 0.0064 Pre: 1.0000 Re: 1.0000 Acc: 1.0000 F1: 1.0000
Epoch 135: Time: 0.1315 Cost: 0.0063 Pre: 1.0000 Re: 1.0000 Acc: 1.0000 F1: 1.0000
Epoch 136: Time: 0.1349 Cost: 0.0062 Pre: 1.0000 Re: 1.0000 Acc: 1.0000 F1: 1.0000
Epoch 137: Time: 0.1322 Cost: 0.0061 Pre: 1.0000 Re: 1.0000 Acc: 1.0000 F1: 1.0000
Epoch 138: Time: 0.1322 Cost: 0.0060 Pre: 1.0000 Re: 1.0000 Acc: 1.0000 F1: 1.0000
Epoch 139: Time: 0.1319 Cost: 0.0058 Pre: 1.0000 Re: 1.0000 Acc: 1.0000 F1: 1.0000
Epoch 140: Time: 0.1314 Cost: 0.0057 Pre: 1.0000 Re: 1.0000 Acc: 1.0000 F1: 1.0000


--------------------------------------------------------------------
Eval results: Cost:0.0113 Pre:1.0000 Re:1.0000 Acc:1.0000 F1:1.0000
--------------------------------------------------------------------

Epoch 141: Time: 0.1321 Cost: 0.0056 Pre: 1.0000 Re: 1.0000 Acc: 1.0000 F1: 1.0000
Epoch 142: Time: 0.1317 Cost: 0.0055 Pre: 1.0000 Re: 1.0000 Acc: 1.0000 F1: 1.0000
Epoch 143: Time: 0.1335 Cost: 0.0054 Pre: 1.0000 Re: 1.0000 Acc: 1.0000 F1: 1.0000
Epoch 144: Time: 0.1324 Cost: 0.0053 Pre: 1.0000 Re: 1.0000 Acc: 1.0000 F1: 1.0000
Epoch 145: Time: 0.1321 Cost: 0.0052 Pre: 1.0000 Re: 1.0000 Acc: 1.0000 F1: 1.0000
Epoch 146: Time: 0.1323 Cost: 0.0051 Pre: 1.0000 Re: 1.0000 Acc: 1.0000 F1: 1.0000
Epoch 147: Time: 0.1319 Cost: 0.0050 Pre: 1.0000 Re: 1.0000 Acc: 1.0000 F1: 1.0000
Epoch 148: Time: 0.1320 Cost: 0.0049 Pre: 1.0000 Re: 1.0000 Acc: 1.0000 F1: 1.0000
Epoch 149: Time: 0.1337 Cost: 0.0048 Pre: 1.0000 Re: 1.0000 Acc: 1.0000 F1: 1.0000
Epoch 150: Time: 0.1333 Cost: 0.0048 Pre: 1.0000 Re: 1.0000 Acc: 1.0000 F1: 1.0000


--------------------------------------------------------------------
Eval results: Cost:0.0096 Pre:1.0000 Re:1.0000 Acc:1.0000 F1:1.0000
--------------------------------------------------------------------

Epoch 151: Time: 0.1449 Cost: 0.0047 Pre: 1.0000 Re: 1.0000 Acc: 1.0000 F1: 1.0000
Epoch 152: Time: 0.1340 Cost: 0.0046 Pre: 1.0000 Re: 1.0000 Acc: 1.0000 F1: 1.0000
Epoch 153: Time: 0.1336 Cost: 0.0045 Pre: 1.0000 Re: 1.0000 Acc: 1.0000 F1: 1.0000
Epoch 154: Time: 0.1304 Cost: 0.0044 Pre: 1.0000 Re: 1.0000 Acc: 1.0000 F1: 1.0000
Epoch 155: Time: 0.1324 Cost: 0.0043 Pre: 1.0000 Re: 1.0000 Acc: 1.0000 F1: 1.0000
Epoch 156: Time: 0.1314 Cost: 0.0043 Pre: 1.0000 Re: 1.0000 Acc: 1.0000 F1: 1.0000
Epoch 157: Time: 0.1346 Cost: 0.0042 Pre: 1.0000 Re: 1.0000 Acc: 1.0000 F1: 1.0000
Epoch 158: Time: 0.1321 Cost: 0.0041 Pre: 1.0000 Re: 1.0000 Acc: 1.0000 F1: 1.0000
Epoch 159: Time: 0.1328 Cost: 0.0040 Pre: 1.0000 Re: 1.0000 Acc: 1.0000 F1: 1.0000
Epoch 160: Time: 0.1315 Cost: 0.0040 Pre: 1.0000 Re: 1.0000 Acc: 1.0000 F1: 1.0000


--------------------------------------------------------------------
Eval results: Cost:0.0083 Pre:1.0000 Re:1.0000 Acc:1.0000 F1:1.0000
--------------------------------------------------------------------

Epoch 161: Time: 0.1345 Cost: 0.0039 Pre: 1.0000 Re: 1.0000 Acc: 1.0000 F1: 1.0000
Epoch 162: Time: 0.1334 Cost: 0.0038 Pre: 1.0000 Re: 1.0000 Acc: 1.0000 F1: 1.0000
Epoch 163: Time: 0.1331 Cost: 0.0038 Pre: 1.0000 Re: 1.0000 Acc: 1.0000 F1: 1.0000
Epoch 164: Time: 0.1344 Cost: 0.0037 Pre: 1.0000 Re: 1.0000 Acc: 1.0000 F1: 1.0000
Epoch 165: Time: 0.1319 Cost: 0.0036 Pre: 1.0000 Re: 1.0000 Acc: 1.0000 F1: 1.0000
Epoch 166: Time: 0.1324 Cost: 0.0036 Pre: 1.0000 Re: 1.0000 Acc: 1.0000 F1: 1.0000
Epoch 167: Time: 0.1326 Cost: 0.0035 Pre: 1.0000 Re: 1.0000 Acc: 1.0000 F1: 1.0000
Epoch 168: Time: 0.1321 Cost: 0.0034 Pre: 1.0000 Re: 1.0000 Acc: 1.0000 F1: 1.0000
Epoch 169: Time: 0.1324 Cost: 0.0034 Pre: 1.0000 Re: 1.0000 Acc: 1.0000 F1: 1.0000
Epoch 170: Time: 0.1341 Cost: 0.0033 Pre: 1.0000 Re: 1.0000 Acc: 1.0000 F1: 1.0000


--------------------------------------------------------------------
Eval results: Cost:0.0074 Pre:1.0000 Re:1.0000 Acc:1.0000 F1:1.0000
--------------------------------------------------------------------

Epoch 171: Time: 0.1331 Cost: 0.0033 Pre: 1.0000 Re: 1.0000 Acc: 1.0000 F1: 1.0000
Epoch 172: Time: 0.1329 Cost: 0.0032 Pre: 1.0000 Re: 1.0000 Acc: 1.0000 F1: 1.0000
Epoch 173: Time: 0.1328 Cost: 0.0032 Pre: 1.0000 Re: 1.0000 Acc: 1.0000 F1: 1.0000
Epoch 174: Time: 0.1334 Cost: 0.0031 Pre: 1.0000 Re: 1.0000 Acc: 1.0000 F1: 1.0000
Epoch 175: Time: 0.1324 Cost: 0.0031 Pre: 1.0000 Re: 1.0000 Acc: 1.0000 F1: 1.0000
Epoch 176: Time: 0.1333 Cost: 0.0030 Pre: 1.0000 Re: 1.0000 Acc: 1.0000 F1: 1.0000
Epoch 177: Time: 0.1320 Cost: 0.0030 Pre: 1.0000 Re: 1.0000 Acc: 1.0000 F1: 1.0000
Epoch 178: Time: 0.1351 Cost: 0.0029 Pre: 1.0000 Re: 1.0000 Acc: 1.0000 F1: 1.0000
Epoch 179: Time: 0.1517 Cost: 0.0029 Pre: 1.0000 Re: 1.0000 Acc: 1.0000 F1: 1.0000
Epoch 180: Time: 0.1386 Cost: 0.0028 Pre: 1.0000 Re: 1.0000 Acc: 1.0000 F1: 1.0000


--------------------------------------------------------------------
Eval results: Cost:0.0069 Pre:1.0000 Re:1.0000 Acc:1.0000 F1:1.0000
--------------------------------------------------------------------

Epoch 181: Time: 0.1340 Cost: 0.0028 Pre: 1.0000 Re: 1.0000 Acc: 1.0000 F1: 1.0000
Epoch 182: Time: 0.1320 Cost: 0.0027 Pre: 1.0000 Re: 1.0000 Acc: 1.0000 F1: 1.0000
Epoch 183: Time: 0.1330 Cost: 0.0027 Pre: 1.0000 Re: 1.0000 Acc: 1.0000 F1: 1.0000
Epoch 184: Time: 0.1332 Cost: 0.0026 Pre: 1.0000 Re: 1.0000 Acc: 1.0000 F1: 1.0000
Epoch 185: Time: 0.1320 Cost: 0.0026 Pre: 1.0000 Re: 1.0000 Acc: 1.0000 F1: 1.0000
Epoch 186: Time: 0.1331 Cost: 0.0026 Pre: 1.0000 Re: 1.0000 Acc: 1.0000 F1: 1.0000
Epoch 187: Time: 0.1327 Cost: 0.0025 Pre: 1.0000 Re: 1.0000 Acc: 1.0000 F1: 1.0000
Epoch 188: Time: 0.1403 Cost: 0.0025 Pre: 1.0000 Re: 1.0000 Acc: 1.0000 F1: 1.0000
Epoch 189: Time: 0.1319 Cost: 0.0024 Pre: 1.0000 Re: 1.0000 Acc: 1.0000 F1: 1.0000
Epoch 190: Time: 0.1315 Cost: 0.0024 Pre: 1.0000 Re: 1.0000 Acc: 1.0000 F1: 1.0000


--------------------------------------------------------------------
Eval results: Cost:0.0067 Pre:1.0000 Re:1.0000 Acc:1.0000 F1:1.0000
--------------------------------------------------------------------

Early stopping...
--------------------------------------------------------------------
--------------------------------------------------------------------
Test 4332 samples take time: 0.4404
FP id:
[ 175 2342 2608]
Test results: Cost:0.0691 Pre:0.9985 Re:1.0000 Acc:0.9993 F1:0.9992
--------------------------------------------------------------------

