16768
16562
16206
16632
16380
16425
Load data
RNN type: SRN Grammar: g3 Seed: 10
Model total parameters: 2650
Saving hinit ... 

Epoch 0: Time: 0.3020 Cost: 25.7887 Pre: 0.5152 Re: 0.4748 Acc: 0.5383 F1: 0.4942


--------------------------------------------------------------------
Eval results: Cost:27.8202 Pre:0.4484 Re:0.4090 Acc:0.4959 F1:0.4278
--------------------------------------------------------------------

Epoch 1: Time: 0.2349 Cost: 24.3392 Pre: 0.5396 Re: 0.4367 Acc: 0.5554 F1: 0.4827
Epoch 2: Time: 0.2354 Cost: 23.6558 Pre: 0.5705 Re: 0.4806 Acc: 0.5813 F1: 0.5217
Epoch 3: Time: 0.2431 Cost: 22.5637 Pre: 0.6031 Re: 0.5935 Acc: 0.6213 F1: 0.5983
Epoch 4: Time: 0.2479 Cost: 20.9950 Pre: 0.6364 Re: 0.6763 Acc: 0.6627 F1: 0.6557
Epoch 5: Time: 0.2613 Cost: 19.0005 Pre: 0.6906 Re: 0.7691 Acc: 0.7266 F1: 0.7277
Epoch 6: Time: 0.2630 Cost: 17.2301 Pre: 0.7162 Re: 0.8043 Acc: 0.7556 F1: 0.7577
Epoch 7: Time: 0.2397 Cost: 16.0741 Pre: 0.7332 Re: 0.8302 Acc: 0.7758 F1: 0.7787
Epoch 8: Time: 0.2456 Cost: 15.2523 Pre: 0.7447 Re: 0.8540 Acc: 0.7915 F1: 0.7956
Epoch 9: Time: 0.2115 Cost: 14.5938 Pre: 0.7578 Re: 0.8691 Acc: 0.8059 F1: 0.8097
Epoch 10: Time: 0.2015 Cost: 14.0616 Pre: 0.7619 Re: 0.8770 Acc: 0.8113 F1: 0.8154


--------------------------------------------------------------------
Eval results: Cost:14.8458 Pre:0.7990 Re:0.7358 Acc:0.7930 F1:0.7661
--------------------------------------------------------------------

Epoch 11: Time: 0.2033 Cost: 13.6764 Pre: 0.7638 Re: 0.8863 Acc: 0.8158 F1: 0.8205
Epoch 12: Time: 0.2077 Cost: 13.3884 Pre: 0.7705 Re: 0.8863 Acc: 0.8206 F1: 0.8244
Epoch 13: Time: 0.2093 Cost: 13.0116 Pre: 0.7781 Re: 0.8906 Acc: 0.8274 F1: 0.8306
Epoch 14: Time: 0.2097 Cost: 12.6178 Pre: 0.7876 Re: 0.8993 Acc: 0.8370 F1: 0.8398
Epoch 15: Time: 0.2124 Cost: 12.2676 Pre: 0.7921 Re: 0.9043 Acc: 0.8418 F1: 0.8445
Epoch 16: Time: 0.2025 Cost: 11.9554 Pre: 0.7980 Re: 0.9151 Acc: 0.8496 F1: 0.8525
Epoch 17: Time: 0.2049 Cost: 11.6894 Pre: 0.7999 Re: 0.9173 Acc: 0.8517 F1: 0.8546
Epoch 18: Time: 0.2022 Cost: 11.4723 Pre: 0.8021 Re: 0.9216 Acc: 0.8548 F1: 0.8577
Epoch 19: Time: 0.2019 Cost: 11.2855 Pre: 0.8055 Re: 0.9209 Acc: 0.8568 F1: 0.8593
Epoch 20: Time: 0.2017 Cost: 11.0147 Pre: 0.8089 Re: 0.9259 Acc: 0.8609 F1: 0.8635


--------------------------------------------------------------------
Eval results: Cost:11.0375 Pre:0.8053 Re:0.9134 Acc:0.8583 F1:0.8559
--------------------------------------------------------------------

Epoch 21: Time: 0.2139 Cost: 10.6700 Pre: 0.8103 Re: 0.9374 Acc: 0.8660 F1: 0.8692
Epoch 22: Time: 0.2123 Cost: 10.3789 Pre: 0.8173 Re: 0.9460 Acc: 0.8739 F1: 0.8770
Epoch 23: Time: 0.2013 Cost: 10.0855 Pre: 0.8235 Re: 0.9496 Acc: 0.8794 F1: 0.8821
Epoch 24: Time: 0.2012 Cost: 9.8138 Pre: 0.8295 Re: 0.9518 Acc: 0.8841 F1: 0.8864
Epoch 25: Time: 0.2031 Cost: 9.5934 Pre: 0.8363 Re: 0.9554 Acc: 0.8900 F1: 0.8919
Epoch 26: Time: 0.2053 Cost: 9.4145 Pre: 0.8381 Re: 0.9568 Acc: 0.8917 F1: 0.8935
Epoch 27: Time: 0.2025 Cost: 9.2381 Pre: 0.8415 Re: 0.9590 Acc: 0.8947 F1: 0.8964
Epoch 28: Time: 0.2014 Cost: 9.0340 Pre: 0.8447 Re: 0.9590 Acc: 0.8968 F1: 0.8982
Epoch 29: Time: 0.2014 Cost: 8.8292 Pre: 0.8490 Re: 0.9669 Acc: 0.9026 F1: 0.9041
Epoch 30: Time: 0.2034 Cost: 8.6514 Pre: 0.8529 Re: 0.9719 Acc: 0.9070 F1: 0.9085


--------------------------------------------------------------------
Eval results: Cost:8.5558 Pre:0.8405 Re:0.9358 Acc:0.8886 F1:0.8856
--------------------------------------------------------------------

Epoch 31: Time: 0.2030 Cost: 8.4497 Pre: 0.8576 Re: 0.9705 Acc: 0.9094 F1: 0.9106
Epoch 32: Time: 0.2018 Cost: 8.3203 Pre: 0.8594 Re: 0.9719 Acc: 0.9111 F1: 0.9122
Epoch 33: Time: 0.2013 Cost: 8.1866 Pre: 0.8619 Re: 0.9741 Acc: 0.9135 F1: 0.9146
Epoch 34: Time: 0.2024 Cost: 8.0608 Pre: 0.8639 Re: 0.9770 Acc: 0.9159 F1: 0.9169
Epoch 35: Time: 0.2870 Cost: 7.9395 Pre: 0.8648 Re: 0.9755 Acc: 0.9159 F1: 0.9168
Epoch 36: Time: 0.2513 Cost: 7.8163 Pre: 0.8673 Re: 0.9777 Acc: 0.9183 F1: 0.9192
Epoch 37: Time: 0.2248 Cost: 7.6914 Pre: 0.8696 Re: 0.9784 Acc: 0.9200 F1: 0.9208
Epoch 38: Time: 0.2227 Cost: 7.5522 Pre: 0.8720 Re: 0.9799 Acc: 0.9221 F1: 0.9228
Epoch 39: Time: 0.2057 Cost: 7.4111 Pre: 0.8759 Re: 0.9799 Acc: 0.9245 F1: 0.9250
Epoch 40: Time: 0.2024 Cost: 7.3137 Pre: 0.8805 Re: 0.9806 Acc: 0.9275 F1: 0.9278


--------------------------------------------------------------------
Eval results: Cost:7.6344 Pre:0.8520 Re:0.9537 Acc:0.9023 F1:0.9000
--------------------------------------------------------------------

Epoch 41: Time: 0.2016 Cost: 7.1761 Pre: 0.8834 Re: 0.9813 Acc: 0.9296 F1: 0.9298
Epoch 42: Time: 0.2030 Cost: 7.2447 Pre: 0.8835 Re: 0.9770 Acc: 0.9279 F1: 0.9279
Epoch 43: Time: 0.2039 Cost: 7.1678 Pre: 0.8844 Re: 0.9799 Acc: 0.9296 F1: 0.9297
Epoch 44: Time: 0.2024 Cost: 7.0487 Pre: 0.8877 Re: 0.9835 Acc: 0.9330 F1: 0.9331
Epoch 45: Time: 0.2016 Cost: 6.9388 Pre: 0.8911 Re: 0.9835 Acc: 0.9351 F1: 0.9350
Epoch 46: Time: 0.2015 Cost: 6.8838 Pre: 0.8941 Re: 0.9842 Acc: 0.9371 F1: 0.9370
Epoch 47: Time: 0.2037 Cost: 6.8163 Pre: 0.8916 Re: 0.9827 Acc: 0.9351 F1: 0.9350
Epoch 48: Time: 0.2055 Cost: 6.7440 Pre: 0.8911 Re: 0.9835 Acc: 0.9351 F1: 0.9350
Epoch 49: Time: 0.2025 Cost: 6.6806 Pre: 0.8943 Re: 0.9856 Acc: 0.9378 F1: 0.9377
Epoch 50: Time: 0.2133 Cost: 6.6083 Pre: 0.8956 Re: 0.9871 Acc: 0.9392 F1: 0.9391


--------------------------------------------------------------------
Eval results: Cost:6.9775 Pre:0.8796 Re:0.9597 Acc:0.9209 F1:0.9179
--------------------------------------------------------------------

Epoch 51: Time: 0.2046 Cost: 6.6126 Pre: 0.8921 Re: 0.9878 Acc: 0.9375 F1: 0.9375
Epoch 52: Time: 0.2078 Cost: 6.4929 Pre: 0.8961 Re: 0.9871 Acc: 0.9395 F1: 0.9394
Epoch 53: Time: 0.2041 Cost: 6.4392 Pre: 0.9010 Re: 0.9892 Acc: 0.9433 F1: 0.9431
Epoch 54: Time: 0.2028 Cost: 6.4039 Pre: 0.9034 Re: 0.9885 Acc: 0.9443 F1: 0.9440
Epoch 55: Time: 0.2030 Cost: 6.3227 Pre: 0.9059 Re: 0.9906 Acc: 0.9467 F1: 0.9464
Epoch 56: Time: 0.2026 Cost: 6.2652 Pre: 0.9059 Re: 0.9906 Acc: 0.9467 F1: 0.9464
Epoch 57: Time: 0.2086 Cost: 6.1997 Pre: 0.9060 Re: 0.9914 Acc: 0.9470 F1: 0.9468
Epoch 58: Time: 0.2025 Cost: 6.0813 Pre: 0.9084 Re: 0.9914 Acc: 0.9484 F1: 0.9481
Epoch 59: Time: 0.2016 Cost: 5.9953 Pre: 0.9090 Re: 0.9914 Acc: 0.9487 F1: 0.9484
Epoch 60: Time: 0.2023 Cost: 5.9112 Pre: 0.9108 Re: 0.9914 Acc: 0.9498 F1: 0.9494


--------------------------------------------------------------------
Eval results: Cost:6.3263 Pre:0.8779 Re:0.9657 Acc:0.9223 F1:0.9197
--------------------------------------------------------------------

Epoch 61: Time: 0.2062 Cost: 5.8042 Pre: 0.9127 Re: 0.9928 Acc: 0.9515 F1: 0.9511
Epoch 62: Time: 0.2027 Cost: 5.7642 Pre: 0.9133 Re: 0.9928 Acc: 0.9518 F1: 0.9514
Epoch 63: Time: 0.2026 Cost: 5.7311 Pre: 0.9114 Re: 0.9921 Acc: 0.9504 F1: 0.9501
Epoch 64: Time: 0.2022 Cost: 5.7271 Pre: 0.9110 Re: 0.9942 Acc: 0.9511 F1: 0.9508
Epoch 65: Time: 0.2023 Cost: 5.6175 Pre: 0.9128 Re: 0.9942 Acc: 0.9522 F1: 0.9518
Epoch 66: Time: 0.2052 Cost: 5.5438 Pre: 0.9152 Re: 0.9942 Acc: 0.9535 F1: 0.9531
Epoch 67: Time: 0.2022 Cost: 5.5550 Pre: 0.9135 Re: 0.9950 Acc: 0.9528 F1: 0.9525
Epoch 68: Time: 0.2013 Cost: 5.4766 Pre: 0.9142 Re: 0.9964 Acc: 0.9539 F1: 0.9535
Epoch 69: Time: 0.2014 Cost: 5.3903 Pre: 0.9159 Re: 0.9957 Acc: 0.9545 F1: 0.9542
Epoch 70: Time: 0.2027 Cost: 5.3920 Pre: 0.9147 Re: 0.9957 Acc: 0.9539 F1: 0.9535


--------------------------------------------------------------------
Eval results: Cost:5.6914 Pre:0.8965 Re:0.9821 Acc:0.9395 F1:0.9373
--------------------------------------------------------------------

Epoch 71: Time: 0.2031 Cost: 5.3726 Pre: 0.9167 Re: 0.9971 Acc: 0.9556 F1: 0.9552
Epoch 72: Time: 0.2030 Cost: 5.4712 Pre: 0.9159 Re: 0.9950 Acc: 0.9542 F1: 0.9538
Epoch 73: Time: 0.2017 Cost: 5.4204 Pre: 0.9166 Re: 0.9957 Acc: 0.9549 F1: 0.9545
Epoch 74: Time: 0.2025 Cost: 5.4117 Pre: 0.9178 Re: 0.9957 Acc: 0.9556 F1: 0.9551
Epoch 75: Time: 0.2065 Cost: 5.3065 Pre: 0.9177 Re: 0.9950 Acc: 0.9552 F1: 0.9548
Epoch 76: Time: 0.2030 Cost: 5.2529 Pre: 0.9166 Re: 0.9964 Acc: 0.9552 F1: 0.9548
Epoch 77: Time: 0.2024 Cost: 5.2339 Pre: 0.9185 Re: 0.9971 Acc: 0.9566 F1: 0.9562
Epoch 78: Time: 0.2022 Cost: 5.2190 Pre: 0.9197 Re: 0.9971 Acc: 0.9573 F1: 0.9569
Epoch 79: Time: 0.2036 Cost: 5.2067 Pre: 0.9198 Re: 0.9978 Acc: 0.9576 F1: 0.9572
Epoch 80: Time: 0.2054 Cost: 5.1802 Pre: 0.9198 Re: 0.9978 Acc: 0.9576 F1: 0.9572


--------------------------------------------------------------------
Eval results: Cost:5.6796 Pre:0.9000 Re:0.9806 Acc:0.9409 F1:0.9386
--------------------------------------------------------------------

Epoch 81: Time: 0.2041 Cost: 5.1764 Pre: 0.9185 Re: 0.9978 Acc: 0.9569 F1: 0.9566
Epoch 82: Time: 0.2019 Cost: 5.2597 Pre: 0.9167 Re: 0.9971 Acc: 0.9556 F1: 0.9552
Epoch 83: Time: 0.2024 Cost: 5.2657 Pre: 0.9177 Re: 0.9950 Acc: 0.9552 F1: 0.9548
Epoch 84: Time: 0.2058 Cost: 5.1490 Pre: 0.9191 Re: 0.9971 Acc: 0.9569 F1: 0.9565
Epoch 85: Time: 0.2031 Cost: 5.0012 Pre: 0.9198 Re: 0.9978 Acc: 0.9576 F1: 0.9572
Epoch 86: Time: 0.2020 Cost: 5.0884 Pre: 0.9178 Re: 0.9957 Acc: 0.9556 F1: 0.9551
Epoch 87: Time: 0.2041 Cost: 5.0236 Pre: 0.9191 Re: 0.9971 Acc: 0.9569 F1: 0.9565
Epoch 88: Time: 0.2046 Cost: 4.9294 Pre: 0.9204 Re: 0.9978 Acc: 0.9580 F1: 0.9575
Epoch 89: Time: 0.2052 Cost: 4.8811 Pre: 0.9204 Re: 0.9986 Acc: 0.9583 F1: 0.9579
Epoch 90: Time: 0.2029 Cost: 4.8544 Pre: 0.9210 Re: 0.9986 Acc: 0.9586 F1: 0.9582


--------------------------------------------------------------------
Eval results: Cost:5.2664 Pre:0.9112 Re:0.9806 Acc:0.9470 F1:0.9446
--------------------------------------------------------------------

Epoch 91: Time: 0.2026 Cost: 4.8252 Pre: 0.9223 Re: 0.9986 Acc: 0.9593 F1: 0.9589
Epoch 92: Time: 0.2027 Cost: 4.8261 Pre: 0.9209 Re: 0.9971 Acc: 0.9580 F1: 0.9575
Epoch 93: Time: 0.2091 Cost: 4.8322 Pre: 0.9204 Re: 0.9986 Acc: 0.9583 F1: 0.9579
Epoch 94: Time: 0.2031 Cost: 4.7976 Pre: 0.9205 Re: 0.9993 Acc: 0.9586 F1: 0.9583
Epoch 95: Time: 0.2184 Cost: 4.7518 Pre: 0.9204 Re: 0.9978 Acc: 0.9580 F1: 0.9575
Epoch 96: Time: 0.2033 Cost: 4.6941 Pre: 0.9210 Re: 0.9986 Acc: 0.9586 F1: 0.9582
Epoch 97: Time: 0.2074 Cost: 4.6366 Pre: 0.9223 Re: 0.9993 Acc: 0.9597 F1: 0.9593
Epoch 98: Time: 0.2054 Cost: 4.5801 Pre: 0.9223 Re: 0.9993 Acc: 0.9597 F1: 0.9593
Epoch 99: Time: 0.2016 Cost: 4.5489 Pre: 0.9223 Re: 0.9993 Acc: 0.9597 F1: 0.9593
Epoch 100: Time: 0.2017 Cost: 4.5252 Pre: 0.9217 Re: 0.9993 Acc: 0.9593 F1: 0.9589


--------------------------------------------------------------------
Eval results: Cost:4.8310 Pre:0.9176 Re:0.9806 Acc:0.9505 F1:0.9481
--------------------------------------------------------------------

Epoch 101: Time: 0.2088 Cost: 4.6558 Pre: 0.9215 Re: 0.9964 Acc: 0.9580 F1: 0.9575
Epoch 102: Time: 0.2045 Cost: 4.4878 Pre: 0.9223 Re: 0.9986 Acc: 0.9593 F1: 0.9589
Epoch 103: Time: 0.2014 Cost: 4.4598 Pre: 0.9223 Re: 0.9986 Acc: 0.9593 F1: 0.9589
Epoch 104: Time: 0.2024 Cost: 4.4432 Pre: 0.9223 Re: 0.9986 Acc: 0.9593 F1: 0.9589
Epoch 105: Time: 0.2024 Cost: 4.4299 Pre: 0.9223 Re: 0.9993 Acc: 0.9597 F1: 0.9593
Epoch 106: Time: 0.2060 Cost: 4.4119 Pre: 0.9223 Re: 0.9993 Acc: 0.9597 F1: 0.9593
Epoch 107: Time: 0.2036 Cost: 4.3857 Pre: 0.9223 Re: 0.9993 Acc: 0.9597 F1: 0.9593
Epoch 108: Time: 0.2018 Cost: 4.3637 Pre: 0.9223 Re: 0.9993 Acc: 0.9597 F1: 0.9593
Epoch 109: Time: 0.2023 Cost: 4.3402 Pre: 0.9223 Re: 0.9993 Acc: 0.9597 F1: 0.9593
Epoch 110: Time: 0.2020 Cost: 4.3251 Pre: 0.9223 Re: 0.9993 Acc: 0.9597 F1: 0.9593


--------------------------------------------------------------------
Eval results: Cost:4.5289 Pre:0.9216 Re:0.9821 Acc:0.9532 F1:0.9509
--------------------------------------------------------------------

Epoch 111: Time: 0.2051 Cost: 4.3402 Pre: 0.9223 Re: 0.9993 Acc: 0.9597 F1: 0.9593
Epoch 112: Time: 0.2023 Cost: 4.3045 Pre: 0.9217 Re: 0.9993 Acc: 0.9593 F1: 0.9589
Epoch 113: Time: 0.2018 Cost: 4.3529 Pre: 0.9222 Re: 0.9971 Acc: 0.9586 F1: 0.9582
Epoch 114: Time: 0.2037 Cost: 4.5313 Pre: 0.9180 Re: 0.9993 Acc: 0.9573 F1: 0.9569
Epoch 115: Time: 0.2066 Cost: 4.3449 Pre: 0.9223 Re: 0.9986 Acc: 0.9593 F1: 0.9589
Epoch 116: Time: 0.2034 Cost: 4.2791 Pre: 0.9229 Re: 0.9986 Acc: 0.9597 F1: 0.9592
Epoch 117: Time: 0.2014 Cost: 4.3875 Pre: 0.9205 Re: 0.9993 Acc: 0.9586 F1: 0.9583
Epoch 118: Time: 0.2040 Cost: 4.3873 Pre: 0.9222 Re: 0.9978 Acc: 0.9590 F1: 0.9585
Epoch 119: Time: 0.2029 Cost: 4.2676 Pre: 0.9229 Re: 0.9986 Acc: 0.9597 F1: 0.9592
Epoch 120: Time: 0.2048 Cost: 4.2478 Pre: 0.9223 Re: 0.9986 Acc: 0.9593 F1: 0.9589


--------------------------------------------------------------------
Eval results: Cost:5.3072 Pre:0.9212 Re:0.9597 Acc:0.9436 F1:0.9401
--------------------------------------------------------------------

Epoch 121: Time: 0.2024 Cost: 4.4800 Pre: 0.9180 Re: 0.9986 Acc: 0.9569 F1: 0.9566
Epoch 122: Time: 0.2028 Cost: 4.1749 Pre: 0.9235 Re: 0.9993 Acc: 0.9604 F1: 0.9599
Epoch 123: Time: 0.2023 Cost: 4.1528 Pre: 0.9235 Re: 0.9993 Acc: 0.9604 F1: 0.9599
Epoch 124: Time: 0.2057 Cost: 4.1801 Pre: 0.9235 Re: 0.9993 Acc: 0.9604 F1: 0.9599
Epoch 125: Time: 0.2032 Cost: 4.1808 Pre: 0.9235 Re: 0.9993 Acc: 0.9604 F1: 0.9599
Epoch 126: Time: 0.2016 Cost: 4.2029 Pre: 0.9242 Re: 0.9993 Acc: 0.9607 F1: 0.9602
Epoch 127: Time: 0.2016 Cost: 4.2122 Pre: 0.9228 Re: 0.9978 Acc: 0.9593 F1: 0.9589
Epoch 128: Time: 0.2033 Cost: 4.2289 Pre: 0.9235 Re: 0.9993 Acc: 0.9604 F1: 0.9599
Epoch 129: Time: 0.2055 Cost: 4.2065 Pre: 0.9235 Re: 0.9986 Acc: 0.9600 F1: 0.9596
Epoch 130: Time: 0.2029 Cost: 4.1271 Pre: 0.9242 Re: 0.9993 Acc: 0.9607 F1: 0.9602


--------------------------------------------------------------------
Eval results: Cost:4.5808 Pre:0.9202 Re:0.9806 Acc:0.9519 F1:0.9494
--------------------------------------------------------------------

Epoch 131: Time: 0.2026 Cost: 4.1089 Pre: 0.9242 Re: 0.9993 Acc: 0.9607 F1: 0.9602
Epoch 132: Time: 0.2021 Cost: 4.0728 Pre: 0.9242 Re: 0.9993 Acc: 0.9607 F1: 0.9602
Epoch 133: Time: 0.2063 Cost: 4.0510 Pre: 0.9242 Re: 0.9993 Acc: 0.9607 F1: 0.9602
Epoch 134: Time: 0.2042 Cost: 4.0512 Pre: 0.9242 Re: 0.9993 Acc: 0.9607 F1: 0.9602
Epoch 135: Time: 0.2040 Cost: 4.0472 Pre: 0.9248 Re: 0.9993 Acc: 0.9610 F1: 0.9606
Epoch 136: Time: 0.2031 Cost: 4.0595 Pre: 0.9248 Re: 0.9993 Acc: 0.9610 F1: 0.9606
Epoch 137: Time: 0.2024 Cost: 4.0675 Pre: 0.9248 Re: 0.9993 Acc: 0.9610 F1: 0.9606
Epoch 138: Time: 0.2103 Cost: 4.0510 Pre: 0.9242 Re: 0.9993 Acc: 0.9607 F1: 0.9602
Epoch 139: Time: 0.2161 Cost: 4.0774 Pre: 0.9242 Re: 0.9993 Acc: 0.9607 F1: 0.9602
Epoch 140: Time: 0.2140 Cost: 4.1213 Pre: 0.9241 Re: 0.9986 Acc: 0.9604 F1: 0.9599


--------------------------------------------------------------------
Eval results: Cost:5.3296 Pre:0.9326 Re:0.9493 Acc:0.9450 F1:0.9408
--------------------------------------------------------------------

Epoch 141: Time: 0.2036 Cost: 4.1388 Pre: 0.9229 Re: 0.9993 Acc: 0.9600 F1: 0.9596
Epoch 142: Time: 0.2088 Cost: 4.0451 Pre: 0.9247 Re: 0.9986 Acc: 0.9607 F1: 0.9602
Epoch 143: Time: 0.2039 Cost: 4.0302 Pre: 0.9248 Re: 0.9993 Acc: 0.9610 F1: 0.9606
Epoch 144: Time: 0.2511 Cost: 4.0085 Pre: 0.9248 Re: 0.9993 Acc: 0.9610 F1: 0.9606
Epoch 145: Time: 0.2018 Cost: 3.9981 Pre: 0.9248 Re: 0.9993 Acc: 0.9610 F1: 0.9606
Epoch 146: Time: 0.2019 Cost: 3.9949 Pre: 0.9248 Re: 0.9993 Acc: 0.9610 F1: 0.9606
Epoch 147: Time: 0.2114 Cost: 4.0037 Pre: 0.9248 Re: 0.9993 Acc: 0.9610 F1: 0.9606
Epoch 148: Time: 0.2104 Cost: 4.0706 Pre: 0.9247 Re: 0.9978 Acc: 0.9604 F1: 0.9599
Epoch 149: Time: 0.2019 Cost: 4.1011 Pre: 0.9242 Re: 0.9993 Acc: 0.9607 F1: 0.9602
Epoch 150: Time: 0.2014 Cost: 4.0346 Pre: 0.9247 Re: 0.9986 Acc: 0.9607 F1: 0.9602


--------------------------------------------------------------------
Eval results: Cost:4.4927 Pre:0.9301 Re:0.9731 Acc:0.9539 F1:0.9511
--------------------------------------------------------------------

Epoch 151: Time: 0.2062 Cost: 3.9953 Pre: 0.9248 Re: 0.9993 Acc: 0.9610 F1: 0.9606
Epoch 152: Time: 0.2026 Cost: 4.0721 Pre: 0.9241 Re: 0.9978 Acc: 0.9600 F1: 0.9595
Epoch 153: Time: 0.2014 Cost: 4.0032 Pre: 0.9248 Re: 0.9993 Acc: 0.9610 F1: 0.9606
Epoch 154: Time: 0.2018 Cost: 3.9936 Pre: 0.9248 Re: 0.9993 Acc: 0.9610 F1: 0.9606
Epoch 155: Time: 0.2012 Cost: 3.9591 Pre: 0.9248 Re: 0.9993 Acc: 0.9610 F1: 0.9606
Epoch 156: Time: 0.2056 Cost: 3.9552 Pre: 0.9248 Re: 0.9993 Acc: 0.9610 F1: 0.9606
Epoch 157: Time: 0.2208 Cost: 3.9529 Pre: 0.9248 Re: 0.9993 Acc: 0.9610 F1: 0.9606
Epoch 158: Time: 0.2021 Cost: 3.9516 Pre: 0.9248 Re: 0.9993 Acc: 0.9610 F1: 0.9606
Epoch 159: Time: 0.2021 Cost: 3.9495 Pre: 0.9248 Re: 0.9993 Acc: 0.9610 F1: 0.9606
Epoch 160: Time: 0.2026 Cost: 3.9462 Pre: 0.9248 Re: 0.9993 Acc: 0.9610 F1: 0.9606


--------------------------------------------------------------------
Eval results: Cost:4.0638 Pre:0.9317 Re:0.9776 Acc:0.9567 F1:0.9541
--------------------------------------------------------------------

Epoch 161: Time: 0.2041 Cost: 4.0377 Pre: 0.9235 Re: 0.9986 Acc: 0.9600 F1: 0.9596
Epoch 162: Time: 0.2040 Cost: 3.9973 Pre: 0.9248 Re: 0.9993 Acc: 0.9610 F1: 0.9606
Epoch 163: Time: 0.2025 Cost: 3.9431 Pre: 0.9248 Re: 0.9993 Acc: 0.9610 F1: 0.9606
Epoch 164: Time: 0.2028 Cost: 3.9357 Pre: 0.9248 Re: 0.9993 Acc: 0.9610 F1: 0.9606
Epoch 165: Time: 0.2063 Cost: 3.9267 Pre: 0.9248 Re: 0.9993 Acc: 0.9610 F1: 0.9606
Epoch 166: Time: 0.2024 Cost: 3.9218 Pre: 0.9248 Re: 0.9993 Acc: 0.9610 F1: 0.9606
Epoch 167: Time: 0.2020 Cost: 3.9202 Pre: 0.9248 Re: 0.9993 Acc: 0.9610 F1: 0.9606
Epoch 168: Time: 0.2017 Cost: 3.9285 Pre: 0.9248 Re: 0.9993 Acc: 0.9610 F1: 0.9606
Epoch 169: Time: 0.2031 Cost: 3.9203 Pre: 0.9248 Re: 0.9993 Acc: 0.9610 F1: 0.9606
Epoch 170: Time: 0.2053 Cost: 3.9288 Pre: 0.9248 Re: 0.9993 Acc: 0.9610 F1: 0.9606


--------------------------------------------------------------------
Eval results: Cost:4.0196 Pre:0.9317 Re:0.9776 Acc:0.9567 F1:0.9541
--------------------------------------------------------------------

Epoch 171: Time: 0.2027 Cost: 4.0481 Pre: 0.9229 Re: 0.9993 Acc: 0.9600 F1: 0.9596
Epoch 172: Time: 0.2024 Cost: 3.9448 Pre: 0.9248 Re: 0.9993 Acc: 0.9610 F1: 0.9606
Epoch 173: Time: 0.2022 Cost: 3.9165 Pre: 0.9248 Re: 0.9993 Acc: 0.9610 F1: 0.9606
Epoch 174: Time: 0.2055 Cost: 3.9099 Pre: 0.9248 Re: 0.9993 Acc: 0.9610 F1: 0.9606
Epoch 175: Time: 0.2033 Cost: 3.9068 Pre: 0.9248 Re: 0.9993 Acc: 0.9610 F1: 0.9606
Epoch 176: Time: 0.2032 Cost: 3.9031 Pre: 0.9248 Re: 0.9993 Acc: 0.9610 F1: 0.9606
Epoch 177: Time: 0.2035 Cost: 3.9022 Pre: 0.9248 Re: 0.9993 Acc: 0.9610 F1: 0.9606
Epoch 178: Time: 0.2025 Cost: 3.9015 Pre: 0.9248 Re: 0.9993 Acc: 0.9610 F1: 0.9606
Epoch 179: Time: 0.2055 Cost: 4.0237 Pre: 0.9246 Re: 0.9971 Acc: 0.9600 F1: 0.9595
Epoch 180: Time: 0.2024 Cost: 4.0020 Pre: 0.9235 Re: 0.9993 Acc: 0.9604 F1: 0.9599


--------------------------------------------------------------------
Eval results: Cost:4.0403 Pre:0.9344 Re:0.9776 Acc:0.9580 F1:0.9555
--------------------------------------------------------------------

Epoch 181: Time: 0.2030 Cost: 3.9219 Pre: 0.9248 Re: 0.9993 Acc: 0.9610 F1: 0.9606
Epoch 182: Time: 0.2033 Cost: 3.9058 Pre: 0.9248 Re: 0.9993 Acc: 0.9610 F1: 0.9606
Epoch 183: Time: 0.2057 Cost: 3.8991 Pre: 0.9248 Re: 0.9993 Acc: 0.9610 F1: 0.9606
Epoch 184: Time: 0.2032 Cost: 3.8968 Pre: 0.9248 Re: 0.9993 Acc: 0.9610 F1: 0.9606
Epoch 185: Time: 0.2174 Cost: 3.8935 Pre: 0.9248 Re: 0.9993 Acc: 0.9610 F1: 0.9606
Epoch 186: Time: 0.2027 Cost: 3.8920 Pre: 0.9248 Re: 0.9993 Acc: 0.9610 F1: 0.9606
Epoch 187: Time: 0.2040 Cost: 3.8928 Pre: 0.9248 Re: 0.9993 Acc: 0.9610 F1: 0.9606
Epoch 188: Time: 0.2112 Cost: 3.9114 Pre: 0.9248 Re: 0.9993 Acc: 0.9610 F1: 0.9606
Epoch 189: Time: 0.2025 Cost: 3.9602 Pre: 0.9247 Re: 0.9986 Acc: 0.9607 F1: 0.9602
Epoch 190: Time: 0.2025 Cost: 3.9213 Pre: 0.9248 Re: 0.9993 Acc: 0.9610 F1: 0.9606


--------------------------------------------------------------------
Eval results: Cost:3.7984 Pre:0.9286 Re:0.9896 Acc:0.9601 F1:0.9581
--------------------------------------------------------------------

Epoch 191: Time: 0.2034 Cost: 3.9027 Pre: 0.9248 Re: 0.9993 Acc: 0.9610 F1: 0.9606
Epoch 192: Time: 0.2533 Cost: 3.8926 Pre: 0.9248 Re: 0.9993 Acc: 0.9610 F1: 0.9606
Epoch 193: Time: 0.2832 Cost: 3.8893 Pre: 0.9248 Re: 0.9993 Acc: 0.9610 F1: 0.9606
Epoch 194: Time: 0.2713 Cost: 3.8891 Pre: 0.9248 Re: 0.9993 Acc: 0.9610 F1: 0.9606
Epoch 195: Time: 0.2991 Cost: 3.8873 Pre: 0.9248 Re: 0.9993 Acc: 0.9610 F1: 0.9606
Epoch 196: Time: 0.2440 Cost: 3.8863 Pre: 0.9248 Re: 0.9993 Acc: 0.9610 F1: 0.9606
Epoch 197: Time: 0.2557 Cost: 3.8857 Pre: 0.9248 Re: 0.9993 Acc: 0.9610 F1: 0.9606
Epoch 198: Time: 0.2224 Cost: 3.8923 Pre: 0.9248 Re: 0.9993 Acc: 0.9610 F1: 0.9606
Epoch 199: Time: 0.2193 Cost: 3.9290 Pre: 0.9248 Re: 0.9993 Acc: 0.9610 F1: 0.9606
Epoch 200: Time: 0.2111 Cost: 3.9798 Pre: 0.9235 Re: 0.9993 Acc: 0.9604 F1: 0.9599


--------------------------------------------------------------------
Eval results: Cost:4.0936 Pre:0.9185 Re:0.9925 Acc:0.9560 F1:0.9541
--------------------------------------------------------------------

Epoch 201: Time: 0.2203 Cost: 3.9070 Pre: 0.9248 Re: 0.9993 Acc: 0.9610 F1: 0.9606
Epoch 202: Time: 0.2123 Cost: 3.8877 Pre: 0.9248 Re: 0.9993 Acc: 0.9610 F1: 0.9606
Epoch 203: Time: 0.2123 Cost: 3.8844 Pre: 0.9248 Re: 0.9993 Acc: 0.9610 F1: 0.9606
Epoch 204: Time: 0.2144 Cost: 3.8838 Pre: 0.9248 Re: 0.9993 Acc: 0.9610 F1: 0.9606
Epoch 205: Time: 0.2128 Cost: 3.8836 Pre: 0.9248 Re: 0.9993 Acc: 0.9610 F1: 0.9606
Epoch 206: Time: 0.2147 Cost: 3.8816 Pre: 0.9248 Re: 0.9993 Acc: 0.9610 F1: 0.9606
Epoch 207: Time: 0.2220 Cost: 3.8834 Pre: 0.9248 Re: 0.9993 Acc: 0.9610 F1: 0.9606
Epoch 208: Time: 0.2525 Cost: 4.0599 Pre: 0.9239 Re: 0.9957 Acc: 0.9590 F1: 0.9584
Epoch 209: Time: 0.2248 Cost: 4.0099 Pre: 0.9235 Re: 0.9993 Acc: 0.9604 F1: 0.9599
Epoch 210: Time: 0.2314 Cost: 3.9904 Pre: 0.9235 Re: 0.9986 Acc: 0.9600 F1: 0.9596


--------------------------------------------------------------------
Eval results: Cost:4.3898 Pre:0.9362 Re:0.9642 Acc:0.9532 F1:0.9500
--------------------------------------------------------------------

Epoch 211: Time: 0.2430 Cost: 3.9798 Pre: 0.9223 Re: 0.9993 Acc: 0.9597 F1: 0.9593
Epoch 212: Time: 0.2403 Cost: 3.9230 Pre: 0.9248 Re: 0.9993 Acc: 0.9610 F1: 0.9606
Epoch 213: Time: 0.2538 Cost: 3.8865 Pre: 0.9248 Re: 0.9993 Acc: 0.9610 F1: 0.9606
Epoch 214: Time: 0.2431 Cost: 3.8825 Pre: 0.9248 Re: 0.9993 Acc: 0.9610 F1: 0.9606
Epoch 215: Time: 0.2341 Cost: 3.8808 Pre: 0.9248 Re: 0.9993 Acc: 0.9610 F1: 0.9606
Epoch 216: Time: 0.2239 Cost: 3.8807 Pre: 0.9248 Re: 0.9993 Acc: 0.9610 F1: 0.9606
Epoch 217: Time: 0.2283 Cost: 3.8790 Pre: 0.9248 Re: 0.9993 Acc: 0.9610 F1: 0.9606
Epoch 218: Time: 0.2358 Cost: 3.8784 Pre: 0.9248 Re: 0.9993 Acc: 0.9610 F1: 0.9606
Epoch 219: Time: 0.2249 Cost: 3.8855 Pre: 0.9248 Re: 0.9993 Acc: 0.9610 F1: 0.9606
Epoch 220: Time: 0.2376 Cost: 3.9039 Pre: 0.9248 Re: 0.9993 Acc: 0.9610 F1: 0.9606


--------------------------------------------------------------------
Eval results: Cost:4.0153 Pre:0.9392 Re:0.9687 Acc:0.9567 F1:0.9537
--------------------------------------------------------------------

Epoch 221: Time: 0.2683 Cost: 3.8926 Pre: 0.9248 Re: 0.9993 Acc: 0.9610 F1: 0.9606
Epoch 222: Time: 0.2196 Cost: 3.8814 Pre: 0.9248 Re: 0.9993 Acc: 0.9610 F1: 0.9606
Epoch 223: Time: 0.2334 Cost: 3.8787 Pre: 0.9248 Re: 0.9993 Acc: 0.9610 F1: 0.9606
Epoch 224: Time: 0.2538 Cost: 3.8777 Pre: 0.9248 Re: 0.9993 Acc: 0.9610 F1: 0.9606
Epoch 225: Time: 0.2493 Cost: 3.8774 Pre: 0.9248 Re: 0.9993 Acc: 0.9610 F1: 0.9606
Epoch 226: Time: 0.2168 Cost: 3.8772 Pre: 0.9248 Re: 0.9993 Acc: 0.9610 F1: 0.9606
Epoch 227: Time: 0.2059 Cost: 3.8764 Pre: 0.9248 Re: 0.9993 Acc: 0.9610 F1: 0.9606
Epoch 228: Time: 0.2032 Cost: 3.8758 Pre: 0.9248 Re: 0.9993 Acc: 0.9610 F1: 0.9606
Epoch 229: Time: 0.2040 Cost: 3.8755 Pre: 0.9248 Re: 0.9993 Acc: 0.9610 F1: 0.9606
Epoch 230: Time: 0.2029 Cost: 3.8791 Pre: 0.9248 Re: 0.9993 Acc: 0.9610 F1: 0.9606


--------------------------------------------------------------------
Eval results: Cost:3.9079 Pre:0.9246 Re:0.9881 Acc:0.9574 F1:0.9553
--------------------------------------------------------------------

Epoch 231: Time: 0.2134 Cost: 3.9234 Pre: 0.9242 Re: 0.9993 Acc: 0.9607 F1: 0.9602
Epoch 232: Time: 0.2033 Cost: 3.8872 Pre: 0.9248 Re: 0.9993 Acc: 0.9610 F1: 0.9606
Epoch 233: Time: 0.2012 Cost: 3.8760 Pre: 0.9248 Re: 0.9993 Acc: 0.9610 F1: 0.9606
Epoch 234: Time: 0.2029 Cost: 3.8751 Pre: 0.9248 Re: 0.9993 Acc: 0.9610 F1: 0.9606
Epoch 235: Time: 0.2026 Cost: 3.8747 Pre: 0.9248 Re: 0.9993 Acc: 0.9610 F1: 0.9606
Epoch 236: Time: 0.2065 Cost: 3.8747 Pre: 0.9248 Re: 0.9993 Acc: 0.9610 F1: 0.9606
Epoch 237: Time: 0.2030 Cost: 3.8743 Pre: 0.9248 Re: 0.9993 Acc: 0.9610 F1: 0.9606
Epoch 238: Time: 0.2019 Cost: 3.8741 Pre: 0.9248 Re: 0.9993 Acc: 0.9610 F1: 0.9606
Epoch 239: Time: 0.2021 Cost: 3.8740 Pre: 0.9248 Re: 0.9993 Acc: 0.9610 F1: 0.9606
Epoch 240: Time: 0.2024 Cost: 3.8744 Pre: 0.9248 Re: 0.9993 Acc: 0.9610 F1: 0.9606


--------------------------------------------------------------------
Eval results: Cost:3.7078 Pre:0.9311 Re:0.9881 Acc:0.9608 F1:0.9587
--------------------------------------------------------------------

Epoch 241: Time: 0.2042 Cost: 3.8937 Pre: 0.9248 Re: 0.9993 Acc: 0.9610 F1: 0.9606
Epoch 242: Time: 0.2020 Cost: 3.8752 Pre: 0.9248 Re: 0.9993 Acc: 0.9610 F1: 0.9606
Epoch 243: Time: 0.2025 Cost: 3.8734 Pre: 0.9248 Re: 0.9993 Acc: 0.9610 F1: 0.9606
Epoch 244: Time: 0.2031 Cost: 3.8731 Pre: 0.9248 Re: 0.9993 Acc: 0.9610 F1: 0.9606
Epoch 245: Time: 0.2066 Cost: 3.8728 Pre: 0.9248 Re: 0.9993 Acc: 0.9610 F1: 0.9606
Epoch 246: Time: 0.2051 Cost: 3.8729 Pre: 0.9248 Re: 0.9993 Acc: 0.9610 F1: 0.9606
Epoch 247: Time: 0.2029 Cost: 3.8727 Pre: 0.9248 Re: 0.9993 Acc: 0.9610 F1: 0.9606
Epoch 248: Time: 0.2039 Cost: 3.8724 Pre: 0.9248 Re: 0.9993 Acc: 0.9610 F1: 0.9606
Epoch 249: Time: 0.2023 Cost: 3.8721 Pre: 0.9248 Re: 0.9993 Acc: 0.9610 F1: 0.9606
Epoch 250: Time: 0.2068 Cost: 3.8719 Pre: 0.9248 Re: 0.9993 Acc: 0.9610 F1: 0.9606


--------------------------------------------------------------------
Eval results: Cost:3.5514 Pre:0.9348 Re:0.9851 Acc:0.9615 F1:0.9593
--------------------------------------------------------------------

Epoch 251: Time: 0.2025 Cost: 3.8796 Pre: 0.9248 Re: 0.9993 Acc: 0.9610 F1: 0.9606
Epoch 252: Time: 0.2014 Cost: 3.8720 Pre: 0.9248 Re: 0.9993 Acc: 0.9610 F1: 0.9606
Epoch 253: Time: 0.2018 Cost: 3.8716 Pre: 0.9248 Re: 0.9993 Acc: 0.9610 F1: 0.9606
Epoch 254: Time: 0.2058 Cost: 3.8715 Pre: 0.9248 Re: 0.9993 Acc: 0.9610 F1: 0.9606
Epoch 255: Time: 0.2035 Cost: 3.8715 Pre: 0.9248 Re: 0.9993 Acc: 0.9610 F1: 0.9606
Epoch 256: Time: 0.2021 Cost: 3.8714 Pre: 0.9248 Re: 0.9993 Acc: 0.9610 F1: 0.9606
Epoch 257: Time: 0.2028 Cost: 3.8716 Pre: 0.9248 Re: 0.9993 Acc: 0.9610 F1: 0.9606
Epoch 258: Time: 0.2020 Cost: 3.8712 Pre: 0.9248 Re: 0.9993 Acc: 0.9610 F1: 0.9606
Epoch 259: Time: 0.2063 Cost: 3.8710 Pre: 0.9248 Re: 0.9993 Acc: 0.9610 F1: 0.9606
Epoch 260: Time: 0.2032 Cost: 3.8709 Pre: 0.9248 Re: 0.9993 Acc: 0.9610 F1: 0.9606


--------------------------------------------------------------------
Eval results: Cost:3.5586 Pre:0.9350 Re:0.9881 Acc:0.9629 F1:0.9608
--------------------------------------------------------------------

Epoch 261: Time: 0.2029 Cost: 3.8772 Pre: 0.9248 Re: 0.9993 Acc: 0.9610 F1: 0.9606
Epoch 262: Time: 0.2026 Cost: 3.8711 Pre: 0.9248 Re: 0.9993 Acc: 0.9610 F1: 0.9606
Epoch 263: Time: 0.2057 Cost: 3.8706 Pre: 0.9248 Re: 0.9993 Acc: 0.9610 F1: 0.9606
Epoch 264: Time: 0.2028 Cost: 3.8706 Pre: 0.9248 Re: 0.9993 Acc: 0.9610 F1: 0.9606
Epoch 265: Time: 0.2025 Cost: 3.8705 Pre: 0.9248 Re: 0.9993 Acc: 0.9610 F1: 0.9606
Epoch 266: Time: 0.2020 Cost: 3.8704 Pre: 0.9248 Re: 0.9993 Acc: 0.9610 F1: 0.9606
Epoch 267: Time: 0.2030 Cost: 3.8704 Pre: 0.9248 Re: 0.9993 Acc: 0.9610 F1: 0.9606
Epoch 268: Time: 0.2085 Cost: 3.8702 Pre: 0.9248 Re: 0.9993 Acc: 0.9610 F1: 0.9606
Epoch 269: Time: 0.2061 Cost: 3.8700 Pre: 0.9248 Re: 0.9993 Acc: 0.9610 F1: 0.9606
Epoch 270: Time: 0.2235 Cost: 3.8699 Pre: 0.9248 Re: 0.9993 Acc: 0.9610 F1: 0.9606


--------------------------------------------------------------------
Eval results: Cost:3.5752 Pre:0.9351 Re:0.9896 Acc:0.9635 F1:0.9616
--------------------------------------------------------------------

Epoch 271: Time: 0.2043 Cost: 3.8792 Pre: 0.9248 Re: 0.9993 Acc: 0.9610 F1: 0.9606
Epoch 272: Time: 0.2083 Cost: 3.8706 Pre: 0.9248 Re: 0.9993 Acc: 0.9610 F1: 0.9606
Epoch 273: Time: 0.2041 Cost: 3.8696 Pre: 0.9248 Re: 0.9993 Acc: 0.9610 F1: 0.9606
Epoch 274: Time: 0.2027 Cost: 3.8695 Pre: 0.9248 Re: 0.9993 Acc: 0.9610 F1: 0.9606
Epoch 275: Time: 0.2026 Cost: 3.8694 Pre: 0.9248 Re: 0.9993 Acc: 0.9610 F1: 0.9606
Epoch 276: Time: 0.2021 Cost: 3.8693 Pre: 0.9248 Re: 0.9993 Acc: 0.9610 F1: 0.9606
Epoch 277: Time: 0.2099 Cost: 3.8692 Pre: 0.9248 Re: 0.9993 Acc: 0.9610 F1: 0.9606
Epoch 278: Time: 0.2037 Cost: 3.8690 Pre: 0.9248 Re: 0.9993 Acc: 0.9610 F1: 0.9606
Epoch 279: Time: 0.2017 Cost: 3.8688 Pre: 0.9248 Re: 0.9993 Acc: 0.9610 F1: 0.9606
Epoch 280: Time: 0.2018 Cost: 3.8687 Pre: 0.9248 Re: 0.9993 Acc: 0.9610 F1: 0.9606


--------------------------------------------------------------------
Eval results: Cost:3.5801 Pre:0.9351 Re:0.9896 Acc:0.9635 F1:0.9616
--------------------------------------------------------------------

Epoch 281: Time: 0.2059 Cost: 3.8809 Pre: 0.9248 Re: 0.9993 Acc: 0.9610 F1: 0.9606
Epoch 282: Time: 0.2031 Cost: 3.8700 Pre: 0.9248 Re: 0.9993 Acc: 0.9610 F1: 0.9606
Epoch 283: Time: 0.2025 Cost: 3.8683 Pre: 0.9248 Re: 0.9993 Acc: 0.9610 F1: 0.9606
Epoch 284: Time: 0.2029 Cost: 3.8681 Pre: 0.9248 Re: 0.9993 Acc: 0.9610 F1: 0.9606
Epoch 285: Time: 0.2027 Cost: 3.8679 Pre: 0.9248 Re: 0.9993 Acc: 0.9610 F1: 0.9606
Epoch 286: Time: 0.2237 Cost: 3.8676 Pre: 0.9248 Re: 0.9993 Acc: 0.9610 F1: 0.9606
Epoch 287: Time: 0.2036 Cost: 3.8673 Pre: 0.9248 Re: 0.9993 Acc: 0.9610 F1: 0.9606
Epoch 288: Time: 0.2014 Cost: 3.8670 Pre: 0.9248 Re: 0.9993 Acc: 0.9610 F1: 0.9606
Epoch 289: Time: 0.2022 Cost: 3.8667 Pre: 0.9248 Re: 0.9993 Acc: 0.9610 F1: 0.9606
Epoch 290: Time: 0.2043 Cost: 3.8664 Pre: 0.9248 Re: 0.9993 Acc: 0.9610 F1: 0.9606


--------------------------------------------------------------------
Eval results: Cost:3.5849 Pre:0.9351 Re:0.9896 Acc:0.9635 F1:0.9616
--------------------------------------------------------------------

Epoch 291: Time: 0.2050 Cost: 3.8786 Pre: 0.9248 Re: 0.9993 Acc: 0.9610 F1: 0.9606
Epoch 292: Time: 0.2046 Cost: 3.8679 Pre: 0.9248 Re: 0.9993 Acc: 0.9610 F1: 0.9606
Epoch 293: Time: 0.2024 Cost: 3.8656 Pre: 0.9248 Re: 0.9993 Acc: 0.9610 F1: 0.9606
Epoch 294: Time: 0.2013 Cost: 3.8652 Pre: 0.9248 Re: 0.9993 Acc: 0.9610 F1: 0.9606
Epoch 295: Time: 0.2069 Cost: 3.8647 Pre: 0.9248 Re: 0.9993 Acc: 0.9610 F1: 0.9606
Epoch 296: Time: 0.2024 Cost: 3.8641 Pre: 0.9248 Re: 0.9993 Acc: 0.9610 F1: 0.9606
Epoch 297: Time: 0.2018 Cost: 3.8636 Pre: 0.9248 Re: 0.9993 Acc: 0.9610 F1: 0.9606
Epoch 298: Time: 0.2051 Cost: 3.8629 Pre: 0.9248 Re: 0.9993 Acc: 0.9610 F1: 0.9606
Epoch 299: Time: 0.2039 Cost: 3.8623 Pre: 0.9248 Re: 0.9993 Acc: 0.9610 F1: 0.9606
Epoch 300: Time: 0.2895 Cost: 3.8616 Pre: 0.9248 Re: 0.9993 Acc: 0.9610 F1: 0.9606


--------------------------------------------------------------------
Eval results: Cost:3.5862 Pre:0.9351 Re:0.9896 Acc:0.9635 F1:0.9616
--------------------------------------------------------------------

Epoch 301: Time: 0.2286 Cost: 3.8740 Pre: 0.9248 Re: 0.9993 Acc: 0.9610 F1: 0.9606
Epoch 302: Time: 0.2201 Cost: 3.8625 Pre: 0.9248 Re: 0.9993 Acc: 0.9610 F1: 0.9606
Epoch 303: Time: 0.2087 Cost: 3.8600 Pre: 0.9248 Re: 0.9993 Acc: 0.9610 F1: 0.9606
Epoch 304: Time: 0.2031 Cost: 3.8592 Pre: 0.9248 Re: 0.9993 Acc: 0.9610 F1: 0.9606
Epoch 305: Time: 0.2016 Cost: 3.8582 Pre: 0.9248 Re: 0.9993 Acc: 0.9610 F1: 0.9606
Epoch 306: Time: 0.2019 Cost: 3.8572 Pre: 0.9248 Re: 0.9993 Acc: 0.9610 F1: 0.9606
Epoch 307: Time: 0.2015 Cost: 3.8562 Pre: 0.9248 Re: 0.9993 Acc: 0.9610 F1: 0.9606
Epoch 308: Time: 0.2065 Cost: 3.8552 Pre: 0.9248 Re: 0.9993 Acc: 0.9610 F1: 0.9606
Epoch 309: Time: 0.2024 Cost: 3.8541 Pre: 0.9248 Re: 0.9993 Acc: 0.9610 F1: 0.9606
Epoch 310: Time: 0.2014 Cost: 3.8531 Pre: 0.9248 Re: 0.9993 Acc: 0.9610 F1: 0.9606


--------------------------------------------------------------------
Eval results: Cost:3.6002 Pre:0.9350 Re:0.9881 Acc:0.9629 F1:0.9608
--------------------------------------------------------------------

Epoch 311: Time: 0.2029 Cost: 3.8663 Pre: 0.9248 Re: 0.9993 Acc: 0.9610 F1: 0.9606
Epoch 312: Time: 0.2069 Cost: 3.8534 Pre: 0.9248 Re: 0.9993 Acc: 0.9610 F1: 0.9606
Epoch 313: Time: 0.2054 Cost: 3.8509 Pre: 0.9248 Re: 0.9993 Acc: 0.9610 F1: 0.9606
Epoch 314: Time: 0.2207 Cost: 3.8498 Pre: 0.9248 Re: 0.9993 Acc: 0.9610 F1: 0.9606
Epoch 315: Time: 0.2036 Cost: 3.8488 Pre: 0.9248 Re: 0.9993 Acc: 0.9610 F1: 0.9606
Epoch 316: Time: 0.2047 Cost: 3.8476 Pre: 0.9248 Re: 0.9993 Acc: 0.9610 F1: 0.9606
Epoch 317: Time: 0.2085 Cost: 3.8466 Pre: 0.9248 Re: 0.9993 Acc: 0.9610 F1: 0.9606
Epoch 318: Time: 0.2025 Cost: 3.8457 Pre: 0.9248 Re: 0.9993 Acc: 0.9610 F1: 0.9606
Epoch 319: Time: 0.2027 Cost: 3.8449 Pre: 0.9248 Re: 1.0000 Acc: 0.9614 F1: 0.9609
Epoch 320: Time: 0.2029 Cost: 3.8441 Pre: 0.9248 Re: 1.0000 Acc: 0.9614 F1: 0.9609


--------------------------------------------------------------------
Eval results: Cost:3.6003 Pre:0.9351 Re:0.9896 Acc:0.9635 F1:0.9616
--------------------------------------------------------------------

Epoch 321: Time: 0.2131 Cost: 3.8551 Pre: 0.9248 Re: 1.0000 Acc: 0.9614 F1: 0.9609
Epoch 322: Time: 0.2025 Cost: 3.8446 Pre: 0.9248 Re: 1.0000 Acc: 0.9614 F1: 0.9609
Epoch 323: Time: 0.2018 Cost: 3.8426 Pre: 0.9248 Re: 1.0000 Acc: 0.9614 F1: 0.9609
Epoch 324: Time: 0.2024 Cost: 3.8420 Pre: 0.9248 Re: 1.0000 Acc: 0.9614 F1: 0.9609
Epoch 325: Time: 0.2047 Cost: 3.8414 Pre: 0.9248 Re: 1.0000 Acc: 0.9614 F1: 0.9609
Epoch 326: Time: 0.2057 Cost: 3.8407 Pre: 0.9248 Re: 1.0000 Acc: 0.9614 F1: 0.9609
Epoch 327: Time: 0.2024 Cost: 3.8402 Pre: 0.9248 Re: 1.0000 Acc: 0.9614 F1: 0.9609
Epoch 328: Time: 0.2026 Cost: 3.8399 Pre: 0.9248 Re: 1.0000 Acc: 0.9614 F1: 0.9609
Epoch 329: Time: 0.2034 Cost: 3.8395 Pre: 0.9248 Re: 1.0000 Acc: 0.9614 F1: 0.9609
Epoch 330: Time: 0.2046 Cost: 3.8392 Pre: 0.9248 Re: 1.0000 Acc: 0.9614 F1: 0.9609


--------------------------------------------------------------------
Eval results: Cost:3.5880 Pre:0.9351 Re:0.9896 Acc:0.9635 F1:0.9616
--------------------------------------------------------------------

Epoch 331: Time: 0.2032 Cost: 3.8483 Pre: 0.9248 Re: 1.0000 Acc: 0.9614 F1: 0.9609
Epoch 332: Time: 0.2032 Cost: 3.8396 Pre: 0.9248 Re: 1.0000 Acc: 0.9614 F1: 0.9609
Epoch 333: Time: 0.2018 Cost: 3.8387 Pre: 0.9248 Re: 1.0000 Acc: 0.9614 F1: 0.9609
Epoch 334: Time: 0.2055 Cost: 3.8384 Pre: 0.9248 Re: 1.0000 Acc: 0.9614 F1: 0.9609
Epoch 335: Time: 0.2060 Cost: 3.8382 Pre: 0.9248 Re: 1.0000 Acc: 0.9614 F1: 0.9609
Epoch 336: Time: 0.2043 Cost: 3.8379 Pre: 0.9248 Re: 1.0000 Acc: 0.9614 F1: 0.9609
Epoch 337: Time: 0.2040 Cost: 3.8377 Pre: 0.9248 Re: 1.0000 Acc: 0.9614 F1: 0.9609
Epoch 338: Time: 0.2032 Cost: 3.8377 Pre: 0.9248 Re: 1.0000 Acc: 0.9614 F1: 0.9609
Epoch 339: Time: 0.2078 Cost: 3.8375 Pre: 0.9248 Re: 1.0000 Acc: 0.9614 F1: 0.9609
Epoch 340: Time: 0.2030 Cost: 3.8375 Pre: 0.9248 Re: 1.0000 Acc: 0.9614 F1: 0.9609


--------------------------------------------------------------------
Eval results: Cost:3.5802 Pre:0.9351 Re:0.9896 Acc:0.9635 F1:0.9616
--------------------------------------------------------------------

Epoch 341: Time: 0.2022 Cost: 3.8452 Pre: 0.9248 Re: 1.0000 Acc: 0.9614 F1: 0.9609
Epoch 342: Time: 0.2024 Cost: 3.8379 Pre: 0.9248 Re: 1.0000 Acc: 0.9614 F1: 0.9609
Epoch 343: Time: 0.2048 Cost: 3.8373 Pre: 0.9248 Re: 1.0000 Acc: 0.9614 F1: 0.9609
Epoch 344: Time: 0.2040 Cost: 3.8372 Pre: 0.9248 Re: 1.0000 Acc: 0.9614 F1: 0.9609
Epoch 345: Time: 0.2022 Cost: 3.8371 Pre: 0.9248 Re: 1.0000 Acc: 0.9614 F1: 0.9609
Epoch 346: Time: 0.2022 Cost: 3.8369 Pre: 0.9248 Re: 1.0000 Acc: 0.9614 F1: 0.9609
Epoch 347: Time: 0.2024 Cost: 3.8368 Pre: 0.9248 Re: 1.0000 Acc: 0.9614 F1: 0.9609
Epoch 348: Time: 0.2050 Cost: 3.8368 Pre: 0.9248 Re: 1.0000 Acc: 0.9614 F1: 0.9609
Epoch 349: Time: 0.2045 Cost: 3.8368 Pre: 0.9248 Re: 1.0000 Acc: 0.9614 F1: 0.9609
Epoch 350: Time: 0.2020 Cost: 3.8367 Pre: 0.9248 Re: 1.0000 Acc: 0.9614 F1: 0.9609


--------------------------------------------------------------------
Eval results: Cost:3.5571 Pre:0.9351 Re:0.9896 Acc:0.9635 F1:0.9616
--------------------------------------------------------------------

Epoch 351: Time: 0.2029 Cost: 3.8427 Pre: 0.9248 Re: 1.0000 Acc: 0.9614 F1: 0.9609
Epoch 352: Time: 0.2052 Cost: 3.8370 Pre: 0.9248 Re: 1.0000 Acc: 0.9614 F1: 0.9609
Epoch 353: Time: 0.2038 Cost: 3.8366 Pre: 0.9248 Re: 1.0000 Acc: 0.9614 F1: 0.9609
Epoch 354: Time: 0.2017 Cost: 3.8366 Pre: 0.9248 Re: 1.0000 Acc: 0.9614 F1: 0.9609
Epoch 355: Time: 0.2024 Cost: 3.8366 Pre: 0.9248 Re: 1.0000 Acc: 0.9614 F1: 0.9609
Epoch 356: Time: 0.2018 Cost: 3.8364 Pre: 0.9248 Re: 1.0000 Acc: 0.9614 F1: 0.9609
Epoch 357: Time: 0.2070 Cost: 3.8364 Pre: 0.9248 Re: 1.0000 Acc: 0.9614 F1: 0.9609
Epoch 358: Time: 0.2046 Cost: 3.8363 Pre: 0.9248 Re: 1.0000 Acc: 0.9614 F1: 0.9609
Epoch 359: Time: 0.2169 Cost: 3.8363 Pre: 0.9248 Re: 1.0000 Acc: 0.9614 F1: 0.9609
Epoch 360: Time: 0.2054 Cost: 3.8363 Pre: 0.9248 Re: 1.0000 Acc: 0.9614 F1: 0.9609


--------------------------------------------------------------------
Eval results: Cost:3.5292 Pre:0.9351 Re:0.9896 Acc:0.9635 F1:0.9616
--------------------------------------------------------------------

Epoch 361: Time: 0.2067 Cost: 3.8399 Pre: 0.9248 Re: 1.0000 Acc: 0.9614 F1: 0.9609
Epoch 362: Time: 0.2030 Cost: 3.8366 Pre: 0.9248 Re: 1.0000 Acc: 0.9614 F1: 0.9609
Epoch 363: Time: 0.2134 Cost: 3.8362 Pre: 0.9248 Re: 1.0000 Acc: 0.9614 F1: 0.9609
Epoch 364: Time: 0.2072 Cost: 3.8362 Pre: 0.9248 Re: 1.0000 Acc: 0.9614 F1: 0.9609
Epoch 365: Time: 0.2028 Cost: 3.8362 Pre: 0.9248 Re: 1.0000 Acc: 0.9614 F1: 0.9609
Epoch 366: Time: 0.2104 Cost: 3.8361 Pre: 0.9248 Re: 1.0000 Acc: 0.9614 F1: 0.9609
Epoch 367: Time: 0.2035 Cost: 3.8360 Pre: 0.9248 Re: 1.0000 Acc: 0.9614 F1: 0.9609
Epoch 368: Time: 0.2022 Cost: 3.8360 Pre: 0.9248 Re: 1.0000 Acc: 0.9614 F1: 0.9609
Epoch 369: Time: 0.2019 Cost: 3.8360 Pre: 0.9248 Re: 1.0000 Acc: 0.9614 F1: 0.9609
Epoch 370: Time: 0.2029 Cost: 3.8360 Pre: 0.9248 Re: 1.0000 Acc: 0.9614 F1: 0.9609


--------------------------------------------------------------------
Eval results: Cost:3.5086 Pre:0.9351 Re:0.9896 Acc:0.9635 F1:0.9616
--------------------------------------------------------------------

Epoch 371: Time: 0.2045 Cost: 3.8381 Pre: 0.9248 Re: 1.0000 Acc: 0.9614 F1: 0.9609
Epoch 372: Time: 0.2029 Cost: 3.8364 Pre: 0.9248 Re: 1.0000 Acc: 0.9614 F1: 0.9609
Epoch 373: Time: 0.2029 Cost: 3.8360 Pre: 0.9248 Re: 1.0000 Acc: 0.9614 F1: 0.9609
Epoch 374: Time: 0.2112 Cost: 3.8359 Pre: 0.9248 Re: 1.0000 Acc: 0.9614 F1: 0.9609
Epoch 375: Time: 0.2084 Cost: 3.8359 Pre: 0.9248 Re: 1.0000 Acc: 0.9614 F1: 0.9609
Epoch 376: Time: 0.2042 Cost: 3.8359 Pre: 0.9248 Re: 1.0000 Acc: 0.9614 F1: 0.9609
Epoch 377: Time: 0.2026 Cost: 3.8358 Pre: 0.9248 Re: 1.0000 Acc: 0.9614 F1: 0.9609
Epoch 378: Time: 0.2028 Cost: 3.8358 Pre: 0.9248 Re: 1.0000 Acc: 0.9614 F1: 0.9609
Epoch 379: Time: 0.2025 Cost: 3.8358 Pre: 0.9248 Re: 1.0000 Acc: 0.9614 F1: 0.9609
Epoch 380: Time: 0.2074 Cost: 3.8357 Pre: 0.9248 Re: 1.0000 Acc: 0.9614 F1: 0.9609


--------------------------------------------------------------------
Eval results: Cost:3.4904 Pre:0.9351 Re:0.9896 Acc:0.9635 F1:0.9616
--------------------------------------------------------------------

Epoch 381: Time: 0.2052 Cost: 3.8371 Pre: 0.9248 Re: 1.0000 Acc: 0.9614 F1: 0.9609
Epoch 382: Time: 0.2042 Cost: 3.8362 Pre: 0.9248 Re: 1.0000 Acc: 0.9614 F1: 0.9609
Epoch 383: Time: 0.2030 Cost: 3.8358 Pre: 0.9248 Re: 1.0000 Acc: 0.9614 F1: 0.9609
Epoch 384: Time: 0.2061 Cost: 3.8357 Pre: 0.9248 Re: 1.0000 Acc: 0.9614 F1: 0.9609
Epoch 385: Time: 0.2031 Cost: 3.8357 Pre: 0.9248 Re: 1.0000 Acc: 0.9614 F1: 0.9609
Epoch 386: Time: 0.2022 Cost: 3.8357 Pre: 0.9248 Re: 1.0000 Acc: 0.9614 F1: 0.9609
Epoch 387: Time: 0.2029 Cost: 3.8356 Pre: 0.9248 Re: 1.0000 Acc: 0.9614 F1: 0.9609
Epoch 388: Time: 0.2025 Cost: 3.8356 Pre: 0.9248 Re: 1.0000 Acc: 0.9614 F1: 0.9609
Epoch 389: Time: 0.2062 Cost: 3.8356 Pre: 0.9248 Re: 1.0000 Acc: 0.9614 F1: 0.9609
Epoch 390: Time: 0.2039 Cost: 3.8356 Pre: 0.9248 Re: 1.0000 Acc: 0.9614 F1: 0.9609


--------------------------------------------------------------------
Eval results: Cost:3.4742 Pre:0.9350 Re:0.9881 Acc:0.9629 F1:0.9608
--------------------------------------------------------------------

Epoch 391: Time: 0.2027 Cost: 3.8365 Pre: 0.9248 Re: 1.0000 Acc: 0.9614 F1: 0.9609
Epoch 392: Time: 0.2015 Cost: 3.8359 Pre: 0.9248 Re: 1.0000 Acc: 0.9614 F1: 0.9609
Epoch 393: Time: 0.2107 Cost: 3.8356 Pre: 0.9248 Re: 1.0000 Acc: 0.9614 F1: 0.9609
Epoch 394: Time: 0.2036 Cost: 3.8355 Pre: 0.9248 Re: 1.0000 Acc: 0.9614 F1: 0.9609
Epoch 395: Time: 0.2029 Cost: 3.8355 Pre: 0.9248 Re: 1.0000 Acc: 0.9614 F1: 0.9609
Epoch 396: Time: 0.2029 Cost: 3.8355 Pre: 0.9248 Re: 1.0000 Acc: 0.9614 F1: 0.9609
Epoch 397: Time: 0.2031 Cost: 3.8355 Pre: 0.9248 Re: 1.0000 Acc: 0.9614 F1: 0.9609
Epoch 398: Time: 0.2070 Cost: 3.8354 Pre: 0.9248 Re: 1.0000 Acc: 0.9614 F1: 0.9609
Epoch 399: Time: 0.2046 Cost: 3.8354 Pre: 0.9248 Re: 1.0000 Acc: 0.9614 F1: 0.9609
Epoch 400: Time: 0.2037 Cost: 3.8354 Pre: 0.9248 Re: 1.0000 Acc: 0.9614 F1: 0.9609


--------------------------------------------------------------------
Eval results: Cost:3.4620 Pre:0.9350 Re:0.9881 Acc:0.9629 F1:0.9608
--------------------------------------------------------------------

Epoch 401: Time: 0.2034 Cost: 3.8361 Pre: 0.9248 Re: 1.0000 Acc: 0.9614 F1: 0.9609
Epoch 402: Time: 0.2075 Cost: 3.8357 Pre: 0.9248 Re: 1.0000 Acc: 0.9614 F1: 0.9609
Epoch 403: Time: 0.2051 Cost: 3.8354 Pre: 0.9248 Re: 1.0000 Acc: 0.9614 F1: 0.9609
Epoch 404: Time: 0.2171 Cost: 3.8353 Pre: 0.9248 Re: 1.0000 Acc: 0.9614 F1: 0.9609
Epoch 405: Time: 0.2032 Cost: 3.8353 Pre: 0.9248 Re: 1.0000 Acc: 0.9614 F1: 0.9609
Epoch 406: Time: 0.2038 Cost: 3.8354 Pre: 0.9248 Re: 1.0000 Acc: 0.9614 F1: 0.9609
Epoch 407: Time: 0.2089 Cost: 3.8354 Pre: 0.9248 Re: 1.0000 Acc: 0.9614 F1: 0.9609
Epoch 408: Time: 0.2030 Cost: 3.8354 Pre: 0.9248 Re: 1.0000 Acc: 0.9614 F1: 0.9609
Epoch 409: Time: 0.2029 Cost: 3.8354 Pre: 0.9248 Re: 1.0000 Acc: 0.9614 F1: 0.9609
Epoch 410: Time: 0.2024 Cost: 3.8371 Pre: 0.9248 Re: 1.0000 Acc: 0.9614 F1: 0.9609


--------------------------------------------------------------------
Eval results: Cost:3.8921 Pre:0.9370 Re:0.9761 Acc:0.9587 F1:0.9561
--------------------------------------------------------------------

Early stopping...
--------------------------------------------------------------------
--------------------------------------------------------------------
Test 4332 samples take time: 1.0090
FN id:
[  81  124  156  202  242  321  336  475  559  604  712  730 1034 1041 1045
 1314 1321 1344 1462 1532 1560 1655 1767 1811 1830 1946 1994 2057 2085 2139
 2224 2308 2414 2498 2673 2829 2865 2872 2906 2953 2992 2997 3023 3048 3134
 3231 3247 3255 3285 3351 3358 3359 3471 3488 3597 3600 3617 3771 3830 3996
 4211 4282]
FP id:
[  24   65  127  159  164  167  175  176  185  193  194  263  265  268  269
  275  323  352  353  394  408  411  465  483  533  540  578  580  609  631
  696  731  736  752  769  773  804  847  889  907  933  945 1023 1033 1053
 1142 1161 1193 1203 1236 1347 1374 1404 1550 1566 1610 1620 1624 1638 1644
 1657 1740 1750 1773 1804 1819 1832 1837 1889 1943 1947 1954 1974 2005 2069
 2089 2164 2193 2278 2300 2330 2342 2352 2354 2359 2381 2405 2477 2484 2531
 2544 2563 2582 2590 2631 2646 2662 2681 2703 2782 2819 2841 2896 2932 2981
 3066 3076 3147 3149 3183 3205 3252 3344 3369 3414 3421 3453 3465 3528 3613
 3636 3652 3709 3731 3840 3885 3912 3952 3974 3981 4008 4070 4131 4189 4231
 4290 4303]
Test results: Cost:4.2256 Pre:0.9334 Re:0.9687 Acc:0.9541 F1:0.9508
--------------------------------------------------------------------

