16768
16562
16206
16632
16380
16425
Load data
RNN type: SRN Grammar: g3 Seed: 2
Model total parameters: 2650
Saving hinit ... 

Epoch 0: Time: 0.2984 Cost: 26.3465 Pre: 0.4872 Re: 0.3964 Acc: 0.5150 F1: 0.4371


--------------------------------------------------------------------
Eval results: Cost:25.1009 Pre:0.5166 Re:0.6269 Acc:0.5578 F1:0.5664
--------------------------------------------------------------------

Epoch 1: Time: 0.2086 Cost: 24.0756 Pre: 0.5797 Re: 0.4475 Acc: 0.5834 F1: 0.5051
Epoch 2: Time: 0.2313 Cost: 22.7043 Pre: 0.6156 Re: 0.5669 Acc: 0.6261 F1: 0.5903
Epoch 3: Time: 0.2166 Cost: 21.0199 Pre: 0.6350 Re: 0.6935 Acc: 0.6651 F1: 0.6630
Epoch 4: Time: 0.2139 Cost: 19.7800 Pre: 0.6507 Re: 0.7640 Acc: 0.6931 F1: 0.7028
Epoch 5: Time: 0.2290 Cost: 18.5343 Pre: 0.6696 Re: 0.8122 Acc: 0.7204 F1: 0.7341
Epoch 6: Time: 0.2196 Cost: 17.1144 Pre: 0.7013 Re: 0.8345 Acc: 0.7526 F1: 0.7622
Epoch 7: Time: 0.2218 Cost: 15.9992 Pre: 0.7186 Re: 0.8432 Acc: 0.7686 F1: 0.7759
Epoch 8: Time: 0.2233 Cost: 15.0628 Pre: 0.7317 Re: 0.8633 Acc: 0.7847 F1: 0.7921
Epoch 9: Time: 0.2252 Cost: 14.0938 Pre: 0.7462 Re: 0.8777 Acc: 0.8001 F1: 0.8066
Epoch 10: Time: 0.2200 Cost: 13.3445 Pre: 0.7610 Re: 0.8935 Acc: 0.8161 F1: 0.8220


--------------------------------------------------------------------
Eval results: Cost:11.8217 Pre:0.7672 Re:0.9343 Acc:0.8391 F1:0.8425
--------------------------------------------------------------------

Epoch 11: Time: 0.2199 Cost: 12.6901 Pre: 0.7720 Re: 0.9036 Acc: 0.8274 F1: 0.8326
Epoch 12: Time: 0.2251 Cost: 12.2160 Pre: 0.7840 Re: 0.9115 Acc: 0.8387 F1: 0.8430
Epoch 13: Time: 0.2141 Cost: 11.8887 Pre: 0.7845 Re: 0.9115 Acc: 0.8390 F1: 0.8433
Epoch 14: Time: 0.2170 Cost: 11.4317 Pre: 0.7933 Re: 0.9194 Acc: 0.8479 F1: 0.8517
Epoch 15: Time: 0.2206 Cost: 11.0139 Pre: 0.8026 Re: 0.9273 Acc: 0.8571 F1: 0.8605
Epoch 16: Time: 0.2132 Cost: 10.6659 Pre: 0.8088 Re: 0.9345 Acc: 0.8640 F1: 0.8672
Epoch 17: Time: 0.2240 Cost: 10.3363 Pre: 0.8176 Re: 0.9417 Acc: 0.8725 F1: 0.8753
Epoch 18: Time: 0.2223 Cost: 10.0152 Pre: 0.8241 Re: 0.9439 Acc: 0.8776 F1: 0.8799
Epoch 19: Time: 0.2199 Cost: 9.7158 Pre: 0.8262 Re: 0.9475 Acc: 0.8804 F1: 0.8827
Epoch 20: Time: 0.2228 Cost: 9.4301 Pre: 0.8293 Re: 0.9540 Acc: 0.8848 F1: 0.8873


--------------------------------------------------------------------
Eval results: Cost:8.1980 Pre:0.8428 Re:0.9522 Acc:0.8961 F1:0.8942
--------------------------------------------------------------------

Epoch 21: Time: 0.2246 Cost: 9.1104 Pre: 0.8365 Re: 0.9604 Acc: 0.8920 F1: 0.8942
Epoch 22: Time: 0.2228 Cost: 8.9934 Pre: 0.8344 Re: 0.9604 Acc: 0.8906 F1: 0.8930
Epoch 23: Time: 0.2378 Cost: 8.7716 Pre: 0.8374 Re: 0.9633 Acc: 0.8937 F1: 0.8960
Epoch 24: Time: 0.2165 Cost: 8.6066 Pre: 0.8407 Re: 0.9683 Acc: 0.8978 F1: 0.9000
Epoch 25: Time: 0.2261 Cost: 8.4602 Pre: 0.8461 Re: 0.9691 Acc: 0.9016 F1: 0.9034
Epoch 26: Time: 0.2271 Cost: 8.2160 Pre: 0.8528 Re: 0.9755 Acc: 0.9084 F1: 0.9101
Epoch 27: Time: 0.2184 Cost: 8.1253 Pre: 0.8510 Re: 0.9777 Acc: 0.9081 F1: 0.9099
Epoch 28: Time: 0.2217 Cost: 8.0718 Pre: 0.8546 Re: 0.9727 Acc: 0.9084 F1: 0.9098
Epoch 29: Time: 0.2218 Cost: 7.8363 Pre: 0.8610 Re: 0.9763 Acc: 0.9139 F1: 0.9150
Epoch 30: Time: 0.2282 Cost: 7.7775 Pre: 0.8592 Re: 0.9791 Acc: 0.9139 F1: 0.9153


--------------------------------------------------------------------
Eval results: Cost:7.2142 Pre:0.8666 Re:0.9597 Acc:0.9133 F1:0.9108
--------------------------------------------------------------------

Epoch 31: Time: 0.2237 Cost: 7.5758 Pre: 0.8666 Re: 0.9770 Acc: 0.9176 F1: 0.9185
Epoch 32: Time: 0.2171 Cost: 7.4907 Pre: 0.8691 Re: 0.9791 Acc: 0.9200 F1: 0.9208
Epoch 33: Time: 0.2270 Cost: 7.4349 Pre: 0.8658 Re: 0.9791 Acc: 0.9180 F1: 0.9190
Epoch 34: Time: 0.2204 Cost: 7.3157 Pre: 0.8731 Re: 0.9799 Acc: 0.9228 F1: 0.9234
Epoch 35: Time: 0.2224 Cost: 7.2069 Pre: 0.8794 Re: 0.9806 Acc: 0.9269 F1: 0.9272
Epoch 36: Time: 0.2187 Cost: 7.1511 Pre: 0.8777 Re: 0.9806 Acc: 0.9258 F1: 0.9263
Epoch 37: Time: 0.2188 Cost: 7.0757 Pre: 0.8765 Re: 0.9806 Acc: 0.9252 F1: 0.9256
Epoch 38: Time: 0.2351 Cost: 7.0748 Pre: 0.8799 Re: 0.9755 Acc: 0.9252 F1: 0.9253
Epoch 39: Time: 0.2298 Cost: 6.8785 Pre: 0.8851 Re: 0.9806 Acc: 0.9303 F1: 0.9304
Epoch 40: Time: 0.2305 Cost: 6.8619 Pre: 0.8864 Re: 0.9820 Acc: 0.9316 F1: 0.9317


--------------------------------------------------------------------
Eval results: Cost:7.2174 Pre:0.8865 Re:0.9328 Acc:0.9140 F1:0.9091
--------------------------------------------------------------------

Epoch 41: Time: 0.2362 Cost: 6.7375 Pre: 0.8868 Re: 0.9806 Acc: 0.9313 F1: 0.9313
Epoch 42: Time: 0.2156 Cost: 6.6951 Pre: 0.8891 Re: 0.9806 Acc: 0.9327 F1: 0.9326
Epoch 43: Time: 0.2273 Cost: 6.7075 Pre: 0.8851 Re: 0.9813 Acc: 0.9306 F1: 0.9307
Epoch 44: Time: 0.2219 Cost: 6.6774 Pre: 0.8896 Re: 0.9799 Acc: 0.9327 F1: 0.9326
Epoch 45: Time: 0.2205 Cost: 6.5479 Pre: 0.8941 Re: 0.9842 Acc: 0.9371 F1: 0.9370
Epoch 46: Time: 0.2434 Cost: 6.5432 Pre: 0.8925 Re: 0.9791 Acc: 0.9340 F1: 0.9338
Epoch 47: Time: 0.2201 Cost: 6.6597 Pre: 0.8870 Re: 0.9770 Acc: 0.9299 F1: 0.9298
Epoch 48: Time: 0.2145 Cost: 6.4916 Pre: 0.8944 Re: 0.9813 Acc: 0.9361 F1: 0.9358
Epoch 49: Time: 0.2232 Cost: 6.4924 Pre: 0.8981 Re: 0.9770 Acc: 0.9364 F1: 0.9359
Epoch 50: Time: 0.2262 Cost: 6.3385 Pre: 0.8993 Re: 0.9835 Acc: 0.9398 F1: 0.9395


--------------------------------------------------------------------
Eval results: Cost:6.2504 Pre:0.8949 Re:0.9657 Acc:0.9319 F1:0.9289
--------------------------------------------------------------------

Epoch 51: Time: 0.2216 Cost: 6.3123 Pre: 0.9024 Re: 0.9842 Acc: 0.9419 F1: 0.9415
Epoch 52: Time: 0.2199 Cost: 6.1869 Pre: 0.9030 Re: 0.9849 Acc: 0.9426 F1: 0.9422
Epoch 53: Time: 0.2186 Cost: 6.1216 Pre: 0.9036 Re: 0.9849 Acc: 0.9429 F1: 0.9425
Epoch 54: Time: 0.2229 Cost: 6.0397 Pre: 0.9057 Re: 0.9878 Acc: 0.9453 F1: 0.9449
Epoch 55: Time: 0.2222 Cost: 6.0337 Pre: 0.9052 Re: 0.9892 Acc: 0.9457 F1: 0.9453
Epoch 56: Time: 0.2291 Cost: 6.0136 Pre: 0.9056 Re: 0.9871 Acc: 0.9450 F1: 0.9446
Epoch 57: Time: 0.2174 Cost: 5.9867 Pre: 0.9063 Re: 0.9885 Acc: 0.9460 F1: 0.9456
Epoch 58: Time: 0.2176 Cost: 6.0908 Pre: 0.9037 Re: 0.9856 Acc: 0.9433 F1: 0.9429
Epoch 59: Time: 0.3227 Cost: 5.8307 Pre: 0.9102 Re: 0.9921 Acc: 0.9498 F1: 0.9494
Epoch 60: Time: 0.2685 Cost: 6.0106 Pre: 0.9028 Re: 0.9892 Acc: 0.9443 F1: 0.9440


--------------------------------------------------------------------
Eval results: Cost:5.6646 Pre:0.8899 Re:0.9776 Acc:0.9340 F1:0.9317
--------------------------------------------------------------------

Epoch 61: Time: 0.2448 Cost: 5.8195 Pre: 0.9090 Re: 0.9921 Acc: 0.9491 F1: 0.9487
Epoch 62: Time: 0.2373 Cost: 5.8747 Pre: 0.9052 Re: 0.9892 Acc: 0.9457 F1: 0.9453
Epoch 63: Time: 0.2514 Cost: 5.6791 Pre: 0.9097 Re: 0.9935 Acc: 0.9501 F1: 0.9498
Epoch 64: Time: 0.2354 Cost: 5.8900 Pre: 0.9034 Re: 0.9892 Acc: 0.9446 F1: 0.9444
Epoch 65: Time: 0.2340 Cost: 5.6389 Pre: 0.9145 Re: 0.9921 Acc: 0.9522 F1: 0.9517
Epoch 66: Time: 0.2371 Cost: 5.7969 Pre: 0.9059 Re: 0.9899 Acc: 0.9463 F1: 0.9460
Epoch 67: Time: 0.2221 Cost: 5.5836 Pre: 0.9132 Re: 0.9914 Acc: 0.9511 F1: 0.9507
Epoch 68: Time: 0.2241 Cost: 5.5978 Pre: 0.9114 Re: 0.9921 Acc: 0.9504 F1: 0.9501
Epoch 69: Time: 0.2343 Cost: 5.5315 Pre: 0.9126 Re: 0.9914 Acc: 0.9508 F1: 0.9503
Epoch 70: Time: 0.2214 Cost: 5.5050 Pre: 0.9134 Re: 0.9935 Acc: 0.9522 F1: 0.9518


--------------------------------------------------------------------
Eval results: Cost:6.0416 Pre:0.9065 Re:0.9552 Acc:0.9340 F1:0.9302
--------------------------------------------------------------------

Epoch 71: Time: 0.2197 Cost: 5.5873 Pre: 0.9103 Re: 0.9928 Acc: 0.9501 F1: 0.9498
Epoch 72: Time: 0.2320 Cost: 5.4104 Pre: 0.9147 Re: 0.9950 Acc: 0.9535 F1: 0.9531
Epoch 73: Time: 0.2252 Cost: 5.3320 Pre: 0.9177 Re: 0.9942 Acc: 0.9549 F1: 0.9544
Epoch 74: Time: 0.2176 Cost: 5.4550 Pre: 0.9145 Re: 0.9928 Acc: 0.9525 F1: 0.9521
Epoch 75: Time: 0.2200 Cost: 5.2811 Pre: 0.9184 Re: 0.9957 Acc: 0.9559 F1: 0.9555
Epoch 76: Time: 0.2269 Cost: 5.2661 Pre: 0.9183 Re: 0.9942 Acc: 0.9552 F1: 0.9547
Epoch 77: Time: 0.2227 Cost: 5.2204 Pre: 0.9197 Re: 0.9964 Acc: 0.9569 F1: 0.9565
Epoch 78: Time: 0.2250 Cost: 5.1661 Pre: 0.9208 Re: 0.9957 Acc: 0.9573 F1: 0.9568
Epoch 79: Time: 0.2150 Cost: 5.1718 Pre: 0.9191 Re: 0.9971 Acc: 0.9569 F1: 0.9565
Epoch 80: Time: 0.2212 Cost: 5.1742 Pre: 0.9190 Re: 0.9957 Acc: 0.9563 F1: 0.9558


--------------------------------------------------------------------
Eval results: Cost:5.7929 Pre:0.9243 Re:0.9478 Acc:0.9402 F1:0.9359
--------------------------------------------------------------------

Epoch 81: Time: 0.2203 Cost: 5.6296 Pre: 0.9096 Re: 0.9921 Acc: 0.9494 F1: 0.9491
Epoch 82: Time: 0.2199 Cost: 5.3029 Pre: 0.9148 Re: 0.9964 Acc: 0.9542 F1: 0.9539
Epoch 83: Time: 0.2168 Cost: 5.0031 Pre: 0.9191 Re: 0.9971 Acc: 0.9569 F1: 0.9565
Epoch 84: Time: 0.2213 Cost: 4.9493 Pre: 0.9210 Re: 0.9978 Acc: 0.9583 F1: 0.9579
Epoch 85: Time: 0.2257 Cost: 4.9440 Pre: 0.9209 Re: 0.9964 Acc: 0.9576 F1: 0.9572
Epoch 86: Time: 0.2211 Cost: 4.8784 Pre: 0.9204 Re: 0.9978 Acc: 0.9580 F1: 0.9575
Epoch 87: Time: 0.2188 Cost: 4.9540 Pre: 0.9209 Re: 0.9964 Acc: 0.9576 F1: 0.9572
Epoch 88: Time: 0.2189 Cost: 4.8623 Pre: 0.9197 Re: 0.9964 Acc: 0.9569 F1: 0.9565
Epoch 89: Time: 0.2271 Cost: 4.8478 Pre: 0.9215 Re: 0.9971 Acc: 0.9583 F1: 0.9578
Epoch 90: Time: 0.2224 Cost: 4.8551 Pre: 0.9215 Re: 0.9964 Acc: 0.9580 F1: 0.9575


--------------------------------------------------------------------
Eval results: Cost:4.5787 Pre:0.9259 Re:0.9701 Acc:0.9505 F1:0.9475
--------------------------------------------------------------------

Epoch 91: Time: 0.2268 Cost: 4.7590 Pre: 0.9222 Re: 0.9971 Acc: 0.9586 F1: 0.9582
Epoch 92: Time: 0.2229 Cost: 4.7500 Pre: 0.9216 Re: 0.9978 Acc: 0.9586 F1: 0.9582
Epoch 93: Time: 0.2210 Cost: 4.7900 Pre: 0.9215 Re: 0.9964 Acc: 0.9580 F1: 0.9575
Epoch 94: Time: 0.2218 Cost: 4.6978 Pre: 0.9228 Re: 0.9971 Acc: 0.9590 F1: 0.9585
Epoch 95: Time: 0.2186 Cost: 4.7457 Pre: 0.9221 Re: 0.9964 Acc: 0.9583 F1: 0.9578
Epoch 96: Time: 0.2167 Cost: 4.6618 Pre: 0.9223 Re: 0.9986 Acc: 0.9593 F1: 0.9589
Epoch 97: Time: 0.2170 Cost: 4.6002 Pre: 0.9235 Re: 0.9993 Acc: 0.9604 F1: 0.9599
Epoch 98: Time: 0.2260 Cost: 4.5864 Pre: 0.9229 Re: 0.9993 Acc: 0.9600 F1: 0.9596
Epoch 99: Time: 0.2196 Cost: 4.5855 Pre: 0.9223 Re: 0.9993 Acc: 0.9597 F1: 0.9593
Epoch 100: Time: 0.2207 Cost: 4.5882 Pre: 0.9229 Re: 0.9993 Acc: 0.9600 F1: 0.9596


--------------------------------------------------------------------
Eval results: Cost:4.7557 Pre:0.9348 Re:0.9627 Acc:0.9519 F1:0.9485
--------------------------------------------------------------------

Epoch 101: Time: 0.2174 Cost: 4.6710 Pre: 0.9222 Re: 0.9971 Acc: 0.9586 F1: 0.9582
Epoch 102: Time: 0.2229 Cost: 4.5093 Pre: 0.9228 Re: 0.9978 Acc: 0.9593 F1: 0.9589
Epoch 103: Time: 0.2132 Cost: 4.5135 Pre: 0.9229 Re: 0.9993 Acc: 0.9600 F1: 0.9596
Epoch 104: Time: 0.2388 Cost: 4.5153 Pre: 0.9223 Re: 0.9986 Acc: 0.9593 F1: 0.9589
Epoch 105: Time: 0.2169 Cost: 4.4793 Pre: 0.9229 Re: 0.9993 Acc: 0.9600 F1: 0.9596
Epoch 106: Time: 0.2255 Cost: 4.4728 Pre: 0.9235 Re: 0.9986 Acc: 0.9600 F1: 0.9596
Epoch 107: Time: 0.2245 Cost: 4.4626 Pre: 0.9229 Re: 0.9986 Acc: 0.9597 F1: 0.9592
Epoch 108: Time: 0.2270 Cost: 4.5379 Pre: 0.9216 Re: 0.9978 Acc: 0.9586 F1: 0.9582
Epoch 109: Time: 0.2220 Cost: 4.5311 Pre: 0.9223 Re: 0.9986 Acc: 0.9593 F1: 0.9589
Epoch 110: Time: 0.2288 Cost: 4.4259 Pre: 0.9229 Re: 0.9993 Acc: 0.9600 F1: 0.9596


--------------------------------------------------------------------
Eval results: Cost:4.3684 Pre:0.9379 Re:0.9687 Acc:0.9560 F1:0.9530
--------------------------------------------------------------------

Epoch 111: Time: 0.2159 Cost: 4.4286 Pre: 0.9228 Re: 0.9978 Acc: 0.9593 F1: 0.9589
Epoch 112: Time: 0.2190 Cost: 4.4128 Pre: 0.9223 Re: 0.9993 Acc: 0.9597 F1: 0.9593
Epoch 113: Time: 0.2277 Cost: 4.4129 Pre: 0.9229 Re: 0.9986 Acc: 0.9597 F1: 0.9592
Epoch 114: Time: 0.2202 Cost: 4.4306 Pre: 0.9216 Re: 0.9986 Acc: 0.9590 F1: 0.9586
Epoch 115: Time: 0.2220 Cost: 4.4569 Pre: 0.9216 Re: 0.9978 Acc: 0.9586 F1: 0.9582
Epoch 116: Time: 0.2161 Cost: 4.3646 Pre: 0.9229 Re: 0.9993 Acc: 0.9600 F1: 0.9596
Epoch 117: Time: 0.2137 Cost: 4.3740 Pre: 0.9234 Re: 0.9978 Acc: 0.9597 F1: 0.9592
Epoch 118: Time: 0.2223 Cost: 4.3994 Pre: 0.9216 Re: 0.9978 Acc: 0.9586 F1: 0.9582
Epoch 119: Time: 0.2170 Cost: 4.4985 Pre: 0.9221 Re: 0.9964 Acc: 0.9583 F1: 0.9578
Epoch 120: Time: 0.2233 Cost: 4.7062 Pre: 0.9178 Re: 0.9957 Acc: 0.9556 F1: 0.9551


--------------------------------------------------------------------
Eval results: Cost:4.5068 Pre:0.9415 Re:0.9612 Acc:0.9546 F1:0.9513
--------------------------------------------------------------------

Epoch 121: Time: 0.2214 Cost: 4.4358 Pre: 0.9223 Re: 0.9993 Acc: 0.9597 F1: 0.9593
Epoch 122: Time: 0.2240 Cost: 4.2866 Pre: 0.9229 Re: 0.9993 Acc: 0.9600 F1: 0.9596
Epoch 123: Time: 0.2218 Cost: 4.2751 Pre: 0.9235 Re: 0.9993 Acc: 0.9604 F1: 0.9599
Epoch 124: Time: 0.2230 Cost: 4.2746 Pre: 0.9235 Re: 0.9993 Acc: 0.9604 F1: 0.9599
Epoch 125: Time: 0.2202 Cost: 4.2486 Pre: 0.9235 Re: 0.9993 Acc: 0.9604 F1: 0.9599
Epoch 126: Time: 0.2227 Cost: 4.3249 Pre: 0.9223 Re: 0.9986 Acc: 0.9593 F1: 0.9589
Epoch 127: Time: 0.2232 Cost: 4.3092 Pre: 0.9229 Re: 0.9993 Acc: 0.9600 F1: 0.9596
Epoch 128: Time: 0.2296 Cost: 4.2661 Pre: 0.9229 Re: 0.9986 Acc: 0.9597 F1: 0.9592
Epoch 129: Time: 0.2128 Cost: 4.4867 Pre: 0.9215 Re: 0.9964 Acc: 0.9580 F1: 0.9575
Epoch 130: Time: 0.2254 Cost: 4.3743 Pre: 0.9228 Re: 0.9971 Acc: 0.9590 F1: 0.9585


--------------------------------------------------------------------
Eval results: Cost:4.9765 Pre:0.9436 Re:0.9493 Acc:0.9505 F1:0.9464
--------------------------------------------------------------------

Epoch 131: Time: 0.2267 Cost: 4.2853 Pre: 0.9229 Re: 0.9993 Acc: 0.9600 F1: 0.9596
Epoch 132: Time: 0.2243 Cost: 4.1730 Pre: 0.9235 Re: 0.9993 Acc: 0.9604 F1: 0.9599
Epoch 133: Time: 0.2150 Cost: 4.2160 Pre: 0.9229 Re: 0.9993 Acc: 0.9600 F1: 0.9596
Epoch 134: Time: 0.2172 Cost: 4.2329 Pre: 0.9235 Re: 0.9993 Acc: 0.9604 F1: 0.9599
Epoch 135: Time: 0.2189 Cost: 4.2716 Pre: 0.9229 Re: 0.9993 Acc: 0.9600 F1: 0.9596
Epoch 136: Time: 0.2267 Cost: 4.4006 Pre: 0.9209 Re: 0.9971 Acc: 0.9580 F1: 0.9575
Epoch 137: Time: 0.2165 Cost: 4.4645 Pre: 0.9216 Re: 0.9978 Acc: 0.9586 F1: 0.9582
Epoch 138: Time: 0.2218 Cost: 4.2592 Pre: 0.9235 Re: 0.9993 Acc: 0.9604 F1: 0.9599
Epoch 139: Time: 0.2182 Cost: 4.1756 Pre: 0.9235 Re: 0.9993 Acc: 0.9604 F1: 0.9599
Epoch 140: Time: 0.2211 Cost: 4.1487 Pre: 0.9235 Re: 0.9993 Acc: 0.9604 F1: 0.9599


--------------------------------------------------------------------
Eval results: Cost:4.1385 Pre:0.9446 Re:0.9672 Acc:0.9587 F1:0.9558
--------------------------------------------------------------------

Epoch 141: Time: 0.2212 Cost: 4.1806 Pre: 0.9235 Re: 0.9993 Acc: 0.9604 F1: 0.9599
Epoch 142: Time: 0.2227 Cost: 4.1229 Pre: 0.9235 Re: 0.9993 Acc: 0.9604 F1: 0.9599
Epoch 143: Time: 0.2181 Cost: 4.1129 Pre: 0.9235 Re: 0.9993 Acc: 0.9604 F1: 0.9599
Epoch 144: Time: 0.2362 Cost: 4.1146 Pre: 0.9235 Re: 0.9993 Acc: 0.9604 F1: 0.9599
Epoch 145: Time: 0.2384 Cost: 4.1451 Pre: 0.9229 Re: 0.9993 Acc: 0.9600 F1: 0.9596
Epoch 146: Time: 0.2815 Cost: 4.1533 Pre: 0.9235 Re: 0.9993 Acc: 0.9604 F1: 0.9599
Epoch 147: Time: 0.2645 Cost: 4.1128 Pre: 0.9235 Re: 0.9993 Acc: 0.9604 F1: 0.9599
Epoch 148: Time: 0.2336 Cost: 4.1017 Pre: 0.9235 Re: 0.9993 Acc: 0.9604 F1: 0.9599
Epoch 149: Time: 0.2179 Cost: 4.0803 Pre: 0.9235 Re: 0.9993 Acc: 0.9604 F1: 0.9599
Epoch 150: Time: 0.2179 Cost: 4.0743 Pre: 0.9235 Re: 0.9993 Acc: 0.9604 F1: 0.9599


--------------------------------------------------------------------
Eval results: Cost:3.4658 Pre:0.9440 Re:0.9821 Acc:0.9649 F1:0.9627
--------------------------------------------------------------------

Epoch 151: Time: 0.2262 Cost: 4.0745 Pre: 0.9235 Re: 0.9993 Acc: 0.9604 F1: 0.9599
Epoch 152: Time: 0.2217 Cost: 4.0618 Pre: 0.9235 Re: 0.9993 Acc: 0.9604 F1: 0.9599
Epoch 153: Time: 0.2194 Cost: 4.0591 Pre: 0.9235 Re: 0.9993 Acc: 0.9604 F1: 0.9599
Epoch 154: Time: 0.2274 Cost: 4.0561 Pre: 0.9235 Re: 0.9993 Acc: 0.9604 F1: 0.9599
Epoch 155: Time: 0.2131 Cost: 4.0521 Pre: 0.9235 Re: 0.9993 Acc: 0.9604 F1: 0.9599
Epoch 156: Time: 0.2252 Cost: 4.0505 Pre: 0.9235 Re: 0.9993 Acc: 0.9604 F1: 0.9599
Epoch 157: Time: 0.2253 Cost: 4.0546 Pre: 0.9235 Re: 0.9993 Acc: 0.9604 F1: 0.9599
Epoch 158: Time: 0.2177 Cost: 4.0379 Pre: 0.9235 Re: 0.9993 Acc: 0.9604 F1: 0.9599
Epoch 159: Time: 0.2289 Cost: 4.0393 Pre: 0.9235 Re: 0.9993 Acc: 0.9604 F1: 0.9599
Epoch 160: Time: 0.2190 Cost: 4.1204 Pre: 0.9223 Re: 0.9993 Acc: 0.9597 F1: 0.9593


--------------------------------------------------------------------
Eval results: Cost:3.1629 Pre:0.9431 Re:0.9896 Acc:0.9677 F1:0.9658
--------------------------------------------------------------------

Epoch 161: Time: 0.2165 Cost: 4.1327 Pre: 0.9228 Re: 0.9978 Acc: 0.9593 F1: 0.9589
Epoch 162: Time: 0.2243 Cost: 4.0337 Pre: 0.9235 Re: 0.9993 Acc: 0.9604 F1: 0.9599
Epoch 163: Time: 0.2190 Cost: 4.0225 Pre: 0.9235 Re: 0.9993 Acc: 0.9604 F1: 0.9599
Epoch 164: Time: 0.2204 Cost: 4.0197 Pre: 0.9235 Re: 0.9993 Acc: 0.9604 F1: 0.9599
Epoch 165: Time: 0.2190 Cost: 4.0180 Pre: 0.9235 Re: 0.9993 Acc: 0.9604 F1: 0.9599
Epoch 166: Time: 0.2255 Cost: 4.0182 Pre: 0.9235 Re: 0.9993 Acc: 0.9604 F1: 0.9599
Epoch 167: Time: 0.2182 Cost: 4.0362 Pre: 0.9235 Re: 0.9993 Acc: 0.9604 F1: 0.9599
Epoch 168: Time: 0.2169 Cost: 4.0736 Pre: 0.9235 Re: 0.9993 Acc: 0.9604 F1: 0.9599
Epoch 169: Time: 0.2460 Cost: 4.0304 Pre: 0.9235 Re: 0.9993 Acc: 0.9604 F1: 0.9599
Epoch 170: Time: 0.2256 Cost: 4.0724 Pre: 0.9235 Re: 0.9993 Acc: 0.9604 F1: 0.9599


--------------------------------------------------------------------
Eval results: Cost:3.1587 Pre:0.9445 Re:0.9910 Acc:0.9691 F1:0.9672
--------------------------------------------------------------------

Epoch 171: Time: 0.2253 Cost: 4.0698 Pre: 0.9229 Re: 0.9993 Acc: 0.9600 F1: 0.9596
Epoch 172: Time: 0.2238 Cost: 4.0240 Pre: 0.9235 Re: 0.9993 Acc: 0.9604 F1: 0.9599
Epoch 173: Time: 0.2280 Cost: 4.0076 Pre: 0.9235 Re: 0.9993 Acc: 0.9604 F1: 0.9599
Epoch 174: Time: 0.2150 Cost: 4.0044 Pre: 0.9235 Re: 0.9993 Acc: 0.9604 F1: 0.9599
Epoch 175: Time: 0.2258 Cost: 4.0053 Pre: 0.9235 Re: 0.9993 Acc: 0.9604 F1: 0.9599
Epoch 176: Time: 0.2219 Cost: 4.0016 Pre: 0.9235 Re: 0.9993 Acc: 0.9604 F1: 0.9599
Epoch 177: Time: 0.2327 Cost: 3.9973 Pre: 0.9235 Re: 0.9993 Acc: 0.9604 F1: 0.9599
Epoch 178: Time: 0.3068 Cost: 4.0001 Pre: 0.9235 Re: 0.9993 Acc: 0.9604 F1: 0.9599
Epoch 179: Time: 0.2365 Cost: 4.0291 Pre: 0.9229 Re: 0.9993 Acc: 0.9600 F1: 0.9596
Epoch 180: Time: 0.2287 Cost: 4.0620 Pre: 0.9235 Re: 0.9986 Acc: 0.9600 F1: 0.9596


--------------------------------------------------------------------
Eval results: Cost:3.2999 Pre:0.9456 Re:0.9866 Acc:0.9677 F1:0.9657
--------------------------------------------------------------------

Epoch 181: Time: 0.2375 Cost: 4.0432 Pre: 0.9229 Re: 0.9993 Acc: 0.9600 F1: 0.9596
Epoch 182: Time: 0.2204 Cost: 3.9994 Pre: 0.9235 Re: 0.9993 Acc: 0.9604 F1: 0.9599
Epoch 183: Time: 0.2258 Cost: 3.9920 Pre: 0.9235 Re: 0.9993 Acc: 0.9604 F1: 0.9599
Epoch 184: Time: 0.2207 Cost: 3.9886 Pre: 0.9235 Re: 0.9993 Acc: 0.9604 F1: 0.9599
Epoch 185: Time: 0.2186 Cost: 3.9875 Pre: 0.9235 Re: 0.9993 Acc: 0.9604 F1: 0.9599
Epoch 186: Time: 0.2320 Cost: 3.9850 Pre: 0.9235 Re: 0.9993 Acc: 0.9604 F1: 0.9599
Epoch 187: Time: 0.2325 Cost: 3.9838 Pre: 0.9235 Re: 0.9993 Acc: 0.9604 F1: 0.9599
Epoch 188: Time: 0.2284 Cost: 3.9844 Pre: 0.9235 Re: 0.9993 Acc: 0.9604 F1: 0.9599
Epoch 189: Time: 0.2277 Cost: 3.9797 Pre: 0.9235 Re: 0.9993 Acc: 0.9604 F1: 0.9599
Epoch 190: Time: 0.2163 Cost: 3.9803 Pre: 0.9235 Re: 0.9993 Acc: 0.9604 F1: 0.9599


--------------------------------------------------------------------
Eval results: Cost:3.1394 Pre:0.9470 Re:0.9866 Acc:0.9684 F1:0.9664
--------------------------------------------------------------------

Epoch 191: Time: 0.2271 Cost: 4.0183 Pre: 0.9235 Re: 0.9993 Acc: 0.9604 F1: 0.9599
Epoch 192: Time: 0.2256 Cost: 3.9830 Pre: 0.9235 Re: 0.9993 Acc: 0.9604 F1: 0.9599
Epoch 193: Time: 0.2236 Cost: 3.9746 Pre: 0.9235 Re: 0.9993 Acc: 0.9604 F1: 0.9599
Epoch 194: Time: 0.2160 Cost: 3.9722 Pre: 0.9235 Re: 0.9993 Acc: 0.9604 F1: 0.9599
Epoch 195: Time: 0.2240 Cost: 3.9711 Pre: 0.9235 Re: 0.9993 Acc: 0.9604 F1: 0.9599
Epoch 196: Time: 0.2304 Cost: 3.9699 Pre: 0.9235 Re: 0.9993 Acc: 0.9604 F1: 0.9599
Epoch 197: Time: 0.2268 Cost: 3.9680 Pre: 0.9235 Re: 0.9993 Acc: 0.9604 F1: 0.9599
Epoch 198: Time: 0.2274 Cost: 3.9702 Pre: 0.9235 Re: 0.9993 Acc: 0.9604 F1: 0.9599
Epoch 199: Time: 0.2188 Cost: 3.9687 Pre: 0.9235 Re: 0.9993 Acc: 0.9604 F1: 0.9599
Epoch 200: Time: 0.2186 Cost: 3.9631 Pre: 0.9235 Re: 0.9993 Acc: 0.9604 F1: 0.9599


--------------------------------------------------------------------
Eval results: Cost:2.8092 Pre:0.9461 Re:0.9955 Acc:0.9718 F1:0.9702
--------------------------------------------------------------------

Epoch 201: Time: 0.2180 Cost: 3.9701 Pre: 0.9235 Re: 0.9993 Acc: 0.9604 F1: 0.9599
Epoch 202: Time: 0.2224 Cost: 3.9627 Pre: 0.9235 Re: 0.9993 Acc: 0.9604 F1: 0.9599
Epoch 203: Time: 0.2248 Cost: 3.9597 Pre: 0.9235 Re: 0.9993 Acc: 0.9604 F1: 0.9599
Epoch 204: Time: 0.2238 Cost: 3.9595 Pre: 0.9236 Re: 1.0000 Acc: 0.9607 F1: 0.9603
Epoch 205: Time: 0.2182 Cost: 3.9626 Pre: 0.9236 Re: 1.0000 Acc: 0.9607 F1: 0.9603
Epoch 206: Time: 0.2205 Cost: 4.0516 Pre: 0.9224 Re: 1.0000 Acc: 0.9600 F1: 0.9596
Epoch 207: Time: 0.2239 Cost: 4.0430 Pre: 0.9230 Re: 1.0000 Acc: 0.9604 F1: 0.9599
Epoch 208: Time: 0.2145 Cost: 4.0664 Pre: 0.9229 Re: 0.9993 Acc: 0.9600 F1: 0.9596
Epoch 209: Time: 0.2173 Cost: 3.9915 Pre: 0.9236 Re: 1.0000 Acc: 0.9607 F1: 0.9603
Epoch 210: Time: 0.2206 Cost: 3.9634 Pre: 0.9236 Re: 1.0000 Acc: 0.9607 F1: 0.9603


--------------------------------------------------------------------
Eval results: Cost:2.7816 Pre:0.9463 Re:0.9985 Acc:0.9732 F1:0.9717
--------------------------------------------------------------------

Epoch 211: Time: 0.2154 Cost: 3.9577 Pre: 0.9236 Re: 1.0000 Acc: 0.9607 F1: 0.9603
Epoch 212: Time: 0.2183 Cost: 3.9568 Pre: 0.9236 Re: 1.0000 Acc: 0.9607 F1: 0.9603
Epoch 213: Time: 0.2281 Cost: 3.9554 Pre: 0.9236 Re: 1.0000 Acc: 0.9607 F1: 0.9603
Epoch 214: Time: 0.2189 Cost: 3.9541 Pre: 0.9236 Re: 1.0000 Acc: 0.9607 F1: 0.9603
Epoch 215: Time: 0.2319 Cost: 3.9532 Pre: 0.9236 Re: 1.0000 Acc: 0.9607 F1: 0.9603
Epoch 216: Time: 0.2143 Cost: 3.9532 Pre: 0.9236 Re: 1.0000 Acc: 0.9607 F1: 0.9603
Epoch 217: Time: 0.2221 Cost: 3.9548 Pre: 0.9236 Re: 1.0000 Acc: 0.9607 F1: 0.9603
Epoch 218: Time: 0.2242 Cost: 3.9902 Pre: 0.9230 Re: 1.0000 Acc: 0.9604 F1: 0.9599
Epoch 219: Time: 0.2260 Cost: 4.0085 Pre: 0.9230 Re: 1.0000 Acc: 0.9604 F1: 0.9599
Epoch 220: Time: 0.2229 Cost: 3.9683 Pre: 0.9236 Re: 1.0000 Acc: 0.9607 F1: 0.9603


--------------------------------------------------------------------
Eval results: Cost:2.7955 Pre:0.9448 Re:0.9970 Acc:0.9718 F1:0.9702
--------------------------------------------------------------------

Epoch 221: Time: 0.2241 Cost: 3.9532 Pre: 0.9236 Re: 1.0000 Acc: 0.9607 F1: 0.9603
Epoch 222: Time: 0.2218 Cost: 3.9499 Pre: 0.9236 Re: 1.0000 Acc: 0.9607 F1: 0.9603
Epoch 223: Time: 0.2163 Cost: 3.9491 Pre: 0.9236 Re: 1.0000 Acc: 0.9607 F1: 0.9603
Epoch 224: Time: 0.2206 Cost: 3.9479 Pre: 0.9236 Re: 1.0000 Acc: 0.9607 F1: 0.9603
Epoch 225: Time: 0.2197 Cost: 3.9474 Pre: 0.9236 Re: 1.0000 Acc: 0.9607 F1: 0.9603
Epoch 226: Time: 0.2188 Cost: 3.9473 Pre: 0.9236 Re: 1.0000 Acc: 0.9607 F1: 0.9603
Epoch 227: Time: 0.2272 Cost: 3.9469 Pre: 0.9236 Re: 1.0000 Acc: 0.9607 F1: 0.9603
Epoch 228: Time: 0.2384 Cost: 3.9468 Pre: 0.9236 Re: 1.0000 Acc: 0.9607 F1: 0.9603
Epoch 229: Time: 0.2171 Cost: 3.9545 Pre: 0.9236 Re: 1.0000 Acc: 0.9607 F1: 0.9603
Epoch 230: Time: 0.2215 Cost: 4.0336 Pre: 0.9223 Re: 0.9993 Acc: 0.9597 F1: 0.9593


--------------------------------------------------------------------
Eval results: Cost:2.7684 Pre:0.9474 Re:0.9955 Acc:0.9725 F1:0.9709
--------------------------------------------------------------------

Epoch 231: Time: 0.2237 Cost: 3.9895 Pre: 0.9230 Re: 1.0000 Acc: 0.9604 F1: 0.9599
Epoch 232: Time: 0.2153 Cost: 3.9568 Pre: 0.9236 Re: 1.0000 Acc: 0.9607 F1: 0.9603
Epoch 233: Time: 0.2106 Cost: 3.9477 Pre: 0.9236 Re: 1.0000 Acc: 0.9607 F1: 0.9603
Epoch 234: Time: 0.2278 Cost: 3.9453 Pre: 0.9236 Re: 1.0000 Acc: 0.9607 F1: 0.9603
Epoch 235: Time: 0.2181 Cost: 3.9443 Pre: 0.9236 Re: 1.0000 Acc: 0.9607 F1: 0.9603
Epoch 236: Time: 0.2127 Cost: 3.9438 Pre: 0.9236 Re: 1.0000 Acc: 0.9607 F1: 0.9603
Epoch 237: Time: 0.2266 Cost: 3.9434 Pre: 0.9236 Re: 1.0000 Acc: 0.9607 F1: 0.9603
Epoch 238: Time: 0.2248 Cost: 3.9431 Pre: 0.9236 Re: 1.0000 Acc: 0.9607 F1: 0.9603
Epoch 239: Time: 0.2255 Cost: 3.9428 Pre: 0.9236 Re: 1.0000 Acc: 0.9607 F1: 0.9603
Epoch 240: Time: 0.2235 Cost: 3.9426 Pre: 0.9236 Re: 1.0000 Acc: 0.9607 F1: 0.9603


--------------------------------------------------------------------
Eval results: Cost:2.6386 Pre:0.9476 Re:0.9985 Acc:0.9739 F1:0.9724
--------------------------------------------------------------------

Epoch 241: Time: 0.2131 Cost: 3.9431 Pre: 0.9236 Re: 1.0000 Acc: 0.9607 F1: 0.9603
Epoch 242: Time: 0.2196 Cost: 3.9419 Pre: 0.9236 Re: 1.0000 Acc: 0.9607 F1: 0.9603
Epoch 243: Time: 0.2217 Cost: 3.9417 Pre: 0.9236 Re: 1.0000 Acc: 0.9607 F1: 0.9603
Epoch 244: Time: 0.2185 Cost: 3.9414 Pre: 0.9236 Re: 1.0000 Acc: 0.9607 F1: 0.9603
Epoch 245: Time: 0.2225 Cost: 3.9411 Pre: 0.9236 Re: 1.0000 Acc: 0.9607 F1: 0.9603
Epoch 246: Time: 0.2238 Cost: 3.9410 Pre: 0.9236 Re: 1.0000 Acc: 0.9607 F1: 0.9603
Epoch 247: Time: 0.2274 Cost: 3.9408 Pre: 0.9236 Re: 1.0000 Acc: 0.9607 F1: 0.9603
Epoch 248: Time: 0.2196 Cost: 3.9406 Pre: 0.9236 Re: 1.0000 Acc: 0.9607 F1: 0.9603
Epoch 249: Time: 0.2251 Cost: 3.9404 Pre: 0.9236 Re: 1.0000 Acc: 0.9607 F1: 0.9603
Epoch 250: Time: 0.2181 Cost: 3.9402 Pre: 0.9236 Re: 1.0000 Acc: 0.9607 F1: 0.9603


--------------------------------------------------------------------
Eval results: Cost:2.6630 Pre:0.9475 Re:0.9970 Acc:0.9732 F1:0.9716
--------------------------------------------------------------------

Epoch 251: Time: 0.2213 Cost: 3.9407 Pre: 0.9236 Re: 1.0000 Acc: 0.9607 F1: 0.9603
Epoch 252: Time: 0.2204 Cost: 3.9401 Pre: 0.9236 Re: 1.0000 Acc: 0.9607 F1: 0.9603
Epoch 253: Time: 0.2267 Cost: 3.9398 Pre: 0.9236 Re: 1.0000 Acc: 0.9607 F1: 0.9603
Epoch 254: Time: 0.2177 Cost: 3.9398 Pre: 0.9236 Re: 1.0000 Acc: 0.9607 F1: 0.9603
Epoch 255: Time: 0.2247 Cost: 3.9397 Pre: 0.9236 Re: 1.0000 Acc: 0.9607 F1: 0.9603
Epoch 256: Time: 0.2201 Cost: 3.9396 Pre: 0.9236 Re: 1.0000 Acc: 0.9607 F1: 0.9603
Epoch 257: Time: 0.2224 Cost: 3.9394 Pre: 0.9236 Re: 1.0000 Acc: 0.9607 F1: 0.9603
Epoch 258: Time: 0.2286 Cost: 3.9393 Pre: 0.9236 Re: 1.0000 Acc: 0.9607 F1: 0.9603
Epoch 259: Time: 0.2242 Cost: 3.9392 Pre: 0.9236 Re: 1.0000 Acc: 0.9607 F1: 0.9603
Epoch 260: Time: 0.2272 Cost: 3.9390 Pre: 0.9236 Re: 1.0000 Acc: 0.9607 F1: 0.9603


--------------------------------------------------------------------
Eval results: Cost:2.6938 Pre:0.9475 Re:0.9970 Acc:0.9732 F1:0.9716
--------------------------------------------------------------------

Epoch 261: Time: 0.2220 Cost: 3.9395 Pre: 0.9236 Re: 1.0000 Acc: 0.9607 F1: 0.9603
Epoch 262: Time: 0.2186 Cost: 3.9390 Pre: 0.9236 Re: 1.0000 Acc: 0.9607 F1: 0.9603
Epoch 263: Time: 0.2218 Cost: 3.9387 Pre: 0.9236 Re: 1.0000 Acc: 0.9607 F1: 0.9603
Epoch 264: Time: 0.2178 Cost: 3.9386 Pre: 0.9236 Re: 1.0000 Acc: 0.9607 F1: 0.9603
Epoch 265: Time: 0.2245 Cost: 3.9385 Pre: 0.9236 Re: 1.0000 Acc: 0.9607 F1: 0.9603
Epoch 266: Time: 0.2250 Cost: 3.9384 Pre: 0.9236 Re: 1.0000 Acc: 0.9607 F1: 0.9603
Epoch 267: Time: 0.2235 Cost: 3.9383 Pre: 0.9236 Re: 1.0000 Acc: 0.9607 F1: 0.9603
Epoch 268: Time: 0.2291 Cost: 3.9382 Pre: 0.9236 Re: 1.0000 Acc: 0.9607 F1: 0.9603
Epoch 269: Time: 0.2225 Cost: 3.9381 Pre: 0.9236 Re: 1.0000 Acc: 0.9607 F1: 0.9603
Epoch 270: Time: 0.2416 Cost: 3.9380 Pre: 0.9236 Re: 1.0000 Acc: 0.9607 F1: 0.9603


--------------------------------------------------------------------
Eval results: Cost:2.6958 Pre:0.9475 Re:0.9970 Acc:0.9732 F1:0.9716
--------------------------------------------------------------------

Epoch 271: Time: 0.2239 Cost: 3.9389 Pre: 0.9236 Re: 1.0000 Acc: 0.9607 F1: 0.9603
Epoch 272: Time: 0.2253 Cost: 3.9384 Pre: 0.9236 Re: 1.0000 Acc: 0.9607 F1: 0.9603
Epoch 273: Time: 0.2175 Cost: 3.9378 Pre: 0.9236 Re: 1.0000 Acc: 0.9607 F1: 0.9603
Epoch 274: Time: 0.2155 Cost: 3.9378 Pre: 0.9236 Re: 1.0000 Acc: 0.9607 F1: 0.9603
Epoch 275: Time: 0.2361 Cost: 3.9377 Pre: 0.9236 Re: 1.0000 Acc: 0.9607 F1: 0.9603
Epoch 276: Time: 0.2304 Cost: 3.9376 Pre: 0.9236 Re: 1.0000 Acc: 0.9607 F1: 0.9603
Epoch 277: Time: 0.2174 Cost: 3.9375 Pre: 0.9236 Re: 1.0000 Acc: 0.9607 F1: 0.9603
Epoch 278: Time: 0.2139 Cost: 3.9374 Pre: 0.9236 Re: 1.0000 Acc: 0.9607 F1: 0.9603
Epoch 279: Time: 0.2247 Cost: 3.9374 Pre: 0.9236 Re: 1.0000 Acc: 0.9607 F1: 0.9603
Epoch 280: Time: 0.2181 Cost: 3.9373 Pre: 0.9236 Re: 1.0000 Acc: 0.9607 F1: 0.9603


--------------------------------------------------------------------
Eval results: Cost:2.7060 Pre:0.9475 Re:0.9970 Acc:0.9732 F1:0.9716
--------------------------------------------------------------------

Epoch 281: Time: 0.2190 Cost: 3.9381 Pre: 0.9236 Re: 1.0000 Acc: 0.9607 F1: 0.9603
Epoch 282: Time: 0.2254 Cost: 3.9373 Pre: 0.9236 Re: 1.0000 Acc: 0.9607 F1: 0.9603
Epoch 283: Time: 0.2197 Cost: 3.9373 Pre: 0.9236 Re: 1.0000 Acc: 0.9607 F1: 0.9603
Epoch 284: Time: 0.2304 Cost: 3.9371 Pre: 0.9236 Re: 1.0000 Acc: 0.9607 F1: 0.9603
Epoch 285: Time: 0.2121 Cost: 3.9371 Pre: 0.9236 Re: 1.0000 Acc: 0.9607 F1: 0.9603
Epoch 286: Time: 0.2247 Cost: 3.9370 Pre: 0.9236 Re: 1.0000 Acc: 0.9607 F1: 0.9603
Epoch 287: Time: 0.2271 Cost: 3.9369 Pre: 0.9236 Re: 1.0000 Acc: 0.9607 F1: 0.9603
Epoch 288: Time: 0.2245 Cost: 3.9369 Pre: 0.9236 Re: 1.0000 Acc: 0.9607 F1: 0.9603
Epoch 289: Time: 0.2189 Cost: 3.9368 Pre: 0.9236 Re: 1.0000 Acc: 0.9607 F1: 0.9603
Epoch 290: Time: 0.2260 Cost: 3.9368 Pre: 0.9236 Re: 1.0000 Acc: 0.9607 F1: 0.9603


--------------------------------------------------------------------
Eval results: Cost:2.7133 Pre:0.9462 Re:0.9970 Acc:0.9725 F1:0.9709
--------------------------------------------------------------------

Epoch 291: Time: 0.2222 Cost: 3.9372 Pre: 0.9236 Re: 1.0000 Acc: 0.9607 F1: 0.9603
Epoch 292: Time: 0.2422 Cost: 3.9369 Pre: 0.9236 Re: 1.0000 Acc: 0.9607 F1: 0.9603
Epoch 293: Time: 0.2216 Cost: 3.9368 Pre: 0.9236 Re: 1.0000 Acc: 0.9607 F1: 0.9603
Epoch 294: Time: 0.2203 Cost: 3.9367 Pre: 0.9236 Re: 1.0000 Acc: 0.9607 F1: 0.9603
Epoch 295: Time: 0.2260 Cost: 3.9367 Pre: 0.9236 Re: 1.0000 Acc: 0.9607 F1: 0.9603
Epoch 296: Time: 0.2218 Cost: 3.9366 Pre: 0.9236 Re: 1.0000 Acc: 0.9607 F1: 0.9603
Epoch 297: Time: 0.2230 Cost: 3.9365 Pre: 0.9236 Re: 1.0000 Acc: 0.9607 F1: 0.9603
Epoch 298: Time: 0.2143 Cost: 3.9365 Pre: 0.9236 Re: 1.0000 Acc: 0.9607 F1: 0.9603
Epoch 299: Time: 0.3225 Cost: 3.9364 Pre: 0.9236 Re: 1.0000 Acc: 0.9607 F1: 0.9603
Epoch 300: Time: 0.3077 Cost: 3.9364 Pre: 0.9236 Re: 1.0000 Acc: 0.9607 F1: 0.9603


--------------------------------------------------------------------
Eval results: Cost:2.7171 Pre:0.9462 Re:0.9970 Acc:0.9725 F1:0.9709
--------------------------------------------------------------------

Epoch 301: Time: 0.3096 Cost: 3.9368 Pre: 0.9236 Re: 1.0000 Acc: 0.9607 F1: 0.9603
Epoch 302: Time: 0.2967 Cost: 3.9366 Pre: 0.9236 Re: 1.0000 Acc: 0.9607 F1: 0.9603
Epoch 303: Time: 0.2889 Cost: 3.9364 Pre: 0.9236 Re: 1.0000 Acc: 0.9607 F1: 0.9603
Epoch 304: Time: 0.2855 Cost: 3.9364 Pre: 0.9236 Re: 1.0000 Acc: 0.9607 F1: 0.9603
Epoch 305: Time: 0.2865 Cost: 3.9363 Pre: 0.9236 Re: 1.0000 Acc: 0.9607 F1: 0.9603
Epoch 306: Time: 0.2882 Cost: 3.9363 Pre: 0.9236 Re: 1.0000 Acc: 0.9607 F1: 0.9603
Epoch 307: Time: 0.2866 Cost: 3.9362 Pre: 0.9236 Re: 1.0000 Acc: 0.9607 F1: 0.9603
Epoch 308: Time: 0.3007 Cost: 3.9362 Pre: 0.9236 Re: 1.0000 Acc: 0.9607 F1: 0.9603
Epoch 309: Time: 0.2888 Cost: 3.9361 Pre: 0.9236 Re: 1.0000 Acc: 0.9607 F1: 0.9603
Epoch 310: Time: 0.2888 Cost: 3.9361 Pre: 0.9236 Re: 1.0000 Acc: 0.9607 F1: 0.9603


--------------------------------------------------------------------
Eval results: Cost:2.7238 Pre:0.9462 Re:0.9970 Acc:0.9725 F1:0.9709
--------------------------------------------------------------------

Epoch 311: Time: 0.2895 Cost: 3.9365 Pre: 0.9236 Re: 1.0000 Acc: 0.9607 F1: 0.9603
Epoch 312: Time: 0.2943 Cost: 3.9363 Pre: 0.9236 Re: 1.0000 Acc: 0.9607 F1: 0.9603
Epoch 313: Time: 0.2280 Cost: 3.9361 Pre: 0.9236 Re: 1.0000 Acc: 0.9607 F1: 0.9603
Epoch 314: Time: 0.2177 Cost: 3.9361 Pre: 0.9236 Re: 1.0000 Acc: 0.9607 F1: 0.9603
Epoch 315: Time: 0.2223 Cost: 3.9360 Pre: 0.9236 Re: 1.0000 Acc: 0.9607 F1: 0.9603
Epoch 316: Time: 0.2270 Cost: 3.9360 Pre: 0.9236 Re: 1.0000 Acc: 0.9607 F1: 0.9603
Epoch 317: Time: 0.2207 Cost: 3.9359 Pre: 0.9236 Re: 1.0000 Acc: 0.9607 F1: 0.9603
Epoch 318: Time: 0.2191 Cost: 3.9359 Pre: 0.9236 Re: 1.0000 Acc: 0.9607 F1: 0.9603
Epoch 319: Time: 0.2201 Cost: 3.9359 Pre: 0.9236 Re: 1.0000 Acc: 0.9607 F1: 0.9603
Epoch 320: Time: 0.2154 Cost: 3.9358 Pre: 0.9236 Re: 1.0000 Acc: 0.9607 F1: 0.9603


--------------------------------------------------------------------
Eval results: Cost:2.7296 Pre:0.9462 Re:0.9970 Acc:0.9725 F1:0.9709
--------------------------------------------------------------------

Early stopping...
--------------------------------------------------------------------
--------------------------------------------------------------------
Test 4332 samples take time: 0.9586
FN id:
[2414 2865 3125 3351 4223]
FP id:
[  65  127  164  167  176  185  193  263  265  268  269  275  323  352  353
  394  408  411  447  465  483  503  533  540  578  580  609  631  696  731
  736  752  769  773  804  847  889  907  933  945 1023 1033 1053 1130 1142
 1193 1203 1236 1374 1404 1550 1566 1576 1610 1620 1624 1638 1644 1657 1740
 1750 1804 1819 1832 1837 1889 1943 1947 1954 1974 2069 2089 2164 2193 2278
 2330 2352 2354 2359 2381 2405 2484 2531 2544 2582 2631 2681 2703 2740 2782
 2819 2841 2932 2981 3066 3076 3147 3149 3183 3205 3252 3344 3369 3414 3421
 3453 3465 3613 3652 3709 3840 3885 3912 3952 3974 4008 4070 4131 4231 4290]
Test results: Cost:2.8578 Pre:0.9428 Re:0.9975 Acc:0.9711 F1:0.9694
--------------------------------------------------------------------

