16768
16562
16206
16632
16380
16425
Load data
RNN type: SRN Grammar: g3 Seed: 4
Model total parameters: 130
Saving hinit ... 

Epoch 0: Time: 0.1558 Cost: 25.6148 Pre: 0.5239 Re: 0.3856 Acc: 0.5417 F1: 0.4443


--------------------------------------------------------------------
Eval results: Cost:24.7272 Pre:0.5173 Re:0.4463 Acc:0.5530 F1:0.4792
--------------------------------------------------------------------

Epoch 1: Time: 0.0950 Cost: 24.5493 Pre: 0.5286 Re: 0.4719 Acc: 0.5492 F1: 0.4987
Epoch 2: Time: 0.0817 Cost: 24.1778 Pre: 0.5365 Re: 0.5072 Acc: 0.5578 F1: 0.5214
Epoch 3: Time: 0.0813 Cost: 24.0216 Pre: 0.5405 Re: 0.5187 Acc: 0.5619 F1: 0.5294
Epoch 4: Time: 0.0802 Cost: 23.9197 Pre: 0.5411 Re: 0.5115 Acc: 0.5619 F1: 0.5259
Epoch 5: Time: 0.0794 Cost: 23.8325 Pre: 0.5502 Re: 0.5086 Acc: 0.5690 F1: 0.5286
Epoch 6: Time: 0.0900 Cost: 23.7479 Pre: 0.5534 Re: 0.4993 Acc: 0.5707 F1: 0.5250
Epoch 7: Time: 0.0860 Cost: 23.6643 Pre: 0.5563 Re: 0.4942 Acc: 0.5725 F1: 0.5234
Epoch 8: Time: 0.0810 Cost: 23.5835 Pre: 0.5621 Re: 0.4914 Acc: 0.5766 F1: 0.5244
Epoch 9: Time: 0.0799 Cost: 23.5070 Pre: 0.5641 Re: 0.4878 Acc: 0.5776 F1: 0.5231
Epoch 10: Time: 0.0787 Cost: 23.4336 Pre: 0.5666 Re: 0.4863 Acc: 0.5793 F1: 0.5234


--------------------------------------------------------------------
Eval results: Cost:23.2546 Pre:0.5641 Re:0.4597 Acc:0.5873 F1:0.5066
--------------------------------------------------------------------

Epoch 11: Time: 0.0879 Cost: 23.3549 Pre: 0.5712 Re: 0.4820 Acc: 0.5820 F1: 0.5228
Epoch 12: Time: 0.0845 Cost: 23.2861 Pre: 0.5744 Re: 0.4971 Acc: 0.5861 F1: 0.5330
Epoch 13: Time: 0.0807 Cost: 23.2040 Pre: 0.5802 Re: 0.5022 Acc: 0.5909 F1: 0.5384
Epoch 14: Time: 0.0813 Cost: 23.1124 Pre: 0.5815 Re: 0.5058 Acc: 0.5923 F1: 0.5410
Epoch 15: Time: 0.0806 Cost: 23.0092 Pre: 0.5866 Re: 0.5115 Acc: 0.5967 F1: 0.5465
Epoch 16: Time: 0.0848 Cost: 22.8939 Pre: 0.5801 Re: 0.5079 Acc: 0.5916 F1: 0.5416
Epoch 17: Time: 0.0912 Cost: 22.7710 Pre: 0.5867 Re: 0.5137 Acc: 0.5971 F1: 0.5478
Epoch 18: Time: 0.0812 Cost: 22.6505 Pre: 0.5863 Re: 0.5108 Acc: 0.5964 F1: 0.5459
Epoch 19: Time: 0.0802 Cost: 22.5352 Pre: 0.5902 Re: 0.5180 Acc: 0.6001 F1: 0.5517
Epoch 20: Time: 0.0791 Cost: 22.4200 Pre: 0.5937 Re: 0.5266 Acc: 0.6039 F1: 0.5581


--------------------------------------------------------------------
Eval results: Cost:22.0720 Pre:0.5927 Re:0.4627 Acc:0.6059 F1:0.5197
--------------------------------------------------------------------

Epoch 21: Time: 0.0920 Cost: 22.2933 Pre: 0.6023 Re: 0.5338 Acc: 0.6111 F1: 0.5660
Epoch 22: Time: 0.0845 Cost: 22.1843 Pre: 0.6065 Re: 0.5410 Acc: 0.6152 F1: 0.5719
Epoch 23: Time: 0.0798 Cost: 22.0736 Pre: 0.6143 Re: 0.5432 Acc: 0.6210 F1: 0.5766
Epoch 24: Time: 0.0797 Cost: 21.9556 Pre: 0.6201 Re: 0.5424 Acc: 0.6247 F1: 0.5787
Epoch 25: Time: 0.0792 Cost: 21.8403 Pre: 0.6256 Re: 0.5446 Acc: 0.6288 F1: 0.5823
Epoch 26: Time: 0.0979 Cost: 21.7295 Pre: 0.6305 Re: 0.5475 Acc: 0.6326 F1: 0.5861
Epoch 27: Time: 0.0812 Cost: 21.6227 Pre: 0.6365 Re: 0.5518 Acc: 0.6374 F1: 0.5911
Epoch 28: Time: 0.0803 Cost: 21.5189 Pre: 0.6405 Re: 0.5576 Acc: 0.6411 F1: 0.5962
Epoch 29: Time: 0.0794 Cost: 21.4166 Pre: 0.6426 Re: 0.5626 Acc: 0.6435 F1: 0.5999
Epoch 30: Time: 0.0789 Cost: 21.3137 Pre: 0.6482 Re: 0.5727 Acc: 0.6494 F1: 0.6081


--------------------------------------------------------------------
Eval results: Cost:20.8088 Pre:0.6814 Re:0.4821 Acc:0.6575 F1:0.5647
--------------------------------------------------------------------

Epoch 31: Time: 0.0906 Cost: 21.2000 Pre: 0.6510 Re: 0.5770 Acc: 0.6521 F1: 0.6117
Epoch 32: Time: 0.0812 Cost: 21.0998 Pre: 0.6553 Re: 0.5827 Acc: 0.6562 F1: 0.6169
Epoch 33: Time: 0.0806 Cost: 20.9990 Pre: 0.6605 Re: 0.5892 Acc: 0.6610 F1: 0.6228
Epoch 34: Time: 0.0793 Cost: 20.8800 Pre: 0.6675 Re: 0.5950 Acc: 0.6668 F1: 0.6291
Epoch 35: Time: 0.0790 Cost: 20.7517 Pre: 0.6707 Re: 0.6050 Acc: 0.6712 F1: 0.6362
Epoch 36: Time: 0.0977 Cost: 20.6145 Pre: 0.6712 Re: 0.6050 Acc: 0.6716 F1: 0.6364
Epoch 37: Time: 0.0832 Cost: 20.4682 Pre: 0.6765 Re: 0.6108 Acc: 0.6763 F1: 0.6420
Epoch 38: Time: 0.0815 Cost: 20.3133 Pre: 0.6777 Re: 0.6187 Acc: 0.6791 F1: 0.6469
Epoch 39: Time: 0.0793 Cost: 20.1514 Pre: 0.6859 Re: 0.6237 Acc: 0.6856 F1: 0.6534
Epoch 40: Time: 0.0794 Cost: 19.9853 Pre: 0.6903 Re: 0.6367 Acc: 0.6917 F1: 0.6624


--------------------------------------------------------------------
Eval results: Cost:19.0940 Pre:0.7259 Re:0.5731 Acc:0.7036 F1:0.6405
--------------------------------------------------------------------

Epoch 41: Time: 0.0898 Cost: 19.8201 Pre: 0.6938 Re: 0.6489 Acc: 0.6972 F1: 0.6706
Epoch 42: Time: 0.0810 Cost: 19.6557 Pre: 0.6999 Re: 0.6561 Acc: 0.7030 F1: 0.6773
Epoch 43: Time: 0.0802 Cost: 19.5030 Pre: 0.7038 Re: 0.6597 Acc: 0.7064 F1: 0.6810
Epoch 44: Time: 0.0789 Cost: 19.3480 Pre: 0.7068 Re: 0.6676 Acc: 0.7105 F1: 0.6866
Epoch 45: Time: 0.0787 Cost: 19.1905 Pre: 0.7111 Re: 0.6712 Acc: 0.7143 F1: 0.6906
Epoch 46: Time: 0.0949 Cost: 19.0298 Pre: 0.7133 Re: 0.6784 Acc: 0.7177 F1: 0.6954
Epoch 47: Time: 0.0813 Cost: 18.8654 Pre: 0.7157 Re: 0.6863 Acc: 0.7215 F1: 0.7007
Epoch 48: Time: 0.0826 Cost: 18.6970 Pre: 0.7167 Re: 0.6935 Acc: 0.7242 F1: 0.7049
Epoch 49: Time: 0.0807 Cost: 18.5252 Pre: 0.7184 Re: 0.7029 Acc: 0.7280 F1: 0.7105
Epoch 50: Time: 0.0784 Cost: 18.3515 Pre: 0.7177 Re: 0.7115 Acc: 0.7300 F1: 0.7146


--------------------------------------------------------------------
Eval results: Cost:17.1307 Pre:0.7457 Re:0.7179 Acc:0.7572 F1:0.7316
--------------------------------------------------------------------

Epoch 51: Time: 0.0875 Cost: 18.2255 Pre: 0.7153 Re: 0.7158 Acc: 0.7297 F1: 0.7156
Epoch 52: Time: 0.0818 Cost: 18.0532 Pre: 0.7221 Re: 0.7216 Acc: 0.7358 F1: 0.7218
Epoch 53: Time: 0.0792 Cost: 17.8959 Pre: 0.7284 Re: 0.7295 Acc: 0.7423 F1: 0.7290
Epoch 54: Time: 0.0792 Cost: 17.7260 Pre: 0.7304 Re: 0.7388 Acc: 0.7464 F1: 0.7346
Epoch 55: Time: 0.0784 Cost: 17.5533 Pre: 0.7327 Re: 0.7475 Acc: 0.7505 F1: 0.7400
Epoch 56: Time: 0.0904 Cost: 17.3818 Pre: 0.7354 Re: 0.7540 Acc: 0.7543 F1: 0.7446
Epoch 57: Time: 0.0811 Cost: 17.2115 Pre: 0.7370 Re: 0.7619 Acc: 0.7577 F1: 0.7492
Epoch 58: Time: 0.0807 Cost: 17.0433 Pre: 0.7395 Re: 0.7698 Acc: 0.7618 F1: 0.7543
Epoch 59: Time: 0.0805 Cost: 16.8781 Pre: 0.7390 Re: 0.7763 Acc: 0.7635 F1: 0.7572
Epoch 60: Time: 0.0805 Cost: 16.7147 Pre: 0.7411 Re: 0.7827 Acc: 0.7669 F1: 0.7614


--------------------------------------------------------------------
Eval results: Cost:15.3518 Pre:0.7497 Re:0.8134 Acc:0.7889 F1:0.7802
--------------------------------------------------------------------

Epoch 61: Time: 0.0870 Cost: 16.5599 Pre: 0.7409 Re: 0.7878 Acc: 0.7683 F1: 0.7636
Epoch 62: Time: 0.0802 Cost: 16.4125 Pre: 0.7398 Re: 0.7935 Acc: 0.7693 F1: 0.7657
Epoch 63: Time: 0.0806 Cost: 16.2397 Pre: 0.7438 Re: 0.8022 Acc: 0.7748 F1: 0.7719
Epoch 64: Time: 0.0873 Cost: 16.0601 Pre: 0.7460 Re: 0.8029 Acc: 0.7765 F1: 0.7734
Epoch 65: Time: 0.0816 Cost: 15.8643 Pre: 0.7488 Re: 0.8065 Acc: 0.7796 F1: 0.7766
Epoch 66: Time: 0.0950 Cost: 15.6536 Pre: 0.7495 Re: 0.8094 Acc: 0.7809 F1: 0.7783
Epoch 67: Time: 0.0806 Cost: 15.4266 Pre: 0.7542 Re: 0.8165 Acc: 0.7864 F1: 0.7841
Epoch 68: Time: 0.0808 Cost: 15.1817 Pre: 0.7580 Re: 0.8223 Acc: 0.7908 F1: 0.7888
Epoch 69: Time: 0.0798 Cost: 14.9176 Pre: 0.7583 Re: 0.8194 Acc: 0.7902 F1: 0.7877
Epoch 70: Time: 0.0796 Cost: 14.6347 Pre: 0.7605 Re: 0.8223 Acc: 0.7925 F1: 0.7902


--------------------------------------------------------------------
Eval results: Cost:13.4266 Pre:0.7795 Re:0.8179 Acc:0.8095 F1:0.7983
--------------------------------------------------------------------

Epoch 71: Time: 0.0875 Cost: 14.3454 Pre: 0.7628 Re: 0.8281 Acc: 0.7960 F1: 0.7941
Epoch 72: Time: 0.0794 Cost: 14.1038 Pre: 0.7632 Re: 0.8324 Acc: 0.7977 F1: 0.7963
Epoch 73: Time: 0.0808 Cost: 13.8380 Pre: 0.7680 Re: 0.8360 Acc: 0.8021 F1: 0.8006
Epoch 74: Time: 0.0797 Cost: 13.5577 Pre: 0.7738 Re: 0.8417 Acc: 0.8079 F1: 0.8063
Epoch 75: Time: 0.0820 Cost: 13.2668 Pre: 0.7818 Re: 0.8482 Acc: 0.8154 F1: 0.8137
Epoch 76: Time: 0.0909 Cost: 12.9661 Pre: 0.7890 Re: 0.8554 Acc: 0.8226 F1: 0.8208
Epoch 77: Time: 0.0819 Cost: 12.6519 Pre: 0.7960 Re: 0.8619 Acc: 0.8295 F1: 0.8276
Epoch 78: Time: 0.0916 Cost: 12.3191 Pre: 0.8016 Re: 0.8719 Acc: 0.8366 F1: 0.8353
Epoch 79: Time: 0.0797 Cost: 11.9663 Pre: 0.8075 Re: 0.8813 Acc: 0.8438 F1: 0.8428
Epoch 80: Time: 0.0789 Cost: 11.6093 Pre: 0.8107 Re: 0.8964 Acc: 0.8513 F1: 0.8514


--------------------------------------------------------------------
Eval results: Cost:10.4013 Pre:0.8417 Re:0.8731 Acc:0.8659 F1:0.8571
--------------------------------------------------------------------

Epoch 81: Time: 0.0923 Cost: 11.2647 Pre: 0.8150 Re: 0.9094 Acc: 0.8589 F1: 0.8596
Epoch 82: Time: 0.0811 Cost: 11.0169 Pre: 0.8212 Re: 0.9187 Acc: 0.8664 F1: 0.8672
Epoch 83: Time: 0.0794 Cost: 10.7594 Pre: 0.8240 Re: 0.9331 Acc: 0.8735 F1: 0.8752
Epoch 84: Time: 0.0787 Cost: 10.5131 Pre: 0.8263 Re: 0.9482 Acc: 0.8807 F1: 0.8831
Epoch 85: Time: 0.0854 Cost: 10.2773 Pre: 0.8312 Re: 0.9597 Acc: 0.8882 F1: 0.8908
Epoch 86: Time: 0.0903 Cost: 10.0542 Pre: 0.8327 Re: 0.9633 Acc: 0.8906 F1: 0.8933
Epoch 87: Time: 0.0805 Cost: 9.8435 Pre: 0.8374 Re: 0.9705 Acc: 0.8964 F1: 0.8990
Epoch 88: Time: 0.0814 Cost: 9.6448 Pre: 0.8389 Re: 0.9741 Acc: 0.8988 F1: 0.9015
Epoch 89: Time: 0.0792 Cost: 9.4585 Pre: 0.8398 Re: 0.9806 Acc: 0.9019 F1: 0.9047
Epoch 90: Time: 0.0798 Cost: 9.2851 Pre: 0.8424 Re: 0.9842 Acc: 0.9050 F1: 0.9078


--------------------------------------------------------------------
Eval results: Cost:7.7845 Pre:0.8612 Re:0.9910 Acc:0.9223 F1:0.9216
--------------------------------------------------------------------

Epoch 91: Time: 0.0854 Cost: 9.1154 Pre: 0.8433 Re: 0.9871 Acc: 0.9067 F1: 0.9095
Epoch 92: Time: 0.0825 Cost: 8.9765 Pre: 0.8477 Re: 0.9892 Acc: 0.9105 F1: 0.9130
Epoch 93: Time: 0.0811 Cost: 8.8639 Pre: 0.8488 Re: 0.9892 Acc: 0.9111 F1: 0.9136
Epoch 94: Time: 0.0842 Cost: 8.7407 Pre: 0.8505 Re: 0.9906 Acc: 0.9129 F1: 0.9153
Epoch 95: Time: 0.0984 Cost: 8.6268 Pre: 0.8512 Re: 0.9921 Acc: 0.9139 F1: 0.9163
Epoch 96: Time: 0.0883 Cost: 8.5217 Pre: 0.8525 Re: 0.9935 Acc: 0.9152 F1: 0.9176
Epoch 97: Time: 0.0798 Cost: 8.4235 Pre: 0.8568 Re: 0.9942 Acc: 0.9183 F1: 0.9204
Epoch 98: Time: 0.0808 Cost: 8.3323 Pre: 0.8584 Re: 0.9942 Acc: 0.9193 F1: 0.9213
Epoch 99: Time: 0.0791 Cost: 8.2471 Pre: 0.8590 Re: 0.9950 Acc: 0.9200 F1: 0.9220
Epoch 100: Time: 0.0815 Cost: 8.1671 Pre: 0.8618 Re: 0.9957 Acc: 0.9221 F1: 0.9239


--------------------------------------------------------------------
Eval results: Cost:6.8644 Pre:0.8590 Re:1.0000 Acc:0.9243 F1:0.9241
--------------------------------------------------------------------

Epoch 101: Time: 0.0807 Cost: 8.0792 Pre: 0.8636 Re: 0.9978 Acc: 0.9241 F1: 0.9259
Epoch 102: Time: 0.0808 Cost: 8.0152 Pre: 0.8632 Re: 0.9986 Acc: 0.9241 F1: 0.9260
Epoch 103: Time: 0.0815 Cost: 7.9560 Pre: 0.8664 Re: 0.9986 Acc: 0.9262 F1: 0.9278
Epoch 104: Time: 0.0807 Cost: 7.8914 Pre: 0.8670 Re: 0.9993 Acc: 0.9269 F1: 0.9285
Epoch 105: Time: 0.0902 Cost: 7.8309 Pre: 0.8687 Re: 0.9993 Acc: 0.9279 F1: 0.9294
Epoch 106: Time: 0.0851 Cost: 7.7723 Pre: 0.8698 Re: 0.9993 Acc: 0.9286 F1: 0.9300
Epoch 107: Time: 0.0800 Cost: 7.7163 Pre: 0.8730 Re: 0.9993 Acc: 0.9306 F1: 0.9319
Epoch 108: Time: 0.0793 Cost: 7.6626 Pre: 0.8741 Re: 0.9993 Acc: 0.9313 F1: 0.9325
Epoch 109: Time: 0.0789 Cost: 7.6110 Pre: 0.8752 Re: 0.9993 Acc: 0.9320 F1: 0.9332
Epoch 110: Time: 0.0796 Cost: 7.5613 Pre: 0.8774 Re: 0.9993 Acc: 0.9334 F1: 0.9344


--------------------------------------------------------------------
Eval results: Cost:6.3333 Pre:0.8679 Re:1.0000 Acc:0.9298 F1:0.9293
--------------------------------------------------------------------

Epoch 111: Time: 0.0807 Cost: 7.5025 Pre: 0.8791 Re: 0.9993 Acc: 0.9344 F1: 0.9354
Epoch 112: Time: 0.0802 Cost: 7.4655 Pre: 0.8802 Re: 0.9993 Acc: 0.9351 F1: 0.9360
Epoch 113: Time: 0.0802 Cost: 7.4243 Pre: 0.8808 Re: 0.9993 Acc: 0.9354 F1: 0.9363
Epoch 114: Time: 0.0814 Cost: 7.3817 Pre: 0.8813 Re: 0.9993 Acc: 0.9357 F1: 0.9366
Epoch 115: Time: 0.0888 Cost: 7.3392 Pre: 0.8825 Re: 0.9993 Acc: 0.9364 F1: 0.9372
Epoch 116: Time: 0.0869 Cost: 7.2978 Pre: 0.8836 Re: 0.9993 Acc: 0.9371 F1: 0.9379
Epoch 117: Time: 0.0809 Cost: 7.2573 Pre: 0.8859 Re: 1.0000 Acc: 0.9388 F1: 0.9395
Epoch 118: Time: 0.0803 Cost: 7.2175 Pre: 0.8870 Re: 1.0000 Acc: 0.9395 F1: 0.9401
Epoch 119: Time: 0.0796 Cost: 7.1784 Pre: 0.8887 Re: 1.0000 Acc: 0.9405 F1: 0.9411
Epoch 120: Time: 0.0798 Cost: 7.1398 Pre: 0.8893 Re: 1.0000 Acc: 0.9409 F1: 0.9414


--------------------------------------------------------------------
Eval results: Cost:5.8999 Pre:0.8804 Re:1.0000 Acc:0.9374 F1:0.9364
--------------------------------------------------------------------

Epoch 121: Time: 0.0804 Cost: 7.0927 Pre: 0.8910 Re: 1.0000 Acc: 0.9419 F1: 0.9424
Epoch 122: Time: 0.0804 Cost: 7.0623 Pre: 0.8922 Re: 1.0000 Acc: 0.9426 F1: 0.9430
Epoch 123: Time: 0.0798 Cost: 7.0283 Pre: 0.8939 Re: 1.0000 Acc: 0.9436 F1: 0.9440
Epoch 124: Time: 0.0785 Cost: 6.9912 Pre: 0.8945 Re: 1.0000 Acc: 0.9440 F1: 0.9443
Epoch 125: Time: 0.0882 Cost: 6.9543 Pre: 0.8956 Re: 1.0000 Acc: 0.9446 F1: 0.9449
Epoch 126: Time: 0.0900 Cost: 6.9173 Pre: 0.8974 Re: 1.0000 Acc: 0.9457 F1: 0.9459
Epoch 127: Time: 0.0817 Cost: 6.8805 Pre: 0.8979 Re: 1.0000 Acc: 0.9460 F1: 0.9462
Epoch 128: Time: 0.0819 Cost: 6.8436 Pre: 0.8991 Re: 1.0000 Acc: 0.9467 F1: 0.9469
Epoch 129: Time: 0.0787 Cost: 6.8069 Pre: 0.9003 Re: 1.0000 Acc: 0.9474 F1: 0.9475
Epoch 130: Time: 0.0788 Cost: 6.7702 Pre: 0.9003 Re: 1.0000 Acc: 0.9474 F1: 0.9475


--------------------------------------------------------------------
Eval results: Cost:5.4220 Pre:0.8945 Re:1.0000 Acc:0.9457 F1:0.9443
--------------------------------------------------------------------

Epoch 131: Time: 0.0807 Cost: 6.7154 Pre: 0.9003 Re: 1.0000 Acc: 0.9474 F1: 0.9475
Epoch 132: Time: 0.0798 Cost: 6.6946 Pre: 0.9014 Re: 1.0000 Acc: 0.9481 F1: 0.9482
Epoch 133: Time: 0.0805 Cost: 6.6658 Pre: 0.9032 Re: 1.0000 Acc: 0.9491 F1: 0.9491
Epoch 134: Time: 0.0787 Cost: 6.6280 Pre: 0.9032 Re: 1.0000 Acc: 0.9491 F1: 0.9491
Epoch 135: Time: 0.0853 Cost: 6.5930 Pre: 0.9038 Re: 1.0000 Acc: 0.9494 F1: 0.9495
Epoch 136: Time: 0.0888 Cost: 6.5568 Pre: 0.9044 Re: 1.0000 Acc: 0.9498 F1: 0.9498
Epoch 137: Time: 0.0824 Cost: 6.5209 Pre: 0.9049 Re: 1.0000 Acc: 0.9501 F1: 0.9501
Epoch 138: Time: 0.0805 Cost: 6.4852 Pre: 0.9055 Re: 1.0000 Acc: 0.9504 F1: 0.9504
Epoch 139: Time: 0.0790 Cost: 6.4496 Pre: 0.9055 Re: 1.0000 Acc: 0.9504 F1: 0.9504
Epoch 140: Time: 0.0789 Cost: 6.4143 Pre: 0.9055 Re: 1.0000 Acc: 0.9504 F1: 0.9504


--------------------------------------------------------------------
Eval results: Cost:4.9556 Pre:0.9152 Re:0.9985 Acc:0.9567 F1:0.9550
--------------------------------------------------------------------

Epoch 141: Time: 0.0818 Cost: 6.3637 Pre: 0.9061 Re: 1.0000 Acc: 0.9508 F1: 0.9508
Epoch 142: Time: 0.0879 Cost: 6.3383 Pre: 0.9061 Re: 1.0000 Acc: 0.9508 F1: 0.9508
Epoch 143: Time: 0.0903 Cost: 6.3131 Pre: 0.9079 Re: 1.0000 Acc: 0.9518 F1: 0.9517
Epoch 144: Time: 0.0825 Cost: 6.2782 Pre: 0.9085 Re: 1.0000 Acc: 0.9522 F1: 0.9521
Epoch 145: Time: 0.1008 Cost: 6.2443 Pre: 0.9079 Re: 1.0000 Acc: 0.9518 F1: 0.9517
Epoch 146: Time: 0.0885 Cost: 6.2109 Pre: 0.9085 Re: 1.0000 Acc: 0.9522 F1: 0.9521
Epoch 147: Time: 0.0839 Cost: 6.1777 Pre: 0.9085 Re: 1.0000 Acc: 0.9522 F1: 0.9521
Epoch 148: Time: 0.0844 Cost: 6.1450 Pre: 0.9085 Re: 1.0000 Acc: 0.9522 F1: 0.9521
Epoch 149: Time: 0.0805 Cost: 6.1125 Pre: 0.9091 Re: 1.0000 Acc: 0.9525 F1: 0.9524
Epoch 150: Time: 0.0875 Cost: 6.0803 Pre: 0.9097 Re: 1.0000 Acc: 0.9528 F1: 0.9527


--------------------------------------------------------------------
Eval results: Cost:4.5218 Pre:0.9292 Re:0.9985 Acc:0.9642 F1:0.9626
--------------------------------------------------------------------

Epoch 151: Time: 0.0806 Cost: 6.0441 Pre: 0.9103 Re: 1.0000 Acc: 0.9532 F1: 0.9530
Epoch 152: Time: 0.0808 Cost: 6.0083 Pre: 0.9109 Re: 1.0000 Acc: 0.9535 F1: 0.9534
Epoch 153: Time: 0.0802 Cost: 5.9874 Pre: 0.9109 Re: 1.0000 Acc: 0.9535 F1: 0.9534
Epoch 154: Time: 0.0785 Cost: 5.9551 Pre: 0.9103 Re: 1.0000 Acc: 0.9532 F1: 0.9530
Epoch 155: Time: 0.0968 Cost: 5.9241 Pre: 0.9115 Re: 1.0000 Acc: 0.9539 F1: 0.9537
Epoch 156: Time: 0.0811 Cost: 5.8937 Pre: 0.9115 Re: 1.0000 Acc: 0.9539 F1: 0.9537
Epoch 157: Time: 0.0800 Cost: 5.8629 Pre: 0.9121 Re: 1.0000 Acc: 0.9542 F1: 0.9540
Epoch 158: Time: 0.0794 Cost: 5.8339 Pre: 0.9121 Re: 1.0000 Acc: 0.9542 F1: 0.9540
Epoch 159: Time: 0.0814 Cost: 5.8042 Pre: 0.9139 Re: 1.0000 Acc: 0.9552 F1: 0.9550
Epoch 160: Time: 0.0974 Cost: 5.7740 Pre: 0.9139 Re: 1.0000 Acc: 0.9552 F1: 0.9550


--------------------------------------------------------------------
Eval results: Cost:4.1770 Pre:0.9383 Re:0.9985 Acc:0.9691 F1:0.9675
--------------------------------------------------------------------

Epoch 161: Time: 0.0805 Cost: 5.7515 Pre: 0.9145 Re: 1.0000 Acc: 0.9556 F1: 0.9553
Epoch 162: Time: 0.0795 Cost: 5.7134 Pre: 0.9145 Re: 1.0000 Acc: 0.9556 F1: 0.9553
Epoch 163: Time: 0.0790 Cost: 5.6720 Pre: 0.9145 Re: 1.0000 Acc: 0.9556 F1: 0.9553
Epoch 164: Time: 0.0861 Cost: 5.6556 Pre: 0.9151 Re: 1.0000 Acc: 0.9559 F1: 0.9557
Epoch 165: Time: 0.0888 Cost: 5.6388 Pre: 0.9151 Re: 1.0000 Acc: 0.9559 F1: 0.9557
Epoch 166: Time: 0.0810 Cost: 5.5688 Pre: 0.9151 Re: 1.0000 Acc: 0.9559 F1: 0.9557
Epoch 167: Time: 0.0792 Cost: 5.5696 Pre: 0.9144 Re: 0.9993 Acc: 0.9552 F1: 0.9550
Epoch 168: Time: 0.0786 Cost: 5.5115 Pre: 0.9163 Re: 1.0000 Acc: 0.9566 F1: 0.9563
Epoch 169: Time: 0.0801 Cost: 5.5195 Pre: 0.9144 Re: 0.9993 Acc: 0.9552 F1: 0.9550
Epoch 170: Time: 0.0982 Cost: 5.4761 Pre: 0.9175 Re: 1.0000 Acc: 0.9573 F1: 0.9570


--------------------------------------------------------------------
Eval results: Cost:3.9595 Pre:0.9383 Re:0.9985 Acc:0.9691 F1:0.9675
--------------------------------------------------------------------

Epoch 171: Time: 0.0805 Cost: 5.4776 Pre: 0.9157 Re: 1.0000 Acc: 0.9563 F1: 0.9560
Epoch 172: Time: 0.0795 Cost: 5.4307 Pre: 0.9163 Re: 1.0000 Acc: 0.9566 F1: 0.9563
Epoch 173: Time: 0.0796 Cost: 5.4656 Pre: 0.9138 Re: 0.9993 Acc: 0.9549 F1: 0.9546
Epoch 174: Time: 0.0932 Cost: 5.3737 Pre: 0.9175 Re: 1.0000 Acc: 0.9573 F1: 0.9570
Epoch 175: Time: 0.0855 Cost: 5.4008 Pre: 0.9144 Re: 0.9993 Acc: 0.9552 F1: 0.9550
Epoch 176: Time: 0.0825 Cost: 5.3184 Pre: 0.9163 Re: 1.0000 Acc: 0.9566 F1: 0.9563
Epoch 177: Time: 0.0792 Cost: 5.3818 Pre: 0.9144 Re: 0.9993 Acc: 0.9552 F1: 0.9550
Epoch 178: Time: 0.0795 Cost: 5.3027 Pre: 0.9169 Re: 1.0000 Acc: 0.9569 F1: 0.9566
Epoch 179: Time: 0.0798 Cost: 5.2475 Pre: 0.9181 Re: 1.0000 Acc: 0.9576 F1: 0.9573
Epoch 180: Time: 0.0926 Cost: 5.2645 Pre: 0.9174 Re: 0.9993 Acc: 0.9569 F1: 0.9566


--------------------------------------------------------------------
Eval results: Cost:3.7834 Pre:0.9422 Re:0.9970 Acc:0.9704 F1:0.9688
--------------------------------------------------------------------

Epoch 181: Time: 0.0816 Cost: 5.2902 Pre: 0.9179 Re: 0.9978 Acc: 0.9566 F1: 0.9562
Epoch 182: Time: 0.0790 Cost: 5.1695 Pre: 0.9187 Re: 1.0000 Acc: 0.9580 F1: 0.9576
Epoch 183: Time: 0.0793 Cost: 5.2088 Pre: 0.9174 Re: 0.9993 Acc: 0.9569 F1: 0.9566
Epoch 184: Time: 0.0840 Cost: 5.1736 Pre: 0.9180 Re: 0.9993 Acc: 0.9573 F1: 0.9569
Epoch 185: Time: 0.0868 Cost: 5.1731 Pre: 0.9174 Re: 0.9993 Acc: 0.9569 F1: 0.9566
Epoch 186: Time: 0.0810 Cost: 5.1714 Pre: 0.9156 Re: 0.9993 Acc: 0.9559 F1: 0.9556
Epoch 187: Time: 0.0808 Cost: 5.1394 Pre: 0.9162 Re: 0.9993 Acc: 0.9563 F1: 0.9560
Epoch 188: Time: 0.0801 Cost: 5.0665 Pre: 0.9187 Re: 1.0000 Acc: 0.9580 F1: 0.9576
Epoch 189: Time: 0.0798 Cost: 5.1466 Pre: 0.9156 Re: 0.9993 Acc: 0.9559 F1: 0.9556
Epoch 190: Time: 0.0937 Cost: 5.0429 Pre: 0.9175 Re: 1.0000 Acc: 0.9573 F1: 0.9570


--------------------------------------------------------------------
Eval results: Cost:3.5364 Pre:0.9436 Re:0.9985 Acc:0.9718 F1:0.9703
--------------------------------------------------------------------

Epoch 191: Time: 0.0871 Cost: 5.1177 Pre: 0.9162 Re: 0.9993 Acc: 0.9563 F1: 0.9560
Epoch 192: Time: 0.0806 Cost: 5.0053 Pre: 0.9187 Re: 1.0000 Acc: 0.9580 F1: 0.9576
Epoch 193: Time: 0.0797 Cost: 5.0756 Pre: 0.9168 Re: 0.9993 Acc: 0.9566 F1: 0.9563
Epoch 194: Time: 0.0852 Cost: 5.0459 Pre: 0.9168 Re: 0.9993 Acc: 0.9566 F1: 0.9563
Epoch 195: Time: 0.0862 Cost: 4.9731 Pre: 0.9187 Re: 1.0000 Acc: 0.9580 F1: 0.9576
Epoch 196: Time: 0.0811 Cost: 5.0091 Pre: 0.9180 Re: 0.9993 Acc: 0.9573 F1: 0.9569
Epoch 197: Time: 0.0804 Cost: 4.9555 Pre: 0.9181 Re: 1.0000 Acc: 0.9576 F1: 0.9573
Epoch 198: Time: 0.0793 Cost: 4.9785 Pre: 0.9180 Re: 0.9993 Acc: 0.9573 F1: 0.9569
Epoch 199: Time: 0.0792 Cost: 4.9075 Pre: 0.9193 Re: 1.0000 Acc: 0.9583 F1: 0.9580
Epoch 200: Time: 0.0927 Cost: 4.8988 Pre: 0.9193 Re: 1.0000 Acc: 0.9583 F1: 0.9580


--------------------------------------------------------------------
Eval results: Cost:3.4950 Pre:0.9448 Re:0.9970 Acc:0.9718 F1:0.9702
--------------------------------------------------------------------

Epoch 201: Time: 0.0814 Cost: 4.8966 Pre: 0.9199 Re: 0.9993 Acc: 0.9583 F1: 0.9579
Epoch 202: Time: 0.0800 Cost: 4.8688 Pre: 0.9199 Re: 0.9993 Acc: 0.9583 F1: 0.9579
Epoch 203: Time: 0.0806 Cost: 4.8674 Pre: 0.9205 Re: 0.9993 Acc: 0.9586 F1: 0.9583
Epoch 204: Time: 0.0832 Cost: 4.8592 Pre: 0.9205 Re: 0.9993 Acc: 0.9586 F1: 0.9583
Epoch 205: Time: 0.0890 Cost: 4.8661 Pre: 0.9187 Re: 0.9993 Acc: 0.9576 F1: 0.9573
Epoch 206: Time: 0.0815 Cost: 4.8644 Pre: 0.9187 Re: 0.9993 Acc: 0.9576 F1: 0.9573
Epoch 207: Time: 0.0811 Cost: 4.8481 Pre: 0.9187 Re: 0.9993 Acc: 0.9576 F1: 0.9573
Epoch 208: Time: 0.0799 Cost: 4.8131 Pre: 0.9193 Re: 1.0000 Acc: 0.9583 F1: 0.9580
Epoch 209: Time: 0.0790 Cost: 4.8537 Pre: 0.9187 Re: 0.9993 Acc: 0.9576 F1: 0.9573
Epoch 210: Time: 0.0931 Cost: 4.7297 Pre: 0.9205 Re: 1.0000 Acc: 0.9590 F1: 0.9586


--------------------------------------------------------------------
Eval results: Cost:3.4198 Pre:0.9460 Re:0.9940 Acc:0.9711 F1:0.9694
--------------------------------------------------------------------

Epoch 211: Time: 0.0801 Cost: 4.8990 Pre: 0.9220 Re: 0.9950 Acc: 0.9576 F1: 0.9571
Epoch 212: Time: 0.0794 Cost: 4.7187 Pre: 0.9205 Re: 1.0000 Acc: 0.9590 F1: 0.9586
Epoch 213: Time: 0.0794 Cost: 4.6842 Pre: 0.9218 Re: 1.0000 Acc: 0.9597 F1: 0.9593
Epoch 214: Time: 0.0835 Cost: 4.7901 Pre: 0.9193 Re: 0.9993 Acc: 0.9580 F1: 0.9576
Epoch 215: Time: 0.0918 Cost: 4.8187 Pre: 0.9187 Re: 0.9993 Acc: 0.9576 F1: 0.9573
Epoch 216: Time: 0.0809 Cost: 4.6742 Pre: 0.9211 Re: 1.0000 Acc: 0.9593 F1: 0.9590
Epoch 217: Time: 0.0808 Cost: 4.7014 Pre: 0.9211 Re: 0.9993 Acc: 0.9590 F1: 0.9586
Epoch 218: Time: 0.0793 Cost: 4.6972 Pre: 0.9211 Re: 0.9993 Acc: 0.9590 F1: 0.9586
Epoch 219: Time: 0.0788 Cost: 4.6638 Pre: 0.9211 Re: 0.9993 Acc: 0.9590 F1: 0.9586
Epoch 220: Time: 0.0906 Cost: 4.6586 Pre: 0.9211 Re: 0.9993 Acc: 0.9590 F1: 0.9586


--------------------------------------------------------------------
Eval results: Cost:3.2466 Pre:0.9462 Re:0.9970 Acc:0.9725 F1:0.9709
--------------------------------------------------------------------

Epoch 221: Time: 0.0803 Cost: 4.6542 Pre: 0.9223 Re: 0.9993 Acc: 0.9597 F1: 0.9593
Epoch 222: Time: 0.0799 Cost: 4.5853 Pre: 0.9211 Re: 1.0000 Acc: 0.9593 F1: 0.9590
Epoch 223: Time: 0.0786 Cost: 4.6145 Pre: 0.9223 Re: 0.9993 Acc: 0.9597 F1: 0.9593
Epoch 224: Time: 0.0801 Cost: 4.6034 Pre: 0.9217 Re: 0.9993 Acc: 0.9593 F1: 0.9589
Epoch 225: Time: 0.0904 Cost: 4.5895 Pre: 0.9217 Re: 0.9993 Acc: 0.9593 F1: 0.9589
Epoch 226: Time: 0.0820 Cost: 4.5830 Pre: 0.9217 Re: 0.9993 Acc: 0.9593 F1: 0.9589
Epoch 227: Time: 0.0810 Cost: 4.5668 Pre: 0.9217 Re: 0.9993 Acc: 0.9593 F1: 0.9589
Epoch 228: Time: 0.0800 Cost: 4.5554 Pre: 0.9217 Re: 0.9993 Acc: 0.9593 F1: 0.9589
Epoch 229: Time: 0.0795 Cost: 4.5355 Pre: 0.9217 Re: 0.9993 Acc: 0.9593 F1: 0.9589
Epoch 230: Time: 0.0886 Cost: 4.5281 Pre: 0.9217 Re: 0.9993 Acc: 0.9593 F1: 0.9589


--------------------------------------------------------------------
Eval results: Cost:3.1071 Pre:0.9448 Re:0.9970 Acc:0.9718 F1:0.9702
--------------------------------------------------------------------

Epoch 231: Time: 0.0814 Cost: 4.6514 Pre: 0.9221 Re: 0.9957 Acc: 0.9580 F1: 0.9575
Epoch 232: Time: 0.0813 Cost: 4.4972 Pre: 0.9211 Re: 1.0000 Acc: 0.9593 F1: 0.9590
Epoch 233: Time: 0.0796 Cost: 4.4491 Pre: 0.9224 Re: 1.0000 Acc: 0.9600 F1: 0.9596
Epoch 234: Time: 0.0793 Cost: 4.5964 Pre: 0.9205 Re: 0.9993 Acc: 0.9586 F1: 0.9583
Epoch 235: Time: 0.0796 Cost: 4.5147 Pre: 0.9211 Re: 1.0000 Acc: 0.9593 F1: 0.9590
Epoch 236: Time: 0.0937 Cost: 4.4437 Pre: 0.9218 Re: 1.0000 Acc: 0.9597 F1: 0.9593
Epoch 237: Time: 0.0837 Cost: 4.4735 Pre: 0.9223 Re: 0.9993 Acc: 0.9597 F1: 0.9593
Epoch 238: Time: 0.0801 Cost: 4.4652 Pre: 0.9223 Re: 0.9993 Acc: 0.9597 F1: 0.9593
Epoch 239: Time: 0.0795 Cost: 4.4511 Pre: 0.9223 Re: 0.9993 Acc: 0.9597 F1: 0.9593
Epoch 240: Time: 0.0793 Cost: 4.4457 Pre: 0.9217 Re: 0.9993 Acc: 0.9593 F1: 0.9589


--------------------------------------------------------------------
Eval results: Cost:3.1768 Pre:0.9473 Re:0.9925 Acc:0.9711 F1:0.9694
--------------------------------------------------------------------

Epoch 241: Time: 0.0885 Cost: 4.5732 Pre: 0.9214 Re: 0.9950 Acc: 0.9573 F1: 0.9568
Epoch 242: Time: 0.0811 Cost: 4.3884 Pre: 0.9224 Re: 1.0000 Acc: 0.9600 F1: 0.9596
Epoch 243: Time: 0.0808 Cost: 4.4915 Pre: 0.9205 Re: 0.9993 Acc: 0.9586 F1: 0.9583
Epoch 244: Time: 0.0792 Cost: 4.3900 Pre: 0.9218 Re: 1.0000 Acc: 0.9597 F1: 0.9593
Epoch 245: Time: 0.0789 Cost: 4.4045 Pre: 0.9223 Re: 0.9993 Acc: 0.9597 F1: 0.9593
Epoch 246: Time: 0.0932 Cost: 4.4087 Pre: 0.9223 Re: 0.9993 Acc: 0.9597 F1: 0.9593
Epoch 247: Time: 0.0827 Cost: 4.3996 Pre: 0.9223 Re: 0.9993 Acc: 0.9597 F1: 0.9593
Epoch 248: Time: 0.0824 Cost: 4.3877 Pre: 0.9223 Re: 0.9993 Acc: 0.9597 F1: 0.9593
Epoch 249: Time: 0.0799 Cost: 4.3916 Pre: 0.9223 Re: 0.9993 Acc: 0.9597 F1: 0.9593
Epoch 250: Time: 0.0796 Cost: 4.3837 Pre: 0.9223 Re: 0.9993 Acc: 0.9597 F1: 0.9593


--------------------------------------------------------------------
Eval results: Cost:3.0679 Pre:0.9474 Re:0.9940 Acc:0.9718 F1:0.9701
--------------------------------------------------------------------

Epoch 251: Time: 0.0880 Cost: 4.3559 Pre: 0.9223 Re: 0.9993 Acc: 0.9597 F1: 0.9593
Epoch 252: Time: 0.0809 Cost: 4.3120 Pre: 0.9224 Re: 1.0000 Acc: 0.9600 F1: 0.9596
Epoch 253: Time: 0.0809 Cost: 4.3147 Pre: 0.9224 Re: 1.0000 Acc: 0.9600 F1: 0.9596
Epoch 254: Time: 0.0799 Cost: 4.3429 Pre: 0.9223 Re: 0.9993 Acc: 0.9597 F1: 0.9593
Epoch 255: Time: 0.0791 Cost: 4.3463 Pre: 0.9223 Re: 0.9993 Acc: 0.9597 F1: 0.9593
Epoch 256: Time: 0.0946 Cost: 4.3383 Pre: 0.9223 Re: 0.9993 Acc: 0.9597 F1: 0.9593
Epoch 257: Time: 0.0817 Cost: 4.3286 Pre: 0.9217 Re: 0.9993 Acc: 0.9593 F1: 0.9589
Epoch 258: Time: 0.0798 Cost: 4.3192 Pre: 0.9223 Re: 0.9993 Acc: 0.9597 F1: 0.9593
Epoch 259: Time: 0.0808 Cost: 4.3189 Pre: 0.9223 Re: 0.9993 Acc: 0.9597 F1: 0.9593
Epoch 260: Time: 0.0800 Cost: 4.3286 Pre: 0.9223 Re: 0.9986 Acc: 0.9593 F1: 0.9589


--------------------------------------------------------------------
Eval results: Cost:2.8652 Pre:0.9476 Re:0.9985 Acc:0.9739 F1:0.9724
--------------------------------------------------------------------

Epoch 261: Time: 0.0884 Cost: 4.2759 Pre: 0.9224 Re: 1.0000 Acc: 0.9600 F1: 0.9596
Epoch 262: Time: 0.0806 Cost: 4.2948 Pre: 0.9223 Re: 0.9993 Acc: 0.9597 F1: 0.9593
Epoch 263: Time: 0.0799 Cost: 4.2982 Pre: 0.9223 Re: 0.9993 Acc: 0.9597 F1: 0.9593
Epoch 264: Time: 0.0796 Cost: 4.3835 Pre: 0.9204 Re: 0.9986 Acc: 0.9583 F1: 0.9579
Epoch 265: Time: 0.0801 Cost: 4.2712 Pre: 0.9224 Re: 1.0000 Acc: 0.9600 F1: 0.9596
Epoch 266: Time: 0.0912 Cost: 4.3591 Pre: 0.9211 Re: 0.9993 Acc: 0.9590 F1: 0.9586
Epoch 267: Time: 0.0827 Cost: 4.3039 Pre: 0.9223 Re: 0.9993 Acc: 0.9597 F1: 0.9593
Epoch 268: Time: 0.0794 Cost: 4.2281 Pre: 0.9224 Re: 1.0000 Acc: 0.9600 F1: 0.9596
Epoch 269: Time: 0.0803 Cost: 4.2310 Pre: 0.9224 Re: 1.0000 Acc: 0.9600 F1: 0.9596
Epoch 270: Time: 0.0801 Cost: 4.2698 Pre: 0.9223 Re: 0.9993 Acc: 0.9597 F1: 0.9593


--------------------------------------------------------------------
Eval results: Cost:3.0004 Pre:0.9474 Re:0.9940 Acc:0.9718 F1:0.9701
--------------------------------------------------------------------

Epoch 271: Time: 0.0913 Cost: 4.3917 Pre: 0.9220 Re: 0.9950 Acc: 0.9576 F1: 0.9571
Epoch 272: Time: 0.0806 Cost: 4.2225 Pre: 0.9224 Re: 1.0000 Acc: 0.9600 F1: 0.9596
Epoch 273: Time: 0.0798 Cost: 4.2068 Pre: 0.9224 Re: 1.0000 Acc: 0.9600 F1: 0.9596
Epoch 274: Time: 0.0796 Cost: 4.2054 Pre: 0.9224 Re: 1.0000 Acc: 0.9600 F1: 0.9596
Epoch 275: Time: 0.0801 Cost: 4.3811 Pre: 0.9198 Re: 0.9986 Acc: 0.9580 F1: 0.9576
Epoch 276: Time: 0.0920 Cost: 4.2149 Pre: 0.9224 Re: 1.0000 Acc: 0.9600 F1: 0.9596
Epoch 277: Time: 0.0849 Cost: 4.2026 Pre: 0.9224 Re: 1.0000 Acc: 0.9600 F1: 0.9596
Epoch 278: Time: 0.0788 Cost: 4.2563 Pre: 0.9223 Re: 0.9986 Acc: 0.9593 F1: 0.9589
Epoch 279: Time: 0.0812 Cost: 4.1889 Pre: 0.9224 Re: 1.0000 Acc: 0.9600 F1: 0.9596
Epoch 280: Time: 0.0788 Cost: 4.2025 Pre: 0.9224 Re: 1.0000 Acc: 0.9600 F1: 0.9596


--------------------------------------------------------------------
Eval results: Cost:3.0613 Pre:0.9459 Re:0.9925 Acc:0.9704 F1:0.9687
--------------------------------------------------------------------

Epoch 281: Time: 0.0969 Cost: 4.3170 Pre: 0.9210 Re: 0.9978 Acc: 0.9583 F1: 0.9579
Epoch 282: Time: 0.0812 Cost: 4.2381 Pre: 0.9223 Re: 0.9993 Acc: 0.9597 F1: 0.9593
Epoch 283: Time: 0.0804 Cost: 4.1763 Pre: 0.9224 Re: 1.0000 Acc: 0.9600 F1: 0.9596
Epoch 284: Time: 0.0794 Cost: 4.2384 Pre: 0.9211 Re: 1.0000 Acc: 0.9593 F1: 0.9590
Epoch 285: Time: 0.0786 Cost: 4.2216 Pre: 0.9223 Re: 0.9993 Acc: 0.9597 F1: 0.9593
Epoch 286: Time: 0.1023 Cost: 4.2248 Pre: 0.9223 Re: 0.9993 Acc: 0.9597 F1: 0.9593
Epoch 287: Time: 0.0838 Cost: 4.1741 Pre: 0.9224 Re: 1.0000 Acc: 0.9600 F1: 0.9596
Epoch 288: Time: 0.0803 Cost: 4.1792 Pre: 0.9218 Re: 1.0000 Acc: 0.9597 F1: 0.9593
Epoch 289: Time: 0.0791 Cost: 4.2072 Pre: 0.9217 Re: 0.9993 Acc: 0.9593 F1: 0.9589
Epoch 290: Time: 0.0788 Cost: 4.1929 Pre: 0.9223 Re: 0.9993 Acc: 0.9597 F1: 0.9593


--------------------------------------------------------------------
Eval results: Cost:2.8055 Pre:0.9475 Re:0.9970 Acc:0.9732 F1:0.9716
--------------------------------------------------------------------

Epoch 291: Time: 0.0941 Cost: 4.2073 Pre: 0.9223 Re: 0.9986 Acc: 0.9593 F1: 0.9589
Epoch 292: Time: 0.0839 Cost: 4.1471 Pre: 0.9224 Re: 1.0000 Acc: 0.9600 F1: 0.9596
Epoch 293: Time: 0.0810 Cost: 4.1408 Pre: 0.9224 Re: 1.0000 Acc: 0.9600 F1: 0.9596
Epoch 294: Time: 0.0797 Cost: 4.1384 Pre: 0.9224 Re: 1.0000 Acc: 0.9600 F1: 0.9596
Epoch 295: Time: 0.0787 Cost: 4.1407 Pre: 0.9224 Re: 1.0000 Acc: 0.9600 F1: 0.9596
Epoch 296: Time: 0.0950 Cost: 4.1684 Pre: 0.9223 Re: 0.9993 Acc: 0.9597 F1: 0.9593
Epoch 297: Time: 0.0824 Cost: 4.1651 Pre: 0.9223 Re: 0.9993 Acc: 0.9597 F1: 0.9593
Epoch 298: Time: 0.0803 Cost: 4.1754 Pre: 0.9223 Re: 0.9993 Acc: 0.9597 F1: 0.9593
Epoch 299: Time: 0.0796 Cost: 4.1691 Pre: 0.9223 Re: 0.9993 Acc: 0.9597 F1: 0.9593
Epoch 300: Time: 0.0794 Cost: 4.1222 Pre: 0.9224 Re: 1.0000 Acc: 0.9600 F1: 0.9596


--------------------------------------------------------------------
Eval results: Cost:2.7371 Pre:0.9476 Re:0.9985 Acc:0.9739 F1:0.9724
--------------------------------------------------------------------

Epoch 301: Time: 0.0917 Cost: 4.1277 Pre: 0.9224 Re: 1.0000 Acc: 0.9600 F1: 0.9596
Epoch 302: Time: 0.0805 Cost: 4.1501 Pre: 0.9223 Re: 0.9993 Acc: 0.9597 F1: 0.9593
Epoch 303: Time: 0.0861 Cost: 4.1508 Pre: 0.9218 Re: 1.0000 Acc: 0.9597 F1: 0.9593
Epoch 304: Time: 0.0807 Cost: 4.1216 Pre: 0.9224 Re: 1.0000 Acc: 0.9600 F1: 0.9596
Epoch 305: Time: 0.0785 Cost: 4.1876 Pre: 0.9223 Re: 0.9986 Acc: 0.9593 F1: 0.9589
Epoch 306: Time: 0.0906 Cost: 4.1290 Pre: 0.9218 Re: 1.0000 Acc: 0.9597 F1: 0.9593
Epoch 307: Time: 0.0824 Cost: 4.1558 Pre: 0.9211 Re: 1.0000 Acc: 0.9593 F1: 0.9590
Epoch 308: Time: 0.0794 Cost: 4.1058 Pre: 0.9224 Re: 1.0000 Acc: 0.9600 F1: 0.9596
Epoch 309: Time: 0.0804 Cost: 4.1894 Pre: 0.9216 Re: 0.9986 Acc: 0.9590 F1: 0.9586
Epoch 310: Time: 0.0793 Cost: 4.1069 Pre: 0.9224 Re: 1.0000 Acc: 0.9600 F1: 0.9596


--------------------------------------------------------------------
Eval results: Cost:2.7152 Pre:0.9476 Re:0.9985 Acc:0.9739 F1:0.9724
--------------------------------------------------------------------

Epoch 311: Time: 0.0898 Cost: 4.0988 Pre: 0.9224 Re: 1.0000 Acc: 0.9600 F1: 0.9596
Epoch 312: Time: 0.0803 Cost: 4.1434 Pre: 0.9223 Re: 0.9993 Acc: 0.9597 F1: 0.9593
Epoch 313: Time: 0.0804 Cost: 4.0960 Pre: 0.9224 Re: 1.0000 Acc: 0.9600 F1: 0.9596
Epoch 314: Time: 0.0807 Cost: 4.1029 Pre: 0.9224 Re: 1.0000 Acc: 0.9600 F1: 0.9596
Epoch 315: Time: 0.0820 Cost: 4.1298 Pre: 0.9223 Re: 0.9993 Acc: 0.9597 F1: 0.9593
Epoch 316: Time: 0.0896 Cost: 4.0987 Pre: 0.9224 Re: 1.0000 Acc: 0.9600 F1: 0.9596
Epoch 317: Time: 0.0833 Cost: 4.0842 Pre: 0.9224 Re: 1.0000 Acc: 0.9600 F1: 0.9596
Epoch 318: Time: 0.0787 Cost: 4.1472 Pre: 0.9217 Re: 0.9993 Acc: 0.9593 F1: 0.9589
Epoch 319: Time: 0.0811 Cost: 4.0832 Pre: 0.9224 Re: 1.0000 Acc: 0.9600 F1: 0.9596
Epoch 320: Time: 0.0803 Cost: 4.0799 Pre: 0.9224 Re: 1.0000 Acc: 0.9600 F1: 0.9596


--------------------------------------------------------------------
Eval results: Cost:2.8037 Pre:0.9474 Re:0.9955 Acc:0.9725 F1:0.9709
--------------------------------------------------------------------

Epoch 321: Time: 0.0940 Cost: 4.2584 Pre: 0.9221 Re: 0.9957 Acc: 0.9580 F1: 0.9575
Epoch 322: Time: 0.0797 Cost: 4.1082 Pre: 0.9218 Re: 1.0000 Acc: 0.9597 F1: 0.9593
Epoch 323: Time: 0.0799 Cost: 4.0762 Pre: 0.9224 Re: 1.0000 Acc: 0.9600 F1: 0.9596
Epoch 324: Time: 0.0790 Cost: 4.0737 Pre: 0.9224 Re: 1.0000 Acc: 0.9600 F1: 0.9596
Epoch 325: Time: 0.0794 Cost: 4.0767 Pre: 0.9224 Re: 1.0000 Acc: 0.9600 F1: 0.9596
Epoch 326: Time: 0.0896 Cost: 4.0709 Pre: 0.9224 Re: 1.0000 Acc: 0.9600 F1: 0.9596
Epoch 327: Time: 0.0855 Cost: 4.0812 Pre: 0.9218 Re: 1.0000 Acc: 0.9597 F1: 0.9593
Epoch 328: Time: 0.0787 Cost: 4.1127 Pre: 0.9223 Re: 0.9993 Acc: 0.9597 F1: 0.9593
Epoch 329: Time: 0.0804 Cost: 4.1495 Pre: 0.9216 Re: 0.9986 Acc: 0.9590 F1: 0.9586
Epoch 330: Time: 0.0786 Cost: 4.0690 Pre: 0.9224 Re: 1.0000 Acc: 0.9600 F1: 0.9596


--------------------------------------------------------------------
Eval results: Cost:2.6767 Pre:0.9476 Re:0.9985 Acc:0.9739 F1:0.9724
--------------------------------------------------------------------

Epoch 331: Time: 0.0933 Cost: 4.0640 Pre: 0.9224 Re: 1.0000 Acc: 0.9600 F1: 0.9596
Epoch 332: Time: 0.0809 Cost: 4.0651 Pre: 0.9224 Re: 1.0000 Acc: 0.9600 F1: 0.9596
Epoch 333: Time: 0.0805 Cost: 4.1238 Pre: 0.9217 Re: 0.9993 Acc: 0.9593 F1: 0.9589
Epoch 334: Time: 0.0796 Cost: 4.0599 Pre: 0.9224 Re: 1.0000 Acc: 0.9600 F1: 0.9596
Epoch 335: Time: 0.0791 Cost: 4.0581 Pre: 0.9224 Re: 1.0000 Acc: 0.9600 F1: 0.9596
Epoch 336: Time: 0.0853 Cost: 4.0911 Pre: 0.9223 Re: 0.9993 Acc: 0.9597 F1: 0.9593
Epoch 337: Time: 0.0895 Cost: 4.0640 Pre: 0.9224 Re: 1.0000 Acc: 0.9600 F1: 0.9596
Epoch 338: Time: 0.0814 Cost: 4.0998 Pre: 0.9223 Re: 0.9993 Acc: 0.9597 F1: 0.9593
Epoch 339: Time: 0.0801 Cost: 4.0519 Pre: 0.9224 Re: 1.0000 Acc: 0.9600 F1: 0.9596
Epoch 340: Time: 0.0791 Cost: 4.0559 Pre: 0.9224 Re: 1.0000 Acc: 0.9600 F1: 0.9596


--------------------------------------------------------------------
Eval results: Cost:2.7338 Pre:0.9475 Re:0.9970 Acc:0.9732 F1:0.9716
--------------------------------------------------------------------

Epoch 341: Time: 0.0867 Cost: 4.0665 Pre: 0.9218 Re: 1.0000 Acc: 0.9597 F1: 0.9593
Epoch 342: Time: 0.0851 Cost: 4.0767 Pre: 0.9218 Re: 1.0000 Acc: 0.9597 F1: 0.9593
Epoch 343: Time: 0.0831 Cost: 4.0959 Pre: 0.9218 Re: 1.0000 Acc: 0.9597 F1: 0.9593
Epoch 344: Time: 0.0830 Cost: 4.0732 Pre: 0.9224 Re: 1.0000 Acc: 0.9600 F1: 0.9596
Epoch 345: Time: 0.0840 Cost: 4.0981 Pre: 0.9217 Re: 0.9993 Acc: 0.9593 F1: 0.9589
Epoch 346: Time: 0.0899 Cost: 4.0702 Pre: 0.9218 Re: 1.0000 Acc: 0.9597 F1: 0.9593
Epoch 347: Time: 0.0881 Cost: 4.0472 Pre: 0.9224 Re: 1.0000 Acc: 0.9600 F1: 0.9596
Epoch 348: Time: 0.0844 Cost: 4.0500 Pre: 0.9224 Re: 1.0000 Acc: 0.9600 F1: 0.9596
Epoch 349: Time: 0.0822 Cost: 4.1289 Pre: 0.9216 Re: 0.9986 Acc: 0.9590 F1: 0.9586
Epoch 350: Time: 0.0803 Cost: 4.1342 Pre: 0.9205 Re: 0.9993 Acc: 0.9586 F1: 0.9583


--------------------------------------------------------------------
Eval results: Cost:2.7859 Pre:0.9450 Re:1.0000 Acc:0.9732 F1:0.9717
--------------------------------------------------------------------

Epoch 351: Time: 0.0937 Cost: 4.1335 Pre: 0.9216 Re: 0.9986 Acc: 0.9590 F1: 0.9586
Epoch 352: Time: 0.0808 Cost: 4.0779 Pre: 0.9218 Re: 1.0000 Acc: 0.9597 F1: 0.9593
Epoch 353: Time: 0.0798 Cost: 4.1030 Pre: 0.9217 Re: 0.9993 Acc: 0.9593 F1: 0.9589
Epoch 354: Time: 0.0787 Cost: 4.0879 Pre: 0.9223 Re: 0.9993 Acc: 0.9597 F1: 0.9593
Epoch 355: Time: 0.0813 Cost: 4.0454 Pre: 0.9224 Re: 1.0000 Acc: 0.9600 F1: 0.9596
Epoch 356: Time: 0.0872 Cost: 4.0412 Pre: 0.9224 Re: 1.0000 Acc: 0.9600 F1: 0.9596
Epoch 357: Time: 0.0855 Cost: 4.0481 Pre: 0.9224 Re: 1.0000 Acc: 0.9600 F1: 0.9596
Epoch 358: Time: 0.0795 Cost: 4.0813 Pre: 0.9223 Re: 0.9993 Acc: 0.9597 F1: 0.9593
Epoch 359: Time: 0.0817 Cost: 4.0890 Pre: 0.9223 Re: 0.9993 Acc: 0.9597 F1: 0.9593
Epoch 360: Time: 0.0803 Cost: 4.0413 Pre: 0.9224 Re: 1.0000 Acc: 0.9600 F1: 0.9596


--------------------------------------------------------------------
Eval results: Cost:2.6569 Pre:0.9463 Re:0.9985 Acc:0.9732 F1:0.9717
--------------------------------------------------------------------

Epoch 361: Time: 0.0936 Cost: 4.0517 Pre: 0.9218 Re: 1.0000 Acc: 0.9597 F1: 0.9593
Epoch 362: Time: 0.0807 Cost: 4.0870 Pre: 0.9223 Re: 0.9993 Acc: 0.9597 F1: 0.9593
Epoch 363: Time: 0.0796 Cost: 4.1262 Pre: 0.9216 Re: 0.9986 Acc: 0.9590 F1: 0.9586
Epoch 364: Time: 0.0790 Cost: 4.0791 Pre: 0.9223 Re: 0.9993 Acc: 0.9597 F1: 0.9593
Epoch 365: Time: 0.0794 Cost: 4.1184 Pre: 0.9205 Re: 0.9993 Acc: 0.9586 F1: 0.9583
Epoch 366: Time: 0.0854 Cost: 4.0482 Pre: 0.9224 Re: 1.0000 Acc: 0.9600 F1: 0.9596
Epoch 367: Time: 0.0865 Cost: 4.0395 Pre: 0.9224 Re: 1.0000 Acc: 0.9600 F1: 0.9596
Epoch 368: Time: 0.0807 Cost: 4.0352 Pre: 0.9224 Re: 1.0000 Acc: 0.9600 F1: 0.9596
Epoch 369: Time: 0.0804 Cost: 4.0344 Pre: 0.9224 Re: 1.0000 Acc: 0.9600 F1: 0.9596
Epoch 370: Time: 0.0786 Cost: 4.0566 Pre: 0.9223 Re: 0.9993 Acc: 0.9597 F1: 0.9593


--------------------------------------------------------------------
Eval results: Cost:2.5876 Pre:0.9477 Re:1.0000 Acc:0.9746 F1:0.9731
--------------------------------------------------------------------

Epoch 371: Time: 0.0888 Cost: 4.1187 Pre: 0.9211 Re: 1.0000 Acc: 0.9593 F1: 0.9590
Epoch 372: Time: 0.0835 Cost: 4.0362 Pre: 0.9224 Re: 1.0000 Acc: 0.9600 F1: 0.9596
Epoch 373: Time: 0.0804 Cost: 4.0317 Pre: 0.9224 Re: 1.0000 Acc: 0.9600 F1: 0.9596
Epoch 374: Time: 0.0788 Cost: 4.0329 Pre: 0.9224 Re: 1.0000 Acc: 0.9600 F1: 0.9596
Epoch 375: Time: 0.0797 Cost: 4.0897 Pre: 0.9223 Re: 0.9986 Acc: 0.9593 F1: 0.9589
Epoch 376: Time: 0.0818 Cost: 4.1277 Pre: 0.9193 Re: 1.0000 Acc: 0.9583 F1: 0.9580
Epoch 377: Time: 0.0882 Cost: 4.0430 Pre: 0.9224 Re: 1.0000 Acc: 0.9600 F1: 0.9596
Epoch 378: Time: 0.0801 Cost: 4.0343 Pre: 0.9224 Re: 1.0000 Acc: 0.9600 F1: 0.9596
Epoch 379: Time: 0.0796 Cost: 4.1019 Pre: 0.9211 Re: 1.0000 Acc: 0.9593 F1: 0.9590
Epoch 380: Time: 0.0795 Cost: 4.0413 Pre: 0.9224 Re: 1.0000 Acc: 0.9600 F1: 0.9596


--------------------------------------------------------------------
Eval results: Cost:2.6651 Pre:0.9476 Re:0.9985 Acc:0.9739 F1:0.9724
--------------------------------------------------------------------

Epoch 381: Time: 0.0916 Cost: 4.0376 Pre: 0.9224 Re: 1.0000 Acc: 0.9600 F1: 0.9596
Epoch 382: Time: 0.0856 Cost: 4.0872 Pre: 0.9223 Re: 0.9986 Acc: 0.9593 F1: 0.9589
Epoch 383: Time: 0.0800 Cost: 4.1283 Pre: 0.9205 Re: 0.9993 Acc: 0.9586 F1: 0.9583
Epoch 384: Time: 0.0791 Cost: 4.0677 Pre: 0.9217 Re: 0.9993 Acc: 0.9593 F1: 0.9589
Epoch 385: Time: 0.0797 Cost: 4.0740 Pre: 0.9218 Re: 1.0000 Acc: 0.9597 F1: 0.9593
Epoch 386: Time: 0.0804 Cost: 4.0367 Pre: 0.9224 Re: 1.0000 Acc: 0.9600 F1: 0.9596
Epoch 387: Time: 0.0926 Cost: 4.0311 Pre: 0.9224 Re: 1.0000 Acc: 0.9600 F1: 0.9596
Epoch 388: Time: 0.0809 Cost: 4.0930 Pre: 0.9217 Re: 0.9993 Acc: 0.9593 F1: 0.9589
Epoch 389: Time: 0.0797 Cost: 4.1633 Pre: 0.9199 Re: 0.9993 Acc: 0.9583 F1: 0.9579
Epoch 390: Time: 0.0800 Cost: 4.0718 Pre: 0.9217 Re: 0.9993 Acc: 0.9593 F1: 0.9589


--------------------------------------------------------------------
Eval results: Cost:2.7079 Pre:0.9463 Re:1.0000 Acc:0.9739 F1:0.9724
--------------------------------------------------------------------

Epoch 391: Time: 0.0880 Cost: 4.0649 Pre: 0.9218 Re: 1.0000 Acc: 0.9597 F1: 0.9593
Epoch 392: Time: 0.0877 Cost: 4.0334 Pre: 0.9224 Re: 1.0000 Acc: 0.9600 F1: 0.9596
Epoch 393: Time: 0.0828 Cost: 4.0302 Pre: 0.9224 Re: 1.0000 Acc: 0.9600 F1: 0.9596
Epoch 394: Time: 0.0790 Cost: 4.0273 Pre: 0.9224 Re: 1.0000 Acc: 0.9600 F1: 0.9596
Epoch 395: Time: 0.0786 Cost: 4.0667 Pre: 0.9223 Re: 0.9993 Acc: 0.9597 F1: 0.9593
Epoch 396: Time: 0.0797 Cost: 4.0654 Pre: 0.9223 Re: 0.9993 Acc: 0.9597 F1: 0.9593
Epoch 397: Time: 0.0999 Cost: 4.0673 Pre: 0.9218 Re: 1.0000 Acc: 0.9597 F1: 0.9593
Epoch 398: Time: 0.0870 Cost: 4.0955 Pre: 0.9223 Re: 0.9986 Acc: 0.9593 F1: 0.9589
Epoch 399: Time: 0.0803 Cost: 4.0944 Pre: 0.9205 Re: 1.0000 Acc: 0.9590 F1: 0.9586
Epoch 400: Time: 0.0793 Cost: 4.0379 Pre: 0.9224 Re: 1.0000 Acc: 0.9600 F1: 0.9596


--------------------------------------------------------------------
Eval results: Cost:2.6960 Pre:0.9463 Re:0.9985 Acc:0.9732 F1:0.9717
--------------------------------------------------------------------

Epoch 401: Time: 0.0911 Cost: 4.0339 Pre: 0.9224 Re: 1.0000 Acc: 0.9600 F1: 0.9596
Epoch 402: Time: 0.0850 Cost: 4.0599 Pre: 0.9223 Re: 0.9993 Acc: 0.9597 F1: 0.9593
Epoch 403: Time: 0.0795 Cost: 4.0253 Pre: 0.9224 Re: 1.0000 Acc: 0.9600 F1: 0.9596
Epoch 404: Time: 0.0830 Cost: 4.0236 Pre: 0.9224 Re: 1.0000 Acc: 0.9600 F1: 0.9596
Epoch 405: Time: 0.0795 Cost: 4.0287 Pre: 0.9224 Re: 1.0000 Acc: 0.9600 F1: 0.9596
Epoch 406: Time: 0.0838 Cost: 4.0602 Pre: 0.9223 Re: 0.9993 Acc: 0.9597 F1: 0.9593
Epoch 407: Time: 0.0907 Cost: 4.1337 Pre: 0.9199 Re: 0.9993 Acc: 0.9583 F1: 0.9579
Epoch 408: Time: 0.0800 Cost: 4.0334 Pre: 0.9224 Re: 1.0000 Acc: 0.9600 F1: 0.9596
Epoch 409: Time: 0.0801 Cost: 4.0283 Pre: 0.9224 Re: 1.0000 Acc: 0.9600 F1: 0.9596
Epoch 410: Time: 0.0800 Cost: 4.0220 Pre: 0.9224 Re: 1.0000 Acc: 0.9600 F1: 0.9596


--------------------------------------------------------------------
Eval results: Cost:2.6368 Pre:0.9476 Re:0.9985 Acc:0.9739 F1:0.9724
--------------------------------------------------------------------

Epoch 411: Time: 0.0933 Cost: 4.0210 Pre: 0.9224 Re: 1.0000 Acc: 0.9600 F1: 0.9596
Epoch 412: Time: 0.0835 Cost: 4.0234 Pre: 0.9224 Re: 1.0000 Acc: 0.9600 F1: 0.9596
Epoch 413: Time: 0.0802 Cost: 4.0586 Pre: 0.9223 Re: 0.9993 Acc: 0.9597 F1: 0.9593
Epoch 414: Time: 0.0797 Cost: 4.0207 Pre: 0.9224 Re: 1.0000 Acc: 0.9600 F1: 0.9596
Epoch 415: Time: 0.0858 Cost: 4.0270 Pre: 0.9224 Re: 1.0000 Acc: 0.9600 F1: 0.9596
Epoch 416: Time: 0.0816 Cost: 4.0255 Pre: 0.9224 Re: 1.0000 Acc: 0.9600 F1: 0.9596
Epoch 417: Time: 0.0937 Cost: 4.0737 Pre: 0.9223 Re: 0.9993 Acc: 0.9597 F1: 0.9593
Epoch 418: Time: 0.0802 Cost: 4.0679 Pre: 0.9223 Re: 0.9993 Acc: 0.9597 F1: 0.9593
Epoch 419: Time: 0.0809 Cost: 4.0425 Pre: 0.9218 Re: 1.0000 Acc: 0.9597 F1: 0.9593
Epoch 420: Time: 0.0797 Cost: 4.0620 Pre: 0.9223 Re: 0.9993 Acc: 0.9597 F1: 0.9593


--------------------------------------------------------------------
Eval results: Cost:2.6398 Pre:0.9476 Re:0.9985 Acc:0.9739 F1:0.9724
--------------------------------------------------------------------

Epoch 421: Time: 0.0921 Cost: 4.0196 Pre: 0.9224 Re: 1.0000 Acc: 0.9600 F1: 0.9596
Epoch 422: Time: 0.0853 Cost: 4.0526 Pre: 0.9223 Re: 0.9993 Acc: 0.9597 F1: 0.9593
Epoch 423: Time: 0.0809 Cost: 4.0209 Pre: 0.9224 Re: 1.0000 Acc: 0.9600 F1: 0.9596
Epoch 424: Time: 0.0792 Cost: 4.0279 Pre: 0.9224 Re: 1.0000 Acc: 0.9600 F1: 0.9596
Epoch 425: Time: 0.0786 Cost: 4.0965 Pre: 0.9223 Re: 0.9986 Acc: 0.9593 F1: 0.9589
Epoch 426: Time: 0.0854 Cost: 4.0195 Pre: 0.9224 Re: 1.0000 Acc: 0.9600 F1: 0.9596
Epoch 427: Time: 0.0931 Cost: 4.0179 Pre: 0.9224 Re: 1.0000 Acc: 0.9600 F1: 0.9596
Epoch 428: Time: 0.0819 Cost: 4.0168 Pre: 0.9224 Re: 1.0000 Acc: 0.9600 F1: 0.9596
Epoch 429: Time: 0.0795 Cost: 4.0166 Pre: 0.9224 Re: 1.0000 Acc: 0.9600 F1: 0.9596
Epoch 430: Time: 0.0787 Cost: 4.0453 Pre: 0.9223 Re: 0.9993 Acc: 0.9597 F1: 0.9593


--------------------------------------------------------------------
Eval results: Cost:2.5544 Pre:0.9477 Re:1.0000 Acc:0.9746 F1:0.9731
--------------------------------------------------------------------

Epoch 431: Time: 0.0900 Cost: 4.0680 Pre: 0.9211 Re: 1.0000 Acc: 0.9593 F1: 0.9590
Epoch 432: Time: 0.0852 Cost: 4.0179 Pre: 0.9224 Re: 1.0000 Acc: 0.9600 F1: 0.9596
Epoch 433: Time: 0.0790 Cost: 4.0535 Pre: 0.9223 Re: 0.9993 Acc: 0.9597 F1: 0.9593
Epoch 434: Time: 0.0797 Cost: 4.0531 Pre: 0.9223 Re: 0.9993 Acc: 0.9597 F1: 0.9593
Epoch 435: Time: 0.0784 Cost: 4.0453 Pre: 0.9211 Re: 1.0000 Acc: 0.9593 F1: 0.9590
Epoch 436: Time: 0.0824 Cost: 4.0204 Pre: 0.9224 Re: 1.0000 Acc: 0.9600 F1: 0.9596
Epoch 437: Time: 0.0915 Cost: 4.0166 Pre: 0.9224 Re: 1.0000 Acc: 0.9600 F1: 0.9596
Epoch 438: Time: 0.0810 Cost: 4.0149 Pre: 0.9224 Re: 1.0000 Acc: 0.9600 F1: 0.9596
Epoch 439: Time: 0.0801 Cost: 4.0148 Pre: 0.9224 Re: 1.0000 Acc: 0.9600 F1: 0.9596
Epoch 440: Time: 0.0794 Cost: 4.0406 Pre: 0.9223 Re: 0.9993 Acc: 0.9597 F1: 0.9593


--------------------------------------------------------------------
Eval results: Cost:2.5533 Pre:0.9477 Re:1.0000 Acc:0.9746 F1:0.9731
--------------------------------------------------------------------

Epoch 441: Time: 0.0890 Cost: 4.0694 Pre: 0.9211 Re: 1.0000 Acc: 0.9593 F1: 0.9590
Epoch 442: Time: 0.0857 Cost: 4.0669 Pre: 0.9217 Re: 0.9993 Acc: 0.9593 F1: 0.9589
Epoch 443: Time: 0.0801 Cost: 4.0213 Pre: 0.9224 Re: 1.0000 Acc: 0.9600 F1: 0.9596
Epoch 444: Time: 0.0801 Cost: 4.0742 Pre: 0.9217 Re: 0.9993 Acc: 0.9593 F1: 0.9589
Epoch 445: Time: 0.0794 Cost: 4.0576 Pre: 0.9223 Re: 0.9993 Acc: 0.9597 F1: 0.9593
Epoch 446: Time: 0.0805 Cost: 4.0184 Pre: 0.9224 Re: 1.0000 Acc: 0.9600 F1: 0.9596
Epoch 447: Time: 0.0899 Cost: 4.0497 Pre: 0.9223 Re: 0.9993 Acc: 0.9597 F1: 0.9593
Epoch 448: Time: 0.0819 Cost: 4.0135 Pre: 0.9224 Re: 1.0000 Acc: 0.9600 F1: 0.9596
Epoch 449: Time: 0.0847 Cost: 4.0169 Pre: 0.9224 Re: 1.0000 Acc: 0.9600 F1: 0.9596
Epoch 450: Time: 0.0796 Cost: 4.0513 Pre: 0.9223 Re: 0.9993 Acc: 0.9597 F1: 0.9593


--------------------------------------------------------------------
Eval results: Cost:2.6839 Pre:0.9475 Re:0.9970 Acc:0.9732 F1:0.9716
--------------------------------------------------------------------

Early stopping...
--------------------------------------------------------------------
--------------------------------------------------------------------
Test 4332 samples take time: 0.2867
FN id:
[303]
FP id:
[  65  127  164  167  176  185  193  263  265  268  269  275  323  352  353
  394  408  411  465  483  533  540  578  580  609  631  696  731  736  752
  769  773  804  847  889  907  933  945 1023 1033 1053 1130 1142 1193 1203
 1236 1374 1404 1550 1566 1576 1610 1620 1624 1638 1644 1657 1740 1750 1804
 1819 1832 1837 1889 1943 1947 1954 1974 2069 2089 2164 2193 2278 2330 2352
 2354 2359 2381 2405 2484 2531 2544 2582 2631 2681 2703 2740 2782 2819 2841
 2932 2981 3066 3076 3147 3149 3183 3205 3252 3344 3369 3414 3421 3453 3465
 3613 3636 3652 3709 3840 3885 3912 3952 3974 4008 4070 4131 4231 4290]
Test results: Cost:2.7582 Pre:0.9434 Re:0.9995 Acc:0.9723 F1:0.9706
--------------------------------------------------------------------

