16768
16562
16206
16632
16380
16425
Load data
RNN type: GRU Grammar: g4 Seed: 7
Model total parameters: 7800
Saving hinit ... 

Epoch 0: Time: 0.8661 Cost: 21.2024 Pre: 0.6679 Re: 0.8403 Acc: 0.7096 F1: 0.7442


--------------------------------------------------------------------
Eval results: Cost:14.7721 Pre:0.7970 Re:0.8030 Acc:0.8013 F1:0.8000
--------------------------------------------------------------------

Epoch 1: Time: 0.7831 Cost: 11.1658 Pre: 0.8005 Re: 0.9022 Acc: 0.8378 F1: 0.8483
Epoch 2: Time: 0.7824 Cost: 5.2708 Pre: 0.9176 Re: 0.9625 Acc: 0.9377 F1: 0.9395
Epoch 3: Time: 0.7798 Cost: 2.5453 Pre: 0.9363 Re: 0.9973 Acc: 0.9645 F1: 0.9658
Epoch 4: Time: 0.7825 Cost: 1.7126 Pre: 0.9572 Re: 1.0000 Acc: 0.9775 F1: 0.9781
Epoch 5: Time: 0.7968 Cost: 1.2283 Pre: 0.9928 Re: 1.0000 Acc: 0.9964 F1: 0.9964
Epoch 6: Time: 0.7868 Cost: 0.9005 Pre: 1.0000 Re: 1.0000 Acc: 1.0000 F1: 1.0000
Epoch 7: Time: 0.7852 Cost: 0.6423 Pre: 1.0000 Re: 1.0000 Acc: 1.0000 F1: 1.0000
Epoch 8: Time: 0.7797 Cost: 0.4382 Pre: 1.0000 Re: 1.0000 Acc: 1.0000 F1: 1.0000
Epoch 9: Time: 0.7807 Cost: 0.2900 Pre: 1.0000 Re: 1.0000 Acc: 1.0000 F1: 1.0000
Epoch 10: Time: 1.0522 Cost: 0.1882 Pre: 1.0000 Re: 1.0000 Acc: 1.0000 F1: 1.0000


--------------------------------------------------------------------
Eval results: Cost:0.1243 Pre:1.0000 Re:1.0000 Acc:1.0000 F1:1.0000
--------------------------------------------------------------------

Epoch 11: Time: 0.8578 Cost: 0.1198 Pre: 1.0000 Re: 1.0000 Acc: 1.0000 F1: 1.0000
Epoch 12: Time: 0.8203 Cost: 0.0765 Pre: 1.0000 Re: 1.0000 Acc: 1.0000 F1: 1.0000
Epoch 13: Time: 0.8232 Cost: 0.0501 Pre: 1.0000 Re: 1.0000 Acc: 1.0000 F1: 1.0000
Epoch 14: Time: 0.8720 Cost: 0.0338 Pre: 1.0000 Re: 1.0000 Acc: 1.0000 F1: 1.0000
Epoch 15: Time: 0.9138 Cost: 0.0237 Pre: 1.0000 Re: 1.0000 Acc: 1.0000 F1: 1.0000
Epoch 16: Time: 0.9216 Cost: 0.0175 Pre: 1.0000 Re: 1.0000 Acc: 1.0000 F1: 1.0000
Epoch 17: Time: 0.8338 Cost: 0.0135 Pre: 1.0000 Re: 1.0000 Acc: 1.0000 F1: 1.0000
Epoch 18: Time: 0.8836 Cost: 0.0108 Pre: 1.0000 Re: 1.0000 Acc: 1.0000 F1: 1.0000
Epoch 19: Time: 0.9432 Cost: 0.0089 Pre: 1.0000 Re: 1.0000 Acc: 1.0000 F1: 1.0000
Epoch 20: Time: 0.8584 Cost: 0.0076 Pre: 1.0000 Re: 1.0000 Acc: 1.0000 F1: 1.0000


--------------------------------------------------------------------
Eval results: Cost:0.0056 Pre:1.0000 Re:1.0000 Acc:1.0000 F1:1.0000
--------------------------------------------------------------------

Epoch 21: Time: 0.7805 Cost: 0.0065 Pre: 1.0000 Re: 1.0000 Acc: 1.0000 F1: 1.0000
Epoch 22: Time: 0.7798 Cost: 0.0058 Pre: 1.0000 Re: 1.0000 Acc: 1.0000 F1: 1.0000
Epoch 23: Time: 0.7814 Cost: 0.0051 Pre: 1.0000 Re: 1.0000 Acc: 1.0000 F1: 1.0000
Epoch 24: Time: 0.7827 Cost: 0.0046 Pre: 1.0000 Re: 1.0000 Acc: 1.0000 F1: 1.0000
Epoch 25: Time: 0.8509 Cost: 0.0042 Pre: 1.0000 Re: 1.0000 Acc: 1.0000 F1: 1.0000
Epoch 26: Time: 0.8070 Cost: 0.0039 Pre: 1.0000 Re: 1.0000 Acc: 1.0000 F1: 1.0000
Epoch 27: Time: 0.7941 Cost: 0.0036 Pre: 1.0000 Re: 1.0000 Acc: 1.0000 F1: 1.0000
Epoch 28: Time: 0.7837 Cost: 0.0033 Pre: 1.0000 Re: 1.0000 Acc: 1.0000 F1: 1.0000
Epoch 29: Time: 0.8007 Cost: 0.0031 Pre: 1.0000 Re: 1.0000 Acc: 1.0000 F1: 1.0000
Epoch 30: Time: 0.7920 Cost: 0.0029 Pre: 1.0000 Re: 1.0000 Acc: 1.0000 F1: 1.0000


--------------------------------------------------------------------
Eval results: Cost:0.0023 Pre:1.0000 Re:1.0000 Acc:1.0000 F1:1.0000
--------------------------------------------------------------------

Epoch 31: Time: 0.7937 Cost: 0.0027 Pre: 1.0000 Re: 1.0000 Acc: 1.0000 F1: 1.0000
Epoch 32: Time: 0.7980 Cost: 0.0025 Pre: 1.0000 Re: 1.0000 Acc: 1.0000 F1: 1.0000
Epoch 33: Time: 0.7810 Cost: 0.0024 Pre: 1.0000 Re: 1.0000 Acc: 1.0000 F1: 1.0000
Epoch 34: Time: 0.7786 Cost: 0.0023 Pre: 1.0000 Re: 1.0000 Acc: 1.0000 F1: 1.0000
Epoch 35: Time: 0.7834 Cost: 0.0022 Pre: 1.0000 Re: 1.0000 Acc: 1.0000 F1: 1.0000
Epoch 36: Time: 0.7815 Cost: 0.0021 Pre: 1.0000 Re: 1.0000 Acc: 1.0000 F1: 1.0000
Epoch 37: Time: 0.7853 Cost: 0.0020 Pre: 1.0000 Re: 1.0000 Acc: 1.0000 F1: 1.0000
Epoch 38: Time: 0.7842 Cost: 0.0019 Pre: 1.0000 Re: 1.0000 Acc: 1.0000 F1: 1.0000
Epoch 39: Time: 0.9818 Cost: 0.0018 Pre: 1.0000 Re: 1.0000 Acc: 1.0000 F1: 1.0000
Epoch 40: Time: 0.7830 Cost: 0.0017 Pre: 1.0000 Re: 1.0000 Acc: 1.0000 F1: 1.0000


--------------------------------------------------------------------
Eval results: Cost:0.0014 Pre:1.0000 Re:1.0000 Acc:1.0000 F1:1.0000
--------------------------------------------------------------------

Epoch 41: Time: 0.7833 Cost: 0.0017 Pre: 1.0000 Re: 1.0000 Acc: 1.0000 F1: 1.0000
Epoch 42: Time: 0.7810 Cost: 0.0016 Pre: 1.0000 Re: 1.0000 Acc: 1.0000 F1: 1.0000
Epoch 43: Time: 0.7792 Cost: 0.0015 Pre: 1.0000 Re: 1.0000 Acc: 1.0000 F1: 1.0000
Epoch 44: Time: 0.7836 Cost: 0.0015 Pre: 1.0000 Re: 1.0000 Acc: 1.0000 F1: 1.0000
Epoch 45: Time: 0.7857 Cost: 0.0014 Pre: 1.0000 Re: 1.0000 Acc: 1.0000 F1: 1.0000
Epoch 46: Time: 0.7859 Cost: 0.0014 Pre: 1.0000 Re: 1.0000 Acc: 1.0000 F1: 1.0000
Epoch 47: Time: 0.7812 Cost: 0.0013 Pre: 1.0000 Re: 1.0000 Acc: 1.0000 F1: 1.0000
Epoch 48: Time: 0.7826 Cost: 0.0013 Pre: 1.0000 Re: 1.0000 Acc: 1.0000 F1: 1.0000
Epoch 49: Time: 0.7855 Cost: 0.0013 Pre: 1.0000 Re: 1.0000 Acc: 1.0000 F1: 1.0000
Epoch 50: Time: 0.7857 Cost: 0.0012 Pre: 1.0000 Re: 1.0000 Acc: 1.0000 F1: 1.0000


--------------------------------------------------------------------
Eval results: Cost:0.0010 Pre:1.0000 Re:1.0000 Acc:1.0000 F1:1.0000
--------------------------------------------------------------------

Epoch 51: Time: 0.7842 Cost: 0.0012 Pre: 1.0000 Re: 1.0000 Acc: 1.0000 F1: 1.0000
Epoch 52: Time: 0.7871 Cost: 0.0012 Pre: 1.0000 Re: 1.0000 Acc: 1.0000 F1: 1.0000
Epoch 53: Time: 0.7841 Cost: 0.0011 Pre: 1.0000 Re: 1.0000 Acc: 1.0000 F1: 1.0000
Epoch 54: Time: 0.7843 Cost: 0.0011 Pre: 1.0000 Re: 1.0000 Acc: 1.0000 F1: 1.0000
Epoch 55: Time: 0.7829 Cost: 0.0011 Pre: 1.0000 Re: 1.0000 Acc: 1.0000 F1: 1.0000
Epoch 56: Time: 0.7839 Cost: 0.0010 Pre: 1.0000 Re: 1.0000 Acc: 1.0000 F1: 1.0000
Epoch 57: Time: 0.7830 Cost: 0.0010 Pre: 1.0000 Re: 1.0000 Acc: 1.0000 F1: 1.0000
Epoch 58: Time: 0.7845 Cost: 0.0010 Pre: 1.0000 Re: 1.0000 Acc: 1.0000 F1: 1.0000
Epoch 59: Time: 0.7835 Cost: 0.0010 Pre: 1.0000 Re: 1.0000 Acc: 1.0000 F1: 1.0000
Epoch 60: Time: 0.7817 Cost: 0.0010 Pre: 1.0000 Re: 1.0000 Acc: 1.0000 F1: 1.0000


--------------------------------------------------------------------
Eval results: Cost:0.0008 Pre:1.0000 Re:1.0000 Acc:1.0000 F1:1.0000
--------------------------------------------------------------------

Early stopping...
--------------------------------------------------------------------
--------------------------------------------------------------------
Test 10470 samples take time: 4.1652
Test results: Cost:0.0008 Pre:1.0000 Re:1.0000 Acc:1.0000 F1:1.0000
--------------------------------------------------------------------

