16768
16562
16206
16632
16380
16425
Load data
RNN type: LSTM Grammar: g4 Seed: 6
Model total parameters: 480
Saving hinit ... 

Epoch 0: Time: 0.4990 Cost: 26.5140 Pre: 0.0000 Re: 0.0000 Acc: 0.4972 F1: 0.0000


--------------------------------------------------------------------
Eval results: Cost:24.3472 Pre:0.0000 Re:0.0000 Acc:0.5052 F1:0.0000
--------------------------------------------------------------------

Epoch 1: Time: 0.3272 Cost: 21.9593 Pre: 0.8127 Re: 0.4179 Acc: 0.6589 F1: 0.5520
Epoch 2: Time: 0.3232 Cost: 15.4305 Pre: 0.8342 Re: 0.8836 Acc: 0.8532 F1: 0.8582
Epoch 3: Time: 0.3281 Cost: 11.6030 Pre: 0.8508 Re: 0.9082 Acc: 0.8738 F1: 0.8786
Epoch 4: Time: 0.3230 Cost: 10.2557 Pre: 0.8566 Re: 0.9200 Acc: 0.8824 F1: 0.8872
Epoch 5: Time: 0.3491 Cost: 9.4453 Pre: 0.8677 Re: 0.9249 Acc: 0.8913 F1: 0.8954
Epoch 6: Time: 0.4378 Cost: 8.9007 Pre: 0.8750 Re: 0.9287 Acc: 0.8974 F1: 0.9010
Epoch 7: Time: 0.3271 Cost: 8.4718 Pre: 0.8800 Re: 0.9317 Acc: 0.9018 F1: 0.9051
Epoch 8: Time: 0.3312 Cost: 8.0097 Pre: 0.8891 Re: 0.9393 Acc: 0.9106 F1: 0.9135
Epoch 9: Time: 0.3840 Cost: 7.6130 Pre: 0.8920 Re: 0.9431 Acc: 0.9140 F1: 0.9169
Epoch 10: Time: 0.3321 Cost: 7.2157 Pre: 0.8971 Re: 0.9484 Acc: 0.9194 F1: 0.9220


--------------------------------------------------------------------
Eval results: Cost:8.3527 Pre:0.9371 Re:0.8816 Acc:0.9122 F1:0.9085
--------------------------------------------------------------------

Epoch 11: Time: 0.3248 Cost: 6.9096 Pre: 0.9085 Re: 0.9454 Acc: 0.9247 F1: 0.9266
Epoch 12: Time: 0.3263 Cost: 6.6725 Pre: 0.9031 Re: 0.9537 Acc: 0.9253 F1: 0.9277
Epoch 13: Time: 0.3303 Cost: 6.3690 Pre: 0.9112 Re: 0.9534 Acc: 0.9298 F1: 0.9318
Epoch 14: Time: 0.3258 Cost: 6.1066 Pre: 0.9204 Re: 0.9477 Acc: 0.9325 F1: 0.9339
Epoch 15: Time: 0.3948 Cost: 5.9501 Pre: 0.9191 Re: 0.9480 Acc: 0.9319 F1: 0.9334
Epoch 16: Time: 0.3256 Cost: 5.4979 Pre: 0.9284 Re: 0.9534 Acc: 0.9396 F1: 0.9407
Epoch 17: Time: 0.3262 Cost: 5.2662 Pre: 0.9213 Re: 0.9640 Acc: 0.9405 F1: 0.9422
Epoch 18: Time: 0.3276 Cost: 4.9475 Pre: 0.9296 Re: 0.9659 Acc: 0.9460 F1: 0.9474
Epoch 19: Time: 0.3222 Cost: 4.7025 Pre: 0.9280 Re: 0.9723 Acc: 0.9481 F1: 0.9496
Epoch 20: Time: 0.3403 Cost: 4.4943 Pre: 0.9297 Re: 0.9723 Acc: 0.9491 F1: 0.9505


--------------------------------------------------------------------
Eval results: Cost:4.4046 Pre:0.9484 Re:0.9633 Acc:0.9559 F1:0.9558
--------------------------------------------------------------------

Epoch 21: Time: 0.3249 Cost: 4.1552 Pre: 0.9395 Re: 0.9716 Acc: 0.9542 F1: 0.9553
Epoch 22: Time: 0.3212 Cost: 4.0410 Pre: 0.9357 Re: 0.9765 Acc: 0.9544 F1: 0.9557
Epoch 23: Time: 0.3395 Cost: 3.6521 Pre: 0.9444 Re: 0.9784 Acc: 0.9602 F1: 0.9611
Epoch 24: Time: 0.3215 Cost: 3.5676 Pre: 0.9400 Re: 0.9807 Acc: 0.9588 F1: 0.9599
Epoch 25: Time: 0.3610 Cost: 3.2181 Pre: 0.9457 Re: 0.9837 Acc: 0.9634 F1: 0.9643
Epoch 26: Time: 0.3266 Cost: 3.1115 Pre: 0.9451 Re: 0.9860 Acc: 0.9642 F1: 0.9651
Epoch 27: Time: 0.3225 Cost: 2.9625 Pre: 0.9466 Re: 0.9875 Acc: 0.9657 F1: 0.9666
Epoch 28: Time: 0.3196 Cost: 2.8654 Pre: 0.9717 Re: 0.9886 Acc: 0.9798 F1: 0.9801
Epoch 29: Time: 0.3219 Cost: 2.7825 Pre: 0.9757 Re: 0.9890 Acc: 0.9821 F1: 0.9823
Epoch 30: Time: 0.3204 Cost: 2.9320 Pre: 0.9707 Re: 0.9909 Acc: 0.9804 F1: 0.9807


--------------------------------------------------------------------
Eval results: Cost:2.6324 Pre:0.9807 Re:0.9873 Acc:0.9841 F1:0.9839
--------------------------------------------------------------------

Epoch 31: Time: 0.3240 Cost: 2.5542 Pre: 0.9817 Re: 0.9947 Acc: 0.9880 F1: 0.9881
Epoch 32: Time: 0.3240 Cost: 2.4833 Pre: 0.9951 Re: 0.9917 Acc: 0.9933 F1: 0.9934
Epoch 33: Time: 0.3237 Cost: 2.3658 Pre: 0.9939 Re: 0.9958 Acc: 0.9949 F1: 0.9949
Epoch 34: Time: 0.3247 Cost: 2.2826 Pre: 0.9985 Re: 0.9966 Acc: 0.9975 F1: 0.9975
Epoch 35: Time: 0.3241 Cost: 2.1899 Pre: 0.9989 Re: 0.9973 Acc: 0.9981 F1: 0.9981
Epoch 36: Time: 0.3199 Cost: 2.0357 Pre: 1.0000 Re: 0.9989 Acc: 0.9994 F1: 0.9994
Epoch 37: Time: 0.3209 Cost: 2.0121 Pre: 0.9992 Re: 0.9981 Acc: 0.9987 F1: 0.9987
Epoch 38: Time: 0.3221 Cost: 1.9389 Pre: 0.9992 Re: 0.9985 Acc: 0.9989 F1: 0.9989
Epoch 39: Time: 0.3195 Cost: 1.9143 Pre: 0.9985 Re: 0.9985 Acc: 0.9985 F1: 0.9985
Epoch 40: Time: 0.3247 Cost: 1.7730 Pre: 1.0000 Re: 0.9996 Acc: 0.9998 F1: 0.9998


--------------------------------------------------------------------
Eval results: Cost:1.7750 Pre:1.0000 Re:0.9940 Acc:0.9970 F1:0.9970
--------------------------------------------------------------------

Epoch 41: Time: 0.3247 Cost: 1.7425 Pre: 0.9996 Re: 0.9996 Acc: 0.9996 F1: 0.9996
Epoch 42: Time: 0.3536 Cost: 1.6936 Pre: 1.0000 Re: 0.9996 Acc: 0.9998 F1: 0.9998
Epoch 43: Time: 0.3533 Cost: 1.6340 Pre: 1.0000 Re: 1.0000 Acc: 1.0000 F1: 1.0000
Epoch 44: Time: 0.3244 Cost: 1.5800 Pre: 0.9996 Re: 1.0000 Acc: 0.9998 F1: 0.9998
Epoch 45: Time: 0.3236 Cost: 1.5618 Pre: 1.0000 Re: 0.9996 Acc: 0.9998 F1: 0.9998
Epoch 46: Time: 0.3254 Cost: 1.5193 Pre: 1.0000 Re: 1.0000 Acc: 1.0000 F1: 1.0000
Epoch 47: Time: 0.3226 Cost: 1.4702 Pre: 1.0000 Re: 1.0000 Acc: 1.0000 F1: 1.0000
Epoch 48: Time: 0.3216 Cost: 1.4240 Pre: 1.0000 Re: 1.0000 Acc: 1.0000 F1: 1.0000
Epoch 49: Time: 0.3240 Cost: 1.3790 Pre: 1.0000 Re: 1.0000 Acc: 1.0000 F1: 1.0000
Epoch 50: Time: 0.3235 Cost: 1.3403 Pre: 1.0000 Re: 1.0000 Acc: 1.0000 F1: 1.0000


--------------------------------------------------------------------
Eval results: Cost:1.3963 Pre:1.0000 Re:0.9963 Acc:0.9981 F1:0.9981
--------------------------------------------------------------------

Epoch 51: Time: 0.3242 Cost: 1.3048 Pre: 1.0000 Re: 1.0000 Acc: 1.0000 F1: 1.0000
Epoch 52: Time: 0.3215 Cost: 1.2774 Pre: 1.0000 Re: 1.0000 Acc: 1.0000 F1: 1.0000
Epoch 53: Time: 0.3176 Cost: 1.2481 Pre: 1.0000 Re: 1.0000 Acc: 1.0000 F1: 1.0000
Epoch 54: Time: 0.3231 Cost: 1.2188 Pre: 1.0000 Re: 1.0000 Acc: 1.0000 F1: 1.0000
Epoch 55: Time: 0.3245 Cost: 1.1920 Pre: 1.0000 Re: 1.0000 Acc: 1.0000 F1: 1.0000
Epoch 56: Time: 0.3238 Cost: 1.1673 Pre: 1.0000 Re: 1.0000 Acc: 1.0000 F1: 1.0000
Epoch 57: Time: 0.3255 Cost: 1.1446 Pre: 1.0000 Re: 1.0000 Acc: 1.0000 F1: 1.0000
Epoch 58: Time: 0.3223 Cost: 1.1237 Pre: 1.0000 Re: 1.0000 Acc: 1.0000 F1: 1.0000
Epoch 59: Time: 0.3207 Cost: 1.1045 Pre: 1.0000 Re: 1.0000 Acc: 1.0000 F1: 1.0000
Epoch 60: Time: 0.3190 Cost: 1.0869 Pre: 1.0000 Re: 1.0000 Acc: 1.0000 F1: 1.0000


--------------------------------------------------------------------
Eval results: Cost:1.0359 Pre:1.0000 Re:1.0000 Acc:1.0000 F1:1.0000
--------------------------------------------------------------------

Epoch 61: Time: 0.3243 Cost: 1.0709 Pre: 1.0000 Re: 1.0000 Acc: 1.0000 F1: 1.0000
Epoch 62: Time: 0.3247 Cost: 1.0565 Pre: 1.0000 Re: 1.0000 Acc: 1.0000 F1: 1.0000
Epoch 63: Time: 0.3255 Cost: 1.0434 Pre: 1.0000 Re: 1.0000 Acc: 1.0000 F1: 1.0000
Epoch 64: Time: 0.3235 Cost: 1.0315 Pre: 1.0000 Re: 1.0000 Acc: 1.0000 F1: 1.0000
Epoch 65: Time: 0.3215 Cost: 1.0209 Pre: 1.0000 Re: 1.0000 Acc: 1.0000 F1: 1.0000
Epoch 66: Time: 0.3241 Cost: 1.0114 Pre: 1.0000 Re: 1.0000 Acc: 1.0000 F1: 1.0000
Epoch 67: Time: 0.3242 Cost: 1.0029 Pre: 1.0000 Re: 1.0000 Acc: 1.0000 F1: 1.0000
Epoch 68: Time: 0.3438 Cost: 0.9952 Pre: 1.0000 Re: 1.0000 Acc: 1.0000 F1: 1.0000
Epoch 69: Time: 0.3253 Cost: 0.9884 Pre: 1.0000 Re: 1.0000 Acc: 1.0000 F1: 1.0000
Epoch 70: Time: 0.3218 Cost: 0.9822 Pre: 1.0000 Re: 1.0000 Acc: 1.0000 F1: 1.0000


--------------------------------------------------------------------
Eval results: Cost:0.9528 Pre:1.0000 Re:1.0000 Acc:1.0000 F1:1.0000
--------------------------------------------------------------------

Epoch 71: Time: 0.3262 Cost: 0.9765 Pre: 1.0000 Re: 1.0000 Acc: 1.0000 F1: 1.0000
Epoch 72: Time: 0.3207 Cost: 0.9715 Pre: 1.0000 Re: 1.0000 Acc: 1.0000 F1: 1.0000
Epoch 73: Time: 0.3197 Cost: 0.9669 Pre: 1.0000 Re: 1.0000 Acc: 1.0000 F1: 1.0000
Epoch 74: Time: 0.3218 Cost: 0.9628 Pre: 1.0000 Re: 1.0000 Acc: 1.0000 F1: 1.0000
Epoch 75: Time: 0.3214 Cost: 0.9591 Pre: 1.0000 Re: 1.0000 Acc: 1.0000 F1: 1.0000
Epoch 76: Time: 0.3212 Cost: 0.9556 Pre: 1.0000 Re: 1.0000 Acc: 1.0000 F1: 1.0000
Epoch 77: Time: 0.3250 Cost: 0.9525 Pre: 1.0000 Re: 1.0000 Acc: 1.0000 F1: 1.0000
Epoch 78: Time: 0.3227 Cost: 0.9497 Pre: 1.0000 Re: 1.0000 Acc: 1.0000 F1: 1.0000
Epoch 79: Time: 0.3267 Cost: 0.9471 Pre: 1.0000 Re: 1.0000 Acc: 1.0000 F1: 1.0000
Epoch 80: Time: 0.3237 Cost: 0.9448 Pre: 1.0000 Re: 1.0000 Acc: 1.0000 F1: 1.0000


--------------------------------------------------------------------
Eval results: Cost:0.9224 Pre:1.0000 Re:1.0000 Acc:1.0000 F1:1.0000
--------------------------------------------------------------------

Epoch 81: Time: 0.3211 Cost: 0.9426 Pre: 1.0000 Re: 1.0000 Acc: 1.0000 F1: 1.0000
Epoch 82: Time: 0.3211 Cost: 0.9406 Pre: 1.0000 Re: 1.0000 Acc: 1.0000 F1: 1.0000
Epoch 83: Time: 0.3249 Cost: 0.9388 Pre: 1.0000 Re: 1.0000 Acc: 1.0000 F1: 1.0000
Epoch 84: Time: 0.3240 Cost: 0.9371 Pre: 1.0000 Re: 1.0000 Acc: 1.0000 F1: 1.0000
Epoch 85: Time: 0.3220 Cost: 0.9356 Pre: 1.0000 Re: 1.0000 Acc: 1.0000 F1: 1.0000
Epoch 86: Time: 0.3260 Cost: 0.9341 Pre: 1.0000 Re: 1.0000 Acc: 1.0000 F1: 1.0000
Epoch 87: Time: 0.3235 Cost: 0.9328 Pre: 1.0000 Re: 1.0000 Acc: 1.0000 F1: 1.0000
Epoch 88: Time: 0.3212 Cost: 0.9316 Pre: 1.0000 Re: 1.0000 Acc: 1.0000 F1: 1.0000
Epoch 89: Time: 0.3245 Cost: 0.9304 Pre: 1.0000 Re: 1.0000 Acc: 1.0000 F1: 1.0000
Epoch 90: Time: 0.3226 Cost: 0.9294 Pre: 1.0000 Re: 1.0000 Acc: 1.0000 F1: 1.0000


--------------------------------------------------------------------
Eval results: Cost:0.9097 Pre:1.0000 Re:1.0000 Acc:1.0000 F1:1.0000
--------------------------------------------------------------------

Epoch 91: Time: 0.3240 Cost: 0.9284 Pre: 1.0000 Re: 1.0000 Acc: 1.0000 F1: 1.0000
Epoch 92: Time: 0.3222 Cost: 0.9275 Pre: 1.0000 Re: 1.0000 Acc: 1.0000 F1: 1.0000
Epoch 93: Time: 0.3226 Cost: 0.9266 Pre: 1.0000 Re: 1.0000 Acc: 1.0000 F1: 1.0000
Epoch 94: Time: 0.3248 Cost: 0.9258 Pre: 1.0000 Re: 1.0000 Acc: 1.0000 F1: 1.0000
Epoch 95: Time: 0.3237 Cost: 0.9250 Pre: 1.0000 Re: 1.0000 Acc: 1.0000 F1: 1.0000
Epoch 96: Time: 0.3218 Cost: 0.9243 Pre: 1.0000 Re: 1.0000 Acc: 1.0000 F1: 1.0000
Epoch 97: Time: 0.3217 Cost: 0.9236 Pre: 1.0000 Re: 1.0000 Acc: 1.0000 F1: 1.0000
Epoch 98: Time: 0.3171 Cost: 0.9230 Pre: 1.0000 Re: 1.0000 Acc: 1.0000 F1: 1.0000
Epoch 99: Time: 0.3196 Cost: 0.9224 Pre: 1.0000 Re: 1.0000 Acc: 1.0000 F1: 1.0000
Epoch 100: Time: 0.3203 Cost: 0.9219 Pre: 1.0000 Re: 1.0000 Acc: 1.0000 F1: 1.0000


--------------------------------------------------------------------
Eval results: Cost:0.9034 Pre:1.0000 Re:1.0000 Acc:1.0000 F1:1.0000
--------------------------------------------------------------------

Epoch 101: Time: 0.3214 Cost: 0.9213 Pre: 1.0000 Re: 1.0000 Acc: 1.0000 F1: 1.0000
Epoch 102: Time: 0.3193 Cost: 0.9208 Pre: 1.0000 Re: 1.0000 Acc: 1.0000 F1: 1.0000
Epoch 103: Time: 0.3247 Cost: 0.9203 Pre: 1.0000 Re: 1.0000 Acc: 1.0000 F1: 1.0000
Epoch 104: Time: 0.3210 Cost: 0.9199 Pre: 1.0000 Re: 1.0000 Acc: 1.0000 F1: 1.0000
Epoch 105: Time: 0.3243 Cost: 0.9195 Pre: 1.0000 Re: 1.0000 Acc: 1.0000 F1: 1.0000
Epoch 106: Time: 0.3245 Cost: 0.9191 Pre: 1.0000 Re: 1.0000 Acc: 1.0000 F1: 1.0000
Epoch 107: Time: 0.3240 Cost: 0.9187 Pre: 1.0000 Re: 1.0000 Acc: 1.0000 F1: 1.0000
Epoch 108: Time: 0.3209 Cost: 0.9183 Pre: 1.0000 Re: 1.0000 Acc: 1.0000 F1: 1.0000
Epoch 109: Time: 0.3238 Cost: 0.9179 Pre: 1.0000 Re: 1.0000 Acc: 1.0000 F1: 1.0000
Epoch 110: Time: 0.3223 Cost: 0.9176 Pre: 1.0000 Re: 1.0000 Acc: 1.0000 F1: 1.0000


--------------------------------------------------------------------
Eval results: Cost:0.8997 Pre:1.0000 Re:1.0000 Acc:1.0000 F1:1.0000
--------------------------------------------------------------------

Epoch 111: Time: 0.3234 Cost: 0.9173 Pre: 1.0000 Re: 1.0000 Acc: 1.0000 F1: 1.0000
Epoch 112: Time: 0.3207 Cost: 0.9170 Pre: 1.0000 Re: 1.0000 Acc: 1.0000 F1: 1.0000
Epoch 113: Time: 0.3184 Cost: 0.9167 Pre: 1.0000 Re: 1.0000 Acc: 1.0000 F1: 1.0000
Epoch 114: Time: 0.3192 Cost: 0.9164 Pre: 1.0000 Re: 1.0000 Acc: 1.0000 F1: 1.0000
Epoch 115: Time: 0.3194 Cost: 0.9161 Pre: 1.0000 Re: 1.0000 Acc: 1.0000 F1: 1.0000
Epoch 116: Time: 0.3191 Cost: 0.9158 Pre: 1.0000 Re: 1.0000 Acc: 1.0000 F1: 1.0000
Epoch 117: Time: 0.3235 Cost: 0.9156 Pre: 1.0000 Re: 1.0000 Acc: 1.0000 F1: 1.0000
Epoch 118: Time: 0.3240 Cost: 0.9154 Pre: 1.0000 Re: 1.0000 Acc: 1.0000 F1: 1.0000
Epoch 119: Time: 0.3240 Cost: 0.9151 Pre: 1.0000 Re: 1.0000 Acc: 1.0000 F1: 1.0000
Epoch 120: Time: 0.3261 Cost: 0.9149 Pre: 1.0000 Re: 1.0000 Acc: 1.0000 F1: 1.0000


--------------------------------------------------------------------
Eval results: Cost:0.8974 Pre:1.0000 Re:1.0000 Acc:1.0000 F1:1.0000
--------------------------------------------------------------------

Epoch 121: Time: 0.3243 Cost: 0.9147 Pre: 1.0000 Re: 1.0000 Acc: 1.0000 F1: 1.0000
Epoch 122: Time: 0.3224 Cost: 0.9145 Pre: 1.0000 Re: 1.0000 Acc: 1.0000 F1: 1.0000
Epoch 123: Time: 0.3263 Cost: 0.9143 Pre: 1.0000 Re: 1.0000 Acc: 1.0000 F1: 1.0000
Epoch 124: Time: 0.3228 Cost: 0.9141 Pre: 1.0000 Re: 1.0000 Acc: 1.0000 F1: 1.0000
Epoch 125: Time: 0.3230 Cost: 0.9139 Pre: 1.0000 Re: 1.0000 Acc: 1.0000 F1: 1.0000
Epoch 126: Time: 0.3257 Cost: 0.9137 Pre: 1.0000 Re: 1.0000 Acc: 1.0000 F1: 1.0000
Epoch 127: Time: 0.3251 Cost: 0.9135 Pre: 1.0000 Re: 1.0000 Acc: 1.0000 F1: 1.0000
Epoch 128: Time: 0.3195 Cost: 0.9134 Pre: 1.0000 Re: 1.0000 Acc: 1.0000 F1: 1.0000
Epoch 129: Time: 0.3417 Cost: 0.9132 Pre: 1.0000 Re: 1.0000 Acc: 1.0000 F1: 1.0000
Epoch 130: Time: 0.3229 Cost: 0.9131 Pre: 1.0000 Re: 1.0000 Acc: 1.0000 F1: 1.0000


--------------------------------------------------------------------
Eval results: Cost:0.8959 Pre:1.0000 Re:1.0000 Acc:1.0000 F1:1.0000
--------------------------------------------------------------------

Epoch 131: Time: 0.3207 Cost: 0.9129 Pre: 1.0000 Re: 1.0000 Acc: 1.0000 F1: 1.0000
Epoch 132: Time: 0.3217 Cost: 0.9128 Pre: 1.0000 Re: 1.0000 Acc: 1.0000 F1: 1.0000
Epoch 133: Time: 0.3231 Cost: 0.9126 Pre: 1.0000 Re: 1.0000 Acc: 1.0000 F1: 1.0000
Epoch 134: Time: 0.3223 Cost: 0.9125 Pre: 1.0000 Re: 1.0000 Acc: 1.0000 F1: 1.0000
Epoch 135: Time: 0.3219 Cost: 0.9123 Pre: 1.0000 Re: 1.0000 Acc: 1.0000 F1: 1.0000
Epoch 136: Time: 0.3214 Cost: 0.9122 Pre: 1.0000 Re: 1.0000 Acc: 1.0000 F1: 1.0000
Epoch 137: Time: 0.3226 Cost: 0.9121 Pre: 1.0000 Re: 1.0000 Acc: 1.0000 F1: 1.0000
Epoch 138: Time: 0.3192 Cost: 0.9120 Pre: 1.0000 Re: 1.0000 Acc: 1.0000 F1: 1.0000
Epoch 139: Time: 0.3198 Cost: 0.9118 Pre: 1.0000 Re: 1.0000 Acc: 1.0000 F1: 1.0000
Epoch 140: Time: 0.3223 Cost: 0.9117 Pre: 1.0000 Re: 1.0000 Acc: 1.0000 F1: 1.0000


--------------------------------------------------------------------
Eval results: Cost:0.8947 Pre:1.0000 Re:1.0000 Acc:1.0000 F1:1.0000
--------------------------------------------------------------------

Epoch 141: Time: 0.3239 Cost: 0.9116 Pre: 1.0000 Re: 1.0000 Acc: 1.0000 F1: 1.0000
Epoch 142: Time: 0.3224 Cost: 0.9115 Pre: 1.0000 Re: 1.0000 Acc: 1.0000 F1: 1.0000
Epoch 143: Time: 0.3256 Cost: 0.9114 Pre: 1.0000 Re: 1.0000 Acc: 1.0000 F1: 1.0000
Epoch 144: Time: 0.3491 Cost: 0.9113 Pre: 1.0000 Re: 1.0000 Acc: 1.0000 F1: 1.0000
Epoch 145: Time: 0.4252 Cost: 0.9112 Pre: 1.0000 Re: 1.0000 Acc: 1.0000 F1: 1.0000
Epoch 146: Time: 0.3972 Cost: 0.9111 Pre: 1.0000 Re: 1.0000 Acc: 1.0000 F1: 1.0000
Epoch 147: Time: 0.3683 Cost: 0.9110 Pre: 1.0000 Re: 1.0000 Acc: 1.0000 F1: 1.0000
Epoch 148: Time: 0.3375 Cost: 0.9109 Pre: 1.0000 Re: 1.0000 Acc: 1.0000 F1: 1.0000
Epoch 149: Time: 0.4262 Cost: 0.9108 Pre: 1.0000 Re: 1.0000 Acc: 1.0000 F1: 1.0000
Epoch 150: Time: 0.3242 Cost: 0.9107 Pre: 1.0000 Re: 1.0000 Acc: 1.0000 F1: 1.0000


--------------------------------------------------------------------
Eval results: Cost:0.8938 Pre:1.0000 Re:1.0000 Acc:1.0000 F1:1.0000
--------------------------------------------------------------------

Epoch 151: Time: 0.3246 Cost: 0.9106 Pre: 1.0000 Re: 1.0000 Acc: 1.0000 F1: 1.0000
Epoch 152: Time: 0.3247 Cost: 0.9106 Pre: 1.0000 Re: 1.0000 Acc: 1.0000 F1: 1.0000
Epoch 153: Time: 0.3225 Cost: 0.9105 Pre: 1.0000 Re: 1.0000 Acc: 1.0000 F1: 1.0000
Epoch 154: Time: 0.3184 Cost: 0.9104 Pre: 1.0000 Re: 1.0000 Acc: 1.0000 F1: 1.0000
Epoch 155: Time: 0.3198 Cost: 0.9103 Pre: 1.0000 Re: 1.0000 Acc: 1.0000 F1: 1.0000
Epoch 156: Time: 0.3214 Cost: 0.9102 Pre: 1.0000 Re: 1.0000 Acc: 1.0000 F1: 1.0000
Epoch 157: Time: 0.3225 Cost: 0.9102 Pre: 1.0000 Re: 1.0000 Acc: 1.0000 F1: 1.0000
Epoch 158: Time: 0.3211 Cost: 0.9101 Pre: 1.0000 Re: 1.0000 Acc: 1.0000 F1: 1.0000
Epoch 159: Time: 0.3258 Cost: 0.9100 Pre: 1.0000 Re: 1.0000 Acc: 1.0000 F1: 1.0000
Epoch 160: Time: 0.3260 Cost: 0.9099 Pre: 1.0000 Re: 1.0000 Acc: 1.0000 F1: 1.0000


--------------------------------------------------------------------
Eval results: Cost:0.8931 Pre:1.0000 Re:1.0000 Acc:1.0000 F1:1.0000
--------------------------------------------------------------------

Epoch 161: Time: 0.3246 Cost: 0.9099 Pre: 1.0000 Re: 1.0000 Acc: 1.0000 F1: 1.0000
Epoch 162: Time: 0.3250 Cost: 0.9098 Pre: 1.0000 Re: 1.0000 Acc: 1.0000 F1: 1.0000
Epoch 163: Time: 0.3226 Cost: 0.9097 Pre: 1.0000 Re: 1.0000 Acc: 1.0000 F1: 1.0000
Epoch 164: Time: 0.3227 Cost: 0.9097 Pre: 1.0000 Re: 1.0000 Acc: 1.0000 F1: 1.0000
Epoch 165: Time: 0.3237 Cost: 0.9096 Pre: 1.0000 Re: 1.0000 Acc: 1.0000 F1: 1.0000
Epoch 166: Time: 0.3212 Cost: 0.9096 Pre: 1.0000 Re: 1.0000 Acc: 1.0000 F1: 1.0000
Epoch 167: Time: 0.3220 Cost: 0.9095 Pre: 1.0000 Re: 1.0000 Acc: 1.0000 F1: 1.0000
Epoch 168: Time: 0.3204 Cost: 0.9094 Pre: 1.0000 Re: 1.0000 Acc: 1.0000 F1: 1.0000
Epoch 169: Time: 0.3170 Cost: 0.9094 Pre: 1.0000 Re: 1.0000 Acc: 1.0000 F1: 1.0000
Epoch 170: Time: 0.3220 Cost: 0.9093 Pre: 1.0000 Re: 1.0000 Acc: 1.0000 F1: 1.0000


--------------------------------------------------------------------
Eval results: Cost:0.8926 Pre:1.0000 Re:1.0000 Acc:1.0000 F1:1.0000
--------------------------------------------------------------------

Epoch 171: Time: 0.3204 Cost: 0.9093 Pre: 1.0000 Re: 1.0000 Acc: 1.0000 F1: 1.0000
Epoch 172: Time: 0.3210 Cost: 0.9092 Pre: 1.0000 Re: 1.0000 Acc: 1.0000 F1: 1.0000
Epoch 173: Time: 0.3240 Cost: 0.9092 Pre: 1.0000 Re: 1.0000 Acc: 1.0000 F1: 1.0000
Epoch 174: Time: 0.3232 Cost: 0.9091 Pre: 1.0000 Re: 1.0000 Acc: 1.0000 F1: 1.0000
Epoch 175: Time: 0.3224 Cost: 0.9091 Pre: 1.0000 Re: 1.0000 Acc: 1.0000 F1: 1.0000
Epoch 176: Time: 0.3254 Cost: 0.9090 Pre: 1.0000 Re: 1.0000 Acc: 1.0000 F1: 1.0000
Epoch 177: Time: 0.3230 Cost: 0.9090 Pre: 1.0000 Re: 1.0000 Acc: 1.0000 F1: 1.0000
Epoch 178: Time: 0.3221 Cost: 0.9089 Pre: 1.0000 Re: 1.0000 Acc: 1.0000 F1: 1.0000
Epoch 179: Time: 0.3263 Cost: 0.9089 Pre: 1.0000 Re: 1.0000 Acc: 1.0000 F1: 1.0000
Epoch 180: Time: 0.3214 Cost: 0.9088 Pre: 1.0000 Re: 1.0000 Acc: 1.0000 F1: 1.0000


--------------------------------------------------------------------
Eval results: Cost:0.8922 Pre:1.0000 Re:1.0000 Acc:1.0000 F1:1.0000
--------------------------------------------------------------------

Epoch 181: Time: 0.3237 Cost: 0.9088 Pre: 1.0000 Re: 1.0000 Acc: 1.0000 F1: 1.0000
Epoch 182: Time: 0.3228 Cost: 0.9087 Pre: 1.0000 Re: 1.0000 Acc: 1.0000 F1: 1.0000
Epoch 183: Time: 0.3216 Cost: 0.9087 Pre: 1.0000 Re: 1.0000 Acc: 1.0000 F1: 1.0000
Epoch 184: Time: 0.3220 Cost: 0.9086 Pre: 1.0000 Re: 1.0000 Acc: 1.0000 F1: 1.0000
Epoch 185: Time: 0.3205 Cost: 0.9086 Pre: 1.0000 Re: 1.0000 Acc: 1.0000 F1: 1.0000
Epoch 186: Time: 0.3194 Cost: 0.9085 Pre: 1.0000 Re: 1.0000 Acc: 1.0000 F1: 1.0000
Epoch 187: Time: 0.3220 Cost: 0.9085 Pre: 1.0000 Re: 1.0000 Acc: 1.0000 F1: 1.0000
Epoch 188: Time: 0.3249 Cost: 0.9085 Pre: 1.0000 Re: 1.0000 Acc: 1.0000 F1: 1.0000
Epoch 189: Time: 0.3223 Cost: 0.9084 Pre: 1.0000 Re: 1.0000 Acc: 1.0000 F1: 1.0000
Epoch 190: Time: 0.3252 Cost: 0.9084 Pre: 1.0000 Re: 1.0000 Acc: 1.0000 F1: 1.0000


--------------------------------------------------------------------
Eval results: Cost:0.8918 Pre:1.0000 Re:1.0000 Acc:1.0000 F1:1.0000
--------------------------------------------------------------------

Early stopping...
--------------------------------------------------------------------
--------------------------------------------------------------------
Test 10470 samples take time: 1.5023
Test results: Cost:0.8854 Pre:1.0000 Re:1.0000 Acc:1.0000 F1:1.0000
--------------------------------------------------------------------

