16768
16562
16206
16632
16380
16425
Load data
RNN type: LSTM Grammar: g4 Seed: 9
Model total parameters: 480
Saving hinit ... 

Epoch 0: Time: 0.3887 Cost: 26.2840 Pre: 0.8750 Re: 0.0027 Acc: 0.4984 F1: 0.0053


--------------------------------------------------------------------
Eval results: Cost:23.3647 Pre:0.7408 Re:0.1970 Acc:0.5686 F1:0.3112
--------------------------------------------------------------------

Epoch 1: Time: 0.3091 Cost: 20.2718 Pre: 0.7669 Re: 0.6849 Acc: 0.7369 F1: 0.7236
Epoch 2: Time: 0.3059 Cost: 16.2128 Pre: 0.7803 Re: 0.8055 Acc: 0.7882 F1: 0.7927
Epoch 3: Time: 0.3082 Cost: 13.4091 Pre: 0.8085 Re: 0.8548 Acc: 0.8252 F1: 0.8310
Epoch 4: Time: 0.3095 Cost: 10.9803 Pre: 0.8567 Re: 0.8862 Acc: 0.8683 F1: 0.8712
Epoch 5: Time: 0.3122 Cost: 8.7792 Pre: 0.8985 Re: 0.9200 Acc: 0.9075 F1: 0.9091
Epoch 6: Time: 0.3126 Cost: 6.9516 Pre: 0.9117 Re: 0.9477 Acc: 0.9276 F1: 0.9293
Epoch 7: Time: 0.3079 Cost: 5.6080 Pre: 0.9189 Re: 0.9708 Acc: 0.9422 F1: 0.9441
Epoch 8: Time: 0.3062 Cost: 4.6570 Pre: 0.9274 Re: 0.9837 Acc: 0.9531 F1: 0.9547
Epoch 9: Time: 0.3087 Cost: 3.9555 Pre: 0.9311 Re: 0.9890 Acc: 0.9577 F1: 0.9592
Epoch 10: Time: 0.3079 Cost: 3.3885 Pre: 0.9374 Re: 0.9932 Acc: 0.9632 F1: 0.9645


--------------------------------------------------------------------
Eval results: Cost:2.9569 Pre:0.9473 Re:0.9963 Acc:0.9707 F1:0.9712
--------------------------------------------------------------------

Epoch 11: Time: 0.3198 Cost: 2.9704 Pre: 0.9438 Re: 0.9943 Acc: 0.9674 F1: 0.9684
Epoch 12: Time: 0.3140 Cost: 2.6536 Pre: 0.9755 Re: 0.9954 Acc: 0.9851 F1: 0.9854
Epoch 13: Time: 0.3105 Cost: 2.4013 Pre: 0.9887 Re: 0.9966 Acc: 0.9926 F1: 0.9926
Epoch 14: Time: 0.3136 Cost: 2.2049 Pre: 0.9940 Re: 0.9973 Acc: 0.9956 F1: 0.9956
Epoch 15: Time: 0.3127 Cost: 2.0471 Pre: 0.9996 Re: 0.9981 Acc: 0.9989 F1: 0.9989
Epoch 16: Time: 0.3168 Cost: 1.9176 Pre: 1.0000 Re: 0.9981 Acc: 0.9990 F1: 0.9991
Epoch 17: Time: 0.3097 Cost: 1.8103 Pre: 1.0000 Re: 0.9985 Acc: 0.9992 F1: 0.9992
Epoch 18: Time: 0.3095 Cost: 1.7208 Pre: 1.0000 Re: 0.9985 Acc: 0.9992 F1: 0.9992
Epoch 19: Time: 0.3162 Cost: 1.6451 Pre: 1.0000 Re: 0.9989 Acc: 0.9994 F1: 0.9994
Epoch 20: Time: 0.3173 Cost: 1.5800 Pre: 1.0000 Re: 0.9989 Acc: 0.9994 F1: 0.9994


--------------------------------------------------------------------
Eval results: Cost:1.4054 Pre:1.0000 Re:0.9985 Acc:0.9993 F1:0.9993
--------------------------------------------------------------------

Epoch 21: Time: 0.3089 Cost: 1.5226 Pre: 1.0000 Re: 0.9989 Acc: 0.9994 F1: 0.9994
Epoch 22: Time: 0.3095 Cost: 1.4719 Pre: 1.0000 Re: 0.9992 Acc: 0.9996 F1: 0.9996
Epoch 23: Time: 0.3151 Cost: 1.4265 Pre: 1.0000 Re: 0.9992 Acc: 0.9996 F1: 0.9996
Epoch 24: Time: 0.3164 Cost: 1.3854 Pre: 1.0000 Re: 0.9992 Acc: 0.9996 F1: 0.9996
Epoch 25: Time: 0.3115 Cost: 1.3479 Pre: 1.0000 Re: 0.9992 Acc: 0.9996 F1: 0.9996
Epoch 26: Time: 0.3112 Cost: 1.3139 Pre: 1.0000 Re: 0.9992 Acc: 0.9996 F1: 0.9996
Epoch 27: Time: 0.3145 Cost: 1.2829 Pre: 1.0000 Re: 0.9992 Acc: 0.9996 F1: 0.9996
Epoch 28: Time: 0.3174 Cost: 1.2549 Pre: 1.0000 Re: 0.9992 Acc: 0.9996 F1: 0.9996
Epoch 29: Time: 0.3142 Cost: 1.2294 Pre: 1.0000 Re: 0.9992 Acc: 0.9996 F1: 0.9996
Epoch 30: Time: 0.3164 Cost: 1.2063 Pre: 1.0000 Re: 0.9992 Acc: 0.9996 F1: 0.9996


--------------------------------------------------------------------
Eval results: Cost:1.1355 Pre:1.0000 Re:0.9993 Acc:0.9996 F1:0.9996
--------------------------------------------------------------------

Epoch 31: Time: 0.3096 Cost: 1.1852 Pre: 1.0000 Re: 0.9992 Acc: 0.9996 F1: 0.9996
Epoch 32: Time: 0.3102 Cost: 1.1662 Pre: 1.0000 Re: 0.9992 Acc: 0.9996 F1: 0.9996
Epoch 33: Time: 0.3135 Cost: 1.1488 Pre: 1.0000 Re: 0.9992 Acc: 0.9996 F1: 0.9996
Epoch 34: Time: 0.3187 Cost: 1.1330 Pre: 1.0000 Re: 0.9992 Acc: 0.9996 F1: 0.9996
Epoch 35: Time: 0.3121 Cost: 1.1186 Pre: 1.0000 Re: 0.9992 Acc: 0.9996 F1: 0.9996
Epoch 36: Time: 0.3053 Cost: 1.1054 Pre: 1.0000 Re: 0.9992 Acc: 0.9996 F1: 0.9996
Epoch 37: Time: 0.3153 Cost: 1.0933 Pre: 1.0000 Re: 0.9992 Acc: 0.9996 F1: 0.9996
Epoch 38: Time: 0.3055 Cost: 1.0822 Pre: 1.0000 Re: 0.9992 Acc: 0.9996 F1: 0.9996
Epoch 39: Time: 0.3068 Cost: 1.0720 Pre: 1.0000 Re: 0.9992 Acc: 0.9996 F1: 0.9996
Epoch 40: Time: 0.3112 Cost: 1.0626 Pre: 1.0000 Re: 0.9992 Acc: 0.9996 F1: 0.9996


--------------------------------------------------------------------
Eval results: Cost:1.0269 Pre:1.0000 Re:0.9993 Acc:0.9996 F1:0.9996
--------------------------------------------------------------------

Epoch 41: Time: 0.3162 Cost: 1.0540 Pre: 1.0000 Re: 0.9992 Acc: 0.9996 F1: 0.9996
Epoch 42: Time: 0.3131 Cost: 1.0461 Pre: 1.0000 Re: 0.9992 Acc: 0.9996 F1: 0.9996
Epoch 43: Time: 0.3145 Cost: 1.0388 Pre: 1.0000 Re: 0.9992 Acc: 0.9996 F1: 0.9996
Epoch 44: Time: 0.3123 Cost: 1.0320 Pre: 1.0000 Re: 0.9992 Acc: 0.9996 F1: 0.9996
Epoch 45: Time: 0.3178 Cost: 1.0258 Pre: 1.0000 Re: 0.9992 Acc: 0.9996 F1: 0.9996
Epoch 46: Time: 0.3158 Cost: 1.0200 Pre: 1.0000 Re: 0.9992 Acc: 0.9996 F1: 0.9996
Epoch 47: Time: 0.3081 Cost: 1.0147 Pre: 1.0000 Re: 0.9992 Acc: 0.9996 F1: 0.9996
Epoch 48: Time: 0.3077 Cost: 1.0098 Pre: 1.0000 Re: 0.9992 Acc: 0.9996 F1: 0.9996
Epoch 49: Time: 0.3113 Cost: 1.0052 Pre: 1.0000 Re: 0.9992 Acc: 0.9996 F1: 0.9996
Epoch 50: Time: 0.3382 Cost: 1.0009 Pre: 1.0000 Re: 0.9992 Acc: 0.9996 F1: 0.9996


--------------------------------------------------------------------
Eval results: Cost:0.9802 Pre:1.0000 Re:0.9993 Acc:0.9996 F1:0.9996
--------------------------------------------------------------------

Epoch 51: Time: 0.3128 Cost: 0.9969 Pre: 1.0000 Re: 0.9992 Acc: 0.9996 F1: 0.9996
Epoch 52: Time: 0.3058 Cost: 0.9933 Pre: 1.0000 Re: 0.9992 Acc: 0.9996 F1: 0.9996
Epoch 53: Time: 0.3052 Cost: 0.9898 Pre: 1.0000 Re: 0.9992 Acc: 0.9996 F1: 0.9996
Epoch 54: Time: 0.3072 Cost: 0.9866 Pre: 1.0000 Re: 0.9992 Acc: 0.9996 F1: 0.9996
Epoch 55: Time: 0.3196 Cost: 0.9836 Pre: 1.0000 Re: 0.9992 Acc: 0.9996 F1: 0.9996
Epoch 56: Time: 0.3184 Cost: 0.9808 Pre: 1.0000 Re: 0.9992 Acc: 0.9996 F1: 0.9996
Epoch 57: Time: 0.3104 Cost: 0.9781 Pre: 1.0000 Re: 0.9992 Acc: 0.9996 F1: 0.9996
Epoch 58: Time: 0.3102 Cost: 0.9757 Pre: 1.0000 Re: 0.9992 Acc: 0.9996 F1: 0.9996
Epoch 59: Time: 0.3117 Cost: 0.9734 Pre: 1.0000 Re: 0.9992 Acc: 0.9996 F1: 0.9996
Epoch 60: Time: 0.3149 Cost: 0.9712 Pre: 1.0000 Re: 0.9992 Acc: 0.9996 F1: 0.9996


--------------------------------------------------------------------
Eval results: Cost:0.9587 Pre:1.0000 Re:0.9993 Acc:0.9996 F1:0.9996
--------------------------------------------------------------------

Epoch 61: Time: 0.3087 Cost: 0.9691 Pre: 1.0000 Re: 0.9992 Acc: 0.9996 F1: 0.9996
Epoch 62: Time: 0.3079 Cost: 0.9672 Pre: 1.0000 Re: 0.9992 Acc: 0.9996 F1: 0.9996
Epoch 63: Time: 0.3144 Cost: 0.9654 Pre: 1.0000 Re: 0.9992 Acc: 0.9996 F1: 0.9996
Epoch 64: Time: 0.3155 Cost: 0.9637 Pre: 1.0000 Re: 0.9992 Acc: 0.9996 F1: 0.9996
Epoch 65: Time: 0.3871 Cost: 0.9621 Pre: 1.0000 Re: 0.9992 Acc: 0.9996 F1: 0.9996
Epoch 66: Time: 0.3550 Cost: 0.9606 Pre: 1.0000 Re: 0.9992 Acc: 0.9996 F1: 0.9996
Epoch 67: Time: 0.3063 Cost: 0.9592 Pre: 1.0000 Re: 0.9992 Acc: 0.9996 F1: 0.9996
Epoch 68: Time: 0.3094 Cost: 0.9578 Pre: 1.0000 Re: 0.9992 Acc: 0.9996 F1: 0.9996
Epoch 69: Time: 0.3149 Cost: 0.9566 Pre: 1.0000 Re: 0.9996 Acc: 0.9998 F1: 0.9998
Epoch 70: Time: 0.3159 Cost: 0.9554 Pre: 1.0000 Re: 0.9996 Acc: 0.9998 F1: 0.9998


--------------------------------------------------------------------
Eval results: Cost:0.9477 Pre:1.0000 Re:0.9993 Acc:0.9996 F1:0.9996
--------------------------------------------------------------------

Epoch 71: Time: 0.3083 Cost: 0.9542 Pre: 1.0000 Re: 0.9996 Acc: 0.9998 F1: 0.9998
Epoch 72: Time: 0.3074 Cost: 0.9532 Pre: 1.0000 Re: 0.9996 Acc: 0.9998 F1: 0.9998
Epoch 73: Time: 0.3068 Cost: 0.9522 Pre: 1.0000 Re: 0.9996 Acc: 0.9998 F1: 0.9998
Epoch 74: Time: 0.3056 Cost: 0.9512 Pre: 1.0000 Re: 0.9996 Acc: 0.9998 F1: 0.9998
Epoch 75: Time: 0.3102 Cost: 0.9503 Pre: 1.0000 Re: 0.9996 Acc: 0.9998 F1: 0.9998
Epoch 76: Time: 0.3064 Cost: 0.9495 Pre: 1.0000 Re: 0.9996 Acc: 0.9998 F1: 0.9998
Epoch 77: Time: 0.3075 Cost: 0.9487 Pre: 1.0000 Re: 0.9996 Acc: 0.9998 F1: 0.9998
Epoch 78: Time: 0.3081 Cost: 0.9479 Pre: 1.0000 Re: 0.9996 Acc: 0.9998 F1: 0.9998
Epoch 79: Time: 0.3130 Cost: 0.9472 Pre: 1.0000 Re: 0.9996 Acc: 0.9998 F1: 0.9998
Epoch 80: Time: 0.3153 Cost: 0.9465 Pre: 1.0000 Re: 0.9996 Acc: 0.9998 F1: 0.9998


--------------------------------------------------------------------
Eval results: Cost:0.9416 Pre:1.0000 Re:0.9993 Acc:0.9996 F1:0.9996
--------------------------------------------------------------------

Epoch 81: Time: 0.3158 Cost: 0.9458 Pre: 1.0000 Re: 0.9996 Acc: 0.9998 F1: 0.9998
Epoch 82: Time: 0.3082 Cost: 0.9452 Pre: 1.0000 Re: 0.9996 Acc: 0.9998 F1: 0.9998
Epoch 83: Time: 0.3042 Cost: 0.9446 Pre: 1.0000 Re: 0.9996 Acc: 0.9998 F1: 0.9998
Epoch 84: Time: 0.3079 Cost: 0.9440 Pre: 1.0000 Re: 0.9996 Acc: 0.9998 F1: 0.9998
Epoch 85: Time: 0.3104 Cost: 0.9435 Pre: 1.0000 Re: 0.9996 Acc: 0.9998 F1: 0.9998
Epoch 86: Time: 0.3118 Cost: 0.9430 Pre: 1.0000 Re: 0.9996 Acc: 0.9998 F1: 0.9998
Epoch 87: Time: 0.3182 Cost: 0.9425 Pre: 1.0000 Re: 0.9996 Acc: 0.9998 F1: 0.9998
Epoch 88: Time: 0.3139 Cost: 0.9420 Pre: 1.0000 Re: 0.9996 Acc: 0.9998 F1: 0.9998
Epoch 89: Time: 0.3090 Cost: 0.9416 Pre: 1.0000 Re: 0.9996 Acc: 0.9998 F1: 0.9998
Epoch 90: Time: 0.3129 Cost: 0.9411 Pre: 1.0000 Re: 0.9996 Acc: 0.9998 F1: 0.9998


--------------------------------------------------------------------
Eval results: Cost:0.9379 Pre:1.0000 Re:0.9993 Acc:0.9996 F1:0.9996
--------------------------------------------------------------------

Epoch 91: Time: 0.3121 Cost: 0.9407 Pre: 1.0000 Re: 0.9996 Acc: 0.9998 F1: 0.9998
Epoch 92: Time: 0.3087 Cost: 0.9403 Pre: 1.0000 Re: 0.9996 Acc: 0.9998 F1: 0.9998
Epoch 93: Time: 0.3131 Cost: 0.9400 Pre: 1.0000 Re: 0.9996 Acc: 0.9998 F1: 0.9998
Epoch 94: Time: 0.3106 Cost: 0.9396 Pre: 1.0000 Re: 0.9996 Acc: 0.9998 F1: 0.9998
Epoch 95: Time: 0.3148 Cost: 0.9392 Pre: 1.0000 Re: 0.9996 Acc: 0.9998 F1: 0.9998
Epoch 96: Time: 0.3121 Cost: 0.9389 Pre: 1.0000 Re: 0.9996 Acc: 0.9998 F1: 0.9998
Epoch 97: Time: 0.3088 Cost: 0.9386 Pre: 1.0000 Re: 0.9996 Acc: 0.9998 F1: 0.9998
Epoch 98: Time: 0.3051 Cost: 0.9383 Pre: 1.0000 Re: 0.9996 Acc: 0.9998 F1: 0.9998
Epoch 99: Time: 0.3070 Cost: 0.9380 Pre: 1.0000 Re: 0.9996 Acc: 0.9998 F1: 0.9998
Epoch 100: Time: 0.3112 Cost: 0.9377 Pre: 1.0000 Re: 0.9996 Acc: 0.9998 F1: 0.9998


--------------------------------------------------------------------
Eval results: Cost:0.9355 Pre:1.0000 Re:0.9993 Acc:0.9996 F1:0.9996
--------------------------------------------------------------------

Epoch 101: Time: 0.3125 Cost: 0.9374 Pre: 1.0000 Re: 0.9996 Acc: 0.9998 F1: 0.9998
Epoch 102: Time: 0.3100 Cost: 0.9372 Pre: 1.0000 Re: 0.9996 Acc: 0.9998 F1: 0.9998
Epoch 103: Time: 0.3059 Cost: 0.9369 Pre: 1.0000 Re: 0.9996 Acc: 0.9998 F1: 0.9998
Epoch 104: Time: 0.3056 Cost: 0.9367 Pre: 1.0000 Re: 0.9996 Acc: 0.9998 F1: 0.9998
Epoch 105: Time: 0.3083 Cost: 0.9364 Pre: 1.0000 Re: 0.9996 Acc: 0.9998 F1: 0.9998
Epoch 106: Time: 0.3100 Cost: 0.9362 Pre: 1.0000 Re: 0.9996 Acc: 0.9998 F1: 0.9998
Epoch 107: Time: 0.3113 Cost: 0.9360 Pre: 1.0000 Re: 0.9996 Acc: 0.9998 F1: 0.9998
Epoch 108: Time: 0.3146 Cost: 0.9358 Pre: 1.0000 Re: 0.9996 Acc: 0.9998 F1: 0.9998
Epoch 109: Time: 0.3135 Cost: 0.9355 Pre: 1.0000 Re: 0.9996 Acc: 0.9998 F1: 0.9998
Epoch 110: Time: 0.3130 Cost: 0.9353 Pre: 1.0000 Re: 0.9996 Acc: 0.9998 F1: 0.9998


--------------------------------------------------------------------
Eval results: Cost:0.9338 Pre:1.0000 Re:0.9993 Acc:0.9996 F1:0.9996
--------------------------------------------------------------------

Epoch 111: Time: 0.3054 Cost: 0.9352 Pre: 1.0000 Re: 0.9996 Acc: 0.9998 F1: 0.9998
Epoch 112: Time: 0.3075 Cost: 0.9350 Pre: 1.0000 Re: 0.9996 Acc: 0.9998 F1: 0.9998
Epoch 113: Time: 0.3158 Cost: 0.9348 Pre: 1.0000 Re: 0.9996 Acc: 0.9998 F1: 0.9998
Epoch 114: Time: 0.3141 Cost: 0.9346 Pre: 1.0000 Re: 0.9996 Acc: 0.9998 F1: 0.9998
Epoch 115: Time: 0.3125 Cost: 0.9344 Pre: 1.0000 Re: 0.9996 Acc: 0.9998 F1: 0.9998
Epoch 116: Time: 0.3095 Cost: 0.9343 Pre: 1.0000 Re: 0.9996 Acc: 0.9998 F1: 0.9998
Epoch 117: Time: 0.3131 Cost: 0.9341 Pre: 1.0000 Re: 0.9996 Acc: 0.9998 F1: 0.9998
Epoch 118: Time: 0.3143 Cost: 0.9339 Pre: 1.0000 Re: 0.9996 Acc: 0.9998 F1: 0.9998
Epoch 119: Time: 0.3146 Cost: 0.9338 Pre: 1.0000 Re: 0.9996 Acc: 0.9998 F1: 0.9998
Epoch 120: Time: 0.3127 Cost: 0.9336 Pre: 1.0000 Re: 0.9996 Acc: 0.9998 F1: 0.9998


--------------------------------------------------------------------
Eval results: Cost:0.9325 Pre:1.0000 Re:0.9993 Acc:0.9996 F1:0.9996
--------------------------------------------------------------------

Epoch 121: Time: 0.3285 Cost: 0.9335 Pre: 1.0000 Re: 0.9996 Acc: 0.9998 F1: 0.9998
Epoch 122: Time: 0.3292 Cost: 0.9334 Pre: 1.0000 Re: 0.9996 Acc: 0.9998 F1: 0.9998
Epoch 123: Time: 0.3213 Cost: 0.9332 Pre: 1.0000 Re: 0.9996 Acc: 0.9998 F1: 0.9998
Epoch 124: Time: 0.3092 Cost: 0.9331 Pre: 1.0000 Re: 0.9996 Acc: 0.9998 F1: 0.9998
Epoch 125: Time: 0.3159 Cost: 0.9329 Pre: 1.0000 Re: 0.9996 Acc: 0.9998 F1: 0.9998
Epoch 126: Time: 0.3130 Cost: 0.9328 Pre: 1.0000 Re: 0.9996 Acc: 0.9998 F1: 0.9998
Epoch 127: Time: 0.3132 Cost: 0.9327 Pre: 1.0000 Re: 0.9996 Acc: 0.9998 F1: 0.9998
Epoch 128: Time: 0.3156 Cost: 0.9326 Pre: 1.0000 Re: 0.9996 Acc: 0.9998 F1: 0.9998
Epoch 129: Time: 0.3097 Cost: 0.9325 Pre: 1.0000 Re: 0.9996 Acc: 0.9998 F1: 0.9998
Epoch 130: Time: 0.3096 Cost: 0.9323 Pre: 1.0000 Re: 0.9996 Acc: 0.9998 F1: 0.9998


--------------------------------------------------------------------
Eval results: Cost:0.9315 Pre:1.0000 Re:0.9993 Acc:0.9996 F1:0.9996
--------------------------------------------------------------------

Epoch 131: Time: 0.3161 Cost: 0.9322 Pre: 1.0000 Re: 0.9996 Acc: 0.9998 F1: 0.9998
Epoch 132: Time: 0.3179 Cost: 0.9321 Pre: 1.0000 Re: 0.9996 Acc: 0.9998 F1: 0.9998
Epoch 133: Time: 0.3095 Cost: 0.9320 Pre: 1.0000 Re: 0.9996 Acc: 0.9998 F1: 0.9998
Epoch 134: Time: 0.3099 Cost: 0.9319 Pre: 1.0000 Re: 0.9996 Acc: 0.9998 F1: 0.9998
Epoch 135: Time: 0.3151 Cost: 0.9318 Pre: 1.0000 Re: 0.9996 Acc: 0.9998 F1: 0.9998
Epoch 136: Time: 0.3149 Cost: 0.9317 Pre: 1.0000 Re: 0.9996 Acc: 0.9998 F1: 0.9998
Epoch 137: Time: 0.3179 Cost: 0.9316 Pre: 1.0000 Re: 0.9996 Acc: 0.9998 F1: 0.9998
Epoch 138: Time: 0.3100 Cost: 0.9315 Pre: 1.0000 Re: 0.9996 Acc: 0.9998 F1: 0.9998
Epoch 139: Time: 0.3087 Cost: 0.9314 Pre: 1.0000 Re: 0.9996 Acc: 0.9998 F1: 0.9998
Epoch 140: Time: 0.3127 Cost: 0.9313 Pre: 1.0000 Re: 0.9996 Acc: 0.9998 F1: 0.9998


--------------------------------------------------------------------
Eval results: Cost:0.9307 Pre:1.0000 Re:0.9993 Acc:0.9996 F1:0.9996
--------------------------------------------------------------------

Epoch 141: Time: 0.3146 Cost: 0.9312 Pre: 1.0000 Re: 0.9996 Acc: 0.9998 F1: 0.9998
Epoch 142: Time: 0.3106 Cost: 0.9311 Pre: 1.0000 Re: 0.9996 Acc: 0.9998 F1: 0.9998
Epoch 143: Time: 0.3111 Cost: 0.9310 Pre: 1.0000 Re: 0.9996 Acc: 0.9998 F1: 0.9998
Epoch 144: Time: 0.3116 Cost: 0.9310 Pre: 1.0000 Re: 0.9996 Acc: 0.9998 F1: 0.9998
Epoch 145: Time: 0.3139 Cost: 0.9309 Pre: 1.0000 Re: 0.9996 Acc: 0.9998 F1: 0.9998
Epoch 146: Time: 0.3164 Cost: 0.9308 Pre: 1.0000 Re: 0.9996 Acc: 0.9998 F1: 0.9998
Epoch 147: Time: 0.3109 Cost: 0.9307 Pre: 1.0000 Re: 0.9996 Acc: 0.9998 F1: 0.9998
Epoch 148: Time: 0.3111 Cost: 0.9306 Pre: 1.0000 Re: 0.9996 Acc: 0.9998 F1: 0.9998
Epoch 149: Time: 0.3136 Cost: 0.9306 Pre: 1.0000 Re: 0.9996 Acc: 0.9998 F1: 0.9998
Epoch 150: Time: 0.3158 Cost: 0.9305 Pre: 1.0000 Re: 0.9996 Acc: 0.9998 F1: 0.9998


--------------------------------------------------------------------
Eval results: Cost:0.9301 Pre:1.0000 Re:0.9993 Acc:0.9996 F1:0.9996
--------------------------------------------------------------------

Epoch 151: Time: 0.3137 Cost: 0.9304 Pre: 1.0000 Re: 0.9996 Acc: 0.9998 F1: 0.9998
Epoch 152: Time: 0.3100 Cost: 0.9303 Pre: 1.0000 Re: 0.9996 Acc: 0.9998 F1: 0.9998
Epoch 153: Time: 0.3151 Cost: 0.9303 Pre: 1.0000 Re: 0.9996 Acc: 0.9998 F1: 0.9998
Epoch 154: Time: 0.3152 Cost: 0.9302 Pre: 1.0000 Re: 0.9996 Acc: 0.9998 F1: 0.9998
Epoch 155: Time: 0.3157 Cost: 0.9301 Pre: 1.0000 Re: 0.9996 Acc: 0.9998 F1: 0.9998
Epoch 156: Time: 0.3102 Cost: 0.9300 Pre: 1.0000 Re: 0.9996 Acc: 0.9998 F1: 0.9998
Epoch 157: Time: 0.3097 Cost: 0.9300 Pre: 1.0000 Re: 0.9996 Acc: 0.9998 F1: 0.9998
Epoch 158: Time: 0.3156 Cost: 0.9299 Pre: 1.0000 Re: 0.9996 Acc: 0.9998 F1: 0.9998
Epoch 159: Time: 0.3162 Cost: 0.9298 Pre: 1.0000 Re: 0.9996 Acc: 0.9998 F1: 0.9998
Epoch 160: Time: 0.3140 Cost: 0.9298 Pre: 1.0000 Re: 0.9996 Acc: 0.9998 F1: 0.9998


--------------------------------------------------------------------
Eval results: Cost:0.9295 Pre:1.0000 Re:0.9993 Acc:0.9996 F1:0.9996
--------------------------------------------------------------------

Epoch 161: Time: 0.3135 Cost: 0.9297 Pre: 1.0000 Re: 0.9996 Acc: 0.9998 F1: 0.9998
Epoch 162: Time: 0.3158 Cost: 0.9297 Pre: 1.0000 Re: 0.9996 Acc: 0.9998 F1: 0.9998
Epoch 163: Time: 0.3174 Cost: 0.9296 Pre: 1.0000 Re: 0.9996 Acc: 0.9998 F1: 0.9998
Epoch 164: Time: 0.3120 Cost: 0.9295 Pre: 1.0000 Re: 0.9996 Acc: 0.9998 F1: 0.9998
Epoch 165: Time: 0.3089 Cost: 0.9295 Pre: 1.0000 Re: 0.9996 Acc: 0.9998 F1: 0.9998
Epoch 166: Time: 0.3160 Cost: 0.9294 Pre: 1.0000 Re: 0.9996 Acc: 0.9998 F1: 0.9998
Epoch 167: Time: 0.3173 Cost: 0.9294 Pre: 1.0000 Re: 0.9996 Acc: 0.9998 F1: 0.9998
Epoch 168: Time: 0.3808 Cost: 0.9293 Pre: 1.0000 Re: 0.9996 Acc: 0.9998 F1: 0.9998
Epoch 169: Time: 0.3282 Cost: 0.9292 Pre: 1.0000 Re: 0.9996 Acc: 0.9998 F1: 0.9998
Epoch 170: Time: 0.3100 Cost: 0.9292 Pre: 1.0000 Re: 0.9996 Acc: 0.9998 F1: 0.9998


--------------------------------------------------------------------
Eval results: Cost:0.9290 Pre:1.0000 Re:0.9993 Acc:0.9996 F1:0.9996
--------------------------------------------------------------------

Epoch 171: Time: 0.3150 Cost: 0.9291 Pre: 1.0000 Re: 0.9996 Acc: 0.9998 F1: 0.9998
Epoch 172: Time: 0.3134 Cost: 0.9291 Pre: 1.0000 Re: 0.9996 Acc: 0.9998 F1: 0.9998
Epoch 173: Time: 0.3096 Cost: 0.9290 Pre: 1.0000 Re: 0.9996 Acc: 0.9998 F1: 0.9998
Epoch 174: Time: 0.3085 Cost: 0.9290 Pre: 1.0000 Re: 0.9996 Acc: 0.9998 F1: 0.9998
Epoch 175: Time: 0.3169 Cost: 0.9289 Pre: 1.0000 Re: 0.9996 Acc: 0.9998 F1: 0.9998
Epoch 176: Time: 0.3166 Cost: 0.9289 Pre: 1.0000 Re: 0.9996 Acc: 0.9998 F1: 0.9998
Epoch 177: Time: 0.3124 Cost: 0.9288 Pre: 1.0000 Re: 0.9996 Acc: 0.9998 F1: 0.9998
Epoch 178: Time: 0.3090 Cost: 0.9288 Pre: 1.0000 Re: 0.9996 Acc: 0.9998 F1: 0.9998
Epoch 179: Time: 0.3089 Cost: 0.9287 Pre: 1.0000 Re: 0.9996 Acc: 0.9998 F1: 0.9998
Epoch 180: Time: 0.3100 Cost: 0.9287 Pre: 1.0000 Re: 0.9996 Acc: 0.9998 F1: 0.9998


--------------------------------------------------------------------
Eval results: Cost:0.9285 Pre:1.0000 Re:0.9993 Acc:0.9996 F1:0.9996
--------------------------------------------------------------------

Epoch 181: Time: 0.3169 Cost: 0.9286 Pre: 1.0000 Re: 0.9996 Acc: 0.9998 F1: 0.9998
Epoch 182: Time: 0.3127 Cost: 0.9286 Pre: 1.0000 Re: 0.9996 Acc: 0.9998 F1: 0.9998
Epoch 183: Time: 0.3089 Cost: 0.9285 Pre: 1.0000 Re: 0.9996 Acc: 0.9998 F1: 0.9998
Epoch 184: Time: 0.3113 Cost: 0.9285 Pre: 1.0000 Re: 0.9996 Acc: 0.9998 F1: 0.9998
Epoch 185: Time: 0.3457 Cost: 0.9284 Pre: 1.0000 Re: 0.9996 Acc: 0.9998 F1: 0.9998
Epoch 186: Time: 0.3689 Cost: 0.9284 Pre: 1.0000 Re: 0.9996 Acc: 0.9998 F1: 0.9998
Epoch 187: Time: 0.3110 Cost: 0.9283 Pre: 1.0000 Re: 0.9996 Acc: 0.9998 F1: 0.9998
Epoch 188: Time: 0.3080 Cost: 0.9283 Pre: 1.0000 Re: 0.9996 Acc: 0.9998 F1: 0.9998
Epoch 189: Time: 0.3179 Cost: 0.9282 Pre: 1.0000 Re: 0.9996 Acc: 0.9998 F1: 0.9998
Epoch 190: Time: 0.3172 Cost: 0.9282 Pre: 1.0000 Re: 0.9996 Acc: 0.9998 F1: 0.9998


--------------------------------------------------------------------
Eval results: Cost:0.9281 Pre:1.0000 Re:0.9993 Acc:0.9996 F1:0.9996
--------------------------------------------------------------------

Epoch 191: Time: 0.3089 Cost: 0.9282 Pre: 1.0000 Re: 0.9996 Acc: 0.9998 F1: 0.9998
Epoch 192: Time: 0.3077 Cost: 0.9281 Pre: 1.0000 Re: 0.9996 Acc: 0.9998 F1: 0.9998
Epoch 193: Time: 0.3175 Cost: 0.9281 Pre: 1.0000 Re: 0.9996 Acc: 0.9998 F1: 0.9998
Epoch 194: Time: 0.3174 Cost: 0.9280 Pre: 1.0000 Re: 0.9996 Acc: 0.9998 F1: 0.9998
Epoch 195: Time: 0.3126 Cost: 0.9280 Pre: 1.0000 Re: 0.9996 Acc: 0.9998 F1: 0.9998
Epoch 196: Time: 0.3068 Cost: 0.9279 Pre: 1.0000 Re: 0.9996 Acc: 0.9998 F1: 0.9998
Epoch 197: Time: 0.3096 Cost: 0.9279 Pre: 1.0000 Re: 0.9996 Acc: 0.9998 F1: 0.9998
Epoch 198: Time: 0.3092 Cost: 0.9279 Pre: 1.0000 Re: 0.9996 Acc: 0.9998 F1: 0.9998
Epoch 199: Time: 0.3189 Cost: 0.9278 Pre: 1.0000 Re: 0.9996 Acc: 0.9998 F1: 0.9998
Epoch 200: Time: 0.3168 Cost: 0.9278 Pre: 1.0000 Re: 0.9996 Acc: 0.9998 F1: 0.9998


--------------------------------------------------------------------
Eval results: Cost:0.9277 Pre:1.0000 Re:0.9993 Acc:0.9996 F1:0.9996
--------------------------------------------------------------------

Epoch 201: Time: 0.3115 Cost: 0.9277 Pre: 1.0000 Re: 0.9996 Acc: 0.9998 F1: 0.9998
Epoch 202: Time: 0.3125 Cost: 0.9277 Pre: 1.0000 Re: 0.9996 Acc: 0.9998 F1: 0.9998
Epoch 203: Time: 0.3144 Cost: 0.9277 Pre: 1.0000 Re: 0.9996 Acc: 0.9998 F1: 0.9998
Epoch 204: Time: 0.3181 Cost: 0.9276 Pre: 1.0000 Re: 0.9996 Acc: 0.9998 F1: 0.9998
Epoch 205: Time: 0.3110 Cost: 0.9276 Pre: 1.0000 Re: 0.9996 Acc: 0.9998 F1: 0.9998
Epoch 206: Time: 0.3098 Cost: 0.9275 Pre: 1.0000 Re: 0.9996 Acc: 0.9998 F1: 0.9998
Epoch 207: Time: 0.3153 Cost: 0.9275 Pre: 1.0000 Re: 0.9996 Acc: 0.9998 F1: 0.9998
Epoch 208: Time: 0.3177 Cost: 0.9275 Pre: 1.0000 Re: 0.9996 Acc: 0.9998 F1: 0.9998
Epoch 209: Time: 0.3126 Cost: 0.9274 Pre: 1.0000 Re: 0.9996 Acc: 0.9998 F1: 0.9998
Epoch 210: Time: 0.3052 Cost: 0.9274 Pre: 1.0000 Re: 0.9996 Acc: 0.9998 F1: 0.9998


--------------------------------------------------------------------
Eval results: Cost:0.9273 Pre:1.0000 Re:0.9993 Acc:0.9996 F1:0.9996
--------------------------------------------------------------------

Epoch 211: Time: 0.3086 Cost: 0.9273 Pre: 1.0000 Re: 0.9996 Acc: 0.9998 F1: 0.9998
Epoch 212: Time: 0.3053 Cost: 0.9273 Pre: 1.0000 Re: 0.9996 Acc: 0.9998 F1: 0.9998
Epoch 213: Time: 0.3132 Cost: 0.9273 Pre: 1.0000 Re: 0.9996 Acc: 0.9998 F1: 0.9998
Epoch 214: Time: 0.3149 Cost: 0.9272 Pre: 1.0000 Re: 0.9996 Acc: 0.9998 F1: 0.9998
Epoch 215: Time: 0.3158 Cost: 0.9272 Pre: 1.0000 Re: 0.9996 Acc: 0.9998 F1: 0.9998
Epoch 216: Time: 0.3168 Cost: 0.9272 Pre: 1.0000 Re: 0.9996 Acc: 0.9998 F1: 0.9998
Epoch 217: Time: 0.3060 Cost: 0.9271 Pre: 1.0000 Re: 0.9996 Acc: 0.9998 F1: 0.9998
Epoch 218: Time: 0.3057 Cost: 0.9271 Pre: 1.0000 Re: 0.9996 Acc: 0.9998 F1: 0.9998
Epoch 219: Time: 0.3080 Cost: 0.9271 Pre: 1.0000 Re: 0.9996 Acc: 0.9998 F1: 0.9998
Epoch 220: Time: 0.3090 Cost: 0.9270 Pre: 1.0000 Re: 0.9996 Acc: 0.9998 F1: 0.9998


--------------------------------------------------------------------
Eval results: Cost:0.9269 Pre:1.0000 Re:0.9993 Acc:0.9996 F1:0.9996
--------------------------------------------------------------------

Epoch 221: Time: 0.3175 Cost: 0.9270 Pre: 1.0000 Re: 0.9996 Acc: 0.9998 F1: 0.9998
Epoch 222: Time: 0.3150 Cost: 0.9269 Pre: 1.0000 Re: 0.9996 Acc: 0.9998 F1: 0.9998
Epoch 223: Time: 0.3108 Cost: 0.9269 Pre: 1.0000 Re: 0.9996 Acc: 0.9998 F1: 0.9998
Epoch 224: Time: 0.3129 Cost: 0.9269 Pre: 1.0000 Re: 0.9996 Acc: 0.9998 F1: 0.9998
Epoch 225: Time: 0.3393 Cost: 0.9268 Pre: 1.0000 Re: 0.9996 Acc: 0.9998 F1: 0.9998
Epoch 226: Time: 0.3241 Cost: 0.9268 Pre: 1.0000 Re: 0.9996 Acc: 0.9998 F1: 0.9998
Epoch 227: Time: 0.3127 Cost: 0.9268 Pre: 1.0000 Re: 0.9996 Acc: 0.9998 F1: 0.9998
Epoch 228: Time: 0.3125 Cost: 0.9267 Pre: 1.0000 Re: 0.9996 Acc: 0.9998 F1: 0.9998
Epoch 229: Time: 0.3165 Cost: 0.9267 Pre: 1.0000 Re: 0.9996 Acc: 0.9998 F1: 0.9998
Epoch 230: Time: 0.3161 Cost: 0.9267 Pre: 1.0000 Re: 0.9996 Acc: 0.9998 F1: 0.9998


--------------------------------------------------------------------
Eval results: Cost:0.9265 Pre:1.0000 Re:0.9993 Acc:0.9996 F1:0.9996
--------------------------------------------------------------------

Epoch 231: Time: 0.3128 Cost: 0.9266 Pre: 1.0000 Re: 0.9996 Acc: 0.9998 F1: 0.9998
Epoch 232: Time: 0.3108 Cost: 0.9266 Pre: 1.0000 Re: 0.9996 Acc: 0.9998 F1: 0.9998
Epoch 233: Time: 0.3151 Cost: 0.9266 Pre: 1.0000 Re: 0.9996 Acc: 0.9998 F1: 0.9998
Epoch 234: Time: 0.3132 Cost: 0.9265 Pre: 1.0000 Re: 0.9996 Acc: 0.9998 F1: 0.9998
Epoch 235: Time: 0.3132 Cost: 0.9265 Pre: 1.0000 Re: 0.9996 Acc: 0.9998 F1: 0.9998
Epoch 236: Time: 0.3076 Cost: 0.9265 Pre: 1.0000 Re: 0.9996 Acc: 0.9998 F1: 0.9998
Epoch 237: Time: 0.3101 Cost: 0.9264 Pre: 1.0000 Re: 0.9996 Acc: 0.9998 F1: 0.9998
Epoch 238: Time: 0.3162 Cost: 0.9264 Pre: 1.0000 Re: 0.9996 Acc: 0.9998 F1: 0.9998
Epoch 239: Time: 0.3168 Cost: 0.9264 Pre: 1.0000 Re: 0.9996 Acc: 0.9998 F1: 0.9998
Epoch 240: Time: 0.3153 Cost: 0.9263 Pre: 1.0000 Re: 0.9996 Acc: 0.9998 F1: 0.9998


--------------------------------------------------------------------
Eval results: Cost:0.9261 Pre:1.0000 Re:0.9993 Acc:0.9996 F1:0.9996
--------------------------------------------------------------------

Epoch 241: Time: 0.3077 Cost: 0.9263 Pre: 1.0000 Re: 0.9996 Acc: 0.9998 F1: 0.9998
Epoch 242: Time: 0.3060 Cost: 0.9263 Pre: 1.0000 Re: 0.9996 Acc: 0.9998 F1: 0.9998
Epoch 243: Time: 0.3087 Cost: 0.9262 Pre: 1.0000 Re: 0.9996 Acc: 0.9998 F1: 0.9998
Epoch 244: Time: 0.3136 Cost: 0.9262 Pre: 1.0000 Re: 0.9996 Acc: 0.9998 F1: 0.9998
Epoch 245: Time: 0.3150 Cost: 0.9262 Pre: 1.0000 Re: 0.9996 Acc: 0.9998 F1: 0.9998
Epoch 246: Time: 0.3150 Cost: 0.9261 Pre: 1.0000 Re: 0.9996 Acc: 0.9998 F1: 0.9998
Epoch 247: Time: 0.3131 Cost: 0.9261 Pre: 1.0000 Re: 0.9996 Acc: 0.9998 F1: 0.9998
Epoch 248: Time: 0.3108 Cost: 0.9261 Pre: 1.0000 Re: 0.9996 Acc: 0.9998 F1: 0.9998
Epoch 249: Time: 0.3167 Cost: 0.9260 Pre: 1.0000 Re: 0.9996 Acc: 0.9998 F1: 0.9998
Epoch 250: Time: 0.3149 Cost: 0.9260 Pre: 1.0000 Re: 0.9996 Acc: 0.9998 F1: 0.9998


--------------------------------------------------------------------
Eval results: Cost:0.9256 Pre:1.0000 Re:0.9993 Acc:0.9996 F1:0.9996
--------------------------------------------------------------------

Epoch 251: Time: 0.3165 Cost: 0.9260 Pre: 1.0000 Re: 0.9996 Acc: 0.9998 F1: 0.9998
Epoch 252: Time: 0.3097 Cost: 0.9259 Pre: 1.0000 Re: 0.9996 Acc: 0.9998 F1: 0.9998
Epoch 253: Time: 0.3136 Cost: 0.9259 Pre: 1.0000 Re: 0.9996 Acc: 0.9998 F1: 0.9998
Epoch 254: Time: 0.3171 Cost: 0.9259 Pre: 1.0000 Re: 0.9996 Acc: 0.9998 F1: 0.9998
Epoch 255: Time: 0.3153 Cost: 0.9258 Pre: 1.0000 Re: 0.9996 Acc: 0.9998 F1: 0.9998
Epoch 256: Time: 0.3090 Cost: 0.9258 Pre: 1.0000 Re: 0.9996 Acc: 0.9998 F1: 0.9998
Epoch 257: Time: 0.3084 Cost: 0.9258 Pre: 1.0000 Re: 0.9996 Acc: 0.9998 F1: 0.9998
Epoch 258: Time: 0.3172 Cost: 0.9257 Pre: 1.0000 Re: 0.9996 Acc: 0.9998 F1: 0.9998
Epoch 259: Time: 0.3158 Cost: 0.9257 Pre: 1.0000 Re: 0.9996 Acc: 0.9998 F1: 0.9998
Epoch 260: Time: 0.3111 Cost: 0.9257 Pre: 1.0000 Re: 0.9996 Acc: 0.9998 F1: 0.9998


--------------------------------------------------------------------
Eval results: Cost:0.9252 Pre:1.0000 Re:0.9993 Acc:0.9996 F1:0.9996
--------------------------------------------------------------------

Epoch 261: Time: 0.3143 Cost: 0.9256 Pre: 1.0000 Re: 0.9996 Acc: 0.9998 F1: 0.9998
Epoch 262: Time: 0.3166 Cost: 0.9256 Pre: 1.0000 Re: 0.9996 Acc: 0.9998 F1: 0.9998
Epoch 263: Time: 0.3159 Cost: 0.9255 Pre: 1.0000 Re: 0.9996 Acc: 0.9998 F1: 0.9998
Epoch 264: Time: 0.3071 Cost: 0.9255 Pre: 1.0000 Re: 0.9996 Acc: 0.9998 F1: 0.9998
Epoch 265: Time: 0.3077 Cost: 0.9255 Pre: 1.0000 Re: 0.9996 Acc: 0.9998 F1: 0.9998
Epoch 266: Time: 0.3081 Cost: 0.9254 Pre: 1.0000 Re: 0.9996 Acc: 0.9998 F1: 0.9998
Epoch 267: Time: 0.3054 Cost: 0.9254 Pre: 1.0000 Re: 0.9996 Acc: 0.9998 F1: 0.9998
Epoch 268: Time: 0.3046 Cost: 0.9254 Pre: 1.0000 Re: 0.9996 Acc: 0.9998 F1: 0.9998
Epoch 269: Time: 0.3056 Cost: 0.9253 Pre: 1.0000 Re: 0.9996 Acc: 0.9998 F1: 0.9998
Epoch 270: Time: 0.3173 Cost: 0.9253 Pre: 1.0000 Re: 0.9996 Acc: 0.9998 F1: 0.9998


--------------------------------------------------------------------
Eval results: Cost:0.9247 Pre:1.0000 Re:0.9993 Acc:0.9996 F1:0.9996
--------------------------------------------------------------------

Epoch 271: Time: 0.3142 Cost: 0.9253 Pre: 1.0000 Re: 0.9996 Acc: 0.9998 F1: 0.9998
Epoch 272: Time: 0.3093 Cost: 0.9252 Pre: 1.0000 Re: 0.9996 Acc: 0.9998 F1: 0.9998
Epoch 273: Time: 0.3098 Cost: 0.9252 Pre: 1.0000 Re: 0.9996 Acc: 0.9998 F1: 0.9998
Epoch 274: Time: 0.3140 Cost: 0.9252 Pre: 1.0000 Re: 0.9996 Acc: 0.9998 F1: 0.9998
Epoch 275: Time: 0.3200 Cost: 0.9251 Pre: 1.0000 Re: 0.9996 Acc: 0.9998 F1: 0.9998
Epoch 276: Time: 0.3105 Cost: 0.9251 Pre: 1.0000 Re: 0.9996 Acc: 0.9998 F1: 0.9998
Epoch 277: Time: 0.3096 Cost: 0.9251 Pre: 1.0000 Re: 0.9996 Acc: 0.9998 F1: 0.9998
Epoch 278: Time: 0.3063 Cost: 0.9250 Pre: 1.0000 Re: 0.9996 Acc: 0.9998 F1: 0.9998
Epoch 279: Time: 0.3052 Cost: 0.9250 Pre: 1.0000 Re: 0.9996 Acc: 0.9998 F1: 0.9998
Epoch 280: Time: 0.3070 Cost: 0.9249 Pre: 1.0000 Re: 0.9996 Acc: 0.9998 F1: 0.9998


--------------------------------------------------------------------
Eval results: Cost:0.9241 Pre:1.0000 Re:0.9993 Acc:0.9996 F1:0.9996
--------------------------------------------------------------------

Epoch 281: Time: 0.3183 Cost: 0.9249 Pre: 1.0000 Re: 0.9996 Acc: 0.9998 F1: 0.9998
Epoch 282: Time: 0.3160 Cost: 0.9249 Pre: 1.0000 Re: 0.9996 Acc: 0.9998 F1: 0.9998
Epoch 283: Time: 0.3099 Cost: 0.9248 Pre: 1.0000 Re: 0.9996 Acc: 0.9998 F1: 0.9998
Epoch 284: Time: 0.3190 Cost: 0.9248 Pre: 1.0000 Re: 0.9996 Acc: 0.9998 F1: 0.9998
Epoch 285: Time: 0.3078 Cost: 0.9248 Pre: 1.0000 Re: 0.9996 Acc: 0.9998 F1: 0.9998
Epoch 286: Time: 0.3057 Cost: 0.9247 Pre: 1.0000 Re: 0.9996 Acc: 0.9998 F1: 0.9998
Epoch 287: Time: 0.3123 Cost: 0.9247 Pre: 1.0000 Re: 0.9996 Acc: 0.9998 F1: 0.9998
Epoch 288: Time: 0.3183 Cost: 0.9246 Pre: 1.0000 Re: 0.9996 Acc: 0.9998 F1: 0.9998
Epoch 289: Time: 0.3165 Cost: 0.9246 Pre: 1.0000 Re: 0.9996 Acc: 0.9998 F1: 0.9998
Epoch 290: Time: 0.3085 Cost: 0.9246 Pre: 1.0000 Re: 0.9996 Acc: 0.9998 F1: 0.9998


--------------------------------------------------------------------
Eval results: Cost:0.9235 Pre:1.0000 Re:0.9993 Acc:0.9996 F1:0.9996
--------------------------------------------------------------------

Epoch 291: Time: 0.3546 Cost: 0.9245 Pre: 1.0000 Re: 0.9996 Acc: 0.9998 F1: 0.9998
Epoch 292: Time: 0.3535 Cost: 0.9245 Pre: 1.0000 Re: 0.9996 Acc: 0.9998 F1: 0.9998
Epoch 293: Time: 0.3072 Cost: 0.9244 Pre: 1.0000 Re: 0.9996 Acc: 0.9998 F1: 0.9998
Epoch 294: Time: 0.3170 Cost: 0.9244 Pre: 1.0000 Re: 0.9996 Acc: 0.9998 F1: 0.9998
Epoch 295: Time: 0.3200 Cost: 0.9244 Pre: 1.0000 Re: 0.9996 Acc: 0.9998 F1: 0.9998
Epoch 296: Time: 0.3127 Cost: 0.9243 Pre: 1.0000 Re: 0.9996 Acc: 0.9998 F1: 0.9998
Epoch 297: Time: 0.3091 Cost: 0.9243 Pre: 1.0000 Re: 0.9996 Acc: 0.9998 F1: 0.9998
Epoch 298: Time: 0.3044 Cost: 0.9242 Pre: 1.0000 Re: 0.9996 Acc: 0.9998 F1: 0.9998
Epoch 299: Time: 0.3351 Cost: 0.9242 Pre: 1.0000 Re: 0.9996 Acc: 0.9998 F1: 0.9998
Epoch 300: Time: 0.3634 Cost: 0.9242 Pre: 1.0000 Re: 0.9996 Acc: 0.9998 F1: 0.9998


--------------------------------------------------------------------
Eval results: Cost:0.9228 Pre:1.0000 Re:0.9993 Acc:0.9996 F1:0.9996
--------------------------------------------------------------------

Epoch 301: Time: 0.3234 Cost: 0.9241 Pre: 1.0000 Re: 0.9996 Acc: 0.9998 F1: 0.9998
Epoch 302: Time: 0.3103 Cost: 0.9241 Pre: 1.0000 Re: 0.9996 Acc: 0.9998 F1: 0.9998
Epoch 303: Time: 0.3080 Cost: 0.9240 Pre: 1.0000 Re: 0.9996 Acc: 0.9998 F1: 0.9998
Epoch 304: Time: 0.3092 Cost: 0.9240 Pre: 1.0000 Re: 0.9996 Acc: 0.9998 F1: 0.9998
Epoch 305: Time: 0.3050 Cost: 0.9239 Pre: 1.0000 Re: 0.9996 Acc: 0.9998 F1: 0.9998
Epoch 306: Time: 0.3080 Cost: 0.9239 Pre: 1.0000 Re: 0.9996 Acc: 0.9998 F1: 0.9998
Epoch 307: Time: 0.3133 Cost: 0.9238 Pre: 1.0000 Re: 0.9996 Acc: 0.9998 F1: 0.9998
Epoch 308: Time: 0.3175 Cost: 0.9238 Pre: 1.0000 Re: 0.9996 Acc: 0.9998 F1: 0.9998
Epoch 309: Time: 0.3150 Cost: 0.9238 Pre: 1.0000 Re: 0.9996 Acc: 0.9998 F1: 0.9998
Epoch 310: Time: 0.3079 Cost: 0.9237 Pre: 1.0000 Re: 0.9996 Acc: 0.9998 F1: 0.9998


--------------------------------------------------------------------
Eval results: Cost:0.9221 Pre:1.0000 Re:0.9993 Acc:0.9996 F1:0.9996
--------------------------------------------------------------------

Epoch 311: Time: 0.3136 Cost: 0.9237 Pre: 1.0000 Re: 0.9996 Acc: 0.9998 F1: 0.9998
Epoch 312: Time: 0.3072 Cost: 0.9236 Pre: 1.0000 Re: 0.9996 Acc: 0.9998 F1: 0.9998
Epoch 313: Time: 0.3152 Cost: 0.9236 Pre: 1.0000 Re: 0.9996 Acc: 0.9998 F1: 0.9998
Epoch 314: Time: 0.3418 Cost: 0.9235 Pre: 1.0000 Re: 0.9996 Acc: 0.9998 F1: 0.9998
Epoch 315: Time: 0.3277 Cost: 0.9235 Pre: 1.0000 Re: 0.9996 Acc: 0.9998 F1: 0.9998
Epoch 316: Time: 0.3149 Cost: 0.9234 Pre: 1.0000 Re: 0.9996 Acc: 0.9998 F1: 0.9998
Epoch 317: Time: 0.3198 Cost: 0.9234 Pre: 1.0000 Re: 0.9996 Acc: 0.9998 F1: 0.9998
Epoch 318: Time: 0.3129 Cost: 0.9233 Pre: 1.0000 Re: 0.9996 Acc: 0.9998 F1: 0.9998
Epoch 319: Time: 0.3109 Cost: 0.9233 Pre: 1.0000 Re: 0.9996 Acc: 0.9998 F1: 0.9998
Epoch 320: Time: 0.3110 Cost: 0.9232 Pre: 1.0000 Re: 0.9996 Acc: 0.9998 F1: 0.9998


--------------------------------------------------------------------
Eval results: Cost:0.9212 Pre:1.0000 Re:0.9993 Acc:0.9996 F1:0.9996
--------------------------------------------------------------------

Epoch 321: Time: 0.3142 Cost: 0.9232 Pre: 1.0000 Re: 0.9996 Acc: 0.9998 F1: 0.9998
Epoch 322: Time: 0.3093 Cost: 0.9231 Pre: 1.0000 Re: 0.9996 Acc: 0.9998 F1: 0.9998
Epoch 323: Time: 0.3180 Cost: 0.9231 Pre: 1.0000 Re: 0.9996 Acc: 0.9998 F1: 0.9998
Epoch 324: Time: 0.3157 Cost: 0.9230 Pre: 1.0000 Re: 0.9996 Acc: 0.9998 F1: 0.9998
Epoch 325: Time: 0.3085 Cost: 0.9230 Pre: 1.0000 Re: 0.9996 Acc: 0.9998 F1: 0.9998
Epoch 326: Time: 0.3058 Cost: 0.9229 Pre: 1.0000 Re: 0.9996 Acc: 0.9998 F1: 0.9998
Epoch 327: Time: 0.3050 Cost: 0.9229 Pre: 1.0000 Re: 0.9996 Acc: 0.9998 F1: 0.9998
Epoch 328: Time: 0.3072 Cost: 0.9228 Pre: 1.0000 Re: 0.9996 Acc: 0.9998 F1: 0.9998
Epoch 329: Time: 0.3103 Cost: 0.9228 Pre: 1.0000 Re: 0.9996 Acc: 0.9998 F1: 0.9998
Epoch 330: Time: 0.3091 Cost: 0.9227 Pre: 1.0000 Re: 0.9996 Acc: 0.9998 F1: 0.9998


--------------------------------------------------------------------
Eval results: Cost:0.9203 Pre:1.0000 Re:0.9993 Acc:0.9996 F1:0.9996
--------------------------------------------------------------------

Epoch 331: Time: 0.3173 Cost: 0.9227 Pre: 1.0000 Re: 0.9996 Acc: 0.9998 F1: 0.9998
Epoch 332: Time: 0.3104 Cost: 0.9226 Pre: 1.0000 Re: 0.9996 Acc: 0.9998 F1: 0.9998
Epoch 333: Time: 0.3064 Cost: 0.9226 Pre: 1.0000 Re: 0.9996 Acc: 0.9998 F1: 0.9998
Epoch 334: Time: 0.3067 Cost: 0.9225 Pre: 1.0000 Re: 0.9996 Acc: 0.9998 F1: 0.9998
Epoch 335: Time: 0.3074 Cost: 0.9224 Pre: 1.0000 Re: 0.9996 Acc: 0.9998 F1: 0.9998
Epoch 336: Time: 0.3167 Cost: 0.9224 Pre: 1.0000 Re: 0.9996 Acc: 0.9998 F1: 0.9998
Epoch 337: Time: 0.3182 Cost: 0.9223 Pre: 1.0000 Re: 0.9996 Acc: 0.9998 F1: 0.9998
Epoch 338: Time: 0.3077 Cost: 0.9223 Pre: 1.0000 Re: 0.9996 Acc: 0.9998 F1: 0.9998
Epoch 339: Time: 0.3109 Cost: 0.9222 Pre: 1.0000 Re: 0.9996 Acc: 0.9998 F1: 0.9998
Epoch 340: Time: 0.3189 Cost: 0.9222 Pre: 1.0000 Re: 0.9996 Acc: 0.9998 F1: 0.9998


--------------------------------------------------------------------
Eval results: Cost:0.9193 Pre:1.0000 Re:0.9993 Acc:0.9996 F1:0.9996
--------------------------------------------------------------------

Epoch 341: Time: 0.3124 Cost: 0.9221 Pre: 1.0000 Re: 0.9996 Acc: 0.9998 F1: 0.9998
Epoch 342: Time: 0.3074 Cost: 0.9220 Pre: 1.0000 Re: 0.9996 Acc: 0.9998 F1: 0.9998
Epoch 343: Time: 0.3091 Cost: 0.9220 Pre: 1.0000 Re: 0.9996 Acc: 0.9998 F1: 0.9998
Epoch 344: Time: 0.3097 Cost: 0.9219 Pre: 1.0000 Re: 0.9996 Acc: 0.9998 F1: 0.9998
Epoch 345: Time: 0.3178 Cost: 0.9219 Pre: 1.0000 Re: 0.9996 Acc: 0.9998 F1: 0.9998
Epoch 346: Time: 0.3159 Cost: 0.9218 Pre: 1.0000 Re: 0.9996 Acc: 0.9998 F1: 0.9998
Epoch 347: Time: 0.3065 Cost: 0.9217 Pre: 1.0000 Re: 0.9996 Acc: 0.9998 F1: 0.9998
Epoch 348: Time: 0.3094 Cost: 0.9217 Pre: 1.0000 Re: 0.9996 Acc: 0.9998 F1: 0.9998
Epoch 349: Time: 0.3110 Cost: 0.9216 Pre: 1.0000 Re: 0.9996 Acc: 0.9998 F1: 0.9998
Epoch 350: Time: 0.3159 Cost: 0.9216 Pre: 1.0000 Re: 0.9996 Acc: 0.9998 F1: 0.9998


--------------------------------------------------------------------
Eval results: Cost:0.9182 Pre:1.0000 Re:0.9993 Acc:0.9996 F1:0.9996
--------------------------------------------------------------------

Epoch 351: Time: 0.3132 Cost: 0.9215 Pre: 1.0000 Re: 0.9996 Acc: 0.9998 F1: 0.9998
Epoch 352: Time: 0.3063 Cost: 0.9214 Pre: 1.0000 Re: 0.9996 Acc: 0.9998 F1: 0.9998
Epoch 353: Time: 0.3053 Cost: 0.9214 Pre: 1.0000 Re: 0.9996 Acc: 0.9998 F1: 0.9998
Epoch 354: Time: 0.3107 Cost: 0.9213 Pre: 1.0000 Re: 0.9996 Acc: 0.9998 F1: 0.9998
Epoch 355: Time: 0.3113 Cost: 0.9212 Pre: 1.0000 Re: 0.9996 Acc: 0.9998 F1: 0.9998
Epoch 356: Time: 0.3166 Cost: 0.9212 Pre: 1.0000 Re: 0.9996 Acc: 0.9998 F1: 0.9998
Epoch 357: Time: 0.3144 Cost: 0.9211 Pre: 1.0000 Re: 0.9996 Acc: 0.9998 F1: 0.9998
Epoch 358: Time: 0.3115 Cost: 0.9211 Pre: 1.0000 Re: 0.9996 Acc: 0.9998 F1: 0.9998
Epoch 359: Time: 0.3085 Cost: 0.9210 Pre: 1.0000 Re: 0.9996 Acc: 0.9998 F1: 0.9998
Epoch 360: Time: 0.3098 Cost: 0.9209 Pre: 1.0000 Re: 0.9996 Acc: 0.9998 F1: 0.9998


--------------------------------------------------------------------
Eval results: Cost:0.9170 Pre:1.0000 Re:0.9993 Acc:0.9996 F1:0.9996
--------------------------------------------------------------------

Epoch 361: Time: 0.3141 Cost: 0.9209 Pre: 1.0000 Re: 0.9996 Acc: 0.9998 F1: 0.9998
Epoch 362: Time: 0.3138 Cost: 0.9208 Pre: 1.0000 Re: 0.9996 Acc: 0.9998 F1: 0.9998
Epoch 363: Time: 0.3144 Cost: 0.9207 Pre: 1.0000 Re: 0.9996 Acc: 0.9998 F1: 0.9998
Epoch 364: Time: 0.3075 Cost: 0.9207 Pre: 1.0000 Re: 0.9996 Acc: 0.9998 F1: 0.9998
Epoch 365: Time: 0.3123 Cost: 0.9206 Pre: 1.0000 Re: 0.9996 Acc: 0.9998 F1: 0.9998
Epoch 366: Time: 0.3124 Cost: 0.9205 Pre: 1.0000 Re: 0.9996 Acc: 0.9998 F1: 0.9998
Epoch 367: Time: 0.3076 Cost: 0.9204 Pre: 1.0000 Re: 0.9996 Acc: 0.9998 F1: 0.9998
Epoch 368: Time: 0.3130 Cost: 0.9204 Pre: 1.0000 Re: 0.9996 Acc: 0.9998 F1: 0.9998
Epoch 369: Time: 0.3138 Cost: 0.9203 Pre: 1.0000 Re: 0.9996 Acc: 0.9998 F1: 0.9998
Epoch 370: Time: 0.3067 Cost: 0.9202 Pre: 1.0000 Re: 0.9996 Acc: 0.9998 F1: 0.9998


--------------------------------------------------------------------
Eval results: Cost:0.9157 Pre:1.0000 Re:0.9993 Acc:0.9996 F1:0.9996
--------------------------------------------------------------------

Epoch 371: Time: 0.3064 Cost: 0.9202 Pre: 1.0000 Re: 0.9996 Acc: 0.9998 F1: 0.9998
Epoch 372: Time: 0.3142 Cost: 0.9201 Pre: 1.0000 Re: 0.9996 Acc: 0.9998 F1: 0.9998
Epoch 373: Time: 0.3145 Cost: 0.9200 Pre: 1.0000 Re: 0.9996 Acc: 0.9998 F1: 0.9998
Epoch 374: Time: 0.3149 Cost: 0.9200 Pre: 1.0000 Re: 0.9996 Acc: 0.9998 F1: 0.9998
Epoch 375: Time: 0.3096 Cost: 0.9199 Pre: 1.0000 Re: 0.9996 Acc: 0.9998 F1: 0.9998
Epoch 376: Time: 0.3053 Cost: 0.9198 Pre: 1.0000 Re: 0.9996 Acc: 0.9998 F1: 0.9998
Epoch 377: Time: 0.3084 Cost: 0.9197 Pre: 1.0000 Re: 0.9996 Acc: 0.9998 F1: 0.9998
Epoch 378: Time: 0.3088 Cost: 0.9197 Pre: 1.0000 Re: 0.9996 Acc: 0.9998 F1: 0.9998
Epoch 379: Time: 0.3625 Cost: 0.9196 Pre: 1.0000 Re: 0.9996 Acc: 0.9998 F1: 0.9998
Epoch 380: Time: 0.3395 Cost: 0.9195 Pre: 1.0000 Re: 0.9996 Acc: 0.9998 F1: 0.9998


--------------------------------------------------------------------
Eval results: Cost:0.9144 Pre:1.0000 Re:0.9993 Acc:0.9996 F1:0.9996
--------------------------------------------------------------------

Epoch 381: Time: 0.3175 Cost: 0.9194 Pre: 1.0000 Re: 0.9996 Acc: 0.9998 F1: 0.9998
Epoch 382: Time: 0.3160 Cost: 0.9194 Pre: 1.0000 Re: 0.9996 Acc: 0.9998 F1: 0.9998
Epoch 383: Time: 0.3110 Cost: 0.9193 Pre: 1.0000 Re: 0.9996 Acc: 0.9998 F1: 0.9998
Epoch 384: Time: 0.3117 Cost: 0.9192 Pre: 1.0000 Re: 0.9996 Acc: 0.9998 F1: 0.9998
Epoch 385: Time: 0.3138 Cost: 0.9192 Pre: 1.0000 Re: 0.9996 Acc: 0.9998 F1: 0.9998
Epoch 386: Time: 0.3138 Cost: 0.9191 Pre: 1.0000 Re: 0.9996 Acc: 0.9998 F1: 0.9998
Epoch 387: Time: 0.3153 Cost: 0.9190 Pre: 1.0000 Re: 0.9996 Acc: 0.9998 F1: 0.9998
Epoch 388: Time: 0.3109 Cost: 0.9189 Pre: 1.0000 Re: 0.9996 Acc: 0.9998 F1: 0.9998
Epoch 389: Time: 0.3086 Cost: 0.9189 Pre: 1.0000 Re: 0.9996 Acc: 0.9998 F1: 0.9998
Epoch 390: Time: 0.3231 Cost: 0.9188 Pre: 1.0000 Re: 0.9996 Acc: 0.9998 F1: 0.9998


--------------------------------------------------------------------
Eval results: Cost:0.9130 Pre:1.0000 Re:0.9993 Acc:0.9996 F1:0.9996
--------------------------------------------------------------------

Epoch 391: Time: 0.3123 Cost: 0.9187 Pre: 1.0000 Re: 0.9996 Acc: 0.9998 F1: 0.9998
Epoch 392: Time: 0.3105 Cost: 0.9186 Pre: 1.0000 Re: 0.9996 Acc: 0.9998 F1: 0.9998
Epoch 393: Time: 0.3052 Cost: 0.9186 Pre: 1.0000 Re: 0.9996 Acc: 0.9998 F1: 0.9998
Epoch 394: Time: 0.3049 Cost: 0.9185 Pre: 1.0000 Re: 0.9996 Acc: 0.9998 F1: 0.9998
Epoch 395: Time: 0.3093 Cost: 0.9184 Pre: 1.0000 Re: 0.9996 Acc: 0.9998 F1: 0.9998
Epoch 396: Time: 0.3138 Cost: 0.9183 Pre: 1.0000 Re: 0.9996 Acc: 0.9998 F1: 0.9998
Epoch 397: Time: 0.3163 Cost: 0.9183 Pre: 1.0000 Re: 0.9996 Acc: 0.9998 F1: 0.9998
Epoch 398: Time: 0.3158 Cost: 0.9182 Pre: 1.0000 Re: 0.9996 Acc: 0.9998 F1: 0.9998
Epoch 399: Time: 0.3099 Cost: 0.9181 Pre: 1.0000 Re: 0.9996 Acc: 0.9998 F1: 0.9998
Epoch 400: Time: 0.3077 Cost: 0.9180 Pre: 1.0000 Re: 0.9996 Acc: 0.9998 F1: 0.9998


--------------------------------------------------------------------
Eval results: Cost:0.9115 Pre:1.0000 Re:0.9993 Acc:0.9996 F1:0.9996
--------------------------------------------------------------------

Epoch 401: Time: 0.3408 Cost: 0.9179 Pre: 1.0000 Re: 0.9996 Acc: 0.9998 F1: 0.9998
Epoch 402: Time: 0.3260 Cost: 0.9179 Pre: 1.0000 Re: 0.9996 Acc: 0.9998 F1: 0.9998
Epoch 403: Time: 0.3156 Cost: 0.9178 Pre: 1.0000 Re: 0.9996 Acc: 0.9998 F1: 0.9998
Epoch 404: Time: 0.3109 Cost: 0.9177 Pre: 1.0000 Re: 0.9996 Acc: 0.9998 F1: 0.9998
Epoch 405: Time: 0.3148 Cost: 0.9176 Pre: 1.0000 Re: 0.9996 Acc: 0.9998 F1: 0.9998
Epoch 406: Time: 0.3174 Cost: 0.9176 Pre: 1.0000 Re: 0.9996 Acc: 0.9998 F1: 0.9998
Epoch 407: Time: 0.3138 Cost: 0.9175 Pre: 1.0000 Re: 0.9996 Acc: 0.9998 F1: 0.9998
Epoch 408: Time: 0.3103 Cost: 0.9174 Pre: 1.0000 Re: 0.9996 Acc: 0.9998 F1: 0.9998
Epoch 409: Time: 0.3121 Cost: 0.9173 Pre: 1.0000 Re: 0.9996 Acc: 0.9998 F1: 0.9998
Epoch 410: Time: 0.3148 Cost: 0.9173 Pre: 1.0000 Re: 0.9996 Acc: 0.9998 F1: 0.9998


--------------------------------------------------------------------
Eval results: Cost:0.9101 Pre:1.0000 Re:0.9993 Acc:0.9996 F1:0.9996
--------------------------------------------------------------------

Epoch 411: Time: 0.3129 Cost: 0.9172 Pre: 1.0000 Re: 0.9996 Acc: 0.9998 F1: 0.9998
Epoch 412: Time: 0.3092 Cost: 0.9171 Pre: 1.0000 Re: 0.9996 Acc: 0.9998 F1: 0.9998
Epoch 413: Time: 0.3145 Cost: 0.9170 Pre: 1.0000 Re: 0.9996 Acc: 0.9998 F1: 0.9998
Epoch 414: Time: 0.3137 Cost: 0.9170 Pre: 1.0000 Re: 0.9996 Acc: 0.9998 F1: 0.9998
Epoch 415: Time: 0.3150 Cost: 0.9169 Pre: 1.0000 Re: 0.9996 Acc: 0.9998 F1: 0.9998
Epoch 416: Time: 0.3122 Cost: 0.9168 Pre: 1.0000 Re: 0.9996 Acc: 0.9998 F1: 0.9998
Epoch 417: Time: 0.3176 Cost: 0.9167 Pre: 1.0000 Re: 0.9996 Acc: 0.9998 F1: 0.9998
Epoch 418: Time: 0.3981 Cost: 0.9167 Pre: 1.0000 Re: 0.9996 Acc: 0.9998 F1: 0.9998
Epoch 419: Time: 0.3180 Cost: 0.9166 Pre: 1.0000 Re: 0.9996 Acc: 0.9998 F1: 0.9998
Epoch 420: Time: 0.3130 Cost: 0.9165 Pre: 1.0000 Re: 0.9996 Acc: 0.9998 F1: 0.9998


--------------------------------------------------------------------
Eval results: Cost:0.9087 Pre:1.0000 Re:0.9993 Acc:0.9996 F1:0.9996
--------------------------------------------------------------------

Epoch 421: Time: 0.3149 Cost: 0.9164 Pre: 1.0000 Re: 0.9996 Acc: 0.9998 F1: 0.9998
Epoch 422: Time: 0.3157 Cost: 0.9164 Pre: 1.0000 Re: 0.9996 Acc: 0.9998 F1: 0.9998
Epoch 423: Time: 0.3142 Cost: 0.9163 Pre: 1.0000 Re: 0.9996 Acc: 0.9998 F1: 0.9998
Epoch 424: Time: 0.3115 Cost: 0.9162 Pre: 1.0000 Re: 0.9996 Acc: 0.9998 F1: 0.9998
Epoch 425: Time: 0.3093 Cost: 0.9161 Pre: 1.0000 Re: 0.9996 Acc: 0.9998 F1: 0.9998
Epoch 426: Time: 0.3157 Cost: 0.9161 Pre: 1.0000 Re: 0.9996 Acc: 0.9998 F1: 0.9998
Epoch 427: Time: 0.3156 Cost: 0.9160 Pre: 1.0000 Re: 0.9996 Acc: 0.9998 F1: 0.9998
Epoch 428: Time: 0.3149 Cost: 0.9159 Pre: 1.0000 Re: 0.9996 Acc: 0.9998 F1: 0.9998
Epoch 429: Time: 0.3054 Cost: 0.9158 Pre: 1.0000 Re: 0.9996 Acc: 0.9998 F1: 0.9998
Epoch 430: Time: 0.3047 Cost: 0.9158 Pre: 1.0000 Re: 0.9996 Acc: 0.9998 F1: 0.9998


--------------------------------------------------------------------
Eval results: Cost:0.9073 Pre:1.0000 Re:0.9993 Acc:0.9996 F1:0.9996
--------------------------------------------------------------------

Epoch 431: Time: 0.3111 Cost: 0.9157 Pre: 1.0000 Re: 0.9996 Acc: 0.9998 F1: 0.9998
Epoch 432: Time: 0.3141 Cost: 0.9156 Pre: 1.0000 Re: 0.9996 Acc: 0.9998 F1: 0.9998
Epoch 433: Time: 0.3170 Cost: 0.9156 Pre: 1.0000 Re: 0.9996 Acc: 0.9998 F1: 0.9998
Epoch 434: Time: 0.3134 Cost: 0.9155 Pre: 1.0000 Re: 0.9996 Acc: 0.9998 F1: 0.9998
Epoch 435: Time: 0.3068 Cost: 0.9154 Pre: 1.0000 Re: 0.9996 Acc: 0.9998 F1: 0.9998
Epoch 436: Time: 0.3095 Cost: 0.9153 Pre: 1.0000 Re: 0.9996 Acc: 0.9998 F1: 0.9998
Epoch 437: Time: 0.3073 Cost: 0.9153 Pre: 1.0000 Re: 0.9996 Acc: 0.9998 F1: 0.9998
Epoch 438: Time: 0.3061 Cost: 0.9152 Pre: 1.0000 Re: 0.9996 Acc: 0.9998 F1: 0.9998
Epoch 439: Time: 0.3083 Cost: 0.9151 Pre: 1.0000 Re: 0.9996 Acc: 0.9998 F1: 0.9998
Epoch 440: Time: 0.3152 Cost: 0.9151 Pre: 1.0000 Re: 0.9996 Acc: 0.9998 F1: 0.9998


--------------------------------------------------------------------
Eval results: Cost:0.9060 Pre:1.0000 Re:0.9993 Acc:0.9996 F1:0.9996
--------------------------------------------------------------------

Epoch 441: Time: 0.3151 Cost: 0.9150 Pre: 1.0000 Re: 0.9996 Acc: 0.9998 F1: 0.9998
Epoch 442: Time: 0.3083 Cost: 0.9149 Pre: 1.0000 Re: 0.9996 Acc: 0.9998 F1: 0.9998
Epoch 443: Time: 0.3047 Cost: 0.9149 Pre: 1.0000 Re: 0.9996 Acc: 0.9998 F1: 0.9998
Epoch 444: Time: 0.3083 Cost: 0.9148 Pre: 1.0000 Re: 0.9996 Acc: 0.9998 F1: 0.9998
Epoch 445: Time: 0.3093 Cost: 0.9147 Pre: 1.0000 Re: 0.9996 Acc: 0.9998 F1: 0.9998
Epoch 446: Time: 0.3162 Cost: 0.9147 Pre: 1.0000 Re: 0.9996 Acc: 0.9998 F1: 0.9998
Epoch 447: Time: 0.3158 Cost: 0.9146 Pre: 1.0000 Re: 0.9996 Acc: 0.9998 F1: 0.9998
Epoch 448: Time: 0.3116 Cost: 0.9145 Pre: 1.0000 Re: 0.9996 Acc: 0.9998 F1: 0.9998
Epoch 449: Time: 0.3131 Cost: 0.9145 Pre: 1.0000 Re: 0.9996 Acc: 0.9998 F1: 0.9998
Epoch 450: Time: 0.3084 Cost: 0.9144 Pre: 1.0000 Re: 0.9996 Acc: 0.9998 F1: 0.9998


--------------------------------------------------------------------
Eval results: Cost:0.9047 Pre:1.0000 Re:0.9993 Acc:0.9996 F1:0.9996
--------------------------------------------------------------------

Epoch 451: Time: 0.3171 Cost: 0.9143 Pre: 1.0000 Re: 0.9996 Acc: 0.9998 F1: 0.9998
Epoch 452: Time: 0.3104 Cost: 0.9143 Pre: 1.0000 Re: 0.9996 Acc: 0.9998 F1: 0.9998
Epoch 453: Time: 0.3082 Cost: 0.9142 Pre: 1.0000 Re: 0.9996 Acc: 0.9998 F1: 0.9998
Epoch 454: Time: 0.3616 Cost: 0.9141 Pre: 1.0000 Re: 0.9996 Acc: 0.9998 F1: 0.9998
Epoch 455: Time: 0.5893 Cost: 0.9141 Pre: 1.0000 Re: 0.9996 Acc: 0.9998 F1: 0.9998
Epoch 456: Time: 0.5858 Cost: 0.9140 Pre: 1.0000 Re: 0.9996 Acc: 0.9998 F1: 0.9998
Epoch 457: Time: 0.4676 Cost: 0.9140 Pre: 1.0000 Re: 0.9996 Acc: 0.9998 F1: 0.9998
Epoch 458: Time: 0.8780 Cost: 0.9139 Pre: 1.0000 Re: 0.9996 Acc: 0.9998 F1: 0.9998
Epoch 459: Time: 0.7581 Cost: 0.9138 Pre: 1.0000 Re: 0.9996 Acc: 0.9998 F1: 0.9998
Epoch 460: Time: 0.3125 Cost: 0.9138 Pre: 1.0000 Re: 0.9996 Acc: 0.9998 F1: 0.9998


--------------------------------------------------------------------
Eval results: Cost:0.9036 Pre:1.0000 Re:0.9993 Acc:0.9996 F1:0.9996
--------------------------------------------------------------------

Epoch 461: Time: 0.3105 Cost: 0.9137 Pre: 1.0000 Re: 0.9996 Acc: 0.9998 F1: 0.9998
Epoch 462: Time: 0.3147 Cost: 0.9137 Pre: 1.0000 Re: 0.9996 Acc: 0.9998 F1: 0.9998
Epoch 463: Time: 0.3151 Cost: 0.9136 Pre: 1.0000 Re: 0.9996 Acc: 0.9998 F1: 0.9998
Epoch 464: Time: 0.3167 Cost: 0.9135 Pre: 1.0000 Re: 0.9996 Acc: 0.9998 F1: 0.9998
Epoch 465: Time: 0.3097 Cost: 0.9135 Pre: 1.0000 Re: 0.9996 Acc: 0.9998 F1: 0.9998
Epoch 466: Time: 0.3059 Cost: 0.9134 Pre: 1.0000 Re: 0.9996 Acc: 0.9998 F1: 0.9998
Epoch 467: Time: 0.3083 Cost: 0.9134 Pre: 1.0000 Re: 0.9996 Acc: 0.9998 F1: 0.9998
Epoch 468: Time: 0.3066 Cost: 0.9133 Pre: 1.0000 Re: 0.9996 Acc: 0.9998 F1: 0.9998
Epoch 469: Time: 0.3151 Cost: 0.9133 Pre: 1.0000 Re: 0.9996 Acc: 0.9998 F1: 0.9998
Epoch 470: Time: 0.3165 Cost: 0.9132 Pre: 1.0000 Re: 0.9996 Acc: 0.9998 F1: 0.9998


--------------------------------------------------------------------
Eval results: Cost:0.9025 Pre:1.0000 Re:0.9993 Acc:0.9996 F1:0.9996
--------------------------------------------------------------------

Epoch 471: Time: 0.3125 Cost: 0.9132 Pre: 1.0000 Re: 0.9996 Acc: 0.9998 F1: 0.9998
Epoch 472: Time: 0.3205 Cost: 0.9131 Pre: 1.0000 Re: 0.9996 Acc: 0.9998 F1: 0.9998
Epoch 473: Time: 0.3194 Cost: 0.9131 Pre: 1.0000 Re: 0.9996 Acc: 0.9998 F1: 0.9998
Epoch 474: Time: 0.3153 Cost: 0.9130 Pre: 1.0000 Re: 0.9996 Acc: 0.9998 F1: 0.9998
Epoch 475: Time: 0.3118 Cost: 0.9129 Pre: 1.0000 Re: 0.9996 Acc: 0.9998 F1: 0.9998
Epoch 476: Time: 0.3121 Cost: 0.9129 Pre: 1.0000 Re: 0.9996 Acc: 0.9998 F1: 0.9998
Epoch 477: Time: 0.3136 Cost: 0.9128 Pre: 1.0000 Re: 0.9996 Acc: 0.9998 F1: 0.9998
Epoch 478: Time: 0.3162 Cost: 0.9128 Pre: 1.0000 Re: 0.9996 Acc: 0.9998 F1: 0.9998
Epoch 479: Time: 0.3150 Cost: 0.9127 Pre: 1.0000 Re: 0.9996 Acc: 0.9998 F1: 0.9998
Epoch 480: Time: 0.3121 Cost: 0.9127 Pre: 1.0000 Re: 0.9996 Acc: 0.9998 F1: 0.9998


--------------------------------------------------------------------
Eval results: Cost:0.9015 Pre:1.0000 Re:0.9993 Acc:0.9996 F1:0.9996
--------------------------------------------------------------------

Epoch 481: Time: 0.3164 Cost: 0.9126 Pre: 1.0000 Re: 0.9996 Acc: 0.9998 F1: 0.9998
Epoch 482: Time: 0.3145 Cost: 0.9126 Pre: 1.0000 Re: 0.9996 Acc: 0.9998 F1: 0.9998
Epoch 483: Time: 0.3151 Cost: 0.9125 Pre: 1.0000 Re: 0.9996 Acc: 0.9998 F1: 0.9998
Epoch 484: Time: 0.3343 Cost: 0.9125 Pre: 1.0000 Re: 0.9996 Acc: 0.9998 F1: 0.9998
Epoch 485: Time: 0.3213 Cost: 0.9125 Pre: 1.0000 Re: 0.9996 Acc: 0.9998 F1: 0.9998
Epoch 486: Time: 0.3187 Cost: 0.9124 Pre: 1.0000 Re: 0.9996 Acc: 0.9998 F1: 0.9998
Epoch 487: Time: 0.3144 Cost: 0.9124 Pre: 1.0000 Re: 0.9996 Acc: 0.9998 F1: 0.9998
Epoch 488: Time: 0.3089 Cost: 0.9123 Pre: 1.0000 Re: 0.9996 Acc: 0.9998 F1: 0.9998
Epoch 489: Time: 0.3089 Cost: 0.9123 Pre: 1.0000 Re: 0.9996 Acc: 0.9998 F1: 0.9998
Epoch 490: Time: 0.3942 Cost: 0.9122 Pre: 1.0000 Re: 0.9996 Acc: 0.9998 F1: 0.9998


--------------------------------------------------------------------
Eval results: Cost:0.9007 Pre:1.0000 Re:0.9993 Acc:0.9996 F1:0.9996
--------------------------------------------------------------------

Epoch 491: Time: 0.3095 Cost: 0.9122 Pre: 1.0000 Re: 0.9996 Acc: 0.9998 F1: 0.9998
Epoch 492: Time: 0.3180 Cost: 0.9121 Pre: 1.0000 Re: 0.9996 Acc: 0.9998 F1: 0.9998
Epoch 493: Time: 0.3157 Cost: 0.9121 Pre: 1.0000 Re: 0.9996 Acc: 0.9998 F1: 0.9998
Epoch 494: Time: 0.3095 Cost: 0.9121 Pre: 1.0000 Re: 0.9996 Acc: 0.9998 F1: 0.9998
Epoch 495: Time: 0.3097 Cost: 0.9120 Pre: 1.0000 Re: 0.9996 Acc: 0.9998 F1: 0.9998
Epoch 496: Time: 0.3149 Cost: 0.9120 Pre: 1.0000 Re: 0.9996 Acc: 0.9998 F1: 0.9998
Epoch 497: Time: 0.3170 Cost: 0.9119 Pre: 1.0000 Re: 0.9996 Acc: 0.9998 F1: 0.9998
Epoch 498: Time: 0.3124 Cost: 0.9119 Pre: 1.0000 Re: 1.0000 Acc: 1.0000 F1: 1.0000
Epoch 499: Time: 0.3111 Cost: 0.9118 Pre: 1.0000 Re: 1.0000 Acc: 1.0000 F1: 1.0000
Epoch 500: Time: 0.3104 Cost: 0.9118 Pre: 1.0000 Re: 1.0000 Acc: 1.0000 F1: 1.0000


--------------------------------------------------------------------
Eval results: Cost:0.8999 Pre:1.0000 Re:1.0000 Acc:1.0000 F1:1.0000
--------------------------------------------------------------------

Epoch 501: Time: 0.3184 Cost: 0.9118 Pre: 1.0000 Re: 1.0000 Acc: 1.0000 F1: 1.0000
Epoch 502: Time: 0.3135 Cost: 0.9117 Pre: 1.0000 Re: 1.0000 Acc: 1.0000 F1: 1.0000
Epoch 503: Time: 0.3092 Cost: 0.9117 Pre: 1.0000 Re: 1.0000 Acc: 1.0000 F1: 1.0000
Epoch 504: Time: 0.3143 Cost: 0.9117 Pre: 1.0000 Re: 1.0000 Acc: 1.0000 F1: 1.0000
Epoch 505: Time: 0.3212 Cost: 0.9116 Pre: 1.0000 Re: 1.0000 Acc: 1.0000 F1: 1.0000
Epoch 506: Time: 0.3119 Cost: 0.9116 Pre: 1.0000 Re: 1.0000 Acc: 1.0000 F1: 1.0000
Epoch 507: Time: 0.3053 Cost: 0.9115 Pre: 1.0000 Re: 1.0000 Acc: 1.0000 F1: 1.0000
Epoch 508: Time: 0.3078 Cost: 0.9115 Pre: 1.0000 Re: 1.0000 Acc: 1.0000 F1: 1.0000
Epoch 509: Time: 0.3102 Cost: 0.9115 Pre: 1.0000 Re: 1.0000 Acc: 1.0000 F1: 1.0000
Epoch 510: Time: 0.3049 Cost: 0.9114 Pre: 1.0000 Re: 1.0000 Acc: 1.0000 F1: 1.0000


--------------------------------------------------------------------
Eval results: Cost:0.8992 Pre:1.0000 Re:1.0000 Acc:1.0000 F1:1.0000
--------------------------------------------------------------------

Epoch 511: Time: 0.3084 Cost: 0.9114 Pre: 1.0000 Re: 1.0000 Acc: 1.0000 F1: 1.0000
Epoch 512: Time: 0.3174 Cost: 0.9114 Pre: 1.0000 Re: 1.0000 Acc: 1.0000 F1: 1.0000
Epoch 513: Time: 0.3174 Cost: 0.9113 Pre: 1.0000 Re: 1.0000 Acc: 1.0000 F1: 1.0000
Epoch 514: Time: 0.3144 Cost: 0.9113 Pre: 1.0000 Re: 1.0000 Acc: 1.0000 F1: 1.0000
Epoch 515: Time: 0.3075 Cost: 0.9113 Pre: 1.0000 Re: 1.0000 Acc: 1.0000 F1: 1.0000
Epoch 516: Time: 0.3144 Cost: 0.9112 Pre: 1.0000 Re: 1.0000 Acc: 1.0000 F1: 1.0000
Epoch 517: Time: 0.3186 Cost: 0.9112 Pre: 1.0000 Re: 1.0000 Acc: 1.0000 F1: 1.0000
Epoch 518: Time: 0.3127 Cost: 0.9112 Pre: 1.0000 Re: 1.0000 Acc: 1.0000 F1: 1.0000
Epoch 519: Time: 0.3103 Cost: 0.9111 Pre: 1.0000 Re: 1.0000 Acc: 1.0000 F1: 1.0000
Epoch 520: Time: 0.3144 Cost: 0.9111 Pre: 1.0000 Re: 1.0000 Acc: 1.0000 F1: 1.0000


--------------------------------------------------------------------
Eval results: Cost:0.8986 Pre:1.0000 Re:1.0000 Acc:1.0000 F1:1.0000
--------------------------------------------------------------------

Epoch 521: Time: 0.3161 Cost: 0.9111 Pre: 1.0000 Re: 1.0000 Acc: 1.0000 F1: 1.0000
Epoch 522: Time: 0.3118 Cost: 0.9110 Pre: 1.0000 Re: 1.0000 Acc: 1.0000 F1: 1.0000
Epoch 523: Time: 0.3117 Cost: 0.9110 Pre: 1.0000 Re: 1.0000 Acc: 1.0000 F1: 1.0000
Epoch 524: Time: 0.3102 Cost: 0.9110 Pre: 1.0000 Re: 1.0000 Acc: 1.0000 F1: 1.0000
Epoch 525: Time: 0.3175 Cost: 0.9110 Pre: 1.0000 Re: 1.0000 Acc: 1.0000 F1: 1.0000
Epoch 526: Time: 0.3141 Cost: 0.9109 Pre: 1.0000 Re: 1.0000 Acc: 1.0000 F1: 1.0000
Epoch 527: Time: 0.3131 Cost: 0.9109 Pre: 1.0000 Re: 1.0000 Acc: 1.0000 F1: 1.0000
Epoch 528: Time: 0.3086 Cost: 0.9109 Pre: 1.0000 Re: 1.0000 Acc: 1.0000 F1: 1.0000
Epoch 529: Time: 0.3172 Cost: 0.9108 Pre: 1.0000 Re: 1.0000 Acc: 1.0000 F1: 1.0000
Epoch 530: Time: 0.3148 Cost: 0.9108 Pre: 1.0000 Re: 1.0000 Acc: 1.0000 F1: 1.0000


--------------------------------------------------------------------
Eval results: Cost:0.8981 Pre:1.0000 Re:1.0000 Acc:1.0000 F1:1.0000
--------------------------------------------------------------------

Epoch 531: Time: 0.3205 Cost: 0.9108 Pre: 1.0000 Re: 1.0000 Acc: 1.0000 F1: 1.0000
Epoch 532: Time: 0.3063 Cost: 0.9108 Pre: 1.0000 Re: 1.0000 Acc: 1.0000 F1: 1.0000
Epoch 533: Time: 0.3105 Cost: 0.9107 Pre: 1.0000 Re: 1.0000 Acc: 1.0000 F1: 1.0000
Epoch 534: Time: 0.3132 Cost: 0.9107 Pre: 1.0000 Re: 1.0000 Acc: 1.0000 F1: 1.0000
Epoch 535: Time: 0.3097 Cost: 0.9107 Pre: 1.0000 Re: 1.0000 Acc: 1.0000 F1: 1.0000
Epoch 536: Time: 0.3132 Cost: 0.9107 Pre: 1.0000 Re: 1.0000 Acc: 1.0000 F1: 1.0000
Epoch 537: Time: 0.3142 Cost: 0.9106 Pre: 1.0000 Re: 1.0000 Acc: 1.0000 F1: 1.0000
Epoch 538: Time: 0.3150 Cost: 0.9106 Pre: 1.0000 Re: 1.0000 Acc: 1.0000 F1: 1.0000
Epoch 539: Time: 0.3130 Cost: 0.9106 Pre: 1.0000 Re: 1.0000 Acc: 1.0000 F1: 1.0000
Epoch 540: Time: 0.3086 Cost: 0.9106 Pre: 1.0000 Re: 1.0000 Acc: 1.0000 F1: 1.0000


--------------------------------------------------------------------
Eval results: Cost:0.8977 Pre:1.0000 Re:1.0000 Acc:1.0000 F1:1.0000
--------------------------------------------------------------------

Early stopping...
--------------------------------------------------------------------
--------------------------------------------------------------------
Test 10470 samples take time: 1.4715
Test results: Cost:0.8854 Pre:1.0000 Re:1.0000 Acc:1.0000 F1:1.0000
--------------------------------------------------------------------

