16768
16562
16206
16632
16380
16425
Load data
RNN type: O2 Grammar: g4 Seed: 10
Model total parameters: 5000
Saving hinit ... 

Epoch 0: Time: 1.8467 Cost: 23.9456 Pre: 0.5533 Re: 0.7755 Acc: 0.5724 F1: 0.6458


--------------------------------------------------------------------
Eval results: Cost:23.7661 Pre:0.5673 Re:0.7670 Acc:0.5953 F1:0.6522
--------------------------------------------------------------------

Epoch 1: Time: 1.9070 Cost: 22.6254 Pre: 0.6010 Re: 0.7562 Acc: 0.6250 F1: 0.6697
Epoch 2: Time: 1.5221 Cost: 20.7941 Pre: 0.6156 Re: 0.7641 Acc: 0.6416 F1: 0.6819
Epoch 3: Time: 1.5298 Cost: 14.8785 Pre: 0.7782 Re: 0.9139 Acc: 0.8257 F1: 0.8406
Epoch 4: Time: 1.3283 Cost: 9.1437 Pre: 0.9105 Re: 0.8991 Acc: 0.9049 F1: 0.9048
Epoch 5: Time: 1.3482 Cost: 7.1662 Pre: 0.9380 Re: 0.9116 Acc: 0.9253 F1: 0.9246
Epoch 6: Time: 1.3432 Cost: 5.8571 Pre: 0.9502 Re: 0.9268 Acc: 0.9388 F1: 0.9384
Epoch 7: Time: 1.2793 Cost: 4.7028 Pre: 0.9628 Re: 0.9424 Acc: 0.9527 F1: 0.9525
Epoch 8: Time: 1.2807 Cost: 3.3939 Pre: 0.9761 Re: 0.9617 Acc: 0.9689 F1: 0.9689
Epoch 9: Time: 1.2758 Cost: 2.0728 Pre: 0.9912 Re: 0.9788 Acc: 0.9849 F1: 0.9849
Epoch 10: Time: 1.2871 Cost: 1.1215 Pre: 0.9977 Re: 0.9924 Acc: 0.9950 F1: 0.9951


--------------------------------------------------------------------
Eval results: Cost:0.6532 Pre:0.9992 Re:0.9955 Acc:0.9974 F1:0.9974
--------------------------------------------------------------------

Epoch 11: Time: 1.2750 Cost: 0.6019 Pre: 1.0000 Re: 0.9970 Acc: 0.9985 F1: 0.9985
Epoch 12: Time: 1.2777 Cost: 0.3453 Pre: 1.0000 Re: 0.9977 Acc: 0.9989 F1: 0.9989
Epoch 13: Time: 1.2743 Cost: 0.2018 Pre: 1.0000 Re: 0.9989 Acc: 0.9994 F1: 0.9994
Epoch 14: Time: 1.2963 Cost: 0.1287 Pre: 1.0000 Re: 0.9992 Acc: 0.9996 F1: 0.9996
Epoch 15: Time: 1.2718 Cost: 0.0860 Pre: 1.0000 Re: 0.9996 Acc: 0.9998 F1: 0.9998
Epoch 16: Time: 1.2724 Cost: 0.0613 Pre: 1.0000 Re: 0.9996 Acc: 0.9998 F1: 0.9998
Epoch 17: Time: 1.3104 Cost: 0.0459 Pre: 1.0000 Re: 0.9996 Acc: 0.9998 F1: 0.9998
Epoch 18: Time: 1.2815 Cost: 0.0357 Pre: 1.0000 Re: 0.9996 Acc: 0.9998 F1: 0.9998
Epoch 19: Time: 1.2781 Cost: 0.0285 Pre: 1.0000 Re: 1.0000 Acc: 1.0000 F1: 1.0000
Epoch 20: Time: 1.2873 Cost: 0.0232 Pre: 1.0000 Re: 1.0000 Acc: 1.0000 F1: 1.0000


--------------------------------------------------------------------
Eval results: Cost:0.0142 Pre:1.0000 Re:1.0000 Acc:1.0000 F1:1.0000
--------------------------------------------------------------------

Epoch 21: Time: 1.2817 Cost: 0.0192 Pre: 1.0000 Re: 1.0000 Acc: 1.0000 F1: 1.0000
Epoch 22: Time: 1.2746 Cost: 0.0162 Pre: 1.0000 Re: 1.0000 Acc: 1.0000 F1: 1.0000
Epoch 23: Time: 1.2755 Cost: 0.0141 Pre: 1.0000 Re: 1.0000 Acc: 1.0000 F1: 1.0000
Epoch 24: Time: 1.2983 Cost: 0.0123 Pre: 1.0000 Re: 1.0000 Acc: 1.0000 F1: 1.0000
Epoch 25: Time: 1.3310 Cost: 0.0110 Pre: 1.0000 Re: 1.0000 Acc: 1.0000 F1: 1.0000
Epoch 26: Time: 1.3683 Cost: 0.0098 Pre: 1.0000 Re: 1.0000 Acc: 1.0000 F1: 1.0000
Epoch 27: Time: 1.2804 Cost: 0.0089 Pre: 1.0000 Re: 1.0000 Acc: 1.0000 F1: 1.0000
Epoch 28: Time: 1.2758 Cost: 0.0081 Pre: 1.0000 Re: 1.0000 Acc: 1.0000 F1: 1.0000
Epoch 29: Time: 1.2762 Cost: 0.0074 Pre: 1.0000 Re: 1.0000 Acc: 1.0000 F1: 1.0000
Epoch 30: Time: 1.3734 Cost: 0.0068 Pre: 1.0000 Re: 1.0000 Acc: 1.0000 F1: 1.0000


--------------------------------------------------------------------
Eval results: Cost:0.0043 Pre:1.0000 Re:1.0000 Acc:1.0000 F1:1.0000
--------------------------------------------------------------------

Epoch 31: Time: 1.2923 Cost: 0.0063 Pre: 1.0000 Re: 1.0000 Acc: 1.0000 F1: 1.0000
Epoch 32: Time: 1.2718 Cost: 0.0058 Pre: 1.0000 Re: 1.0000 Acc: 1.0000 F1: 1.0000
Epoch 33: Time: 1.2769 Cost: 0.0054 Pre: 1.0000 Re: 1.0000 Acc: 1.0000 F1: 1.0000
Epoch 34: Time: 1.2721 Cost: 0.0051 Pre: 1.0000 Re: 1.0000 Acc: 1.0000 F1: 1.0000
Epoch 35: Time: 1.2722 Cost: 0.0047 Pre: 1.0000 Re: 1.0000 Acc: 1.0000 F1: 1.0000
Epoch 36: Time: 1.2733 Cost: 0.0045 Pre: 1.0000 Re: 1.0000 Acc: 1.0000 F1: 1.0000
Epoch 37: Time: 1.3283 Cost: 0.0042 Pre: 1.0000 Re: 1.0000 Acc: 1.0000 F1: 1.0000
Epoch 38: Time: 1.2802 Cost: 0.0040 Pre: 1.0000 Re: 1.0000 Acc: 1.0000 F1: 1.0000
Epoch 39: Time: 1.2761 Cost: 0.0037 Pre: 1.0000 Re: 1.0000 Acc: 1.0000 F1: 1.0000
Epoch 40: Time: 1.2840 Cost: 0.0035 Pre: 1.0000 Re: 1.0000 Acc: 1.0000 F1: 1.0000


--------------------------------------------------------------------
Eval results: Cost:0.0024 Pre:1.0000 Re:1.0000 Acc:1.0000 F1:1.0000
--------------------------------------------------------------------

Epoch 41: Time: 1.2765 Cost: 0.0034 Pre: 1.0000 Re: 1.0000 Acc: 1.0000 F1: 1.0000
Epoch 42: Time: 1.3760 Cost: 0.0032 Pre: 1.0000 Re: 1.0000 Acc: 1.0000 F1: 1.0000
Epoch 43: Time: 1.4955 Cost: 0.0030 Pre: 1.0000 Re: 1.0000 Acc: 1.0000 F1: 1.0000
Epoch 44: Time: 1.2954 Cost: 0.0029 Pre: 1.0000 Re: 1.0000 Acc: 1.0000 F1: 1.0000
Epoch 45: Time: 1.2883 Cost: 0.0028 Pre: 1.0000 Re: 1.0000 Acc: 1.0000 F1: 1.0000
Epoch 46: Time: 1.2883 Cost: 0.0027 Pre: 1.0000 Re: 1.0000 Acc: 1.0000 F1: 1.0000
Epoch 47: Time: 1.2790 Cost: 0.0026 Pre: 1.0000 Re: 1.0000 Acc: 1.0000 F1: 1.0000
Epoch 48: Time: 1.2777 Cost: 0.0024 Pre: 1.0000 Re: 1.0000 Acc: 1.0000 F1: 1.0000
Epoch 49: Time: 1.2748 Cost: 0.0024 Pre: 1.0000 Re: 1.0000 Acc: 1.0000 F1: 1.0000
Epoch 50: Time: 1.2781 Cost: 0.0023 Pre: 1.0000 Re: 1.0000 Acc: 1.0000 F1: 1.0000


--------------------------------------------------------------------
Eval results: Cost:0.0016 Pre:1.0000 Re:1.0000 Acc:1.0000 F1:1.0000
--------------------------------------------------------------------

Epoch 51: Time: 1.2712 Cost: 0.0022 Pre: 1.0000 Re: 1.0000 Acc: 1.0000 F1: 1.0000
Epoch 52: Time: 1.2922 Cost: 0.0021 Pre: 1.0000 Re: 1.0000 Acc: 1.0000 F1: 1.0000
Epoch 53: Time: 1.2781 Cost: 0.0020 Pre: 1.0000 Re: 1.0000 Acc: 1.0000 F1: 1.0000
Epoch 54: Time: 1.2736 Cost: 0.0020 Pre: 1.0000 Re: 1.0000 Acc: 1.0000 F1: 1.0000
Epoch 55: Time: 1.2732 Cost: 0.0019 Pre: 1.0000 Re: 1.0000 Acc: 1.0000 F1: 1.0000
Epoch 56: Time: 1.2796 Cost: 0.0018 Pre: 1.0000 Re: 1.0000 Acc: 1.0000 F1: 1.0000
Epoch 57: Time: 1.2716 Cost: 0.0018 Pre: 1.0000 Re: 1.0000 Acc: 1.0000 F1: 1.0000
Epoch 58: Time: 1.2747 Cost: 0.0017 Pre: 1.0000 Re: 1.0000 Acc: 1.0000 F1: 1.0000
Epoch 59: Time: 1.2758 Cost: 0.0017 Pre: 1.0000 Re: 1.0000 Acc: 1.0000 F1: 1.0000
Epoch 60: Time: 1.2863 Cost: 0.0016 Pre: 1.0000 Re: 1.0000 Acc: 1.0000 F1: 1.0000


--------------------------------------------------------------------
Eval results: Cost:0.0012 Pre:1.0000 Re:1.0000 Acc:1.0000 F1:1.0000
--------------------------------------------------------------------

Epoch 61: Time: 1.2779 Cost: 0.0016 Pre: 1.0000 Re: 1.0000 Acc: 1.0000 F1: 1.0000
Epoch 62: Time: 1.2925 Cost: 0.0015 Pre: 1.0000 Re: 1.0000 Acc: 1.0000 F1: 1.0000
Epoch 63: Time: 1.2827 Cost: 0.0015 Pre: 1.0000 Re: 1.0000 Acc: 1.0000 F1: 1.0000
Epoch 64: Time: 1.4036 Cost: 0.0015 Pre: 1.0000 Re: 1.0000 Acc: 1.0000 F1: 1.0000
Epoch 65: Time: 1.2781 Cost: 0.0014 Pre: 1.0000 Re: 1.0000 Acc: 1.0000 F1: 1.0000
Epoch 66: Time: 1.2807 Cost: 0.0014 Pre: 1.0000 Re: 1.0000 Acc: 1.0000 F1: 1.0000
Epoch 67: Time: 1.2918 Cost: 0.0013 Pre: 1.0000 Re: 1.0000 Acc: 1.0000 F1: 1.0000
Epoch 68: Time: 1.2840 Cost: 0.0013 Pre: 1.0000 Re: 1.0000 Acc: 1.0000 F1: 1.0000
Epoch 69: Time: 1.2787 Cost: 0.0013 Pre: 1.0000 Re: 1.0000 Acc: 1.0000 F1: 1.0000
Epoch 70: Time: 1.2801 Cost: 0.0013 Pre: 1.0000 Re: 1.0000 Acc: 1.0000 F1: 1.0000


--------------------------------------------------------------------
Eval results: Cost:0.0009 Pre:1.0000 Re:1.0000 Acc:1.0000 F1:1.0000
--------------------------------------------------------------------

Early stopping...
--------------------------------------------------------------------
--------------------------------------------------------------------
Test 10470 samples take time: 6.1709
Test results: Cost:0.0009 Pre:1.0000 Re:1.0000 Acc:1.0000 F1:1.0000
--------------------------------------------------------------------

