16768
16562
16206
16632
16380
16425
Load data
RNN type: SRN Grammar: g4 Seed: 4
Model total parameters: 130
Saving hinit ... 

Epoch 0: Time: 0.1818 Cost: 25.5011 Pre: 0.4971 Re: 0.8309 Acc: 0.4923 F1: 0.6220


--------------------------------------------------------------------
Eval results: Cost:25.0696 Pre:0.5290 Re:0.5536 Acc:0.5352 F1:0.5410
--------------------------------------------------------------------

Epoch 1: Time: 0.1135 Cost: 24.9587 Pre: 0.5440 Re: 0.5438 Acc: 0.5415 F1: 0.5439
Epoch 2: Time: 0.1085 Cost: 24.7904 Pre: 0.5440 Re: 0.5438 Acc: 0.5415 F1: 0.5439
Epoch 3: Time: 0.1073 Cost: 24.6251 Pre: 0.5440 Re: 0.5438 Acc: 0.5415 F1: 0.5439
Epoch 4: Time: 0.1066 Cost: 24.4634 Pre: 0.5440 Re: 0.5438 Acc: 0.5415 F1: 0.5439
Epoch 5: Time: 0.1141 Cost: 24.2990 Pre: 0.5630 Re: 0.6743 Acc: 0.5731 F1: 0.6136
Epoch 6: Time: 0.1199 Cost: 24.1263 Pre: 0.5759 Re: 0.6606 Acc: 0.5847 F1: 0.6153
Epoch 7: Time: 0.1111 Cost: 23.9410 Pre: 0.6129 Re: 0.6136 Acc: 0.6109 F1: 0.6132
Epoch 8: Time: 0.1093 Cost: 23.7393 Pre: 0.6130 Re: 0.6140 Acc: 0.6111 F1: 0.6135
Epoch 9: Time: 0.1066 Cost: 23.5169 Pre: 0.6171 Re: 0.6447 Acc: 0.6202 F1: 0.6306
Epoch 10: Time: 0.1074 Cost: 23.2689 Pre: 0.6187 Re: 0.6818 Acc: 0.6288 F1: 0.6487


--------------------------------------------------------------------
Eval results: Cost:23.5809 Pre:0.5865 Re:0.6704 Acc:0.6030 F1:0.6257
--------------------------------------------------------------------

Epoch 11: Time: 0.1165 Cost: 23.0102 Pre: 0.6205 Re: 0.6970 Acc: 0.6334 F1: 0.6565
Epoch 12: Time: 0.1100 Cost: 22.7189 Pre: 0.6221 Re: 0.6993 Acc: 0.6353 F1: 0.6585
Epoch 13: Time: 0.1079 Cost: 22.3521 Pre: 0.6345 Re: 0.6966 Acc: 0.6458 F1: 0.6641
Epoch 14: Time: 0.1064 Cost: 21.9069 Pre: 0.6432 Re: 0.6883 Acc: 0.6513 F1: 0.6650
Epoch 15: Time: 0.1127 Cost: 21.3542 Pre: 0.6553 Re: 0.7194 Acc: 0.6686 F1: 0.6858
Epoch 16: Time: 0.1237 Cost: 20.6480 Pre: 0.6793 Re: 0.7421 Acc: 0.6942 F1: 0.7093
Epoch 17: Time: 0.1120 Cost: 19.7304 Pre: 0.6977 Re: 0.7596 Acc: 0.7136 F1: 0.7273
Epoch 18: Time: 0.1080 Cost: 18.5645 Pre: 0.7267 Re: 0.8058 Acc: 0.7500 F1: 0.7643
Epoch 19: Time: 0.1072 Cost: 17.2368 Pre: 0.7559 Re: 0.8256 Acc: 0.7783 F1: 0.7892
Epoch 20: Time: 0.1067 Cost: 16.0435 Pre: 0.7689 Re: 0.8453 Acc: 0.7945 F1: 0.8053


--------------------------------------------------------------------
Eval results: Cost:16.9900 Pre:0.7239 Re:0.8779 Acc:0.7739 F1:0.7935
--------------------------------------------------------------------

Epoch 21: Time: 0.1184 Cost: 15.3121 Pre: 0.7800 Re: 0.8392 Acc: 0.8002 F1: 0.8085
Epoch 22: Time: 0.1089 Cost: 14.9209 Pre: 0.7775 Re: 0.8415 Acc: 0.7992 F1: 0.8082
Epoch 23: Time: 0.1090 Cost: 14.6804 Pre: 0.7748 Re: 0.8388 Acc: 0.7964 F1: 0.8055
Epoch 24: Time: 0.1279 Cost: 14.5382 Pre: 0.7754 Re: 0.8377 Acc: 0.7964 F1: 0.8053
Epoch 25: Time: 0.1178 Cost: 14.4374 Pre: 0.7782 Re: 0.8381 Acc: 0.7985 F1: 0.8070
Epoch 26: Time: 0.1326 Cost: 14.3550 Pre: 0.7794 Re: 0.8415 Acc: 0.8006 F1: 0.8093
Epoch 27: Time: 0.1192 Cost: 14.2823 Pre: 0.7802 Re: 0.8426 Acc: 0.8015 F1: 0.8102
Epoch 28: Time: 0.1128 Cost: 14.2157 Pre: 0.7802 Re: 0.8441 Acc: 0.8021 F1: 0.8109
Epoch 29: Time: 0.1094 Cost: 14.1534 Pre: 0.7813 Re: 0.8453 Acc: 0.8032 F1: 0.8120
Epoch 30: Time: 0.1099 Cost: 14.0944 Pre: 0.7833 Re: 0.8472 Acc: 0.8053 F1: 0.8140


--------------------------------------------------------------------
Eval results: Cost:15.4738 Pre:0.7409 Re:0.8846 Acc:0.7898 F1:0.8064
--------------------------------------------------------------------

Epoch 31: Time: 0.1181 Cost: 14.0373 Pre: 0.7846 Re: 0.8483 Acc: 0.8067 F1: 0.8152
Epoch 32: Time: 0.1093 Cost: 13.9925 Pre: 0.7856 Re: 0.8506 Acc: 0.8082 F1: 0.8168
Epoch 33: Time: 0.1103 Cost: 13.9395 Pre: 0.7862 Re: 0.8521 Acc: 0.8092 F1: 0.8178
Epoch 34: Time: 0.1077 Cost: 13.8862 Pre: 0.7882 Re: 0.8536 Acc: 0.8111 F1: 0.8196
Epoch 35: Time: 0.1202 Cost: 13.8337 Pre: 0.7888 Re: 0.8555 Acc: 0.8122 F1: 0.8208
Epoch 36: Time: 0.1134 Cost: 13.7818 Pre: 0.7904 Re: 0.8567 Acc: 0.8137 F1: 0.8222
Epoch 37: Time: 0.1090 Cost: 13.7301 Pre: 0.7912 Re: 0.8578 Acc: 0.8147 F1: 0.8231
Epoch 38: Time: 0.1064 Cost: 13.6783 Pre: 0.7915 Re: 0.8582 Acc: 0.8151 F1: 0.8235
Epoch 39: Time: 0.1058 Cost: 13.6263 Pre: 0.7923 Re: 0.8593 Acc: 0.8160 F1: 0.8244
Epoch 40: Time: 0.1085 Cost: 13.5736 Pre: 0.7934 Re: 0.8608 Acc: 0.8173 F1: 0.8258


--------------------------------------------------------------------
Eval results: Cost:15.1072 Pre:0.7464 Re:0.8906 Acc:0.7961 F1:0.8122
--------------------------------------------------------------------

Epoch 41: Time: 0.1190 Cost: 13.5186 Pre: 0.7943 Re: 0.8608 Acc: 0.8179 F1: 0.8262
Epoch 42: Time: 0.1167 Cost: 13.4756 Pre: 0.7946 Re: 0.8612 Acc: 0.8183 F1: 0.8266
Epoch 43: Time: 0.1084 Cost: 13.4209 Pre: 0.7950 Re: 0.8620 Acc: 0.8189 F1: 0.8271
Epoch 44: Time: 0.1075 Cost: 13.3641 Pre: 0.7960 Re: 0.8627 Acc: 0.8198 F1: 0.8280
Epoch 45: Time: 0.1073 Cost: 13.3058 Pre: 0.7964 Re: 0.8631 Acc: 0.8202 F1: 0.8284
Epoch 46: Time: 0.1084 Cost: 13.2460 Pre: 0.7973 Re: 0.8639 Acc: 0.8212 F1: 0.8293
Epoch 47: Time: 0.1240 Cost: 13.1847 Pre: 0.7982 Re: 0.8642 Acc: 0.8219 F1: 0.8299
Epoch 48: Time: 0.1149 Cost: 13.1216 Pre: 0.7994 Re: 0.8642 Acc: 0.8227 F1: 0.8305
Epoch 49: Time: 0.1085 Cost: 13.0568 Pre: 0.8005 Re: 0.8658 Acc: 0.8240 F1: 0.8318
Epoch 50: Time: 0.1071 Cost: 12.9901 Pre: 0.8021 Re: 0.8669 Acc: 0.8255 F1: 0.8332


--------------------------------------------------------------------
Eval results: Cost:14.6788 Pre:0.7574 Re:0.8981 Acc:0.8073 F1:0.8218
--------------------------------------------------------------------

Epoch 51: Time: 0.1272 Cost: 12.9188 Pre: 0.8053 Re: 0.8673 Acc: 0.8278 F1: 0.8351
Epoch 52: Time: 0.1167 Cost: 12.8611 Pre: 0.8071 Re: 0.8677 Acc: 0.8292 F1: 0.8363
Epoch 53: Time: 0.1087 Cost: 12.7882 Pre: 0.8075 Re: 0.8684 Acc: 0.8297 F1: 0.8368
Epoch 54: Time: 0.1063 Cost: 12.7117 Pre: 0.8093 Re: 0.8692 Acc: 0.8313 F1: 0.8382
Epoch 55: Time: 0.1064 Cost: 12.6320 Pre: 0.8102 Re: 0.8692 Acc: 0.8318 F1: 0.8386
Epoch 56: Time: 0.1113 Cost: 12.5488 Pre: 0.8109 Re: 0.8699 Acc: 0.8326 F1: 0.8394
Epoch 57: Time: 0.1238 Cost: 12.4619 Pre: 0.8114 Re: 0.8714 Acc: 0.8336 F1: 0.8404
Epoch 58: Time: 0.1111 Cost: 12.3712 Pre: 0.8132 Re: 0.8714 Acc: 0.8347 F1: 0.8413
Epoch 59: Time: 0.1074 Cost: 12.2768 Pre: 0.8153 Re: 0.8722 Acc: 0.8364 F1: 0.8428
Epoch 60: Time: 0.1070 Cost: 12.1787 Pre: 0.8162 Re: 0.8726 Acc: 0.8372 F1: 0.8435


--------------------------------------------------------------------
Eval results: Cost:14.0687 Pre:0.7658 Re:0.9011 Acc:0.8147 F1:0.8279
--------------------------------------------------------------------

Epoch 61: Time: 0.1145 Cost: 12.0754 Pre: 0.8192 Re: 0.8745 Acc: 0.8398 F1: 0.8459
Epoch 62: Time: 0.1207 Cost: 11.9883 Pre: 0.8187 Re: 0.8749 Acc: 0.8397 F1: 0.8458
Epoch 63: Time: 0.1087 Cost: 11.8826 Pre: 0.8194 Re: 0.8760 Acc: 0.8406 F1: 0.8468
Epoch 64: Time: 0.1124 Cost: 11.7735 Pre: 0.8236 Re: 0.8764 Acc: 0.8435 F1: 0.8492
Epoch 65: Time: 0.1087 Cost: 11.6623 Pre: 0.8265 Re: 0.8764 Acc: 0.8454 F1: 0.8507
Epoch 66: Time: 0.1093 Cost: 11.5494 Pre: 0.8287 Re: 0.8768 Acc: 0.8469 F1: 0.8520
Epoch 67: Time: 0.1216 Cost: 11.4349 Pre: 0.8310 Re: 0.8764 Acc: 0.8482 F1: 0.8531
Epoch 68: Time: 0.1131 Cost: 11.3191 Pre: 0.8335 Re: 0.8768 Acc: 0.8500 F1: 0.8546
Epoch 69: Time: 0.1078 Cost: 11.2021 Pre: 0.8348 Re: 0.8779 Acc: 0.8513 F1: 0.8558
Epoch 70: Time: 0.1077 Cost: 11.0841 Pre: 0.8349 Re: 0.8783 Acc: 0.8515 F1: 0.8560


--------------------------------------------------------------------
Eval results: Cost:13.2550 Pre:0.7799 Re:0.9026 Acc:0.8258 F1:0.8368
--------------------------------------------------------------------

Epoch 71: Time: 0.1124 Cost: 10.9640 Pre: 0.8375 Re: 0.8798 Acc: 0.8538 F1: 0.8581
Epoch 72: Time: 0.1226 Cost: 10.8644 Pre: 0.8393 Re: 0.8813 Acc: 0.8555 F1: 0.8598
Epoch 73: Time: 0.1115 Cost: 10.7457 Pre: 0.8412 Re: 0.8817 Acc: 0.8568 F1: 0.8610
Epoch 74: Time: 0.1077 Cost: 10.6248 Pre: 0.8443 Re: 0.8821 Acc: 0.8589 F1: 0.8628
Epoch 75: Time: 0.1071 Cost: 10.5035 Pre: 0.8467 Re: 0.8821 Acc: 0.8604 F1: 0.8640
Epoch 76: Time: 0.1081 Cost: 10.3818 Pre: 0.8489 Re: 0.8843 Acc: 0.8627 F1: 0.8663
Epoch 77: Time: 0.1218 Cost: 10.2600 Pre: 0.8504 Re: 0.8859 Acc: 0.8643 F1: 0.8678
Epoch 78: Time: 0.1135 Cost: 10.1379 Pre: 0.8511 Re: 0.8862 Acc: 0.8648 F1: 0.8683
Epoch 79: Time: 0.1083 Cost: 10.0157 Pre: 0.8536 Re: 0.8866 Acc: 0.8665 F1: 0.8698
Epoch 80: Time: 0.1067 Cost: 9.8933 Pre: 0.8547 Re: 0.8878 Acc: 0.8677 F1: 0.8709


--------------------------------------------------------------------
Eval results: Cost:12.2624 Pre:0.7896 Re:0.9109 Acc:0.8358 F1:0.8459
--------------------------------------------------------------------

Epoch 81: Time: 0.1110 Cost: 9.7698 Pre: 0.8568 Re: 0.8896 Acc: 0.8698 F1: 0.8729
Epoch 82: Time: 0.1202 Cost: 9.6655 Pre: 0.8598 Re: 0.8908 Acc: 0.8721 F1: 0.8750
Epoch 83: Time: 0.1131 Cost: 9.5440 Pre: 0.8622 Re: 0.8923 Acc: 0.8742 F1: 0.8770
Epoch 84: Time: 0.1074 Cost: 9.4204 Pre: 0.8636 Re: 0.8934 Acc: 0.8755 F1: 0.8783
Epoch 85: Time: 0.1069 Cost: 9.2961 Pre: 0.8653 Re: 0.8942 Acc: 0.8768 F1: 0.8795
Epoch 86: Time: 0.1067 Cost: 9.1710 Pre: 0.8676 Re: 0.8972 Acc: 0.8795 F1: 0.8822
Epoch 87: Time: 0.1165 Cost: 9.0447 Pre: 0.8698 Re: 0.8991 Acc: 0.8816 F1: 0.8842
Epoch 88: Time: 0.1178 Cost: 8.9171 Pre: 0.8726 Re: 0.9010 Acc: 0.8841 F1: 0.8866
Epoch 89: Time: 0.1115 Cost: 8.7877 Pre: 0.8736 Re: 0.9014 Acc: 0.8848 F1: 0.8873
Epoch 90: Time: 0.1078 Cost: 8.6563 Pre: 0.8753 Re: 0.9022 Acc: 0.8862 F1: 0.8885


--------------------------------------------------------------------
Eval results: Cost:11.0881 Pre:0.8072 Re:0.9281 Acc:0.8547 F1:0.8634
--------------------------------------------------------------------

Epoch 91: Time: 0.1071 Cost: 8.5221 Pre: 0.8788 Re: 0.9044 Acc: 0.8892 F1: 0.8914
Epoch 92: Time: 0.1205 Cost: 8.4042 Pre: 0.8817 Re: 0.9048 Acc: 0.8911 F1: 0.8931
Epoch 93: Time: 0.1158 Cost: 8.2661 Pre: 0.8835 Re: 0.9056 Acc: 0.8925 F1: 0.8944
Epoch 94: Time: 0.1087 Cost: 8.1226 Pre: 0.8873 Re: 0.9078 Acc: 0.8957 F1: 0.8975
Epoch 95: Time: 0.1077 Cost: 7.9747 Pre: 0.8895 Re: 0.9097 Acc: 0.8978 F1: 0.8995
Epoch 96: Time: 0.1072 Cost: 7.8216 Pre: 0.8915 Re: 0.9101 Acc: 0.8991 F1: 0.9007
Epoch 97: Time: 0.1225 Cost: 7.6625 Pre: 0.8937 Re: 0.9120 Acc: 0.9012 F1: 0.9028
Epoch 98: Time: 0.1203 Cost: 7.4965 Pre: 0.8971 Re: 0.9154 Acc: 0.9047 F1: 0.9062
Epoch 99: Time: 0.1092 Cost: 7.3223 Pre: 0.8986 Re: 0.9177 Acc: 0.9066 F1: 0.9081
Epoch 100: Time: 0.1074 Cost: 7.1386 Pre: 0.9026 Re: 0.9211 Acc: 0.9104 F1: 0.9118


--------------------------------------------------------------------
Eval results: Cost:9.5735 Pre:0.8303 Re:0.9528 Acc:0.8803 F1:0.8873
--------------------------------------------------------------------

Epoch 101: Time: 0.1069 Cost: 6.9445 Pre: 0.9044 Re: 0.9261 Acc: 0.9136 F1: 0.9151
Epoch 102: Time: 0.1190 Cost: 6.7642 Pre: 0.9064 Re: 0.9287 Acc: 0.9159 F1: 0.9174
Epoch 103: Time: 0.1146 Cost: 6.5472 Pre: 0.9119 Re: 0.9336 Acc: 0.9213 F1: 0.9226
Epoch 104: Time: 0.1088 Cost: 6.3122 Pre: 0.9144 Re: 0.9363 Acc: 0.9239 F1: 0.9252
Epoch 105: Time: 0.1078 Cost: 6.0631 Pre: 0.9196 Re: 0.9408 Acc: 0.9289 F1: 0.9301
Epoch 106: Time: 0.1094 Cost: 5.8030 Pre: 0.9240 Re: 0.9446 Acc: 0.9331 F1: 0.9342
Epoch 107: Time: 0.1130 Cost: 5.5367 Pre: 0.9275 Re: 0.9503 Acc: 0.9377 F1: 0.9388
Epoch 108: Time: 0.1207 Cost: 5.2713 Pre: 0.9310 Re: 0.9568 Acc: 0.9426 F1: 0.9437
Epoch 109: Time: 0.1098 Cost: 5.0139 Pre: 0.9360 Re: 0.9590 Acc: 0.9464 F1: 0.9474
Epoch 110: Time: 0.1081 Cost: 4.7694 Pre: 0.9374 Re: 0.9659 Acc: 0.9504 F1: 0.9514


--------------------------------------------------------------------
Eval results: Cost:5.6893 Pre:0.9062 Re:0.9768 Acc:0.9385 F1:0.9402
--------------------------------------------------------------------

Epoch 111: Time: 0.1069 Cost: 4.5746 Pre: 0.9404 Re: 0.9693 Acc: 0.9537 F1: 0.9546
Epoch 112: Time: 0.1137 Cost: 4.4087 Pre: 0.9419 Re: 0.9708 Acc: 0.9552 F1: 0.9561
Epoch 113: Time: 0.1207 Cost: 4.2157 Pre: 0.9429 Re: 0.9761 Acc: 0.9582 F1: 0.9592
Epoch 114: Time: 0.1106 Cost: 4.0396 Pre: 0.9444 Re: 0.9795 Acc: 0.9607 F1: 0.9617
Epoch 115: Time: 0.1088 Cost: 3.8785 Pre: 0.9463 Re: 0.9826 Acc: 0.9632 F1: 0.9641
Epoch 116: Time: 0.1068 Cost: 3.7292 Pre: 0.9464 Re: 0.9845 Acc: 0.9642 F1: 0.9651
Epoch 117: Time: 0.1069 Cost: 3.5887 Pre: 0.9465 Re: 0.9860 Acc: 0.9649 F1: 0.9658
Epoch 118: Time: 0.1081 Cost: 3.4548 Pre: 0.9465 Re: 0.9867 Acc: 0.9653 F1: 0.9662
Epoch 119: Time: 0.1215 Cost: 3.3262 Pre: 0.9466 Re: 0.9890 Acc: 0.9664 F1: 0.9674
Epoch 120: Time: 0.1129 Cost: 3.2023 Pre: 0.9468 Re: 0.9917 Acc: 0.9678 F1: 0.9687


--------------------------------------------------------------------
Eval results: Cost:2.6590 Pre:0.9573 Re:0.9910 Acc:0.9737 F1:0.9739
--------------------------------------------------------------------

Epoch 121: Time: 0.1088 Cost: 3.0947 Pre: 0.9469 Re: 0.9932 Acc: 0.9685 F1: 0.9695
Epoch 122: Time: 0.1147 Cost: 3.0159 Pre: 0.9469 Re: 0.9932 Acc: 0.9685 F1: 0.9695
Epoch 123: Time: 0.1304 Cost: 2.9095 Pre: 0.9469 Re: 0.9939 Acc: 0.9689 F1: 0.9698
Epoch 124: Time: 0.1190 Cost: 2.8010 Pre: 0.9470 Re: 0.9951 Acc: 0.9695 F1: 0.9704
Epoch 125: Time: 0.1074 Cost: 2.6965 Pre: 0.9473 Re: 0.9954 Acc: 0.9699 F1: 0.9708
Epoch 126: Time: 0.1082 Cost: 2.5960 Pre: 0.9473 Re: 0.9962 Acc: 0.9703 F1: 0.9712
Epoch 127: Time: 0.1074 Cost: 2.4996 Pre: 0.9477 Re: 0.9966 Acc: 0.9706 F1: 0.9715
Epoch 128: Time: 0.1085 Cost: 2.4071 Pre: 0.9477 Re: 0.9966 Acc: 0.9706 F1: 0.9715
Epoch 129: Time: 0.1197 Cost: 2.3184 Pre: 0.9477 Re: 0.9966 Acc: 0.9706 F1: 0.9715
Epoch 130: Time: 0.1141 Cost: 2.2333 Pre: 0.9484 Re: 0.9970 Acc: 0.9712 F1: 0.9721


--------------------------------------------------------------------
Eval results: Cost:1.7175 Pre:0.9652 Re:0.9970 Acc:0.9807 F1:0.9808
--------------------------------------------------------------------

Epoch 131: Time: 0.1076 Cost: 2.1520 Pre: 0.9488 Re: 0.9970 Acc: 0.9714 F1: 0.9723
Epoch 132: Time: 0.1062 Cost: 2.0748 Pre: 0.9525 Re: 0.9970 Acc: 0.9735 F1: 0.9742
Epoch 133: Time: 0.1152 Cost: 1.9997 Pre: 0.9571 Re: 0.9981 Acc: 0.9765 F1: 0.9772
Epoch 134: Time: 0.1255 Cost: 1.9274 Pre: 0.9652 Re: 0.9981 Acc: 0.9809 F1: 0.9814
Epoch 135: Time: 0.1083 Cost: 1.8578 Pre: 0.9748 Re: 0.9981 Acc: 0.9861 F1: 0.9863
Epoch 136: Time: 0.1071 Cost: 1.7908 Pre: 0.9887 Re: 0.9981 Acc: 0.9933 F1: 0.9934
Epoch 137: Time: 0.1064 Cost: 1.7262 Pre: 0.9981 Re: 0.9985 Acc: 0.9983 F1: 0.9983
Epoch 138: Time: 0.1066 Cost: 1.6639 Pre: 1.0000 Re: 0.9985 Acc: 0.9992 F1: 0.9992
Epoch 139: Time: 0.1194 Cost: 1.6038 Pre: 1.0000 Re: 0.9985 Acc: 0.9992 F1: 0.9992
Epoch 140: Time: 0.1112 Cost: 1.5457 Pre: 1.0000 Re: 0.9989 Acc: 0.9994 F1: 0.9994


--------------------------------------------------------------------
Eval results: Cost:1.2087 Pre:1.0000 Re:0.9985 Acc:0.9993 F1:0.9993
--------------------------------------------------------------------

Epoch 141: Time: 0.1082 Cost: 1.4897 Pre: 1.0000 Re: 0.9989 Acc: 0.9994 F1: 0.9994
Epoch 142: Time: 0.1078 Cost: 1.4355 Pre: 1.0000 Re: 0.9989 Acc: 0.9994 F1: 0.9994
Epoch 143: Time: 0.1056 Cost: 1.3830 Pre: 1.0000 Re: 0.9989 Acc: 0.9994 F1: 0.9994
Epoch 144: Time: 0.1111 Cost: 1.3321 Pre: 1.0000 Re: 0.9989 Acc: 0.9994 F1: 0.9994
Epoch 145: Time: 0.1172 Cost: 1.2829 Pre: 1.0000 Re: 0.9989 Acc: 0.9994 F1: 0.9994
Epoch 146: Time: 0.1168 Cost: 1.2353 Pre: 1.0000 Re: 0.9989 Acc: 0.9994 F1: 0.9994
Epoch 147: Time: 0.1169 Cost: 1.1892 Pre: 1.0000 Re: 0.9989 Acc: 0.9994 F1: 0.9994
Epoch 148: Time: 0.1075 Cost: 1.1447 Pre: 1.0000 Re: 0.9989 Acc: 0.9994 F1: 0.9994
Epoch 149: Time: 0.1060 Cost: 1.1017 Pre: 1.0000 Re: 0.9992 Acc: 0.9996 F1: 0.9996
Epoch 150: Time: 0.1070 Cost: 1.0601 Pre: 1.0000 Re: 0.9992 Acc: 0.9996 F1: 0.9996


--------------------------------------------------------------------
Eval results: Cost:0.8466 Pre:1.0000 Re:0.9993 Acc:0.9996 F1:0.9996
--------------------------------------------------------------------

Epoch 151: Time: 0.1153 Cost: 1.0200 Pre: 1.0000 Re: 0.9992 Acc: 0.9996 F1: 0.9996
Epoch 152: Time: 0.1182 Cost: 0.9812 Pre: 1.0000 Re: 0.9992 Acc: 0.9996 F1: 0.9996
Epoch 153: Time: 0.1147 Cost: 0.9438 Pre: 1.0000 Re: 0.9992 Acc: 0.9996 F1: 0.9996
Epoch 154: Time: 0.1089 Cost: 0.9076 Pre: 1.0000 Re: 0.9992 Acc: 0.9996 F1: 0.9996
Epoch 155: Time: 0.1104 Cost: 0.8727 Pre: 1.0000 Re: 0.9992 Acc: 0.9996 F1: 0.9996
Epoch 156: Time: 0.1079 Cost: 0.8391 Pre: 1.0000 Re: 0.9992 Acc: 0.9996 F1: 0.9996
Epoch 157: Time: 0.1100 Cost: 0.8066 Pre: 1.0000 Re: 0.9992 Acc: 0.9996 F1: 0.9996
Epoch 158: Time: 0.1175 Cost: 0.7753 Pre: 1.0000 Re: 0.9992 Acc: 0.9996 F1: 0.9996
Epoch 159: Time: 0.1206 Cost: 0.7451 Pre: 1.0000 Re: 0.9992 Acc: 0.9996 F1: 0.9996
Epoch 160: Time: 0.1082 Cost: 0.7159 Pre: 1.0000 Re: 0.9992 Acc: 0.9996 F1: 0.9996


--------------------------------------------------------------------
Eval results: Cost:0.5809 Pre:1.0000 Re:0.9993 Acc:0.9996 F1:0.9996
--------------------------------------------------------------------

Epoch 161: Time: 0.1078 Cost: 0.6877 Pre: 1.0000 Re: 0.9992 Acc: 0.9996 F1: 0.9996
Epoch 162: Time: 0.1066 Cost: 0.6605 Pre: 1.0000 Re: 0.9992 Acc: 0.9996 F1: 0.9996
Epoch 163: Time: 0.1187 Cost: 0.6344 Pre: 1.0000 Re: 0.9992 Acc: 0.9996 F1: 0.9996
Epoch 164: Time: 0.1205 Cost: 0.6091 Pre: 1.0000 Re: 0.9992 Acc: 0.9996 F1: 0.9996
Epoch 165: Time: 0.1111 Cost: 0.5848 Pre: 1.0000 Re: 0.9992 Acc: 0.9996 F1: 0.9996
Epoch 166: Time: 0.1071 Cost: 0.5613 Pre: 1.0000 Re: 0.9992 Acc: 0.9996 F1: 0.9996
Epoch 167: Time: 0.1067 Cost: 0.5387 Pre: 1.0000 Re: 0.9992 Acc: 0.9996 F1: 0.9996
Epoch 168: Time: 0.1069 Cost: 0.5168 Pre: 1.0000 Re: 0.9992 Acc: 0.9996 F1: 0.9996
Epoch 169: Time: 0.1131 Cost: 0.4958 Pre: 1.0000 Re: 0.9992 Acc: 0.9996 F1: 0.9996
Epoch 170: Time: 0.1160 Cost: 0.4754 Pre: 1.0000 Re: 0.9992 Acc: 0.9996 F1: 0.9996


--------------------------------------------------------------------
Eval results: Cost:0.3915 Pre:1.0000 Re:0.9993 Acc:0.9996 F1:0.9996
--------------------------------------------------------------------

Epoch 171: Time: 0.1103 Cost: 0.4557 Pre: 1.0000 Re: 0.9992 Acc: 0.9996 F1: 0.9996
Epoch 172: Time: 0.1080 Cost: 0.4366 Pre: 1.0000 Re: 0.9992 Acc: 0.9996 F1: 0.9996
Epoch 173: Time: 0.1070 Cost: 0.4184 Pre: 1.0000 Re: 0.9992 Acc: 0.9996 F1: 0.9996
Epoch 174: Time: 0.1067 Cost: 0.4008 Pre: 1.0000 Re: 0.9992 Acc: 0.9996 F1: 0.9996
Epoch 175: Time: 0.1143 Cost: 0.3838 Pre: 1.0000 Re: 0.9992 Acc: 0.9996 F1: 0.9996
Epoch 176: Time: 0.1137 Cost: 0.3674 Pre: 1.0000 Re: 0.9992 Acc: 0.9996 F1: 0.9996
Epoch 177: Time: 0.1091 Cost: 0.3517 Pre: 1.0000 Re: 0.9992 Acc: 0.9996 F1: 0.9996
Epoch 178: Time: 0.1084 Cost: 0.3366 Pre: 1.0000 Re: 0.9992 Acc: 0.9996 F1: 0.9996
Epoch 179: Time: 0.1073 Cost: 0.3220 Pre: 1.0000 Re: 0.9992 Acc: 0.9996 F1: 0.9996
Epoch 180: Time: 0.1069 Cost: 0.3079 Pre: 1.0000 Re: 0.9992 Acc: 0.9996 F1: 0.9996


--------------------------------------------------------------------
Eval results: Cost:0.2584 Pre:1.0000 Re:0.9993 Acc:0.9996 F1:0.9996
--------------------------------------------------------------------

Epoch 181: Time: 0.1222 Cost: 0.2944 Pre: 1.0000 Re: 0.9992 Acc: 0.9996 F1: 0.9996
Epoch 182: Time: 0.1177 Cost: 0.2813 Pre: 1.0000 Re: 0.9992 Acc: 0.9996 F1: 0.9996
Epoch 183: Time: 0.1099 Cost: 0.2689 Pre: 1.0000 Re: 0.9992 Acc: 0.9996 F1: 0.9996
Epoch 184: Time: 0.1067 Cost: 0.2570 Pre: 1.0000 Re: 0.9992 Acc: 0.9996 F1: 0.9996
Epoch 185: Time: 0.1067 Cost: 0.2456 Pre: 1.0000 Re: 0.9992 Acc: 0.9996 F1: 0.9996
Epoch 186: Time: 0.1074 Cost: 0.2347 Pre: 1.0000 Re: 0.9992 Acc: 0.9996 F1: 0.9996
Epoch 187: Time: 0.1149 Cost: 0.2243 Pre: 1.0000 Re: 0.9992 Acc: 0.9996 F1: 0.9996
Epoch 188: Time: 0.1204 Cost: 0.2144 Pre: 1.0000 Re: 0.9992 Acc: 0.9996 F1: 0.9996
Epoch 189: Time: 0.1132 Cost: 0.2049 Pre: 1.0000 Re: 0.9992 Acc: 0.9996 F1: 0.9996
Epoch 190: Time: 0.1100 Cost: 0.1959 Pre: 1.0000 Re: 0.9992 Acc: 0.9996 F1: 0.9996


--------------------------------------------------------------------
Eval results: Cost:0.1692 Pre:1.0000 Re:0.9993 Acc:0.9996 F1:0.9996
--------------------------------------------------------------------

Epoch 191: Time: 0.1068 Cost: 0.1872 Pre: 1.0000 Re: 0.9992 Acc: 0.9996 F1: 0.9996
Epoch 192: Time: 0.1080 Cost: 0.1790 Pre: 1.0000 Re: 0.9992 Acc: 0.9996 F1: 0.9996
Epoch 193: Time: 0.1235 Cost: 0.1712 Pre: 1.0000 Re: 0.9992 Acc: 0.9996 F1: 0.9996
Epoch 194: Time: 0.1160 Cost: 0.1638 Pre: 1.0000 Re: 0.9992 Acc: 0.9996 F1: 0.9996
Epoch 195: Time: 0.1095 Cost: 0.1567 Pre: 1.0000 Re: 0.9992 Acc: 0.9996 F1: 0.9996
Epoch 196: Time: 0.1072 Cost: 0.1501 Pre: 1.0000 Re: 0.9992 Acc: 0.9996 F1: 0.9996
Epoch 197: Time: 0.1088 Cost: 0.1437 Pre: 1.0000 Re: 0.9992 Acc: 0.9996 F1: 0.9996
Epoch 198: Time: 0.1181 Cost: 0.1377 Pre: 1.0000 Re: 0.9992 Acc: 0.9996 F1: 0.9996
Epoch 199: Time: 0.1203 Cost: 0.1320 Pre: 1.0000 Re: 0.9992 Acc: 0.9996 F1: 0.9996
Epoch 200: Time: 0.1083 Cost: 0.1266 Pre: 1.0000 Re: 0.9992 Acc: 0.9996 F1: 0.9996


--------------------------------------------------------------------
Eval results: Cost:0.1145 Pre:1.0000 Re:0.9993 Acc:0.9996 F1:0.9996
--------------------------------------------------------------------

Epoch 201: Time: 0.1070 Cost: 0.1215 Pre: 1.0000 Re: 0.9992 Acc: 0.9996 F1: 0.9996
Epoch 202: Time: 0.1063 Cost: 0.1166 Pre: 1.0000 Re: 0.9992 Acc: 0.9996 F1: 0.9996
Epoch 203: Time: 0.1184 Cost: 0.1120 Pre: 1.0000 Re: 0.9992 Acc: 0.9996 F1: 0.9996
Epoch 204: Time: 0.1154 Cost: 0.1077 Pre: 1.0000 Re: 0.9992 Acc: 0.9996 F1: 0.9996
Epoch 205: Time: 0.1113 Cost: 0.1035 Pre: 1.0000 Re: 0.9992 Acc: 0.9996 F1: 0.9996
Epoch 206: Time: 0.1107 Cost: 0.0996 Pre: 1.0000 Re: 0.9992 Acc: 0.9996 F1: 0.9996
Epoch 207: Time: 0.1062 Cost: 0.0960 Pre: 1.0000 Re: 0.9992 Acc: 0.9996 F1: 0.9996
Epoch 208: Time: 0.1116 Cost: 0.0925 Pre: 1.0000 Re: 0.9992 Acc: 0.9996 F1: 0.9996
Epoch 209: Time: 0.1207 Cost: 0.0892 Pre: 1.0000 Re: 0.9992 Acc: 0.9996 F1: 0.9996
Epoch 210: Time: 0.1099 Cost: 0.0860 Pre: 1.0000 Re: 0.9992 Acc: 0.9996 F1: 0.9996


--------------------------------------------------------------------
Eval results: Cost:0.0830 Pre:1.0000 Re:0.9993 Acc:0.9996 F1:0.9996
--------------------------------------------------------------------

Epoch 211: Time: 0.1082 Cost: 0.0831 Pre: 1.0000 Re: 0.9992 Acc: 0.9996 F1: 0.9996
Epoch 212: Time: 0.1075 Cost: 0.0803 Pre: 1.0000 Re: 0.9992 Acc: 0.9996 F1: 0.9996
Epoch 213: Time: 0.1200 Cost: 0.0776 Pre: 1.0000 Re: 0.9992 Acc: 0.9996 F1: 0.9996
Epoch 214: Time: 0.1170 Cost: 0.0751 Pre: 1.0000 Re: 0.9992 Acc: 0.9996 F1: 0.9996
Epoch 215: Time: 0.1081 Cost: 0.0728 Pre: 1.0000 Re: 0.9992 Acc: 0.9996 F1: 0.9996
Epoch 216: Time: 0.1081 Cost: 0.0705 Pre: 1.0000 Re: 0.9992 Acc: 0.9996 F1: 0.9996
Epoch 217: Time: 0.1160 Cost: 0.0684 Pre: 1.0000 Re: 0.9992 Acc: 0.9996 F1: 0.9996
Epoch 218: Time: 0.1112 Cost: 0.0664 Pre: 1.0000 Re: 0.9992 Acc: 0.9996 F1: 0.9996
Epoch 219: Time: 0.1192 Cost: 0.0645 Pre: 1.0000 Re: 0.9992 Acc: 0.9996 F1: 0.9996
Epoch 220: Time: 0.1116 Cost: 0.0627 Pre: 1.0000 Re: 0.9992 Acc: 0.9996 F1: 0.9996


--------------------------------------------------------------------
Eval results: Cost:0.0654 Pre:1.0000 Re:0.9993 Acc:0.9996 F1:0.9996
--------------------------------------------------------------------

Epoch 221: Time: 0.1095 Cost: 0.0610 Pre: 1.0000 Re: 0.9992 Acc: 0.9996 F1: 0.9996
Epoch 222: Time: 0.1065 Cost: 0.0594 Pre: 1.0000 Re: 0.9992 Acc: 0.9996 F1: 0.9996
Epoch 223: Time: 0.1160 Cost: 0.0579 Pre: 1.0000 Re: 0.9992 Acc: 0.9996 F1: 0.9996
Epoch 224: Time: 0.1198 Cost: 0.0564 Pre: 1.0000 Re: 0.9992 Acc: 0.9996 F1: 0.9996
Epoch 225: Time: 0.1100 Cost: 0.0550 Pre: 1.0000 Re: 0.9996 Acc: 0.9998 F1: 0.9998
Epoch 226: Time: 0.1083 Cost: 0.0537 Pre: 1.0000 Re: 0.9996 Acc: 0.9998 F1: 0.9998
Epoch 227: Time: 0.1140 Cost: 0.0524 Pre: 1.0000 Re: 0.9996 Acc: 0.9998 F1: 0.9998
Epoch 228: Time: 0.1109 Cost: 0.0513 Pre: 1.0000 Re: 0.9996 Acc: 0.9998 F1: 0.9998
Epoch 229: Time: 0.1198 Cost: 0.0501 Pre: 1.0000 Re: 0.9996 Acc: 0.9998 F1: 0.9998
Epoch 230: Time: 0.1188 Cost: 0.0490 Pre: 1.0000 Re: 0.9996 Acc: 0.9998 F1: 0.9998


--------------------------------------------------------------------
Eval results: Cost:0.0555 Pre:1.0000 Re:0.9993 Acc:0.9996 F1:0.9996
--------------------------------------------------------------------

Epoch 231: Time: 0.1077 Cost: 0.0480 Pre: 1.0000 Re: 0.9996 Acc: 0.9998 F1: 0.9998
Epoch 232: Time: 0.1065 Cost: 0.0470 Pre: 1.0000 Re: 0.9996 Acc: 0.9998 F1: 0.9998
Epoch 233: Time: 0.1161 Cost: 0.0461 Pre: 1.0000 Re: 0.9996 Acc: 0.9998 F1: 0.9998
Epoch 234: Time: 0.1179 Cost: 0.0452 Pre: 1.0000 Re: 0.9996 Acc: 0.9998 F1: 0.9998
Epoch 235: Time: 0.1088 Cost: 0.0444 Pre: 1.0000 Re: 0.9996 Acc: 0.9998 F1: 0.9998
Epoch 236: Time: 0.1073 Cost: 0.0435 Pre: 1.0000 Re: 0.9996 Acc: 0.9998 F1: 0.9998
Epoch 237: Time: 0.1059 Cost: 0.0428 Pre: 1.0000 Re: 0.9996 Acc: 0.9998 F1: 0.9998
Epoch 238: Time: 0.1099 Cost: 0.0420 Pre: 1.0000 Re: 0.9996 Acc: 0.9998 F1: 0.9998
Epoch 239: Time: 0.1228 Cost: 0.0413 Pre: 1.0000 Re: 0.9996 Acc: 0.9998 F1: 0.9998
Epoch 240: Time: 0.1133 Cost: 0.0406 Pre: 1.0000 Re: 0.9996 Acc: 0.9998 F1: 0.9998


--------------------------------------------------------------------
Eval results: Cost:0.0497 Pre:1.0000 Re:0.9993 Acc:0.9996 F1:0.9996
--------------------------------------------------------------------

Epoch 241: Time: 0.1092 Cost: 0.0400 Pre: 1.0000 Re: 0.9996 Acc: 0.9998 F1: 0.9998
Epoch 242: Time: 0.1067 Cost: 0.0393 Pre: 1.0000 Re: 0.9996 Acc: 0.9998 F1: 0.9998
Epoch 243: Time: 0.1174 Cost: 0.0387 Pre: 1.0000 Re: 0.9996 Acc: 0.9998 F1: 0.9998
Epoch 244: Time: 0.1169 Cost: 0.0381 Pre: 1.0000 Re: 0.9996 Acc: 0.9998 F1: 0.9998
Epoch 245: Time: 0.1081 Cost: 0.0376 Pre: 1.0000 Re: 0.9996 Acc: 0.9998 F1: 0.9998
Epoch 246: Time: 0.1096 Cost: 0.0370 Pre: 1.0000 Re: 0.9996 Acc: 0.9998 F1: 0.9998
Epoch 247: Time: 0.1080 Cost: 0.0365 Pre: 1.0000 Re: 0.9996 Acc: 0.9998 F1: 0.9998
Epoch 248: Time: 0.1066 Cost: 0.0360 Pre: 1.0000 Re: 0.9996 Acc: 0.9998 F1: 0.9998
Epoch 249: Time: 0.1171 Cost: 0.0355 Pre: 1.0000 Re: 0.9996 Acc: 0.9998 F1: 0.9998
Epoch 250: Time: 0.1183 Cost: 0.0351 Pre: 1.0000 Re: 0.9996 Acc: 0.9998 F1: 0.9998


--------------------------------------------------------------------
Eval results: Cost:0.0460 Pre:1.0000 Re:0.9993 Acc:0.9996 F1:0.9996
--------------------------------------------------------------------

Epoch 251: Time: 0.1082 Cost: 0.0346 Pre: 1.0000 Re: 0.9996 Acc: 0.9998 F1: 0.9998
Epoch 252: Time: 0.1066 Cost: 0.0342 Pre: 1.0000 Re: 0.9996 Acc: 0.9998 F1: 0.9998
Epoch 253: Time: 0.1122 Cost: 0.0338 Pre: 1.0000 Re: 0.9996 Acc: 0.9998 F1: 0.9998
Epoch 254: Time: 0.1216 Cost: 0.0334 Pre: 1.0000 Re: 0.9996 Acc: 0.9998 F1: 0.9998
Epoch 255: Time: 0.1113 Cost: 0.0330 Pre: 1.0000 Re: 0.9996 Acc: 0.9998 F1: 0.9998
Epoch 256: Time: 0.1083 Cost: 0.0326 Pre: 1.0000 Re: 0.9996 Acc: 0.9998 F1: 0.9998
Epoch 257: Time: 0.1065 Cost: 0.0323 Pre: 1.0000 Re: 0.9996 Acc: 0.9998 F1: 0.9998
Epoch 258: Time: 0.1062 Cost: 0.0319 Pre: 1.0000 Re: 0.9996 Acc: 0.9998 F1: 0.9998
Epoch 259: Time: 0.1166 Cost: 0.0316 Pre: 1.0000 Re: 0.9996 Acc: 0.9998 F1: 0.9998
Epoch 260: Time: 0.1181 Cost: 0.0313 Pre: 1.0000 Re: 0.9996 Acc: 0.9998 F1: 0.9998


--------------------------------------------------------------------
Eval results: Cost:0.0436 Pre:1.0000 Re:0.9993 Acc:0.9996 F1:0.9996
--------------------------------------------------------------------

Epoch 261: Time: 0.1075 Cost: 0.0310 Pre: 1.0000 Re: 0.9996 Acc: 0.9998 F1: 0.9998
Epoch 262: Time: 0.1076 Cost: 0.0306 Pre: 1.0000 Re: 0.9996 Acc: 0.9998 F1: 0.9998
Epoch 263: Time: 0.1084 Cost: 0.0304 Pre: 1.0000 Re: 0.9996 Acc: 0.9998 F1: 0.9998
Epoch 264: Time: 0.1218 Cost: 0.0301 Pre: 1.0000 Re: 0.9996 Acc: 0.9998 F1: 0.9998
Epoch 265: Time: 0.1130 Cost: 0.0298 Pre: 1.0000 Re: 0.9996 Acc: 0.9998 F1: 0.9998
Epoch 266: Time: 0.1091 Cost: 0.0295 Pre: 1.0000 Re: 0.9996 Acc: 0.9998 F1: 0.9998
Epoch 267: Time: 0.1069 Cost: 0.0293 Pre: 1.0000 Re: 0.9996 Acc: 0.9998 F1: 0.9998
Epoch 268: Time: 0.1067 Cost: 0.0290 Pre: 1.0000 Re: 0.9996 Acc: 0.9998 F1: 0.9998
Epoch 269: Time: 0.1297 Cost: 0.0288 Pre: 1.0000 Re: 0.9996 Acc: 0.9998 F1: 0.9998
Epoch 270: Time: 0.1270 Cost: 0.0286 Pre: 1.0000 Re: 0.9996 Acc: 0.9998 F1: 0.9998


--------------------------------------------------------------------
Eval results: Cost:0.0418 Pre:1.0000 Re:0.9993 Acc:0.9996 F1:0.9996
--------------------------------------------------------------------

Epoch 271: Time: 0.1142 Cost: 0.0283 Pre: 1.0000 Re: 0.9996 Acc: 0.9998 F1: 0.9998
Epoch 272: Time: 0.1094 Cost: 0.0281 Pre: 1.0000 Re: 0.9996 Acc: 0.9998 F1: 0.9998
Epoch 273: Time: 0.1100 Cost: 0.0279 Pre: 1.0000 Re: 0.9996 Acc: 0.9998 F1: 0.9998
Epoch 274: Time: 0.1201 Cost: 0.0277 Pre: 1.0000 Re: 0.9996 Acc: 0.9998 F1: 0.9998
Epoch 275: Time: 0.1134 Cost: 0.0275 Pre: 1.0000 Re: 0.9996 Acc: 0.9998 F1: 0.9998
Epoch 276: Time: 0.1085 Cost: 0.0273 Pre: 1.0000 Re: 0.9996 Acc: 0.9998 F1: 0.9998
Epoch 277: Time: 0.1071 Cost: 0.0271 Pre: 1.0000 Re: 0.9996 Acc: 0.9998 F1: 0.9998
Epoch 278: Time: 0.1068 Cost: 0.0269 Pre: 1.0000 Re: 0.9996 Acc: 0.9998 F1: 0.9998
Epoch 279: Time: 0.1169 Cost: 0.0268 Pre: 1.0000 Re: 0.9996 Acc: 0.9998 F1: 0.9998
Epoch 280: Time: 0.1196 Cost: 0.0266 Pre: 1.0000 Re: 0.9996 Acc: 0.9998 F1: 0.9998


--------------------------------------------------------------------
Eval results: Cost:0.0404 Pre:1.0000 Re:0.9993 Acc:0.9996 F1:0.9996
--------------------------------------------------------------------

Epoch 281: Time: 0.1085 Cost: 0.0264 Pre: 1.0000 Re: 0.9996 Acc: 0.9998 F1: 0.9998
Epoch 282: Time: 0.1068 Cost: 0.0263 Pre: 1.0000 Re: 0.9996 Acc: 0.9998 F1: 0.9998
Epoch 283: Time: 0.1071 Cost: 0.0261 Pre: 1.0000 Re: 0.9996 Acc: 0.9998 F1: 0.9998
Epoch 284: Time: 0.1208 Cost: 0.0259 Pre: 1.0000 Re: 0.9996 Acc: 0.9998 F1: 0.9998
Epoch 285: Time: 0.1141 Cost: 0.0258 Pre: 1.0000 Re: 0.9996 Acc: 0.9998 F1: 0.9998
Epoch 286: Time: 0.1083 Cost: 0.0256 Pre: 1.0000 Re: 0.9996 Acc: 0.9998 F1: 0.9998
Epoch 287: Time: 0.1082 Cost: 0.0255 Pre: 1.0000 Re: 0.9996 Acc: 0.9998 F1: 0.9998
Epoch 288: Time: 0.1077 Cost: 0.0254 Pre: 1.0000 Re: 0.9996 Acc: 0.9998 F1: 0.9998
Epoch 289: Time: 0.1178 Cost: 0.0252 Pre: 1.0000 Re: 0.9996 Acc: 0.9998 F1: 0.9998
Epoch 290: Time: 0.1214 Cost: 0.0251 Pre: 1.0000 Re: 0.9996 Acc: 0.9998 F1: 0.9998


--------------------------------------------------------------------
Eval results: Cost:0.0393 Pre:1.0000 Re:0.9993 Acc:0.9996 F1:0.9996
--------------------------------------------------------------------

Epoch 291: Time: 0.1077 Cost: 0.0250 Pre: 1.0000 Re: 0.9996 Acc: 0.9998 F1: 0.9998
Epoch 292: Time: 0.1069 Cost: 0.0248 Pre: 1.0000 Re: 0.9996 Acc: 0.9998 F1: 0.9998
Epoch 293: Time: 0.1065 Cost: 0.0247 Pre: 1.0000 Re: 0.9996 Acc: 0.9998 F1: 0.9998
Epoch 294: Time: 0.1160 Cost: 0.0246 Pre: 1.0000 Re: 0.9996 Acc: 0.9998 F1: 0.9998
Epoch 295: Time: 0.1188 Cost: 0.0245 Pre: 1.0000 Re: 0.9996 Acc: 0.9998 F1: 0.9998
Epoch 296: Time: 0.1119 Cost: 0.0243 Pre: 1.0000 Re: 0.9996 Acc: 0.9998 F1: 0.9998
Epoch 297: Time: 0.1078 Cost: 0.0242 Pre: 1.0000 Re: 0.9996 Acc: 0.9998 F1: 0.9998
Epoch 298: Time: 0.1067 Cost: 0.0241 Pre: 1.0000 Re: 0.9996 Acc: 0.9998 F1: 0.9998
Epoch 299: Time: 0.1207 Cost: 0.0240 Pre: 1.0000 Re: 0.9996 Acc: 0.9998 F1: 0.9998
Epoch 300: Time: 0.1227 Cost: 0.0239 Pre: 1.0000 Re: 0.9996 Acc: 0.9998 F1: 0.9998


--------------------------------------------------------------------
Eval results: Cost:0.0383 Pre:1.0000 Re:0.9993 Acc:0.9996 F1:0.9996
--------------------------------------------------------------------

Epoch 301: Time: 0.1081 Cost: 0.0238 Pre: 1.0000 Re: 0.9996 Acc: 0.9998 F1: 0.9998
Epoch 302: Time: 0.1064 Cost: 0.0237 Pre: 1.0000 Re: 0.9996 Acc: 0.9998 F1: 0.9998
Epoch 303: Time: 0.1059 Cost: 0.0236 Pre: 1.0000 Re: 0.9996 Acc: 0.9998 F1: 0.9998
Epoch 304: Time: 0.1199 Cost: 0.0235 Pre: 1.0000 Re: 0.9996 Acc: 0.9998 F1: 0.9998
Epoch 305: Time: 0.1203 Cost: 0.0234 Pre: 1.0000 Re: 0.9996 Acc: 0.9998 F1: 0.9998
Epoch 306: Time: 0.1090 Cost: 0.0233 Pre: 1.0000 Re: 0.9996 Acc: 0.9998 F1: 0.9998
Epoch 307: Time: 0.1062 Cost: 0.0232 Pre: 1.0000 Re: 0.9996 Acc: 0.9998 F1: 0.9998
Epoch 308: Time: 0.1063 Cost: 0.0231 Pre: 1.0000 Re: 0.9996 Acc: 0.9998 F1: 0.9998
Epoch 309: Time: 0.1087 Cost: 0.0230 Pre: 1.0000 Re: 0.9996 Acc: 0.9998 F1: 0.9998
Epoch 310: Time: 0.1207 Cost: 0.0229 Pre: 1.0000 Re: 0.9996 Acc: 0.9998 F1: 0.9998


--------------------------------------------------------------------
Eval results: Cost:0.0374 Pre:1.0000 Re:0.9993 Acc:0.9996 F1:0.9996
--------------------------------------------------------------------

Epoch 311: Time: 0.1086 Cost: 0.0228 Pre: 1.0000 Re: 0.9996 Acc: 0.9998 F1: 0.9998
Epoch 312: Time: 0.1155 Cost: 0.0228 Pre: 1.0000 Re: 0.9996 Acc: 0.9998 F1: 0.9998
Epoch 313: Time: 0.1078 Cost: 0.0227 Pre: 1.0000 Re: 0.9996 Acc: 0.9998 F1: 0.9998
Epoch 314: Time: 0.1132 Cost: 0.0226 Pre: 1.0000 Re: 0.9996 Acc: 0.9998 F1: 0.9998
Epoch 315: Time: 0.1203 Cost: 0.0225 Pre: 1.0000 Re: 0.9996 Acc: 0.9998 F1: 0.9998
Epoch 316: Time: 0.1100 Cost: 0.0224 Pre: 1.0000 Re: 0.9996 Acc: 0.9998 F1: 0.9998
Epoch 317: Time: 0.1074 Cost: 0.0223 Pre: 1.0000 Re: 0.9996 Acc: 0.9998 F1: 0.9998
Epoch 318: Time: 0.1066 Cost: 0.0222 Pre: 1.0000 Re: 0.9996 Acc: 0.9998 F1: 0.9998
Epoch 319: Time: 0.1057 Cost: 0.0222 Pre: 1.0000 Re: 0.9996 Acc: 0.9998 F1: 0.9998
Epoch 320: Time: 0.1197 Cost: 0.0221 Pre: 1.0000 Re: 0.9996 Acc: 0.9998 F1: 0.9998


--------------------------------------------------------------------
Eval results: Cost:0.0364 Pre:1.0000 Re:0.9993 Acc:0.9996 F1:0.9996
--------------------------------------------------------------------

Epoch 321: Time: 0.1102 Cost: 0.0220 Pre: 1.0000 Re: 0.9996 Acc: 0.9998 F1: 0.9998
Epoch 322: Time: 0.1060 Cost: 0.0219 Pre: 1.0000 Re: 0.9996 Acc: 0.9998 F1: 0.9998
Epoch 323: Time: 0.1066 Cost: 0.0219 Pre: 1.0000 Re: 0.9996 Acc: 0.9998 F1: 0.9998
Epoch 324: Time: 0.1109 Cost: 0.0218 Pre: 1.0000 Re: 0.9996 Acc: 0.9998 F1: 0.9998
Epoch 325: Time: 0.1212 Cost: 0.0217 Pre: 1.0000 Re: 0.9996 Acc: 0.9998 F1: 0.9998
Epoch 326: Time: 0.1106 Cost: 0.0216 Pre: 1.0000 Re: 0.9996 Acc: 0.9998 F1: 0.9998
Epoch 327: Time: 0.1072 Cost: 0.0215 Pre: 1.0000 Re: 0.9996 Acc: 0.9998 F1: 0.9998
Epoch 328: Time: 0.1066 Cost: 0.0215 Pre: 1.0000 Re: 0.9996 Acc: 0.9998 F1: 0.9998
Epoch 329: Time: 0.1101 Cost: 0.0214 Pre: 1.0000 Re: 0.9996 Acc: 0.9998 F1: 0.9998
Epoch 330: Time: 0.1179 Cost: 0.0213 Pre: 1.0000 Re: 0.9996 Acc: 0.9998 F1: 0.9998


--------------------------------------------------------------------
Eval results: Cost:0.0355 Pre:1.0000 Re:0.9993 Acc:0.9996 F1:0.9996
--------------------------------------------------------------------

Epoch 331: Time: 0.1101 Cost: 0.0212 Pre: 1.0000 Re: 0.9996 Acc: 0.9998 F1: 0.9998
Epoch 332: Time: 0.1090 Cost: 0.0212 Pre: 1.0000 Re: 0.9996 Acc: 0.9998 F1: 0.9998
Epoch 333: Time: 0.1070 Cost: 0.0211 Pre: 1.0000 Re: 0.9996 Acc: 0.9998 F1: 0.9998
Epoch 334: Time: 0.1073 Cost: 0.0210 Pre: 1.0000 Re: 0.9996 Acc: 0.9998 F1: 0.9998
Epoch 335: Time: 0.1212 Cost: 0.0209 Pre: 1.0000 Re: 0.9996 Acc: 0.9998 F1: 0.9998
Epoch 336: Time: 0.1139 Cost: 0.0209 Pre: 1.0000 Re: 0.9996 Acc: 0.9998 F1: 0.9998
Epoch 337: Time: 0.1092 Cost: 0.0208 Pre: 1.0000 Re: 0.9996 Acc: 0.9998 F1: 0.9998
Epoch 338: Time: 0.1069 Cost: 0.0207 Pre: 1.0000 Re: 0.9996 Acc: 0.9998 F1: 0.9998
Epoch 339: Time: 0.1061 Cost: 0.0206 Pre: 1.0000 Re: 0.9996 Acc: 0.9998 F1: 0.9998
Epoch 340: Time: 0.1131 Cost: 0.0206 Pre: 1.0000 Re: 0.9996 Acc: 0.9998 F1: 0.9998


--------------------------------------------------------------------
Eval results: Cost:0.0344 Pre:1.0000 Re:0.9993 Acc:0.9996 F1:0.9996
--------------------------------------------------------------------

Epoch 341: Time: 0.1107 Cost: 0.0205 Pre: 1.0000 Re: 0.9996 Acc: 0.9998 F1: 0.9998
Epoch 342: Time: 0.1085 Cost: 0.0204 Pre: 1.0000 Re: 0.9996 Acc: 0.9998 F1: 0.9998
Epoch 343: Time: 0.1062 Cost: 0.0203 Pre: 1.0000 Re: 0.9996 Acc: 0.9998 F1: 0.9998
Epoch 344: Time: 0.1057 Cost: 0.0203 Pre: 1.0000 Re: 0.9996 Acc: 0.9998 F1: 0.9998
Epoch 345: Time: 0.1186 Cost: 0.0202 Pre: 1.0000 Re: 0.9996 Acc: 0.9998 F1: 0.9998
Epoch 346: Time: 0.1182 Cost: 0.0201 Pre: 1.0000 Re: 0.9996 Acc: 0.9998 F1: 0.9998
Epoch 347: Time: 0.1095 Cost: 0.0200 Pre: 1.0000 Re: 0.9996 Acc: 0.9998 F1: 0.9998
Epoch 348: Time: 0.1066 Cost: 0.0200 Pre: 1.0000 Re: 0.9996 Acc: 0.9998 F1: 0.9998
Epoch 349: Time: 0.1065 Cost: 0.0199 Pre: 1.0000 Re: 0.9996 Acc: 0.9998 F1: 0.9998
Epoch 350: Time: 0.1110 Cost: 0.0198 Pre: 1.0000 Re: 0.9996 Acc: 0.9998 F1: 0.9998


--------------------------------------------------------------------
Eval results: Cost:0.0333 Pre:1.0000 Re:0.9993 Acc:0.9996 F1:0.9996
--------------------------------------------------------------------

Epoch 351: Time: 0.1125 Cost: 0.0197 Pre: 1.0000 Re: 0.9996 Acc: 0.9998 F1: 0.9998
Epoch 352: Time: 0.1069 Cost: 0.0197 Pre: 1.0000 Re: 0.9996 Acc: 0.9998 F1: 0.9998
Epoch 353: Time: 0.1084 Cost: 0.0196 Pre: 1.0000 Re: 0.9996 Acc: 0.9998 F1: 0.9998
Epoch 354: Time: 0.1087 Cost: 0.0195 Pre: 1.0000 Re: 0.9996 Acc: 0.9998 F1: 0.9998
Epoch 355: Time: 0.1141 Cost: 0.0194 Pre: 1.0000 Re: 0.9996 Acc: 0.9998 F1: 0.9998
Epoch 356: Time: 0.1202 Cost: 0.0194 Pre: 1.0000 Re: 0.9996 Acc: 0.9998 F1: 0.9998
Epoch 357: Time: 0.1082 Cost: 0.0193 Pre: 1.0000 Re: 0.9996 Acc: 0.9998 F1: 0.9998
Epoch 358: Time: 0.1080 Cost: 0.0192 Pre: 1.0000 Re: 0.9996 Acc: 0.9998 F1: 0.9998
Epoch 359: Time: 0.1068 Cost: 0.0191 Pre: 1.0000 Re: 0.9996 Acc: 0.9998 F1: 0.9998
Epoch 360: Time: 0.1062 Cost: 0.0190 Pre: 1.0000 Re: 0.9996 Acc: 0.9998 F1: 0.9998


--------------------------------------------------------------------
Eval results: Cost:0.0320 Pre:1.0000 Re:0.9993 Acc:0.9996 F1:0.9996
--------------------------------------------------------------------

Epoch 361: Time: 0.1160 Cost: 0.0190 Pre: 1.0000 Re: 0.9996 Acc: 0.9998 F1: 0.9998
Epoch 362: Time: 0.1110 Cost: 0.0189 Pre: 1.0000 Re: 0.9996 Acc: 0.9998 F1: 0.9998
Epoch 363: Time: 0.1072 Cost: 0.0188 Pre: 1.0000 Re: 0.9996 Acc: 0.9998 F1: 0.9998
Epoch 364: Time: 0.1068 Cost: 0.0187 Pre: 1.0000 Re: 0.9996 Acc: 0.9998 F1: 0.9998
Epoch 365: Time: 0.1116 Cost: 0.0186 Pre: 1.0000 Re: 0.9996 Acc: 0.9998 F1: 0.9998
Epoch 366: Time: 0.1204 Cost: 0.0186 Pre: 1.0000 Re: 0.9996 Acc: 0.9998 F1: 0.9998
Epoch 367: Time: 0.1106 Cost: 0.0185 Pre: 1.0000 Re: 0.9996 Acc: 0.9998 F1: 0.9998
Epoch 368: Time: 0.1074 Cost: 0.0184 Pre: 1.0000 Re: 0.9996 Acc: 0.9998 F1: 0.9998
Epoch 369: Time: 0.1076 Cost: 0.0183 Pre: 1.0000 Re: 0.9996 Acc: 0.9998 F1: 0.9998
Epoch 370: Time: 0.1058 Cost: 0.0182 Pre: 1.0000 Re: 0.9996 Acc: 0.9998 F1: 0.9998


--------------------------------------------------------------------
Eval results: Cost:0.0306 Pre:1.0000 Re:0.9993 Acc:0.9996 F1:0.9996
--------------------------------------------------------------------

Epoch 371: Time: 0.1212 Cost: 0.0181 Pre: 1.0000 Re: 0.9996 Acc: 0.9998 F1: 0.9998
Epoch 372: Time: 0.1073 Cost: 0.0181 Pre: 1.0000 Re: 0.9996 Acc: 0.9998 F1: 0.9998
Epoch 373: Time: 0.1081 Cost: 0.0180 Pre: 1.0000 Re: 0.9996 Acc: 0.9998 F1: 0.9998
Epoch 374: Time: 0.1064 Cost: 0.0179 Pre: 1.0000 Re: 0.9996 Acc: 0.9998 F1: 0.9998
Epoch 375: Time: 0.1064 Cost: 0.0178 Pre: 1.0000 Re: 0.9996 Acc: 0.9998 F1: 0.9998
Epoch 376: Time: 0.1180 Cost: 0.0177 Pre: 1.0000 Re: 0.9996 Acc: 0.9998 F1: 0.9998
Epoch 377: Time: 0.1152 Cost: 0.0176 Pre: 1.0000 Re: 0.9996 Acc: 0.9998 F1: 0.9998
Epoch 378: Time: 0.1078 Cost: 0.0175 Pre: 1.0000 Re: 0.9996 Acc: 0.9998 F1: 0.9998
Epoch 379: Time: 0.1088 Cost: 0.0174 Pre: 1.0000 Re: 0.9996 Acc: 0.9998 F1: 0.9998
Epoch 380: Time: 0.1084 Cost: 0.0173 Pre: 1.0000 Re: 0.9996 Acc: 0.9998 F1: 0.9998


--------------------------------------------------------------------
Eval results: Cost:0.0291 Pre:1.0000 Re:0.9993 Acc:0.9996 F1:0.9996
--------------------------------------------------------------------

Epoch 381: Time: 0.1212 Cost: 0.0173 Pre: 1.0000 Re: 0.9996 Acc: 0.9998 F1: 0.9998
Epoch 382: Time: 0.1193 Cost: 0.0172 Pre: 1.0000 Re: 0.9996 Acc: 0.9998 F1: 0.9998
Epoch 383: Time: 0.1088 Cost: 0.0171 Pre: 1.0000 Re: 0.9996 Acc: 0.9998 F1: 0.9998
Epoch 384: Time: 0.1069 Cost: 0.0170 Pre: 1.0000 Re: 0.9996 Acc: 0.9998 F1: 0.9998
Epoch 385: Time: 0.1057 Cost: 0.0169 Pre: 1.0000 Re: 0.9996 Acc: 0.9998 F1: 0.9998
Epoch 386: Time: 0.1199 Cost: 0.0168 Pre: 1.0000 Re: 0.9996 Acc: 0.9998 F1: 0.9998
Epoch 387: Time: 0.1178 Cost: 0.0167 Pre: 1.0000 Re: 0.9996 Acc: 0.9998 F1: 0.9998
Epoch 388: Time: 0.1101 Cost: 0.0166 Pre: 1.0000 Re: 0.9996 Acc: 0.9998 F1: 0.9998
Epoch 389: Time: 0.1078 Cost: 0.0165 Pre: 1.0000 Re: 0.9996 Acc: 0.9998 F1: 0.9998
Epoch 390: Time: 0.1065 Cost: 0.0164 Pre: 1.0000 Re: 0.9996 Acc: 0.9998 F1: 0.9998


--------------------------------------------------------------------
Eval results: Cost:0.0273 Pre:1.0000 Re:0.9993 Acc:0.9996 F1:0.9996
--------------------------------------------------------------------

Epoch 391: Time: 0.1211 Cost: 0.0163 Pre: 1.0000 Re: 0.9996 Acc: 0.9998 F1: 0.9998
Epoch 392: Time: 0.1106 Cost: 0.0162 Pre: 1.0000 Re: 0.9996 Acc: 0.9998 F1: 0.9998
Epoch 393: Time: 0.1074 Cost: 0.0161 Pre: 1.0000 Re: 0.9996 Acc: 0.9998 F1: 0.9998
Epoch 394: Time: 0.1062 Cost: 0.0160 Pre: 1.0000 Re: 0.9996 Acc: 0.9998 F1: 0.9998
Epoch 395: Time: 0.1121 Cost: 0.0159 Pre: 1.0000 Re: 0.9996 Acc: 0.9998 F1: 0.9998
Epoch 396: Time: 0.1172 Cost: 0.0158 Pre: 1.0000 Re: 0.9996 Acc: 0.9998 F1: 0.9998
Epoch 397: Time: 0.1169 Cost: 0.0157 Pre: 1.0000 Re: 0.9996 Acc: 0.9998 F1: 0.9998
Epoch 398: Time: 0.1097 Cost: 0.0156 Pre: 1.0000 Re: 0.9996 Acc: 0.9998 F1: 0.9998
Epoch 399: Time: 0.1068 Cost: 0.0155 Pre: 1.0000 Re: 0.9996 Acc: 0.9998 F1: 0.9998
Epoch 400: Time: 0.1075 Cost: 0.0154 Pre: 1.0000 Re: 0.9996 Acc: 0.9998 F1: 0.9998


--------------------------------------------------------------------
Eval results: Cost:0.0255 Pre:1.0000 Re:0.9993 Acc:0.9996 F1:0.9996
--------------------------------------------------------------------

Epoch 401: Time: 0.1211 Cost: 0.0153 Pre: 1.0000 Re: 0.9996 Acc: 0.9998 F1: 0.9998
Epoch 402: Time: 0.1148 Cost: 0.0152 Pre: 1.0000 Re: 0.9996 Acc: 0.9998 F1: 0.9998
Epoch 403: Time: 0.1109 Cost: 0.0151 Pre: 1.0000 Re: 0.9996 Acc: 0.9998 F1: 0.9998
Epoch 404: Time: 0.1086 Cost: 0.0150 Pre: 1.0000 Re: 0.9996 Acc: 0.9998 F1: 0.9998
Epoch 405: Time: 0.1061 Cost: 0.0149 Pre: 1.0000 Re: 0.9996 Acc: 0.9998 F1: 0.9998
Epoch 406: Time: 0.1144 Cost: 0.0148 Pre: 1.0000 Re: 0.9996 Acc: 0.9998 F1: 0.9998
Epoch 407: Time: 0.1200 Cost: 0.0147 Pre: 1.0000 Re: 0.9996 Acc: 0.9998 F1: 0.9998
Epoch 408: Time: 0.1086 Cost: 0.0146 Pre: 1.0000 Re: 0.9996 Acc: 0.9998 F1: 0.9998
Epoch 409: Time: 0.1084 Cost: 0.0145 Pre: 1.0000 Re: 0.9996 Acc: 0.9998 F1: 0.9998
Epoch 410: Time: 0.1066 Cost: 0.0144 Pre: 1.0000 Re: 0.9996 Acc: 0.9998 F1: 0.9998


--------------------------------------------------------------------
Eval results: Cost:0.0235 Pre:1.0000 Re:0.9993 Acc:0.9996 F1:0.9996
--------------------------------------------------------------------

Epoch 411: Time: 0.1202 Cost: 0.0143 Pre: 1.0000 Re: 0.9996 Acc: 0.9998 F1: 0.9998
Epoch 412: Time: 0.1165 Cost: 0.0142 Pre: 1.0000 Re: 0.9996 Acc: 0.9998 F1: 0.9998
Epoch 413: Time: 0.1086 Cost: 0.0141 Pre: 1.0000 Re: 0.9996 Acc: 0.9998 F1: 0.9998
Epoch 414: Time: 0.1078 Cost: 0.0140 Pre: 1.0000 Re: 0.9996 Acc: 0.9998 F1: 0.9998
Epoch 415: Time: 0.1062 Cost: 0.0139 Pre: 1.0000 Re: 0.9996 Acc: 0.9998 F1: 0.9998
Epoch 416: Time: 0.1058 Cost: 0.0137 Pre: 1.0000 Re: 0.9996 Acc: 0.9998 F1: 0.9998
Epoch 417: Time: 0.1212 Cost: 0.0136 Pre: 1.0000 Re: 0.9996 Acc: 0.9998 F1: 0.9998
Epoch 418: Time: 0.1154 Cost: 0.0135 Pre: 1.0000 Re: 0.9996 Acc: 0.9998 F1: 0.9998
Epoch 419: Time: 0.1073 Cost: 0.0134 Pre: 1.0000 Re: 0.9996 Acc: 0.9998 F1: 0.9998
Epoch 420: Time: 0.1078 Cost: 0.0133 Pre: 1.0000 Re: 0.9996 Acc: 0.9998 F1: 0.9998


--------------------------------------------------------------------
Eval results: Cost:0.0215 Pre:1.0000 Re:0.9993 Acc:0.9996 F1:0.9996
--------------------------------------------------------------------

Epoch 421: Time: 0.1147 Cost: 0.0132 Pre: 1.0000 Re: 0.9996 Acc: 0.9998 F1: 0.9998
Epoch 422: Time: 0.1174 Cost: 0.0131 Pre: 1.0000 Re: 0.9996 Acc: 0.9998 F1: 0.9998
Epoch 423: Time: 0.1061 Cost: 0.0130 Pre: 1.0000 Re: 0.9996 Acc: 0.9998 F1: 0.9998
Epoch 424: Time: 0.1094 Cost: 0.0129 Pre: 1.0000 Re: 0.9996 Acc: 0.9998 F1: 0.9998
Epoch 425: Time: 0.1123 Cost: 0.0128 Pre: 1.0000 Re: 0.9996 Acc: 0.9998 F1: 0.9998
Epoch 426: Time: 0.1141 Cost: 0.0127 Pre: 1.0000 Re: 0.9996 Acc: 0.9998 F1: 0.9998
Epoch 427: Time: 0.1100 Cost: 0.0126 Pre: 1.0000 Re: 0.9996 Acc: 0.9998 F1: 0.9998
Epoch 428: Time: 0.1103 Cost: 0.0125 Pre: 1.0000 Re: 0.9996 Acc: 0.9998 F1: 0.9998
Epoch 429: Time: 0.1089 Cost: 0.0124 Pre: 1.0000 Re: 0.9996 Acc: 0.9998 F1: 0.9998
Epoch 430: Time: 0.1068 Cost: 0.0123 Pre: 1.0000 Re: 0.9996 Acc: 0.9998 F1: 0.9998


--------------------------------------------------------------------
Eval results: Cost:0.0195 Pre:1.0000 Re:0.9993 Acc:0.9996 F1:0.9996
--------------------------------------------------------------------

Epoch 431: Time: 0.1067 Cost: 0.0122 Pre: 1.0000 Re: 0.9996 Acc: 0.9998 F1: 0.9998
Epoch 432: Time: 0.1078 Cost: 0.0121 Pre: 1.0000 Re: 0.9996 Acc: 0.9998 F1: 0.9998
Epoch 433: Time: 0.1076 Cost: 0.0120 Pre: 1.0000 Re: 0.9996 Acc: 0.9998 F1: 0.9998
Epoch 434: Time: 0.1084 Cost: 0.0119 Pre: 1.0000 Re: 0.9996 Acc: 0.9998 F1: 0.9998
Epoch 435: Time: 0.1060 Cost: 0.0118 Pre: 1.0000 Re: 0.9996 Acc: 0.9998 F1: 0.9998
Epoch 436: Time: 0.1067 Cost: 0.0116 Pre: 1.0000 Re: 0.9996 Acc: 0.9998 F1: 0.9998
Epoch 437: Time: 0.1081 Cost: 0.0115 Pre: 1.0000 Re: 0.9996 Acc: 0.9998 F1: 0.9998
Epoch 438: Time: 0.1086 Cost: 0.0114 Pre: 1.0000 Re: 0.9996 Acc: 0.9998 F1: 0.9998
Epoch 439: Time: 0.1075 Cost: 0.0113 Pre: 1.0000 Re: 0.9996 Acc: 0.9998 F1: 0.9998
Epoch 440: Time: 0.1063 Cost: 0.0112 Pre: 1.0000 Re: 0.9996 Acc: 0.9998 F1: 0.9998


--------------------------------------------------------------------
Eval results: Cost:0.0176 Pre:1.0000 Re:0.9993 Acc:0.9996 F1:0.9996
--------------------------------------------------------------------

Epoch 441: Time: 0.1084 Cost: 0.0111 Pre: 1.0000 Re: 0.9996 Acc: 0.9998 F1: 0.9998
Epoch 442: Time: 0.1079 Cost: 0.0110 Pre: 1.0000 Re: 0.9996 Acc: 0.9998 F1: 0.9998
Epoch 443: Time: 0.1076 Cost: 0.0109 Pre: 1.0000 Re: 0.9996 Acc: 0.9998 F1: 0.9998
Epoch 444: Time: 0.1080 Cost: 0.0108 Pre: 1.0000 Re: 0.9996 Acc: 0.9998 F1: 0.9998
Epoch 445: Time: 0.1088 Cost: 0.0108 Pre: 1.0000 Re: 0.9996 Acc: 0.9998 F1: 0.9998
Epoch 446: Time: 0.1091 Cost: 0.0107 Pre: 1.0000 Re: 0.9996 Acc: 0.9998 F1: 0.9998
Epoch 447: Time: 0.1094 Cost: 0.0106 Pre: 1.0000 Re: 0.9996 Acc: 0.9998 F1: 0.9998
Epoch 448: Time: 0.1086 Cost: 0.0105 Pre: 1.0000 Re: 0.9996 Acc: 0.9998 F1: 0.9998
Epoch 449: Time: 0.1083 Cost: 0.0104 Pre: 1.0000 Re: 0.9996 Acc: 0.9998 F1: 0.9998
Epoch 450: Time: 0.1091 Cost: 0.0103 Pre: 1.0000 Re: 0.9996 Acc: 0.9998 F1: 0.9998


--------------------------------------------------------------------
Eval results: Cost:0.0157 Pre:1.0000 Re:0.9993 Acc:0.9996 F1:0.9996
--------------------------------------------------------------------

Epoch 451: Time: 0.1082 Cost: 0.0102 Pre: 1.0000 Re: 0.9996 Acc: 0.9998 F1: 0.9998
Epoch 452: Time: 0.1089 Cost: 0.0101 Pre: 1.0000 Re: 0.9996 Acc: 0.9998 F1: 0.9998
Epoch 453: Time: 0.1092 Cost: 0.0100 Pre: 1.0000 Re: 0.9996 Acc: 0.9998 F1: 0.9998
Epoch 454: Time: 0.1140 Cost: 0.0099 Pre: 1.0000 Re: 0.9996 Acc: 0.9998 F1: 0.9998
Epoch 455: Time: 0.1101 Cost: 0.0098 Pre: 1.0000 Re: 0.9996 Acc: 0.9998 F1: 0.9998
Epoch 456: Time: 0.1092 Cost: 0.0097 Pre: 1.0000 Re: 0.9996 Acc: 0.9998 F1: 0.9998
Epoch 457: Time: 0.1084 Cost: 0.0096 Pre: 1.0000 Re: 0.9996 Acc: 0.9998 F1: 0.9998
Epoch 458: Time: 0.1084 Cost: 0.0095 Pre: 1.0000 Re: 0.9996 Acc: 0.9998 F1: 0.9998
Epoch 459: Time: 0.1068 Cost: 0.0095 Pre: 1.0000 Re: 0.9996 Acc: 0.9998 F1: 0.9998
Epoch 460: Time: 0.1074 Cost: 0.0094 Pre: 1.0000 Re: 0.9996 Acc: 0.9998 F1: 0.9998


--------------------------------------------------------------------
Eval results: Cost:0.0141 Pre:1.0000 Re:0.9993 Acc:0.9996 F1:0.9996
--------------------------------------------------------------------

Epoch 461: Time: 0.1089 Cost: 0.0093 Pre: 1.0000 Re: 0.9996 Acc: 0.9998 F1: 0.9998
Epoch 462: Time: 0.1112 Cost: 0.0092 Pre: 1.0000 Re: 0.9996 Acc: 0.9998 F1: 0.9998
Epoch 463: Time: 0.1110 Cost: 0.0091 Pre: 1.0000 Re: 0.9996 Acc: 0.9998 F1: 0.9998
Epoch 464: Time: 0.1112 Cost: 0.0090 Pre: 1.0000 Re: 0.9996 Acc: 0.9998 F1: 0.9998
Epoch 465: Time: 0.1111 Cost: 0.0089 Pre: 1.0000 Re: 0.9996 Acc: 0.9998 F1: 0.9998
Epoch 466: Time: 0.1212 Cost: 0.0089 Pre: 1.0000 Re: 0.9996 Acc: 0.9998 F1: 0.9998
Epoch 467: Time: 0.1114 Cost: 0.0088 Pre: 1.0000 Re: 0.9996 Acc: 0.9998 F1: 0.9998
Epoch 468: Time: 0.1115 Cost: 0.0087 Pre: 1.0000 Re: 0.9996 Acc: 0.9998 F1: 0.9998
Epoch 469: Time: 0.1074 Cost: 0.0086 Pre: 1.0000 Re: 0.9996 Acc: 0.9998 F1: 0.9998
Epoch 470: Time: 0.1079 Cost: 0.0085 Pre: 1.0000 Re: 0.9996 Acc: 0.9998 F1: 0.9998


--------------------------------------------------------------------
Eval results: Cost:0.0125 Pre:1.0000 Re:0.9993 Acc:0.9996 F1:0.9996
--------------------------------------------------------------------

Epoch 471: Time: 0.1145 Cost: 0.0085 Pre: 1.0000 Re: 0.9996 Acc: 0.9998 F1: 0.9998
Epoch 472: Time: 0.1130 Cost: 0.0084 Pre: 1.0000 Re: 0.9996 Acc: 0.9998 F1: 0.9998
Epoch 473: Time: 0.1137 Cost: 0.0083 Pre: 1.0000 Re: 0.9996 Acc: 0.9998 F1: 0.9998
Epoch 474: Time: 0.1143 Cost: 0.0082 Pre: 1.0000 Re: 0.9996 Acc: 0.9998 F1: 0.9998
Epoch 475: Time: 0.1135 Cost: 0.0082 Pre: 1.0000 Re: 1.0000 Acc: 1.0000 F1: 1.0000
Epoch 476: Time: 0.1158 Cost: 0.0081 Pre: 1.0000 Re: 1.0000 Acc: 1.0000 F1: 1.0000
Epoch 477: Time: 0.1087 Cost: 0.0080 Pre: 1.0000 Re: 1.0000 Acc: 1.0000 F1: 1.0000
Epoch 478: Time: 0.1061 Cost: 0.0079 Pre: 1.0000 Re: 1.0000 Acc: 1.0000 F1: 1.0000
Epoch 479: Time: 0.1186 Cost: 0.0079 Pre: 1.0000 Re: 1.0000 Acc: 1.0000 F1: 1.0000
Epoch 480: Time: 0.1160 Cost: 0.0078 Pre: 1.0000 Re: 1.0000 Acc: 1.0000 F1: 1.0000


--------------------------------------------------------------------
Eval results: Cost:0.0112 Pre:1.0000 Re:1.0000 Acc:1.0000 F1:1.0000
--------------------------------------------------------------------

Epoch 481: Time: 0.1130 Cost: 0.0077 Pre: 1.0000 Re: 1.0000 Acc: 1.0000 F1: 1.0000
Epoch 482: Time: 0.1072 Cost: 0.0077 Pre: 1.0000 Re: 1.0000 Acc: 1.0000 F1: 1.0000
Epoch 483: Time: 0.1078 Cost: 0.0076 Pre: 1.0000 Re: 1.0000 Acc: 1.0000 F1: 1.0000
Epoch 484: Time: 0.1066 Cost: 0.0075 Pre: 1.0000 Re: 1.0000 Acc: 1.0000 F1: 1.0000
Epoch 485: Time: 0.1056 Cost: 0.0075 Pre: 1.0000 Re: 1.0000 Acc: 1.0000 F1: 1.0000
Epoch 486: Time: 0.1119 Cost: 0.0074 Pre: 1.0000 Re: 1.0000 Acc: 1.0000 F1: 1.0000
Epoch 487: Time: 0.1163 Cost: 0.0073 Pre: 1.0000 Re: 1.0000 Acc: 1.0000 F1: 1.0000
Epoch 488: Time: 0.1184 Cost: 0.0073 Pre: 1.0000 Re: 1.0000 Acc: 1.0000 F1: 1.0000
Epoch 489: Time: 0.1092 Cost: 0.0072 Pre: 1.0000 Re: 1.0000 Acc: 1.0000 F1: 1.0000
Epoch 490: Time: 0.1090 Cost: 0.0071 Pre: 1.0000 Re: 1.0000 Acc: 1.0000 F1: 1.0000


--------------------------------------------------------------------
Eval results: Cost:0.0100 Pre:1.0000 Re:1.0000 Acc:1.0000 F1:1.0000
--------------------------------------------------------------------

Epoch 491: Time: 0.1067 Cost: 0.0071 Pre: 1.0000 Re: 1.0000 Acc: 1.0000 F1: 1.0000
Epoch 492: Time: 0.1079 Cost: 0.0070 Pre: 1.0000 Re: 1.0000 Acc: 1.0000 F1: 1.0000
Epoch 493: Time: 0.1144 Cost: 0.0070 Pre: 1.0000 Re: 1.0000 Acc: 1.0000 F1: 1.0000
Epoch 494: Time: 0.1156 Cost: 0.0069 Pre: 1.0000 Re: 1.0000 Acc: 1.0000 F1: 1.0000
Epoch 495: Time: 0.1131 Cost: 0.0068 Pre: 1.0000 Re: 1.0000 Acc: 1.0000 F1: 1.0000
Epoch 496: Time: 0.1086 Cost: 0.0068 Pre: 1.0000 Re: 1.0000 Acc: 1.0000 F1: 1.0000
Epoch 497: Time: 0.1067 Cost: 0.0067 Pre: 1.0000 Re: 1.0000 Acc: 1.0000 F1: 1.0000
Epoch 498: Time: 0.1066 Cost: 0.0067 Pre: 1.0000 Re: 1.0000 Acc: 1.0000 F1: 1.0000
Epoch 499: Time: 0.1118 Cost: 0.0066 Pre: 1.0000 Re: 1.0000 Acc: 1.0000 F1: 1.0000
Epoch 500: Time: 0.1174 Cost: 0.0066 Pre: 1.0000 Re: 1.0000 Acc: 1.0000 F1: 1.0000


--------------------------------------------------------------------
Eval results: Cost:0.0090 Pre:1.0000 Re:1.0000 Acc:1.0000 F1:1.0000
--------------------------------------------------------------------

Epoch 501: Time: 0.1083 Cost: 0.0065 Pre: 1.0000 Re: 1.0000 Acc: 1.0000 F1: 1.0000
Epoch 502: Time: 0.1074 Cost: 0.0064 Pre: 1.0000 Re: 1.0000 Acc: 1.0000 F1: 1.0000
Epoch 503: Time: 0.1063 Cost: 0.0064 Pre: 1.0000 Re: 1.0000 Acc: 1.0000 F1: 1.0000
Epoch 504: Time: 0.1095 Cost: 0.0063 Pre: 1.0000 Re: 1.0000 Acc: 1.0000 F1: 1.0000
Epoch 505: Time: 0.1175 Cost: 0.0063 Pre: 1.0000 Re: 1.0000 Acc: 1.0000 F1: 1.0000
Epoch 506: Time: 0.1199 Cost: 0.0062 Pre: 1.0000 Re: 1.0000 Acc: 1.0000 F1: 1.0000
Epoch 507: Time: 0.1084 Cost: 0.0062 Pre: 1.0000 Re: 1.0000 Acc: 1.0000 F1: 1.0000
Epoch 508: Time: 0.1073 Cost: 0.0061 Pre: 1.0000 Re: 1.0000 Acc: 1.0000 F1: 1.0000
Epoch 509: Time: 0.1068 Cost: 0.0061 Pre: 1.0000 Re: 1.0000 Acc: 1.0000 F1: 1.0000
Epoch 510: Time: 0.1066 Cost: 0.0060 Pre: 1.0000 Re: 1.0000 Acc: 1.0000 F1: 1.0000


--------------------------------------------------------------------
Eval results: Cost:0.0081 Pre:1.0000 Re:1.0000 Acc:1.0000 F1:1.0000
--------------------------------------------------------------------

Epoch 511: Time: 0.1069 Cost: 0.0060 Pre: 1.0000 Re: 1.0000 Acc: 1.0000 F1: 1.0000
Epoch 512: Time: 0.1087 Cost: 0.0059 Pre: 1.0000 Re: 1.0000 Acc: 1.0000 F1: 1.0000
Epoch 513: Time: 0.1072 Cost: 0.0059 Pre: 1.0000 Re: 1.0000 Acc: 1.0000 F1: 1.0000
Epoch 514: Time: 0.1066 Cost: 0.0058 Pre: 1.0000 Re: 1.0000 Acc: 1.0000 F1: 1.0000
Epoch 515: Time: 0.1065 Cost: 0.0058 Pre: 1.0000 Re: 1.0000 Acc: 1.0000 F1: 1.0000
Epoch 516: Time: 0.1120 Cost: 0.0057 Pre: 1.0000 Re: 1.0000 Acc: 1.0000 F1: 1.0000
Epoch 517: Time: 0.1359 Cost: 0.0057 Pre: 1.0000 Re: 1.0000 Acc: 1.0000 F1: 1.0000
Epoch 518: Time: 0.1223 Cost: 0.0056 Pre: 1.0000 Re: 1.0000 Acc: 1.0000 F1: 1.0000
Epoch 519: Time: 0.1459 Cost: 0.0056 Pre: 1.0000 Re: 1.0000 Acc: 1.0000 F1: 1.0000
Epoch 520: Time: 0.1761 Cost: 0.0056 Pre: 1.0000 Re: 1.0000 Acc: 1.0000 F1: 1.0000


--------------------------------------------------------------------
Eval results: Cost:0.0073 Pre:1.0000 Re:1.0000 Acc:1.0000 F1:1.0000
--------------------------------------------------------------------

Epoch 521: Time: 0.1583 Cost: 0.0055 Pre: 1.0000 Re: 1.0000 Acc: 1.0000 F1: 1.0000
Epoch 522: Time: 0.1491 Cost: 0.0055 Pre: 1.0000 Re: 1.0000 Acc: 1.0000 F1: 1.0000
Epoch 523: Time: 0.1314 Cost: 0.0054 Pre: 1.0000 Re: 1.0000 Acc: 1.0000 F1: 1.0000
Epoch 524: Time: 0.1323 Cost: 0.0054 Pre: 1.0000 Re: 1.0000 Acc: 1.0000 F1: 1.0000
Epoch 525: Time: 0.1470 Cost: 0.0053 Pre: 1.0000 Re: 1.0000 Acc: 1.0000 F1: 1.0000
Epoch 526: Time: 0.1571 Cost: 0.0053 Pre: 1.0000 Re: 1.0000 Acc: 1.0000 F1: 1.0000
Epoch 527: Time: 0.1175 Cost: 0.0053 Pre: 1.0000 Re: 1.0000 Acc: 1.0000 F1: 1.0000
Epoch 528: Time: 0.1353 Cost: 0.0052 Pre: 1.0000 Re: 1.0000 Acc: 1.0000 F1: 1.0000
Epoch 529: Time: 0.1052 Cost: 0.0052 Pre: 1.0000 Re: 1.0000 Acc: 1.0000 F1: 1.0000
Epoch 530: Time: 0.1363 Cost: 0.0051 Pre: 1.0000 Re: 1.0000 Acc: 1.0000 F1: 1.0000


--------------------------------------------------------------------
Eval results: Cost:0.0067 Pre:1.0000 Re:1.0000 Acc:1.0000 F1:1.0000
--------------------------------------------------------------------

Epoch 531: Time: 0.1244 Cost: 0.0051 Pre: 1.0000 Re: 1.0000 Acc: 1.0000 F1: 1.0000
Epoch 532: Time: 0.1117 Cost: 0.0051 Pre: 1.0000 Re: 1.0000 Acc: 1.0000 F1: 1.0000
Epoch 533: Time: 0.1104 Cost: 0.0050 Pre: 1.0000 Re: 1.0000 Acc: 1.0000 F1: 1.0000
Epoch 534: Time: 0.1084 Cost: 0.0050 Pre: 1.0000 Re: 1.0000 Acc: 1.0000 F1: 1.0000
Epoch 535: Time: 0.1164 Cost: 0.0050 Pre: 1.0000 Re: 1.0000 Acc: 1.0000 F1: 1.0000
Epoch 536: Time: 0.1278 Cost: 0.0049 Pre: 1.0000 Re: 1.0000 Acc: 1.0000 F1: 1.0000
Epoch 537: Time: 0.1329 Cost: 0.0049 Pre: 1.0000 Re: 1.0000 Acc: 1.0000 F1: 1.0000
Epoch 538: Time: 0.1281 Cost: 0.0048 Pre: 1.0000 Re: 1.0000 Acc: 1.0000 F1: 1.0000
Epoch 539: Time: 0.1215 Cost: 0.0048 Pre: 1.0000 Re: 1.0000 Acc: 1.0000 F1: 1.0000
Epoch 540: Time: 0.1203 Cost: 0.0048 Pre: 1.0000 Re: 1.0000 Acc: 1.0000 F1: 1.0000


--------------------------------------------------------------------
Eval results: Cost:0.0061 Pre:1.0000 Re:1.0000 Acc:1.0000 F1:1.0000
--------------------------------------------------------------------

Epoch 541: Time: 0.1234 Cost: 0.0047 Pre: 1.0000 Re: 1.0000 Acc: 1.0000 F1: 1.0000
Epoch 542: Time: 0.1256 Cost: 0.0047 Pre: 1.0000 Re: 1.0000 Acc: 1.0000 F1: 1.0000
Epoch 543: Time: 0.1387 Cost: 0.0047 Pre: 1.0000 Re: 1.0000 Acc: 1.0000 F1: 1.0000
Epoch 544: Time: 0.1321 Cost: 0.0046 Pre: 1.0000 Re: 1.0000 Acc: 1.0000 F1: 1.0000
Epoch 545: Time: 0.1217 Cost: 0.0046 Pre: 1.0000 Re: 1.0000 Acc: 1.0000 F1: 1.0000
Epoch 546: Time: 0.1211 Cost: 0.0046 Pre: 1.0000 Re: 1.0000 Acc: 1.0000 F1: 1.0000
Epoch 547: Time: 0.1251 Cost: 0.0045 Pre: 1.0000 Re: 1.0000 Acc: 1.0000 F1: 1.0000
Epoch 548: Time: 0.1202 Cost: 0.0045 Pre: 1.0000 Re: 1.0000 Acc: 1.0000 F1: 1.0000
Epoch 549: Time: 0.1310 Cost: 0.0045 Pre: 1.0000 Re: 1.0000 Acc: 1.0000 F1: 1.0000
Epoch 550: Time: 0.1178 Cost: 0.0044 Pre: 1.0000 Re: 1.0000 Acc: 1.0000 F1: 1.0000


--------------------------------------------------------------------
Eval results: Cost:0.0056 Pre:1.0000 Re:1.0000 Acc:1.0000 F1:1.0000
--------------------------------------------------------------------

Epoch 551: Time: 0.1142 Cost: 0.0044 Pre: 1.0000 Re: 1.0000 Acc: 1.0000 F1: 1.0000
Epoch 552: Time: 0.1210 Cost: 0.0044 Pre: 1.0000 Re: 1.0000 Acc: 1.0000 F1: 1.0000
Epoch 553: Time: 0.1235 Cost: 0.0043 Pre: 1.0000 Re: 1.0000 Acc: 1.0000 F1: 1.0000
Epoch 554: Time: 0.1395 Cost: 0.0043 Pre: 1.0000 Re: 1.0000 Acc: 1.0000 F1: 1.0000
Epoch 555: Time: 0.1326 Cost: 0.0043 Pre: 1.0000 Re: 1.0000 Acc: 1.0000 F1: 1.0000
Epoch 556: Time: 0.1522 Cost: 0.0043 Pre: 1.0000 Re: 1.0000 Acc: 1.0000 F1: 1.0000
Epoch 557: Time: 0.1516 Cost: 0.0042 Pre: 1.0000 Re: 1.0000 Acc: 1.0000 F1: 1.0000
Epoch 558: Time: 0.1237 Cost: 0.0042 Pre: 1.0000 Re: 1.0000 Acc: 1.0000 F1: 1.0000
Epoch 559: Time: 0.1146 Cost: 0.0042 Pre: 1.0000 Re: 1.0000 Acc: 1.0000 F1: 1.0000
Epoch 560: Time: 0.1155 Cost: 0.0041 Pre: 1.0000 Re: 1.0000 Acc: 1.0000 F1: 1.0000


--------------------------------------------------------------------
Eval results: Cost:0.0051 Pre:1.0000 Re:1.0000 Acc:1.0000 F1:1.0000
--------------------------------------------------------------------

Early stopping...
--------------------------------------------------------------------
--------------------------------------------------------------------
Test 10470 samples take time: 0.5767
Test results: Cost:0.0030 Pre:1.0000 Re:1.0000 Acc:1.0000 F1:1.0000
--------------------------------------------------------------------

