16768
16562
16206
16632
16380
16425
Load data
RNN type: SRN Grammar: g4 Seed: 9
Model total parameters: 130
Saving hinit ... 

Epoch 0: Time: 0.2178 Cost: 25.3381 Pre: 0.5904 Re: 0.3083 Acc: 0.5447 F1: 0.4051


--------------------------------------------------------------------
Eval results: Cost:24.3648 Pre:0.5745 Re:0.4794 Acc:0.5667 F1:0.5227
--------------------------------------------------------------------

Epoch 1: Time: 0.1449 Cost: 23.4490 Pre: 0.6457 Re: 0.6049 Acc: 0.6345 F1: 0.6246
Epoch 2: Time: 0.1405 Cost: 20.8046 Pre: 0.7789 Re: 0.6651 Acc: 0.7367 F1: 0.7175
Epoch 3: Time: 0.1401 Cost: 16.4167 Pre: 0.8646 Re: 0.7630 Acc: 0.8208 F1: 0.8106
Epoch 4: Time: 0.1425 Cost: 11.9113 Pre: 0.8413 Re: 0.8768 Acc: 0.8549 F1: 0.8587
Epoch 5: Time: 0.1411 Cost: 10.1060 Pre: 0.8664 Re: 0.8999 Acc: 0.8799 F1: 0.8828
Epoch 6: Time: 0.1393 Cost: 8.9407 Pre: 0.8739 Re: 0.9226 Acc: 0.8942 F1: 0.8976
Epoch 7: Time: 0.1497 Cost: 7.9199 Pre: 0.8810 Re: 0.9348 Acc: 0.9037 F1: 0.9071
Epoch 8: Time: 0.1456 Cost: 7.0976 Pre: 0.8948 Re: 0.9420 Acc: 0.9152 F1: 0.9178
Epoch 9: Time: 0.1431 Cost: 6.1953 Pre: 0.9061 Re: 0.9553 Acc: 0.9277 F1: 0.9300
Epoch 10: Time: 0.1425 Cost: 5.4082 Pre: 0.9175 Re: 0.9617 Acc: 0.9373 F1: 0.9391


--------------------------------------------------------------------
Eval results: Cost:5.0224 Pre:0.9236 Re:0.9693 Acc:0.9451 F1:0.9459
--------------------------------------------------------------------

Epoch 11: Time: 0.1451 Cost: 4.8777 Pre: 0.9262 Re: 0.9617 Acc: 0.9422 F1: 0.9436
Epoch 12: Time: 0.1423 Cost: 4.5161 Pre: 0.9276 Re: 0.9723 Acc: 0.9480 F1: 0.9495
Epoch 13: Time: 0.1409 Cost: 4.1147 Pre: 0.9348 Re: 0.9780 Acc: 0.9546 F1: 0.9559
Epoch 14: Time: 0.1389 Cost: 3.6893 Pre: 0.9391 Re: 0.9826 Acc: 0.9592 F1: 0.9603
Epoch 15: Time: 0.1459 Cost: 3.4094 Pre: 0.9475 Re: 0.9860 Acc: 0.9655 F1: 0.9664
Epoch 16: Time: 0.1407 Cost: 3.0903 Pre: 0.9570 Re: 0.9871 Acc: 0.9712 F1: 0.9718
Epoch 17: Time: 0.1389 Cost: 2.8753 Pre: 0.9688 Re: 0.9898 Acc: 0.9788 F1: 0.9792
Epoch 18: Time: 0.1414 Cost: 2.6191 Pre: 0.9750 Re: 0.9905 Acc: 0.9825 F1: 0.9827
Epoch 19: Time: 0.1419 Cost: 2.4414 Pre: 0.9765 Re: 0.9909 Acc: 0.9834 F1: 0.9836
Epoch 20: Time: 0.1575 Cost: 2.3771 Pre: 0.9725 Re: 0.9917 Acc: 0.9817 F1: 0.9820


--------------------------------------------------------------------
Eval results: Cost:2.1788 Pre:0.9807 Re:0.9880 Acc:0.9844 F1:0.9843
--------------------------------------------------------------------

Epoch 21: Time: 0.1452 Cost: 2.1722 Pre: 0.9816 Re: 0.9932 Acc: 0.9872 F1: 0.9874
Epoch 22: Time: 0.1438 Cost: 2.1971 Pre: 0.9740 Re: 0.9928 Acc: 0.9830 F1: 0.9833
Epoch 23: Time: 0.1441 Cost: 1.9996 Pre: 0.9835 Re: 0.9947 Acc: 0.9889 F1: 0.9891
Epoch 24: Time: 0.1433 Cost: 1.9043 Pre: 0.9876 Re: 0.9958 Acc: 0.9916 F1: 0.9917
Epoch 25: Time: 0.1416 Cost: 1.8359 Pre: 0.9883 Re: 0.9951 Acc: 0.9916 F1: 0.9917
Epoch 26: Time: 0.1418 Cost: 1.6950 Pre: 0.9921 Re: 0.9973 Acc: 0.9947 F1: 0.9947
Epoch 27: Time: 0.1394 Cost: 1.5889 Pre: 0.9943 Re: 0.9977 Acc: 0.9960 F1: 0.9960
Epoch 28: Time: 0.1434 Cost: 1.4685 Pre: 0.9966 Re: 0.9985 Acc: 0.9975 F1: 0.9975
Epoch 29: Time: 0.1427 Cost: 1.3540 Pre: 0.9985 Re: 0.9985 Acc: 0.9985 F1: 0.9985
Epoch 30: Time: 0.1409 Cost: 1.2462 Pre: 0.9992 Re: 0.9985 Acc: 0.9989 F1: 0.9989


--------------------------------------------------------------------
Eval results: Cost:1.1332 Pre:0.9985 Re:0.9963 Acc:0.9974 F1:0.9974
--------------------------------------------------------------------

Epoch 31: Time: 0.1425 Cost: 1.1589 Pre: 1.0000 Re: 0.9989 Acc: 0.9994 F1: 0.9994
Epoch 32: Time: 0.1427 Cost: 1.0906 Pre: 1.0000 Re: 0.9985 Acc: 0.9992 F1: 0.9992
Epoch 33: Time: 0.1426 Cost: 1.0314 Pre: 1.0000 Re: 0.9981 Acc: 0.9990 F1: 0.9991
Epoch 34: Time: 0.1447 Cost: 0.9796 Pre: 1.0000 Re: 0.9989 Acc: 0.9994 F1: 0.9994
Epoch 35: Time: 0.1408 Cost: 0.9359 Pre: 1.0000 Re: 0.9989 Acc: 0.9994 F1: 0.9994
Epoch 36: Time: 0.1407 Cost: 0.8762 Pre: 1.0000 Re: 0.9989 Acc: 0.9994 F1: 0.9994
Epoch 37: Time: 0.1404 Cost: 0.8075 Pre: 1.0000 Re: 0.9989 Acc: 0.9994 F1: 0.9994
Epoch 38: Time: 0.1382 Cost: 0.7422 Pre: 1.0000 Re: 0.9989 Acc: 0.9994 F1: 0.9994
Epoch 39: Time: 0.1392 Cost: 0.6806 Pre: 1.0000 Re: 0.9989 Acc: 0.9994 F1: 0.9994
Epoch 40: Time: 0.1387 Cost: 0.6232 Pre: 1.0000 Re: 0.9989 Acc: 0.9994 F1: 0.9994


--------------------------------------------------------------------
Eval results: Cost:0.5217 Pre:0.9993 Re:0.9993 Acc:0.9993 F1:0.9993
--------------------------------------------------------------------

Epoch 41: Time: 0.1420 Cost: 0.5697 Pre: 1.0000 Re: 0.9989 Acc: 0.9994 F1: 0.9994
Epoch 42: Time: 0.1410 Cost: 0.5178 Pre: 1.0000 Re: 0.9989 Acc: 0.9994 F1: 0.9994
Epoch 43: Time: 0.1393 Cost: 0.4729 Pre: 1.0000 Re: 0.9989 Acc: 0.9994 F1: 0.9994
Epoch 44: Time: 0.1401 Cost: 0.4313 Pre: 1.0000 Re: 0.9989 Acc: 0.9994 F1: 0.9994
Epoch 45: Time: 0.1425 Cost: 0.3934 Pre: 1.0000 Re: 0.9989 Acc: 0.9994 F1: 0.9994
Epoch 46: Time: 0.1478 Cost: 0.3587 Pre: 1.0000 Re: 0.9989 Acc: 0.9994 F1: 0.9994
Epoch 47: Time: 0.1703 Cost: 0.3272 Pre: 1.0000 Re: 0.9989 Acc: 0.9994 F1: 0.9994
Epoch 48: Time: 0.1527 Cost: 0.2985 Pre: 1.0000 Re: 0.9989 Acc: 0.9994 F1: 0.9994
Epoch 49: Time: 0.1470 Cost: 0.2725 Pre: 1.0000 Re: 0.9989 Acc: 0.9994 F1: 0.9994
Epoch 50: Time: 0.1461 Cost: 0.2490 Pre: 1.0000 Re: 0.9992 Acc: 0.9996 F1: 0.9996


--------------------------------------------------------------------
Eval results: Cost:0.3189 Pre:0.9978 Re:0.9993 Acc:0.9985 F1:0.9985
--------------------------------------------------------------------

Epoch 51: Time: 0.1410 Cost: 0.2328 Pre: 1.0000 Re: 0.9992 Acc: 0.9996 F1: 0.9996
Epoch 52: Time: 0.1392 Cost: 0.2187 Pre: 1.0000 Re: 0.9992 Acc: 0.9996 F1: 0.9996
Epoch 53: Time: 0.1446 Cost: 0.2042 Pre: 1.0000 Re: 0.9992 Acc: 0.9996 F1: 0.9996
Epoch 54: Time: 0.1424 Cost: 0.1900 Pre: 1.0000 Re: 0.9992 Acc: 0.9996 F1: 0.9996
Epoch 55: Time: 0.1389 Cost: 0.1760 Pre: 1.0000 Re: 0.9992 Acc: 0.9996 F1: 0.9996
Epoch 56: Time: 0.1395 Cost: 0.1623 Pre: 1.0000 Re: 0.9992 Acc: 0.9996 F1: 0.9996
Epoch 57: Time: 0.1392 Cost: 0.1498 Pre: 1.0000 Re: 0.9992 Acc: 0.9996 F1: 0.9996
Epoch 58: Time: 0.1393 Cost: 0.1385 Pre: 1.0000 Re: 0.9992 Acc: 0.9996 F1: 0.9996
Epoch 59: Time: 0.1401 Cost: 0.1283 Pre: 1.0000 Re: 0.9992 Acc: 0.9996 F1: 0.9996
Epoch 60: Time: 0.1422 Cost: 0.1190 Pre: 1.0000 Re: 0.9992 Acc: 0.9996 F1: 0.9996


--------------------------------------------------------------------
Eval results: Cost:0.1029 Pre:1.0000 Re:0.9993 Acc:0.9996 F1:0.9996
--------------------------------------------------------------------

Epoch 61: Time: 0.1417 Cost: 0.1104 Pre: 1.0000 Re: 0.9992 Acc: 0.9996 F1: 0.9996
Epoch 62: Time: 0.1470 Cost: 0.1036 Pre: 1.0000 Re: 0.9992 Acc: 0.9996 F1: 0.9996
Epoch 63: Time: 0.1467 Cost: 0.0973 Pre: 1.0000 Re: 0.9992 Acc: 0.9996 F1: 0.9996
Epoch 64: Time: 0.1419 Cost: 0.0912 Pre: 1.0000 Re: 0.9992 Acc: 0.9996 F1: 0.9996
Epoch 65: Time: 0.1441 Cost: 0.0856 Pre: 1.0000 Re: 0.9992 Acc: 0.9996 F1: 0.9996
Epoch 66: Time: 0.1455 Cost: 0.0806 Pre: 1.0000 Re: 0.9992 Acc: 0.9996 F1: 0.9996
Epoch 67: Time: 0.1411 Cost: 0.0760 Pre: 1.0000 Re: 0.9992 Acc: 0.9996 F1: 0.9996
Epoch 68: Time: 0.1425 Cost: 0.0718 Pre: 1.0000 Re: 0.9992 Acc: 0.9996 F1: 0.9996
Epoch 69: Time: 0.1436 Cost: 0.0681 Pre: 1.0000 Re: 0.9992 Acc: 0.9996 F1: 0.9996
Epoch 70: Time: 0.1468 Cost: 0.0646 Pre: 1.0000 Re: 0.9992 Acc: 0.9996 F1: 0.9996


--------------------------------------------------------------------
Eval results: Cost:0.0601 Pre:1.0000 Re:0.9993 Acc:0.9996 F1:0.9996
--------------------------------------------------------------------

Epoch 71: Time: 0.1616 Cost: 0.0615 Pre: 1.0000 Re: 0.9992 Acc: 0.9996 F1: 0.9996
Epoch 72: Time: 0.1442 Cost: 0.0585 Pre: 1.0000 Re: 0.9992 Acc: 0.9996 F1: 0.9996
Epoch 73: Time: 0.1441 Cost: 0.0559 Pre: 1.0000 Re: 0.9992 Acc: 0.9996 F1: 0.9996
Epoch 74: Time: 0.1395 Cost: 0.0534 Pre: 1.0000 Re: 0.9992 Acc: 0.9996 F1: 0.9996
Epoch 75: Time: 0.1390 Cost: 0.0510 Pre: 1.0000 Re: 0.9992 Acc: 0.9996 F1: 0.9996
Epoch 76: Time: 0.1445 Cost: 0.0488 Pre: 1.0000 Re: 0.9992 Acc: 0.9996 F1: 0.9996
Epoch 77: Time: 0.1436 Cost: 0.0468 Pre: 1.0000 Re: 0.9992 Acc: 0.9996 F1: 0.9996
Epoch 78: Time: 0.1431 Cost: 0.0448 Pre: 1.0000 Re: 0.9992 Acc: 0.9996 F1: 0.9996
Epoch 79: Time: 0.1440 Cost: 0.0429 Pre: 1.0000 Re: 0.9992 Acc: 0.9996 F1: 0.9996
Epoch 80: Time: 0.1435 Cost: 0.0411 Pre: 1.0000 Re: 0.9992 Acc: 0.9996 F1: 0.9996


--------------------------------------------------------------------
Eval results: Cost:0.0476 Pre:1.0000 Re:0.9993 Acc:0.9996 F1:0.9996
--------------------------------------------------------------------

Epoch 81: Time: 0.1440 Cost: 0.0395 Pre: 1.0000 Re: 0.9992 Acc: 0.9996 F1: 0.9996
Epoch 82: Time: 0.1405 Cost: 0.0379 Pre: 1.0000 Re: 0.9992 Acc: 0.9996 F1: 0.9996
Epoch 83: Time: 0.1431 Cost: 0.0365 Pre: 1.0000 Re: 0.9996 Acc: 0.9998 F1: 0.9998
Epoch 84: Time: 0.1415 Cost: 0.0352 Pre: 1.0000 Re: 0.9996 Acc: 0.9998 F1: 0.9998
Epoch 85: Time: 0.1409 Cost: 0.0340 Pre: 1.0000 Re: 0.9996 Acc: 0.9998 F1: 0.9998
Epoch 86: Time: 0.1424 Cost: 0.0330 Pre: 1.0000 Re: 0.9996 Acc: 0.9998 F1: 0.9998
Epoch 87: Time: 0.1444 Cost: 0.0320 Pre: 1.0000 Re: 0.9996 Acc: 0.9998 F1: 0.9998
Epoch 88: Time: 0.1445 Cost: 0.0311 Pre: 1.0000 Re: 0.9996 Acc: 0.9998 F1: 0.9998
Epoch 89: Time: 0.1440 Cost: 0.0303 Pre: 1.0000 Re: 0.9996 Acc: 0.9998 F1: 0.9998
Epoch 90: Time: 0.1461 Cost: 0.0296 Pre: 1.0000 Re: 0.9996 Acc: 0.9998 F1: 0.9998


--------------------------------------------------------------------
Eval results: Cost:0.0423 Pre:1.0000 Re:0.9993 Acc:0.9996 F1:0.9996
--------------------------------------------------------------------

Epoch 91: Time: 0.1433 Cost: 0.0289 Pre: 1.0000 Re: 0.9996 Acc: 0.9998 F1: 0.9998
Epoch 92: Time: 0.1442 Cost: 0.0283 Pre: 1.0000 Re: 0.9996 Acc: 0.9998 F1: 0.9998
Epoch 93: Time: 0.1383 Cost: 0.0277 Pre: 1.0000 Re: 0.9996 Acc: 0.9998 F1: 0.9998
Epoch 94: Time: 0.1406 Cost: 0.0272 Pre: 1.0000 Re: 0.9996 Acc: 0.9998 F1: 0.9998
Epoch 95: Time: 0.1416 Cost: 0.0267 Pre: 1.0000 Re: 0.9996 Acc: 0.9998 F1: 0.9998
Epoch 96: Time: 0.1417 Cost: 0.0263 Pre: 1.0000 Re: 0.9996 Acc: 0.9998 F1: 0.9998
Epoch 97: Time: 0.1407 Cost: 0.0259 Pre: 1.0000 Re: 0.9996 Acc: 0.9998 F1: 0.9998
Epoch 98: Time: 0.1391 Cost: 0.0255 Pre: 1.0000 Re: 0.9996 Acc: 0.9998 F1: 0.9998
Epoch 99: Time: 0.1443 Cost: 0.0252 Pre: 1.0000 Re: 0.9996 Acc: 0.9998 F1: 0.9998
Epoch 100: Time: 0.1443 Cost: 0.0249 Pre: 1.0000 Re: 0.9996 Acc: 0.9998 F1: 0.9998


--------------------------------------------------------------------
Eval results: Cost:0.0395 Pre:1.0000 Re:0.9993 Acc:0.9996 F1:0.9996
--------------------------------------------------------------------

Epoch 101: Time: 0.1432 Cost: 0.0246 Pre: 1.0000 Re: 0.9996 Acc: 0.9998 F1: 0.9998
Epoch 102: Time: 0.1417 Cost: 0.0243 Pre: 1.0000 Re: 0.9996 Acc: 0.9998 F1: 0.9998
Epoch 103: Time: 0.1436 Cost: 0.0240 Pre: 1.0000 Re: 0.9996 Acc: 0.9998 F1: 0.9998
Epoch 104: Time: 0.1428 Cost: 0.0238 Pre: 1.0000 Re: 0.9996 Acc: 0.9998 F1: 0.9998
Epoch 105: Time: 0.1416 Cost: 0.0236 Pre: 1.0000 Re: 0.9996 Acc: 0.9998 F1: 0.9998
Epoch 106: Time: 0.1419 Cost: 0.0234 Pre: 1.0000 Re: 0.9996 Acc: 0.9998 F1: 0.9998
Epoch 107: Time: 0.1388 Cost: 0.0232 Pre: 1.0000 Re: 0.9996 Acc: 0.9998 F1: 0.9998
Epoch 108: Time: 0.1387 Cost: 0.0230 Pre: 1.0000 Re: 0.9996 Acc: 0.9998 F1: 0.9998
Epoch 109: Time: 0.1405 Cost: 0.0228 Pre: 1.0000 Re: 0.9996 Acc: 0.9998 F1: 0.9998
Epoch 110: Time: 0.1434 Cost: 0.0226 Pre: 1.0000 Re: 0.9996 Acc: 0.9998 F1: 0.9998


--------------------------------------------------------------------
Eval results: Cost:0.0380 Pre:1.0000 Re:0.9993 Acc:0.9996 F1:0.9996
--------------------------------------------------------------------

Epoch 111: Time: 0.1447 Cost: 0.0225 Pre: 1.0000 Re: 0.9996 Acc: 0.9998 F1: 0.9998
Epoch 112: Time: 0.1443 Cost: 0.0223 Pre: 1.0000 Re: 0.9996 Acc: 0.9998 F1: 0.9998
Epoch 113: Time: 0.1425 Cost: 0.0222 Pre: 1.0000 Re: 0.9996 Acc: 0.9998 F1: 0.9998
Epoch 114: Time: 0.1443 Cost: 0.0220 Pre: 1.0000 Re: 0.9996 Acc: 0.9998 F1: 0.9998
Epoch 115: Time: 0.1421 Cost: 0.0219 Pre: 1.0000 Re: 0.9996 Acc: 0.9998 F1: 0.9998
Epoch 116: Time: 0.1429 Cost: 0.0218 Pre: 1.0000 Re: 0.9996 Acc: 0.9998 F1: 0.9998
Epoch 117: Time: 0.1407 Cost: 0.0217 Pre: 1.0000 Re: 0.9996 Acc: 0.9998 F1: 0.9998
Epoch 118: Time: 0.1422 Cost: 0.0216 Pre: 1.0000 Re: 0.9996 Acc: 0.9998 F1: 0.9998
Epoch 119: Time: 0.1435 Cost: 0.0214 Pre: 1.0000 Re: 0.9996 Acc: 0.9998 F1: 0.9998
Epoch 120: Time: 0.1410 Cost: 0.0213 Pre: 1.0000 Re: 0.9996 Acc: 0.9998 F1: 0.9998


--------------------------------------------------------------------
Eval results: Cost:0.0370 Pre:1.0000 Re:0.9993 Acc:0.9996 F1:0.9996
--------------------------------------------------------------------

Epoch 121: Time: 0.1401 Cost: 0.0212 Pre: 1.0000 Re: 0.9996 Acc: 0.9998 F1: 0.9998
Epoch 122: Time: 0.1433 Cost: 0.0211 Pre: 1.0000 Re: 0.9996 Acc: 0.9998 F1: 0.9998
Epoch 123: Time: 0.1465 Cost: 0.0211 Pre: 1.0000 Re: 0.9996 Acc: 0.9998 F1: 0.9998
Epoch 124: Time: 0.1428 Cost: 0.0210 Pre: 1.0000 Re: 0.9996 Acc: 0.9998 F1: 0.9998
Epoch 125: Time: 0.1420 Cost: 0.0209 Pre: 1.0000 Re: 0.9996 Acc: 0.9998 F1: 0.9998
Epoch 126: Time: 0.1434 Cost: 0.0208 Pre: 1.0000 Re: 0.9996 Acc: 0.9998 F1: 0.9998
Epoch 127: Time: 0.1518 Cost: 0.0207 Pre: 1.0000 Re: 0.9996 Acc: 0.9998 F1: 0.9998
Epoch 128: Time: 0.1447 Cost: 0.0206 Pre: 1.0000 Re: 0.9996 Acc: 0.9998 F1: 0.9998
Epoch 129: Time: 0.1447 Cost: 0.0206 Pre: 1.0000 Re: 0.9996 Acc: 0.9998 F1: 0.9998
Epoch 130: Time: 0.1432 Cost: 0.0205 Pre: 1.0000 Re: 0.9996 Acc: 0.9998 F1: 0.9998


--------------------------------------------------------------------
Eval results: Cost:0.0362 Pre:1.0000 Re:0.9993 Acc:0.9996 F1:0.9996
--------------------------------------------------------------------

Epoch 131: Time: 0.1416 Cost: 0.0204 Pre: 1.0000 Re: 0.9996 Acc: 0.9998 F1: 0.9998
Epoch 132: Time: 0.1406 Cost: 0.0203 Pre: 1.0000 Re: 0.9996 Acc: 0.9998 F1: 0.9998
Epoch 133: Time: 0.1392 Cost: 0.0203 Pre: 1.0000 Re: 0.9996 Acc: 0.9998 F1: 0.9998
Epoch 134: Time: 0.1404 Cost: 0.0202 Pre: 1.0000 Re: 0.9996 Acc: 0.9998 F1: 0.9998
Epoch 135: Time: 0.1425 Cost: 0.0201 Pre: 1.0000 Re: 0.9996 Acc: 0.9998 F1: 0.9998
Epoch 136: Time: 0.1471 Cost: 0.0201 Pre: 1.0000 Re: 0.9996 Acc: 0.9998 F1: 0.9998
Epoch 137: Time: 0.1392 Cost: 0.0200 Pre: 1.0000 Re: 0.9996 Acc: 0.9998 F1: 0.9998
Epoch 138: Time: 0.1441 Cost: 0.0199 Pre: 1.0000 Re: 0.9996 Acc: 0.9998 F1: 0.9998
Epoch 139: Time: 0.1430 Cost: 0.0199 Pre: 1.0000 Re: 0.9996 Acc: 0.9998 F1: 0.9998
Epoch 140: Time: 0.1430 Cost: 0.0198 Pre: 1.0000 Re: 0.9996 Acc: 0.9998 F1: 0.9998


--------------------------------------------------------------------
Eval results: Cost:0.0355 Pre:1.0000 Re:0.9993 Acc:0.9996 F1:0.9996
--------------------------------------------------------------------

Epoch 141: Time: 0.1431 Cost: 0.0198 Pre: 1.0000 Re: 0.9996 Acc: 0.9998 F1: 0.9998
Epoch 142: Time: 0.1426 Cost: 0.0197 Pre: 1.0000 Re: 0.9996 Acc: 0.9998 F1: 0.9998
Epoch 143: Time: 0.1423 Cost: 0.0197 Pre: 1.0000 Re: 0.9996 Acc: 0.9998 F1: 0.9998
Epoch 144: Time: 0.1448 Cost: 0.0196 Pre: 1.0000 Re: 0.9996 Acc: 0.9998 F1: 0.9998
Epoch 145: Time: 0.1402 Cost: 0.0195 Pre: 1.0000 Re: 0.9996 Acc: 0.9998 F1: 0.9998
Epoch 146: Time: 0.1422 Cost: 0.0195 Pre: 1.0000 Re: 0.9996 Acc: 0.9998 F1: 0.9998
Epoch 147: Time: 0.1416 Cost: 0.0194 Pre: 1.0000 Re: 0.9996 Acc: 0.9998 F1: 0.9998
Epoch 148: Time: 0.1392 Cost: 0.0194 Pre: 1.0000 Re: 0.9996 Acc: 0.9998 F1: 0.9998
Epoch 149: Time: 0.1398 Cost: 0.0193 Pre: 1.0000 Re: 0.9996 Acc: 0.9998 F1: 0.9998
Epoch 150: Time: 0.1390 Cost: 0.0193 Pre: 1.0000 Re: 0.9996 Acc: 0.9998 F1: 0.9998


--------------------------------------------------------------------
Eval results: Cost:0.0348 Pre:1.0000 Re:0.9993 Acc:0.9996 F1:0.9996
--------------------------------------------------------------------

Epoch 151: Time: 0.1403 Cost: 0.0192 Pre: 1.0000 Re: 0.9996 Acc: 0.9998 F1: 0.9998
Epoch 152: Time: 0.1396 Cost: 0.0192 Pre: 1.0000 Re: 0.9996 Acc: 0.9998 F1: 0.9998
Epoch 153: Time: 0.1390 Cost: 0.0191 Pre: 1.0000 Re: 0.9996 Acc: 0.9998 F1: 0.9998
Epoch 154: Time: 0.1403 Cost: 0.0191 Pre: 1.0000 Re: 0.9996 Acc: 0.9998 F1: 0.9998
Epoch 155: Time: 0.1408 Cost: 0.0190 Pre: 1.0000 Re: 0.9996 Acc: 0.9998 F1: 0.9998
Epoch 156: Time: 0.1401 Cost: 0.0190 Pre: 1.0000 Re: 0.9996 Acc: 0.9998 F1: 0.9998
Epoch 157: Time: 0.1437 Cost: 0.0189 Pre: 1.0000 Re: 0.9996 Acc: 0.9998 F1: 0.9998
Epoch 158: Time: 0.1426 Cost: 0.0189 Pre: 1.0000 Re: 0.9996 Acc: 0.9998 F1: 0.9998
Epoch 159: Time: 0.1436 Cost: 0.0188 Pre: 1.0000 Re: 0.9996 Acc: 0.9998 F1: 0.9998
Epoch 160: Time: 0.1434 Cost: 0.0188 Pre: 1.0000 Re: 0.9996 Acc: 0.9998 F1: 0.9998


--------------------------------------------------------------------
Eval results: Cost:0.0341 Pre:1.0000 Re:0.9993 Acc:0.9996 F1:0.9996
--------------------------------------------------------------------

Epoch 161: Time: 0.1420 Cost: 0.0187 Pre: 1.0000 Re: 0.9996 Acc: 0.9998 F1: 0.9998
Epoch 162: Time: 0.1425 Cost: 0.0187 Pre: 1.0000 Re: 0.9996 Acc: 0.9998 F1: 0.9998
Epoch 163: Time: 0.1441 Cost: 0.0186 Pre: 1.0000 Re: 0.9996 Acc: 0.9998 F1: 0.9998
Epoch 164: Time: 0.1416 Cost: 0.0186 Pre: 1.0000 Re: 0.9996 Acc: 0.9998 F1: 0.9998
Epoch 165: Time: 0.1405 Cost: 0.0185 Pre: 1.0000 Re: 0.9996 Acc: 0.9998 F1: 0.9998
Epoch 166: Time: 0.1405 Cost: 0.0185 Pre: 1.0000 Re: 0.9996 Acc: 0.9998 F1: 0.9998
Epoch 167: Time: 0.1405 Cost: 0.0184 Pre: 1.0000 Re: 0.9996 Acc: 0.9998 F1: 0.9998
Epoch 168: Time: 0.1409 Cost: 0.0184 Pre: 1.0000 Re: 0.9996 Acc: 0.9998 F1: 0.9998
Epoch 169: Time: 0.1431 Cost: 0.0183 Pre: 1.0000 Re: 0.9996 Acc: 0.9998 F1: 0.9998
Epoch 170: Time: 0.1412 Cost: 0.0183 Pre: 1.0000 Re: 0.9996 Acc: 0.9998 F1: 0.9998


--------------------------------------------------------------------
Eval results: Cost:0.0334 Pre:1.0000 Re:0.9993 Acc:0.9996 F1:0.9996
--------------------------------------------------------------------

Epoch 171: Time: 0.1431 Cost: 0.0182 Pre: 1.0000 Re: 0.9996 Acc: 0.9998 F1: 0.9998
Epoch 172: Time: 0.1416 Cost: 0.0182 Pre: 1.0000 Re: 0.9996 Acc: 0.9998 F1: 0.9998
Epoch 173: Time: 0.1447 Cost: 0.0181 Pre: 1.0000 Re: 0.9996 Acc: 0.9998 F1: 0.9998
Epoch 174: Time: 0.1436 Cost: 0.0181 Pre: 1.0000 Re: 0.9996 Acc: 0.9998 F1: 0.9998
Epoch 175: Time: 0.1429 Cost: 0.0180 Pre: 1.0000 Re: 0.9996 Acc: 0.9998 F1: 0.9998
Epoch 176: Time: 0.1422 Cost: 0.0180 Pre: 1.0000 Re: 0.9996 Acc: 0.9998 F1: 0.9998
Epoch 177: Time: 0.1436 Cost: 0.0179 Pre: 1.0000 Re: 0.9996 Acc: 0.9998 F1: 0.9998
Epoch 178: Time: 0.1432 Cost: 0.0179 Pre: 1.0000 Re: 0.9996 Acc: 0.9998 F1: 0.9998
Epoch 179: Time: 0.1412 Cost: 0.0178 Pre: 1.0000 Re: 0.9996 Acc: 0.9998 F1: 0.9998
Epoch 180: Time: 0.1420 Cost: 0.0178 Pre: 1.0000 Re: 0.9996 Acc: 0.9998 F1: 0.9998


--------------------------------------------------------------------
Eval results: Cost:0.0326 Pre:1.0000 Re:0.9993 Acc:0.9996 F1:0.9996
--------------------------------------------------------------------

Epoch 181: Time: 0.1401 Cost: 0.0177 Pre: 1.0000 Re: 0.9996 Acc: 0.9998 F1: 0.9998
Epoch 182: Time: 0.1408 Cost: 0.0177 Pre: 1.0000 Re: 0.9996 Acc: 0.9998 F1: 0.9998
Epoch 183: Time: 0.1451 Cost: 0.0176 Pre: 1.0000 Re: 0.9996 Acc: 0.9998 F1: 0.9998
Epoch 184: Time: 0.1441 Cost: 0.0176 Pre: 1.0000 Re: 0.9996 Acc: 0.9998 F1: 0.9998
Epoch 185: Time: 0.1440 Cost: 0.0175 Pre: 1.0000 Re: 0.9996 Acc: 0.9998 F1: 0.9998
Epoch 186: Time: 0.1419 Cost: 0.0175 Pre: 1.0000 Re: 0.9996 Acc: 0.9998 F1: 0.9998
Epoch 187: Time: 0.1428 Cost: 0.0174 Pre: 1.0000 Re: 0.9996 Acc: 0.9998 F1: 0.9998
Epoch 188: Time: 0.1443 Cost: 0.0174 Pre: 1.0000 Re: 0.9996 Acc: 0.9998 F1: 0.9998
Epoch 189: Time: 0.1432 Cost: 0.0173 Pre: 1.0000 Re: 0.9996 Acc: 0.9998 F1: 0.9998
Epoch 190: Time: 0.1461 Cost: 0.0173 Pre: 1.0000 Re: 0.9996 Acc: 0.9998 F1: 0.9998


--------------------------------------------------------------------
Eval results: Cost:0.0317 Pre:1.0000 Re:0.9993 Acc:0.9996 F1:0.9996
--------------------------------------------------------------------

Epoch 191: Time: 0.1429 Cost: 0.0172 Pre: 1.0000 Re: 0.9996 Acc: 0.9998 F1: 0.9998
Epoch 192: Time: 0.1497 Cost: 0.0171 Pre: 1.0000 Re: 0.9996 Acc: 0.9998 F1: 0.9998
Epoch 193: Time: 0.1390 Cost: 0.0171 Pre: 1.0000 Re: 0.9996 Acc: 0.9998 F1: 0.9998
Epoch 194: Time: 0.1419 Cost: 0.0170 Pre: 1.0000 Re: 0.9996 Acc: 0.9998 F1: 0.9998
Epoch 195: Time: 0.1429 Cost: 0.0170 Pre: 1.0000 Re: 0.9996 Acc: 0.9998 F1: 0.9998
Epoch 196: Time: 0.1439 Cost: 0.0169 Pre: 1.0000 Re: 0.9996 Acc: 0.9998 F1: 0.9998
Epoch 197: Time: 0.1404 Cost: 0.0169 Pre: 1.0000 Re: 0.9996 Acc: 0.9998 F1: 0.9998
Epoch 198: Time: 0.1422 Cost: 0.0168 Pre: 1.0000 Re: 0.9996 Acc: 0.9998 F1: 0.9998
Epoch 199: Time: 0.1423 Cost: 0.0167 Pre: 1.0000 Re: 0.9996 Acc: 0.9998 F1: 0.9998
Epoch 200: Time: 0.1450 Cost: 0.0167 Pre: 1.0000 Re: 0.9996 Acc: 0.9998 F1: 0.9998


--------------------------------------------------------------------
Eval results: Cost:0.0306 Pre:1.0000 Re:0.9993 Acc:0.9996 F1:0.9996
--------------------------------------------------------------------

Epoch 201: Time: 0.1481 Cost: 0.0166 Pre: 1.0000 Re: 0.9996 Acc: 0.9998 F1: 0.9998
Epoch 202: Time: 0.1440 Cost: 0.0165 Pre: 1.0000 Re: 0.9996 Acc: 0.9998 F1: 0.9998
Epoch 203: Time: 0.1397 Cost: 0.0165 Pre: 1.0000 Re: 0.9996 Acc: 0.9998 F1: 0.9998
Epoch 204: Time: 0.1394 Cost: 0.0164 Pre: 1.0000 Re: 0.9996 Acc: 0.9998 F1: 0.9998
Epoch 205: Time: 0.1419 Cost: 0.0164 Pre: 1.0000 Re: 0.9996 Acc: 0.9998 F1: 0.9998
Epoch 206: Time: 0.1403 Cost: 0.0163 Pre: 1.0000 Re: 0.9996 Acc: 0.9998 F1: 0.9998
Epoch 207: Time: 0.1400 Cost: 0.0162 Pre: 1.0000 Re: 0.9996 Acc: 0.9998 F1: 0.9998
Epoch 208: Time: 0.1389 Cost: 0.0162 Pre: 1.0000 Re: 0.9996 Acc: 0.9998 F1: 0.9998
Epoch 209: Time: 0.1442 Cost: 0.0161 Pre: 1.0000 Re: 0.9996 Acc: 0.9998 F1: 0.9998
Epoch 210: Time: 0.1425 Cost: 0.0160 Pre: 1.0000 Re: 0.9996 Acc: 0.9998 F1: 0.9998


--------------------------------------------------------------------
Eval results: Cost:0.0294 Pre:1.0000 Re:0.9993 Acc:0.9996 F1:0.9996
--------------------------------------------------------------------

Epoch 211: Time: 0.1423 Cost: 0.0160 Pre: 1.0000 Re: 0.9996 Acc: 0.9998 F1: 0.9998
Epoch 212: Time: 0.1417 Cost: 0.0159 Pre: 1.0000 Re: 0.9996 Acc: 0.9998 F1: 0.9998
Epoch 213: Time: 0.1429 Cost: 0.0158 Pre: 1.0000 Re: 0.9996 Acc: 0.9998 F1: 0.9998
Epoch 214: Time: 0.1496 Cost: 0.0157 Pre: 1.0000 Re: 0.9996 Acc: 0.9998 F1: 0.9998
Epoch 215: Time: 0.1450 Cost: 0.0157 Pre: 1.0000 Re: 0.9996 Acc: 0.9998 F1: 0.9998
Epoch 216: Time: 0.1427 Cost: 0.0156 Pre: 1.0000 Re: 0.9996 Acc: 0.9998 F1: 0.9998
Epoch 217: Time: 0.1430 Cost: 0.0155 Pre: 1.0000 Re: 0.9996 Acc: 0.9998 F1: 0.9998
Epoch 218: Time: 0.1400 Cost: 0.0154 Pre: 1.0000 Re: 0.9996 Acc: 0.9998 F1: 0.9998
Epoch 219: Time: 0.1392 Cost: 0.0154 Pre: 1.0000 Re: 0.9996 Acc: 0.9998 F1: 0.9998
Epoch 220: Time: 0.1398 Cost: 0.0153 Pre: 1.0000 Re: 0.9996 Acc: 0.9998 F1: 0.9998


--------------------------------------------------------------------
Eval results: Cost:0.0281 Pre:1.0000 Re:0.9993 Acc:0.9996 F1:0.9996
--------------------------------------------------------------------

Epoch 221: Time: 0.1410 Cost: 0.0152 Pre: 1.0000 Re: 0.9996 Acc: 0.9998 F1: 0.9998
Epoch 222: Time: 0.1394 Cost: 0.0151 Pre: 1.0000 Re: 0.9996 Acc: 0.9998 F1: 0.9998
Epoch 223: Time: 0.1393 Cost: 0.0151 Pre: 1.0000 Re: 0.9996 Acc: 0.9998 F1: 0.9998
Epoch 224: Time: 0.1392 Cost: 0.0150 Pre: 1.0000 Re: 0.9996 Acc: 0.9998 F1: 0.9998
Epoch 225: Time: 0.1392 Cost: 0.0149 Pre: 1.0000 Re: 0.9996 Acc: 0.9998 F1: 0.9998
Epoch 226: Time: 0.1388 Cost: 0.0148 Pre: 1.0000 Re: 0.9996 Acc: 0.9998 F1: 0.9998
Epoch 227: Time: 0.1398 Cost: 0.0147 Pre: 1.0000 Re: 0.9996 Acc: 0.9998 F1: 0.9998
Epoch 228: Time: 0.1393 Cost: 0.0147 Pre: 1.0000 Re: 0.9996 Acc: 0.9998 F1: 0.9998
Epoch 229: Time: 0.1414 Cost: 0.0146 Pre: 1.0000 Re: 0.9996 Acc: 0.9998 F1: 0.9998
Epoch 230: Time: 0.1401 Cost: 0.0145 Pre: 1.0000 Re: 0.9996 Acc: 0.9998 F1: 0.9998


--------------------------------------------------------------------
Eval results: Cost:0.0265 Pre:1.0000 Re:0.9993 Acc:0.9996 F1:0.9996
--------------------------------------------------------------------

Epoch 231: Time: 0.1395 Cost: 0.0144 Pre: 1.0000 Re: 0.9996 Acc: 0.9998 F1: 0.9998
Epoch 232: Time: 0.1385 Cost: 0.0143 Pre: 1.0000 Re: 0.9996 Acc: 0.9998 F1: 0.9998
Epoch 233: Time: 0.1402 Cost: 0.0142 Pre: 1.0000 Re: 0.9996 Acc: 0.9998 F1: 0.9998
Epoch 234: Time: 0.1390 Cost: 0.0142 Pre: 1.0000 Re: 0.9996 Acc: 0.9998 F1: 0.9998
Epoch 235: Time: 0.1409 Cost: 0.0141 Pre: 1.0000 Re: 0.9996 Acc: 0.9998 F1: 0.9998
Epoch 236: Time: 0.1389 Cost: 0.0140 Pre: 1.0000 Re: 0.9996 Acc: 0.9998 F1: 0.9998
Epoch 237: Time: 0.1542 Cost: 0.0139 Pre: 1.0000 Re: 0.9996 Acc: 0.9998 F1: 0.9998
Epoch 238: Time: 0.1553 Cost: 0.0138 Pre: 1.0000 Re: 0.9996 Acc: 0.9998 F1: 0.9998
Epoch 239: Time: 0.1508 Cost: 0.0137 Pre: 1.0000 Re: 0.9996 Acc: 0.9998 F1: 0.9998
Epoch 240: Time: 0.1451 Cost: 0.0136 Pre: 1.0000 Re: 0.9996 Acc: 0.9998 F1: 0.9998


--------------------------------------------------------------------
Eval results: Cost:0.0248 Pre:1.0000 Re:0.9993 Acc:0.9996 F1:0.9996
--------------------------------------------------------------------

Epoch 241: Time: 0.1423 Cost: 0.0135 Pre: 1.0000 Re: 0.9996 Acc: 0.9998 F1: 0.9998
Epoch 242: Time: 0.1403 Cost: 0.0134 Pre: 1.0000 Re: 0.9996 Acc: 0.9998 F1: 0.9998
Epoch 243: Time: 0.1409 Cost: 0.0133 Pre: 1.0000 Re: 0.9996 Acc: 0.9998 F1: 0.9998
Epoch 244: Time: 0.1400 Cost: 0.0132 Pre: 1.0000 Re: 0.9996 Acc: 0.9998 F1: 0.9998
Epoch 245: Time: 0.1410 Cost: 0.0131 Pre: 1.0000 Re: 0.9996 Acc: 0.9998 F1: 0.9998
Epoch 246: Time: 0.1411 Cost: 0.0131 Pre: 1.0000 Re: 0.9996 Acc: 0.9998 F1: 0.9998
Epoch 247: Time: 0.1396 Cost: 0.0130 Pre: 1.0000 Re: 0.9996 Acc: 0.9998 F1: 0.9998
Epoch 248: Time: 0.1429 Cost: 0.0129 Pre: 1.0000 Re: 0.9996 Acc: 0.9998 F1: 0.9998
Epoch 249: Time: 0.1418 Cost: 0.0128 Pre: 1.0000 Re: 0.9996 Acc: 0.9998 F1: 0.9998
Epoch 250: Time: 0.1425 Cost: 0.0127 Pre: 1.0000 Re: 0.9996 Acc: 0.9998 F1: 0.9998


--------------------------------------------------------------------
Eval results: Cost:0.0230 Pre:1.0000 Re:0.9993 Acc:0.9996 F1:0.9996
--------------------------------------------------------------------

Epoch 251: Time: 0.1418 Cost: 0.0126 Pre: 1.0000 Re: 0.9996 Acc: 0.9998 F1: 0.9998
Epoch 252: Time: 0.1434 Cost: 0.0125 Pre: 1.0000 Re: 0.9996 Acc: 0.9998 F1: 0.9998
Epoch 253: Time: 0.1437 Cost: 0.0124 Pre: 1.0000 Re: 0.9996 Acc: 0.9998 F1: 0.9998
Epoch 254: Time: 0.1418 Cost: 0.0123 Pre: 1.0000 Re: 0.9996 Acc: 0.9998 F1: 0.9998
Epoch 255: Time: 0.1394 Cost: 0.0122 Pre: 1.0000 Re: 0.9996 Acc: 0.9998 F1: 0.9998
Epoch 256: Time: 0.1392 Cost: 0.0121 Pre: 1.0000 Re: 0.9996 Acc: 0.9998 F1: 0.9998
Epoch 257: Time: 0.1476 Cost: 0.0120 Pre: 1.0000 Re: 0.9996 Acc: 0.9998 F1: 0.9998
Epoch 258: Time: 0.1401 Cost: 0.0119 Pre: 1.0000 Re: 0.9996 Acc: 0.9998 F1: 0.9998
Epoch 259: Time: 0.1400 Cost: 0.0117 Pre: 1.0000 Re: 0.9996 Acc: 0.9998 F1: 0.9998
Epoch 260: Time: 0.1398 Cost: 0.0116 Pre: 1.0000 Re: 0.9996 Acc: 0.9998 F1: 0.9998


--------------------------------------------------------------------
Eval results: Cost:0.0210 Pre:1.0000 Re:0.9993 Acc:0.9996 F1:0.9996
--------------------------------------------------------------------

Epoch 261: Time: 0.1430 Cost: 0.0115 Pre: 1.0000 Re: 0.9996 Acc: 0.9998 F1: 0.9998
Epoch 262: Time: 0.1401 Cost: 0.0114 Pre: 1.0000 Re: 0.9996 Acc: 0.9998 F1: 0.9998
Epoch 263: Time: 0.1394 Cost: 0.0113 Pre: 1.0000 Re: 0.9996 Acc: 0.9998 F1: 0.9998
Epoch 264: Time: 0.1416 Cost: 0.0112 Pre: 1.0000 Re: 0.9996 Acc: 0.9998 F1: 0.9998
Epoch 265: Time: 0.1413 Cost: 0.0111 Pre: 1.0000 Re: 0.9996 Acc: 0.9998 F1: 0.9998
Epoch 266: Time: 0.1469 Cost: 0.0110 Pre: 1.0000 Re: 0.9996 Acc: 0.9998 F1: 0.9998
Epoch 267: Time: 0.1450 Cost: 0.0109 Pre: 1.0000 Re: 0.9996 Acc: 0.9998 F1: 0.9998
Epoch 268: Time: 0.1437 Cost: 0.0108 Pre: 1.0000 Re: 0.9996 Acc: 0.9998 F1: 0.9998
Epoch 269: Time: 0.1426 Cost: 0.0107 Pre: 1.0000 Re: 0.9996 Acc: 0.9998 F1: 0.9998
Epoch 270: Time: 0.1414 Cost: 0.0106 Pre: 1.0000 Re: 0.9996 Acc: 0.9998 F1: 0.9998


--------------------------------------------------------------------
Eval results: Cost:0.0190 Pre:1.0000 Re:0.9993 Acc:0.9996 F1:0.9996
--------------------------------------------------------------------

Epoch 271: Time: 0.1423 Cost: 0.0105 Pre: 1.0000 Re: 0.9996 Acc: 0.9998 F1: 0.9998
Epoch 272: Time: 0.1429 Cost: 0.0104 Pre: 1.0000 Re: 0.9996 Acc: 0.9998 F1: 0.9998
Epoch 273: Time: 0.1425 Cost: 0.0103 Pre: 1.0000 Re: 0.9996 Acc: 0.9998 F1: 0.9998
Epoch 274: Time: 0.1477 Cost: 0.0102 Pre: 1.0000 Re: 0.9996 Acc: 0.9998 F1: 0.9998
Epoch 275: Time: 0.1419 Cost: 0.0101 Pre: 1.0000 Re: 0.9996 Acc: 0.9998 F1: 0.9998
Epoch 276: Time: 0.1396 Cost: 0.0099 Pre: 1.0000 Re: 0.9996 Acc: 0.9998 F1: 0.9998
Epoch 277: Time: 0.1430 Cost: 0.0098 Pre: 1.0000 Re: 0.9996 Acc: 0.9998 F1: 0.9998
Epoch 278: Time: 0.1392 Cost: 0.0097 Pre: 1.0000 Re: 0.9996 Acc: 0.9998 F1: 0.9998
Epoch 279: Time: 0.1402 Cost: 0.0096 Pre: 1.0000 Re: 0.9996 Acc: 0.9998 F1: 0.9998
Epoch 280: Time: 0.1746 Cost: 0.0095 Pre: 1.0000 Re: 0.9996 Acc: 0.9998 F1: 0.9998


--------------------------------------------------------------------
Eval results: Cost:0.0169 Pre:1.0000 Re:0.9993 Acc:0.9996 F1:0.9996
--------------------------------------------------------------------

Epoch 281: Time: 0.5652 Cost: 0.0094 Pre: 1.0000 Re: 0.9996 Acc: 0.9998 F1: 0.9998
Epoch 282: Time: 0.2241 Cost: 0.0093 Pre: 1.0000 Re: 0.9996 Acc: 0.9998 F1: 0.9998
Epoch 283: Time: 0.1621 Cost: 0.0092 Pre: 1.0000 Re: 0.9996 Acc: 0.9998 F1: 0.9998
Epoch 284: Time: 0.1432 Cost: 0.0091 Pre: 1.0000 Re: 0.9996 Acc: 0.9998 F1: 0.9998
Epoch 285: Time: 0.1408 Cost: 0.0090 Pre: 1.0000 Re: 0.9996 Acc: 0.9998 F1: 0.9998
Epoch 286: Time: 0.1413 Cost: 0.0089 Pre: 1.0000 Re: 0.9996 Acc: 0.9998 F1: 0.9998
Epoch 287: Time: 0.1518 Cost: 0.0088 Pre: 1.0000 Re: 0.9996 Acc: 0.9998 F1: 0.9998
Epoch 288: Time: 0.1439 Cost: 0.0087 Pre: 1.0000 Re: 0.9996 Acc: 0.9998 F1: 0.9998
Epoch 289: Time: 0.1428 Cost: 0.0086 Pre: 1.0000 Re: 0.9996 Acc: 0.9998 F1: 0.9998
Epoch 290: Time: 0.1399 Cost: 0.0085 Pre: 1.0000 Re: 0.9996 Acc: 0.9998 F1: 0.9998


--------------------------------------------------------------------
Eval results: Cost:0.0149 Pre:1.0000 Re:0.9993 Acc:0.9996 F1:0.9996
--------------------------------------------------------------------

Epoch 291: Time: 0.1398 Cost: 0.0083 Pre: 1.0000 Re: 0.9996 Acc: 0.9998 F1: 0.9998
Epoch 292: Time: 0.1386 Cost: 0.0082 Pre: 1.0000 Re: 0.9996 Acc: 0.9998 F1: 0.9998
Epoch 293: Time: 0.1405 Cost: 0.0081 Pre: 1.0000 Re: 0.9996 Acc: 0.9998 F1: 0.9998
Epoch 294: Time: 0.1386 Cost: 0.0080 Pre: 1.0000 Re: 0.9996 Acc: 0.9998 F1: 0.9998
Epoch 295: Time: 0.1418 Cost: 0.0079 Pre: 1.0000 Re: 0.9996 Acc: 0.9998 F1: 0.9998
Epoch 296: Time: 0.1393 Cost: 0.0078 Pre: 1.0000 Re: 0.9996 Acc: 0.9998 F1: 0.9998
Epoch 297: Time: 0.1393 Cost: 0.0077 Pre: 1.0000 Re: 0.9996 Acc: 0.9998 F1: 0.9998
Epoch 298: Time: 0.1390 Cost: 0.0076 Pre: 1.0000 Re: 0.9996 Acc: 0.9998 F1: 0.9998
Epoch 299: Time: 0.1390 Cost: 0.0075 Pre: 1.0000 Re: 0.9996 Acc: 0.9998 F1: 0.9998
Epoch 300: Time: 0.1402 Cost: 0.0074 Pre: 1.0000 Re: 0.9996 Acc: 0.9998 F1: 0.9998


--------------------------------------------------------------------
Eval results: Cost:0.0129 Pre:1.0000 Re:0.9993 Acc:0.9996 F1:0.9996
--------------------------------------------------------------------

Epoch 301: Time: 0.1409 Cost: 0.0073 Pre: 1.0000 Re: 0.9996 Acc: 0.9998 F1: 0.9998
Epoch 302: Time: 0.1404 Cost: 0.0072 Pre: 1.0000 Re: 0.9996 Acc: 0.9998 F1: 0.9998
Epoch 303: Time: 0.1387 Cost: 0.0071 Pre: 1.0000 Re: 0.9996 Acc: 0.9998 F1: 0.9998
Epoch 304: Time: 0.1387 Cost: 0.0070 Pre: 1.0000 Re: 0.9996 Acc: 0.9998 F1: 0.9998
Epoch 305: Time: 0.1395 Cost: 0.0069 Pre: 1.0000 Re: 0.9996 Acc: 0.9998 F1: 0.9998
Epoch 306: Time: 0.1386 Cost: 0.0068 Pre: 1.0000 Re: 0.9996 Acc: 0.9998 F1: 0.9998
Epoch 307: Time: 0.1406 Cost: 0.0067 Pre: 1.0000 Re: 0.9996 Acc: 0.9998 F1: 0.9998
Epoch 308: Time: 0.1407 Cost: 0.0066 Pre: 1.0000 Re: 0.9996 Acc: 0.9998 F1: 0.9998
Epoch 309: Time: 0.1488 Cost: 0.0066 Pre: 1.0000 Re: 0.9996 Acc: 0.9998 F1: 0.9998
Epoch 310: Time: 0.1432 Cost: 0.0065 Pre: 1.0000 Re: 0.9996 Acc: 0.9998 F1: 0.9998


--------------------------------------------------------------------
Eval results: Cost:0.0110 Pre:1.0000 Re:0.9993 Acc:0.9996 F1:0.9996
--------------------------------------------------------------------

Epoch 311: Time: 0.1394 Cost: 0.0064 Pre: 1.0000 Re: 0.9996 Acc: 0.9998 F1: 0.9998
Epoch 312: Time: 0.1446 Cost: 0.0063 Pre: 1.0000 Re: 0.9996 Acc: 0.9998 F1: 0.9998
Epoch 313: Time: 0.1423 Cost: 0.0062 Pre: 1.0000 Re: 0.9996 Acc: 0.9998 F1: 0.9998
Epoch 314: Time: 0.1404 Cost: 0.0061 Pre: 1.0000 Re: 0.9996 Acc: 0.9998 F1: 0.9998
Epoch 315: Time: 0.1425 Cost: 0.0060 Pre: 1.0000 Re: 0.9996 Acc: 0.9998 F1: 0.9998
Epoch 316: Time: 0.1416 Cost: 0.0059 Pre: 1.0000 Re: 1.0000 Acc: 1.0000 F1: 1.0000
Epoch 317: Time: 0.1422 Cost: 0.0058 Pre: 1.0000 Re: 1.0000 Acc: 1.0000 F1: 1.0000
Epoch 318: Time: 0.1478 Cost: 0.0057 Pre: 1.0000 Re: 1.0000 Acc: 1.0000 F1: 1.0000
Epoch 319: Time: 0.1415 Cost: 0.0057 Pre: 1.0000 Re: 1.0000 Acc: 1.0000 F1: 1.0000
Epoch 320: Time: 0.1403 Cost: 0.0056 Pre: 1.0000 Re: 1.0000 Acc: 1.0000 F1: 1.0000


--------------------------------------------------------------------
Eval results: Cost:0.0093 Pre:1.0000 Re:1.0000 Acc:1.0000 F1:1.0000
--------------------------------------------------------------------

Epoch 321: Time: 0.1451 Cost: 0.0055 Pre: 1.0000 Re: 1.0000 Acc: 1.0000 F1: 1.0000
Epoch 322: Time: 0.1427 Cost: 0.0054 Pre: 1.0000 Re: 1.0000 Acc: 1.0000 F1: 1.0000
Epoch 323: Time: 0.1444 Cost: 0.0053 Pre: 1.0000 Re: 1.0000 Acc: 1.0000 F1: 1.0000
Epoch 324: Time: 0.1483 Cost: 0.0053 Pre: 1.0000 Re: 1.0000 Acc: 1.0000 F1: 1.0000
Epoch 325: Time: 0.1416 Cost: 0.0052 Pre: 1.0000 Re: 1.0000 Acc: 1.0000 F1: 1.0000
Epoch 326: Time: 0.1445 Cost: 0.0051 Pre: 1.0000 Re: 1.0000 Acc: 1.0000 F1: 1.0000
Epoch 327: Time: 0.1385 Cost: 0.0050 Pre: 1.0000 Re: 1.0000 Acc: 1.0000 F1: 1.0000
Epoch 328: Time: 0.1502 Cost: 0.0049 Pre: 1.0000 Re: 1.0000 Acc: 1.0000 F1: 1.0000
Epoch 329: Time: 0.1391 Cost: 0.0049 Pre: 1.0000 Re: 1.0000 Acc: 1.0000 F1: 1.0000
Epoch 330: Time: 0.1390 Cost: 0.0048 Pre: 1.0000 Re: 1.0000 Acc: 1.0000 F1: 1.0000


--------------------------------------------------------------------
Eval results: Cost:0.0078 Pre:1.0000 Re:1.0000 Acc:1.0000 F1:1.0000
--------------------------------------------------------------------

Epoch 331: Time: 0.1391 Cost: 0.0047 Pre: 1.0000 Re: 1.0000 Acc: 1.0000 F1: 1.0000
Epoch 332: Time: 0.1410 Cost: 0.0046 Pre: 1.0000 Re: 1.0000 Acc: 1.0000 F1: 1.0000
Epoch 333: Time: 0.1397 Cost: 0.0046 Pre: 1.0000 Re: 1.0000 Acc: 1.0000 F1: 1.0000
Epoch 334: Time: 0.1427 Cost: 0.0045 Pre: 1.0000 Re: 1.0000 Acc: 1.0000 F1: 1.0000
Epoch 335: Time: 0.1415 Cost: 0.0044 Pre: 1.0000 Re: 1.0000 Acc: 1.0000 F1: 1.0000
Epoch 336: Time: 0.1416 Cost: 0.0044 Pre: 1.0000 Re: 1.0000 Acc: 1.0000 F1: 1.0000
Epoch 337: Time: 0.1409 Cost: 0.0043 Pre: 1.0000 Re: 1.0000 Acc: 1.0000 F1: 1.0000
Epoch 338: Time: 0.1411 Cost: 0.0042 Pre: 1.0000 Re: 1.0000 Acc: 1.0000 F1: 1.0000
Epoch 339: Time: 0.1419 Cost: 0.0042 Pre: 1.0000 Re: 1.0000 Acc: 1.0000 F1: 1.0000
Epoch 340: Time: 0.1420 Cost: 0.0041 Pre: 1.0000 Re: 1.0000 Acc: 1.0000 F1: 1.0000


--------------------------------------------------------------------
Eval results: Cost:0.0066 Pre:1.0000 Re:1.0000 Acc:1.0000 F1:1.0000
--------------------------------------------------------------------

Epoch 341: Time: 0.1421 Cost: 0.0040 Pre: 1.0000 Re: 1.0000 Acc: 1.0000 F1: 1.0000
Epoch 342: Time: 0.1434 Cost: 0.0040 Pre: 1.0000 Re: 1.0000 Acc: 1.0000 F1: 1.0000
Epoch 343: Time: 0.1409 Cost: 0.0039 Pre: 1.0000 Re: 1.0000 Acc: 1.0000 F1: 1.0000
Epoch 344: Time: 0.1422 Cost: 0.0039 Pre: 1.0000 Re: 1.0000 Acc: 1.0000 F1: 1.0000
Epoch 345: Time: 0.1403 Cost: 0.0038 Pre: 1.0000 Re: 1.0000 Acc: 1.0000 F1: 1.0000
Epoch 346: Time: 0.1402 Cost: 0.0038 Pre: 1.0000 Re: 1.0000 Acc: 1.0000 F1: 1.0000
Epoch 347: Time: 0.1455 Cost: 0.0037 Pre: 1.0000 Re: 1.0000 Acc: 1.0000 F1: 1.0000
Epoch 348: Time: 0.1390 Cost: 0.0036 Pre: 1.0000 Re: 1.0000 Acc: 1.0000 F1: 1.0000
Epoch 349: Time: 0.1394 Cost: 0.0036 Pre: 1.0000 Re: 1.0000 Acc: 1.0000 F1: 1.0000
Epoch 350: Time: 0.1400 Cost: 0.0035 Pre: 1.0000 Re: 1.0000 Acc: 1.0000 F1: 1.0000


--------------------------------------------------------------------
Eval results: Cost:0.0055 Pre:1.0000 Re:1.0000 Acc:1.0000 F1:1.0000
--------------------------------------------------------------------

Epoch 351: Time: 0.1433 Cost: 0.0035 Pre: 1.0000 Re: 1.0000 Acc: 1.0000 F1: 1.0000
Epoch 352: Time: 0.1425 Cost: 0.0034 Pre: 1.0000 Re: 1.0000 Acc: 1.0000 F1: 1.0000
Epoch 353: Time: 0.1416 Cost: 0.0034 Pre: 1.0000 Re: 1.0000 Acc: 1.0000 F1: 1.0000
Epoch 354: Time: 0.1442 Cost: 0.0033 Pre: 1.0000 Re: 1.0000 Acc: 1.0000 F1: 1.0000
Epoch 355: Time: 0.1421 Cost: 0.0033 Pre: 1.0000 Re: 1.0000 Acc: 1.0000 F1: 1.0000
Epoch 356: Time: 0.1412 Cost: 0.0032 Pre: 1.0000 Re: 1.0000 Acc: 1.0000 F1: 1.0000
Epoch 357: Time: 0.1412 Cost: 0.0032 Pre: 1.0000 Re: 1.0000 Acc: 1.0000 F1: 1.0000
Epoch 358: Time: 0.1421 Cost: 0.0031 Pre: 1.0000 Re: 1.0000 Acc: 1.0000 F1: 1.0000
Epoch 359: Time: 0.1423 Cost: 0.0031 Pre: 1.0000 Re: 1.0000 Acc: 1.0000 F1: 1.0000
Epoch 360: Time: 0.1412 Cost: 0.0031 Pre: 1.0000 Re: 1.0000 Acc: 1.0000 F1: 1.0000


--------------------------------------------------------------------
Eval results: Cost:0.0046 Pre:1.0000 Re:1.0000 Acc:1.0000 F1:1.0000
--------------------------------------------------------------------

Epoch 361: Time: 0.1408 Cost: 0.0030 Pre: 1.0000 Re: 1.0000 Acc: 1.0000 F1: 1.0000
Epoch 362: Time: 0.1417 Cost: 0.0030 Pre: 1.0000 Re: 1.0000 Acc: 1.0000 F1: 1.0000
Epoch 363: Time: 0.1417 Cost: 0.0029 Pre: 1.0000 Re: 1.0000 Acc: 1.0000 F1: 1.0000
Epoch 364: Time: 0.1444 Cost: 0.0029 Pre: 1.0000 Re: 1.0000 Acc: 1.0000 F1: 1.0000
Epoch 365: Time: 0.1596 Cost: 0.0029 Pre: 1.0000 Re: 1.0000 Acc: 1.0000 F1: 1.0000
Epoch 366: Time: 0.1404 Cost: 0.0028 Pre: 1.0000 Re: 1.0000 Acc: 1.0000 F1: 1.0000
Epoch 367: Time: 0.1417 Cost: 0.0028 Pre: 1.0000 Re: 1.0000 Acc: 1.0000 F1: 1.0000
Epoch 368: Time: 0.1418 Cost: 0.0027 Pre: 1.0000 Re: 1.0000 Acc: 1.0000 F1: 1.0000
Epoch 369: Time: 0.1404 Cost: 0.0027 Pre: 1.0000 Re: 1.0000 Acc: 1.0000 F1: 1.0000
Epoch 370: Time: 0.1401 Cost: 0.0027 Pre: 1.0000 Re: 1.0000 Acc: 1.0000 F1: 1.0000


--------------------------------------------------------------------
Eval results: Cost:0.0039 Pre:1.0000 Re:1.0000 Acc:1.0000 F1:1.0000
--------------------------------------------------------------------

Epoch 371: Time: 0.1425 Cost: 0.0026 Pre: 1.0000 Re: 1.0000 Acc: 1.0000 F1: 1.0000
Epoch 372: Time: 0.1424 Cost: 0.0026 Pre: 1.0000 Re: 1.0000 Acc: 1.0000 F1: 1.0000
Epoch 373: Time: 0.1418 Cost: 0.0026 Pre: 1.0000 Re: 1.0000 Acc: 1.0000 F1: 1.0000
Epoch 374: Time: 0.1427 Cost: 0.0025 Pre: 1.0000 Re: 1.0000 Acc: 1.0000 F1: 1.0000
Epoch 375: Time: 0.1408 Cost: 0.0025 Pre: 1.0000 Re: 1.0000 Acc: 1.0000 F1: 1.0000
Epoch 376: Time: 0.1432 Cost: 0.0025 Pre: 1.0000 Re: 1.0000 Acc: 1.0000 F1: 1.0000
Epoch 377: Time: 0.1407 Cost: 0.0024 Pre: 1.0000 Re: 1.0000 Acc: 1.0000 F1: 1.0000
Epoch 378: Time: 0.1419 Cost: 0.0024 Pre: 1.0000 Re: 1.0000 Acc: 1.0000 F1: 1.0000
Epoch 379: Time: 0.1409 Cost: 0.0024 Pre: 1.0000 Re: 1.0000 Acc: 1.0000 F1: 1.0000
Epoch 380: Time: 0.1452 Cost: 0.0023 Pre: 1.0000 Re: 1.0000 Acc: 1.0000 F1: 1.0000


--------------------------------------------------------------------
Eval results: Cost:0.0033 Pre:1.0000 Re:1.0000 Acc:1.0000 F1:1.0000
--------------------------------------------------------------------

Epoch 381: Time: 0.1416 Cost: 0.0023 Pre: 1.0000 Re: 1.0000 Acc: 1.0000 F1: 1.0000
Epoch 382: Time: 0.1492 Cost: 0.0023 Pre: 1.0000 Re: 1.0000 Acc: 1.0000 F1: 1.0000
Epoch 383: Time: 0.1392 Cost: 0.0023 Pre: 1.0000 Re: 1.0000 Acc: 1.0000 F1: 1.0000
Epoch 384: Time: 0.1381 Cost: 0.0022 Pre: 1.0000 Re: 1.0000 Acc: 1.0000 F1: 1.0000
Epoch 385: Time: 0.1392 Cost: 0.0022 Pre: 1.0000 Re: 1.0000 Acc: 1.0000 F1: 1.0000
Epoch 386: Time: 0.1419 Cost: 0.0022 Pre: 1.0000 Re: 1.0000 Acc: 1.0000 F1: 1.0000
Epoch 387: Time: 0.1417 Cost: 0.0022 Pre: 1.0000 Re: 1.0000 Acc: 1.0000 F1: 1.0000
Epoch 388: Time: 0.1395 Cost: 0.0021 Pre: 1.0000 Re: 1.0000 Acc: 1.0000 F1: 1.0000
Epoch 389: Time: 0.1389 Cost: 0.0021 Pre: 1.0000 Re: 1.0000 Acc: 1.0000 F1: 1.0000
Epoch 390: Time: 0.1415 Cost: 0.0021 Pre: 1.0000 Re: 1.0000 Acc: 1.0000 F1: 1.0000


--------------------------------------------------------------------
Eval results: Cost:0.0029 Pre:1.0000 Re:1.0000 Acc:1.0000 F1:1.0000
--------------------------------------------------------------------

Epoch 391: Time: 0.1470 Cost: 0.0021 Pre: 1.0000 Re: 1.0000 Acc: 1.0000 F1: 1.0000
Epoch 392: Time: 0.1435 Cost: 0.0020 Pre: 1.0000 Re: 1.0000 Acc: 1.0000 F1: 1.0000
Epoch 393: Time: 0.1415 Cost: 0.0020 Pre: 1.0000 Re: 1.0000 Acc: 1.0000 F1: 1.0000
Epoch 394: Time: 0.1411 Cost: 0.0020 Pre: 1.0000 Re: 1.0000 Acc: 1.0000 F1: 1.0000
Epoch 395: Time: 0.1395 Cost: 0.0020 Pre: 1.0000 Re: 1.0000 Acc: 1.0000 F1: 1.0000
Epoch 396: Time: 0.1732 Cost: 0.0020 Pre: 1.0000 Re: 1.0000 Acc: 1.0000 F1: 1.0000
Epoch 397: Time: 0.1526 Cost: 0.0019 Pre: 1.0000 Re: 1.0000 Acc: 1.0000 F1: 1.0000
Epoch 398: Time: 0.1468 Cost: 0.0019 Pre: 1.0000 Re: 1.0000 Acc: 1.0000 F1: 1.0000
Epoch 399: Time: 0.1494 Cost: 0.0019 Pre: 1.0000 Re: 1.0000 Acc: 1.0000 F1: 1.0000
Epoch 400: Time: 0.1427 Cost: 0.0019 Pre: 1.0000 Re: 1.0000 Acc: 1.0000 F1: 1.0000


--------------------------------------------------------------------
Eval results: Cost:0.0025 Pre:1.0000 Re:1.0000 Acc:1.0000 F1:1.0000
--------------------------------------------------------------------

Early stopping...
--------------------------------------------------------------------
--------------------------------------------------------------------
Test 10470 samples take time: 0.6764
Test results: Cost:0.0013 Pre:1.0000 Re:1.0000 Acc:1.0000 F1:1.0000
--------------------------------------------------------------------

