16768
16562
16206
16632
16380
16425
Load data
RNN type: SRN Grammar: g4 Seed: 9
Model total parameters: 2650
Saving hinit ... 

Epoch 0: Time: 0.5333 Cost: 26.1001 Pre: 0.4750 Re: 0.4183 Acc: 0.4751 F1: 0.4448


--------------------------------------------------------------------
Eval results: Cost:25.2025 Pre:0.4585 Re:0.4472 Acc:0.4652 F1:0.4528
--------------------------------------------------------------------

Epoch 1: Time: 0.4024 Cost: 25.0412 Pre: 0.4952 Re: 0.6109 Acc: 0.4913 F1: 0.5470
Epoch 2: Time: 0.4129 Cost: 24.6325 Pre: 0.5691 Re: 0.6185 Acc: 0.5727 F1: 0.5928
Epoch 3: Time: 0.4229 Cost: 24.1650 Pre: 0.5947 Re: 0.5965 Acc: 0.5928 F1: 0.5956
Epoch 4: Time: 0.4041 Cost: 23.5320 Pre: 0.5977 Re: 0.6159 Acc: 0.5985 F1: 0.6066
Epoch 5: Time: 0.4083 Cost: 22.3878 Pre: 0.6408 Re: 0.6997 Acc: 0.6519 F1: 0.6690
Epoch 6: Time: 0.4118 Cost: 19.3672 Pre: 0.7164 Re: 0.7721 Acc: 0.7317 F1: 0.7432
Epoch 7: Time: 0.5679 Cost: 14.8838 Pre: 0.7847 Re: 0.8100 Acc: 0.7928 F1: 0.7972
Epoch 8: Time: 0.4455 Cost: 14.0034 Pre: 0.7842 Re: 0.8214 Acc: 0.7966 F1: 0.8024
Epoch 9: Time: 0.4580 Cost: 13.7990 Pre: 0.7849 Re: 0.8275 Acc: 0.7992 F1: 0.8056
Epoch 10: Time: 0.4118 Cost: 13.6335 Pre: 0.7857 Re: 0.8286 Acc: 0.8002 F1: 0.8066


--------------------------------------------------------------------
Eval results: Cost:14.1733 Pre:0.7966 Re:0.8157 Acc:0.8058 F1:0.8061
--------------------------------------------------------------------

Epoch 11: Time: 0.4163 Cost: 13.4556 Pre: 0.7928 Re: 0.8373 Acc: 0.8082 F1: 0.8145
Epoch 12: Time: 0.4017 Cost: 13.3415 Pre: 0.7927 Re: 0.8350 Acc: 0.8072 F1: 0.8133
Epoch 13: Time: 0.4073 Cost: 13.2221 Pre: 0.7954 Re: 0.8388 Acc: 0.8105 F1: 0.8165
Epoch 14: Time: 0.4072 Cost: 13.0988 Pre: 0.7978 Re: 0.8422 Acc: 0.8133 F1: 0.8194
Epoch 15: Time: 0.4154 Cost: 12.9791 Pre: 0.8004 Re: 0.8472 Acc: 0.8170 F1: 0.8231
Epoch 16: Time: 0.3975 Cost: 12.8618 Pre: 0.8031 Re: 0.8506 Acc: 0.8200 F1: 0.8262
Epoch 17: Time: 0.3965 Cost: 12.7458 Pre: 0.8048 Re: 0.8506 Acc: 0.8212 F1: 0.8271
Epoch 18: Time: 0.4085 Cost: 12.6303 Pre: 0.8070 Re: 0.8532 Acc: 0.8236 F1: 0.8295
Epoch 19: Time: 0.4005 Cost: 12.5145 Pre: 0.8092 Re: 0.8555 Acc: 0.8259 F1: 0.8317
Epoch 20: Time: 0.4092 Cost: 12.3981 Pre: 0.8124 Re: 0.8574 Acc: 0.8288 F1: 0.8343


--------------------------------------------------------------------
Eval results: Cost:13.4703 Pre:0.8197 Re:0.8105 Acc:0.8180 F1:0.8151
--------------------------------------------------------------------

Epoch 21: Time: 0.4033 Cost: 12.2229 Pre: 0.8141 Re: 0.8604 Acc: 0.8311 F1: 0.8367
Epoch 22: Time: 0.4079 Cost: 12.1513 Pre: 0.8180 Re: 0.8642 Acc: 0.8351 F1: 0.8405
Epoch 23: Time: 0.4029 Cost: 12.0537 Pre: 0.8192 Re: 0.8658 Acc: 0.8364 F1: 0.8418
Epoch 24: Time: 0.4085 Cost: 11.9292 Pre: 0.8209 Re: 0.8673 Acc: 0.8381 F1: 0.8434
Epoch 25: Time: 0.4183 Cost: 11.8002 Pre: 0.8248 Re: 0.8692 Acc: 0.8414 F1: 0.8464
Epoch 26: Time: 0.4008 Cost: 11.6676 Pre: 0.8264 Re: 0.8703 Acc: 0.8429 F1: 0.8478
Epoch 27: Time: 0.4070 Cost: 11.5313 Pre: 0.8277 Re: 0.8711 Acc: 0.8440 F1: 0.8489
Epoch 28: Time: 0.4162 Cost: 11.3912 Pre: 0.8303 Re: 0.8722 Acc: 0.8461 F1: 0.8507
Epoch 29: Time: 0.4081 Cost: 11.2478 Pre: 0.8324 Re: 0.8741 Acc: 0.8482 F1: 0.8528
Epoch 30: Time: 0.4028 Cost: 11.1025 Pre: 0.8341 Re: 0.8768 Acc: 0.8503 F1: 0.8549


--------------------------------------------------------------------
Eval results: Cost:12.6194 Pre:0.8574 Re:0.8105 Acc:0.8395 F1:0.8333
--------------------------------------------------------------------

Epoch 31: Time: 0.4135 Cost: 10.9065 Pre: 0.8351 Re: 0.8798 Acc: 0.8522 F1: 0.8569
Epoch 32: Time: 0.3911 Cost: 10.8145 Pre: 0.8398 Re: 0.8805 Acc: 0.8555 F1: 0.8597
Epoch 33: Time: 0.4001 Cost: 10.7019 Pre: 0.8411 Re: 0.8813 Acc: 0.8566 F1: 0.8607
Epoch 34: Time: 0.4051 Cost: 10.5601 Pre: 0.8447 Re: 0.8851 Acc: 0.8604 F1: 0.8644
Epoch 35: Time: 0.4035 Cost: 10.4140 Pre: 0.8477 Re: 0.8866 Acc: 0.8629 F1: 0.8667
Epoch 36: Time: 0.4219 Cost: 10.2706 Pre: 0.8499 Re: 0.8893 Acc: 0.8654 F1: 0.8692
Epoch 37: Time: 0.3990 Cost: 10.1111 Pre: 0.8527 Re: 0.8912 Acc: 0.8679 F1: 0.8715
Epoch 38: Time: 0.4138 Cost: 9.9270 Pre: 0.8556 Re: 0.8946 Acc: 0.8711 F1: 0.8747
Epoch 39: Time: 0.4072 Cost: 9.7446 Pre: 0.8595 Re: 0.8976 Acc: 0.8747 F1: 0.8781
Epoch 40: Time: 0.4198 Cost: 9.5569 Pre: 0.8627 Re: 0.9006 Acc: 0.8780 F1: 0.8813


--------------------------------------------------------------------
Eval results: Cost:12.1149 Pre:0.8995 Re:0.7843 Acc:0.8499 F1:0.8379
--------------------------------------------------------------------

Epoch 41: Time: 0.4036 Cost: 9.3601 Pre: 0.8587 Re: 0.9037 Acc: 0.8768 F1: 0.8806
Epoch 42: Time: 0.4107 Cost: 9.1313 Pre: 0.8686 Re: 0.9025 Acc: 0.8824 F1: 0.8853
Epoch 43: Time: 0.4024 Cost: 8.9423 Pre: 0.8714 Re: 0.9075 Acc: 0.8862 F1: 0.8891
Epoch 44: Time: 0.4094 Cost: 8.7687 Pre: 0.8721 Re: 0.9132 Acc: 0.8890 F1: 0.8922
Epoch 45: Time: 0.4066 Cost: 8.5643 Pre: 0.8735 Re: 0.9166 Acc: 0.8913 F1: 0.8945
Epoch 46: Time: 0.3984 Cost: 8.6000 Pre: 0.8674 Re: 0.9177 Acc: 0.8881 F1: 0.8918
Epoch 47: Time: 0.4201 Cost: 8.1917 Pre: 0.8819 Re: 0.9177 Acc: 0.8969 F1: 0.8995
Epoch 48: Time: 0.4206 Cost: 7.9946 Pre: 0.8754 Re: 0.9268 Acc: 0.8969 F1: 0.9003
Epoch 49: Time: 0.4052 Cost: 7.8720 Pre: 0.8866 Re: 0.9162 Acc: 0.8990 F1: 0.9012
Epoch 50: Time: 0.4353 Cost: 7.6138 Pre: 0.8864 Re: 0.9317 Acc: 0.9056 F1: 0.9085


--------------------------------------------------------------------
Eval results: Cost:8.9202 Pre:0.9165 Re:0.8637 Acc:0.8936 F1:0.8893
--------------------------------------------------------------------

Epoch 51: Time: 0.4164 Cost: 7.5754 Pre: 0.8937 Re: 0.9181 Acc: 0.9039 F1: 0.9057
Epoch 52: Time: 0.4180 Cost: 7.4074 Pre: 0.8961 Re: 0.9192 Acc: 0.9058 F1: 0.9075
Epoch 53: Time: 0.4260 Cost: 6.9620 Pre: 0.8903 Re: 0.9420 Acc: 0.9125 F1: 0.9154
Epoch 54: Time: 0.4163 Cost: 7.0160 Pre: 0.8911 Re: 0.9492 Acc: 0.9161 F1: 0.9192
Epoch 55: Time: 0.4096 Cost: 6.8623 Pre: 0.9038 Re: 0.9298 Acc: 0.9150 F1: 0.9166
Epoch 56: Time: 0.4339 Cost: 7.4854 Pre: 0.8903 Re: 0.9321 Acc: 0.9081 F1: 0.9107
Epoch 57: Time: 0.4231 Cost: 6.3428 Pre: 0.9150 Re: 0.9389 Acc: 0.9255 F1: 0.9268
Epoch 58: Time: 0.4086 Cost: 6.1093 Pre: 0.9131 Re: 0.9446 Acc: 0.9270 F1: 0.9286
Epoch 59: Time: 0.3927 Cost: 5.8482 Pre: 0.9265 Re: 0.9367 Acc: 0.9308 F1: 0.9315
Epoch 60: Time: 0.4028 Cost: 5.7411 Pre: 0.9201 Re: 0.9477 Acc: 0.9323 F1: 0.9337


--------------------------------------------------------------------
Eval results: Cost:6.0321 Pre:0.9284 Re:0.9416 Acc:0.9351 F1:0.9349
--------------------------------------------------------------------

Epoch 61: Time: 0.3990 Cost: 5.3948 Pre: 0.9376 Re: 0.9397 Acc: 0.9382 F1: 0.9386
Epoch 62: Time: 0.4415 Cost: 5.1779 Pre: 0.9354 Re: 0.9492 Acc: 0.9415 F1: 0.9422
Epoch 63: Time: 0.4027 Cost: 5.0935 Pre: 0.9412 Re: 0.9473 Acc: 0.9438 F1: 0.9442
Epoch 64: Time: 0.4212 Cost: 4.7296 Pre: 0.9499 Re: 0.9492 Acc: 0.9493 F1: 0.9495
Epoch 65: Time: 0.4036 Cost: 4.5992 Pre: 0.9431 Re: 0.9609 Acc: 0.9512 F1: 0.9519
Epoch 66: Time: 0.3998 Cost: 4.7234 Pre: 0.9615 Re: 0.9382 Acc: 0.9500 F1: 0.9497
Epoch 67: Time: 0.4055 Cost: 4.8496 Pre: 0.9344 Re: 0.9613 Acc: 0.9466 F1: 0.9477
Epoch 68: Time: 0.4085 Cost: 4.3110 Pre: 0.9662 Re: 0.9526 Acc: 0.9594 F1: 0.9593
Epoch 69: Time: 0.4100 Cost: 4.2602 Pre: 0.9519 Re: 0.9598 Acc: 0.9554 F1: 0.9558
Epoch 70: Time: 0.4060 Cost: 3.7214 Pre: 0.9548 Re: 0.9697 Acc: 0.9617 F1: 0.9622


--------------------------------------------------------------------
Eval results: Cost:7.0293 Pre:0.9983 Re:0.8622 Acc:0.9311 F1:0.9252
--------------------------------------------------------------------

Epoch 71: Time: 0.4059 Cost: 5.0615 Pre: 0.9489 Re: 0.9427 Acc: 0.9457 F1: 0.9458
Epoch 72: Time: 0.4095 Cost: 3.3530 Pre: 0.9708 Re: 0.9697 Acc: 0.9701 F1: 0.9702
Epoch 73: Time: 0.4866 Cost: 3.7517 Pre: 0.9626 Re: 0.9659 Acc: 0.9640 F1: 0.9642
Epoch 74: Time: 0.5631 Cost: 2.9349 Pre: 0.9816 Re: 0.9704 Acc: 0.9760 F1: 0.9760
Epoch 75: Time: 0.5718 Cost: 3.1061 Pre: 0.9685 Re: 0.9780 Acc: 0.9729 F1: 0.9732
Epoch 76: Time: 0.4403 Cost: 2.8694 Pre: 0.9791 Re: 0.9754 Acc: 0.9771 F1: 0.9772
Epoch 77: Time: 0.4476 Cost: 2.4791 Pre: 0.9807 Re: 0.9814 Acc: 0.9809 F1: 0.9810
Epoch 78: Time: 0.4380 Cost: 2.6618 Pre: 0.9798 Re: 0.9765 Acc: 0.9781 F1: 0.9782
Epoch 79: Time: 0.4221 Cost: 3.5964 Pre: 0.9458 Re: 0.9863 Acc: 0.9647 F1: 0.9657
Epoch 80: Time: 0.4134 Cost: 2.3249 Pre: 0.9771 Re: 0.9882 Acc: 0.9825 F1: 0.9827


--------------------------------------------------------------------
Eval results: Cost:2.5997 Pre:0.9992 Re:0.9566 Acc:0.9781 F1:0.9774
--------------------------------------------------------------------

Epoch 81: Time: 0.4075 Cost: 1.8598 Pre: 0.9890 Re: 0.9886 Acc: 0.9888 F1: 0.9888
Epoch 82: Time: 0.3945 Cost: 1.9813 Pre: 0.9849 Re: 0.9875 Acc: 0.9861 F1: 0.9862
Epoch 83: Time: 0.4001 Cost: 2.0997 Pre: 0.9863 Re: 0.9845 Acc: 0.9853 F1: 0.9854
Epoch 84: Time: 0.4048 Cost: 2.3364 Pre: 0.9866 Re: 0.9761 Acc: 0.9813 F1: 0.9813
Epoch 85: Time: 0.4117 Cost: 1.5833 Pre: 0.9950 Re: 0.9867 Acc: 0.9908 F1: 0.9909
Epoch 86: Time: 0.4038 Cost: 1.3567 Pre: 0.9921 Re: 0.9958 Acc: 0.9939 F1: 0.9939
Epoch 87: Time: 0.3978 Cost: 1.7610 Pre: 0.9946 Re: 0.9833 Acc: 0.9889 F1: 0.9889
Epoch 88: Time: 0.4054 Cost: 1.2953 Pre: 0.9928 Re: 0.9936 Acc: 0.9931 F1: 0.9932
Epoch 89: Time: 0.4250 Cost: 1.4217 Pre: 0.9909 Re: 0.9913 Acc: 0.9910 F1: 0.9911
Epoch 90: Time: 0.4055 Cost: 2.2805 Pre: 0.9938 Re: 0.9693 Acc: 0.9815 F1: 0.9814


--------------------------------------------------------------------
Eval results: Cost:8.4836 Pre:1.0000 Re:0.8292 Acc:0.9155 F1:0.9066
--------------------------------------------------------------------

Epoch 91: Time: 0.4278 Cost: 3.1034 Pre: 0.9533 Re: 0.9841 Acc: 0.9678 F1: 0.9685
Epoch 92: Time: 0.4095 Cost: 0.9254 Pre: 0.9977 Re: 0.9962 Acc: 0.9969 F1: 0.9970
Epoch 93: Time: 0.4059 Cost: 0.8033 Pre: 0.9989 Re: 0.9973 Acc: 0.9981 F1: 0.9981
Epoch 94: Time: 0.4094 Cost: 0.9392 Pre: 0.9947 Re: 0.9973 Acc: 0.9960 F1: 0.9960
Epoch 95: Time: 0.4080 Cost: 0.7218 Pre: 0.9981 Re: 0.9981 Acc: 0.9981 F1: 0.9981
Epoch 96: Time: 0.3950 Cost: 0.6823 Pre: 0.9992 Re: 0.9973 Acc: 0.9983 F1: 0.9983
Epoch 97: Time: 0.3870 Cost: 0.7954 Pre: 0.9962 Re: 0.9966 Acc: 0.9964 F1: 0.9964
Epoch 98: Time: 0.3964 Cost: 0.6381 Pre: 0.9989 Re: 0.9981 Acc: 0.9985 F1: 0.9985
Epoch 99: Time: 0.4056 Cost: 0.7670 Pre: 0.9973 Re: 0.9970 Acc: 0.9971 F1: 0.9972
Epoch 100: Time: 0.3976 Cost: 0.5971 Pre: 0.9992 Re: 0.9977 Acc: 0.9985 F1: 0.9985


--------------------------------------------------------------------
Eval results: Cost:0.4319 Pre:0.9970 Re:1.0000 Acc:0.9985 F1:0.9985
--------------------------------------------------------------------

Epoch 101: Time: 0.3891 Cost: 0.5003 Pre: 0.9989 Re: 0.9992 Acc: 0.9990 F1: 0.9991
Epoch 102: Time: 0.3950 Cost: 0.8558 Pre: 0.9954 Re: 0.9943 Acc: 0.9949 F1: 0.9949
Epoch 103: Time: 0.4226 Cost: 0.4478 Pre: 0.9996 Re: 0.9992 Acc: 0.9994 F1: 0.9994
Epoch 104: Time: 0.4533 Cost: 0.5055 Pre: 0.9977 Re: 0.9992 Acc: 0.9985 F1: 0.9985
Epoch 105: Time: 0.4301 Cost: 0.5063 Pre: 0.9989 Re: 0.9981 Acc: 0.9985 F1: 0.9985
Epoch 106: Time: 0.4482 Cost: 0.3871 Pre: 0.9996 Re: 0.9996 Acc: 0.9996 F1: 0.9996
Epoch 107: Time: 0.4141 Cost: 0.5499 Pre: 0.9985 Re: 0.9970 Acc: 0.9977 F1: 0.9977
Epoch 108: Time: 0.4015 Cost: 0.4130 Pre: 1.0000 Re: 0.9985 Acc: 0.9992 F1: 0.9992
Epoch 109: Time: 0.4096 Cost: 0.3169 Pre: 1.0000 Re: 1.0000 Acc: 1.0000 F1: 1.0000
Epoch 110: Time: 0.3949 Cost: 0.3467 Pre: 0.9996 Re: 0.9992 Acc: 0.9994 F1: 0.9994


--------------------------------------------------------------------
Eval results: Cost:0.2444 Pre:0.9993 Re:1.0000 Acc:0.9996 F1:0.9996
--------------------------------------------------------------------

Epoch 111: Time: 0.4078 Cost: 0.2781 Pre: 1.0000 Re: 1.0000 Acc: 1.0000 F1: 1.0000
Epoch 112: Time: 0.3971 Cost: 0.2811 Pre: 0.9996 Re: 1.0000 Acc: 0.9998 F1: 0.9998
Epoch 113: Time: 0.4034 Cost: 1.3963 Pre: 0.9842 Re: 0.9894 Acc: 0.9867 F1: 0.9868
Epoch 114: Time: 0.4123 Cost: 0.3817 Pre: 0.9977 Re: 0.9996 Acc: 0.9987 F1: 0.9987
Epoch 115: Time: 0.3990 Cost: 0.2244 Pre: 1.0000 Re: 1.0000 Acc: 1.0000 F1: 1.0000
Epoch 116: Time: 0.4062 Cost: 0.2165 Pre: 1.0000 Re: 1.0000 Acc: 1.0000 F1: 1.0000
Epoch 117: Time: 0.3999 Cost: 0.4201 Pre: 0.9985 Re: 0.9973 Acc: 0.9979 F1: 0.9979
Epoch 118: Time: 0.4051 Cost: 0.1891 Pre: 1.0000 Re: 1.0000 Acc: 1.0000 F1: 1.0000
Epoch 119: Time: 0.3968 Cost: 0.1842 Pre: 1.0000 Re: 1.0000 Acc: 1.0000 F1: 1.0000
Epoch 120: Time: 0.3920 Cost: 1.0736 Pre: 0.9857 Re: 0.9939 Acc: 0.9897 F1: 0.9898


--------------------------------------------------------------------
Eval results: Cost:0.1943 Pre:1.0000 Re:0.9993 Acc:0.9996 F1:0.9996
--------------------------------------------------------------------

Epoch 121: Time: 0.3967 Cost: 0.3854 Pre: 0.9985 Re: 0.9970 Acc: 0.9977 F1: 0.9977
Epoch 122: Time: 0.4153 Cost: 0.3311 Pre: 0.9981 Re: 0.9989 Acc: 0.9985 F1: 0.9985
Epoch 123: Time: 0.3958 Cost: 0.1529 Pre: 1.0000 Re: 1.0000 Acc: 1.0000 F1: 1.0000
Epoch 124: Time: 0.3916 Cost: 0.1441 Pre: 1.0000 Re: 1.0000 Acc: 1.0000 F1: 1.0000
Epoch 125: Time: 0.4139 Cost: 0.1339 Pre: 1.0000 Re: 1.0000 Acc: 1.0000 F1: 1.0000
Epoch 126: Time: 0.3967 Cost: 0.1222 Pre: 1.0000 Re: 1.0000 Acc: 1.0000 F1: 1.0000
Epoch 127: Time: 0.3966 Cost: 0.1092 Pre: 1.0000 Re: 1.0000 Acc: 1.0000 F1: 1.0000
Epoch 128: Time: 0.3975 Cost: 0.1006 Pre: 1.0000 Re: 1.0000 Acc: 1.0000 F1: 1.0000
Epoch 129: Time: 0.4032 Cost: 0.0921 Pre: 1.0000 Re: 1.0000 Acc: 1.0000 F1: 1.0000
Epoch 130: Time: 0.4075 Cost: 0.0827 Pre: 1.0000 Re: 1.0000 Acc: 1.0000 F1: 1.0000


--------------------------------------------------------------------
Eval results: Cost:0.0659 Pre:1.0000 Re:1.0000 Acc:1.0000 F1:1.0000
--------------------------------------------------------------------

Epoch 131: Time: 0.4004 Cost: 0.0756 Pre: 1.0000 Re: 1.0000 Acc: 1.0000 F1: 1.0000
Epoch 132: Time: 0.4072 Cost: 0.0699 Pre: 1.0000 Re: 1.0000 Acc: 1.0000 F1: 1.0000
Epoch 133: Time: 0.3966 Cost: 0.0627 Pre: 1.0000 Re: 1.0000 Acc: 1.0000 F1: 1.0000
Epoch 134: Time: 0.4049 Cost: 0.0567 Pre: 1.0000 Re: 1.0000 Acc: 1.0000 F1: 1.0000
Epoch 135: Time: 0.4038 Cost: 0.0521 Pre: 1.0000 Re: 1.0000 Acc: 1.0000 F1: 1.0000
Epoch 136: Time: 0.3990 Cost: 0.0475 Pre: 1.0000 Re: 1.0000 Acc: 1.0000 F1: 1.0000
Epoch 137: Time: 0.4198 Cost: 0.0436 Pre: 1.0000 Re: 1.0000 Acc: 1.0000 F1: 1.0000
Epoch 138: Time: 0.3889 Cost: 0.0400 Pre: 1.0000 Re: 1.0000 Acc: 1.0000 F1: 1.0000
Epoch 139: Time: 0.4043 Cost: 0.0368 Pre: 1.0000 Re: 1.0000 Acc: 1.0000 F1: 1.0000
Epoch 140: Time: 0.4051 Cost: 0.0339 Pre: 1.0000 Re: 1.0000 Acc: 1.0000 F1: 1.0000


--------------------------------------------------------------------
Eval results: Cost:0.0280 Pre:1.0000 Re:1.0000 Acc:1.0000 F1:1.0000
--------------------------------------------------------------------

Epoch 141: Time: 0.3937 Cost: 0.0314 Pre: 1.0000 Re: 1.0000 Acc: 1.0000 F1: 1.0000
Epoch 142: Time: 0.3934 Cost: 0.0291 Pre: 1.0000 Re: 1.0000 Acc: 1.0000 F1: 1.0000
Epoch 143: Time: 0.3996 Cost: 0.0271 Pre: 1.0000 Re: 1.0000 Acc: 1.0000 F1: 1.0000
Epoch 144: Time: 0.3998 Cost: 0.0252 Pre: 1.0000 Re: 1.0000 Acc: 1.0000 F1: 1.0000
Epoch 145: Time: 0.4008 Cost: 0.0235 Pre: 1.0000 Re: 1.0000 Acc: 1.0000 F1: 1.0000
Epoch 146: Time: 0.4064 Cost: 0.0220 Pre: 1.0000 Re: 1.0000 Acc: 1.0000 F1: 1.0000
Epoch 147: Time: 0.3993 Cost: 0.0206 Pre: 1.0000 Re: 1.0000 Acc: 1.0000 F1: 1.0000
Epoch 148: Time: 0.4048 Cost: 0.0193 Pre: 1.0000 Re: 1.0000 Acc: 1.0000 F1: 1.0000
Epoch 149: Time: 0.3943 Cost: 0.0181 Pre: 1.0000 Re: 1.0000 Acc: 1.0000 F1: 1.0000
Epoch 150: Time: 0.4113 Cost: 0.0171 Pre: 1.0000 Re: 1.0000 Acc: 1.0000 F1: 1.0000


--------------------------------------------------------------------
Eval results: Cost:0.0142 Pre:1.0000 Re:1.0000 Acc:1.0000 F1:1.0000
--------------------------------------------------------------------

Epoch 151: Time: 0.4032 Cost: 0.0162 Pre: 1.0000 Re: 1.0000 Acc: 1.0000 F1: 1.0000
Epoch 152: Time: 0.4104 Cost: 0.0154 Pre: 1.0000 Re: 1.0000 Acc: 1.0000 F1: 1.0000
Epoch 153: Time: 0.5645 Cost: 0.0146 Pre: 1.0000 Re: 1.0000 Acc: 1.0000 F1: 1.0000
Epoch 154: Time: 0.6073 Cost: 0.0140 Pre: 1.0000 Re: 1.0000 Acc: 1.0000 F1: 1.0000
Epoch 155: Time: 0.5533 Cost: 0.0134 Pre: 1.0000 Re: 1.0000 Acc: 1.0000 F1: 1.0000
Epoch 156: Time: 0.5532 Cost: 0.0129 Pre: 1.0000 Re: 1.0000 Acc: 1.0000 F1: 1.0000
Epoch 157: Time: 0.5681 Cost: 0.0124 Pre: 1.0000 Re: 1.0000 Acc: 1.0000 F1: 1.0000
Epoch 158: Time: 0.5497 Cost: 0.0120 Pre: 1.0000 Re: 1.0000 Acc: 1.0000 F1: 1.0000
Epoch 159: Time: 0.5441 Cost: 0.0117 Pre: 1.0000 Re: 1.0000 Acc: 1.0000 F1: 1.0000
Epoch 160: Time: 0.5362 Cost: 0.0113 Pre: 1.0000 Re: 1.0000 Acc: 1.0000 F1: 1.0000


--------------------------------------------------------------------
Eval results: Cost:0.0087 Pre:1.0000 Re:1.0000 Acc:1.0000 F1:1.0000
--------------------------------------------------------------------

Epoch 161: Time: 0.4576 Cost: 0.0106 Pre: 1.0000 Re: 1.0000 Acc: 1.0000 F1: 1.0000
Epoch 162: Time: 0.4039 Cost: 0.0101 Pre: 1.0000 Re: 1.0000 Acc: 1.0000 F1: 1.0000
Epoch 163: Time: 0.3890 Cost: 0.0094 Pre: 1.0000 Re: 1.0000 Acc: 1.0000 F1: 1.0000
Epoch 164: Time: 0.3909 Cost: 0.0090 Pre: 1.0000 Re: 1.0000 Acc: 1.0000 F1: 1.0000
Epoch 165: Time: 0.3994 Cost: 0.0087 Pre: 1.0000 Re: 1.0000 Acc: 1.0000 F1: 1.0000
Epoch 166: Time: 0.3940 Cost: 0.0083 Pre: 1.0000 Re: 1.0000 Acc: 1.0000 F1: 1.0000
Epoch 167: Time: 0.4057 Cost: 0.0080 Pre: 1.0000 Re: 1.0000 Acc: 1.0000 F1: 1.0000
Epoch 168: Time: 0.4051 Cost: 0.0077 Pre: 1.0000 Re: 1.0000 Acc: 1.0000 F1: 1.0000
Epoch 169: Time: 0.3944 Cost: 0.0074 Pre: 1.0000 Re: 1.0000 Acc: 1.0000 F1: 1.0000
Epoch 170: Time: 0.3948 Cost: 0.0071 Pre: 1.0000 Re: 1.0000 Acc: 1.0000 F1: 1.0000


--------------------------------------------------------------------
Eval results: Cost:0.0059 Pre:1.0000 Re:1.0000 Acc:1.0000 F1:1.0000
--------------------------------------------------------------------

Epoch 171: Time: 0.3874 Cost: 0.0069 Pre: 1.0000 Re: 1.0000 Acc: 1.0000 F1: 1.0000
Epoch 172: Time: 0.4126 Cost: 0.0066 Pre: 1.0000 Re: 1.0000 Acc: 1.0000 F1: 1.0000
Epoch 173: Time: 0.3967 Cost: 0.0064 Pre: 1.0000 Re: 1.0000 Acc: 1.0000 F1: 1.0000
Epoch 174: Time: 0.3972 Cost: 0.0062 Pre: 1.0000 Re: 1.0000 Acc: 1.0000 F1: 1.0000
Epoch 175: Time: 0.4044 Cost: 0.0060 Pre: 1.0000 Re: 1.0000 Acc: 1.0000 F1: 1.0000
Epoch 176: Time: 0.4104 Cost: 0.0058 Pre: 1.0000 Re: 1.0000 Acc: 1.0000 F1: 1.0000
Epoch 177: Time: 0.4255 Cost: 0.0057 Pre: 1.0000 Re: 1.0000 Acc: 1.0000 F1: 1.0000
Epoch 178: Time: 0.4059 Cost: 0.0055 Pre: 1.0000 Re: 1.0000 Acc: 1.0000 F1: 1.0000
Epoch 179: Time: 0.3934 Cost: 0.0054 Pre: 1.0000 Re: 1.0000 Acc: 1.0000 F1: 1.0000
Epoch 180: Time: 0.4106 Cost: 0.0052 Pre: 1.0000 Re: 1.0000 Acc: 1.0000 F1: 1.0000


--------------------------------------------------------------------
Eval results: Cost:0.0043 Pre:1.0000 Re:1.0000 Acc:1.0000 F1:1.0000
--------------------------------------------------------------------

Epoch 181: Time: 0.4163 Cost: 0.0051 Pre: 1.0000 Re: 1.0000 Acc: 1.0000 F1: 1.0000
Epoch 182: Time: 0.4026 Cost: 0.0049 Pre: 1.0000 Re: 1.0000 Acc: 1.0000 F1: 1.0000
Epoch 183: Time: 0.3960 Cost: 0.0048 Pre: 1.0000 Re: 1.0000 Acc: 1.0000 F1: 1.0000
Epoch 184: Time: 0.3922 Cost: 0.0047 Pre: 1.0000 Re: 1.0000 Acc: 1.0000 F1: 1.0000
Epoch 185: Time: 0.4069 Cost: 0.0046 Pre: 1.0000 Re: 1.0000 Acc: 1.0000 F1: 1.0000
Epoch 186: Time: 0.4176 Cost: 0.0045 Pre: 1.0000 Re: 1.0000 Acc: 1.0000 F1: 1.0000
Epoch 187: Time: 0.4052 Cost: 0.0044 Pre: 1.0000 Re: 1.0000 Acc: 1.0000 F1: 1.0000
Epoch 188: Time: 0.4148 Cost: 0.0043 Pre: 1.0000 Re: 1.0000 Acc: 1.0000 F1: 1.0000
Epoch 189: Time: 0.4405 Cost: 0.0042 Pre: 1.0000 Re: 1.0000 Acc: 1.0000 F1: 1.0000
Epoch 190: Time: 0.6270 Cost: 0.0041 Pre: 1.0000 Re: 1.0000 Acc: 1.0000 F1: 1.0000


--------------------------------------------------------------------
Eval results: Cost:0.0034 Pre:1.0000 Re:1.0000 Acc:1.0000 F1:1.0000
--------------------------------------------------------------------

Epoch 191: Time: 0.4461 Cost: 0.0040 Pre: 1.0000 Re: 1.0000 Acc: 1.0000 F1: 1.0000
Epoch 192: Time: 0.4105 Cost: 0.0039 Pre: 1.0000 Re: 1.0000 Acc: 1.0000 F1: 1.0000
Epoch 193: Time: 0.4436 Cost: 0.0038 Pre: 1.0000 Re: 1.0000 Acc: 1.0000 F1: 1.0000
Epoch 194: Time: 0.8637 Cost: 0.0037 Pre: 1.0000 Re: 1.0000 Acc: 1.0000 F1: 1.0000
Epoch 195: Time: 0.6047 Cost: 0.0037 Pre: 1.0000 Re: 1.0000 Acc: 1.0000 F1: 1.0000
Epoch 196: Time: 0.5249 Cost: 0.0036 Pre: 1.0000 Re: 1.0000 Acc: 1.0000 F1: 1.0000
Epoch 197: Time: 0.5590 Cost: 0.0035 Pre: 1.0000 Re: 1.0000 Acc: 1.0000 F1: 1.0000
Epoch 198: Time: 0.5572 Cost: 0.0035 Pre: 1.0000 Re: 1.0000 Acc: 1.0000 F1: 1.0000
Epoch 199: Time: 0.5326 Cost: 0.0034 Pre: 1.0000 Re: 1.0000 Acc: 1.0000 F1: 1.0000
Epoch 200: Time: 0.5220 Cost: 0.0033 Pre: 1.0000 Re: 1.0000 Acc: 1.0000 F1: 1.0000


--------------------------------------------------------------------
Eval results: Cost:0.0028 Pre:1.0000 Re:1.0000 Acc:1.0000 F1:1.0000
--------------------------------------------------------------------

Epoch 201: Time: 0.7039 Cost: 0.0033 Pre: 1.0000 Re: 1.0000 Acc: 1.0000 F1: 1.0000
Epoch 202: Time: 0.6285 Cost: 0.0032 Pre: 1.0000 Re: 1.0000 Acc: 1.0000 F1: 1.0000
Epoch 203: Time: 0.5944 Cost: 0.0032 Pre: 1.0000 Re: 1.0000 Acc: 1.0000 F1: 1.0000
Epoch 204: Time: 0.5773 Cost: 0.0031 Pre: 1.0000 Re: 1.0000 Acc: 1.0000 F1: 1.0000
Epoch 205: Time: 0.5566 Cost: 0.0031 Pre: 1.0000 Re: 1.0000 Acc: 1.0000 F1: 1.0000
Epoch 206: Time: 0.5382 Cost: 0.0030 Pre: 1.0000 Re: 1.0000 Acc: 1.0000 F1: 1.0000
Epoch 207: Time: 0.5538 Cost: 0.0030 Pre: 1.0000 Re: 1.0000 Acc: 1.0000 F1: 1.0000
Epoch 208: Time: 0.5498 Cost: 0.0029 Pre: 1.0000 Re: 1.0000 Acc: 1.0000 F1: 1.0000
Epoch 209: Time: 0.5326 Cost: 0.0029 Pre: 1.0000 Re: 1.0000 Acc: 1.0000 F1: 1.0000
Epoch 210: Time: 0.6892 Cost: 0.0028 Pre: 1.0000 Re: 1.0000 Acc: 1.0000 F1: 1.0000


--------------------------------------------------------------------
Eval results: Cost:0.0024 Pre:1.0000 Re:1.0000 Acc:1.0000 F1:1.0000
--------------------------------------------------------------------

Epoch 211: Time: 0.5092 Cost: 0.0028 Pre: 1.0000 Re: 1.0000 Acc: 1.0000 F1: 1.0000
Epoch 212: Time: 0.5162 Cost: 0.0027 Pre: 1.0000 Re: 1.0000 Acc: 1.0000 F1: 1.0000
Epoch 213: Time: 0.5526 Cost: 0.0027 Pre: 1.0000 Re: 1.0000 Acc: 1.0000 F1: 1.0000
Epoch 214: Time: 0.5486 Cost: 0.0027 Pre: 1.0000 Re: 1.0000 Acc: 1.0000 F1: 1.0000
Epoch 215: Time: 0.5451 Cost: 0.0026 Pre: 1.0000 Re: 1.0000 Acc: 1.0000 F1: 1.0000
Epoch 216: Time: 0.5363 Cost: 0.0026 Pre: 1.0000 Re: 1.0000 Acc: 1.0000 F1: 1.0000
Epoch 217: Time: 0.5165 Cost: 0.0025 Pre: 1.0000 Re: 1.0000 Acc: 1.0000 F1: 1.0000
Epoch 218: Time: 0.5172 Cost: 0.0025 Pre: 1.0000 Re: 1.0000 Acc: 1.0000 F1: 1.0000
Epoch 219: Time: 0.5479 Cost: 0.0025 Pre: 1.0000 Re: 1.0000 Acc: 1.0000 F1: 1.0000
Epoch 220: Time: 0.5246 Cost: 0.0024 Pre: 1.0000 Re: 1.0000 Acc: 1.0000 F1: 1.0000


--------------------------------------------------------------------
Eval results: Cost:0.0020 Pre:1.0000 Re:1.0000 Acc:1.0000 F1:1.0000
--------------------------------------------------------------------

Early stopping...
--------------------------------------------------------------------
--------------------------------------------------------------------
Test 10470 samples take time: 3.5659
Test results: Cost:0.0020 Pre:1.0000 Re:1.0000 Acc:1.0000 F1:1.0000
--------------------------------------------------------------------

