16768
16562
16206
16632
16380
16425
Load data
RNN type: SRN Grammar: g4 Seed: 6
Model total parameters: 2650
Saving hinit ... 

Epoch 0: Time: 0.4606 Cost: 25.1630 Pre: 0.5178 Re: 0.5840 Acc: 0.5174 F1: 0.5489


--------------------------------------------------------------------
Eval results: Cost:24.6291 Pre:0.5760 Re:0.3236 Acc:0.5474 F1:0.4144
--------------------------------------------------------------------

Epoch 1: Time: 0.3202 Cost: 24.4294 Pre: 0.5849 Re: 0.5904 Acc: 0.5834 F1: 0.5877
Epoch 2: Time: 0.3224 Cost: 24.0550 Pre: 0.5951 Re: 0.6287 Acc: 0.5983 F1: 0.6115
Epoch 3: Time: 0.3189 Cost: 23.5816 Pre: 0.6019 Re: 0.6318 Acc: 0.6048 F1: 0.6165
Epoch 4: Time: 0.3191 Cost: 22.9296 Pre: 0.6108 Re: 0.6492 Acc: 0.6156 F1: 0.6294
Epoch 5: Time: 0.3236 Cost: 21.8341 Pre: 0.6483 Re: 0.6921 Acc: 0.6564 F1: 0.6695
Epoch 6: Time: 0.3186 Cost: 19.4508 Pre: 0.7095 Re: 0.7622 Acc: 0.7235 F1: 0.7349
Epoch 7: Time: 0.3190 Cost: 15.1844 Pre: 0.7830 Re: 0.8115 Acc: 0.7922 F1: 0.7970
Epoch 8: Time: 0.3227 Cost: 13.6042 Pre: 0.7914 Re: 0.8331 Acc: 0.8057 F1: 0.8117
Epoch 9: Time: 0.3234 Cost: 13.3951 Pre: 0.7911 Re: 0.8343 Acc: 0.8059 F1: 0.8121
Epoch 10: Time: 0.3201 Cost: 13.2706 Pre: 0.7926 Re: 0.8362 Acc: 0.8076 F1: 0.8138


--------------------------------------------------------------------
Eval results: Cost:13.8989 Pre:0.8019 Re:0.8127 Acc:0.8080 F1:0.8073
--------------------------------------------------------------------

Epoch 11: Time: 0.3233 Cost: 13.1696 Pre: 0.7963 Re: 0.8434 Acc: 0.8128 F1: 0.8192
Epoch 12: Time: 0.3196 Cost: 13.0735 Pre: 0.7983 Re: 0.8392 Acc: 0.8126 F1: 0.8183
Epoch 13: Time: 0.3191 Cost: 12.9607 Pre: 0.7997 Re: 0.8403 Acc: 0.8139 F1: 0.8195
Epoch 14: Time: 0.3220 Cost: 12.8458 Pre: 0.8016 Re: 0.8457 Acc: 0.8172 F1: 0.8230
Epoch 15: Time: 0.3206 Cost: 12.7302 Pre: 0.8033 Re: 0.8472 Acc: 0.8189 F1: 0.8247
Epoch 16: Time: 0.3190 Cost: 12.6126 Pre: 0.8050 Re: 0.8498 Acc: 0.8210 F1: 0.8268
Epoch 17: Time: 0.3244 Cost: 12.4921 Pre: 0.8065 Re: 0.8532 Acc: 0.8233 F1: 0.8292
Epoch 18: Time: 0.3543 Cost: 12.3673 Pre: 0.8098 Re: 0.8540 Acc: 0.8257 F1: 0.8313
Epoch 19: Time: 0.3305 Cost: 12.2372 Pre: 0.8126 Re: 0.8586 Acc: 0.8294 F1: 0.8350
Epoch 20: Time: 0.3219 Cost: 12.1012 Pre: 0.8154 Re: 0.8612 Acc: 0.8322 F1: 0.8377


--------------------------------------------------------------------
Eval results: Cost:13.4558 Pre:0.8349 Re:0.7918 Acc:0.8195 F1:0.8128
--------------------------------------------------------------------

Epoch 21: Time: 0.3196 Cost: 11.8820 Pre: 0.8186 Re: 0.8695 Acc: 0.8376 F1: 0.8433
Epoch 22: Time: 0.3231 Cost: 11.8065 Pre: 0.8244 Re: 0.8688 Acc: 0.8410 F1: 0.8460
Epoch 23: Time: 0.3201 Cost: 11.6825 Pre: 0.8245 Re: 0.8695 Acc: 0.8414 F1: 0.8464
Epoch 24: Time: 0.3214 Cost: 11.5260 Pre: 0.8254 Re: 0.8711 Acc: 0.8425 F1: 0.8476
Epoch 25: Time: 0.3228 Cost: 11.3641 Pre: 0.8284 Re: 0.8714 Acc: 0.8446 F1: 0.8494
Epoch 26: Time: 0.3184 Cost: 11.1989 Pre: 0.8309 Re: 0.8756 Acc: 0.8479 F1: 0.8527
Epoch 27: Time: 0.3192 Cost: 11.0311 Pre: 0.8330 Re: 0.8775 Acc: 0.8500 F1: 0.8547
Epoch 28: Time: 0.3220 Cost: 10.8615 Pre: 0.8350 Re: 0.8786 Acc: 0.8517 F1: 0.8562
Epoch 29: Time: 0.3185 Cost: 10.6904 Pre: 0.8383 Re: 0.8824 Acc: 0.8553 F1: 0.8598
Epoch 30: Time: 0.3194 Cost: 10.5179 Pre: 0.8409 Re: 0.8859 Acc: 0.8583 F1: 0.8628


--------------------------------------------------------------------
Eval results: Cost:12.8037 Pre:0.8818 Re:0.7820 Acc:0.8403 F1:0.8289
--------------------------------------------------------------------

Epoch 31: Time: 0.4353 Cost: 10.2980 Pre: 0.8415 Re: 0.8896 Acc: 0.8602 F1: 0.8649
Epoch 32: Time: 0.3865 Cost: 10.1573 Pre: 0.8488 Re: 0.8919 Acc: 0.8658 F1: 0.8698
Epoch 33: Time: 0.3635 Cost: 10.0285 Pre: 0.8502 Re: 0.8912 Acc: 0.8663 F1: 0.8702
Epoch 34: Time: 0.3184 Cost: 9.8392 Pre: 0.8533 Re: 0.8957 Acc: 0.8702 F1: 0.8740
Epoch 35: Time: 0.3356 Cost: 9.6471 Pre: 0.8566 Re: 0.8995 Acc: 0.8738 F1: 0.8775
Epoch 36: Time: 0.3265 Cost: 9.4610 Pre: 0.8586 Re: 0.9025 Acc: 0.8763 F1: 0.8800
Epoch 37: Time: 0.3389 Cost: 9.2416 Pre: 0.8607 Re: 0.9071 Acc: 0.8795 F1: 0.8833
Epoch 38: Time: 0.3220 Cost: 8.9940 Pre: 0.8643 Re: 0.9109 Acc: 0.8833 F1: 0.8870
Epoch 39: Time: 0.3236 Cost: 8.7930 Pre: 0.8679 Re: 0.9120 Acc: 0.8860 F1: 0.8894
Epoch 40: Time: 0.3193 Cost: 8.7523 Pre: 0.8621 Re: 0.9173 Acc: 0.8847 F1: 0.8888


--------------------------------------------------------------------
Eval results: Cost:10.8806 Pre:0.9151 Re:0.8157 Acc:0.8714 F1:0.8626
--------------------------------------------------------------------

Epoch 41: Time: 0.3227 Cost: 8.4659 Pre: 0.8742 Re: 0.9143 Acc: 0.8908 F1: 0.8938
Epoch 42: Time: 0.3206 Cost: 8.2958 Pre: 0.8728 Re: 0.9234 Acc: 0.8938 F1: 0.8974
Epoch 43: Time: 0.3198 Cost: 8.3321 Pre: 0.8690 Re: 0.9185 Acc: 0.8894 F1: 0.8931
Epoch 44: Time: 0.3225 Cost: 7.8882 Pre: 0.8757 Re: 0.9298 Acc: 0.8984 F1: 0.9020
Epoch 45: Time: 0.3204 Cost: 7.7370 Pre: 0.8793 Re: 0.9279 Acc: 0.8997 F1: 0.9030
Epoch 46: Time: 0.3189 Cost: 7.7186 Pre: 0.8793 Re: 0.9283 Acc: 0.8999 F1: 0.9032
Epoch 47: Time: 0.3226 Cost: 7.7594 Pre: 0.8794 Re: 0.9295 Acc: 0.9005 F1: 0.9038
Epoch 48: Time: 0.3194 Cost: 7.5358 Pre: 0.8904 Re: 0.9242 Acc: 0.9047 F1: 0.9070
Epoch 49: Time: 0.3191 Cost: 7.1129 Pre: 0.9009 Re: 0.9242 Acc: 0.9108 F1: 0.9124
Epoch 50: Time: 0.3198 Cost: 6.8272 Pre: 0.9016 Re: 0.9314 Acc: 0.9144 F1: 0.9162


--------------------------------------------------------------------
Eval results: Cost:7.3441 Pre:0.9010 Re:0.9206 Acc:0.9107 F1:0.9107
--------------------------------------------------------------------

Epoch 51: Time: 0.3195 Cost: 6.6686 Pre: 0.8913 Re: 0.9420 Acc: 0.9131 F1: 0.9159
Epoch 52: Time: 0.3200 Cost: 6.9907 Pre: 0.8859 Re: 0.9393 Acc: 0.9087 F1: 0.9118
Epoch 53: Time: 0.3232 Cost: 6.5602 Pre: 0.8937 Re: 0.9405 Acc: 0.9138 F1: 0.9165
Epoch 54: Time: 0.3197 Cost: 6.2521 Pre: 0.9131 Re: 0.9279 Acc: 0.9194 F1: 0.9204
Epoch 55: Time: 0.3201 Cost: 6.1187 Pre: 0.9103 Re: 0.9355 Acc: 0.9213 F1: 0.9228
Epoch 56: Time: 0.3236 Cost: 5.8855 Pre: 0.9110 Re: 0.9435 Acc: 0.9253 F1: 0.9270
Epoch 57: Time: 0.3192 Cost: 5.5809 Pre: 0.9169 Re: 0.9458 Acc: 0.9296 F1: 0.9311
Epoch 58: Time: 0.3198 Cost: 5.3527 Pre: 0.9191 Re: 0.9522 Acc: 0.9338 F1: 0.9354
Epoch 59: Time: 0.3227 Cost: 5.3639 Pre: 0.9292 Re: 0.9408 Acc: 0.9342 F1: 0.9350
Epoch 60: Time: 0.3185 Cost: 5.3022 Pre: 0.9205 Re: 0.9522 Acc: 0.9346 F1: 0.9361


--------------------------------------------------------------------
Eval results: Cost:6.0584 Pre:0.9575 Re:0.9109 Acc:0.9359 F1:0.9336
--------------------------------------------------------------------

Epoch 61: Time: 0.3233 Cost: 4.8779 Pre: 0.9153 Re: 0.9625 Acc: 0.9363 F1: 0.9383
Epoch 62: Time: 0.3202 Cost: 5.3385 Pre: 0.9097 Re: 0.9670 Acc: 0.9352 F1: 0.9375
Epoch 63: Time: 0.3195 Cost: 4.8906 Pre: 0.9315 Re: 0.9598 Acc: 0.9443 F1: 0.9455
Epoch 64: Time: 0.3216 Cost: 4.8681 Pre: 0.9164 Re: 0.9644 Acc: 0.9378 F1: 0.9398
Epoch 65: Time: 0.3220 Cost: 4.3066 Pre: 0.9503 Re: 0.9579 Acc: 0.9537 F1: 0.9541
Epoch 66: Time: 0.3195 Cost: 4.0759 Pre: 0.9415 Re: 0.9651 Acc: 0.9523 F1: 0.9532
Epoch 67: Time: 0.3205 Cost: 4.2389 Pre: 0.9353 Re: 0.9697 Acc: 0.9510 F1: 0.9522
Epoch 68: Time: 0.3229 Cost: 3.7421 Pre: 0.9561 Re: 0.9674 Acc: 0.9613 F1: 0.9617
Epoch 69: Time: 0.3204 Cost: 3.6023 Pre: 0.9590 Re: 0.9670 Acc: 0.9626 F1: 0.9630
Epoch 70: Time: 0.3203 Cost: 4.8356 Pre: 0.9305 Re: 0.9651 Acc: 0.9462 F1: 0.9475


--------------------------------------------------------------------
Eval results: Cost:9.1199 Pre:1.0000 Re:0.8225 Acc:0.9122 F1:0.9026
--------------------------------------------------------------------

Epoch 71: Time: 0.3192 Cost: 4.2603 Pre: 0.9527 Re: 0.9617 Acc: 0.9567 F1: 0.9572
Epoch 72: Time: 0.3190 Cost: 3.4377 Pre: 0.9612 Re: 0.9685 Acc: 0.9645 F1: 0.9649
Epoch 73: Time: 0.3232 Cost: 3.0893 Pre: 0.9709 Re: 0.9735 Acc: 0.9720 F1: 0.9722
Epoch 74: Time: 0.3190 Cost: 3.0541 Pre: 0.9596 Re: 0.9826 Acc: 0.9704 F1: 0.9710
Epoch 75: Time: 0.3209 Cost: 3.3073 Pre: 0.9548 Re: 0.9863 Acc: 0.9697 F1: 0.9703
Epoch 76: Time: 0.3224 Cost: 2.7193 Pre: 0.9723 Re: 0.9837 Acc: 0.9777 F1: 0.9779
Epoch 77: Time: 0.3213 Cost: 2.6393 Pre: 0.9787 Re: 0.9772 Acc: 0.9779 F1: 0.9780
Epoch 78: Time: 0.3188 Cost: 2.9990 Pre: 0.9760 Re: 0.9723 Acc: 0.9741 F1: 0.9742
Epoch 79: Time: 0.3232 Cost: 4.6336 Pre: 0.9616 Re: 0.9412 Acc: 0.9516 F1: 0.9513
Epoch 80: Time: 0.3187 Cost: 3.4111 Pre: 0.9446 Re: 0.9894 Acc: 0.9655 F1: 0.9665


--------------------------------------------------------------------
Eval results: Cost:3.6534 Pre:1.0000 Re:0.9393 Acc:0.9700 F1:0.9687
--------------------------------------------------------------------

Epoch 81: Time: 0.3216 Cost: 2.5994 Pre: 0.9817 Re: 0.9788 Acc: 0.9802 F1: 0.9803
Epoch 82: Time: 0.3363 Cost: 1.9796 Pre: 0.9849 Re: 0.9901 Acc: 0.9874 F1: 0.9875
Epoch 83: Time: 0.3190 Cost: 2.8630 Pre: 0.9790 Re: 0.9727 Acc: 0.9758 F1: 0.9758
Epoch 84: Time: 0.3191 Cost: 1.7685 Pre: 0.9905 Re: 0.9909 Acc: 0.9907 F1: 0.9907
Epoch 85: Time: 0.3226 Cost: 1.7891 Pre: 0.9902 Re: 0.9924 Acc: 0.9912 F1: 0.9913
Epoch 86: Time: 0.3196 Cost: 2.2784 Pre: 0.9844 Re: 0.9807 Acc: 0.9825 F1: 0.9825
Epoch 87: Time: 0.3188 Cost: 1.6751 Pre: 0.9939 Re: 0.9920 Acc: 0.9929 F1: 0.9930
Epoch 88: Time: 0.3237 Cost: 1.5618 Pre: 0.9939 Re: 0.9936 Acc: 0.9937 F1: 0.9937
Epoch 89: Time: 0.3182 Cost: 1.4648 Pre: 0.9958 Re: 0.9936 Acc: 0.9947 F1: 0.9947
Epoch 90: Time: 0.3183 Cost: 1.3335 Pre: 0.9973 Re: 0.9951 Acc: 0.9962 F1: 0.9962


--------------------------------------------------------------------
Eval results: Cost:1.2258 Pre:0.9889 Re:1.0000 Acc:0.9944 F1:0.9944
--------------------------------------------------------------------

Epoch 91: Time: 0.3187 Cost: 1.3025 Pre: 0.9970 Re: 0.9954 Acc: 0.9962 F1: 0.9962
Epoch 92: Time: 0.3188 Cost: 1.8254 Pre: 0.9890 Re: 0.9882 Acc: 0.9886 F1: 0.9886
Epoch 93: Time: 0.3231 Cost: 1.1129 Pre: 0.9985 Re: 0.9977 Acc: 0.9981 F1: 0.9981
Epoch 94: Time: 0.3178 Cost: 1.1071 Pre: 0.9992 Re: 0.9977 Acc: 0.9985 F1: 0.9985
Epoch 95: Time: 0.3193 Cost: 2.2480 Pre: 0.9704 Re: 0.9939 Acc: 0.9817 F1: 0.9820
Epoch 96: Time: 0.3222 Cost: 1.6722 Pre: 0.9954 Re: 0.9875 Acc: 0.9914 F1: 0.9914
Epoch 97: Time: 0.3184 Cost: 0.9510 Pre: 0.9992 Re: 0.9992 Acc: 0.9992 F1: 0.9992
Epoch 98: Time: 0.3191 Cost: 1.3669 Pre: 0.9936 Re: 0.9939 Acc: 0.9937 F1: 0.9937
Epoch 99: Time: 0.3224 Cost: 1.7583 Pre: 0.9981 Re: 0.9807 Acc: 0.9893 F1: 0.9893
Epoch 100: Time: 0.3200 Cost: 0.8861 Pre: 0.9996 Re: 0.9996 Acc: 0.9996 F1: 0.9996


--------------------------------------------------------------------
Eval results: Cost:0.7368 Pre:0.9993 Re:0.9993 Acc:0.9993 F1:0.9993
--------------------------------------------------------------------

Epoch 101: Time: 0.3207 Cost: 1.1187 Pre: 0.9970 Re: 0.9958 Acc: 0.9964 F1: 0.9964
Epoch 102: Time: 0.3219 Cost: 1.6226 Pre: 0.9981 Re: 0.9845 Acc: 0.9912 F1: 0.9912
Epoch 103: Time: 0.3187 Cost: 0.8665 Pre: 0.9989 Re: 0.9981 Acc: 0.9985 F1: 0.9985
Epoch 104: Time: 0.3183 Cost: 0.8160 Pre: 0.9996 Re: 0.9992 Acc: 0.9994 F1: 0.9994
Epoch 105: Time: 0.3231 Cost: 0.7874 Pre: 0.9989 Re: 0.9992 Acc: 0.9990 F1: 0.9991
Epoch 106: Time: 0.3187 Cost: 0.8513 Pre: 0.9977 Re: 0.9989 Acc: 0.9983 F1: 0.9983
Epoch 107: Time: 0.3189 Cost: 0.7232 Pre: 0.9996 Re: 0.9996 Acc: 0.9996 F1: 0.9996
Epoch 108: Time: 0.3239 Cost: 0.7683 Pre: 0.9992 Re: 0.9981 Acc: 0.9987 F1: 0.9987
Epoch 109: Time: 0.3186 Cost: 0.7273 Pre: 0.9996 Re: 0.9981 Acc: 0.9989 F1: 0.9989
Epoch 110: Time: 0.3186 Cost: 0.6408 Pre: 0.9996 Re: 0.9992 Acc: 0.9994 F1: 0.9994


--------------------------------------------------------------------
Eval results: Cost:0.4599 Pre:1.0000 Re:1.0000 Acc:1.0000 F1:1.0000
--------------------------------------------------------------------

Epoch 111: Time: 0.3203 Cost: 0.6642 Pre: 0.9996 Re: 0.9981 Acc: 0.9989 F1: 0.9989
Epoch 112: Time: 0.3191 Cost: 0.6533 Pre: 1.0000 Re: 0.9981 Acc: 0.9990 F1: 0.9991
Epoch 113: Time: 0.3238 Cost: 0.5528 Pre: 1.0000 Re: 0.9996 Acc: 0.9998 F1: 0.9998
Epoch 114: Time: 0.3179 Cost: 0.5174 Pre: 1.0000 Re: 1.0000 Acc: 1.0000 F1: 1.0000
Epoch 115: Time: 0.3191 Cost: 0.5001 Pre: 0.9992 Re: 0.9996 Acc: 0.9994 F1: 0.9994
Epoch 116: Time: 0.3226 Cost: 0.4841 Pre: 0.9996 Re: 0.9992 Acc: 0.9994 F1: 0.9994
Epoch 117: Time: 0.3185 Cost: 0.5275 Pre: 0.9996 Re: 0.9989 Acc: 0.9992 F1: 0.9992
Epoch 118: Time: 0.3187 Cost: 0.4367 Pre: 0.9996 Re: 0.9996 Acc: 0.9996 F1: 0.9996
Epoch 119: Time: 0.3237 Cost: 0.3776 Pre: 1.0000 Re: 1.0000 Acc: 1.0000 F1: 1.0000
Epoch 120: Time: 0.3208 Cost: 0.3596 Pre: 1.0000 Re: 1.0000 Acc: 1.0000 F1: 1.0000


--------------------------------------------------------------------
Eval results: Cost:0.2675 Pre:1.0000 Re:1.0000 Acc:1.0000 F1:1.0000
--------------------------------------------------------------------

Epoch 121: Time: 0.3194 Cost: 0.3253 Pre: 1.0000 Re: 1.0000 Acc: 1.0000 F1: 1.0000
Epoch 122: Time: 0.3263 Cost: 0.2916 Pre: 1.0000 Re: 1.0000 Acc: 1.0000 F1: 1.0000
Epoch 123: Time: 0.3328 Cost: 0.2657 Pre: 1.0000 Re: 1.0000 Acc: 1.0000 F1: 1.0000
Epoch 124: Time: 0.3194 Cost: 0.2419 Pre: 1.0000 Re: 1.0000 Acc: 1.0000 F1: 1.0000
Epoch 125: Time: 0.3233 Cost: 0.2231 Pre: 1.0000 Re: 1.0000 Acc: 1.0000 F1: 1.0000
Epoch 126: Time: 0.3193 Cost: 0.2017 Pre: 1.0000 Re: 1.0000 Acc: 1.0000 F1: 1.0000
Epoch 127: Time: 0.3180 Cost: 0.1828 Pre: 1.0000 Re: 1.0000 Acc: 1.0000 F1: 1.0000
Epoch 128: Time: 0.3236 Cost: 0.1642 Pre: 1.0000 Re: 1.0000 Acc: 1.0000 F1: 1.0000
Epoch 129: Time: 0.3196 Cost: 0.1465 Pre: 1.0000 Re: 1.0000 Acc: 1.0000 F1: 1.0000
Epoch 130: Time: 0.3200 Cost: 0.1353 Pre: 1.0000 Re: 1.0000 Acc: 1.0000 F1: 1.0000


--------------------------------------------------------------------
Eval results: Cost:0.0994 Pre:1.0000 Re:1.0000 Acc:1.0000 F1:1.0000
--------------------------------------------------------------------

Epoch 131: Time: 0.4300 Cost: 0.1178 Pre: 1.0000 Re: 1.0000 Acc: 1.0000 F1: 1.0000
Epoch 132: Time: 0.3618 Cost: 0.1054 Pre: 1.0000 Re: 1.0000 Acc: 1.0000 F1: 1.0000
Epoch 133: Time: 0.3333 Cost: 0.0942 Pre: 1.0000 Re: 1.0000 Acc: 1.0000 F1: 1.0000
Epoch 134: Time: 0.3205 Cost: 0.0841 Pre: 1.0000 Re: 1.0000 Acc: 1.0000 F1: 1.0000
Epoch 135: Time: 0.3187 Cost: 0.0754 Pre: 1.0000 Re: 1.0000 Acc: 1.0000 F1: 1.0000
Epoch 136: Time: 0.3216 Cost: 0.0676 Pre: 1.0000 Re: 1.0000 Acc: 1.0000 F1: 1.0000
Epoch 137: Time: 0.3187 Cost: 0.0608 Pre: 1.0000 Re: 1.0000 Acc: 1.0000 F1: 1.0000
Epoch 138: Time: 0.3192 Cost: 0.0548 Pre: 1.0000 Re: 1.0000 Acc: 1.0000 F1: 1.0000
Epoch 139: Time: 0.3230 Cost: 0.0493 Pre: 1.0000 Re: 1.0000 Acc: 1.0000 F1: 1.0000
Epoch 140: Time: 0.3191 Cost: 0.0445 Pre: 1.0000 Re: 1.0000 Acc: 1.0000 F1: 1.0000


--------------------------------------------------------------------
Eval results: Cost:0.0335 Pre:1.0000 Re:1.0000 Acc:1.0000 F1:1.0000
--------------------------------------------------------------------

Epoch 141: Time: 0.3226 Cost: 0.0400 Pre: 1.0000 Re: 1.0000 Acc: 1.0000 F1: 1.0000
Epoch 142: Time: 0.3204 Cost: 0.0363 Pre: 1.0000 Re: 1.0000 Acc: 1.0000 F1: 1.0000
Epoch 143: Time: 0.3191 Cost: 0.0329 Pre: 1.0000 Re: 1.0000 Acc: 1.0000 F1: 1.0000
Epoch 144: Time: 0.3215 Cost: 0.0299 Pre: 1.0000 Re: 1.0000 Acc: 1.0000 F1: 1.0000
Epoch 145: Time: 0.3656 Cost: 0.0273 Pre: 1.0000 Re: 1.0000 Acc: 1.0000 F1: 1.0000
Epoch 146: Time: 0.4008 Cost: 0.0250 Pre: 1.0000 Re: 1.0000 Acc: 1.0000 F1: 1.0000
Epoch 147: Time: 0.3609 Cost: 0.0230 Pre: 1.0000 Re: 1.0000 Acc: 1.0000 F1: 1.0000
Epoch 148: Time: 0.3711 Cost: 0.0213 Pre: 1.0000 Re: 1.0000 Acc: 1.0000 F1: 1.0000
Epoch 149: Time: 0.3312 Cost: 0.0198 Pre: 1.0000 Re: 1.0000 Acc: 1.0000 F1: 1.0000
Epoch 150: Time: 0.3342 Cost: 0.0185 Pre: 1.0000 Re: 1.0000 Acc: 1.0000 F1: 1.0000


--------------------------------------------------------------------
Eval results: Cost:0.0140 Pre:1.0000 Re:1.0000 Acc:1.0000 F1:1.0000
--------------------------------------------------------------------

Epoch 151: Time: 0.3466 Cost: 0.0174 Pre: 1.0000 Re: 1.0000 Acc: 1.0000 F1: 1.0000
Epoch 152: Time: 0.3482 Cost: 0.0165 Pre: 1.0000 Re: 1.0000 Acc: 1.0000 F1: 1.0000
Epoch 153: Time: 0.3376 Cost: 0.0156 Pre: 1.0000 Re: 1.0000 Acc: 1.0000 F1: 1.0000
Epoch 154: Time: 0.3389 Cost: 0.0147 Pre: 1.0000 Re: 1.0000 Acc: 1.0000 F1: 1.0000
Epoch 155: Time: 0.3564 Cost: 0.0137 Pre: 1.0000 Re: 1.0000 Acc: 1.0000 F1: 1.0000
Epoch 156: Time: 0.3248 Cost: 0.0129 Pre: 1.0000 Re: 1.0000 Acc: 1.0000 F1: 1.0000
Epoch 157: Time: 0.3179 Cost: 0.0121 Pre: 1.0000 Re: 1.0000 Acc: 1.0000 F1: 1.0000
Epoch 158: Time: 0.3232 Cost: 0.0114 Pre: 1.0000 Re: 1.0000 Acc: 1.0000 F1: 1.0000
Epoch 159: Time: 0.3187 Cost: 0.0108 Pre: 1.0000 Re: 1.0000 Acc: 1.0000 F1: 1.0000
Epoch 160: Time: 0.3184 Cost: 0.0103 Pre: 1.0000 Re: 1.0000 Acc: 1.0000 F1: 1.0000


--------------------------------------------------------------------
Eval results: Cost:0.0081 Pre:1.0000 Re:1.0000 Acc:1.0000 F1:1.0000
--------------------------------------------------------------------

Epoch 161: Time: 0.3187 Cost: 0.0097 Pre: 1.0000 Re: 1.0000 Acc: 1.0000 F1: 1.0000
Epoch 162: Time: 0.3199 Cost: 0.0093 Pre: 1.0000 Re: 1.0000 Acc: 1.0000 F1: 1.0000
Epoch 163: Time: 0.3252 Cost: 0.0089 Pre: 1.0000 Re: 1.0000 Acc: 1.0000 F1: 1.0000
Epoch 164: Time: 0.3196 Cost: 0.0085 Pre: 1.0000 Re: 1.0000 Acc: 1.0000 F1: 1.0000
Epoch 165: Time: 0.3198 Cost: 0.0081 Pre: 1.0000 Re: 1.0000 Acc: 1.0000 F1: 1.0000
Epoch 166: Time: 0.3213 Cost: 0.0078 Pre: 1.0000 Re: 1.0000 Acc: 1.0000 F1: 1.0000
Epoch 167: Time: 0.3207 Cost: 0.0075 Pre: 1.0000 Re: 1.0000 Acc: 1.0000 F1: 1.0000
Epoch 168: Time: 0.3190 Cost: 0.0072 Pre: 1.0000 Re: 1.0000 Acc: 1.0000 F1: 1.0000
Epoch 169: Time: 0.3259 Cost: 0.0069 Pre: 1.0000 Re: 1.0000 Acc: 1.0000 F1: 1.0000
Epoch 170: Time: 0.3191 Cost: 0.0067 Pre: 1.0000 Re: 1.0000 Acc: 1.0000 F1: 1.0000


--------------------------------------------------------------------
Eval results: Cost:0.0054 Pre:1.0000 Re:1.0000 Acc:1.0000 F1:1.0000
--------------------------------------------------------------------

Epoch 171: Time: 0.3181 Cost: 0.0064 Pre: 1.0000 Re: 1.0000 Acc: 1.0000 F1: 1.0000
Epoch 172: Time: 0.3223 Cost: 0.0062 Pre: 1.0000 Re: 1.0000 Acc: 1.0000 F1: 1.0000
Epoch 173: Time: 0.3190 Cost: 0.0060 Pre: 1.0000 Re: 1.0000 Acc: 1.0000 F1: 1.0000
Epoch 174: Time: 0.3186 Cost: 0.0058 Pre: 1.0000 Re: 1.0000 Acc: 1.0000 F1: 1.0000
Epoch 175: Time: 0.3226 Cost: 0.0057 Pre: 1.0000 Re: 1.0000 Acc: 1.0000 F1: 1.0000
Epoch 176: Time: 0.3188 Cost: 0.0055 Pre: 1.0000 Re: 1.0000 Acc: 1.0000 F1: 1.0000
Epoch 177: Time: 0.3195 Cost: 0.0053 Pre: 1.0000 Re: 1.0000 Acc: 1.0000 F1: 1.0000
Epoch 178: Time: 0.3226 Cost: 0.0052 Pre: 1.0000 Re: 1.0000 Acc: 1.0000 F1: 1.0000
Epoch 179: Time: 0.3196 Cost: 0.0050 Pre: 1.0000 Re: 1.0000 Acc: 1.0000 F1: 1.0000
Epoch 180: Time: 0.3201 Cost: 0.0049 Pre: 1.0000 Re: 1.0000 Acc: 1.0000 F1: 1.0000


--------------------------------------------------------------------
Eval results: Cost:0.0040 Pre:1.0000 Re:1.0000 Acc:1.0000 F1:1.0000
--------------------------------------------------------------------

Epoch 181: Time: 0.3191 Cost: 0.0048 Pre: 1.0000 Re: 1.0000 Acc: 1.0000 F1: 1.0000
Epoch 182: Time: 0.3188 Cost: 0.0047 Pre: 1.0000 Re: 1.0000 Acc: 1.0000 F1: 1.0000
Epoch 183: Time: 0.3226 Cost: 0.0045 Pre: 1.0000 Re: 1.0000 Acc: 1.0000 F1: 1.0000
Epoch 184: Time: 0.3189 Cost: 0.0044 Pre: 1.0000 Re: 1.0000 Acc: 1.0000 F1: 1.0000
Epoch 185: Time: 0.3284 Cost: 0.0043 Pre: 1.0000 Re: 1.0000 Acc: 1.0000 F1: 1.0000
Epoch 186: Time: 0.3373 Cost: 0.0042 Pre: 1.0000 Re: 1.0000 Acc: 1.0000 F1: 1.0000
Epoch 187: Time: 0.3194 Cost: 0.0041 Pre: 1.0000 Re: 1.0000 Acc: 1.0000 F1: 1.0000
Epoch 188: Time: 0.3187 Cost: 0.0040 Pre: 1.0000 Re: 1.0000 Acc: 1.0000 F1: 1.0000
Epoch 189: Time: 0.3226 Cost: 0.0039 Pre: 1.0000 Re: 1.0000 Acc: 1.0000 F1: 1.0000
Epoch 190: Time: 0.3221 Cost: 0.0039 Pre: 1.0000 Re: 1.0000 Acc: 1.0000 F1: 1.0000


--------------------------------------------------------------------
Eval results: Cost:0.0032 Pre:1.0000 Re:1.0000 Acc:1.0000 F1:1.0000
--------------------------------------------------------------------

Epoch 191: Time: 0.3191 Cost: 0.0038 Pre: 1.0000 Re: 1.0000 Acc: 1.0000 F1: 1.0000
Epoch 192: Time: 0.3224 Cost: 0.0037 Pre: 1.0000 Re: 1.0000 Acc: 1.0000 F1: 1.0000
Epoch 193: Time: 0.3186 Cost: 0.0036 Pre: 1.0000 Re: 1.0000 Acc: 1.0000 F1: 1.0000
Epoch 194: Time: 0.3189 Cost: 0.0036 Pre: 1.0000 Re: 1.0000 Acc: 1.0000 F1: 1.0000
Epoch 195: Time: 0.3231 Cost: 0.0035 Pre: 1.0000 Re: 1.0000 Acc: 1.0000 F1: 1.0000
Epoch 196: Time: 0.3182 Cost: 0.0034 Pre: 1.0000 Re: 1.0000 Acc: 1.0000 F1: 1.0000
Epoch 197: Time: 0.3187 Cost: 0.0034 Pre: 1.0000 Re: 1.0000 Acc: 1.0000 F1: 1.0000
Epoch 198: Time: 0.3234 Cost: 0.0033 Pre: 1.0000 Re: 1.0000 Acc: 1.0000 F1: 1.0000
Epoch 199: Time: 0.3640 Cost: 0.0032 Pre: 1.0000 Re: 1.0000 Acc: 1.0000 F1: 1.0000
Epoch 200: Time: 0.3987 Cost: 0.0032 Pre: 1.0000 Re: 1.0000 Acc: 1.0000 F1: 1.0000


--------------------------------------------------------------------
Eval results: Cost:0.0026 Pre:1.0000 Re:1.0000 Acc:1.0000 F1:1.0000
--------------------------------------------------------------------

Epoch 201: Time: 0.3272 Cost: 0.0031 Pre: 1.0000 Re: 1.0000 Acc: 1.0000 F1: 1.0000
Epoch 202: Time: 0.3188 Cost: 0.0031 Pre: 1.0000 Re: 1.0000 Acc: 1.0000 F1: 1.0000
Epoch 203: Time: 0.3245 Cost: 0.0030 Pre: 1.0000 Re: 1.0000 Acc: 1.0000 F1: 1.0000
Epoch 204: Time: 0.3191 Cost: 0.0030 Pre: 1.0000 Re: 1.0000 Acc: 1.0000 F1: 1.0000
Epoch 205: Time: 0.3188 Cost: 0.0029 Pre: 1.0000 Re: 1.0000 Acc: 1.0000 F1: 1.0000
Epoch 206: Time: 0.3224 Cost: 0.0029 Pre: 1.0000 Re: 1.0000 Acc: 1.0000 F1: 1.0000
Epoch 207: Time: 0.3325 Cost: 0.0028 Pre: 1.0000 Re: 1.0000 Acc: 1.0000 F1: 1.0000
Epoch 208: Time: 0.3188 Cost: 0.0028 Pre: 1.0000 Re: 1.0000 Acc: 1.0000 F1: 1.0000
Epoch 209: Time: 0.3235 Cost: 0.0027 Pre: 1.0000 Re: 1.0000 Acc: 1.0000 F1: 1.0000
Epoch 210: Time: 0.3191 Cost: 0.0027 Pre: 1.0000 Re: 1.0000 Acc: 1.0000 F1: 1.0000


--------------------------------------------------------------------
Eval results: Cost:0.0022 Pre:1.0000 Re:1.0000 Acc:1.0000 F1:1.0000
--------------------------------------------------------------------

Epoch 211: Time: 0.3226 Cost: 0.0027 Pre: 1.0000 Re: 1.0000 Acc: 1.0000 F1: 1.0000
Epoch 212: Time: 0.3203 Cost: 0.0026 Pre: 1.0000 Re: 1.0000 Acc: 1.0000 F1: 1.0000
Epoch 213: Time: 0.3192 Cost: 0.0026 Pre: 1.0000 Re: 1.0000 Acc: 1.0000 F1: 1.0000
Epoch 214: Time: 0.3223 Cost: 0.0025 Pre: 1.0000 Re: 1.0000 Acc: 1.0000 F1: 1.0000
Epoch 215: Time: 0.3199 Cost: 0.0025 Pre: 1.0000 Re: 1.0000 Acc: 1.0000 F1: 1.0000
Epoch 216: Time: 0.3202 Cost: 0.0025 Pre: 1.0000 Re: 1.0000 Acc: 1.0000 F1: 1.0000
Epoch 217: Time: 0.3215 Cost: 0.0024 Pre: 1.0000 Re: 1.0000 Acc: 1.0000 F1: 1.0000
Epoch 218: Time: 0.3222 Cost: 0.0024 Pre: 1.0000 Re: 1.0000 Acc: 1.0000 F1: 1.0000
Epoch 219: Time: 0.3194 Cost: 0.0024 Pre: 1.0000 Re: 1.0000 Acc: 1.0000 F1: 1.0000
Epoch 220: Time: 0.3185 Cost: 0.0023 Pre: 1.0000 Re: 1.0000 Acc: 1.0000 F1: 1.0000


--------------------------------------------------------------------
Eval results: Cost:0.0019 Pre:1.0000 Re:1.0000 Acc:1.0000 F1:1.0000
--------------------------------------------------------------------

Early stopping...
--------------------------------------------------------------------
--------------------------------------------------------------------
Test 10470 samples take time: 2.1064
Test results: Cost:0.0020 Pre:1.0000 Re:1.0000 Acc:1.0000 F1:1.0000
--------------------------------------------------------------------

