16768
16562
16206
16632
16380
16425
Load data
RNN type: SRN Grammar: g4 Seed: 1
Model total parameters: 2650
Saving hinit ... 

Epoch 0: Time: 0.4848 Cost: 21.0316 Pre: 0.6731 Re: 0.6708 Acc: 0.6707 F1: 0.6720


--------------------------------------------------------------------
Eval results: Cost:18.4647 Pre:0.6766 Re:0.8712 Acc:0.7302 F1:0.7616
--------------------------------------------------------------------

Epoch 1: Time: 0.3887 Cost: 13.7695 Pre: 0.7851 Re: 0.8449 Acc: 0.8057 F1: 0.8139
Epoch 2: Time: 0.4028 Cost: 10.9386 Pre: 0.8317 Re: 0.8786 Acc: 0.8496 F1: 0.8545
Epoch 3: Time: 0.3966 Cost: 9.2386 Pre: 0.8571 Re: 0.9010 Acc: 0.8747 F1: 0.8785
Epoch 4: Time: 0.3956 Cost: 8.1262 Pre: 0.8678 Re: 0.9185 Acc: 0.8887 F1: 0.8924
Epoch 5: Time: 0.3933 Cost: 7.3667 Pre: 0.8816 Re: 0.9287 Acc: 0.9014 F1: 0.9045
Epoch 6: Time: 0.3895 Cost: 6.5860 Pre: 0.8914 Re: 0.9405 Acc: 0.9125 F1: 0.9153
Epoch 7: Time: 0.3935 Cost: 5.8752 Pre: 0.9042 Re: 0.9518 Acc: 0.9251 F1: 0.9274
Epoch 8: Time: 0.3992 Cost: 5.2526 Pre: 0.9120 Re: 0.9587 Acc: 0.9327 F1: 0.9347
Epoch 9: Time: 0.3900 Cost: 4.7447 Pre: 0.9238 Re: 0.9655 Acc: 0.9426 F1: 0.9442
Epoch 10: Time: 0.3917 Cost: 4.4089 Pre: 0.9318 Re: 0.9681 Acc: 0.9483 F1: 0.9496


--------------------------------------------------------------------
Eval results: Cost:7.9614 Pre:0.8524 Re:0.9603 Acc:0.8981 F1:0.9031
--------------------------------------------------------------------

Epoch 11: Time: 0.3879 Cost: 4.1239 Pre: 0.9364 Re: 0.9651 Acc: 0.9495 F1: 0.9505
Epoch 12: Time: 0.4107 Cost: 3.7981 Pre: 0.9418 Re: 0.9697 Acc: 0.9546 F1: 0.9555
Epoch 13: Time: 0.3941 Cost: 3.4916 Pre: 0.9481 Re: 0.9708 Acc: 0.9586 F1: 0.9593
Epoch 14: Time: 0.3950 Cost: 3.1907 Pre: 0.9541 Re: 0.9772 Acc: 0.9649 F1: 0.9655
Epoch 15: Time: 0.3954 Cost: 3.0866 Pre: 0.9552 Re: 0.9772 Acc: 0.9655 F1: 0.9661
Epoch 16: Time: 0.3970 Cost: 2.7894 Pre: 0.9595 Re: 0.9791 Acc: 0.9687 F1: 0.9692
Epoch 17: Time: 0.3965 Cost: 2.3907 Pre: 0.9668 Re: 0.9841 Acc: 0.9750 F1: 0.9754
Epoch 18: Time: 0.3975 Cost: 2.3281 Pre: 0.9668 Re: 0.9833 Acc: 0.9746 F1: 0.9750
Epoch 19: Time: 0.4003 Cost: 2.1033 Pre: 0.9737 Re: 0.9841 Acc: 0.9786 F1: 0.9789
Epoch 20: Time: 0.4025 Cost: 2.0119 Pre: 0.9724 Re: 0.9875 Acc: 0.9796 F1: 0.9799


--------------------------------------------------------------------
Eval results: Cost:5.1262 Pre:0.9023 Re:0.9753 Acc:0.9355 F1:0.9374
--------------------------------------------------------------------

Epoch 21: Time: 0.3984 Cost: 1.8740 Pre: 0.9785 Re: 0.9860 Acc: 0.9821 F1: 0.9822
Epoch 22: Time: 0.4099 Cost: 1.7119 Pre: 0.9846 Re: 0.9909 Acc: 0.9876 F1: 0.9877
Epoch 23: Time: 0.4000 Cost: 1.5568 Pre: 0.9868 Re: 0.9932 Acc: 0.9899 F1: 0.9900
Epoch 24: Time: 0.4015 Cost: 1.4390 Pre: 0.9902 Re: 0.9932 Acc: 0.9916 F1: 0.9917
Epoch 25: Time: 0.4015 Cost: 1.2922 Pre: 0.9939 Re: 0.9947 Acc: 0.9943 F1: 0.9943
Epoch 26: Time: 0.4332 Cost: 1.2042 Pre: 0.9924 Re: 0.9958 Acc: 0.9941 F1: 0.9941
Epoch 27: Time: 0.4013 Cost: 1.1948 Pre: 0.9936 Re: 0.9939 Acc: 0.9937 F1: 0.9937
Epoch 28: Time: 0.3921 Cost: 1.1652 Pre: 0.9936 Re: 0.9943 Acc: 0.9939 F1: 0.9939
Epoch 29: Time: 0.3838 Cost: 1.2189 Pre: 0.9935 Re: 0.9913 Acc: 0.9924 F1: 0.9924
Epoch 30: Time: 0.3842 Cost: 1.0002 Pre: 0.9958 Re: 0.9973 Acc: 0.9966 F1: 0.9966


--------------------------------------------------------------------
Eval results: Cost:4.0034 Pre:0.9190 Re:0.9948 Acc:0.9540 F1:0.9554
--------------------------------------------------------------------

Epoch 31: Time: 0.4004 Cost: 0.8978 Pre: 0.9970 Re: 0.9973 Acc: 0.9971 F1: 0.9972
Epoch 32: Time: 0.3899 Cost: 0.8480 Pre: 0.9977 Re: 0.9977 Acc: 0.9977 F1: 0.9977
Epoch 33: Time: 0.3922 Cost: 0.8873 Pre: 0.9973 Re: 0.9966 Acc: 0.9969 F1: 0.9970
Epoch 34: Time: 0.4015 Cost: 0.8353 Pre: 0.9977 Re: 0.9970 Acc: 0.9973 F1: 0.9973
Epoch 35: Time: 0.4183 Cost: 0.9189 Pre: 0.9970 Re: 0.9943 Acc: 0.9956 F1: 0.9956
Epoch 36: Time: 0.3955 Cost: 0.6447 Pre: 0.9992 Re: 0.9985 Acc: 0.9989 F1: 0.9989
Epoch 37: Time: 0.3897 Cost: 0.6531 Pre: 0.9989 Re: 0.9981 Acc: 0.9985 F1: 0.9985
Epoch 38: Time: 0.3913 Cost: 0.5474 Pre: 0.9996 Re: 0.9992 Acc: 0.9994 F1: 0.9994
Epoch 39: Time: 0.3973 Cost: 0.7054 Pre: 0.9966 Re: 0.9966 Acc: 0.9966 F1: 0.9966
Epoch 40: Time: 0.3923 Cost: 0.4708 Pre: 1.0000 Re: 0.9992 Acc: 0.9996 F1: 0.9996


--------------------------------------------------------------------
Eval results: Cost:2.2459 Pre:0.9527 Re:0.9963 Acc:0.9737 F1:0.9740
--------------------------------------------------------------------

Epoch 41: Time: 0.5751 Cost: 0.4350 Pre: 1.0000 Re: 0.9992 Acc: 0.9996 F1: 0.9996
Epoch 42: Time: 0.7062 Cost: 0.4186 Pre: 1.0000 Re: 0.9992 Acc: 0.9996 F1: 0.9996
Epoch 43: Time: 0.5759 Cost: 0.4205 Pre: 0.9996 Re: 0.9992 Acc: 0.9994 F1: 0.9994
Epoch 44: Time: 0.5572 Cost: 0.5382 Pre: 0.9985 Re: 0.9977 Acc: 0.9981 F1: 0.9981
Epoch 45: Time: 0.5621 Cost: 0.3692 Pre: 1.0000 Re: 0.9989 Acc: 0.9994 F1: 0.9994
Epoch 46: Time: 0.5103 Cost: 0.3744 Pre: 1.0000 Re: 0.9985 Acc: 0.9992 F1: 0.9992
Epoch 47: Time: 0.5134 Cost: 0.3104 Pre: 1.0000 Re: 0.9992 Acc: 0.9996 F1: 0.9996
Epoch 48: Time: 0.5292 Cost: 0.2860 Pre: 1.0000 Re: 0.9992 Acc: 0.9996 F1: 0.9996
Epoch 49: Time: 0.4481 Cost: 0.2857 Pre: 1.0000 Re: 0.9989 Acc: 0.9994 F1: 0.9994
Epoch 50: Time: 0.3943 Cost: 0.4874 Pre: 0.9973 Re: 0.9973 Acc: 0.9973 F1: 0.9973


--------------------------------------------------------------------
Eval results: Cost:2.2369 Pre:0.9541 Re:0.9963 Acc:0.9744 F1:0.9747
--------------------------------------------------------------------

Epoch 51: Time: 0.3930 Cost: 0.2702 Pre: 1.0000 Re: 0.9985 Acc: 0.9992 F1: 0.9992
Epoch 52: Time: 0.3889 Cost: 0.2339 Pre: 1.0000 Re: 0.9992 Acc: 0.9996 F1: 0.9996
Epoch 53: Time: 0.3881 Cost: 0.2099 Pre: 1.0000 Re: 0.9992 Acc: 0.9996 F1: 0.9996
Epoch 54: Time: 0.4019 Cost: 0.2126 Pre: 1.0000 Re: 0.9992 Acc: 0.9996 F1: 0.9996
Epoch 55: Time: 0.3948 Cost: 0.2999 Pre: 0.9989 Re: 0.9981 Acc: 0.9985 F1: 0.9985
Epoch 56: Time: 0.3841 Cost: 0.2268 Pre: 0.9989 Re: 0.9992 Acc: 0.9990 F1: 0.9991
Epoch 57: Time: 0.3922 Cost: 0.1629 Pre: 1.0000 Re: 0.9996 Acc: 0.9998 F1: 0.9998
Epoch 58: Time: 0.3976 Cost: 0.1634 Pre: 1.0000 Re: 0.9996 Acc: 0.9998 F1: 0.9998
Epoch 59: Time: 0.4011 Cost: 0.1449 Pre: 1.0000 Re: 1.0000 Acc: 1.0000 F1: 1.0000
Epoch 60: Time: 0.3978 Cost: 0.1265 Pre: 1.0000 Re: 1.0000 Acc: 1.0000 F1: 1.0000


--------------------------------------------------------------------
Eval results: Cost:1.1576 Pre:0.9730 Re:0.9985 Acc:0.9855 F1:0.9856
--------------------------------------------------------------------

Epoch 61: Time: 0.3967 Cost: 0.1255 Pre: 1.0000 Re: 1.0000 Acc: 1.0000 F1: 1.0000
Epoch 62: Time: 0.3969 Cost: 0.1096 Pre: 1.0000 Re: 1.0000 Acc: 1.0000 F1: 1.0000
Epoch 63: Time: 0.3958 Cost: 0.1083 Pre: 1.0000 Re: 1.0000 Acc: 1.0000 F1: 1.0000
Epoch 64: Time: 0.3897 Cost: 0.0942 Pre: 1.0000 Re: 1.0000 Acc: 1.0000 F1: 1.0000
Epoch 65: Time: 0.3937 Cost: 0.0864 Pre: 1.0000 Re: 1.0000 Acc: 1.0000 F1: 1.0000
Epoch 66: Time: 0.3960 Cost: 0.0868 Pre: 1.0000 Re: 1.0000 Acc: 1.0000 F1: 1.0000
Epoch 67: Time: 0.3989 Cost: 0.1268 Pre: 1.0000 Re: 0.9992 Acc: 0.9996 F1: 0.9996
Epoch 68: Time: 0.3964 Cost: 0.1454 Pre: 0.9992 Re: 0.9996 Acc: 0.9994 F1: 0.9994
Epoch 69: Time: 0.4027 Cost: 0.0759 Pre: 1.0000 Re: 1.0000 Acc: 1.0000 F1: 1.0000
Epoch 70: Time: 0.4022 Cost: 0.0686 Pre: 1.0000 Re: 1.0000 Acc: 1.0000 F1: 1.0000


--------------------------------------------------------------------
Eval results: Cost:0.9372 Pre:0.9787 Re:1.0000 Acc:0.9893 F1:0.9893
--------------------------------------------------------------------

Epoch 71: Time: 0.3968 Cost: 0.0813 Pre: 1.0000 Re: 1.0000 Acc: 1.0000 F1: 1.0000
Epoch 72: Time: 0.4436 Cost: 0.0566 Pre: 1.0000 Re: 1.0000 Acc: 1.0000 F1: 1.0000
Epoch 73: Time: 0.3956 Cost: 0.0606 Pre: 1.0000 Re: 1.0000 Acc: 1.0000 F1: 1.0000
Epoch 74: Time: 0.3910 Cost: 0.0561 Pre: 1.0000 Re: 1.0000 Acc: 1.0000 F1: 1.0000
Epoch 75: Time: 0.3893 Cost: 0.0481 Pre: 1.0000 Re: 1.0000 Acc: 1.0000 F1: 1.0000
Epoch 76: Time: 0.4088 Cost: 0.0427 Pre: 1.0000 Re: 1.0000 Acc: 1.0000 F1: 1.0000
Epoch 77: Time: 0.3951 Cost: 0.0400 Pre: 1.0000 Re: 1.0000 Acc: 1.0000 F1: 1.0000
Epoch 78: Time: 0.4032 Cost: 0.0355 Pre: 1.0000 Re: 1.0000 Acc: 1.0000 F1: 1.0000
Epoch 79: Time: 0.3959 Cost: 0.0314 Pre: 1.0000 Re: 1.0000 Acc: 1.0000 F1: 1.0000
Epoch 80: Time: 0.3801 Cost: 0.0290 Pre: 1.0000 Re: 1.0000 Acc: 1.0000 F1: 1.0000


--------------------------------------------------------------------
Eval results: Cost:0.8202 Pre:0.9831 Re:1.0000 Acc:0.9915 F1:0.9915
--------------------------------------------------------------------

Epoch 81: Time: 0.3865 Cost: 0.0322 Pre: 1.0000 Re: 1.0000 Acc: 1.0000 F1: 1.0000
Epoch 82: Time: 0.3982 Cost: 0.0259 Pre: 1.0000 Re: 1.0000 Acc: 1.0000 F1: 1.0000
Epoch 83: Time: 0.3978 Cost: 0.0264 Pre: 1.0000 Re: 1.0000 Acc: 1.0000 F1: 1.0000
Epoch 84: Time: 0.3923 Cost: 0.0247 Pre: 1.0000 Re: 1.0000 Acc: 1.0000 F1: 1.0000
Epoch 85: Time: 0.3913 Cost: 0.0220 Pre: 1.0000 Re: 1.0000 Acc: 1.0000 F1: 1.0000
Epoch 86: Time: 0.3830 Cost: 0.0199 Pre: 1.0000 Re: 1.0000 Acc: 1.0000 F1: 1.0000
Epoch 87: Time: 0.4088 Cost: 0.0183 Pre: 1.0000 Re: 1.0000 Acc: 1.0000 F1: 1.0000
Epoch 88: Time: 0.4994 Cost: 0.0169 Pre: 1.0000 Re: 1.0000 Acc: 1.0000 F1: 1.0000
Epoch 89: Time: 0.4113 Cost: 0.0157 Pre: 1.0000 Re: 1.0000 Acc: 1.0000 F1: 1.0000
Epoch 90: Time: 0.3932 Cost: 0.0146 Pre: 1.0000 Re: 1.0000 Acc: 1.0000 F1: 1.0000


--------------------------------------------------------------------
Eval results: Cost:0.6491 Pre:0.9852 Re:1.0000 Acc:0.9926 F1:0.9926
--------------------------------------------------------------------

Epoch 91: Time: 0.3910 Cost: 0.0218 Pre: 1.0000 Re: 1.0000 Acc: 1.0000 F1: 1.0000
Epoch 92: Time: 0.3974 Cost: 0.0140 Pre: 1.0000 Re: 1.0000 Acc: 1.0000 F1: 1.0000
Epoch 93: Time: 0.3938 Cost: 0.0141 Pre: 1.0000 Re: 1.0000 Acc: 1.0000 F1: 1.0000
Epoch 94: Time: 0.3965 Cost: 0.0145 Pre: 1.0000 Re: 1.0000 Acc: 1.0000 F1: 1.0000
Epoch 95: Time: 0.3903 Cost: 0.0130 Pre: 1.0000 Re: 1.0000 Acc: 1.0000 F1: 1.0000
Epoch 96: Time: 0.4009 Cost: 0.0119 Pre: 1.0000 Re: 1.0000 Acc: 1.0000 F1: 1.0000
Epoch 97: Time: 0.4018 Cost: 0.0110 Pre: 1.0000 Re: 1.0000 Acc: 1.0000 F1: 1.0000
Epoch 98: Time: 0.4047 Cost: 0.0104 Pre: 1.0000 Re: 1.0000 Acc: 1.0000 F1: 1.0000
Epoch 99: Time: 0.3946 Cost: 0.0099 Pre: 1.0000 Re: 1.0000 Acc: 1.0000 F1: 1.0000
Epoch 100: Time: 0.3815 Cost: 0.0094 Pre: 1.0000 Re: 1.0000 Acc: 1.0000 F1: 1.0000


--------------------------------------------------------------------
Eval results: Cost:0.4818 Pre:0.9896 Re:1.0000 Acc:0.9948 F1:0.9948
--------------------------------------------------------------------

Epoch 101: Time: 0.4187 Cost: 0.0194 Pre: 1.0000 Re: 1.0000 Acc: 1.0000 F1: 1.0000
Epoch 102: Time: 0.3945 Cost: 0.0090 Pre: 1.0000 Re: 1.0000 Acc: 1.0000 F1: 1.0000
Epoch 103: Time: 0.3925 Cost: 0.0096 Pre: 1.0000 Re: 1.0000 Acc: 1.0000 F1: 1.0000
Epoch 104: Time: 0.3923 Cost: 0.0125 Pre: 1.0000 Re: 1.0000 Acc: 1.0000 F1: 1.0000
Epoch 105: Time: 0.3967 Cost: 0.0106 Pre: 1.0000 Re: 1.0000 Acc: 1.0000 F1: 1.0000
Epoch 106: Time: 0.4007 Cost: 0.0089 Pre: 1.0000 Re: 1.0000 Acc: 1.0000 F1: 1.0000
Epoch 107: Time: 0.3884 Cost: 0.0078 Pre: 1.0000 Re: 1.0000 Acc: 1.0000 F1: 1.0000
Epoch 108: Time: 0.4020 Cost: 0.0072 Pre: 1.0000 Re: 1.0000 Acc: 1.0000 F1: 1.0000
Epoch 109: Time: 0.4010 Cost: 0.0069 Pre: 1.0000 Re: 1.0000 Acc: 1.0000 F1: 1.0000
Epoch 110: Time: 0.5037 Cost: 0.0067 Pre: 1.0000 Re: 1.0000 Acc: 1.0000 F1: 1.0000


--------------------------------------------------------------------
Eval results: Cost:0.3154 Pre:0.9948 Re:0.9985 Acc:0.9967 F1:0.9966
--------------------------------------------------------------------

Epoch 111: Time: 0.5555 Cost: 0.0101 Pre: 1.0000 Re: 1.0000 Acc: 1.0000 F1: 1.0000
Epoch 112: Time: 0.4538 Cost: 0.0061 Pre: 1.0000 Re: 1.0000 Acc: 1.0000 F1: 1.0000
Epoch 113: Time: 0.4058 Cost: 0.0058 Pre: 1.0000 Re: 1.0000 Acc: 1.0000 F1: 1.0000
Epoch 114: Time: 0.4128 Cost: 0.0065 Pre: 1.0000 Re: 1.0000 Acc: 1.0000 F1: 1.0000
Epoch 115: Time: 0.3993 Cost: 0.0062 Pre: 1.0000 Re: 1.0000 Acc: 1.0000 F1: 1.0000
Epoch 116: Time: 0.4123 Cost: 0.0060 Pre: 1.0000 Re: 1.0000 Acc: 1.0000 F1: 1.0000
Epoch 117: Time: 0.4048 Cost: 0.0060 Pre: 1.0000 Re: 1.0000 Acc: 1.0000 F1: 1.0000
Epoch 118: Time: 0.4059 Cost: 0.0058 Pre: 1.0000 Re: 1.0000 Acc: 1.0000 F1: 1.0000
Epoch 119: Time: 0.4092 Cost: 0.0055 Pre: 1.0000 Re: 1.0000 Acc: 1.0000 F1: 1.0000
Epoch 120: Time: 0.4132 Cost: 0.0051 Pre: 1.0000 Re: 1.0000 Acc: 1.0000 F1: 1.0000


--------------------------------------------------------------------
Eval results: Cost:0.2406 Pre:0.9955 Re:1.0000 Acc:0.9978 F1:0.9978
--------------------------------------------------------------------

Epoch 121: Time: 0.4189 Cost: 0.0064 Pre: 1.0000 Re: 1.0000 Acc: 1.0000 F1: 1.0000
Epoch 122: Time: 0.4151 Cost: 0.0041 Pre: 1.0000 Re: 1.0000 Acc: 1.0000 F1: 1.0000
Epoch 123: Time: 0.4362 Cost: 0.0040 Pre: 1.0000 Re: 1.0000 Acc: 1.0000 F1: 1.0000
Epoch 124: Time: 0.4625 Cost: 0.0040 Pre: 1.0000 Re: 1.0000 Acc: 1.0000 F1: 1.0000
Epoch 125: Time: 0.4509 Cost: 0.0038 Pre: 1.0000 Re: 1.0000 Acc: 1.0000 F1: 1.0000
Epoch 126: Time: 0.4969 Cost: 0.0037 Pre: 1.0000 Re: 1.0000 Acc: 1.0000 F1: 1.0000
Epoch 127: Time: 0.4497 Cost: 0.0036 Pre: 1.0000 Re: 1.0000 Acc: 1.0000 F1: 1.0000
Epoch 128: Time: 0.4864 Cost: 0.0035 Pre: 1.0000 Re: 1.0000 Acc: 1.0000 F1: 1.0000
Epoch 129: Time: 0.4560 Cost: 0.0034 Pre: 1.0000 Re: 1.0000 Acc: 1.0000 F1: 1.0000
Epoch 130: Time: 0.4606 Cost: 0.0033 Pre: 1.0000 Re: 1.0000 Acc: 1.0000 F1: 1.0000


--------------------------------------------------------------------
Eval results: Cost:0.2213 Pre:0.9955 Re:1.0000 Acc:0.9978 F1:0.9978
--------------------------------------------------------------------

Epoch 131: Time: 0.4450 Cost: 0.0034 Pre: 1.0000 Re: 1.0000 Acc: 1.0000 F1: 1.0000
Epoch 132: Time: 0.4414 Cost: 0.0031 Pre: 1.0000 Re: 1.0000 Acc: 1.0000 F1: 1.0000
Epoch 133: Time: 0.4238 Cost: 0.0031 Pre: 1.0000 Re: 1.0000 Acc: 1.0000 F1: 1.0000
Epoch 134: Time: 0.4479 Cost: 0.0031 Pre: 1.0000 Re: 1.0000 Acc: 1.0000 F1: 1.0000
Epoch 135: Time: 0.4529 Cost: 0.0029 Pre: 1.0000 Re: 1.0000 Acc: 1.0000 F1: 1.0000
Epoch 136: Time: 0.4069 Cost: 0.0029 Pre: 1.0000 Re: 1.0000 Acc: 1.0000 F1: 1.0000
Epoch 137: Time: 0.4285 Cost: 0.0028 Pre: 1.0000 Re: 1.0000 Acc: 1.0000 F1: 1.0000
Epoch 138: Time: 0.5044 Cost: 0.0028 Pre: 1.0000 Re: 1.0000 Acc: 1.0000 F1: 1.0000
Epoch 139: Time: 0.4592 Cost: 0.0027 Pre: 1.0000 Re: 1.0000 Acc: 1.0000 F1: 1.0000
Epoch 140: Time: 0.4348 Cost: 0.0027 Pre: 1.0000 Re: 1.0000 Acc: 1.0000 F1: 1.0000


--------------------------------------------------------------------
Eval results: Cost:0.2040 Pre:0.9963 Re:1.0000 Acc:0.9981 F1:0.9981
--------------------------------------------------------------------

Epoch 141: Time: 0.4261 Cost: 0.0031 Pre: 1.0000 Re: 1.0000 Acc: 1.0000 F1: 1.0000
Epoch 142: Time: 0.5140 Cost: 0.0026 Pre: 1.0000 Re: 1.0000 Acc: 1.0000 F1: 1.0000
Epoch 143: Time: 0.4176 Cost: 0.0026 Pre: 1.0000 Re: 1.0000 Acc: 1.0000 F1: 1.0000
Epoch 144: Time: 0.3892 Cost: 0.0026 Pre: 1.0000 Re: 1.0000 Acc: 1.0000 F1: 1.0000
Epoch 145: Time: 0.3947 Cost: 0.0025 Pre: 1.0000 Re: 1.0000 Acc: 1.0000 F1: 1.0000
Epoch 146: Time: 0.3970 Cost: 0.0025 Pre: 1.0000 Re: 1.0000 Acc: 1.0000 F1: 1.0000
Epoch 147: Time: 0.3963 Cost: 0.0024 Pre: 1.0000 Re: 1.0000 Acc: 1.0000 F1: 1.0000
Epoch 148: Time: 0.4045 Cost: 0.0024 Pre: 1.0000 Re: 1.0000 Acc: 1.0000 F1: 1.0000
Epoch 149: Time: 0.3972 Cost: 0.0023 Pre: 1.0000 Re: 1.0000 Acc: 1.0000 F1: 1.0000
Epoch 150: Time: 0.3856 Cost: 0.0023 Pre: 1.0000 Re: 1.0000 Acc: 1.0000 F1: 1.0000


--------------------------------------------------------------------
Eval results: Cost:0.1862 Pre:0.9963 Re:1.0000 Acc:0.9981 F1:0.9981
--------------------------------------------------------------------

Epoch 151: Time: 0.3894 Cost: 0.0029 Pre: 1.0000 Re: 1.0000 Acc: 1.0000 F1: 1.0000
Epoch 152: Time: 0.3882 Cost: 0.0022 Pre: 1.0000 Re: 1.0000 Acc: 1.0000 F1: 1.0000
Epoch 153: Time: 0.4015 Cost: 0.0022 Pre: 1.0000 Re: 1.0000 Acc: 1.0000 F1: 1.0000
Epoch 154: Time: 0.4167 Cost: 0.0022 Pre: 1.0000 Re: 1.0000 Acc: 1.0000 F1: 1.0000
Epoch 155: Time: 0.4031 Cost: 0.0022 Pre: 1.0000 Re: 1.0000 Acc: 1.0000 F1: 1.0000
Epoch 156: Time: 0.3970 Cost: 0.0021 Pre: 1.0000 Re: 1.0000 Acc: 1.0000 F1: 1.0000
Epoch 157: Time: 0.3922 Cost: 0.0021 Pre: 1.0000 Re: 1.0000 Acc: 1.0000 F1: 1.0000
Epoch 158: Time: 0.3979 Cost: 0.0021 Pre: 1.0000 Re: 1.0000 Acc: 1.0000 F1: 1.0000
Epoch 159: Time: 0.3899 Cost: 0.0021 Pre: 1.0000 Re: 1.0000 Acc: 1.0000 F1: 1.0000
Epoch 160: Time: 0.3896 Cost: 0.0020 Pre: 1.0000 Re: 1.0000 Acc: 1.0000 F1: 1.0000


--------------------------------------------------------------------
Eval results: Cost:0.1769 Pre:0.9970 Re:1.0000 Acc:0.9985 F1:0.9985
--------------------------------------------------------------------

Epoch 161: Time: 0.3864 Cost: 0.0025 Pre: 1.0000 Re: 1.0000 Acc: 1.0000 F1: 1.0000
Epoch 162: Time: 0.4036 Cost: 0.0020 Pre: 1.0000 Re: 1.0000 Acc: 1.0000 F1: 1.0000
Epoch 163: Time: 0.3916 Cost: 0.0019 Pre: 1.0000 Re: 1.0000 Acc: 1.0000 F1: 1.0000
Epoch 164: Time: 0.3888 Cost: 0.0019 Pre: 1.0000 Re: 1.0000 Acc: 1.0000 F1: 1.0000
Epoch 165: Time: 0.3779 Cost: 0.0019 Pre: 1.0000 Re: 1.0000 Acc: 1.0000 F1: 1.0000
Epoch 166: Time: 0.3923 Cost: 0.0019 Pre: 1.0000 Re: 1.0000 Acc: 1.0000 F1: 1.0000
Epoch 167: Time: 0.4120 Cost: 0.0018 Pre: 1.0000 Re: 1.0000 Acc: 1.0000 F1: 1.0000
Epoch 168: Time: 0.3947 Cost: 0.0018 Pre: 1.0000 Re: 1.0000 Acc: 1.0000 F1: 1.0000
Epoch 169: Time: 0.3998 Cost: 0.0018 Pre: 1.0000 Re: 1.0000 Acc: 1.0000 F1: 1.0000
Epoch 170: Time: 0.4002 Cost: 0.0018 Pre: 1.0000 Re: 1.0000 Acc: 1.0000 F1: 1.0000


--------------------------------------------------------------------
Eval results: Cost:0.1789 Pre:0.9970 Re:1.0000 Acc:0.9985 F1:0.9985
--------------------------------------------------------------------

Epoch 171: Time: 0.3981 Cost: 0.0021 Pre: 1.0000 Re: 1.0000 Acc: 1.0000 F1: 1.0000
Epoch 172: Time: 0.3933 Cost: 0.0017 Pre: 1.0000 Re: 1.0000 Acc: 1.0000 F1: 1.0000
Epoch 173: Time: 0.3842 Cost: 0.0017 Pre: 1.0000 Re: 1.0000 Acc: 1.0000 F1: 1.0000
Epoch 174: Time: 0.3970 Cost: 0.0017 Pre: 1.0000 Re: 1.0000 Acc: 1.0000 F1: 1.0000
Epoch 175: Time: 0.4653 Cost: 0.0017 Pre: 1.0000 Re: 1.0000 Acc: 1.0000 F1: 1.0000
Epoch 176: Time: 0.4396 Cost: 0.0016 Pre: 1.0000 Re: 1.0000 Acc: 1.0000 F1: 1.0000
Epoch 177: Time: 0.4376 Cost: 0.0016 Pre: 1.0000 Re: 1.0000 Acc: 1.0000 F1: 1.0000
Epoch 178: Time: 0.4126 Cost: 0.0016 Pre: 1.0000 Re: 1.0000 Acc: 1.0000 F1: 1.0000
Epoch 179: Time: 0.3927 Cost: 0.0016 Pre: 1.0000 Re: 1.0000 Acc: 1.0000 F1: 1.0000
Epoch 180: Time: 0.3918 Cost: 0.0015 Pre: 1.0000 Re: 1.0000 Acc: 1.0000 F1: 1.0000


--------------------------------------------------------------------
Eval results: Cost:0.1879 Pre:0.9970 Re:1.0000 Acc:0.9985 F1:0.9985
--------------------------------------------------------------------

Epoch 181: Time: 0.3943 Cost: 0.0016 Pre: 1.0000 Re: 1.0000 Acc: 1.0000 F1: 1.0000
Epoch 182: Time: 0.3890 Cost: 0.0015 Pre: 1.0000 Re: 1.0000 Acc: 1.0000 F1: 1.0000
Epoch 183: Time: 0.4027 Cost: 0.0015 Pre: 1.0000 Re: 1.0000 Acc: 1.0000 F1: 1.0000
Epoch 184: Time: 0.3869 Cost: 0.0015 Pre: 1.0000 Re: 1.0000 Acc: 1.0000 F1: 1.0000
Epoch 185: Time: 0.3876 Cost: 0.0015 Pre: 1.0000 Re: 1.0000 Acc: 1.0000 F1: 1.0000
Epoch 186: Time: 0.3894 Cost: 0.0014 Pre: 1.0000 Re: 1.0000 Acc: 1.0000 F1: 1.0000
Epoch 187: Time: 0.3946 Cost: 0.0014 Pre: 1.0000 Re: 1.0000 Acc: 1.0000 F1: 1.0000
Epoch 188: Time: 0.3958 Cost: 0.0014 Pre: 1.0000 Re: 1.0000 Acc: 1.0000 F1: 1.0000
Epoch 189: Time: 0.3983 Cost: 0.0014 Pre: 1.0000 Re: 1.0000 Acc: 1.0000 F1: 1.0000
Epoch 190: Time: 0.3871 Cost: 0.0014 Pre: 1.0000 Re: 1.0000 Acc: 1.0000 F1: 1.0000


--------------------------------------------------------------------
Eval results: Cost:0.2162 Pre:0.9963 Re:1.0000 Acc:0.9981 F1:0.9981
--------------------------------------------------------------------

Epoch 191: Time: 0.3864 Cost: 0.0014 Pre: 1.0000 Re: 1.0000 Acc: 1.0000 F1: 1.0000
Epoch 192: Time: 0.3969 Cost: 0.0014 Pre: 1.0000 Re: 1.0000 Acc: 1.0000 F1: 1.0000
Epoch 193: Time: 0.3854 Cost: 0.0013 Pre: 1.0000 Re: 1.0000 Acc: 1.0000 F1: 1.0000
Epoch 194: Time: 0.3923 Cost: 0.0013 Pre: 1.0000 Re: 1.0000 Acc: 1.0000 F1: 1.0000
Epoch 195: Time: 0.3945 Cost: 0.0013 Pre: 1.0000 Re: 1.0000 Acc: 1.0000 F1: 1.0000
Epoch 196: Time: 0.3975 Cost: 0.0013 Pre: 1.0000 Re: 1.0000 Acc: 1.0000 F1: 1.0000
Epoch 197: Time: 0.3955 Cost: 0.0013 Pre: 1.0000 Re: 1.0000 Acc: 1.0000 F1: 1.0000
Epoch 198: Time: 0.3979 Cost: 0.0013 Pre: 1.0000 Re: 1.0000 Acc: 1.0000 F1: 1.0000
Epoch 199: Time: 0.3946 Cost: 0.0013 Pre: 1.0000 Re: 1.0000 Acc: 1.0000 F1: 1.0000
Epoch 200: Time: 0.3968 Cost: 0.0012 Pre: 1.0000 Re: 1.0000 Acc: 1.0000 F1: 1.0000


--------------------------------------------------------------------
Eval results: Cost:0.1942 Pre:0.9970 Re:1.0000 Acc:0.9985 F1:0.9985
--------------------------------------------------------------------

Epoch 201: Time: 0.3970 Cost: 0.0012 Pre: 1.0000 Re: 1.0000 Acc: 1.0000 F1: 1.0000
Epoch 202: Time: 0.3869 Cost: 0.0012 Pre: 1.0000 Re: 1.0000 Acc: 1.0000 F1: 1.0000
Epoch 203: Time: 0.3919 Cost: 0.0012 Pre: 1.0000 Re: 1.0000 Acc: 1.0000 F1: 1.0000
Epoch 204: Time: 0.4057 Cost: 0.0012 Pre: 1.0000 Re: 1.0000 Acc: 1.0000 F1: 1.0000
Epoch 205: Time: 0.3953 Cost: 0.0012 Pre: 1.0000 Re: 1.0000 Acc: 1.0000 F1: 1.0000
Epoch 206: Time: 0.3959 Cost: 0.0012 Pre: 1.0000 Re: 1.0000 Acc: 1.0000 F1: 1.0000
Epoch 207: Time: 0.3911 Cost: 0.0012 Pre: 1.0000 Re: 1.0000 Acc: 1.0000 F1: 1.0000
Epoch 208: Time: 0.4029 Cost: 0.0012 Pre: 1.0000 Re: 1.0000 Acc: 1.0000 F1: 1.0000
Epoch 209: Time: 0.3962 Cost: 0.0012 Pre: 1.0000 Re: 1.0000 Acc: 1.0000 F1: 1.0000
Epoch 210: Time: 0.3945 Cost: 0.0011 Pre: 1.0000 Re: 1.0000 Acc: 1.0000 F1: 1.0000


--------------------------------------------------------------------
Eval results: Cost:0.2098 Pre:0.9963 Re:1.0000 Acc:0.9981 F1:0.9981
--------------------------------------------------------------------

Epoch 211: Time: 0.3943 Cost: 0.0011 Pre: 1.0000 Re: 1.0000 Acc: 1.0000 F1: 1.0000
Epoch 212: Time: 0.3946 Cost: 0.0011 Pre: 1.0000 Re: 1.0000 Acc: 1.0000 F1: 1.0000
Epoch 213: Time: 0.3874 Cost: 0.0011 Pre: 1.0000 Re: 1.0000 Acc: 1.0000 F1: 1.0000
Epoch 214: Time: 0.3932 Cost: 0.0011 Pre: 1.0000 Re: 1.0000 Acc: 1.0000 F1: 1.0000
Epoch 215: Time: 0.3915 Cost: 0.0011 Pre: 1.0000 Re: 1.0000 Acc: 1.0000 F1: 1.0000
Epoch 216: Time: 0.3951 Cost: 0.0011 Pre: 1.0000 Re: 1.0000 Acc: 1.0000 F1: 1.0000
Epoch 217: Time: 0.3945 Cost: 0.0011 Pre: 1.0000 Re: 1.0000 Acc: 1.0000 F1: 1.0000
Epoch 218: Time: 0.4047 Cost: 0.0011 Pre: 1.0000 Re: 1.0000 Acc: 1.0000 F1: 1.0000
Epoch 219: Time: 0.3962 Cost: 0.0011 Pre: 1.0000 Re: 1.0000 Acc: 1.0000 F1: 1.0000
Epoch 220: Time: 0.4011 Cost: 0.0011 Pre: 1.0000 Re: 1.0000 Acc: 1.0000 F1: 1.0000


--------------------------------------------------------------------
Eval results: Cost:0.2259 Pre:0.9963 Re:1.0000 Acc:0.9981 F1:0.9981
--------------------------------------------------------------------

Early stopping...
--------------------------------------------------------------------
--------------------------------------------------------------------
Test 10470 samples take time: 2.2528
FP id:
[ 252  491  836 1173 1177 2227 2510 2837 3186 3232 3439 3440 3763 4558 7007
 7922 9483]
Test results: Cost:0.1461 Pre:0.9967 Re:1.0000 Acc:0.9984 F1:0.9983
--------------------------------------------------------------------

