16768
16562
16206
16632
16380
16425
Load data
RNN type: SRN Grammar: g4 Seed: 7
Model total parameters: 130
Saving hinit ... 

Epoch 0: Time: 0.1801 Cost: 26.1746 Pre: 0.4611 Re: 0.4562 Acc: 0.4585 F1: 0.4586


--------------------------------------------------------------------
Eval results: Cost:25.7098 Pre:0.4581 Re:0.4464 Acc:0.4648 F1:0.4522
--------------------------------------------------------------------

Epoch 1: Time: 0.1110 Cost: 25.5174 Pre: 0.4611 Re: 0.4562 Acc: 0.4585 F1: 0.4586
Epoch 2: Time: 0.1073 Cost: 25.0515 Pre: 0.4642 Re: 0.4699 Acc: 0.4608 F1: 0.4670
Epoch 3: Time: 0.1075 Cost: 24.6509 Pre: 0.5737 Re: 0.6746 Acc: 0.5844 F1: 0.6201
Epoch 4: Time: 0.1094 Cost: 24.3129 Pre: 0.5949 Re: 0.5958 Acc: 0.5928 F1: 0.5953
Epoch 5: Time: 0.1088 Cost: 24.0117 Pre: 0.5945 Re: 0.5942 Acc: 0.5922 F1: 0.5943
Epoch 6: Time: 0.1080 Cost: 23.7249 Pre: 0.5945 Re: 0.5942 Acc: 0.5922 F1: 0.5943
Epoch 7: Time: 0.1076 Cost: 23.4350 Pre: 0.5945 Re: 0.5942 Acc: 0.5922 F1: 0.5943
Epoch 8: Time: 0.1090 Cost: 23.1263 Pre: 0.5981 Re: 0.6587 Acc: 0.6059 F1: 0.6270
Epoch 9: Time: 0.1059 Cost: 22.7834 Pre: 0.6076 Re: 0.6769 Acc: 0.6177 F1: 0.6404
Epoch 10: Time: 0.1144 Cost: 22.3873 Pre: 0.6330 Re: 0.6849 Acc: 0.6419 F1: 0.6579


--------------------------------------------------------------------
Eval results: Cost:22.8743 Pre:0.5919 Re:0.6824 Acc:0.6101 F1:0.6340
--------------------------------------------------------------------

Epoch 11: Time: 0.1061 Cost: 21.9533 Pre: 0.6330 Re: 0.7031 Acc: 0.6458 F1: 0.6662
Epoch 12: Time: 0.1061 Cost: 21.4240 Pre: 0.6460 Re: 0.7418 Acc: 0.6658 F1: 0.6906
Epoch 13: Time: 0.1063 Cost: 20.6872 Pre: 0.6752 Re: 0.7592 Acc: 0.6953 F1: 0.7147
Epoch 14: Time: 0.1078 Cost: 19.6898 Pre: 0.6945 Re: 0.7759 Acc: 0.7157 F1: 0.7329
Epoch 15: Time: 0.1064 Cost: 18.3701 Pre: 0.7214 Re: 0.8168 Acc: 0.7493 F1: 0.7661
Epoch 16: Time: 0.1061 Cost: 16.8582 Pre: 0.7536 Re: 0.8305 Acc: 0.7783 F1: 0.7902
Epoch 17: Time: 0.1057 Cost: 15.6134 Pre: 0.7712 Re: 0.8476 Acc: 0.7969 F1: 0.8076
Epoch 18: Time: 0.1061 Cost: 14.9393 Pre: 0.7737 Re: 0.8403 Acc: 0.7962 F1: 0.8057
Epoch 19: Time: 0.1063 Cost: 14.6524 Pre: 0.7725 Re: 0.8358 Acc: 0.7937 F1: 0.8029
Epoch 20: Time: 0.1059 Cost: 14.5153 Pre: 0.7755 Re: 0.8331 Acc: 0.7949 F1: 0.8033


--------------------------------------------------------------------
Eval results: Cost:15.8456 Pre:0.7308 Re:0.8846 Acc:0.7817 F1:0.8004
--------------------------------------------------------------------

Epoch 21: Time: 0.1089 Cost: 14.4262 Pre: 0.7787 Re: 0.8328 Acc: 0.7969 F1: 0.8048
Epoch 22: Time: 0.1097 Cost: 14.3632 Pre: 0.7789 Re: 0.8350 Acc: 0.7979 F1: 0.8060
Epoch 23: Time: 0.1096 Cost: 14.2942 Pre: 0.7798 Re: 0.8354 Acc: 0.7987 F1: 0.8067
Epoch 24: Time: 0.1075 Cost: 14.2272 Pre: 0.7803 Re: 0.8366 Acc: 0.7994 F1: 0.8075
Epoch 25: Time: 0.1081 Cost: 14.1619 Pre: 0.7817 Re: 0.8366 Acc: 0.8004 F1: 0.8082
Epoch 26: Time: 0.1078 Cost: 14.0974 Pre: 0.7824 Re: 0.8385 Acc: 0.8015 F1: 0.8094
Epoch 27: Time: 0.1079 Cost: 14.0332 Pre: 0.7835 Re: 0.8400 Acc: 0.8029 F1: 0.8108
Epoch 28: Time: 0.1080 Cost: 13.9688 Pre: 0.7856 Re: 0.8422 Acc: 0.8051 F1: 0.8130
Epoch 29: Time: 0.1090 Cost: 13.9038 Pre: 0.7857 Re: 0.8438 Acc: 0.8057 F1: 0.8137
Epoch 30: Time: 0.1081 Cost: 13.8380 Pre: 0.7886 Re: 0.8476 Acc: 0.8092 F1: 0.8170


--------------------------------------------------------------------
Eval results: Cost:15.3406 Pre:0.7404 Re:0.8846 Acc:0.7895 F1:0.8061
--------------------------------------------------------------------

Epoch 31: Time: 0.1104 Cost: 13.7716 Pre: 0.7903 Re: 0.8502 Acc: 0.8112 F1: 0.8191
Epoch 32: Time: 0.1077 Cost: 13.7160 Pre: 0.7924 Re: 0.8510 Acc: 0.8130 F1: 0.8206
Epoch 33: Time: 0.1073 Cost: 13.6475 Pre: 0.7940 Re: 0.8536 Acc: 0.8151 F1: 0.8227
Epoch 34: Time: 0.1085 Cost: 13.5763 Pre: 0.7944 Re: 0.8555 Acc: 0.8160 F1: 0.8238
Epoch 35: Time: 0.1071 Cost: 13.5030 Pre: 0.7947 Re: 0.8559 Acc: 0.8164 F1: 0.8242
Epoch 36: Time: 0.1073 Cost: 13.4276 Pre: 0.7948 Re: 0.8563 Acc: 0.8166 F1: 0.8244
Epoch 37: Time: 0.1078 Cost: 13.3499 Pre: 0.7962 Re: 0.8578 Acc: 0.8181 F1: 0.8258
Epoch 38: Time: 0.1073 Cost: 13.2698 Pre: 0.7977 Re: 0.8597 Acc: 0.8198 F1: 0.8275
Epoch 39: Time: 0.1079 Cost: 13.1871 Pre: 0.7988 Re: 0.8612 Acc: 0.8212 F1: 0.8288
Epoch 40: Time: 0.1059 Cost: 13.1018 Pre: 0.8001 Re: 0.8620 Acc: 0.8223 F1: 0.8299


--------------------------------------------------------------------
Eval results: Cost:14.7200 Pre:0.7556 Re:0.8914 Acc:0.8036 F1:0.8179
--------------------------------------------------------------------

Epoch 41: Time: 0.1062 Cost: 13.0158 Pre: 0.8016 Re: 0.8623 Acc: 0.8235 F1: 0.8308
Epoch 42: Time: 0.1066 Cost: 12.9401 Pre: 0.8035 Re: 0.8650 Acc: 0.8257 F1: 0.8331
Epoch 43: Time: 0.1062 Cost: 12.8477 Pre: 0.8044 Re: 0.8658 Acc: 0.8267 F1: 0.8340
Epoch 44: Time: 0.1061 Cost: 12.7512 Pre: 0.8068 Re: 0.8661 Acc: 0.8284 F1: 0.8354
Epoch 45: Time: 0.1062 Cost: 12.6516 Pre: 0.8101 Re: 0.8673 Acc: 0.8311 F1: 0.8377
Epoch 46: Time: 0.1059 Cost: 12.5488 Pre: 0.8109 Re: 0.8684 Acc: 0.8320 F1: 0.8387
Epoch 47: Time: 0.1059 Cost: 12.4427 Pre: 0.8109 Re: 0.8699 Acc: 0.8326 F1: 0.8394
Epoch 48: Time: 0.1073 Cost: 12.3334 Pre: 0.8129 Re: 0.8714 Acc: 0.8345 F1: 0.8411
Epoch 49: Time: 0.1086 Cost: 12.2208 Pre: 0.8139 Re: 0.8722 Acc: 0.8355 F1: 0.8420
Epoch 50: Time: 0.1111 Cost: 12.1049 Pre: 0.8166 Re: 0.8730 Acc: 0.8376 F1: 0.8438


--------------------------------------------------------------------
Eval results: Cost:13.8209 Pre:0.7722 Re:0.8936 Acc:0.8169 F1:0.8285
--------------------------------------------------------------------

Epoch 51: Time: 0.1077 Cost: 11.9902 Pre: 0.8203 Re: 0.8745 Acc: 0.8406 F1: 0.8465
Epoch 52: Time: 0.1081 Cost: 11.8856 Pre: 0.8205 Re: 0.8756 Acc: 0.8412 F1: 0.8472
Epoch 53: Time: 0.1090 Cost: 11.7608 Pre: 0.8222 Re: 0.8768 Acc: 0.8427 F1: 0.8486
Epoch 54: Time: 0.1071 Cost: 11.6322 Pre: 0.8252 Re: 0.8790 Acc: 0.8456 F1: 0.8513
Epoch 55: Time: 0.1082 Cost: 11.5003 Pre: 0.8265 Re: 0.8813 Acc: 0.8473 F1: 0.8530
Epoch 56: Time: 0.1086 Cost: 11.3653 Pre: 0.8285 Re: 0.8832 Acc: 0.8494 F1: 0.8550
Epoch 57: Time: 0.1083 Cost: 11.2275 Pre: 0.8301 Re: 0.8836 Acc: 0.8505 F1: 0.8560
Epoch 58: Time: 0.1090 Cost: 11.0872 Pre: 0.8326 Re: 0.8843 Acc: 0.8524 F1: 0.8577
Epoch 59: Time: 0.1076 Cost: 10.9448 Pre: 0.8345 Re: 0.8851 Acc: 0.8540 F1: 0.8590
Epoch 60: Time: 0.1084 Cost: 10.8006 Pre: 0.8364 Re: 0.8878 Acc: 0.8562 F1: 0.8613


--------------------------------------------------------------------
Eval results: Cost:12.5914 Pre:0.7943 Re:0.8906 Acc:0.8317 F1:0.8397
--------------------------------------------------------------------

Epoch 61: Time: 0.1099 Cost: 10.6619 Pre: 0.8379 Re: 0.8881 Acc: 0.8574 F1: 0.8623
Epoch 62: Time: 0.1078 Cost: 10.5395 Pre: 0.8402 Re: 0.8893 Acc: 0.8593 F1: 0.8640
Epoch 63: Time: 0.1073 Cost: 10.3932 Pre: 0.8427 Re: 0.8919 Acc: 0.8620 F1: 0.8666
Epoch 64: Time: 0.1080 Cost: 10.2449 Pre: 0.8449 Re: 0.8946 Acc: 0.8644 F1: 0.8690
Epoch 65: Time: 0.1075 Cost: 10.0958 Pre: 0.8474 Re: 0.8950 Acc: 0.8662 F1: 0.8705
Epoch 66: Time: 0.1081 Cost: 9.9459 Pre: 0.8503 Re: 0.8957 Acc: 0.8683 F1: 0.8724
Epoch 67: Time: 0.1063 Cost: 9.7949 Pre: 0.8530 Re: 0.8980 Acc: 0.8709 F1: 0.8749
Epoch 68: Time: 0.1066 Cost: 9.6426 Pre: 0.8554 Re: 0.8995 Acc: 0.8730 F1: 0.8769
Epoch 69: Time: 0.1066 Cost: 9.4887 Pre: 0.8581 Re: 0.9010 Acc: 0.8753 F1: 0.8790
Epoch 70: Time: 0.1061 Cost: 9.3326 Pre: 0.8606 Re: 0.9037 Acc: 0.8780 F1: 0.8816


--------------------------------------------------------------------
Eval results: Cost:11.0414 Pre:0.8237 Re:0.9064 Acc:0.8577 F1:0.8631
--------------------------------------------------------------------

Epoch 71: Time: 0.1060 Cost: 9.1767 Pre: 0.8634 Re: 0.9063 Acc: 0.8808 F1: 0.8844
Epoch 72: Time: 0.1079 Cost: 9.0495 Pre: 0.8637 Re: 0.9056 Acc: 0.8806 F1: 0.8841
Epoch 73: Time: 0.1075 Cost: 8.8863 Pre: 0.8659 Re: 0.9086 Acc: 0.8833 F1: 0.8868
Epoch 74: Time: 0.1082 Cost: 8.7166 Pre: 0.8684 Re: 0.9105 Acc: 0.8856 F1: 0.8889
Epoch 75: Time: 0.1063 Cost: 8.5420 Pre: 0.8709 Re: 0.9105 Acc: 0.8871 F1: 0.8902
Epoch 76: Time: 0.1063 Cost: 8.3630 Pre: 0.8732 Re: 0.9139 Acc: 0.8900 F1: 0.8931
Epoch 77: Time: 0.1075 Cost: 8.1799 Pre: 0.8765 Re: 0.9151 Acc: 0.8925 F1: 0.8954
Epoch 78: Time: 0.1080 Cost: 7.9932 Pre: 0.8800 Re: 0.9181 Acc: 0.8959 F1: 0.8987
Epoch 79: Time: 0.1090 Cost: 7.8044 Pre: 0.8826 Re: 0.9207 Acc: 0.8986 F1: 0.9013
Epoch 80: Time: 0.1058 Cost: 7.6178 Pre: 0.8850 Re: 0.9226 Acc: 0.9009 F1: 0.9035


--------------------------------------------------------------------
Eval results: Cost:8.8250 Pre:0.8567 Re:0.9311 Acc:0.8888 F1:0.8923
--------------------------------------------------------------------

Epoch 81: Time: 0.1063 Cost: 7.4394 Pre: 0.8879 Re: 0.9249 Acc: 0.9035 F1: 0.9060
Epoch 82: Time: 0.1090 Cost: 7.2864 Pre: 0.8893 Re: 0.9257 Acc: 0.9047 F1: 0.9071
Epoch 83: Time: 0.1082 Cost: 7.1202 Pre: 0.8923 Re: 0.9272 Acc: 0.9071 F1: 0.9094
Epoch 84: Time: 0.1077 Cost: 6.9570 Pre: 0.8948 Re: 0.9287 Acc: 0.9092 F1: 0.9114
Epoch 85: Time: 0.1203 Cost: 6.7965 Pre: 0.8995 Re: 0.9298 Acc: 0.9125 F1: 0.9144
Epoch 86: Time: 0.1186 Cost: 6.6373 Pre: 0.9022 Re: 0.9306 Acc: 0.9144 F1: 0.9162
Epoch 87: Time: 0.1246 Cost: 6.4805 Pre: 0.9035 Re: 0.9333 Acc: 0.9163 F1: 0.9181
Epoch 88: Time: 0.1111 Cost: 6.3280 Pre: 0.9043 Re: 0.9352 Acc: 0.9176 F1: 0.9195
Epoch 89: Time: 0.1115 Cost: 6.1803 Pre: 0.9048 Re: 0.9370 Acc: 0.9188 F1: 0.9206
Epoch 90: Time: 0.1087 Cost: 6.0410 Pre: 0.9075 Re: 0.9378 Acc: 0.9207 F1: 0.9224


--------------------------------------------------------------------
Eval results: Cost:6.9093 Pre:0.8830 Re:0.9498 Acc:0.9129 F1:0.9152
--------------------------------------------------------------------

Epoch 91: Time: 0.1108 Cost: 5.9487 Pre: 0.9069 Re: 0.9416 Acc: 0.9220 F1: 0.9239
Epoch 92: Time: 0.1059 Cost: 5.8133 Pre: 0.9082 Re: 0.9416 Acc: 0.9228 F1: 0.9246
Epoch 93: Time: 0.1064 Cost: 5.6776 Pre: 0.9099 Re: 0.9420 Acc: 0.9239 F1: 0.9257
Epoch 94: Time: 0.1077 Cost: 5.5698 Pre: 0.9120 Re: 0.9427 Acc: 0.9255 F1: 0.9271
Epoch 95: Time: 0.1159 Cost: 5.4820 Pre: 0.9127 Re: 0.9439 Acc: 0.9264 F1: 0.9280
Epoch 96: Time: 0.1081 Cost: 5.3267 Pre: 0.9107 Re: 0.9480 Acc: 0.9272 F1: 0.9290
Epoch 97: Time: 0.1059 Cost: 5.1587 Pre: 0.9131 Re: 0.9518 Acc: 0.9302 F1: 0.9320
Epoch 98: Time: 0.1068 Cost: 4.9958 Pre: 0.9144 Re: 0.9556 Acc: 0.9327 F1: 0.9345
Epoch 99: Time: 0.1082 Cost: 4.8587 Pre: 0.9208 Re: 0.9522 Acc: 0.9348 F1: 0.9362
Epoch 100: Time: 0.1102 Cost: 4.7096 Pre: 0.9221 Re: 0.9560 Acc: 0.9373 F1: 0.9387


--------------------------------------------------------------------
Eval results: Cost:5.4097 Pre:0.9057 Re:0.9640 Acc:0.9325 F1:0.9340
--------------------------------------------------------------------

Epoch 101: Time: 0.1075 Cost: 4.6164 Pre: 0.9213 Re: 0.9587 Acc: 0.9380 F1: 0.9396
Epoch 102: Time: 0.1075 Cost: 4.5117 Pre: 0.9235 Re: 0.9613 Acc: 0.9405 F1: 0.9420
Epoch 103: Time: 0.1088 Cost: 4.3809 Pre: 0.9237 Re: 0.9636 Acc: 0.9417 F1: 0.9432
Epoch 104: Time: 0.1076 Cost: 4.2489 Pre: 0.9258 Re: 0.9647 Acc: 0.9434 F1: 0.9448
Epoch 105: Time: 0.1081 Cost: 4.1276 Pre: 0.9265 Re: 0.9659 Acc: 0.9443 F1: 0.9458
Epoch 106: Time: 0.1083 Cost: 4.0035 Pre: 0.9270 Re: 0.9674 Acc: 0.9453 F1: 0.9467
Epoch 107: Time: 0.1110 Cost: 3.8873 Pre: 0.9270 Re: 0.9681 Acc: 0.9457 F1: 0.9471
Epoch 108: Time: 0.1144 Cost: 3.7791 Pre: 0.9298 Re: 0.9689 Acc: 0.9476 F1: 0.9489
Epoch 109: Time: 0.1264 Cost: 3.6342 Pre: 0.9293 Re: 0.9716 Acc: 0.9485 F1: 0.9499
Epoch 110: Time: 0.1405 Cost: 3.5093 Pre: 0.9330 Re: 0.9712 Acc: 0.9504 F1: 0.9517


--------------------------------------------------------------------
Eval results: Cost:3.8407 Pre:0.9245 Re:0.9820 Acc:0.9514 F1:0.9524
--------------------------------------------------------------------

Epoch 111: Time: 0.1065 Cost: 3.4523 Pre: 0.9350 Re: 0.9716 Acc: 0.9518 F1: 0.9529
Epoch 112: Time: 0.1064 Cost: 3.2850 Pre: 0.9358 Re: 0.9723 Acc: 0.9525 F1: 0.9537
Epoch 113: Time: 0.1060 Cost: 3.1628 Pre: 0.9373 Re: 0.9746 Acc: 0.9544 F1: 0.9556
Epoch 114: Time: 0.1062 Cost: 3.0965 Pre: 0.9385 Re: 0.9776 Acc: 0.9565 F1: 0.9577
Epoch 115: Time: 0.1102 Cost: 2.9754 Pre: 0.9402 Re: 0.9784 Acc: 0.9579 F1: 0.9589
Epoch 116: Time: 0.1069 Cost: 2.8711 Pre: 0.9430 Re: 0.9795 Acc: 0.9600 F1: 0.9609
Epoch 117: Time: 0.1080 Cost: 2.8416 Pre: 0.9439 Re: 0.9818 Acc: 0.9615 F1: 0.9625
Epoch 118: Time: 0.1061 Cost: 2.7418 Pre: 0.9439 Re: 0.9829 Acc: 0.9621 F1: 0.9630
Epoch 119: Time: 0.1068 Cost: 2.6007 Pre: 0.9477 Re: 0.9833 Acc: 0.9643 F1: 0.9652
Epoch 120: Time: 0.1088 Cost: 2.5922 Pre: 0.9468 Re: 0.9852 Acc: 0.9647 F1: 0.9656


--------------------------------------------------------------------
Eval results: Cost:2.5337 Pre:0.9535 Re:0.9835 Acc:0.9681 F1:0.9683
--------------------------------------------------------------------

Epoch 121: Time: 0.1091 Cost: 2.4384 Pre: 0.9481 Re: 0.9845 Acc: 0.9651 F1: 0.9660
Epoch 122: Time: 0.1089 Cost: 2.3303 Pre: 0.9499 Re: 0.9852 Acc: 0.9664 F1: 0.9672
Epoch 123: Time: 0.1079 Cost: 2.2278 Pre: 0.9523 Re: 0.9848 Acc: 0.9676 F1: 0.9683
Epoch 124: Time: 0.1092 Cost: 2.2359 Pre: 0.9563 Re: 0.9867 Acc: 0.9706 F1: 0.9713
Epoch 125: Time: 0.1102 Cost: 2.0545 Pre: 0.9570 Re: 0.9875 Acc: 0.9714 F1: 0.9720
Epoch 126: Time: 0.1084 Cost: 2.0868 Pre: 0.9638 Re: 0.9882 Acc: 0.9754 F1: 0.9758
Epoch 127: Time: 0.1084 Cost: 1.9248 Pre: 0.9660 Re: 0.9913 Acc: 0.9781 F1: 0.9785
Epoch 128: Time: 0.1088 Cost: 1.8707 Pre: 0.9710 Re: 0.9917 Acc: 0.9809 F1: 0.9812
Epoch 129: Time: 0.1086 Cost: 1.8119 Pre: 0.9846 Re: 0.9913 Acc: 0.9878 F1: 0.9879
Epoch 130: Time: 0.1078 Cost: 1.7593 Pre: 0.9939 Re: 0.9917 Acc: 0.9928 F1: 0.9928


--------------------------------------------------------------------
Eval results: Cost:1.6604 Pre:0.9932 Re:0.9910 Acc:0.9922 F1:0.9921
--------------------------------------------------------------------

Epoch 131: Time: 0.1057 Cost: 1.6709 Pre: 0.9981 Re: 0.9928 Acc: 0.9954 F1: 0.9954
Epoch 132: Time: 0.1071 Cost: 1.6055 Pre: 0.9977 Re: 0.9932 Acc: 0.9954 F1: 0.9954
Epoch 133: Time: 0.1092 Cost: 1.5406 Pre: 0.9985 Re: 0.9932 Acc: 0.9958 F1: 0.9958
Epoch 134: Time: 0.1066 Cost: 1.4734 Pre: 0.9985 Re: 0.9932 Acc: 0.9958 F1: 0.9958
Epoch 135: Time: 0.1063 Cost: 1.4141 Pre: 0.9985 Re: 0.9939 Acc: 0.9962 F1: 0.9962
Epoch 136: Time: 0.1079 Cost: 1.3548 Pre: 0.9989 Re: 0.9951 Acc: 0.9969 F1: 0.9970
Epoch 137: Time: 0.1084 Cost: 1.2992 Pre: 0.9989 Re: 0.9962 Acc: 0.9975 F1: 0.9975
Epoch 138: Time: 0.1079 Cost: 1.2461 Pre: 0.9985 Re: 0.9970 Acc: 0.9977 F1: 0.9977
Epoch 139: Time: 0.1084 Cost: 1.1937 Pre: 0.9989 Re: 0.9970 Acc: 0.9979 F1: 0.9979
Epoch 140: Time: 0.1086 Cost: 1.1342 Pre: 0.9992 Re: 0.9981 Acc: 0.9987 F1: 0.9987


--------------------------------------------------------------------
Eval results: Cost:0.9413 Pre:0.9978 Re:0.9985 Acc:0.9981 F1:0.9981
--------------------------------------------------------------------

Epoch 141: Time: 0.1083 Cost: 1.0956 Pre: 0.9992 Re: 0.9977 Acc: 0.9985 F1: 0.9985
Epoch 142: Time: 0.1100 Cost: 1.0578 Pre: 0.9996 Re: 0.9985 Acc: 0.9990 F1: 0.9991
Epoch 143: Time: 0.1074 Cost: 1.0261 Pre: 0.9992 Re: 0.9989 Acc: 0.9990 F1: 0.9991
Epoch 144: Time: 0.1082 Cost: 0.9817 Pre: 0.9996 Re: 0.9985 Acc: 0.9990 F1: 0.9991
Epoch 145: Time: 0.1079 Cost: 0.9501 Pre: 0.9992 Re: 0.9989 Acc: 0.9990 F1: 0.9991
Epoch 146: Time: 0.1083 Cost: 0.9111 Pre: 0.9996 Re: 0.9985 Acc: 0.9990 F1: 0.9991
Epoch 147: Time: 0.1088 Cost: 0.8756 Pre: 0.9996 Re: 0.9985 Acc: 0.9990 F1: 0.9991
Epoch 148: Time: 0.1070 Cost: 0.8371 Pre: 1.0000 Re: 0.9989 Acc: 0.9994 F1: 0.9994
Epoch 149: Time: 0.1074 Cost: 0.8117 Pre: 0.9996 Re: 0.9992 Acc: 0.9994 F1: 0.9994
Epoch 150: Time: 0.1075 Cost: 0.7670 Pre: 1.0000 Re: 1.0000 Acc: 1.0000 F1: 1.0000


--------------------------------------------------------------------
Eval results: Cost:0.5959 Pre:1.0000 Re:1.0000 Acc:1.0000 F1:1.0000
--------------------------------------------------------------------

Epoch 151: Time: 0.1057 Cost: 0.7360 Pre: 1.0000 Re: 1.0000 Acc: 1.0000 F1: 1.0000
Epoch 152: Time: 0.1057 Cost: 0.7018 Pre: 1.0000 Re: 1.0000 Acc: 1.0000 F1: 1.0000
Epoch 153: Time: 0.1078 Cost: 0.6711 Pre: 0.9996 Re: 1.0000 Acc: 0.9998 F1: 0.9998
Epoch 154: Time: 0.1059 Cost: 0.6392 Pre: 1.0000 Re: 1.0000 Acc: 1.0000 F1: 1.0000
Epoch 155: Time: 0.1061 Cost: 0.6063 Pre: 1.0000 Re: 1.0000 Acc: 1.0000 F1: 1.0000
Epoch 156: Time: 0.1070 Cost: 0.5718 Pre: 1.0000 Re: 1.0000 Acc: 1.0000 F1: 1.0000
Epoch 157: Time: 0.1079 Cost: 0.5366 Pre: 1.0000 Re: 1.0000 Acc: 1.0000 F1: 1.0000
Epoch 158: Time: 0.1065 Cost: 0.5036 Pre: 1.0000 Re: 1.0000 Acc: 1.0000 F1: 1.0000
Epoch 159: Time: 0.1056 Cost: 0.4691 Pre: 1.0000 Re: 1.0000 Acc: 1.0000 F1: 1.0000
Epoch 160: Time: 0.1071 Cost: 0.4359 Pre: 1.0000 Re: 1.0000 Acc: 1.0000 F1: 1.0000


--------------------------------------------------------------------
Eval results: Cost:0.3428 Pre:1.0000 Re:1.0000 Acc:1.0000 F1:1.0000
--------------------------------------------------------------------

Epoch 161: Time: 0.1089 Cost: 0.4046 Pre: 1.0000 Re: 1.0000 Acc: 1.0000 F1: 1.0000
Epoch 162: Time: 0.1080 Cost: 0.3753 Pre: 1.0000 Re: 1.0000 Acc: 1.0000 F1: 1.0000
Epoch 163: Time: 0.1089 Cost: 0.3476 Pre: 1.0000 Re: 1.0000 Acc: 1.0000 F1: 1.0000
Epoch 164: Time: 0.1084 Cost: 0.3217 Pre: 1.0000 Re: 1.0000 Acc: 1.0000 F1: 1.0000
Epoch 165: Time: 0.1082 Cost: 0.2974 Pre: 1.0000 Re: 1.0000 Acc: 1.0000 F1: 1.0000
Epoch 166: Time: 0.1081 Cost: 0.2746 Pre: 1.0000 Re: 1.0000 Acc: 1.0000 F1: 1.0000
Epoch 167: Time: 0.1076 Cost: 0.2533 Pre: 1.0000 Re: 1.0000 Acc: 1.0000 F1: 1.0000
Epoch 168: Time: 0.1092 Cost: 0.2333 Pre: 1.0000 Re: 1.0000 Acc: 1.0000 F1: 1.0000
Epoch 169: Time: 0.1085 Cost: 0.2148 Pre: 1.0000 Re: 1.0000 Acc: 1.0000 F1: 1.0000
Epoch 170: Time: 0.1082 Cost: 0.1975 Pre: 1.0000 Re: 1.0000 Acc: 1.0000 F1: 1.0000


--------------------------------------------------------------------
Eval results: Cost:0.1557 Pre:1.0000 Re:1.0000 Acc:1.0000 F1:1.0000
--------------------------------------------------------------------

Epoch 171: Time: 0.1072 Cost: 0.1814 Pre: 1.0000 Re: 1.0000 Acc: 1.0000 F1: 1.0000
Epoch 172: Time: 0.1077 Cost: 0.1666 Pre: 1.0000 Re: 1.0000 Acc: 1.0000 F1: 1.0000
Epoch 173: Time: 0.1057 Cost: 0.1528 Pre: 1.0000 Re: 1.0000 Acc: 1.0000 F1: 1.0000
Epoch 174: Time: 0.1061 Cost: 0.1400 Pre: 1.0000 Re: 1.0000 Acc: 1.0000 F1: 1.0000
Epoch 175: Time: 0.1070 Cost: 0.1282 Pre: 1.0000 Re: 1.0000 Acc: 1.0000 F1: 1.0000
Epoch 176: Time: 0.1071 Cost: 0.1174 Pre: 1.0000 Re: 1.0000 Acc: 1.0000 F1: 1.0000
Epoch 177: Time: 0.1076 Cost: 0.1074 Pre: 1.0000 Re: 1.0000 Acc: 1.0000 F1: 1.0000
Epoch 178: Time: 0.1054 Cost: 0.0983 Pre: 1.0000 Re: 1.0000 Acc: 1.0000 F1: 1.0000
Epoch 179: Time: 0.1066 Cost: 0.0900 Pre: 1.0000 Re: 1.0000 Acc: 1.0000 F1: 1.0000
Epoch 180: Time: 0.1060 Cost: 0.0825 Pre: 1.0000 Re: 1.0000 Acc: 1.0000 F1: 1.0000


--------------------------------------------------------------------
Eval results: Cost:0.0650 Pre:1.0000 Re:1.0000 Acc:1.0000 F1:1.0000
--------------------------------------------------------------------

Epoch 181: Time: 0.1058 Cost: 0.0756 Pre: 1.0000 Re: 1.0000 Acc: 1.0000 F1: 1.0000
Epoch 182: Time: 0.1060 Cost: 0.0694 Pre: 1.0000 Re: 1.0000 Acc: 1.0000 F1: 1.0000
Epoch 183: Time: 0.1067 Cost: 0.0638 Pre: 1.0000 Re: 1.0000 Acc: 1.0000 F1: 1.0000
Epoch 184: Time: 0.1075 Cost: 0.0587 Pre: 1.0000 Re: 1.0000 Acc: 1.0000 F1: 1.0000
Epoch 185: Time: 0.1097 Cost: 0.0541 Pre: 1.0000 Re: 1.0000 Acc: 1.0000 F1: 1.0000
Epoch 186: Time: 0.1055 Cost: 0.0499 Pre: 1.0000 Re: 1.0000 Acc: 1.0000 F1: 1.0000
Epoch 187: Time: 0.1057 Cost: 0.0462 Pre: 1.0000 Re: 1.0000 Acc: 1.0000 F1: 1.0000
Epoch 188: Time: 0.1079 Cost: 0.0428 Pre: 1.0000 Re: 1.0000 Acc: 1.0000 F1: 1.0000
Epoch 189: Time: 0.1058 Cost: 0.0398 Pre: 1.0000 Re: 1.0000 Acc: 1.0000 F1: 1.0000
Epoch 190: Time: 0.1061 Cost: 0.0370 Pre: 1.0000 Re: 1.0000 Acc: 1.0000 F1: 1.0000


--------------------------------------------------------------------
Eval results: Cost:0.0294 Pre:1.0000 Re:1.0000 Acc:1.0000 F1:1.0000
--------------------------------------------------------------------

Epoch 191: Time: 0.1057 Cost: 0.0346 Pre: 1.0000 Re: 1.0000 Acc: 1.0000 F1: 1.0000
Epoch 192: Time: 0.1107 Cost: 0.0323 Pre: 1.0000 Re: 1.0000 Acc: 1.0000 F1: 1.0000
Epoch 193: Time: 0.1057 Cost: 0.0303 Pre: 1.0000 Re: 1.0000 Acc: 1.0000 F1: 1.0000
Epoch 194: Time: 0.1078 Cost: 0.0285 Pre: 1.0000 Re: 1.0000 Acc: 1.0000 F1: 1.0000
Epoch 195: Time: 0.1062 Cost: 0.0268 Pre: 1.0000 Re: 1.0000 Acc: 1.0000 F1: 1.0000
Epoch 196: Time: 0.1069 Cost: 0.0253 Pre: 1.0000 Re: 1.0000 Acc: 1.0000 F1: 1.0000
Epoch 197: Time: 0.1071 Cost: 0.0239 Pre: 1.0000 Re: 1.0000 Acc: 1.0000 F1: 1.0000
Epoch 198: Time: 0.1081 Cost: 0.0227 Pre: 1.0000 Re: 1.0000 Acc: 1.0000 F1: 1.0000
Epoch 199: Time: 0.1073 Cost: 0.0215 Pre: 1.0000 Re: 1.0000 Acc: 1.0000 F1: 1.0000
Epoch 200: Time: 0.1081 Cost: 0.0205 Pre: 1.0000 Re: 1.0000 Acc: 1.0000 F1: 1.0000


--------------------------------------------------------------------
Eval results: Cost:0.0164 Pre:1.0000 Re:1.0000 Acc:1.0000 F1:1.0000
--------------------------------------------------------------------

Epoch 201: Time: 0.1107 Cost: 0.0195 Pre: 1.0000 Re: 1.0000 Acc: 1.0000 F1: 1.0000
Epoch 202: Time: 0.1095 Cost: 0.0186 Pre: 1.0000 Re: 1.0000 Acc: 1.0000 F1: 1.0000
Epoch 203: Time: 0.1074 Cost: 0.0178 Pre: 1.0000 Re: 1.0000 Acc: 1.0000 F1: 1.0000
Epoch 204: Time: 0.1070 Cost: 0.0170 Pre: 1.0000 Re: 1.0000 Acc: 1.0000 F1: 1.0000
Epoch 205: Time: 0.1105 Cost: 0.0163 Pre: 1.0000 Re: 1.0000 Acc: 1.0000 F1: 1.0000
Epoch 206: Time: 0.1077 Cost: 0.0157 Pre: 1.0000 Re: 1.0000 Acc: 1.0000 F1: 1.0000
Epoch 207: Time: 0.1082 Cost: 0.0150 Pre: 1.0000 Re: 1.0000 Acc: 1.0000 F1: 1.0000
Epoch 208: Time: 0.1068 Cost: 0.0145 Pre: 1.0000 Re: 1.0000 Acc: 1.0000 F1: 1.0000
Epoch 209: Time: 0.1081 Cost: 0.0139 Pre: 1.0000 Re: 1.0000 Acc: 1.0000 F1: 1.0000
Epoch 210: Time: 0.1068 Cost: 0.0134 Pre: 1.0000 Re: 1.0000 Acc: 1.0000 F1: 1.0000


--------------------------------------------------------------------
Eval results: Cost:0.0108 Pre:1.0000 Re:1.0000 Acc:1.0000 F1:1.0000
--------------------------------------------------------------------

Epoch 211: Time: 0.1074 Cost: 0.0130 Pre: 1.0000 Re: 1.0000 Acc: 1.0000 F1: 1.0000
Epoch 212: Time: 0.1062 Cost: 0.0125 Pre: 1.0000 Re: 1.0000 Acc: 1.0000 F1: 1.0000
Epoch 213: Time: 0.1070 Cost: 0.0121 Pre: 1.0000 Re: 1.0000 Acc: 1.0000 F1: 1.0000
Epoch 214: Time: 0.1065 Cost: 0.0118 Pre: 1.0000 Re: 1.0000 Acc: 1.0000 F1: 1.0000
Epoch 215: Time: 0.1063 Cost: 0.0114 Pre: 1.0000 Re: 1.0000 Acc: 1.0000 F1: 1.0000
Epoch 216: Time: 0.1073 Cost: 0.0110 Pre: 1.0000 Re: 1.0000 Acc: 1.0000 F1: 1.0000
Epoch 217: Time: 0.1071 Cost: 0.0107 Pre: 1.0000 Re: 1.0000 Acc: 1.0000 F1: 1.0000
Epoch 218: Time: 0.1059 Cost: 0.0104 Pre: 1.0000 Re: 1.0000 Acc: 1.0000 F1: 1.0000
Epoch 219: Time: 0.1057 Cost: 0.0101 Pre: 1.0000 Re: 1.0000 Acc: 1.0000 F1: 1.0000
Epoch 220: Time: 0.1081 Cost: 0.0098 Pre: 1.0000 Re: 1.0000 Acc: 1.0000 F1: 1.0000


--------------------------------------------------------------------
Eval results: Cost:0.0080 Pre:1.0000 Re:1.0000 Acc:1.0000 F1:1.0000
--------------------------------------------------------------------

Epoch 221: Time: 0.1085 Cost: 0.0096 Pre: 1.0000 Re: 1.0000 Acc: 1.0000 F1: 1.0000
Epoch 222: Time: 0.1104 Cost: 0.0093 Pre: 1.0000 Re: 1.0000 Acc: 1.0000 F1: 1.0000
Epoch 223: Time: 0.1073 Cost: 0.0091 Pre: 1.0000 Re: 1.0000 Acc: 1.0000 F1: 1.0000
Epoch 224: Time: 0.1088 Cost: 0.0089 Pre: 1.0000 Re: 1.0000 Acc: 1.0000 F1: 1.0000
Epoch 225: Time: 0.1070 Cost: 0.0087 Pre: 1.0000 Re: 1.0000 Acc: 1.0000 F1: 1.0000
Epoch 226: Time: 0.1074 Cost: 0.0085 Pre: 1.0000 Re: 1.0000 Acc: 1.0000 F1: 1.0000
Epoch 227: Time: 0.1087 Cost: 0.0083 Pre: 1.0000 Re: 1.0000 Acc: 1.0000 F1: 1.0000
Epoch 228: Time: 0.1095 Cost: 0.0081 Pre: 1.0000 Re: 1.0000 Acc: 1.0000 F1: 1.0000
Epoch 229: Time: 0.1080 Cost: 0.0079 Pre: 1.0000 Re: 1.0000 Acc: 1.0000 F1: 1.0000
Epoch 230: Time: 0.1069 Cost: 0.0077 Pre: 1.0000 Re: 1.0000 Acc: 1.0000 F1: 1.0000


--------------------------------------------------------------------
Eval results: Cost:0.0063 Pre:1.0000 Re:1.0000 Acc:1.0000 F1:1.0000
--------------------------------------------------------------------

Epoch 231: Time: 0.1066 Cost: 0.0076 Pre: 1.0000 Re: 1.0000 Acc: 1.0000 F1: 1.0000
Epoch 232: Time: 0.1063 Cost: 0.0074 Pre: 1.0000 Re: 1.0000 Acc: 1.0000 F1: 1.0000
Epoch 233: Time: 0.1057 Cost: 0.0072 Pre: 1.0000 Re: 1.0000 Acc: 1.0000 F1: 1.0000
Epoch 234: Time: 0.1072 Cost: 0.0071 Pre: 1.0000 Re: 1.0000 Acc: 1.0000 F1: 1.0000
Epoch 235: Time: 0.1087 Cost: 0.0070 Pre: 1.0000 Re: 1.0000 Acc: 1.0000 F1: 1.0000
Epoch 236: Time: 0.1057 Cost: 0.0068 Pre: 1.0000 Re: 1.0000 Acc: 1.0000 F1: 1.0000
Epoch 237: Time: 0.1077 Cost: 0.0067 Pre: 1.0000 Re: 1.0000 Acc: 1.0000 F1: 1.0000
Epoch 238: Time: 0.1054 Cost: 0.0066 Pre: 1.0000 Re: 1.0000 Acc: 1.0000 F1: 1.0000
Epoch 239: Time: 0.1077 Cost: 0.0064 Pre: 1.0000 Re: 1.0000 Acc: 1.0000 F1: 1.0000
Epoch 240: Time: 0.1285 Cost: 0.0063 Pre: 1.0000 Re: 1.0000 Acc: 1.0000 F1: 1.0000


--------------------------------------------------------------------
Eval results: Cost:0.0052 Pre:1.0000 Re:1.0000 Acc:1.0000 F1:1.0000
--------------------------------------------------------------------

Epoch 241: Time: 0.1082 Cost: 0.0062 Pre: 1.0000 Re: 1.0000 Acc: 1.0000 F1: 1.0000
Epoch 242: Time: 0.1074 Cost: 0.0061 Pre: 1.0000 Re: 1.0000 Acc: 1.0000 F1: 1.0000
Epoch 243: Time: 0.1072 Cost: 0.0060 Pre: 1.0000 Re: 1.0000 Acc: 1.0000 F1: 1.0000
Epoch 244: Time: 0.1084 Cost: 0.0059 Pre: 1.0000 Re: 1.0000 Acc: 1.0000 F1: 1.0000
Epoch 245: Time: 0.1113 Cost: 0.0058 Pre: 1.0000 Re: 1.0000 Acc: 1.0000 F1: 1.0000
Epoch 246: Time: 0.1082 Cost: 0.0057 Pre: 1.0000 Re: 1.0000 Acc: 1.0000 F1: 1.0000
Epoch 247: Time: 0.1068 Cost: 0.0056 Pre: 1.0000 Re: 1.0000 Acc: 1.0000 F1: 1.0000
Epoch 248: Time: 0.1101 Cost: 0.0055 Pre: 1.0000 Re: 1.0000 Acc: 1.0000 F1: 1.0000
Epoch 249: Time: 0.1077 Cost: 0.0054 Pre: 1.0000 Re: 1.0000 Acc: 1.0000 F1: 1.0000
Epoch 250: Time: 0.1107 Cost: 0.0053 Pre: 1.0000 Re: 1.0000 Acc: 1.0000 F1: 1.0000


--------------------------------------------------------------------
Eval results: Cost:0.0044 Pre:1.0000 Re:1.0000 Acc:1.0000 F1:1.0000
--------------------------------------------------------------------

Epoch 251: Time: 0.1064 Cost: 0.0053 Pre: 1.0000 Re: 1.0000 Acc: 1.0000 F1: 1.0000
Epoch 252: Time: 0.1087 Cost: 0.0052 Pre: 1.0000 Re: 1.0000 Acc: 1.0000 F1: 1.0000
Epoch 253: Time: 0.1090 Cost: 0.0051 Pre: 1.0000 Re: 1.0000 Acc: 1.0000 F1: 1.0000
Epoch 254: Time: 0.1070 Cost: 0.0050 Pre: 1.0000 Re: 1.0000 Acc: 1.0000 F1: 1.0000
Epoch 255: Time: 0.1127 Cost: 0.0050 Pre: 1.0000 Re: 1.0000 Acc: 1.0000 F1: 1.0000
Epoch 256: Time: 0.1132 Cost: 0.0049 Pre: 1.0000 Re: 1.0000 Acc: 1.0000 F1: 1.0000
Epoch 257: Time: 0.1074 Cost: 0.0048 Pre: 1.0000 Re: 1.0000 Acc: 1.0000 F1: 1.0000
Epoch 258: Time: 0.1079 Cost: 0.0048 Pre: 1.0000 Re: 1.0000 Acc: 1.0000 F1: 1.0000
Epoch 259: Time: 0.1084 Cost: 0.0047 Pre: 1.0000 Re: 1.0000 Acc: 1.0000 F1: 1.0000
Epoch 260: Time: 0.1086 Cost: 0.0046 Pre: 1.0000 Re: 1.0000 Acc: 1.0000 F1: 1.0000


--------------------------------------------------------------------
Eval results: Cost:0.0038 Pre:1.0000 Re:1.0000 Acc:1.0000 F1:1.0000
--------------------------------------------------------------------

Epoch 261: Time: 0.1084 Cost: 0.0046 Pre: 1.0000 Re: 1.0000 Acc: 1.0000 F1: 1.0000
Epoch 262: Time: 0.1096 Cost: 0.0045 Pre: 1.0000 Re: 1.0000 Acc: 1.0000 F1: 1.0000
Epoch 263: Time: 0.1078 Cost: 0.0044 Pre: 1.0000 Re: 1.0000 Acc: 1.0000 F1: 1.0000
Epoch 264: Time: 0.1094 Cost: 0.0044 Pre: 1.0000 Re: 1.0000 Acc: 1.0000 F1: 1.0000
Epoch 265: Time: 0.1071 Cost: 0.0043 Pre: 1.0000 Re: 1.0000 Acc: 1.0000 F1: 1.0000
Epoch 266: Time: 0.1184 Cost: 0.0043 Pre: 1.0000 Re: 1.0000 Acc: 1.0000 F1: 1.0000
Epoch 267: Time: 0.1057 Cost: 0.0042 Pre: 1.0000 Re: 1.0000 Acc: 1.0000 F1: 1.0000
Epoch 268: Time: 0.1076 Cost: 0.0042 Pre: 1.0000 Re: 1.0000 Acc: 1.0000 F1: 1.0000
Epoch 269: Time: 0.1088 Cost: 0.0041 Pre: 1.0000 Re: 1.0000 Acc: 1.0000 F1: 1.0000
Epoch 270: Time: 0.1083 Cost: 0.0041 Pre: 1.0000 Re: 1.0000 Acc: 1.0000 F1: 1.0000


--------------------------------------------------------------------
Eval results: Cost:0.0034 Pre:1.0000 Re:1.0000 Acc:1.0000 F1:1.0000
--------------------------------------------------------------------

Epoch 271: Time: 0.1070 Cost: 0.0040 Pre: 1.0000 Re: 1.0000 Acc: 1.0000 F1: 1.0000
Epoch 272: Time: 0.1072 Cost: 0.0040 Pre: 1.0000 Re: 1.0000 Acc: 1.0000 F1: 1.0000
Epoch 273: Time: 0.1142 Cost: 0.0039 Pre: 1.0000 Re: 1.0000 Acc: 1.0000 F1: 1.0000
Epoch 274: Time: 0.1067 Cost: 0.0039 Pre: 1.0000 Re: 1.0000 Acc: 1.0000 F1: 1.0000
Epoch 275: Time: 0.1062 Cost: 0.0038 Pre: 1.0000 Re: 1.0000 Acc: 1.0000 F1: 1.0000
Epoch 276: Time: 0.1053 Cost: 0.0038 Pre: 1.0000 Re: 1.0000 Acc: 1.0000 F1: 1.0000
Epoch 277: Time: 0.1067 Cost: 0.0038 Pre: 1.0000 Re: 1.0000 Acc: 1.0000 F1: 1.0000
Epoch 278: Time: 0.1120 Cost: 0.0037 Pre: 1.0000 Re: 1.0000 Acc: 1.0000 F1: 1.0000
Epoch 279: Time: 0.1095 Cost: 0.0037 Pre: 1.0000 Re: 1.0000 Acc: 1.0000 F1: 1.0000
Epoch 280: Time: 0.1079 Cost: 0.0036 Pre: 1.0000 Re: 1.0000 Acc: 1.0000 F1: 1.0000


--------------------------------------------------------------------
Eval results: Cost:0.0031 Pre:1.0000 Re:1.0000 Acc:1.0000 F1:1.0000
--------------------------------------------------------------------

Early stopping...
--------------------------------------------------------------------
--------------------------------------------------------------------
Test 10470 samples take time: 0.5272
Test results: Cost:0.0030 Pre:1.0000 Re:1.0000 Acc:1.0000 F1:1.0000
--------------------------------------------------------------------

