16768
16562
16206
16632
16380
16425
Load data
RNN type: O2 Grammar: g5 Seed: 4
Model total parameters: 200
Saving hinit ... 

Epoch 0: Time: 0.4224 Cost: 25.1119 Pre: 0.4874 Re: 0.5099 Acc: 0.5035 F1: 0.4984


--------------------------------------------------------------------
Eval results: Cost:25.1990 Pre:0.4528 Re:0.4749 Acc:0.4787 F1:0.4636
--------------------------------------------------------------------

Epoch 1: Time: 0.1533 Cost: 25.0512 Pre: 0.4879 Re: 0.5105 Acc: 0.5041 F1: 0.4990
Epoch 2: Time: 0.1725 Cost: 25.0110 Pre: 0.4885 Re: 0.5105 Acc: 0.5046 F1: 0.4993
Epoch 3: Time: 0.1563 Cost: 24.9818 Pre: 0.4938 Re: 0.3838 Acc: 0.5116 F1: 0.4319
Epoch 4: Time: 0.1548 Cost: 24.9574 Pre: 0.5045 Re: 0.2721 Acc: 0.5186 F1: 0.3535
Epoch 5: Time: 0.1555 Cost: 24.9304 Pre: 0.5040 Re: 0.2649 Acc: 0.5183 F1: 0.3472
Epoch 6: Time: 0.1740 Cost: 24.8091 Pre: 0.5062 Re: 0.2697 Acc: 0.5195 F1: 0.3519
Epoch 7: Time: 0.1559 Cost: 14.1181 Pre: 0.9557 Re: 0.9459 Acc: 0.9526 F1: 0.9508
Epoch 8: Time: 0.1540 Cost: 4.5104 Pre: 0.9658 Re: 1.0000 Acc: 0.9829 F1: 0.9826
Epoch 9: Time: 0.1685 Cost: 2.8327 Pre: 0.9658 Re: 1.0000 Acc: 0.9829 F1: 0.9826
Epoch 10: Time: 0.1593 Cost: 2.3972 Pre: 0.9658 Re: 1.0000 Acc: 0.9829 F1: 0.9826


--------------------------------------------------------------------
Eval results: Cost:2.5067 Pre:0.9535 Re:1.0000 Acc:0.9768 F1:0.9762
--------------------------------------------------------------------

Epoch 11: Time: 0.1572 Cost: 2.2166 Pre: 0.9658 Re: 1.0000 Acc: 0.9829 F1: 0.9826
Epoch 12: Time: 0.1691 Cost: 2.1309 Pre: 0.9658 Re: 1.0000 Acc: 0.9829 F1: 0.9826
Epoch 13: Time: 0.1553 Cost: 2.0979 Pre: 0.9658 Re: 1.0000 Acc: 0.9829 F1: 0.9826
Epoch 14: Time: 0.1526 Cost: 2.0814 Pre: 0.9658 Re: 1.0000 Acc: 0.9829 F1: 0.9826
Epoch 15: Time: 0.1701 Cost: 2.0718 Pre: 0.9658 Re: 1.0000 Acc: 0.9829 F1: 0.9826
Epoch 16: Time: 0.1592 Cost: 2.0653 Pre: 0.9658 Re: 1.0000 Acc: 0.9829 F1: 0.9826
Epoch 17: Time: 0.1539 Cost: 2.0601 Pre: 0.9658 Re: 1.0000 Acc: 0.9829 F1: 0.9826
Epoch 18: Time: 0.1661 Cost: 2.0553 Pre: 0.9658 Re: 1.0000 Acc: 0.9829 F1: 0.9826
Epoch 19: Time: 0.1620 Cost: 2.0504 Pre: 0.9658 Re: 1.0000 Acc: 0.9829 F1: 0.9826
Epoch 20: Time: 0.1545 Cost: 2.0447 Pre: 0.9658 Re: 1.0000 Acc: 0.9829 F1: 0.9826


--------------------------------------------------------------------
Eval results: Cost:2.2873 Pre:0.9535 Re:1.0000 Acc:0.9768 F1:0.9762
--------------------------------------------------------------------

Epoch 21: Time: 0.1705 Cost: 2.0377 Pre: 0.9658 Re: 1.0000 Acc: 0.9829 F1: 0.9826
Epoch 22: Time: 0.1571 Cost: 2.0282 Pre: 0.9658 Re: 1.0000 Acc: 0.9829 F1: 0.9826
Epoch 23: Time: 0.1529 Cost: 2.0158 Pre: 0.9658 Re: 1.0000 Acc: 0.9829 F1: 0.9826
Epoch 24: Time: 0.1692 Cost: 1.9969 Pre: 0.9658 Re: 1.0000 Acc: 0.9829 F1: 0.9826
Epoch 25: Time: 0.1603 Cost: 1.9656 Pre: 0.9658 Re: 1.0000 Acc: 0.9829 F1: 0.9826
Epoch 26: Time: 0.1529 Cost: 1.9357 Pre: 0.9663 Re: 1.0000 Acc: 0.9831 F1: 0.9829
Epoch 27: Time: 0.1572 Cost: 1.9404 Pre: 0.9658 Re: 1.0000 Acc: 0.9829 F1: 0.9826
Epoch 28: Time: 0.1697 Cost: 1.9102 Pre: 0.9663 Re: 1.0000 Acc: 0.9831 F1: 0.9829
Epoch 29: Time: 0.1545 Cost: 1.9059 Pre: 0.9658 Re: 1.0000 Acc: 0.9829 F1: 0.9826
Epoch 30: Time: 0.1543 Cost: 1.8809 Pre: 0.9663 Re: 1.0000 Acc: 0.9831 F1: 0.9829


--------------------------------------------------------------------
Eval results: Cost:2.2808 Pre:0.9535 Re:1.0000 Acc:0.9768 F1:0.9762
--------------------------------------------------------------------

Epoch 31: Time: 0.1542 Cost: 1.8843 Pre: 0.9658 Re: 1.0000 Acc: 0.9829 F1: 0.9826
Epoch 32: Time: 0.1544 Cost: 1.8707 Pre: 0.9663 Re: 1.0000 Acc: 0.9831 F1: 0.9829
Epoch 33: Time: 0.1719 Cost: 1.8718 Pre: 0.9663 Re: 1.0000 Acc: 0.9831 F1: 0.9829
Epoch 34: Time: 0.1612 Cost: 1.8648 Pre: 0.9663 Re: 1.0000 Acc: 0.9831 F1: 0.9829
Epoch 35: Time: 0.1544 Cost: 1.8641 Pre: 0.9663 Re: 1.0000 Acc: 0.9831 F1: 0.9829
Epoch 36: Time: 0.1619 Cost: 1.8589 Pre: 0.9663 Re: 1.0000 Acc: 0.9831 F1: 0.9829
Epoch 37: Time: 0.1682 Cost: 1.8573 Pre: 0.9663 Re: 1.0000 Acc: 0.9831 F1: 0.9829
Epoch 38: Time: 0.1546 Cost: 1.8529 Pre: 0.9663 Re: 1.0000 Acc: 0.9831 F1: 0.9829
Epoch 39: Time: 0.1544 Cost: 1.8507 Pre: 0.9663 Re: 1.0000 Acc: 0.9831 F1: 0.9829
Epoch 40: Time: 0.1799 Cost: 1.8467 Pre: 0.9663 Re: 1.0000 Acc: 0.9831 F1: 0.9829


--------------------------------------------------------------------
Eval results: Cost:2.2763 Pre:0.9535 Re:1.0000 Acc:0.9768 F1:0.9762
--------------------------------------------------------------------

Epoch 41: Time: 0.1531 Cost: 1.8445 Pre: 0.9663 Re: 1.0000 Acc: 0.9831 F1: 0.9829
Epoch 42: Time: 0.1670 Cost: 1.8393 Pre: 0.9663 Re: 1.0000 Acc: 0.9831 F1: 0.9829
Epoch 43: Time: 0.1606 Cost: 1.8381 Pre: 0.9663 Re: 1.0000 Acc: 0.9831 F1: 0.9829
Epoch 44: Time: 0.1540 Cost: 1.8324 Pre: 0.9663 Re: 1.0000 Acc: 0.9831 F1: 0.9829
Epoch 45: Time: 0.1614 Cost: 1.8305 Pre: 0.9663 Re: 1.0000 Acc: 0.9831 F1: 0.9829
Epoch 46: Time: 0.1647 Cost: 1.8250 Pre: 0.9663 Re: 1.0000 Acc: 0.9831 F1: 0.9829
Epoch 47: Time: 0.1550 Cost: 1.8224 Pre: 0.9663 Re: 1.0000 Acc: 0.9831 F1: 0.9829
Epoch 48: Time: 0.1547 Cost: 1.8169 Pre: 0.9663 Re: 1.0000 Acc: 0.9831 F1: 0.9829
Epoch 49: Time: 0.1697 Cost: 1.8135 Pre: 0.9663 Re: 1.0000 Acc: 0.9831 F1: 0.9829
Epoch 50: Time: 0.1562 Cost: 1.8078 Pre: 0.9663 Re: 1.0000 Acc: 0.9831 F1: 0.9829


--------------------------------------------------------------------
Eval results: Cost:2.2656 Pre:0.9535 Re:1.0000 Acc:0.9768 F1:0.9762
--------------------------------------------------------------------

Epoch 51: Time: 0.1633 Cost: 1.8041 Pre: 0.9663 Re: 1.0000 Acc: 0.9831 F1: 0.9829
Epoch 52: Time: 0.1670 Cost: 1.7963 Pre: 0.9663 Re: 1.0000 Acc: 0.9831 F1: 0.9829
Epoch 53: Time: 0.1555 Cost: 1.7934 Pre: 0.9663 Re: 1.0000 Acc: 0.9831 F1: 0.9829
Epoch 54: Time: 0.1630 Cost: 1.7844 Pre: 0.9663 Re: 1.0000 Acc: 0.9831 F1: 0.9829
Epoch 55: Time: 0.1671 Cost: 1.7804 Pre: 0.9663 Re: 1.0000 Acc: 0.9831 F1: 0.9829
Epoch 56: Time: 0.1536 Cost: 1.7707 Pre: 0.9663 Re: 1.0000 Acc: 0.9831 F1: 0.9829
Epoch 57: Time: 0.1596 Cost: 1.7653 Pre: 0.9663 Re: 1.0000 Acc: 0.9831 F1: 0.9829
Epoch 58: Time: 0.1658 Cost: 1.7547 Pre: 0.9663 Re: 1.0000 Acc: 0.9831 F1: 0.9829
Epoch 59: Time: 0.1558 Cost: 1.7479 Pre: 0.9663 Re: 1.0000 Acc: 0.9831 F1: 0.9829
Epoch 60: Time: 0.1546 Cost: 1.7371 Pre: 0.9663 Re: 1.0000 Acc: 0.9831 F1: 0.9829


--------------------------------------------------------------------
Eval results: Cost:2.2674 Pre:0.9535 Re:1.0000 Acc:0.9768 F1:0.9762
--------------------------------------------------------------------

Epoch 61: Time: 0.1724 Cost: 1.7312 Pre: 0.9663 Re: 1.0000 Acc: 0.9831 F1: 0.9829
Epoch 62: Time: 0.1620 Cost: 1.7204 Pre: 0.9675 Re: 1.0000 Acc: 0.9837 F1: 0.9835
Epoch 63: Time: 0.1529 Cost: 1.7174 Pre: 0.9675 Re: 1.0000 Acc: 0.9837 F1: 0.9835
Epoch 64: Time: 0.1624 Cost: 1.7065 Pre: 0.9680 Re: 1.0000 Acc: 0.9840 F1: 0.9838
Epoch 65: Time: 0.1701 Cost: 1.7037 Pre: 0.9680 Re: 1.0000 Acc: 0.9840 F1: 0.9838
Epoch 66: Time: 0.1560 Cost: 1.6920 Pre: 0.9686 Re: 1.0000 Acc: 0.9843 F1: 0.9840
Epoch 67: Time: 0.1526 Cost: 1.6897 Pre: 0.9680 Re: 1.0000 Acc: 0.9840 F1: 0.9838
Epoch 68: Time: 0.1712 Cost: 1.6763 Pre: 0.9686 Re: 1.0000 Acc: 0.9843 F1: 0.9840
Epoch 69: Time: 0.1650 Cost: 1.6753 Pre: 0.9686 Re: 1.0000 Acc: 0.9843 F1: 0.9840
Epoch 70: Time: 0.1547 Cost: 1.6591 Pre: 0.9697 Re: 1.0000 Acc: 0.9849 F1: 0.9846


--------------------------------------------------------------------
Eval results: Cost:2.2405 Pre:0.9535 Re:1.0000 Acc:0.9768 F1:0.9762
--------------------------------------------------------------------

Epoch 71: Time: 0.1726 Cost: 1.6607 Pre: 0.9686 Re: 1.0000 Acc: 0.9843 F1: 0.9840
Epoch 72: Time: 0.1582 Cost: 1.6399 Pre: 0.9703 Re: 1.0000 Acc: 0.9852 F1: 0.9849
Epoch 73: Time: 0.1547 Cost: 1.6463 Pre: 0.9686 Re: 1.0000 Acc: 0.9843 F1: 0.9840
Epoch 74: Time: 0.1553 Cost: 1.6202 Pre: 0.9708 Re: 1.0000 Acc: 0.9855 F1: 0.9852
Epoch 75: Time: 0.1685 Cost: 1.6319 Pre: 0.9680 Re: 1.0000 Acc: 0.9840 F1: 0.9838
Epoch 76: Time: 0.1592 Cost: 1.6007 Pre: 0.9708 Re: 1.0000 Acc: 0.9855 F1: 0.9852
Epoch 77: Time: 0.1545 Cost: 1.6160 Pre: 0.9680 Re: 1.0000 Acc: 0.9840 F1: 0.9838
Epoch 78: Time: 0.1600 Cost: 1.5815 Pre: 0.9708 Re: 1.0000 Acc: 0.9855 F1: 0.9852
Epoch 79: Time: 0.1686 Cost: 1.5864 Pre: 0.9692 Re: 1.0000 Acc: 0.9846 F1: 0.9843
Epoch 80: Time: 0.1569 Cost: 1.5539 Pre: 0.9720 Re: 1.0000 Acc: 0.9861 F1: 0.9858


--------------------------------------------------------------------
Eval results: Cost:2.1574 Pre:0.9547 Re:1.0000 Acc:0.9775 F1:0.9768
--------------------------------------------------------------------

Epoch 81: Time: 0.1679 Cost: 1.5534 Pre: 0.9697 Re: 1.0000 Acc: 0.9849 F1: 0.9846
Epoch 82: Time: 0.1597 Cost: 1.5225 Pre: 0.9720 Re: 1.0000 Acc: 0.9861 F1: 0.9858
Epoch 83: Time: 0.1537 Cost: 1.5127 Pre: 0.9708 Re: 1.0000 Acc: 0.9855 F1: 0.9852
Epoch 84: Time: 0.1605 Cost: 1.4834 Pre: 0.9725 Re: 1.0000 Acc: 0.9863 F1: 0.9861
Epoch 85: Time: 0.1672 Cost: 1.4675 Pre: 0.9725 Re: 1.0000 Acc: 0.9863 F1: 0.9861
Epoch 86: Time: 0.1576 Cost: 1.4408 Pre: 0.9731 Re: 1.0000 Acc: 0.9866 F1: 0.9864
Epoch 87: Time: 0.1529 Cost: 1.4025 Pre: 0.9731 Re: 1.0000 Acc: 0.9866 F1: 0.9864
Epoch 88: Time: 0.1786 Cost: 1.3776 Pre: 0.9731 Re: 1.0000 Acc: 0.9866 F1: 0.9864
Epoch 89: Time: 0.1590 Cost: 1.3231 Pre: 0.9748 Re: 1.0000 Acc: 0.9875 F1: 0.9873
Epoch 90: Time: 0.1530 Cost: 1.2864 Pre: 0.9748 Re: 1.0000 Acc: 0.9875 F1: 0.9873


--------------------------------------------------------------------
Eval results: Cost:2.0413 Pre:0.9583 Re:1.0000 Acc:0.9793 F1:0.9787
--------------------------------------------------------------------

Epoch 91: Time: 0.1660 Cost: 1.2464 Pre: 0.9777 Re: 1.0000 Acc: 0.9890 F1: 0.9887
Epoch 92: Time: 0.1559 Cost: 1.2104 Pre: 0.9777 Re: 1.0000 Acc: 0.9890 F1: 0.9887
Epoch 93: Time: 0.1527 Cost: 1.1788 Pre: 0.9788 Re: 1.0000 Acc: 0.9895 F1: 0.9893
Epoch 94: Time: 0.1538 Cost: 1.1485 Pre: 0.9783 Re: 1.0000 Acc: 0.9893 F1: 0.9890
Epoch 95: Time: 0.1580 Cost: 1.1211 Pre: 0.9794 Re: 1.0000 Acc: 0.9898 F1: 0.9896
Epoch 96: Time: 0.1985 Cost: 1.0949 Pre: 0.9806 Re: 1.0000 Acc: 0.9904 F1: 0.9902
Epoch 97: Time: 0.1625 Cost: 1.0699 Pre: 0.9800 Re: 1.0000 Acc: 0.9901 F1: 0.9899
Epoch 98: Time: 0.1555 Cost: 1.0445 Pre: 0.9811 Re: 1.0000 Acc: 0.9907 F1: 0.9905
Epoch 99: Time: 0.1675 Cost: 1.0170 Pre: 0.9806 Re: 1.0000 Acc: 0.9904 F1: 0.9902
Epoch 100: Time: 0.1547 Cost: 0.9834 Pre: 0.9811 Re: 1.0000 Acc: 0.9907 F1: 0.9905


--------------------------------------------------------------------
Eval results: Cost:1.7699 Pre:0.9668 Re:1.0000 Acc:0.9837 F1:0.9831
--------------------------------------------------------------------

Epoch 101: Time: 0.1646 Cost: 0.9461 Pre: 0.9823 Re: 1.0000 Acc: 0.9913 F1: 0.9911
Epoch 102: Time: 0.1629 Cost: 0.8977 Pre: 0.9806 Re: 1.0000 Acc: 0.9904 F1: 0.9902
Epoch 103: Time: 0.1618 Cost: 0.8479 Pre: 0.9800 Re: 1.0000 Acc: 0.9901 F1: 0.9899
Epoch 104: Time: 0.1570 Cost: 0.7859 Pre: 0.9817 Re: 1.0000 Acc: 0.9910 F1: 0.9908
Epoch 105: Time: 0.1691 Cost: 0.7195 Pre: 0.9846 Re: 1.0000 Acc: 0.9924 F1: 0.9923
Epoch 106: Time: 0.1560 Cost: 0.6776 Pre: 0.9835 Re: 1.0000 Acc: 0.9919 F1: 0.9917
Epoch 107: Time: 0.1527 Cost: 0.6433 Pre: 0.9840 Re: 1.0000 Acc: 0.9922 F1: 0.9920
Epoch 108: Time: 0.1678 Cost: 0.6161 Pre: 0.9864 Re: 1.0000 Acc: 0.9933 F1: 0.9931
Epoch 109: Time: 0.1583 Cost: 0.5928 Pre: 0.9893 Re: 1.0000 Acc: 0.9948 F1: 0.9946
Epoch 110: Time: 0.1554 Cost: 0.5721 Pre: 0.9905 Re: 1.0000 Acc: 0.9954 F1: 0.9952


--------------------------------------------------------------------
Eval results: Cost:1.0122 Pre:0.9718 Re:1.0000 Acc:0.9862 F1:0.9857
--------------------------------------------------------------------

Epoch 111: Time: 0.1637 Cost: 0.5431 Pre: 0.9934 Re: 1.0000 Acc: 0.9968 F1: 0.9967
Epoch 112: Time: 0.1674 Cost: 0.5355 Pre: 0.9934 Re: 1.0000 Acc: 0.9968 F1: 0.9967
Epoch 113: Time: 0.1550 Cost: 0.5253 Pre: 0.9940 Re: 1.0000 Acc: 0.9971 F1: 0.9970
Epoch 114: Time: 0.1562 Cost: 0.5090 Pre: 0.9952 Re: 1.0000 Acc: 0.9977 F1: 0.9976
Epoch 115: Time: 0.1768 Cost: 0.4952 Pre: 0.9952 Re: 1.0000 Acc: 0.9977 F1: 0.9976
Epoch 116: Time: 0.1561 Cost: 0.4812 Pre: 0.9964 Re: 1.0000 Acc: 0.9983 F1: 0.9982
Epoch 117: Time: 0.1534 Cost: 0.4681 Pre: 0.9970 Re: 1.0000 Acc: 0.9985 F1: 0.9985
Epoch 118: Time: 0.1687 Cost: 0.4558 Pre: 0.9970 Re: 1.0000 Acc: 0.9985 F1: 0.9985
Epoch 119: Time: 0.1616 Cost: 0.4440 Pre: 0.9970 Re: 1.0000 Acc: 0.9985 F1: 0.9985
Epoch 120: Time: 0.1560 Cost: 0.4327 Pre: 0.9976 Re: 1.0000 Acc: 0.9988 F1: 0.9988


--------------------------------------------------------------------
Eval results: Cost:0.7209 Pre:0.9883 Re:1.0000 Acc:0.9944 F1:0.9941
--------------------------------------------------------------------

Epoch 121: Time: 0.1724 Cost: 0.4208 Pre: 0.9976 Re: 1.0000 Acc: 0.9988 F1: 0.9988
Epoch 122: Time: 0.1560 Cost: 0.4069 Pre: 0.9982 Re: 1.0000 Acc: 0.9991 F1: 0.9991
Epoch 123: Time: 0.1533 Cost: 0.4024 Pre: 0.9988 Re: 1.0000 Acc: 0.9994 F1: 0.9994
Epoch 124: Time: 0.1700 Cost: 0.3942 Pre: 0.9988 Re: 1.0000 Acc: 0.9994 F1: 0.9994
Epoch 125: Time: 0.1565 Cost: 0.3844 Pre: 0.9988 Re: 1.0000 Acc: 0.9994 F1: 0.9994
Epoch 126: Time: 0.1566 Cost: 0.3747 Pre: 0.9988 Re: 1.0000 Acc: 0.9994 F1: 0.9994
Epoch 127: Time: 0.1542 Cost: 0.3651 Pre: 0.9988 Re: 1.0000 Acc: 0.9994 F1: 0.9994
Epoch 128: Time: 0.1744 Cost: 0.3555 Pre: 0.9994 Re: 1.0000 Acc: 0.9997 F1: 0.9997
Epoch 129: Time: 0.1563 Cost: 0.3461 Pre: 0.9994 Re: 1.0000 Acc: 0.9997 F1: 0.9997
Epoch 130: Time: 0.1540 Cost: 0.3366 Pre: 0.9994 Re: 1.0000 Acc: 0.9997 F1: 0.9997


--------------------------------------------------------------------
Eval results: Cost:0.6827 Pre:0.9883 Re:1.0000 Acc:0.9944 F1:0.9941
--------------------------------------------------------------------

Epoch 131: Time: 0.1659 Cost: 0.3240 Pre: 0.9994 Re: 1.0000 Acc: 0.9997 F1: 0.9997
Epoch 132: Time: 0.1543 Cost: 0.3225 Pre: 0.9994 Re: 1.0000 Acc: 0.9997 F1: 0.9997
Epoch 133: Time: 0.1572 Cost: 0.3202 Pre: 0.9994 Re: 1.0000 Acc: 0.9997 F1: 0.9997
Epoch 134: Time: 0.1692 Cost: 0.3076 Pre: 0.9994 Re: 1.0000 Acc: 0.9997 F1: 0.9997
Epoch 135: Time: 0.1555 Cost: 0.2974 Pre: 0.9994 Re: 1.0000 Acc: 0.9997 F1: 0.9997
Epoch 136: Time: 0.1523 Cost: 0.2941 Pre: 0.9994 Re: 1.0000 Acc: 0.9997 F1: 0.9997
Epoch 137: Time: 0.1720 Cost: 0.3174 Pre: 0.9970 Re: 1.0000 Acc: 0.9985 F1: 0.9985
Epoch 138: Time: 0.1588 Cost: 0.2847 Pre: 0.9994 Re: 1.0000 Acc: 0.9997 F1: 0.9997
Epoch 139: Time: 0.1542 Cost: 0.2811 Pre: 0.9994 Re: 1.0000 Acc: 0.9997 F1: 0.9997
Epoch 140: Time: 0.1633 Cost: 0.2696 Pre: 0.9994 Re: 1.0000 Acc: 0.9997 F1: 0.9997


--------------------------------------------------------------------
Eval results: Cost:0.5478 Pre:0.9896 Re:1.0000 Acc:0.9950 F1:0.9948
--------------------------------------------------------------------

Epoch 141: Time: 0.1548 Cost: 0.2621 Pre: 1.0000 Re: 1.0000 Acc: 1.0000 F1: 1.0000
Epoch 142: Time: 0.1533 Cost: 0.2602 Pre: 0.9994 Re: 1.0000 Acc: 0.9997 F1: 0.9997
Epoch 143: Time: 0.1547 Cost: 0.2618 Pre: 0.9994 Re: 1.0000 Acc: 0.9997 F1: 0.9997
Epoch 144: Time: 0.1739 Cost: 0.2505 Pre: 0.9994 Re: 1.0000 Acc: 0.9997 F1: 0.9997
Epoch 145: Time: 0.1558 Cost: 0.2422 Pre: 1.0000 Re: 1.0000 Acc: 1.0000 F1: 1.0000
Epoch 146: Time: 0.1621 Cost: 0.2361 Pre: 1.0000 Re: 1.0000 Acc: 1.0000 F1: 1.0000
Epoch 147: Time: 0.1666 Cost: 0.2543 Pre: 0.9982 Re: 1.0000 Acc: 0.9991 F1: 0.9991
Epoch 148: Time: 0.1613 Cost: 0.2296 Pre: 0.9994 Re: 1.0000 Acc: 0.9997 F1: 0.9997
Epoch 149: Time: 0.1552 Cost: 0.2261 Pre: 1.0000 Re: 1.0000 Acc: 1.0000 F1: 1.0000
Epoch 150: Time: 0.1594 Cost: 0.2186 Pre: 1.0000 Re: 1.0000 Acc: 1.0000 F1: 1.0000


--------------------------------------------------------------------
Eval results: Cost:0.5152 Pre:0.9896 Re:1.0000 Acc:0.9950 F1:0.9948
--------------------------------------------------------------------

Epoch 151: Time: 0.1587 Cost: 0.2116 Pre: 1.0000 Re: 1.0000 Acc: 1.0000 F1: 1.0000
Epoch 152: Time: 0.1558 Cost: 0.2082 Pre: 0.9994 Re: 1.0000 Acc: 0.9997 F1: 0.9997
Epoch 153: Time: 0.1913 Cost: 0.2087 Pre: 0.9994 Re: 1.0000 Acc: 0.9997 F1: 0.9997
Epoch 154: Time: 0.1691 Cost: 0.2020 Pre: 1.0000 Re: 1.0000 Acc: 1.0000 F1: 1.0000
Epoch 155: Time: 0.1626 Cost: 0.1950 Pre: 1.0000 Re: 1.0000 Acc: 1.0000 F1: 1.0000
Epoch 156: Time: 0.1693 Cost: 0.1874 Pre: 1.0000 Re: 1.0000 Acc: 1.0000 F1: 1.0000
Epoch 157: Time: 0.1626 Cost: 0.1802 Pre: 1.0000 Re: 1.0000 Acc: 1.0000 F1: 1.0000
Epoch 158: Time: 0.1544 Cost: 0.1849 Pre: 1.0000 Re: 1.0000 Acc: 1.0000 F1: 1.0000
Epoch 159: Time: 0.1608 Cost: 0.1792 Pre: 1.0000 Re: 1.0000 Acc: 1.0000 F1: 1.0000
Epoch 160: Time: 0.1665 Cost: 0.1748 Pre: 1.0000 Re: 1.0000 Acc: 1.0000 F1: 1.0000


--------------------------------------------------------------------
Eval results: Cost:0.5365 Pre:0.9921 Re:1.0000 Acc:0.9962 F1:0.9961
--------------------------------------------------------------------

Epoch 161: Time: 0.1531 Cost: 0.1614 Pre: 1.0000 Re: 1.0000 Acc: 1.0000 F1: 1.0000
Epoch 162: Time: 0.1651 Cost: 0.1589 Pre: 1.0000 Re: 1.0000 Acc: 1.0000 F1: 1.0000
Epoch 163: Time: 0.1600 Cost: 0.1608 Pre: 1.0000 Re: 1.0000 Acc: 1.0000 F1: 1.0000
Epoch 164: Time: 0.1537 Cost: 0.1536 Pre: 1.0000 Re: 1.0000 Acc: 1.0000 F1: 1.0000
Epoch 165: Time: 0.1525 Cost: 0.1484 Pre: 1.0000 Re: 1.0000 Acc: 1.0000 F1: 1.0000
Epoch 166: Time: 0.1803 Cost: 0.1434 Pre: 1.0000 Re: 1.0000 Acc: 1.0000 F1: 1.0000
Epoch 167: Time: 0.1565 Cost: 0.1388 Pre: 1.0000 Re: 1.0000 Acc: 1.0000 F1: 1.0000
Epoch 168: Time: 0.1534 Cost: 0.1346 Pre: 1.0000 Re: 1.0000 Acc: 1.0000 F1: 1.0000
Epoch 169: Time: 0.1713 Cost: 0.1303 Pre: 1.0000 Re: 1.0000 Acc: 1.0000 F1: 1.0000
Epoch 170: Time: 0.1610 Cost: 0.1257 Pre: 1.0000 Re: 1.0000 Acc: 1.0000 F1: 1.0000


--------------------------------------------------------------------
Eval results: Cost:0.4376 Pre:0.9921 Re:1.0000 Acc:0.9962 F1:0.9961
--------------------------------------------------------------------

Epoch 171: Time: 0.1568 Cost: 0.1164 Pre: 1.0000 Re: 1.0000 Acc: 1.0000 F1: 1.0000
Epoch 172: Time: 0.1736 Cost: 0.1124 Pre: 1.0000 Re: 1.0000 Acc: 1.0000 F1: 1.0000
Epoch 173: Time: 0.1552 Cost: 0.1117 Pre: 1.0000 Re: 1.0000 Acc: 1.0000 F1: 1.0000
Epoch 174: Time: 0.1528 Cost: 0.1105 Pre: 1.0000 Re: 1.0000 Acc: 1.0000 F1: 1.0000
Epoch 175: Time: 0.1674 Cost: 0.1051 Pre: 1.0000 Re: 1.0000 Acc: 1.0000 F1: 1.0000
Epoch 176: Time: 0.1554 Cost: 0.1007 Pre: 1.0000 Re: 1.0000 Acc: 1.0000 F1: 1.0000
Epoch 177: Time: 0.1549 Cost: 0.0964 Pre: 1.0000 Re: 1.0000 Acc: 1.0000 F1: 1.0000
Epoch 178: Time: 0.1564 Cost: 0.0922 Pre: 1.0000 Re: 1.0000 Acc: 1.0000 F1: 1.0000
Epoch 179: Time: 0.1648 Cost: 0.0876 Pre: 1.0000 Re: 1.0000 Acc: 1.0000 F1: 1.0000
Epoch 180: Time: 0.1653 Cost: 0.0828 Pre: 1.0000 Re: 1.0000 Acc: 1.0000 F1: 1.0000


--------------------------------------------------------------------
Eval results: Cost:0.3940 Pre:0.9934 Re:1.0000 Acc:0.9969 F1:0.9967
--------------------------------------------------------------------

Epoch 181: Time: 0.1532 Cost: 0.0764 Pre: 1.0000 Re: 1.0000 Acc: 1.0000 F1: 1.0000
Epoch 182: Time: 0.1735 Cost: 0.0719 Pre: 1.0000 Re: 1.0000 Acc: 1.0000 F1: 1.0000
Epoch 183: Time: 0.1587 Cost: 0.0704 Pre: 1.0000 Re: 1.0000 Acc: 1.0000 F1: 1.0000
Epoch 184: Time: 0.1535 Cost: 0.0694 Pre: 1.0000 Re: 1.0000 Acc: 1.0000 F1: 1.0000
Epoch 185: Time: 0.1681 Cost: 0.0647 Pre: 1.0000 Re: 1.0000 Acc: 1.0000 F1: 1.0000
Epoch 186: Time: 0.1641 Cost: 0.0609 Pre: 1.0000 Re: 1.0000 Acc: 1.0000 F1: 1.0000
Epoch 187: Time: 0.1541 Cost: 0.0570 Pre: 1.0000 Re: 1.0000 Acc: 1.0000 F1: 1.0000
Epoch 188: Time: 0.1587 Cost: 0.0529 Pre: 1.0000 Re: 1.0000 Acc: 1.0000 F1: 1.0000
Epoch 189: Time: 0.1690 Cost: 0.0487 Pre: 1.0000 Re: 1.0000 Acc: 1.0000 F1: 1.0000
Epoch 190: Time: 0.1568 Cost: 0.0447 Pre: 1.0000 Re: 1.0000 Acc: 1.0000 F1: 1.0000


--------------------------------------------------------------------
Eval results: Cost:0.4333 Pre:0.9921 Re:1.0000 Acc:0.9962 F1:0.9961
--------------------------------------------------------------------

Epoch 191: Time: 0.1699 Cost: 0.0423 Pre: 1.0000 Re: 1.0000 Acc: 1.0000 F1: 1.0000
Epoch 192: Time: 0.1589 Cost: 0.0375 Pre: 1.0000 Re: 1.0000 Acc: 1.0000 F1: 1.0000
Epoch 193: Time: 0.1530 Cost: 0.0365 Pre: 1.0000 Re: 1.0000 Acc: 1.0000 F1: 1.0000
Epoch 194: Time: 0.1623 Cost: 0.0349 Pre: 1.0000 Re: 1.0000 Acc: 1.0000 F1: 1.0000
Epoch 195: Time: 0.1701 Cost: 0.0326 Pre: 1.0000 Re: 1.0000 Acc: 1.0000 F1: 1.0000
Epoch 196: Time: 0.1544 Cost: 0.0292 Pre: 1.0000 Re: 1.0000 Acc: 1.0000 F1: 1.0000
Epoch 197: Time: 0.1550 Cost: 0.0263 Pre: 1.0000 Re: 1.0000 Acc: 1.0000 F1: 1.0000
Epoch 198: Time: 0.1727 Cost: 0.0234 Pre: 1.0000 Re: 1.0000 Acc: 1.0000 F1: 1.0000
Epoch 199: Time: 0.1559 Cost: 0.0208 Pre: 1.0000 Re: 1.0000 Acc: 1.0000 F1: 1.0000
Epoch 200: Time: 0.1528 Cost: 0.0183 Pre: 1.0000 Re: 1.0000 Acc: 1.0000 F1: 1.0000


--------------------------------------------------------------------
Eval results: Cost:0.3051 Pre:0.9961 Re:1.0000 Acc:0.9981 F1:0.9980
--------------------------------------------------------------------

Epoch 201: Time: 0.1633 Cost: 0.0169 Pre: 1.0000 Re: 1.0000 Acc: 1.0000 F1: 1.0000
Epoch 202: Time: 0.1539 Cost: 0.0150 Pre: 1.0000 Re: 1.0000 Acc: 1.0000 F1: 1.0000
Epoch 203: Time: 0.1715 Cost: 0.0145 Pre: 1.0000 Re: 1.0000 Acc: 1.0000 F1: 1.0000
Epoch 204: Time: 0.1662 Cost: 0.0136 Pre: 1.0000 Re: 1.0000 Acc: 1.0000 F1: 1.0000
Epoch 205: Time: 0.1546 Cost: 0.0124 Pre: 1.0000 Re: 1.0000 Acc: 1.0000 F1: 1.0000
Epoch 206: Time: 0.1557 Cost: 0.0107 Pre: 1.0000 Re: 1.0000 Acc: 1.0000 F1: 1.0000
Epoch 207: Time: 0.1724 Cost: 0.0094 Pre: 1.0000 Re: 1.0000 Acc: 1.0000 F1: 1.0000
Epoch 208: Time: 0.1547 Cost: 0.0083 Pre: 1.0000 Re: 1.0000 Acc: 1.0000 F1: 1.0000
Epoch 209: Time: 0.1530 Cost: 0.0073 Pre: 1.0000 Re: 1.0000 Acc: 1.0000 F1: 1.0000
Epoch 210: Time: 0.1713 Cost: 0.0066 Pre: 1.0000 Re: 1.0000 Acc: 1.0000 F1: 1.0000


--------------------------------------------------------------------
Eval results: Cost:0.0815 Pre:0.9987 Re:1.0000 Acc:0.9994 F1:0.9993
--------------------------------------------------------------------

Epoch 211: Time: 0.1542 Cost: 0.0059 Pre: 1.0000 Re: 1.0000 Acc: 1.0000 F1: 1.0000
Epoch 212: Time: 0.1886 Cost: 0.0057 Pre: 1.0000 Re: 1.0000 Acc: 1.0000 F1: 1.0000
Epoch 213: Time: 0.1677 Cost: 0.0055 Pre: 1.0000 Re: 1.0000 Acc: 1.0000 F1: 1.0000
Epoch 214: Time: 0.1555 Cost: 0.0053 Pre: 1.0000 Re: 1.0000 Acc: 1.0000 F1: 1.0000
Epoch 215: Time: 0.1592 Cost: 0.0051 Pre: 1.0000 Re: 1.0000 Acc: 1.0000 F1: 1.0000
Epoch 216: Time: 0.1686 Cost: 0.0048 Pre: 1.0000 Re: 1.0000 Acc: 1.0000 F1: 1.0000
Epoch 217: Time: 0.1547 Cost: 0.0045 Pre: 1.0000 Re: 1.0000 Acc: 1.0000 F1: 1.0000
Epoch 218: Time: 0.1551 Cost: 0.0041 Pre: 1.0000 Re: 1.0000 Acc: 1.0000 F1: 1.0000
Epoch 219: Time: 0.1729 Cost: 0.0038 Pre: 1.0000 Re: 1.0000 Acc: 1.0000 F1: 1.0000
Epoch 220: Time: 0.1569 Cost: 0.0035 Pre: 1.0000 Re: 1.0000 Acc: 1.0000 F1: 1.0000


--------------------------------------------------------------------
Eval results: Cost:0.0184 Pre:1.0000 Re:1.0000 Acc:1.0000 F1:1.0000
--------------------------------------------------------------------

Epoch 221: Time: 0.1613 Cost: 0.0034 Pre: 1.0000 Re: 1.0000 Acc: 1.0000 F1: 1.0000
Epoch 222: Time: 0.1662 Cost: 0.0033 Pre: 1.0000 Re: 1.0000 Acc: 1.0000 F1: 1.0000
Epoch 223: Time: 0.1574 Cost: 0.0031 Pre: 1.0000 Re: 1.0000 Acc: 1.0000 F1: 1.0000
Epoch 224: Time: 0.1552 Cost: 0.0030 Pre: 1.0000 Re: 1.0000 Acc: 1.0000 F1: 1.0000
Epoch 225: Time: 0.1725 Cost: 0.0029 Pre: 1.0000 Re: 1.0000 Acc: 1.0000 F1: 1.0000
Epoch 226: Time: 0.1554 Cost: 0.0028 Pre: 1.0000 Re: 1.0000 Acc: 1.0000 F1: 1.0000
Epoch 227: Time: 0.1546 Cost: 0.0027 Pre: 1.0000 Re: 1.0000 Acc: 1.0000 F1: 1.0000
Epoch 228: Time: 0.1680 Cost: 0.0026 Pre: 1.0000 Re: 1.0000 Acc: 1.0000 F1: 1.0000
Epoch 229: Time: 0.1604 Cost: 0.0024 Pre: 1.0000 Re: 1.0000 Acc: 1.0000 F1: 1.0000
Epoch 230: Time: 0.1566 Cost: 0.0023 Pre: 1.0000 Re: 1.0000 Acc: 1.0000 F1: 1.0000


--------------------------------------------------------------------
Eval results: Cost:0.0175 Pre:1.0000 Re:1.0000 Acc:1.0000 F1:1.0000
--------------------------------------------------------------------

Epoch 231: Time: 0.1672 Cost: 0.0022 Pre: 1.0000 Re: 1.0000 Acc: 1.0000 F1: 1.0000
Epoch 232: Time: 0.1550 Cost: 0.0022 Pre: 1.0000 Re: 1.0000 Acc: 1.0000 F1: 1.0000
Epoch 233: Time: 0.1539 Cost: 0.0022 Pre: 1.0000 Re: 1.0000 Acc: 1.0000 F1: 1.0000
Epoch 234: Time: 0.1703 Cost: 0.0021 Pre: 1.0000 Re: 1.0000 Acc: 1.0000 F1: 1.0000
Epoch 235: Time: 0.1581 Cost: 0.0021 Pre: 1.0000 Re: 1.0000 Acc: 1.0000 F1: 1.0000
Epoch 236: Time: 0.1531 Cost: 0.0020 Pre: 1.0000 Re: 1.0000 Acc: 1.0000 F1: 1.0000
Epoch 237: Time: 0.1648 Cost: 0.0020 Pre: 1.0000 Re: 1.0000 Acc: 1.0000 F1: 1.0000
Epoch 238: Time: 0.1610 Cost: 0.0019 Pre: 1.0000 Re: 1.0000 Acc: 1.0000 F1: 1.0000
Epoch 239: Time: 0.1544 Cost: 0.0018 Pre: 1.0000 Re: 1.0000 Acc: 1.0000 F1: 1.0000
Epoch 240: Time: 0.1576 Cost: 0.0018 Pre: 1.0000 Re: 1.0000 Acc: 1.0000 F1: 1.0000


--------------------------------------------------------------------
Eval results: Cost:0.0104 Pre:1.0000 Re:1.0000 Acc:1.0000 F1:1.0000
--------------------------------------------------------------------

Epoch 241: Time: 0.1594 Cost: 0.0017 Pre: 1.0000 Re: 1.0000 Acc: 1.0000 F1: 1.0000
Epoch 242: Time: 0.1550 Cost: 0.0017 Pre: 1.0000 Re: 1.0000 Acc: 1.0000 F1: 1.0000
Epoch 243: Time: 0.1672 Cost: 0.0017 Pre: 1.0000 Re: 1.0000 Acc: 1.0000 F1: 1.0000
Epoch 244: Time: 0.1600 Cost: 0.0016 Pre: 1.0000 Re: 1.0000 Acc: 1.0000 F1: 1.0000
Epoch 245: Time: 0.1540 Cost: 0.0016 Pre: 1.0000 Re: 1.0000 Acc: 1.0000 F1: 1.0000
Epoch 246: Time: 0.1589 Cost: 0.0016 Pre: 1.0000 Re: 1.0000 Acc: 1.0000 F1: 1.0000
Epoch 247: Time: 0.1701 Cost: 0.0015 Pre: 1.0000 Re: 1.0000 Acc: 1.0000 F1: 1.0000
Epoch 248: Time: 0.1536 Cost: 0.0015 Pre: 1.0000 Re: 1.0000 Acc: 1.0000 F1: 1.0000
Epoch 249: Time: 0.1534 Cost: 0.0014 Pre: 1.0000 Re: 1.0000 Acc: 1.0000 F1: 1.0000
Epoch 250: Time: 0.1737 Cost: 0.0014 Pre: 1.0000 Re: 1.0000 Acc: 1.0000 F1: 1.0000


--------------------------------------------------------------------
Eval results: Cost:0.0052 Pre:1.0000 Re:1.0000 Acc:1.0000 F1:1.0000
--------------------------------------------------------------------

Epoch 251: Time: 0.1539 Cost: 0.0014 Pre: 1.0000 Re: 1.0000 Acc: 1.0000 F1: 1.0000
Epoch 252: Time: 0.1612 Cost: 0.0013 Pre: 1.0000 Re: 1.0000 Acc: 1.0000 F1: 1.0000
Epoch 253: Time: 0.1666 Cost: 0.0013 Pre: 1.0000 Re: 1.0000 Acc: 1.0000 F1: 1.0000
Epoch 254: Time: 0.1538 Cost: 0.0013 Pre: 1.0000 Re: 1.0000 Acc: 1.0000 F1: 1.0000
Epoch 255: Time: 0.1549 Cost: 0.0013 Pre: 1.0000 Re: 1.0000 Acc: 1.0000 F1: 1.0000
Epoch 256: Time: 0.1718 Cost: 0.0013 Pre: 1.0000 Re: 1.0000 Acc: 1.0000 F1: 1.0000
Epoch 257: Time: 0.1568 Cost: 0.0012 Pre: 1.0000 Re: 1.0000 Acc: 1.0000 F1: 1.0000
Epoch 258: Time: 0.1537 Cost: 0.0012 Pre: 1.0000 Re: 1.0000 Acc: 1.0000 F1: 1.0000
Epoch 259: Time: 0.1602 Cost: 0.0012 Pre: 1.0000 Re: 1.0000 Acc: 1.0000 F1: 1.0000
Epoch 260: Time: 0.1689 Cost: 0.0011 Pre: 1.0000 Re: 1.0000 Acc: 1.0000 F1: 1.0000


--------------------------------------------------------------------
Eval results: Cost:0.0028 Pre:1.0000 Re:1.0000 Acc:1.0000 F1:1.0000
--------------------------------------------------------------------

Epoch 261: Time: 0.1623 Cost: 0.0011 Pre: 1.0000 Re: 1.0000 Acc: 1.0000 F1: 1.0000
Epoch 262: Time: 0.1701 Cost: 0.0011 Pre: 1.0000 Re: 1.0000 Acc: 1.0000 F1: 1.0000
Epoch 263: Time: 0.1586 Cost: 0.0011 Pre: 1.0000 Re: 1.0000 Acc: 1.0000 F1: 1.0000
Epoch 264: Time: 0.1569 Cost: 0.0011 Pre: 1.0000 Re: 1.0000 Acc: 1.0000 F1: 1.0000
Epoch 265: Time: 0.1626 Cost: 0.0011 Pre: 1.0000 Re: 1.0000 Acc: 1.0000 F1: 1.0000
Epoch 266: Time: 0.1662 Cost: 0.0010 Pre: 1.0000 Re: 1.0000 Acc: 1.0000 F1: 1.0000
Epoch 267: Time: 0.1543 Cost: 0.0010 Pre: 1.0000 Re: 1.0000 Acc: 1.0000 F1: 1.0000
Epoch 268: Time: 0.1550 Cost: 0.0010 Pre: 1.0000 Re: 1.0000 Acc: 1.0000 F1: 1.0000
Epoch 269: Time: 0.1705 Cost: 0.0010 Pre: 1.0000 Re: 1.0000 Acc: 1.0000 F1: 1.0000
Epoch 270: Time: 0.1557 Cost: 0.0010 Pre: 1.0000 Re: 1.0000 Acc: 1.0000 F1: 1.0000


--------------------------------------------------------------------
Eval results: Cost:0.0018 Pre:1.0000 Re:1.0000 Acc:1.0000 F1:1.0000
--------------------------------------------------------------------

Epoch 271: Time: 0.1666 Cost: 0.0009 Pre: 1.0000 Re: 1.0000 Acc: 1.0000 F1: 1.0000
Epoch 272: Time: 0.1623 Cost: 0.0009 Pre: 1.0000 Re: 1.0000 Acc: 1.0000 F1: 1.0000
Epoch 273: Time: 0.1546 Cost: 0.0009 Pre: 1.0000 Re: 1.0000 Acc: 1.0000 F1: 1.0000
Epoch 274: Time: 0.1570 Cost: 0.0009 Pre: 1.0000 Re: 1.0000 Acc: 1.0000 F1: 1.0000
Epoch 275: Time: 0.1649 Cost: 0.0009 Pre: 1.0000 Re: 1.0000 Acc: 1.0000 F1: 1.0000
Epoch 276: Time: 0.1606 Cost: 0.0009 Pre: 1.0000 Re: 1.0000 Acc: 1.0000 F1: 1.0000
Epoch 277: Time: 0.1560 Cost: 0.0009 Pre: 1.0000 Re: 1.0000 Acc: 1.0000 F1: 1.0000
Epoch 278: Time: 0.1604 Cost: 0.0008 Pre: 1.0000 Re: 1.0000 Acc: 1.0000 F1: 1.0000
Epoch 279: Time: 0.1691 Cost: 0.0008 Pre: 1.0000 Re: 1.0000 Acc: 1.0000 F1: 1.0000
Epoch 280: Time: 0.1547 Cost: 0.0008 Pre: 1.0000 Re: 1.0000 Acc: 1.0000 F1: 1.0000


--------------------------------------------------------------------
Eval results: Cost:0.0014 Pre:1.0000 Re:1.0000 Acc:1.0000 F1:1.0000
--------------------------------------------------------------------

Epoch 281: Time: 0.1662 Cost: 0.0008 Pre: 1.0000 Re: 1.0000 Acc: 1.0000 F1: 1.0000
Epoch 282: Time: 0.1631 Cost: 0.0008 Pre: 1.0000 Re: 1.0000 Acc: 1.0000 F1: 1.0000
Epoch 283: Time: 0.1546 Cost: 0.0008 Pre: 1.0000 Re: 1.0000 Acc: 1.0000 F1: 1.0000
Epoch 284: Time: 0.1610 Cost: 0.0008 Pre: 1.0000 Re: 1.0000 Acc: 1.0000 F1: 1.0000
Epoch 285: Time: 0.1706 Cost: 0.0008 Pre: 1.0000 Re: 1.0000 Acc: 1.0000 F1: 1.0000
Epoch 286: Time: 0.1541 Cost: 0.0008 Pre: 1.0000 Re: 1.0000 Acc: 1.0000 F1: 1.0000
Epoch 287: Time: 0.1553 Cost: 0.0007 Pre: 1.0000 Re: 1.0000 Acc: 1.0000 F1: 1.0000
Epoch 288: Time: 0.1759 Cost: 0.0007 Pre: 1.0000 Re: 1.0000 Acc: 1.0000 F1: 1.0000
Epoch 289: Time: 0.1553 Cost: 0.0007 Pre: 1.0000 Re: 1.0000 Acc: 1.0000 F1: 1.0000
Epoch 290: Time: 0.1569 Cost: 0.0007 Pre: 1.0000 Re: 1.0000 Acc: 1.0000 F1: 1.0000


--------------------------------------------------------------------
Eval results: Cost:0.0011 Pre:1.0000 Re:1.0000 Acc:1.0000 F1:1.0000
--------------------------------------------------------------------

Early stopping...
--------------------------------------------------------------------
--------------------------------------------------------------------
Test 8494 samples take time: 0.8846
Test results: Cost:0.0006 Pre:1.0000 Re:1.0000 Acc:1.0000 F1:1.0000
--------------------------------------------------------------------

