16768
16562
16206
16632
16380
16425
Load data
RNN type: O2 Grammar: g5 Seed: 10
Model total parameters: 5000
Saving hinit ... 

Epoch 0: Time: 0.9610 Cost: 25.0867 Pre: 0.4853 Re: 0.9724 Acc: 0.4878 F1: 0.6475


--------------------------------------------------------------------
Eval results: Cost:25.0380 Pre:0.4717 Re:0.8456 Acc:0.4775 F1:0.6056
--------------------------------------------------------------------

Epoch 1: Time: 0.8819 Cost: 24.8830 Pre: 0.5484 Re: 0.3778 Acc: 0.5485 F1: 0.4474
Epoch 2: Time: 0.8890 Cost: 4.8158 Pre: 0.9697 Re: 0.9988 Acc: 0.9843 F1: 0.9840
Epoch 3: Time: 0.8834 Cost: 1.8138 Pre: 0.9697 Re: 1.0000 Acc: 0.9849 F1: 0.9846
Epoch 4: Time: 0.8813 Cost: 1.7994 Pre: 0.9697 Re: 1.0000 Acc: 0.9849 F1: 0.9846
Epoch 5: Time: 0.8794 Cost: 1.7847 Pre: 0.9697 Re: 1.0000 Acc: 0.9849 F1: 0.9846
Epoch 6: Time: 0.8782 Cost: 1.7605 Pre: 0.9703 Re: 1.0000 Acc: 0.9852 F1: 0.9849
Epoch 7: Time: 0.8791 Cost: 1.7046 Pre: 0.9708 Re: 1.0000 Acc: 0.9855 F1: 0.9852
Epoch 8: Time: 0.8814 Cost: 1.7651 Pre: 0.9708 Re: 0.9976 Acc: 0.9843 F1: 0.9840
Epoch 9: Time: 0.8821 Cost: 1.6098 Pre: 0.9725 Re: 1.0000 Acc: 0.9863 F1: 0.9861
Epoch 10: Time: 0.8815 Cost: 1.5950 Pre: 0.9725 Re: 1.0000 Acc: 0.9863 F1: 0.9861


--------------------------------------------------------------------
Eval results: Cost:2.7936 Pre:0.9440 Re:1.0000 Acc:0.9718 F1:0.9712
--------------------------------------------------------------------

Epoch 11: Time: 0.8802 Cost: 1.5787 Pre: 0.9731 Re: 1.0000 Acc: 0.9866 F1: 0.9864
Epoch 12: Time: 0.8800 Cost: 1.5610 Pre: 0.9731 Re: 1.0000 Acc: 0.9866 F1: 0.9864
Epoch 13: Time: 0.8904 Cost: 1.7751 Pre: 0.9702 Re: 0.9970 Acc: 0.9837 F1: 0.9834
Epoch 14: Time: 0.8805 Cost: 1.5485 Pre: 0.9731 Re: 1.0000 Acc: 0.9866 F1: 0.9864
Epoch 15: Time: 0.8829 Cost: 1.4889 Pre: 0.9737 Re: 1.0000 Acc: 0.9869 F1: 0.9867
Epoch 16: Time: 0.8788 Cost: 1.4294 Pre: 0.9737 Re: 1.0000 Acc: 0.9869 F1: 0.9867
Epoch 17: Time: 0.8904 Cost: 1.3718 Pre: 0.9748 Re: 1.0000 Acc: 0.9875 F1: 0.9873
Epoch 18: Time: 0.8796 Cost: 1.3117 Pre: 0.9777 Re: 0.9988 Acc: 0.9884 F1: 0.9881
Epoch 19: Time: 0.8815 Cost: 1.3515 Pre: 0.9743 Re: 1.0000 Acc: 0.9872 F1: 0.9870
Epoch 20: Time: 0.8797 Cost: 1.3206 Pre: 0.9748 Re: 1.0000 Acc: 0.9875 F1: 0.9873


--------------------------------------------------------------------
Eval results: Cost:2.6003 Pre:0.9451 Re:1.0000 Acc:0.9725 F1:0.9718
--------------------------------------------------------------------

Epoch 21: Time: 0.8786 Cost: 1.1617 Pre: 0.9783 Re: 1.0000 Acc: 0.9893 F1: 0.9890
Epoch 22: Time: 0.8789 Cost: 1.0902 Pre: 0.9765 Re: 1.0000 Acc: 0.9884 F1: 0.9881
Epoch 23: Time: 0.8873 Cost: 1.0137 Pre: 0.9800 Re: 1.0000 Acc: 0.9901 F1: 0.9899
Epoch 24: Time: 0.8808 Cost: 0.7491 Pre: 0.9835 Re: 1.0000 Acc: 0.9919 F1: 0.9917
Epoch 25: Time: 0.9956 Cost: 0.3265 Pre: 0.9928 Re: 1.0000 Acc: 0.9965 F1: 0.9964
Epoch 26: Time: 0.9012 Cost: 0.1071 Pre: 1.0000 Re: 1.0000 Acc: 1.0000 F1: 1.0000
Epoch 27: Time: 0.8799 Cost: 0.0484 Pre: 1.0000 Re: 1.0000 Acc: 1.0000 F1: 1.0000
Epoch 28: Time: 0.8805 Cost: 0.0293 Pre: 1.0000 Re: 1.0000 Acc: 1.0000 F1: 1.0000
Epoch 29: Time: 0.8778 Cost: 0.0190 Pre: 1.0000 Re: 1.0000 Acc: 1.0000 F1: 1.0000
Epoch 30: Time: 0.8796 Cost: 0.0131 Pre: 1.0000 Re: 1.0000 Acc: 1.0000 F1: 1.0000


--------------------------------------------------------------------
Eval results: Cost:0.0219 Pre:1.0000 Re:1.0000 Acc:1.0000 F1:1.0000
--------------------------------------------------------------------

Epoch 31: Time: 0.8840 Cost: 0.0096 Pre: 1.0000 Re: 1.0000 Acc: 1.0000 F1: 1.0000
Epoch 32: Time: 0.8798 Cost: 0.0075 Pre: 1.0000 Re: 1.0000 Acc: 1.0000 F1: 1.0000
Epoch 33: Time: 0.8823 Cost: 0.0060 Pre: 1.0000 Re: 1.0000 Acc: 1.0000 F1: 1.0000
Epoch 34: Time: 0.8893 Cost: 0.0049 Pre: 1.0000 Re: 1.0000 Acc: 1.0000 F1: 1.0000
Epoch 35: Time: 0.8767 Cost: 0.0041 Pre: 1.0000 Re: 1.0000 Acc: 1.0000 F1: 1.0000
Epoch 36: Time: 0.8845 Cost: 0.0035 Pre: 1.0000 Re: 1.0000 Acc: 1.0000 F1: 1.0000
Epoch 37: Time: 0.8817 Cost: 0.0031 Pre: 1.0000 Re: 1.0000 Acc: 1.0000 F1: 1.0000
Epoch 38: Time: 0.8817 Cost: 0.0027 Pre: 1.0000 Re: 1.0000 Acc: 1.0000 F1: 1.0000
Epoch 39: Time: 0.8789 Cost: 0.0024 Pre: 1.0000 Re: 1.0000 Acc: 1.0000 F1: 1.0000
Epoch 40: Time: 0.8813 Cost: 0.0022 Pre: 1.0000 Re: 1.0000 Acc: 1.0000 F1: 1.0000


--------------------------------------------------------------------
Eval results: Cost:0.0036 Pre:1.0000 Re:1.0000 Acc:1.0000 F1:1.0000
--------------------------------------------------------------------

Epoch 41: Time: 0.8789 Cost: 0.0020 Pre: 1.0000 Re: 1.0000 Acc: 1.0000 F1: 1.0000
Epoch 42: Time: 0.8815 Cost: 0.0018 Pre: 1.0000 Re: 1.0000 Acc: 1.0000 F1: 1.0000
Epoch 43: Time: 0.8798 Cost: 0.0017 Pre: 1.0000 Re: 1.0000 Acc: 1.0000 F1: 1.0000
Epoch 44: Time: 0.8888 Cost: 0.0016 Pre: 1.0000 Re: 1.0000 Acc: 1.0000 F1: 1.0000
Epoch 45: Time: 0.8810 Cost: 0.0015 Pre: 1.0000 Re: 1.0000 Acc: 1.0000 F1: 1.0000
Epoch 46: Time: 0.8836 Cost: 0.0014 Pre: 1.0000 Re: 1.0000 Acc: 1.0000 F1: 1.0000
Epoch 47: Time: 0.8793 Cost: 0.0013 Pre: 1.0000 Re: 1.0000 Acc: 1.0000 F1: 1.0000
Epoch 48: Time: 0.8807 Cost: 0.0012 Pre: 1.0000 Re: 1.0000 Acc: 1.0000 F1: 1.0000
Epoch 49: Time: 0.8873 Cost: 0.0012 Pre: 1.0000 Re: 1.0000 Acc: 1.0000 F1: 1.0000
Epoch 50: Time: 0.8786 Cost: 0.0011 Pre: 1.0000 Re: 1.0000 Acc: 1.0000 F1: 1.0000


--------------------------------------------------------------------
Eval results: Cost:0.0018 Pre:1.0000 Re:1.0000 Acc:1.0000 F1:1.0000
--------------------------------------------------------------------

Epoch 51: Time: 0.8811 Cost: 0.0010 Pre: 1.0000 Re: 1.0000 Acc: 1.0000 F1: 1.0000
Epoch 52: Time: 0.8813 Cost: 0.0010 Pre: 1.0000 Re: 1.0000 Acc: 1.0000 F1: 1.0000
Epoch 53: Time: 0.8800 Cost: 0.0010 Pre: 1.0000 Re: 1.0000 Acc: 1.0000 F1: 1.0000
Epoch 54: Time: 0.8806 Cost: 0.0009 Pre: 1.0000 Re: 1.0000 Acc: 1.0000 F1: 1.0000
Epoch 55: Time: 0.8910 Cost: 0.0009 Pre: 1.0000 Re: 1.0000 Acc: 1.0000 F1: 1.0000
Epoch 56: Time: 0.8854 Cost: 0.0008 Pre: 1.0000 Re: 1.0000 Acc: 1.0000 F1: 1.0000
Epoch 57: Time: 0.9821 Cost: 0.0008 Pre: 1.0000 Re: 1.0000 Acc: 1.0000 F1: 1.0000
Epoch 58: Time: 0.9221 Cost: 0.0008 Pre: 1.0000 Re: 1.0000 Acc: 1.0000 F1: 1.0000
Epoch 59: Time: 0.8811 Cost: 0.0008 Pre: 1.0000 Re: 1.0000 Acc: 1.0000 F1: 1.0000
Epoch 60: Time: 0.9029 Cost: 0.0007 Pre: 1.0000 Re: 1.0000 Acc: 1.0000 F1: 1.0000


--------------------------------------------------------------------
Eval results: Cost:0.0011 Pre:1.0000 Re:1.0000 Acc:1.0000 F1:1.0000
--------------------------------------------------------------------

Epoch 61: Time: 0.8777 Cost: 0.0007 Pre: 1.0000 Re: 1.0000 Acc: 1.0000 F1: 1.0000
Epoch 62: Time: 0.8783 Cost: 0.0007 Pre: 1.0000 Re: 1.0000 Acc: 1.0000 F1: 1.0000
Epoch 63: Time: 0.8794 Cost: 0.0007 Pre: 1.0000 Re: 1.0000 Acc: 1.0000 F1: 1.0000
Epoch 64: Time: 0.8811 Cost: 0.0006 Pre: 1.0000 Re: 1.0000 Acc: 1.0000 F1: 1.0000
Epoch 65: Time: 0.8904 Cost: 0.0006 Pre: 1.0000 Re: 1.0000 Acc: 1.0000 F1: 1.0000
Epoch 66: Time: 0.8812 Cost: 0.0006 Pre: 1.0000 Re: 1.0000 Acc: 1.0000 F1: 1.0000
Epoch 67: Time: 0.8849 Cost: 0.0006 Pre: 1.0000 Re: 1.0000 Acc: 1.0000 F1: 1.0000
Epoch 68: Time: 0.8783 Cost: 0.0006 Pre: 1.0000 Re: 1.0000 Acc: 1.0000 F1: 1.0000
Epoch 69: Time: 0.8824 Cost: 0.0006 Pre: 1.0000 Re: 1.0000 Acc: 1.0000 F1: 1.0000
Epoch 70: Time: 0.8794 Cost: 0.0005 Pre: 1.0000 Re: 1.0000 Acc: 1.0000 F1: 1.0000


--------------------------------------------------------------------
Eval results: Cost:0.0008 Pre:1.0000 Re:1.0000 Acc:1.0000 F1:1.0000
--------------------------------------------------------------------

Epoch 71: Time: 0.8794 Cost: 0.0005 Pre: 1.0000 Re: 1.0000 Acc: 1.0000 F1: 1.0000
Epoch 72: Time: 0.8801 Cost: 0.0005 Pre: 1.0000 Re: 1.0000 Acc: 1.0000 F1: 1.0000
Epoch 73: Time: 0.9388 Cost: 0.0005 Pre: 1.0000 Re: 1.0000 Acc: 1.0000 F1: 1.0000
Epoch 74: Time: 0.8848 Cost: 0.0005 Pre: 1.0000 Re: 1.0000 Acc: 1.0000 F1: 1.0000
Epoch 75: Time: 0.8780 Cost: 0.0005 Pre: 1.0000 Re: 1.0000 Acc: 1.0000 F1: 1.0000
Epoch 76: Time: 0.8946 Cost: 0.0005 Pre: 1.0000 Re: 1.0000 Acc: 1.0000 F1: 1.0000
Epoch 77: Time: 0.8911 Cost: 0.0005 Pre: 1.0000 Re: 1.0000 Acc: 1.0000 F1: 1.0000
Epoch 78: Time: 0.8866 Cost: 0.0004 Pre: 1.0000 Re: 1.0000 Acc: 1.0000 F1: 1.0000
Epoch 79: Time: 0.8909 Cost: 0.0004 Pre: 1.0000 Re: 1.0000 Acc: 1.0000 F1: 1.0000
Epoch 80: Time: 0.8947 Cost: 0.0004 Pre: 1.0000 Re: 1.0000 Acc: 1.0000 F1: 1.0000


--------------------------------------------------------------------
Eval results: Cost:0.0007 Pre:1.0000 Re:1.0000 Acc:1.0000 F1:1.0000
--------------------------------------------------------------------

Early stopping...
--------------------------------------------------------------------
--------------------------------------------------------------------
Test 8494 samples take time: 5.2925
Test results: Cost:0.0003 Pre:1.0000 Re:1.0000 Acc:1.0000 F1:1.0000
--------------------------------------------------------------------

