16768
16562
16206
16632
16380
16425
Load data
RNN type: O2 Grammar: g5 Seed: 7
Model total parameters: 5000
Saving hinit ... 

Epoch 0: Time: 0.9616 Cost: 25.0208 Pre: 0.4845 Re: 0.4132 Acc: 0.5035 F1: 0.4460


--------------------------------------------------------------------
Eval results: Cost:24.9625 Pre:0.4607 Re:0.2784 Acc:0.5031 F1:0.3470
--------------------------------------------------------------------

Epoch 1: Time: 0.8846 Cost: 24.9465 Pre: 0.5082 Re: 0.1117 Acc: 0.5180 F1: 0.1832
Epoch 2: Time: 0.8818 Cost: 24.8787 Pre: 0.5311 Re: 0.1027 Acc: 0.5221 F1: 0.1721
Epoch 3: Time: 0.8980 Cost: 15.0311 Pre: 0.8823 Re: 0.6661 Acc: 0.7955 F1: 0.7591
Epoch 4: Time: 0.8878 Cost: 2.1016 Pre: 0.9658 Re: 1.0000 Acc: 0.9829 F1: 0.9826
Epoch 5: Time: 0.8900 Cost: 2.0716 Pre: 0.9658 Re: 1.0000 Acc: 0.9829 F1: 0.9826
Epoch 6: Time: 0.8840 Cost: 2.0621 Pre: 0.9658 Re: 1.0000 Acc: 0.9829 F1: 0.9826
Epoch 7: Time: 0.8833 Cost: 2.0532 Pre: 0.9658 Re: 1.0000 Acc: 0.9829 F1: 0.9826
Epoch 8: Time: 0.8828 Cost: 2.0375 Pre: 0.9658 Re: 1.0000 Acc: 0.9829 F1: 0.9826
Epoch 9: Time: 0.9533 Cost: 2.0052 Pre: 0.9658 Re: 1.0000 Acc: 0.9829 F1: 0.9826
Epoch 10: Time: 0.9334 Cost: 1.9449 Pre: 0.9663 Re: 1.0000 Acc: 0.9831 F1: 0.9829


--------------------------------------------------------------------
Eval results: Cost:2.2901 Pre:0.9535 Re:1.0000 Acc:0.9768 F1:0.9762
--------------------------------------------------------------------

Epoch 11: Time: 0.8832 Cost: 1.8021 Pre: 0.9675 Re: 1.0000 Acc: 0.9837 F1: 0.9835
Epoch 12: Time: 0.8818 Cost: 1.6872 Pre: 0.9708 Re: 1.0000 Acc: 0.9855 F1: 0.9852
Epoch 13: Time: 0.8847 Cost: 1.6021 Pre: 0.9708 Re: 1.0000 Acc: 0.9855 F1: 0.9852
Epoch 14: Time: 0.9018 Cost: 1.5063 Pre: 0.9725 Re: 1.0000 Acc: 0.9863 F1: 0.9861
Epoch 15: Time: 0.8857 Cost: 1.3805 Pre: 0.9743 Re: 1.0000 Acc: 0.9872 F1: 0.9870
Epoch 16: Time: 0.8830 Cost: 1.2733 Pre: 0.9737 Re: 1.0000 Acc: 0.9869 F1: 0.9867
Epoch 17: Time: 0.9008 Cost: 0.9458 Pre: 0.9800 Re: 1.0000 Acc: 0.9901 F1: 0.9899
Epoch 18: Time: 0.8825 Cost: 0.8270 Pre: 0.9794 Re: 1.0000 Acc: 0.9898 F1: 0.9896
Epoch 19: Time: 0.8805 Cost: 0.5090 Pre: 0.9923 Re: 1.0000 Acc: 0.9962 F1: 0.9961
Epoch 20: Time: 0.8813 Cost: 0.3783 Pre: 0.9940 Re: 1.0000 Acc: 0.9971 F1: 0.9970


--------------------------------------------------------------------
Eval results: Cost:0.4541 Pre:0.9974 Re:1.0000 Acc:0.9987 F1:0.9987
--------------------------------------------------------------------

Epoch 21: Time: 0.8849 Cost: 0.2475 Pre: 0.9994 Re: 1.0000 Acc: 0.9997 F1: 0.9997
Epoch 22: Time: 0.8788 Cost: 0.1734 Pre: 1.0000 Re: 1.0000 Acc: 1.0000 F1: 1.0000
Epoch 23: Time: 0.8801 Cost: 0.1143 Pre: 1.0000 Re: 1.0000 Acc: 1.0000 F1: 1.0000
Epoch 24: Time: 0.8971 Cost: 0.0781 Pre: 1.0000 Re: 1.0000 Acc: 1.0000 F1: 1.0000
Epoch 25: Time: 0.8907 Cost: 0.0521 Pre: 1.0000 Re: 1.0000 Acc: 1.0000 F1: 1.0000
Epoch 26: Time: 0.8813 Cost: 0.0360 Pre: 1.0000 Re: 1.0000 Acc: 1.0000 F1: 1.0000
Epoch 27: Time: 0.8938 Cost: 0.0255 Pre: 1.0000 Re: 1.0000 Acc: 1.0000 F1: 1.0000
Epoch 28: Time: 0.8828 Cost: 0.0188 Pre: 1.0000 Re: 1.0000 Acc: 1.0000 F1: 1.0000
Epoch 29: Time: 0.8969 Cost: 0.0142 Pre: 1.0000 Re: 1.0000 Acc: 1.0000 F1: 1.0000
Epoch 30: Time: 0.8818 Cost: 0.0107 Pre: 1.0000 Re: 1.0000 Acc: 1.0000 F1: 1.0000


--------------------------------------------------------------------
Eval results: Cost:0.0151 Pre:1.0000 Re:1.0000 Acc:1.0000 F1:1.0000
--------------------------------------------------------------------

Epoch 31: Time: 0.8822 Cost: 0.0083 Pre: 1.0000 Re: 1.0000 Acc: 1.0000 F1: 1.0000
Epoch 32: Time: 0.8889 Cost: 0.0067 Pre: 1.0000 Re: 1.0000 Acc: 1.0000 F1: 1.0000
Epoch 33: Time: 0.8822 Cost: 0.0056 Pre: 1.0000 Re: 1.0000 Acc: 1.0000 F1: 1.0000
Epoch 34: Time: 0.8812 Cost: 0.0048 Pre: 1.0000 Re: 1.0000 Acc: 1.0000 F1: 1.0000
Epoch 35: Time: 0.8944 Cost: 0.0041 Pre: 1.0000 Re: 1.0000 Acc: 1.0000 F1: 1.0000
Epoch 36: Time: 0.8869 Cost: 0.0036 Pre: 1.0000 Re: 1.0000 Acc: 1.0000 F1: 1.0000
Epoch 37: Time: 0.8812 Cost: 0.0032 Pre: 1.0000 Re: 1.0000 Acc: 1.0000 F1: 1.0000
Epoch 38: Time: 0.8870 Cost: 0.0029 Pre: 1.0000 Re: 1.0000 Acc: 1.0000 F1: 1.0000
Epoch 39: Time: 0.8878 Cost: 0.0026 Pre: 1.0000 Re: 1.0000 Acc: 1.0000 F1: 1.0000
Epoch 40: Time: 0.8843 Cost: 0.0024 Pre: 1.0000 Re: 1.0000 Acc: 1.0000 F1: 1.0000


--------------------------------------------------------------------
Eval results: Cost:0.0037 Pre:1.0000 Re:1.0000 Acc:1.0000 F1:1.0000
--------------------------------------------------------------------

Epoch 41: Time: 1.2413 Cost: 0.0022 Pre: 1.0000 Re: 1.0000 Acc: 1.0000 F1: 1.0000
Epoch 42: Time: 0.9784 Cost: 0.0020 Pre: 1.0000 Re: 1.0000 Acc: 1.0000 F1: 1.0000
Epoch 43: Time: 0.9300 Cost: 0.0019 Pre: 1.0000 Re: 1.0000 Acc: 1.0000 F1: 1.0000
Epoch 44: Time: 0.8831 Cost: 0.0017 Pre: 1.0000 Re: 1.0000 Acc: 1.0000 F1: 1.0000
Epoch 45: Time: 0.8973 Cost: 0.0016 Pre: 1.0000 Re: 1.0000 Acc: 1.0000 F1: 1.0000
Epoch 46: Time: 0.8882 Cost: 0.0015 Pre: 1.0000 Re: 1.0000 Acc: 1.0000 F1: 1.0000
Epoch 47: Time: 0.8804 Cost: 0.0014 Pre: 1.0000 Re: 1.0000 Acc: 1.0000 F1: 1.0000
Epoch 48: Time: 0.8805 Cost: 0.0014 Pre: 1.0000 Re: 1.0000 Acc: 1.0000 F1: 1.0000
Epoch 49: Time: 0.8827 Cost: 0.0013 Pre: 1.0000 Re: 1.0000 Acc: 1.0000 F1: 1.0000
Epoch 50: Time: 0.8832 Cost: 0.0012 Pre: 1.0000 Re: 1.0000 Acc: 1.0000 F1: 1.0000


--------------------------------------------------------------------
Eval results: Cost:0.0019 Pre:1.0000 Re:1.0000 Acc:1.0000 F1:1.0000
--------------------------------------------------------------------

Epoch 51: Time: 0.8833 Cost: 0.0012 Pre: 1.0000 Re: 1.0000 Acc: 1.0000 F1: 1.0000
Epoch 52: Time: 0.8845 Cost: 0.0011 Pre: 1.0000 Re: 1.0000 Acc: 1.0000 F1: 1.0000
Epoch 53: Time: 0.8814 Cost: 0.0011 Pre: 1.0000 Re: 1.0000 Acc: 1.0000 F1: 1.0000
Epoch 54: Time: 0.8838 Cost: 0.0010 Pre: 1.0000 Re: 1.0000 Acc: 1.0000 F1: 1.0000
Epoch 55: Time: 0.8914 Cost: 0.0010 Pre: 1.0000 Re: 1.0000 Acc: 1.0000 F1: 1.0000
Epoch 56: Time: 0.8917 Cost: 0.0010 Pre: 1.0000 Re: 1.0000 Acc: 1.0000 F1: 1.0000
Epoch 57: Time: 0.8812 Cost: 0.0009 Pre: 1.0000 Re: 1.0000 Acc: 1.0000 F1: 1.0000
Epoch 58: Time: 0.8820 Cost: 0.0009 Pre: 1.0000 Re: 1.0000 Acc: 1.0000 F1: 1.0000
Epoch 59: Time: 0.8843 Cost: 0.0009 Pre: 1.0000 Re: 1.0000 Acc: 1.0000 F1: 1.0000
Epoch 60: Time: 0.8958 Cost: 0.0008 Pre: 1.0000 Re: 1.0000 Acc: 1.0000 F1: 1.0000


--------------------------------------------------------------------
Eval results: Cost:0.0013 Pre:1.0000 Re:1.0000 Acc:1.0000 F1:1.0000
--------------------------------------------------------------------

Epoch 61: Time: 0.8839 Cost: 0.0008 Pre: 1.0000 Re: 1.0000 Acc: 1.0000 F1: 1.0000
Epoch 62: Time: 0.8827 Cost: 0.0008 Pre: 1.0000 Re: 1.0000 Acc: 1.0000 F1: 1.0000
Epoch 63: Time: 0.8819 Cost: 0.0007 Pre: 1.0000 Re: 1.0000 Acc: 1.0000 F1: 1.0000
Epoch 64: Time: 0.8810 Cost: 0.0007 Pre: 1.0000 Re: 1.0000 Acc: 1.0000 F1: 1.0000
Epoch 65: Time: 0.8834 Cost: 0.0007 Pre: 1.0000 Re: 1.0000 Acc: 1.0000 F1: 1.0000
Epoch 66: Time: 0.8905 Cost: 0.0007 Pre: 1.0000 Re: 1.0000 Acc: 1.0000 F1: 1.0000
Epoch 67: Time: 0.8887 Cost: 0.0007 Pre: 1.0000 Re: 1.0000 Acc: 1.0000 F1: 1.0000
Epoch 68: Time: 0.8826 Cost: 0.0006 Pre: 1.0000 Re: 1.0000 Acc: 1.0000 F1: 1.0000
Epoch 69: Time: 0.8832 Cost: 0.0006 Pre: 1.0000 Re: 1.0000 Acc: 1.0000 F1: 1.0000
Epoch 70: Time: 0.8832 Cost: 0.0006 Pre: 1.0000 Re: 1.0000 Acc: 1.0000 F1: 1.0000


--------------------------------------------------------------------
Eval results: Cost:0.0009 Pre:1.0000 Re:1.0000 Acc:1.0000 F1:1.0000
--------------------------------------------------------------------

Epoch 71: Time: 1.0039 Cost: 0.0006 Pre: 1.0000 Re: 1.0000 Acc: 1.0000 F1: 1.0000
Epoch 72: Time: 0.8956 Cost: 0.0006 Pre: 1.0000 Re: 1.0000 Acc: 1.0000 F1: 1.0000
Epoch 73: Time: 0.8827 Cost: 0.0006 Pre: 1.0000 Re: 1.0000 Acc: 1.0000 F1: 1.0000
Epoch 74: Time: 0.8815 Cost: 0.0006 Pre: 1.0000 Re: 1.0000 Acc: 1.0000 F1: 1.0000
Epoch 75: Time: 0.8858 Cost: 0.0005 Pre: 1.0000 Re: 1.0000 Acc: 1.0000 F1: 1.0000
Epoch 76: Time: 0.8957 Cost: 0.0005 Pre: 1.0000 Re: 1.0000 Acc: 1.0000 F1: 1.0000
Epoch 77: Time: 0.8835 Cost: 0.0005 Pre: 1.0000 Re: 1.0000 Acc: 1.0000 F1: 1.0000
Epoch 78: Time: 0.8880 Cost: 0.0005 Pre: 1.0000 Re: 1.0000 Acc: 1.0000 F1: 1.0000
Epoch 79: Time: 0.8874 Cost: 0.0005 Pre: 1.0000 Re: 1.0000 Acc: 1.0000 F1: 1.0000
Epoch 80: Time: 0.8809 Cost: 0.0005 Pre: 1.0000 Re: 1.0000 Acc: 1.0000 F1: 1.0000


--------------------------------------------------------------------
Eval results: Cost:0.0007 Pre:1.0000 Re:1.0000 Acc:1.0000 F1:1.0000
--------------------------------------------------------------------

Early stopping...
--------------------------------------------------------------------
--------------------------------------------------------------------
Test 8494 samples take time: 5.1460
Test results: Cost:0.0004 Pre:1.0000 Re:1.0000 Acc:1.0000 F1:1.0000
--------------------------------------------------------------------

