16768
16562
16206
16632
16380
16425
Load data
RNN type: O2 Grammar: g5 Seed: 8
Model total parameters: 5000
Saving hinit ... 

Epoch 0: Time: 0.9529 Cost: 25.0278 Pre: 0.4898 Re: 0.8937 Acc: 0.4983 F1: 0.6328


--------------------------------------------------------------------
Eval results: Cost:25.0129 Pre:0.4804 Re:0.6939 Acc:0.4987 F1:0.5677
--------------------------------------------------------------------

Epoch 1: Time: 0.8709 Cost: 21.9716 Pre: 0.7140 Re: 0.5742 Acc: 0.6827 F1: 0.6365
Epoch 2: Time: 0.8697 Cost: 2.3608 Pre: 0.9658 Re: 1.0000 Acc: 0.9829 F1: 0.9826
Epoch 3: Time: 0.8694 Cost: 2.0813 Pre: 0.9658 Re: 1.0000 Acc: 0.9829 F1: 0.9826
Epoch 4: Time: 0.8674 Cost: 2.0720 Pre: 0.9658 Re: 1.0000 Acc: 0.9829 F1: 0.9826
Epoch 5: Time: 0.8819 Cost: 2.0631 Pre: 0.9658 Re: 1.0000 Acc: 0.9829 F1: 0.9826
Epoch 6: Time: 0.8735 Cost: 2.0483 Pre: 0.9658 Re: 1.0000 Acc: 0.9829 F1: 0.9826
Epoch 7: Time: 0.8727 Cost: 2.0153 Pre: 0.9658 Re: 1.0000 Acc: 0.9829 F1: 0.9826
Epoch 8: Time: 0.8690 Cost: 1.9168 Pre: 0.9669 Re: 1.0000 Acc: 0.9834 F1: 0.9832
Epoch 9: Time: 0.8672 Cost: 1.8421 Pre: 0.9675 Re: 1.0000 Acc: 0.9837 F1: 0.9835
Epoch 10: Time: 0.8697 Cost: 1.7788 Pre: 0.9680 Re: 1.0000 Acc: 0.9840 F1: 0.9838


--------------------------------------------------------------------
Eval results: Cost:2.3363 Pre:0.9535 Re:1.0000 Acc:0.9768 F1:0.9762
--------------------------------------------------------------------

Epoch 11: Time: 0.8743 Cost: 1.7200 Pre: 0.9692 Re: 1.0000 Acc: 0.9846 F1: 0.9843
Epoch 12: Time: 0.8767 Cost: 1.6484 Pre: 0.9708 Re: 0.9994 Acc: 0.9852 F1: 0.9849
Epoch 13: Time: 0.8747 Cost: 1.5894 Pre: 0.9714 Re: 1.0000 Acc: 0.9858 F1: 0.9855
Epoch 14: Time: 0.8731 Cost: 1.5005 Pre: 0.9720 Re: 1.0000 Acc: 0.9861 F1: 0.9858
Epoch 15: Time: 0.8765 Cost: 1.3086 Pre: 0.9675 Re: 1.0000 Acc: 0.9837 F1: 0.9835
Epoch 16: Time: 0.8882 Cost: 1.1872 Pre: 0.9725 Re: 1.0000 Acc: 0.9863 F1: 0.9861
Epoch 17: Time: 0.8809 Cost: 0.8805 Pre: 0.9777 Re: 1.0000 Acc: 0.9890 F1: 0.9887
Epoch 18: Time: 0.8783 Cost: 0.8294 Pre: 0.9794 Re: 1.0000 Acc: 0.9898 F1: 0.9896
Epoch 19: Time: 0.8752 Cost: 0.5726 Pre: 0.9864 Re: 1.0000 Acc: 0.9933 F1: 0.9931
Epoch 20: Time: 0.8756 Cost: 0.4108 Pre: 0.9934 Re: 1.0000 Acc: 0.9968 F1: 0.9967


--------------------------------------------------------------------
Eval results: Cost:0.6331 Pre:0.9934 Re:1.0000 Acc:0.9969 F1:0.9967
--------------------------------------------------------------------

Epoch 21: Time: 0.8702 Cost: 0.2411 Pre: 0.9994 Re: 1.0000 Acc: 0.9997 F1: 0.9997
Epoch 22: Time: 0.8671 Cost: 0.1609 Pre: 0.9994 Re: 1.0000 Acc: 0.9997 F1: 0.9997
Epoch 23: Time: 0.8703 Cost: 0.0984 Pre: 1.0000 Re: 1.0000 Acc: 1.0000 F1: 1.0000
Epoch 24: Time: 0.8666 Cost: 0.0646 Pre: 1.0000 Re: 1.0000 Acc: 1.0000 F1: 1.0000
Epoch 25: Time: 0.8655 Cost: 0.0418 Pre: 1.0000 Re: 1.0000 Acc: 1.0000 F1: 1.0000
Epoch 26: Time: 0.8793 Cost: 0.0290 Pre: 1.0000 Re: 1.0000 Acc: 1.0000 F1: 1.0000
Epoch 27: Time: 0.8707 Cost: 0.0196 Pre: 1.0000 Re: 1.0000 Acc: 1.0000 F1: 1.0000
Epoch 28: Time: 0.8748 Cost: 0.0142 Pre: 1.0000 Re: 1.0000 Acc: 1.0000 F1: 1.0000
Epoch 29: Time: 0.8684 Cost: 0.0109 Pre: 1.0000 Re: 1.0000 Acc: 1.0000 F1: 1.0000
Epoch 30: Time: 0.9271 Cost: 0.0086 Pre: 1.0000 Re: 1.0000 Acc: 1.0000 F1: 1.0000


--------------------------------------------------------------------
Eval results: Cost:0.0115 Pre:1.0000 Re:1.0000 Acc:1.0000 F1:1.0000
--------------------------------------------------------------------

Epoch 31: Time: 0.9829 Cost: 0.0069 Pre: 1.0000 Re: 1.0000 Acc: 1.0000 F1: 1.0000
Epoch 32: Time: 0.9047 Cost: 0.0057 Pre: 1.0000 Re: 1.0000 Acc: 1.0000 F1: 1.0000
Epoch 33: Time: 0.8776 Cost: 0.0048 Pre: 1.0000 Re: 1.0000 Acc: 1.0000 F1: 1.0000
Epoch 34: Time: 0.8744 Cost: 0.0041 Pre: 1.0000 Re: 1.0000 Acc: 1.0000 F1: 1.0000
Epoch 35: Time: 0.8754 Cost: 0.0035 Pre: 1.0000 Re: 1.0000 Acc: 1.0000 F1: 1.0000
Epoch 36: Time: 1.0638 Cost: 0.0031 Pre: 1.0000 Re: 1.0000 Acc: 1.0000 F1: 1.0000
Epoch 37: Time: 1.0308 Cost: 0.0028 Pre: 1.0000 Re: 1.0000 Acc: 1.0000 F1: 1.0000
Epoch 38: Time: 0.9092 Cost: 0.0025 Pre: 1.0000 Re: 1.0000 Acc: 1.0000 F1: 1.0000
Epoch 39: Time: 0.8988 Cost: 0.0023 Pre: 1.0000 Re: 1.0000 Acc: 1.0000 F1: 1.0000
Epoch 40: Time: 0.8783 Cost: 0.0021 Pre: 1.0000 Re: 1.0000 Acc: 1.0000 F1: 1.0000


--------------------------------------------------------------------
Eval results: Cost:0.0029 Pre:1.0000 Re:1.0000 Acc:1.0000 F1:1.0000
--------------------------------------------------------------------

Epoch 41: Time: 0.8691 Cost: 0.0019 Pre: 1.0000 Re: 1.0000 Acc: 1.0000 F1: 1.0000
Epoch 42: Time: 0.8699 Cost: 0.0018 Pre: 1.0000 Re: 1.0000 Acc: 1.0000 F1: 1.0000
Epoch 43: Time: 0.8692 Cost: 0.0016 Pre: 1.0000 Re: 1.0000 Acc: 1.0000 F1: 1.0000
Epoch 44: Time: 0.8701 Cost: 0.0015 Pre: 1.0000 Re: 1.0000 Acc: 1.0000 F1: 1.0000
Epoch 45: Time: 0.9206 Cost: 0.0014 Pre: 1.0000 Re: 1.0000 Acc: 1.0000 F1: 1.0000
Epoch 46: Time: 0.8748 Cost: 0.0014 Pre: 1.0000 Re: 1.0000 Acc: 1.0000 F1: 1.0000
Epoch 47: Time: 0.8808 Cost: 0.0013 Pre: 1.0000 Re: 1.0000 Acc: 1.0000 F1: 1.0000
Epoch 48: Time: 0.8748 Cost: 0.0012 Pre: 1.0000 Re: 1.0000 Acc: 1.0000 F1: 1.0000
Epoch 49: Time: 0.8830 Cost: 0.0012 Pre: 1.0000 Re: 1.0000 Acc: 1.0000 F1: 1.0000
Epoch 50: Time: 0.8714 Cost: 0.0011 Pre: 1.0000 Re: 1.0000 Acc: 1.0000 F1: 1.0000


--------------------------------------------------------------------
Eval results: Cost:0.0015 Pre:1.0000 Re:1.0000 Acc:1.0000 F1:1.0000
--------------------------------------------------------------------

Epoch 51: Time: 0.8945 Cost: 0.0010 Pre: 1.0000 Re: 1.0000 Acc: 1.0000 F1: 1.0000
Epoch 52: Time: 0.8763 Cost: 0.0010 Pre: 1.0000 Re: 1.0000 Acc: 1.0000 F1: 1.0000
Epoch 53: Time: 0.8754 Cost: 0.0010 Pre: 1.0000 Re: 1.0000 Acc: 1.0000 F1: 1.0000
Epoch 54: Time: 0.8743 Cost: 0.0009 Pre: 1.0000 Re: 1.0000 Acc: 1.0000 F1: 1.0000
Epoch 55: Time: 0.8736 Cost: 0.0009 Pre: 1.0000 Re: 1.0000 Acc: 1.0000 F1: 1.0000
Epoch 56: Time: 0.9449 Cost: 0.0009 Pre: 1.0000 Re: 1.0000 Acc: 1.0000 F1: 1.0000
Epoch 57: Time: 0.9386 Cost: 0.0008 Pre: 1.0000 Re: 1.0000 Acc: 1.0000 F1: 1.0000
Epoch 58: Time: 0.8785 Cost: 0.0008 Pre: 1.0000 Re: 1.0000 Acc: 1.0000 F1: 1.0000
Epoch 59: Time: 0.8806 Cost: 0.0008 Pre: 1.0000 Re: 1.0000 Acc: 1.0000 F1: 1.0000
Epoch 60: Time: 0.8771 Cost: 0.0007 Pre: 1.0000 Re: 1.0000 Acc: 1.0000 F1: 1.0000


--------------------------------------------------------------------
Eval results: Cost:0.0010 Pre:1.0000 Re:1.0000 Acc:1.0000 F1:1.0000
--------------------------------------------------------------------

Epoch 61: Time: 0.8662 Cost: 0.0007 Pre: 1.0000 Re: 1.0000 Acc: 1.0000 F1: 1.0000
Epoch 62: Time: 0.8688 Cost: 0.0007 Pre: 1.0000 Re: 1.0000 Acc: 1.0000 F1: 1.0000
Epoch 63: Time: 0.8709 Cost: 0.0007 Pre: 1.0000 Re: 1.0000 Acc: 1.0000 F1: 1.0000
Epoch 64: Time: 0.8671 Cost: 0.0007 Pre: 1.0000 Re: 1.0000 Acc: 1.0000 F1: 1.0000
Epoch 65: Time: 0.8696 Cost: 0.0006 Pre: 1.0000 Re: 1.0000 Acc: 1.0000 F1: 1.0000
Epoch 66: Time: 0.8676 Cost: 0.0006 Pre: 1.0000 Re: 1.0000 Acc: 1.0000 F1: 1.0000
Epoch 67: Time: 0.8681 Cost: 0.0006 Pre: 1.0000 Re: 1.0000 Acc: 1.0000 F1: 1.0000
Epoch 68: Time: 0.8791 Cost: 0.0006 Pre: 1.0000 Re: 1.0000 Acc: 1.0000 F1: 1.0000
Epoch 69: Time: 0.8747 Cost: 0.0006 Pre: 1.0000 Re: 1.0000 Acc: 1.0000 F1: 1.0000
Epoch 70: Time: 0.8688 Cost: 0.0006 Pre: 1.0000 Re: 1.0000 Acc: 1.0000 F1: 1.0000


--------------------------------------------------------------------
Eval results: Cost:0.0008 Pre:1.0000 Re:1.0000 Acc:1.0000 F1:1.0000
--------------------------------------------------------------------

Epoch 71: Time: 0.8768 Cost: 0.0005 Pre: 1.0000 Re: 1.0000 Acc: 1.0000 F1: 1.0000
Epoch 72: Time: 0.8768 Cost: 0.0005 Pre: 1.0000 Re: 1.0000 Acc: 1.0000 F1: 1.0000
Epoch 73: Time: 0.8759 Cost: 0.0005 Pre: 1.0000 Re: 1.0000 Acc: 1.0000 F1: 1.0000
Epoch 74: Time: 0.8767 Cost: 0.0005 Pre: 1.0000 Re: 1.0000 Acc: 1.0000 F1: 1.0000
Epoch 75: Time: 0.8782 Cost: 0.0005 Pre: 1.0000 Re: 1.0000 Acc: 1.0000 F1: 1.0000
Epoch 76: Time: 0.8763 Cost: 0.0005 Pre: 1.0000 Re: 1.0000 Acc: 1.0000 F1: 1.0000
Epoch 77: Time: 0.8772 Cost: 0.0005 Pre: 1.0000 Re: 1.0000 Acc: 1.0000 F1: 1.0000
Epoch 78: Time: 0.8856 Cost: 0.0005 Pre: 1.0000 Re: 1.0000 Acc: 1.0000 F1: 1.0000
Epoch 79: Time: 0.8770 Cost: 0.0005 Pre: 1.0000 Re: 1.0000 Acc: 1.0000 F1: 1.0000
Epoch 80: Time: 0.8810 Cost: 0.0004 Pre: 1.0000 Re: 1.0000 Acc: 1.0000 F1: 1.0000


--------------------------------------------------------------------
Eval results: Cost:0.0006 Pre:1.0000 Re:1.0000 Acc:1.0000 F1:1.0000
--------------------------------------------------------------------

Early stopping...
--------------------------------------------------------------------
--------------------------------------------------------------------
Test 8494 samples take time: 5.2169
Test results: Cost:0.0003 Pre:1.0000 Re:1.0000 Acc:1.0000 F1:1.0000
--------------------------------------------------------------------

