16768
16562
16206
16632
16380
16425
Load data
RNN type: O2 Grammar: g5 Seed: 6
Model total parameters: 5000
Saving hinit ... 

Epoch 0: Time: 1.5389 Cost: 25.0859 Pre: 0.4875 Re: 0.9249 Acc: 0.4933 F1: 0.6385


--------------------------------------------------------------------
Eval results: Cost:25.0706 Pre:0.4662 Re:0.8470 Acc:0.4675 F1:0.6014
--------------------------------------------------------------------

Epoch 1: Time: 1.3977 Cost: 24.9578 Pre: 0.5093 Re: 0.5580 Acc: 0.5261 F1: 0.5325
Epoch 2: Time: 1.2745 Cost: 11.9409 Pre: 0.8857 Re: 0.8420 Acc: 0.8710 F1: 0.8633
Epoch 3: Time: 1.3570 Cost: 2.0916 Pre: 0.9658 Re: 1.0000 Acc: 0.9829 F1: 0.9826
Epoch 4: Time: 1.3063 Cost: 2.0898 Pre: 0.9658 Re: 1.0000 Acc: 0.9829 F1: 0.9826
Epoch 5: Time: 1.3884 Cost: 2.0872 Pre: 0.9658 Re: 1.0000 Acc: 0.9829 F1: 0.9826
Epoch 6: Time: 1.3760 Cost: 2.0850 Pre: 0.9658 Re: 1.0000 Acc: 0.9829 F1: 0.9826
Epoch 7: Time: 1.4459 Cost: 2.0823 Pre: 0.9658 Re: 1.0000 Acc: 0.9829 F1: 0.9826
Epoch 8: Time: 1.3697 Cost: 2.0783 Pre: 0.9658 Re: 1.0000 Acc: 0.9829 F1: 0.9826
Epoch 9: Time: 1.4072 Cost: 2.0726 Pre: 0.9658 Re: 1.0000 Acc: 0.9829 F1: 0.9826
Epoch 10: Time: 1.7415 Cost: 2.0640 Pre: 0.9658 Re: 1.0000 Acc: 0.9829 F1: 0.9826


--------------------------------------------------------------------
Eval results: Cost:2.2995 Pre:0.9535 Re:1.0000 Acc:0.9768 F1:0.9762
--------------------------------------------------------------------

Epoch 11: Time: 1.4897 Cost: 2.0498 Pre: 0.9658 Re: 1.0000 Acc: 0.9829 F1: 0.9826
Epoch 12: Time: 1.4775 Cost: 2.0204 Pre: 0.9658 Re: 1.0000 Acc: 0.9829 F1: 0.9826
Epoch 13: Time: 1.7337 Cost: 1.9636 Pre: 0.9663 Re: 1.0000 Acc: 0.9831 F1: 0.9829
Epoch 14: Time: 1.4840 Cost: 1.8825 Pre: 0.9675 Re: 1.0000 Acc: 0.9837 F1: 0.9835
Epoch 15: Time: 1.4459 Cost: 1.7529 Pre: 0.9685 Re: 0.9964 Acc: 0.9826 F1: 0.9822
Epoch 16: Time: 1.5539 Cost: 1.6756 Pre: 0.9685 Re: 0.9982 Acc: 0.9834 F1: 0.9831
Epoch 17: Time: 1.3820 Cost: 1.6132 Pre: 0.9719 Re: 0.9970 Acc: 0.9846 F1: 0.9843
Epoch 18: Time: 1.3980 Cost: 1.6254 Pre: 0.9697 Re: 0.9994 Acc: 0.9846 F1: 0.9843
Epoch 19: Time: 1.4538 Cost: 1.5585 Pre: 0.9719 Re: 0.9976 Acc: 0.9849 F1: 0.9846
Epoch 20: Time: 1.4407 Cost: 1.4908 Pre: 0.9720 Re: 1.0000 Acc: 0.9861 F1: 0.9858


--------------------------------------------------------------------
Eval results: Cost:2.2062 Pre:0.9535 Re:1.0000 Acc:0.9768 F1:0.9762
--------------------------------------------------------------------

Epoch 21: Time: 1.4012 Cost: 1.3885 Pre: 0.9748 Re: 1.0000 Acc: 0.9875 F1: 0.9873
Epoch 22: Time: 1.5239 Cost: 1.2835 Pre: 0.9743 Re: 1.0000 Acc: 0.9872 F1: 0.9870
Epoch 23: Time: 1.5355 Cost: 1.0215 Pre: 0.9783 Re: 1.0000 Acc: 0.9893 F1: 0.9890
Epoch 24: Time: 1.5861 Cost: 0.7977 Pre: 0.9835 Re: 1.0000 Acc: 0.9919 F1: 0.9917
Epoch 25: Time: 1.6639 Cost: 0.5748 Pre: 0.9887 Re: 1.0000 Acc: 0.9945 F1: 0.9943
Epoch 26: Time: 1.6330 Cost: 0.4205 Pre: 0.9911 Re: 1.0000 Acc: 0.9956 F1: 0.9955
Epoch 27: Time: 1.5278 Cost: 0.2683 Pre: 0.9964 Re: 1.0000 Acc: 0.9983 F1: 0.9982
Epoch 28: Time: 1.7214 Cost: 0.1788 Pre: 0.9988 Re: 1.0000 Acc: 0.9994 F1: 0.9994
Epoch 29: Time: 1.8776 Cost: 0.1212 Pre: 1.0000 Re: 1.0000 Acc: 1.0000 F1: 1.0000
Epoch 30: Time: 1.8610 Cost: 0.0860 Pre: 1.0000 Re: 1.0000 Acc: 1.0000 F1: 1.0000


--------------------------------------------------------------------
Eval results: Cost:0.4243 Pre:0.9908 Re:1.0000 Acc:0.9956 F1:0.9954
--------------------------------------------------------------------

Epoch 31: Time: 1.3655 Cost: 0.0679 Pre: 1.0000 Re: 1.0000 Acc: 1.0000 F1: 1.0000
Epoch 32: Time: 1.3839 Cost: 0.0609 Pre: 1.0000 Re: 1.0000 Acc: 1.0000 F1: 1.0000
Epoch 33: Time: 1.4076 Cost: 0.0496 Pre: 1.0000 Re: 1.0000 Acc: 1.0000 F1: 1.0000
Epoch 34: Time: 1.3452 Cost: 0.0351 Pre: 1.0000 Re: 1.0000 Acc: 1.0000 F1: 1.0000
Epoch 35: Time: 1.3387 Cost: 0.0240 Pre: 1.0000 Re: 1.0000 Acc: 1.0000 F1: 1.0000
Epoch 36: Time: 1.3597 Cost: 0.0170 Pre: 1.0000 Re: 1.0000 Acc: 1.0000 F1: 1.0000
Epoch 37: Time: 1.3796 Cost: 0.0121 Pre: 1.0000 Re: 1.0000 Acc: 1.0000 F1: 1.0000
Epoch 38: Time: 1.5190 Cost: 0.0087 Pre: 1.0000 Re: 1.0000 Acc: 1.0000 F1: 1.0000
Epoch 39: Time: 1.4068 Cost: 0.0067 Pre: 1.0000 Re: 1.0000 Acc: 1.0000 F1: 1.0000
Epoch 40: Time: 1.3901 Cost: 0.0054 Pre: 1.0000 Re: 1.0000 Acc: 1.0000 F1: 1.0000


--------------------------------------------------------------------
Eval results: Cost:0.0112 Pre:1.0000 Re:1.0000 Acc:1.0000 F1:1.0000
--------------------------------------------------------------------

Epoch 41: Time: 1.4801 Cost: 0.0045 Pre: 1.0000 Re: 1.0000 Acc: 1.0000 F1: 1.0000
Epoch 42: Time: 1.5424 Cost: 0.0038 Pre: 1.0000 Re: 1.0000 Acc: 1.0000 F1: 1.0000
Epoch 43: Time: 1.5880 Cost: 0.0033 Pre: 1.0000 Re: 1.0000 Acc: 1.0000 F1: 1.0000
Epoch 44: Time: 1.5568 Cost: 0.0029 Pre: 1.0000 Re: 1.0000 Acc: 1.0000 F1: 1.0000
Epoch 45: Time: 1.4194 Cost: 0.0026 Pre: 1.0000 Re: 1.0000 Acc: 1.0000 F1: 1.0000
Epoch 46: Time: 1.4142 Cost: 0.0023 Pre: 1.0000 Re: 1.0000 Acc: 1.0000 F1: 1.0000
Epoch 47: Time: 1.4565 Cost: 0.0021 Pre: 1.0000 Re: 1.0000 Acc: 1.0000 F1: 1.0000
Epoch 48: Time: 1.3823 Cost: 0.0020 Pre: 1.0000 Re: 1.0000 Acc: 1.0000 F1: 1.0000
Epoch 49: Time: 1.3514 Cost: 0.0018 Pre: 1.0000 Re: 1.0000 Acc: 1.0000 F1: 1.0000
Epoch 50: Time: 1.6019 Cost: 0.0017 Pre: 1.0000 Re: 1.0000 Acc: 1.0000 F1: 1.0000


--------------------------------------------------------------------
Eval results: Cost:0.0035 Pre:1.0000 Re:1.0000 Acc:1.0000 F1:1.0000
--------------------------------------------------------------------

Epoch 51: Time: 1.3943 Cost: 0.0016 Pre: 1.0000 Re: 1.0000 Acc: 1.0000 F1: 1.0000
Epoch 52: Time: 1.4154 Cost: 0.0015 Pre: 1.0000 Re: 1.0000 Acc: 1.0000 F1: 1.0000
Epoch 53: Time: 1.4317 Cost: 0.0014 Pre: 1.0000 Re: 1.0000 Acc: 1.0000 F1: 1.0000
Epoch 54: Time: 1.3496 Cost: 0.0013 Pre: 1.0000 Re: 1.0000 Acc: 1.0000 F1: 1.0000
Epoch 55: Time: 1.3392 Cost: 0.0012 Pre: 1.0000 Re: 1.0000 Acc: 1.0000 F1: 1.0000
Epoch 56: Time: 1.4110 Cost: 0.0012 Pre: 1.0000 Re: 1.0000 Acc: 1.0000 F1: 1.0000
Epoch 57: Time: 1.4626 Cost: 0.0011 Pre: 1.0000 Re: 1.0000 Acc: 1.0000 F1: 1.0000
Epoch 58: Time: 1.3582 Cost: 0.0010 Pre: 1.0000 Re: 1.0000 Acc: 1.0000 F1: 1.0000
Epoch 59: Time: 1.3609 Cost: 0.0010 Pre: 1.0000 Re: 1.0000 Acc: 1.0000 F1: 1.0000
Epoch 60: Time: 1.3822 Cost: 0.0010 Pre: 1.0000 Re: 1.0000 Acc: 1.0000 F1: 1.0000


--------------------------------------------------------------------
Eval results: Cost:0.0020 Pre:1.0000 Re:1.0000 Acc:1.0000 F1:1.0000
--------------------------------------------------------------------

Epoch 61: Time: 1.3678 Cost: 0.0009 Pre: 1.0000 Re: 1.0000 Acc: 1.0000 F1: 1.0000
Epoch 62: Time: 1.3876 Cost: 0.0009 Pre: 1.0000 Re: 1.0000 Acc: 1.0000 F1: 1.0000
Epoch 63: Time: 1.4501 Cost: 0.0008 Pre: 1.0000 Re: 1.0000 Acc: 1.0000 F1: 1.0000
Epoch 64: Time: 1.4465 Cost: 0.0008 Pre: 1.0000 Re: 1.0000 Acc: 1.0000 F1: 1.0000
Epoch 65: Time: 1.3820 Cost: 0.0008 Pre: 1.0000 Re: 1.0000 Acc: 1.0000 F1: 1.0000
Epoch 66: Time: 1.4863 Cost: 0.0008 Pre: 1.0000 Re: 1.0000 Acc: 1.0000 F1: 1.0000
Epoch 67: Time: 1.5929 Cost: 0.0007 Pre: 1.0000 Re: 1.0000 Acc: 1.0000 F1: 1.0000
Epoch 68: Time: 1.5755 Cost: 0.0007 Pre: 1.0000 Re: 1.0000 Acc: 1.0000 F1: 1.0000
Epoch 69: Time: 1.4766 Cost: 0.0007 Pre: 1.0000 Re: 1.0000 Acc: 1.0000 F1: 1.0000
Epoch 70: Time: 2.3065 Cost: 0.0007 Pre: 1.0000 Re: 1.0000 Acc: 1.0000 F1: 1.0000


--------------------------------------------------------------------
Eval results: Cost:0.0013 Pre:1.0000 Re:1.0000 Acc:1.0000 F1:1.0000
--------------------------------------------------------------------

Epoch 71: Time: 1.5561 Cost: 0.0006 Pre: 1.0000 Re: 1.0000 Acc: 1.0000 F1: 1.0000
Epoch 72: Time: 1.7424 Cost: 0.0006 Pre: 1.0000 Re: 1.0000 Acc: 1.0000 F1: 1.0000
Epoch 73: Time: 1.5696 Cost: 0.0006 Pre: 1.0000 Re: 1.0000 Acc: 1.0000 F1: 1.0000
Epoch 74: Time: 1.4513 Cost: 0.0006 Pre: 1.0000 Re: 1.0000 Acc: 1.0000 F1: 1.0000
Epoch 75: Time: 1.6244 Cost: 0.0006 Pre: 1.0000 Re: 1.0000 Acc: 1.0000 F1: 1.0000
Epoch 76: Time: 1.6069 Cost: 0.0006 Pre: 1.0000 Re: 1.0000 Acc: 1.0000 F1: 1.0000
Epoch 77: Time: 1.6042 Cost: 0.0005 Pre: 1.0000 Re: 1.0000 Acc: 1.0000 F1: 1.0000
Epoch 78: Time: 1.8855 Cost: 0.0005 Pre: 1.0000 Re: 1.0000 Acc: 1.0000 F1: 1.0000
Epoch 79: Time: 1.6382 Cost: 0.0005 Pre: 1.0000 Re: 1.0000 Acc: 1.0000 F1: 1.0000
Epoch 80: Time: 1.9102 Cost: 0.0005 Pre: 1.0000 Re: 1.0000 Acc: 1.0000 F1: 1.0000


--------------------------------------------------------------------
Eval results: Cost:0.0010 Pre:1.0000 Re:1.0000 Acc:1.0000 F1:1.0000
--------------------------------------------------------------------

Epoch 81: Time: 1.9529 Cost: 0.0005 Pre: 1.0000 Re: 1.0000 Acc: 1.0000 F1: 1.0000
Epoch 82: Time: 1.9894 Cost: 0.0005 Pre: 1.0000 Re: 1.0000 Acc: 1.0000 F1: 1.0000
Epoch 83: Time: 1.8755 Cost: 0.0005 Pre: 1.0000 Re: 1.0000 Acc: 1.0000 F1: 1.0000
Epoch 84: Time: 1.7422 Cost: 0.0005 Pre: 1.0000 Re: 1.0000 Acc: 1.0000 F1: 1.0000
Epoch 85: Time: 1.9140 Cost: 0.0005 Pre: 1.0000 Re: 1.0000 Acc: 1.0000 F1: 1.0000
Epoch 86: Time: 1.5840 Cost: 0.0004 Pre: 1.0000 Re: 1.0000 Acc: 1.0000 F1: 1.0000
Epoch 87: Time: 1.5283 Cost: 0.0004 Pre: 1.0000 Re: 1.0000 Acc: 1.0000 F1: 1.0000
Epoch 88: Time: 1.5389 Cost: 0.0004 Pre: 1.0000 Re: 1.0000 Acc: 1.0000 F1: 1.0000
Epoch 89: Time: 1.3900 Cost: 0.0004 Pre: 1.0000 Re: 1.0000 Acc: 1.0000 F1: 1.0000
Epoch 90: Time: 1.4113 Cost: 0.0004 Pre: 1.0000 Re: 1.0000 Acc: 1.0000 F1: 1.0000


--------------------------------------------------------------------
Eval results: Cost:0.0008 Pre:1.0000 Re:1.0000 Acc:1.0000 F1:1.0000
--------------------------------------------------------------------

Early stopping...
--------------------------------------------------------------------
--------------------------------------------------------------------
Test 8494 samples take time: 8.1181
Test results: Cost:0.0004 Pre:1.0000 Re:1.0000 Acc:1.0000 F1:1.0000
--------------------------------------------------------------------

