16768
16562
16206
16632
16380
16425
Load data
RNN type: O2 Grammar: g5 Seed: 6
Model total parameters: 200
Saving hinit ... 

Epoch 0: Time: 0.2327 Cost: 25.1761 Pre: 0.4823 Re: 0.9718 Acc: 0.4817 F1: 0.6446


--------------------------------------------------------------------
Eval results: Cost:25.1492 Pre:0.4710 Re:0.9538 Acc:0.4700 F1:0.6306
--------------------------------------------------------------------

Epoch 1: Time: 0.1577 Cost: 25.0880 Pre: 0.4832 Re: 0.9075 Acc: 0.4858 F1: 0.6306
Epoch 2: Time: 0.1578 Cost: 25.0265 Pre: 0.4890 Re: 0.8024 Acc: 0.4988 F1: 0.6077
Epoch 3: Time: 0.1566 Cost: 24.9750 Pre: 0.4998 Re: 0.6619 Acc: 0.5160 F1: 0.5695
Epoch 4: Time: 0.1549 Cost: 24.9116 Pre: 0.5125 Re: 0.5526 Acc: 0.5293 F1: 0.5318
Epoch 5: Time: 0.1560 Cost: 22.4393 Pre: 0.7409 Re: 0.7057 Acc: 0.7382 F1: 0.7229
Epoch 6: Time: 0.1563 Cost: 9.3950 Pre: 0.9658 Re: 1.0000 Acc: 0.9829 F1: 0.9826
Epoch 7: Time: 0.1578 Cost: 3.8573 Pre: 0.9658 Re: 1.0000 Acc: 0.9829 F1: 0.9826
Epoch 8: Time: 0.1556 Cost: 2.7133 Pre: 0.9658 Re: 1.0000 Acc: 0.9829 F1: 0.9826
Epoch 9: Time: 0.1556 Cost: 2.3811 Pre: 0.9658 Re: 1.0000 Acc: 0.9829 F1: 0.9826
Epoch 10: Time: 0.1549 Cost: 2.2272 Pre: 0.9658 Re: 1.0000 Acc: 0.9829 F1: 0.9826


--------------------------------------------------------------------
Eval results: Cost:2.3890 Pre:0.9535 Re:1.0000 Acc:0.9768 F1:0.9762
--------------------------------------------------------------------

Epoch 11: Time: 0.1573 Cost: 2.1493 Pre: 0.9658 Re: 1.0000 Acc: 0.9829 F1: 0.9826
Epoch 12: Time: 0.1605 Cost: 2.1094 Pre: 0.9658 Re: 1.0000 Acc: 0.9829 F1: 0.9826
Epoch 13: Time: 0.1591 Cost: 2.0925 Pre: 0.9658 Re: 1.0000 Acc: 0.9829 F1: 0.9826
Epoch 14: Time: 0.1570 Cost: 2.0835 Pre: 0.9658 Re: 1.0000 Acc: 0.9829 F1: 0.9826
Epoch 15: Time: 0.1576 Cost: 2.0781 Pre: 0.9658 Re: 1.0000 Acc: 0.9829 F1: 0.9826
Epoch 16: Time: 0.1566 Cost: 2.0745 Pre: 0.9658 Re: 1.0000 Acc: 0.9829 F1: 0.9826
Epoch 17: Time: 0.1581 Cost: 2.0720 Pre: 0.9658 Re: 1.0000 Acc: 0.9829 F1: 0.9826
Epoch 18: Time: 0.1590 Cost: 2.0701 Pre: 0.9658 Re: 1.0000 Acc: 0.9829 F1: 0.9826
Epoch 19: Time: 0.1619 Cost: 2.0686 Pre: 0.9658 Re: 1.0000 Acc: 0.9829 F1: 0.9826
Epoch 20: Time: 0.1570 Cost: 2.0672 Pre: 0.9658 Re: 1.0000 Acc: 0.9829 F1: 0.9826


--------------------------------------------------------------------
Eval results: Cost:2.2872 Pre:0.9535 Re:1.0000 Acc:0.9768 F1:0.9762
--------------------------------------------------------------------

Epoch 21: Time: 0.1659 Cost: 2.0661 Pre: 0.9658 Re: 1.0000 Acc: 0.9829 F1: 0.9826
Epoch 22: Time: 0.1584 Cost: 2.0649 Pre: 0.9658 Re: 1.0000 Acc: 0.9829 F1: 0.9826
Epoch 23: Time: 0.1574 Cost: 2.0638 Pre: 0.9658 Re: 1.0000 Acc: 0.9829 F1: 0.9826
Epoch 24: Time: 0.1630 Cost: 2.0627 Pre: 0.9658 Re: 1.0000 Acc: 0.9829 F1: 0.9826
Epoch 25: Time: 0.1583 Cost: 2.0617 Pre: 0.9658 Re: 1.0000 Acc: 0.9829 F1: 0.9826
Epoch 26: Time: 0.1572 Cost: 2.0607 Pre: 0.9658 Re: 1.0000 Acc: 0.9829 F1: 0.9826
Epoch 27: Time: 0.1577 Cost: 2.0597 Pre: 0.9658 Re: 1.0000 Acc: 0.9829 F1: 0.9826
Epoch 28: Time: 0.1579 Cost: 2.0587 Pre: 0.9658 Re: 1.0000 Acc: 0.9829 F1: 0.9826
Epoch 29: Time: 0.1571 Cost: 2.0576 Pre: 0.9658 Re: 1.0000 Acc: 0.9829 F1: 0.9826
Epoch 30: Time: 0.1629 Cost: 2.0565 Pre: 0.9658 Re: 1.0000 Acc: 0.9829 F1: 0.9826


--------------------------------------------------------------------
Eval results: Cost:2.2780 Pre:0.9535 Re:1.0000 Acc:0.9768 F1:0.9762
--------------------------------------------------------------------

Epoch 31: Time: 0.1691 Cost: 2.0555 Pre: 0.9658 Re: 1.0000 Acc: 0.9829 F1: 0.9826
Epoch 32: Time: 0.1611 Cost: 2.0542 Pre: 0.9658 Re: 1.0000 Acc: 0.9829 F1: 0.9826
Epoch 33: Time: 0.1574 Cost: 2.0531 Pre: 0.9658 Re: 1.0000 Acc: 0.9829 F1: 0.9826
Epoch 34: Time: 0.1575 Cost: 2.0519 Pre: 0.9658 Re: 1.0000 Acc: 0.9829 F1: 0.9826
Epoch 35: Time: 0.1559 Cost: 2.0506 Pre: 0.9658 Re: 1.0000 Acc: 0.9829 F1: 0.9826
Epoch 36: Time: 0.1603 Cost: 2.0492 Pre: 0.9658 Re: 1.0000 Acc: 0.9829 F1: 0.9826
Epoch 37: Time: 0.1693 Cost: 2.0478 Pre: 0.9658 Re: 1.0000 Acc: 0.9829 F1: 0.9826
Epoch 38: Time: 0.1558 Cost: 2.0463 Pre: 0.9658 Re: 1.0000 Acc: 0.9829 F1: 0.9826
Epoch 39: Time: 0.1564 Cost: 2.0448 Pre: 0.9658 Re: 1.0000 Acc: 0.9829 F1: 0.9826
Epoch 40: Time: 0.1550 Cost: 2.0431 Pre: 0.9658 Re: 1.0000 Acc: 0.9829 F1: 0.9826


--------------------------------------------------------------------
Eval results: Cost:2.2692 Pre:0.9535 Re:1.0000 Acc:0.9768 F1:0.9762
--------------------------------------------------------------------

Epoch 41: Time: 0.1582 Cost: 2.0414 Pre: 0.9658 Re: 1.0000 Acc: 0.9829 F1: 0.9826
Epoch 42: Time: 0.1566 Cost: 2.0392 Pre: 0.9658 Re: 1.0000 Acc: 0.9829 F1: 0.9826
Epoch 43: Time: 0.1574 Cost: 2.0371 Pre: 0.9658 Re: 1.0000 Acc: 0.9829 F1: 0.9826
Epoch 44: Time: 0.1572 Cost: 2.0348 Pre: 0.9658 Re: 1.0000 Acc: 0.9829 F1: 0.9826
Epoch 45: Time: 0.1572 Cost: 2.0323 Pre: 0.9658 Re: 1.0000 Acc: 0.9829 F1: 0.9826
Epoch 46: Time: 0.1567 Cost: 2.0296 Pre: 0.9658 Re: 1.0000 Acc: 0.9829 F1: 0.9826
Epoch 47: Time: 0.1569 Cost: 2.0267 Pre: 0.9658 Re: 1.0000 Acc: 0.9829 F1: 0.9826
Epoch 48: Time: 0.1600 Cost: 2.0235 Pre: 0.9658 Re: 1.0000 Acc: 0.9829 F1: 0.9826
Epoch 49: Time: 0.1575 Cost: 2.0200 Pre: 0.9658 Re: 1.0000 Acc: 0.9829 F1: 0.9826
Epoch 50: Time: 0.1581 Cost: 2.0162 Pre: 0.9658 Re: 1.0000 Acc: 0.9829 F1: 0.9826


--------------------------------------------------------------------
Eval results: Cost:2.2612 Pre:0.9535 Re:1.0000 Acc:0.9768 F1:0.9762
--------------------------------------------------------------------

Epoch 51: Time: 0.1562 Cost: 2.0123 Pre: 0.9658 Re: 1.0000 Acc: 0.9829 F1: 0.9826
Epoch 52: Time: 0.1586 Cost: 2.0073 Pre: 0.9658 Re: 1.0000 Acc: 0.9829 F1: 0.9826
Epoch 53: Time: 0.1585 Cost: 2.0023 Pre: 0.9658 Re: 1.0000 Acc: 0.9829 F1: 0.9826
Epoch 54: Time: 0.1572 Cost: 1.9969 Pre: 0.9658 Re: 1.0000 Acc: 0.9829 F1: 0.9826
Epoch 55: Time: 0.1548 Cost: 1.9912 Pre: 0.9658 Re: 1.0000 Acc: 0.9829 F1: 0.9826
Epoch 56: Time: 0.1559 Cost: 1.9851 Pre: 0.9658 Re: 1.0000 Acc: 0.9829 F1: 0.9826
Epoch 57: Time: 0.1575 Cost: 1.9788 Pre: 0.9658 Re: 1.0000 Acc: 0.9829 F1: 0.9826
Epoch 58: Time: 0.1572 Cost: 1.9724 Pre: 0.9658 Re: 1.0000 Acc: 0.9829 F1: 0.9826
Epoch 59: Time: 0.1574 Cost: 1.9662 Pre: 0.9658 Re: 1.0000 Acc: 0.9829 F1: 0.9826
Epoch 60: Time: 0.1608 Cost: 1.9601 Pre: 0.9658 Re: 1.0000 Acc: 0.9829 F1: 0.9826


--------------------------------------------------------------------
Eval results: Cost:2.2610 Pre:0.9535 Re:1.0000 Acc:0.9768 F1:0.9762
--------------------------------------------------------------------

Epoch 61: Time: 0.1573 Cost: 1.9553 Pre: 0.9658 Re: 1.0000 Acc: 0.9829 F1: 0.9826
Epoch 62: Time: 0.1578 Cost: 1.9495 Pre: 0.9658 Re: 1.0000 Acc: 0.9829 F1: 0.9826
Epoch 63: Time: 0.1574 Cost: 1.9448 Pre: 0.9658 Re: 1.0000 Acc: 0.9829 F1: 0.9826
Epoch 64: Time: 0.1563 Cost: 1.9405 Pre: 0.9658 Re: 1.0000 Acc: 0.9829 F1: 0.9826
Epoch 65: Time: 0.1621 Cost: 1.9365 Pre: 0.9658 Re: 1.0000 Acc: 0.9829 F1: 0.9826
Epoch 66: Time: 0.1578 Cost: 1.9326 Pre: 0.9658 Re: 1.0000 Acc: 0.9829 F1: 0.9826
Epoch 67: Time: 0.1566 Cost: 1.9288 Pre: 0.9658 Re: 1.0000 Acc: 0.9829 F1: 0.9826
Epoch 68: Time: 0.1580 Cost: 1.9252 Pre: 0.9658 Re: 1.0000 Acc: 0.9829 F1: 0.9826
Epoch 69: Time: 0.1743 Cost: 1.9216 Pre: 0.9658 Re: 1.0000 Acc: 0.9829 F1: 0.9826
Epoch 70: Time: 0.1625 Cost: 1.9180 Pre: 0.9658 Re: 1.0000 Acc: 0.9829 F1: 0.9826


--------------------------------------------------------------------
Eval results: Cost:2.2641 Pre:0.9535 Re:1.0000 Acc:0.9768 F1:0.9762
--------------------------------------------------------------------

Epoch 71: Time: 0.1619 Cost: 1.9146 Pre: 0.9658 Re: 1.0000 Acc: 0.9829 F1: 0.9826
Epoch 72: Time: 0.1576 Cost: 1.9106 Pre: 0.9658 Re: 1.0000 Acc: 0.9829 F1: 0.9826
Epoch 73: Time: 0.1582 Cost: 1.9066 Pre: 0.9658 Re: 1.0000 Acc: 0.9829 F1: 0.9826
Epoch 74: Time: 0.1575 Cost: 1.9024 Pre: 0.9658 Re: 1.0000 Acc: 0.9829 F1: 0.9826
Epoch 75: Time: 0.1581 Cost: 1.8979 Pre: 0.9658 Re: 1.0000 Acc: 0.9829 F1: 0.9826
Epoch 76: Time: 0.1577 Cost: 1.8930 Pre: 0.9658 Re: 1.0000 Acc: 0.9829 F1: 0.9826
Epoch 77: Time: 0.1606 Cost: 1.8876 Pre: 0.9658 Re: 1.0000 Acc: 0.9829 F1: 0.9826
Epoch 78: Time: 0.1575 Cost: 1.8816 Pre: 0.9658 Re: 1.0000 Acc: 0.9829 F1: 0.9826
Epoch 79: Time: 0.1572 Cost: 1.8748 Pre: 0.9658 Re: 1.0000 Acc: 0.9829 F1: 0.9826
Epoch 80: Time: 0.1648 Cost: 1.8670 Pre: 0.9658 Re: 1.0000 Acc: 0.9829 F1: 0.9826


--------------------------------------------------------------------
Eval results: Cost:2.2592 Pre:0.9535 Re:1.0000 Acc:0.9768 F1:0.9762
--------------------------------------------------------------------

Epoch 81: Time: 0.1561 Cost: 1.8588 Pre: 0.9658 Re: 1.0000 Acc: 0.9829 F1: 0.9826
Epoch 82: Time: 0.1569 Cost: 1.8480 Pre: 0.9658 Re: 1.0000 Acc: 0.9829 F1: 0.9826
Epoch 83: Time: 0.1581 Cost: 1.8364 Pre: 0.9658 Re: 1.0000 Acc: 0.9829 F1: 0.9826
Epoch 84: Time: 0.1564 Cost: 1.8235 Pre: 0.9658 Re: 1.0000 Acc: 0.9829 F1: 0.9826
Epoch 85: Time: 0.1562 Cost: 1.8095 Pre: 0.9658 Re: 1.0000 Acc: 0.9829 F1: 0.9826
Epoch 86: Time: 0.1557 Cost: 1.7947 Pre: 0.9658 Re: 1.0000 Acc: 0.9829 F1: 0.9826
Epoch 87: Time: 0.1560 Cost: 1.7801 Pre: 0.9658 Re: 1.0000 Acc: 0.9829 F1: 0.9826
Epoch 88: Time: 0.1574 Cost: 1.7664 Pre: 0.9658 Re: 1.0000 Acc: 0.9829 F1: 0.9826
Epoch 89: Time: 0.1653 Cost: 1.7540 Pre: 0.9658 Re: 1.0000 Acc: 0.9829 F1: 0.9826
Epoch 90: Time: 0.1571 Cost: 1.7434 Pre: 0.9663 Re: 0.9988 Acc: 0.9826 F1: 0.9823


--------------------------------------------------------------------
Eval results: Cost:2.2663 Pre:0.9533 Re:0.9974 Acc:0.9756 F1:0.9749
--------------------------------------------------------------------

Epoch 91: Time: 0.1591 Cost: 1.7357 Pre: 0.9669 Re: 0.9988 Acc: 0.9829 F1: 0.9826
Epoch 92: Time: 0.1583 Cost: 1.7283 Pre: 0.9669 Re: 0.9988 Acc: 0.9829 F1: 0.9826
Epoch 93: Time: 0.1574 Cost: 1.7231 Pre: 0.9669 Re: 0.9988 Acc: 0.9829 F1: 0.9826
Epoch 94: Time: 0.1590 Cost: 1.7179 Pre: 0.9669 Re: 0.9988 Acc: 0.9829 F1: 0.9826
Epoch 95: Time: 0.1577 Cost: 1.7133 Pre: 0.9669 Re: 0.9988 Acc: 0.9829 F1: 0.9826
Epoch 96: Time: 0.1570 Cost: 1.7090 Pre: 0.9669 Re: 0.9988 Acc: 0.9829 F1: 0.9826
Epoch 97: Time: 0.1557 Cost: 1.7051 Pre: 0.9669 Re: 0.9988 Acc: 0.9829 F1: 0.9826
Epoch 98: Time: 0.1560 Cost: 1.7013 Pre: 0.9669 Re: 0.9988 Acc: 0.9829 F1: 0.9826
Epoch 99: Time: 0.1557 Cost: 1.6977 Pre: 0.9674 Re: 0.9988 Acc: 0.9831 F1: 0.9829
Epoch 100: Time: 0.1556 Cost: 1.6942 Pre: 0.9680 Re: 0.9988 Acc: 0.9834 F1: 0.9832


--------------------------------------------------------------------
Eval results: Cost:2.2780 Pre:0.9533 Re:0.9974 Acc:0.9756 F1:0.9749
--------------------------------------------------------------------

Epoch 101: Time: 0.1550 Cost: 1.6912 Pre: 0.9680 Re: 0.9988 Acc: 0.9834 F1: 0.9832
Epoch 102: Time: 0.1562 Cost: 1.6872 Pre: 0.9680 Re: 0.9988 Acc: 0.9834 F1: 0.9832
Epoch 103: Time: 0.1554 Cost: 1.6849 Pre: 0.9680 Re: 0.9988 Acc: 0.9834 F1: 0.9832
Epoch 104: Time: 0.1548 Cost: 1.6814 Pre: 0.9680 Re: 0.9988 Acc: 0.9834 F1: 0.9832
Epoch 105: Time: 0.1561 Cost: 1.6785 Pre: 0.9680 Re: 0.9988 Acc: 0.9834 F1: 0.9832
Epoch 106: Time: 0.1592 Cost: 1.6754 Pre: 0.9680 Re: 0.9988 Acc: 0.9834 F1: 0.9832
Epoch 107: Time: 0.1639 Cost: 1.6725 Pre: 0.9680 Re: 0.9982 Acc: 0.9831 F1: 0.9829
Epoch 108: Time: 0.1910 Cost: 1.6695 Pre: 0.9680 Re: 0.9982 Acc: 0.9831 F1: 0.9829
Epoch 109: Time: 0.1606 Cost: 1.6666 Pre: 0.9680 Re: 0.9982 Acc: 0.9831 F1: 0.9829
Epoch 110: Time: 0.1597 Cost: 1.6637 Pre: 0.9680 Re: 0.9982 Acc: 0.9831 F1: 0.9829


--------------------------------------------------------------------
Eval results: Cost:2.2809 Pre:0.9533 Re:0.9960 Acc:0.9750 F1:0.9742
--------------------------------------------------------------------

Epoch 111: Time: 0.1603 Cost: 1.6611 Pre: 0.9680 Re: 0.9982 Acc: 0.9831 F1: 0.9829
Epoch 112: Time: 0.1602 Cost: 1.6574 Pre: 0.9680 Re: 0.9982 Acc: 0.9831 F1: 0.9829
Epoch 113: Time: 0.1652 Cost: 1.6554 Pre: 0.9680 Re: 0.9982 Acc: 0.9831 F1: 0.9829
Epoch 114: Time: 0.1609 Cost: 1.6519 Pre: 0.9680 Re: 0.9982 Acc: 0.9831 F1: 0.9829
Epoch 115: Time: 0.1744 Cost: 1.6491 Pre: 0.9680 Re: 0.9982 Acc: 0.9831 F1: 0.9829
Epoch 116: Time: 0.1664 Cost: 1.6459 Pre: 0.9685 Re: 0.9982 Acc: 0.9834 F1: 0.9831
Epoch 117: Time: 0.1650 Cost: 1.6428 Pre: 0.9685 Re: 0.9982 Acc: 0.9834 F1: 0.9831
Epoch 118: Time: 0.1639 Cost: 1.6396 Pre: 0.9685 Re: 0.9982 Acc: 0.9834 F1: 0.9831
Epoch 119: Time: 0.1610 Cost: 1.6364 Pre: 0.9685 Re: 0.9982 Acc: 0.9834 F1: 0.9831
Epoch 120: Time: 0.1613 Cost: 1.6330 Pre: 0.9685 Re: 0.9982 Acc: 0.9834 F1: 0.9831


--------------------------------------------------------------------
Eval results: Cost:2.2768 Pre:0.9533 Re:0.9960 Acc:0.9750 F1:0.9742
--------------------------------------------------------------------

Epoch 121: Time: 0.1604 Cost: 1.6298 Pre: 0.9685 Re: 0.9976 Acc: 0.9831 F1: 0.9828
Epoch 122: Time: 0.1612 Cost: 1.6256 Pre: 0.9691 Re: 0.9976 Acc: 0.9834 F1: 0.9831
Epoch 123: Time: 0.1752 Cost: 1.6229 Pre: 0.9691 Re: 0.9976 Acc: 0.9834 F1: 0.9831
Epoch 124: Time: 0.3895 Cost: 1.6185 Pre: 0.9691 Re: 0.9976 Acc: 0.9834 F1: 0.9831
Epoch 125: Time: 0.5712 Cost: 1.6148 Pre: 0.9691 Re: 0.9976 Acc: 0.9834 F1: 0.9831
Epoch 126: Time: 0.1766 Cost: 1.6106 Pre: 0.9691 Re: 0.9976 Acc: 0.9834 F1: 0.9831
Epoch 127: Time: 0.1845 Cost: 1.6063 Pre: 0.9691 Re: 0.9976 Acc: 0.9834 F1: 0.9831
Epoch 128: Time: 0.2555 Cost: 1.6017 Pre: 0.9691 Re: 0.9976 Acc: 0.9834 F1: 0.9831
Epoch 129: Time: 0.1972 Cost: 1.5970 Pre: 0.9691 Re: 0.9976 Acc: 0.9834 F1: 0.9831
Epoch 130: Time: 0.1625 Cost: 1.5920 Pre: 0.9691 Re: 0.9976 Acc: 0.9834 F1: 0.9831


--------------------------------------------------------------------
Eval results: Cost:2.2628 Pre:0.9533 Re:0.9960 Acc:0.9750 F1:0.9742
--------------------------------------------------------------------

Epoch 131: Time: 0.1860 Cost: 1.5869 Pre: 0.9691 Re: 0.9976 Acc: 0.9834 F1: 0.9831
Epoch 132: Time: 0.1872 Cost: 1.5808 Pre: 0.9696 Re: 0.9976 Acc: 0.9837 F1: 0.9834
Epoch 133: Time: 0.2149 Cost: 1.5757 Pre: 0.9696 Re: 0.9976 Acc: 0.9837 F1: 0.9834
Epoch 134: Time: 0.1803 Cost: 1.5689 Pre: 0.9702 Re: 0.9976 Acc: 0.9840 F1: 0.9837
Epoch 135: Time: 0.1671 Cost: 1.5625 Pre: 0.9702 Re: 0.9976 Acc: 0.9840 F1: 0.9837
Epoch 136: Time: 0.1663 Cost: 1.5553 Pre: 0.9708 Re: 0.9976 Acc: 0.9843 F1: 0.9840
Epoch 137: Time: 0.1574 Cost: 1.5478 Pre: 0.9708 Re: 0.9982 Acc: 0.9846 F1: 0.9843
Epoch 138: Time: 0.1595 Cost: 1.5398 Pre: 0.9708 Re: 0.9982 Acc: 0.9846 F1: 0.9843
Epoch 139: Time: 0.1727 Cost: 1.5312 Pre: 0.9714 Re: 0.9982 Acc: 0.9849 F1: 0.9846
Epoch 140: Time: 0.1593 Cost: 1.5221 Pre: 0.9719 Re: 0.9982 Acc: 0.9852 F1: 0.9849


--------------------------------------------------------------------
Eval results: Cost:2.2256 Pre:0.9533 Re:0.9974 Acc:0.9756 F1:0.9749
--------------------------------------------------------------------

Epoch 141: Time: 0.1588 Cost: 1.5123 Pre: 0.9725 Re: 0.9982 Acc: 0.9855 F1: 0.9852
Epoch 142: Time: 0.1630 Cost: 1.5018 Pre: 0.9731 Re: 0.9982 Acc: 0.9858 F1: 0.9855
Epoch 143: Time: 0.1612 Cost: 1.4910 Pre: 0.9731 Re: 0.9988 Acc: 0.9861 F1: 0.9858
Epoch 144: Time: 0.1608 Cost: 1.4790 Pre: 0.9731 Re: 0.9988 Acc: 0.9861 F1: 0.9858
Epoch 145: Time: 0.1690 Cost: 1.4667 Pre: 0.9731 Re: 0.9988 Acc: 0.9861 F1: 0.9858
Epoch 146: Time: 0.1618 Cost: 1.4534 Pre: 0.9737 Re: 0.9988 Acc: 0.9863 F1: 0.9861
Epoch 147: Time: 0.1664 Cost: 1.4396 Pre: 0.9737 Re: 0.9988 Acc: 0.9863 F1: 0.9861
Epoch 148: Time: 0.1612 Cost: 1.4251 Pre: 0.9737 Re: 0.9988 Acc: 0.9863 F1: 0.9861
Epoch 149: Time: 0.1694 Cost: 1.4102 Pre: 0.9737 Re: 0.9994 Acc: 0.9866 F1: 0.9864
Epoch 150: Time: 0.1591 Cost: 1.3948 Pre: 0.9742 Re: 0.9994 Acc: 0.9869 F1: 0.9867


--------------------------------------------------------------------
Eval results: Cost:2.1296 Pre:0.9546 Re:0.9987 Acc:0.9768 F1:0.9761
--------------------------------------------------------------------

Epoch 151: Time: 0.1610 Cost: 1.3789 Pre: 0.9742 Re: 0.9994 Acc: 0.9869 F1: 0.9867
Epoch 152: Time: 0.1614 Cost: 1.3638 Pre: 0.9742 Re: 0.9994 Acc: 0.9869 F1: 0.9867
Epoch 153: Time: 0.1647 Cost: 1.3481 Pre: 0.9743 Re: 1.0000 Acc: 0.9872 F1: 0.9870
Epoch 154: Time: 0.1630 Cost: 1.3332 Pre: 0.9748 Re: 1.0000 Acc: 0.9875 F1: 0.9873
Epoch 155: Time: 0.1600 Cost: 1.3187 Pre: 0.9754 Re: 1.0000 Acc: 0.9878 F1: 0.9875
Epoch 156: Time: 0.1578 Cost: 1.3052 Pre: 0.9760 Re: 1.0000 Acc: 0.9881 F1: 0.9878
Epoch 157: Time: 0.1596 Cost: 1.2925 Pre: 0.9760 Re: 1.0000 Acc: 0.9881 F1: 0.9878
Epoch 158: Time: 0.1637 Cost: 1.2809 Pre: 0.9760 Re: 1.0000 Acc: 0.9881 F1: 0.9878
Epoch 159: Time: 0.1626 Cost: 1.2701 Pre: 0.9765 Re: 1.0000 Acc: 0.9884 F1: 0.9881
Epoch 160: Time: 0.1616 Cost: 1.2601 Pre: 0.9771 Re: 1.0000 Acc: 0.9887 F1: 0.9884


--------------------------------------------------------------------
Eval results: Cost:2.0193 Pre:0.9595 Re:1.0000 Acc:0.9800 F1:0.9793
--------------------------------------------------------------------

Epoch 161: Time: 0.1614 Cost: 1.2503 Pre: 0.9777 Re: 1.0000 Acc: 0.9890 F1: 0.9887
Epoch 162: Time: 0.1610 Cost: 1.2423 Pre: 0.9777 Re: 1.0000 Acc: 0.9890 F1: 0.9887
Epoch 163: Time: 0.1593 Cost: 1.2337 Pre: 0.9777 Re: 1.0000 Acc: 0.9890 F1: 0.9887
Epoch 164: Time: 0.1617 Cost: 1.2259 Pre: 0.9777 Re: 1.0000 Acc: 0.9890 F1: 0.9887
Epoch 165: Time: 0.1597 Cost: 1.2178 Pre: 0.9777 Re: 1.0000 Acc: 0.9890 F1: 0.9887
Epoch 166: Time: 0.1698 Cost: 1.2101 Pre: 0.9777 Re: 1.0000 Acc: 0.9890 F1: 0.9887
Epoch 167: Time: 0.1691 Cost: 1.2018 Pre: 0.9777 Re: 1.0000 Acc: 0.9890 F1: 0.9887
Epoch 168: Time: 0.1561 Cost: 1.1935 Pre: 0.9777 Re: 1.0000 Acc: 0.9890 F1: 0.9887
Epoch 169: Time: 0.1596 Cost: 1.1849 Pre: 0.9777 Re: 1.0000 Acc: 0.9890 F1: 0.9887
Epoch 170: Time: 0.1614 Cost: 1.1768 Pre: 0.9777 Re: 1.0000 Acc: 0.9890 F1: 0.9887


--------------------------------------------------------------------
Eval results: Cost:1.9466 Pre:0.9632 Re:1.0000 Acc:0.9819 F1:0.9812
--------------------------------------------------------------------

Epoch 171: Time: 0.1563 Cost: 1.1687 Pre: 0.9777 Re: 1.0000 Acc: 0.9890 F1: 0.9887
Epoch 172: Time: 0.1578 Cost: 1.1615 Pre: 0.9777 Re: 1.0000 Acc: 0.9890 F1: 0.9887
Epoch 173: Time: 0.1562 Cost: 1.1532 Pre: 0.9777 Re: 1.0000 Acc: 0.9890 F1: 0.9887
Epoch 174: Time: 0.1568 Cost: 1.1461 Pre: 0.9783 Re: 1.0000 Acc: 0.9893 F1: 0.9890
Epoch 175: Time: 0.1586 Cost: 1.1371 Pre: 0.9788 Re: 1.0000 Acc: 0.9895 F1: 0.9893
Epoch 176: Time: 0.1583 Cost: 1.1301 Pre: 0.9788 Re: 1.0000 Acc: 0.9895 F1: 0.9893
Epoch 177: Time: 0.1566 Cost: 1.1195 Pre: 0.9788 Re: 1.0000 Acc: 0.9895 F1: 0.9893
Epoch 178: Time: 0.1576 Cost: 1.1127 Pre: 0.9788 Re: 1.0000 Acc: 0.9895 F1: 0.9893
Epoch 179: Time: 0.1554 Cost: 1.0984 Pre: 0.9788 Re: 1.0000 Acc: 0.9895 F1: 0.9893
Epoch 180: Time: 0.1555 Cost: 1.0926 Pre: 0.9800 Re: 1.0000 Acc: 0.9901 F1: 0.9899


--------------------------------------------------------------------
Eval results: Cost:1.8775 Pre:0.9632 Re:1.0000 Acc:0.9819 F1:0.9812
--------------------------------------------------------------------

Epoch 181: Time: 0.1570 Cost: 1.0711 Pre: 0.9794 Re: 1.0000 Acc: 0.9898 F1: 0.9896
Epoch 182: Time: 0.1565 Cost: 1.0681 Pre: 0.9800 Re: 1.0000 Acc: 0.9901 F1: 0.9899
Epoch 183: Time: 0.1562 Cost: 1.0331 Pre: 0.9806 Re: 1.0000 Acc: 0.9904 F1: 0.9902
Epoch 184: Time: 0.1562 Cost: 1.0355 Pre: 0.9817 Re: 1.0000 Acc: 0.9910 F1: 0.9908
Epoch 185: Time: 0.1560 Cost: 0.9850 Pre: 0.9811 Re: 1.0000 Acc: 0.9907 F1: 0.9905
Epoch 186: Time: 0.1571 Cost: 0.9922 Pre: 0.9817 Re: 1.0000 Acc: 0.9910 F1: 0.9908
Epoch 187: Time: 0.1601 Cost: 0.9325 Pre: 0.9817 Re: 1.0000 Acc: 0.9910 F1: 0.9908
Epoch 188: Time: 0.1582 Cost: 0.9385 Pre: 0.9823 Re: 1.0000 Acc: 0.9913 F1: 0.9911
Epoch 189: Time: 0.1570 Cost: 0.8819 Pre: 0.9823 Re: 1.0000 Acc: 0.9913 F1: 0.9911
Epoch 190: Time: 0.1665 Cost: 0.8814 Pre: 0.9829 Re: 1.0000 Acc: 0.9916 F1: 0.9914


--------------------------------------------------------------------
Eval results: Cost:1.7438 Pre:0.9656 Re:1.0000 Acc:0.9831 F1:0.9825
--------------------------------------------------------------------

Epoch 191: Time: 0.1565 Cost: 0.8472 Pre: 0.9829 Re: 1.0000 Acc: 0.9916 F1: 0.9914
Epoch 192: Time: 0.1577 Cost: 0.8163 Pre: 0.9840 Re: 1.0000 Acc: 0.9922 F1: 0.9920
Epoch 193: Time: 0.1609 Cost: 0.7916 Pre: 0.9840 Re: 1.0000 Acc: 0.9922 F1: 0.9920
Epoch 194: Time: 0.1576 Cost: 0.7650 Pre: 0.9840 Re: 1.0000 Acc: 0.9922 F1: 0.9920
Epoch 195: Time: 0.1579 Cost: 0.7413 Pre: 0.9846 Re: 1.0000 Acc: 0.9924 F1: 0.9923
Epoch 196: Time: 0.1576 Cost: 0.7173 Pre: 0.9852 Re: 1.0000 Acc: 0.9927 F1: 0.9925
Epoch 197: Time: 0.1599 Cost: 0.6952 Pre: 0.9858 Re: 1.0000 Acc: 0.9930 F1: 0.9928
Epoch 198: Time: 0.1592 Cost: 0.6736 Pre: 0.9858 Re: 1.0000 Acc: 0.9930 F1: 0.9928
Epoch 199: Time: 0.1639 Cost: 0.6534 Pre: 0.9858 Re: 1.0000 Acc: 0.9930 F1: 0.9928
Epoch 200: Time: 0.1576 Cost: 0.6337 Pre: 0.9858 Re: 1.0000 Acc: 0.9930 F1: 0.9928


--------------------------------------------------------------------
Eval results: Cost:1.5583 Pre:0.9693 Re:1.0000 Acc:0.9850 F1:0.9844
--------------------------------------------------------------------

Epoch 201: Time: 0.1572 Cost: 0.6324 Pre: 0.9858 Re: 1.0000 Acc: 0.9930 F1: 0.9928
Epoch 202: Time: 0.1566 Cost: 0.5873 Pre: 0.9881 Re: 1.0000 Acc: 0.9942 F1: 0.9940
Epoch 203: Time: 0.1805 Cost: 0.5825 Pre: 0.9881 Re: 1.0000 Acc: 0.9942 F1: 0.9940
Epoch 204: Time: 0.1855 Cost: 0.5577 Pre: 0.9881 Re: 1.0000 Acc: 0.9942 F1: 0.9940
Epoch 205: Time: 0.1625 Cost: 0.5451 Pre: 0.9887 Re: 1.0000 Acc: 0.9945 F1: 0.9943
Epoch 206: Time: 0.1573 Cost: 0.5265 Pre: 0.9893 Re: 1.0000 Acc: 0.9948 F1: 0.9946
Epoch 207: Time: 0.1584 Cost: 0.5119 Pre: 0.9893 Re: 1.0000 Acc: 0.9948 F1: 0.9946
Epoch 208: Time: 0.1561 Cost: 0.4957 Pre: 0.9893 Re: 1.0000 Acc: 0.9948 F1: 0.9946
Epoch 209: Time: 0.1558 Cost: 0.4810 Pre: 0.9899 Re: 1.0000 Acc: 0.9951 F1: 0.9949
Epoch 210: Time: 0.1566 Cost: 0.4661 Pre: 0.9905 Re: 1.0000 Acc: 0.9954 F1: 0.9952


--------------------------------------------------------------------
Eval results: Cost:1.3710 Pre:0.9706 Re:1.0000 Acc:0.9856 F1:0.9851
--------------------------------------------------------------------

Epoch 211: Time: 0.1569 Cost: 0.4561 Pre: 0.9905 Re: 1.0000 Acc: 0.9954 F1: 0.9952
Epoch 212: Time: 0.1557 Cost: 0.4363 Pre: 0.9917 Re: 1.0000 Acc: 0.9959 F1: 0.9958
Epoch 213: Time: 0.1571 Cost: 0.4245 Pre: 0.9917 Re: 1.0000 Acc: 0.9959 F1: 0.9958
Epoch 214: Time: 0.1553 Cost: 0.4101 Pre: 0.9928 Re: 1.0000 Acc: 0.9965 F1: 0.9964
Epoch 215: Time: 0.1551 Cost: 0.3973 Pre: 0.9928 Re: 1.0000 Acc: 0.9965 F1: 0.9964
Epoch 216: Time: 0.1587 Cost: 0.3842 Pre: 0.9934 Re: 1.0000 Acc: 0.9968 F1: 0.9967
Epoch 217: Time: 0.1582 Cost: 0.3716 Pre: 0.9934 Re: 1.0000 Acc: 0.9968 F1: 0.9967
Epoch 218: Time: 0.1569 Cost: 0.3591 Pre: 0.9934 Re: 1.0000 Acc: 0.9968 F1: 0.9967
Epoch 219: Time: 0.1579 Cost: 0.3469 Pre: 0.9934 Re: 1.0000 Acc: 0.9968 F1: 0.9967
Epoch 220: Time: 0.1565 Cost: 0.3349 Pre: 0.9934 Re: 1.0000 Acc: 0.9968 F1: 0.9967


--------------------------------------------------------------------
Eval results: Cost:1.1797 Pre:0.9743 Re:1.0000 Acc:0.9875 F1:0.9870
--------------------------------------------------------------------

Epoch 221: Time: 0.1567 Cost: 0.3228 Pre: 0.9940 Re: 1.0000 Acc: 0.9971 F1: 0.9970
Epoch 222: Time: 0.1595 Cost: 0.3125 Pre: 0.9946 Re: 1.0000 Acc: 0.9974 F1: 0.9973
Epoch 223: Time: 0.1572 Cost: 0.3008 Pre: 0.9952 Re: 1.0000 Acc: 0.9977 F1: 0.9976
Epoch 224: Time: 0.1577 Cost: 0.2899 Pre: 0.9952 Re: 1.0000 Acc: 0.9977 F1: 0.9976
Epoch 225: Time: 0.1567 Cost: 0.2788 Pre: 0.9952 Re: 1.0000 Acc: 0.9977 F1: 0.9976
Epoch 226: Time: 0.1569 Cost: 0.2680 Pre: 0.9952 Re: 1.0000 Acc: 0.9977 F1: 0.9976
Epoch 227: Time: 0.1570 Cost: 0.2574 Pre: 0.9952 Re: 1.0000 Acc: 0.9977 F1: 0.9976
Epoch 228: Time: 0.1607 Cost: 0.2471 Pre: 0.9964 Re: 1.0000 Acc: 0.9983 F1: 0.9982
Epoch 229: Time: 0.1574 Cost: 0.2369 Pre: 0.9970 Re: 1.0000 Acc: 0.9985 F1: 0.9985
Epoch 230: Time: 0.1570 Cost: 0.2270 Pre: 0.9970 Re: 1.0000 Acc: 0.9985 F1: 0.9985


--------------------------------------------------------------------
Eval results: Cost:1.0040 Pre:0.9743 Re:1.0000 Acc:0.9875 F1:0.9870
--------------------------------------------------------------------

Epoch 231: Time: 0.1571 Cost: 0.2140 Pre: 0.9982 Re: 1.0000 Acc: 0.9991 F1: 0.9991
Epoch 232: Time: 0.1569 Cost: 0.2096 Pre: 0.9982 Re: 1.0000 Acc: 0.9991 F1: 0.9991
Epoch 233: Time: 0.1574 Cost: 0.2010 Pre: 0.9982 Re: 1.0000 Acc: 0.9991 F1: 0.9991
Epoch 234: Time: 0.1591 Cost: 0.1921 Pre: 0.9982 Re: 1.0000 Acc: 0.9991 F1: 0.9991
Epoch 235: Time: 0.1573 Cost: 0.1834 Pre: 0.9982 Re: 1.0000 Acc: 0.9991 F1: 0.9991
Epoch 236: Time: 0.1572 Cost: 0.1749 Pre: 0.9982 Re: 1.0000 Acc: 0.9991 F1: 0.9991
Epoch 237: Time: 0.1577 Cost: 0.1667 Pre: 0.9982 Re: 1.0000 Acc: 0.9991 F1: 0.9991
Epoch 238: Time: 0.1578 Cost: 0.1587 Pre: 0.9988 Re: 1.0000 Acc: 0.9994 F1: 0.9994
Epoch 239: Time: 0.1577 Cost: 0.1510 Pre: 0.9988 Re: 1.0000 Acc: 0.9994 F1: 0.9994
Epoch 240: Time: 0.1616 Cost: 0.1436 Pre: 0.9988 Re: 1.0000 Acc: 0.9994 F1: 0.9994


--------------------------------------------------------------------
Eval results: Cost:0.7571 Pre:0.9819 Re:1.0000 Acc:0.9912 F1:0.9908
--------------------------------------------------------------------

Epoch 241: Time: 0.1585 Cost: 0.1333 Pre: 0.9988 Re: 1.0000 Acc: 0.9994 F1: 0.9994
Epoch 242: Time: 0.1574 Cost: 0.1307 Pre: 0.9988 Re: 1.0000 Acc: 0.9994 F1: 0.9994
Epoch 243: Time: 0.1606 Cost: 0.1265 Pre: 0.9988 Re: 1.0000 Acc: 0.9994 F1: 0.9994
Epoch 244: Time: 0.1575 Cost: 0.1201 Pre: 0.9988 Re: 1.0000 Acc: 0.9994 F1: 0.9994
Epoch 245: Time: 0.1600 Cost: 0.1138 Pre: 0.9988 Re: 1.0000 Acc: 0.9994 F1: 0.9994
Epoch 246: Time: 0.1568 Cost: 0.1077 Pre: 0.9988 Re: 1.0000 Acc: 0.9994 F1: 0.9994
Epoch 247: Time: 0.1567 Cost: 0.1016 Pre: 0.9988 Re: 1.0000 Acc: 0.9994 F1: 0.9994
Epoch 248: Time: 0.1636 Cost: 0.0957 Pre: 0.9988 Re: 1.0000 Acc: 0.9994 F1: 0.9994
Epoch 249: Time: 0.1570 Cost: 0.0899 Pre: 0.9988 Re: 1.0000 Acc: 0.9994 F1: 0.9994
Epoch 250: Time: 0.1570 Cost: 0.0841 Pre: 0.9988 Re: 1.0000 Acc: 0.9994 F1: 0.9994


--------------------------------------------------------------------
Eval results: Cost:0.4102 Pre:0.9896 Re:1.0000 Acc:0.9950 F1:0.9948
--------------------------------------------------------------------

Epoch 251: Time: 0.1614 Cost: 0.0754 Pre: 0.9988 Re: 1.0000 Acc: 0.9994 F1: 0.9994
Epoch 252: Time: 0.1572 Cost: 0.0745 Pre: 0.9988 Re: 1.0000 Acc: 0.9994 F1: 0.9994
Epoch 253: Time: 0.1571 Cost: 0.0703 Pre: 0.9988 Re: 1.0000 Acc: 0.9994 F1: 0.9994
Epoch 254: Time: 0.1572 Cost: 0.0649 Pre: 0.9988 Re: 1.0000 Acc: 0.9994 F1: 0.9994
Epoch 255: Time: 0.1565 Cost: 0.0587 Pre: 0.9988 Re: 1.0000 Acc: 0.9994 F1: 0.9994
Epoch 256: Time: 0.1557 Cost: 0.0506 Pre: 0.9994 Re: 1.0000 Acc: 0.9997 F1: 0.9997
Epoch 257: Time: 0.1621 Cost: 0.0394 Pre: 0.9994 Re: 1.0000 Acc: 0.9997 F1: 0.9997
Epoch 258: Time: 0.1581 Cost: 0.0314 Pre: 1.0000 Re: 1.0000 Acc: 1.0000 F1: 1.0000
Epoch 259: Time: 0.1561 Cost: 0.0275 Pre: 1.0000 Re: 1.0000 Acc: 1.0000 F1: 1.0000
Epoch 260: Time: 0.1565 Cost: 0.0235 Pre: 1.0000 Re: 1.0000 Acc: 1.0000 F1: 1.0000


--------------------------------------------------------------------
Eval results: Cost:0.0673 Pre:1.0000 Re:1.0000 Acc:1.0000 F1:1.0000
--------------------------------------------------------------------

Epoch 261: Time: 0.1571 Cost: 0.0194 Pre: 1.0000 Re: 1.0000 Acc: 1.0000 F1: 1.0000
Epoch 262: Time: 0.1572 Cost: 0.0186 Pre: 1.0000 Re: 1.0000 Acc: 1.0000 F1: 1.0000
Epoch 263: Time: 0.1607 Cost: 0.0164 Pre: 1.0000 Re: 1.0000 Acc: 1.0000 F1: 1.0000
Epoch 264: Time: 0.1581 Cost: 0.0145 Pre: 1.0000 Re: 1.0000 Acc: 1.0000 F1: 1.0000
Epoch 265: Time: 0.1567 Cost: 0.0124 Pre: 1.0000 Re: 1.0000 Acc: 1.0000 F1: 1.0000
Epoch 266: Time: 0.1581 Cost: 0.0108 Pre: 1.0000 Re: 1.0000 Acc: 1.0000 F1: 1.0000
Epoch 267: Time: 0.1572 Cost: 0.0094 Pre: 1.0000 Re: 1.0000 Acc: 1.0000 F1: 1.0000
Epoch 268: Time: 0.1575 Cost: 0.0082 Pre: 1.0000 Re: 1.0000 Acc: 1.0000 F1: 1.0000
Epoch 269: Time: 0.1601 Cost: 0.0072 Pre: 1.0000 Re: 1.0000 Acc: 1.0000 F1: 1.0000
Epoch 270: Time: 0.1584 Cost: 0.0064 Pre: 1.0000 Re: 1.0000 Acc: 1.0000 F1: 1.0000


--------------------------------------------------------------------
Eval results: Cost:0.0130 Pre:1.0000 Re:1.0000 Acc:1.0000 F1:1.0000
--------------------------------------------------------------------

Epoch 271: Time: 0.1568 Cost: 0.0056 Pre: 1.0000 Re: 1.0000 Acc: 1.0000 F1: 1.0000
Epoch 272: Time: 0.1573 Cost: 0.0052 Pre: 1.0000 Re: 1.0000 Acc: 1.0000 F1: 1.0000
Epoch 273: Time: 0.1565 Cost: 0.0048 Pre: 1.0000 Re: 1.0000 Acc: 1.0000 F1: 1.0000
Epoch 274: Time: 0.1562 Cost: 0.0044 Pre: 1.0000 Re: 1.0000 Acc: 1.0000 F1: 1.0000
Epoch 275: Time: 0.1607 Cost: 0.0040 Pre: 1.0000 Re: 1.0000 Acc: 1.0000 F1: 1.0000
Epoch 276: Time: 0.1565 Cost: 0.0037 Pre: 1.0000 Re: 1.0000 Acc: 1.0000 F1: 1.0000
Epoch 277: Time: 0.1566 Cost: 0.0034 Pre: 1.0000 Re: 1.0000 Acc: 1.0000 F1: 1.0000
Epoch 278: Time: 0.1575 Cost: 0.0032 Pre: 1.0000 Re: 1.0000 Acc: 1.0000 F1: 1.0000
Epoch 279: Time: 0.1568 Cost: 0.0030 Pre: 1.0000 Re: 1.0000 Acc: 1.0000 F1: 1.0000
Epoch 280: Time: 0.1562 Cost: 0.0028 Pre: 1.0000 Re: 1.0000 Acc: 1.0000 F1: 1.0000


--------------------------------------------------------------------
Eval results: Cost:0.0048 Pre:1.0000 Re:1.0000 Acc:1.0000 F1:1.0000
--------------------------------------------------------------------

Epoch 281: Time: 0.1577 Cost: 0.0027 Pre: 1.0000 Re: 1.0000 Acc: 1.0000 F1: 1.0000
Epoch 282: Time: 0.1588 Cost: 0.0026 Pre: 1.0000 Re: 1.0000 Acc: 1.0000 F1: 1.0000
Epoch 283: Time: 0.1575 Cost: 0.0024 Pre: 1.0000 Re: 1.0000 Acc: 1.0000 F1: 1.0000
Epoch 284: Time: 0.1571 Cost: 0.0023 Pre: 1.0000 Re: 1.0000 Acc: 1.0000 F1: 1.0000
Epoch 285: Time: 0.1571 Cost: 0.0022 Pre: 1.0000 Re: 1.0000 Acc: 1.0000 F1: 1.0000
Epoch 286: Time: 0.1580 Cost: 0.0021 Pre: 1.0000 Re: 1.0000 Acc: 1.0000 F1: 1.0000
Epoch 287: Time: 0.1592 Cost: 0.0021 Pre: 1.0000 Re: 1.0000 Acc: 1.0000 F1: 1.0000
Epoch 288: Time: 0.1567 Cost: 0.0020 Pre: 1.0000 Re: 1.0000 Acc: 1.0000 F1: 1.0000
Epoch 289: Time: 0.1573 Cost: 0.0019 Pre: 1.0000 Re: 1.0000 Acc: 1.0000 F1: 1.0000
Epoch 290: Time: 0.1577 Cost: 0.0018 Pre: 1.0000 Re: 1.0000 Acc: 1.0000 F1: 1.0000


--------------------------------------------------------------------
Eval results: Cost:0.0028 Pre:1.0000 Re:1.0000 Acc:1.0000 F1:1.0000
--------------------------------------------------------------------

Epoch 291: Time: 0.1573 Cost: 0.0018 Pre: 1.0000 Re: 1.0000 Acc: 1.0000 F1: 1.0000
Epoch 292: Time: 0.1605 Cost: 0.0017 Pre: 1.0000 Re: 1.0000 Acc: 1.0000 F1: 1.0000
Epoch 293: Time: 0.1590 Cost: 0.0017 Pre: 1.0000 Re: 1.0000 Acc: 1.0000 F1: 1.0000
Epoch 294: Time: 0.1580 Cost: 0.0016 Pre: 1.0000 Re: 1.0000 Acc: 1.0000 F1: 1.0000
Epoch 295: Time: 0.1584 Cost: 0.0016 Pre: 1.0000 Re: 1.0000 Acc: 1.0000 F1: 1.0000
Epoch 296: Time: 0.1567 Cost: 0.0015 Pre: 1.0000 Re: 1.0000 Acc: 1.0000 F1: 1.0000
Epoch 297: Time: 0.1579 Cost: 0.0015 Pre: 1.0000 Re: 1.0000 Acc: 1.0000 F1: 1.0000
Epoch 298: Time: 0.1578 Cost: 0.0015 Pre: 1.0000 Re: 1.0000 Acc: 1.0000 F1: 1.0000
Epoch 299: Time: 0.1664 Cost: 0.0014 Pre: 1.0000 Re: 1.0000 Acc: 1.0000 F1: 1.0000
Epoch 300: Time: 0.1586 Cost: 0.0014 Pre: 1.0000 Re: 1.0000 Acc: 1.0000 F1: 1.0000


--------------------------------------------------------------------
Eval results: Cost:0.0020 Pre:1.0000 Re:1.0000 Acc:1.0000 F1:1.0000
--------------------------------------------------------------------

Epoch 301: Time: 0.1581 Cost: 0.0013 Pre: 1.0000 Re: 1.0000 Acc: 1.0000 F1: 1.0000
Epoch 302: Time: 0.1566 Cost: 0.0013 Pre: 1.0000 Re: 1.0000 Acc: 1.0000 F1: 1.0000
Epoch 303: Time: 0.1571 Cost: 0.0013 Pre: 1.0000 Re: 1.0000 Acc: 1.0000 F1: 1.0000
Epoch 304: Time: 0.1607 Cost: 0.0013 Pre: 1.0000 Re: 1.0000 Acc: 1.0000 F1: 1.0000
Epoch 305: Time: 0.1574 Cost: 0.0012 Pre: 1.0000 Re: 1.0000 Acc: 1.0000 F1: 1.0000
Epoch 306: Time: 0.1567 Cost: 0.0012 Pre: 1.0000 Re: 1.0000 Acc: 1.0000 F1: 1.0000
Epoch 307: Time: 0.1657 Cost: 0.0012 Pre: 1.0000 Re: 1.0000 Acc: 1.0000 F1: 1.0000
Epoch 308: Time: 0.1582 Cost: 0.0012 Pre: 1.0000 Re: 1.0000 Acc: 1.0000 F1: 1.0000
Epoch 309: Time: 0.1572 Cost: 0.0011 Pre: 1.0000 Re: 1.0000 Acc: 1.0000 F1: 1.0000
Epoch 310: Time: 0.1601 Cost: 0.0011 Pre: 1.0000 Re: 1.0000 Acc: 1.0000 F1: 1.0000


--------------------------------------------------------------------
Eval results: Cost:0.0015 Pre:1.0000 Re:1.0000 Acc:1.0000 F1:1.0000
--------------------------------------------------------------------

Epoch 311: Time: 0.1583 Cost: 0.0011 Pre: 1.0000 Re: 1.0000 Acc: 1.0000 F1: 1.0000
Epoch 312: Time: 0.1569 Cost: 0.0011 Pre: 1.0000 Re: 1.0000 Acc: 1.0000 F1: 1.0000
Epoch 313: Time: 0.1575 Cost: 0.0010 Pre: 1.0000 Re: 1.0000 Acc: 1.0000 F1: 1.0000
Epoch 314: Time: 0.1564 Cost: 0.0010 Pre: 1.0000 Re: 1.0000 Acc: 1.0000 F1: 1.0000
Epoch 315: Time: 0.1559 Cost: 0.0010 Pre: 1.0000 Re: 1.0000 Acc: 1.0000 F1: 1.0000
Epoch 316: Time: 0.1615 Cost: 0.0010 Pre: 1.0000 Re: 1.0000 Acc: 1.0000 F1: 1.0000
Epoch 317: Time: 0.1560 Cost: 0.0010 Pre: 1.0000 Re: 1.0000 Acc: 1.0000 F1: 1.0000
Epoch 318: Time: 0.1553 Cost: 0.0010 Pre: 1.0000 Re: 1.0000 Acc: 1.0000 F1: 1.0000
Epoch 319: Time: 0.1587 Cost: 0.0009 Pre: 1.0000 Re: 1.0000 Acc: 1.0000 F1: 1.0000
Epoch 320: Time: 0.1561 Cost: 0.0009 Pre: 1.0000 Re: 1.0000 Acc: 1.0000 F1: 1.0000


--------------------------------------------------------------------
Eval results: Cost:0.0013 Pre:1.0000 Re:1.0000 Acc:1.0000 F1:1.0000
--------------------------------------------------------------------

Early stopping...
--------------------------------------------------------------------
--------------------------------------------------------------------
Test 8494 samples take time: 0.8944
Test results: Cost:0.0007 Pre:1.0000 Re:1.0000 Acc:1.0000 F1:1.0000
--------------------------------------------------------------------

