16768
16562
16206
16632
16380
16425
Load data
RNN type: O2 Grammar: g6 Seed: 1
Model total parameters: 200
Saving hinit ... 

Epoch 0: Time: 0.2626 Cost: 24.9769 Pre: 0.4745 Re: 0.3003 Acc: 0.5082 F1: 0.3678


--------------------------------------------------------------------
Eval results: Cost:25.0424 Pre:0.4874 Re:0.2494 Acc:0.4978 F1:0.3299
--------------------------------------------------------------------

Epoch 1: Time: 0.1904 Cost: 24.9499 Pre: 0.4945 Re: 0.1994 Acc: 0.5215 F1: 0.2842
Epoch 2: Time: 0.1897 Cost: 24.9352 Pre: 0.5090 Re: 0.0828 Acc: 0.5250 F1: 0.1424
Epoch 3: Time: 0.1874 Cost: 24.9185 Pre: 0.5882 Re: 0.0294 Acc: 0.5278 F1: 0.0560
Epoch 4: Time: 0.1883 Cost: 24.8811 Pre: 0.6068 Re: 0.0348 Acc: 0.5294 F1: 0.0658
Epoch 5: Time: 0.1928 Cost: 23.5166 Pre: 0.8719 Re: 0.4170 Acc: 0.6930 F1: 0.5641
Epoch 6: Time: 0.1886 Cost: 11.3811 Pre: 0.9409 Re: 0.9990 Acc: 0.9697 F1: 0.9691
Epoch 7: Time: 0.1870 Cost: 5.1185 Pre: 0.9889 Re: 1.0000 Acc: 0.9946 F1: 0.9944
Epoch 8: Time: 0.1899 Cost: 2.9049 Pre: 0.9956 Re: 1.0000 Acc: 0.9979 F1: 0.9978
Epoch 9: Time: 0.1874 Cost: 1.8130 Pre: 0.9971 Re: 1.0000 Acc: 0.9986 F1: 0.9985
Epoch 10: Time: 0.1883 Cost: 1.1550 Pre: 0.9980 Re: 1.0000 Acc: 0.9991 F1: 0.9990


--------------------------------------------------------------------
Eval results: Cost:0.8499 Pre:0.9994 Re:1.0000 Acc:0.9997 F1:0.9997
--------------------------------------------------------------------

Epoch 11: Time: 0.1886 Cost: 0.7252 Pre: 0.9990 Re: 1.0000 Acc: 0.9995 F1: 0.9995
Epoch 12: Time: 0.1895 Cost: 0.4524 Pre: 0.9990 Re: 1.0000 Acc: 0.9995 F1: 0.9995
Epoch 13: Time: 0.1890 Cost: 0.2956 Pre: 0.9995 Re: 1.0000 Acc: 0.9998 F1: 0.9998
Epoch 14: Time: 0.1881 Cost: 0.1977 Pre: 0.9995 Re: 1.0000 Acc: 0.9998 F1: 0.9998
Epoch 15: Time: 0.1874 Cost: 0.1353 Pre: 0.9995 Re: 1.0000 Acc: 0.9998 F1: 0.9998
Epoch 16: Time: 0.1873 Cost: 0.0956 Pre: 0.9995 Re: 1.0000 Acc: 0.9998 F1: 0.9998
Epoch 17: Time: 0.1902 Cost: 0.0704 Pre: 0.9995 Re: 1.0000 Acc: 0.9998 F1: 0.9998
Epoch 18: Time: 0.1884 Cost: 0.0544 Pre: 0.9995 Re: 1.0000 Acc: 0.9998 F1: 0.9998
Epoch 19: Time: 0.1885 Cost: 0.0442 Pre: 0.9995 Re: 1.0000 Acc: 0.9998 F1: 0.9998
Epoch 20: Time: 0.1885 Cost: 0.0375 Pre: 0.9995 Re: 1.0000 Acc: 0.9998 F1: 0.9998


--------------------------------------------------------------------
Eval results: Cost:0.0253 Pre:0.9994 Re:1.0000 Acc:0.9997 F1:0.9997
--------------------------------------------------------------------

Epoch 21: Time: 0.1891 Cost: 0.0329 Pre: 0.9995 Re: 1.0000 Acc: 0.9998 F1: 0.9998
Epoch 22: Time: 0.1878 Cost: 0.0296 Pre: 0.9995 Re: 1.0000 Acc: 0.9998 F1: 0.9998
Epoch 23: Time: 0.1878 Cost: 0.0272 Pre: 0.9995 Re: 1.0000 Acc: 0.9998 F1: 0.9998
Epoch 24: Time: 0.1890 Cost: 0.0255 Pre: 0.9995 Re: 1.0000 Acc: 0.9998 F1: 0.9998
Epoch 25: Time: 0.1884 Cost: 0.0240 Pre: 0.9995 Re: 1.0000 Acc: 0.9998 F1: 0.9998
Epoch 26: Time: 0.1893 Cost: 0.0229 Pre: 0.9995 Re: 1.0000 Acc: 0.9998 F1: 0.9998
Epoch 27: Time: 0.1890 Cost: 0.0219 Pre: 0.9995 Re: 1.0000 Acc: 0.9998 F1: 0.9998
Epoch 28: Time: 0.1887 Cost: 0.0210 Pre: 0.9995 Re: 1.0000 Acc: 0.9998 F1: 0.9998
Epoch 29: Time: 0.1901 Cost: 0.0202 Pre: 0.9995 Re: 1.0000 Acc: 0.9998 F1: 0.9998
Epoch 30: Time: 0.1871 Cost: 0.0196 Pre: 0.9995 Re: 1.0000 Acc: 0.9998 F1: 0.9998


--------------------------------------------------------------------
Eval results: Cost:0.0136 Pre:0.9994 Re:1.0000 Acc:0.9997 F1:0.9997
--------------------------------------------------------------------

Epoch 31: Time: 0.1889 Cost: 0.0189 Pre: 0.9995 Re: 1.0000 Acc: 0.9998 F1: 0.9998
Epoch 32: Time: 0.1869 Cost: 0.0183 Pre: 0.9995 Re: 1.0000 Acc: 0.9998 F1: 0.9998
Epoch 33: Time: 0.1885 Cost: 0.0178 Pre: 0.9995 Re: 1.0000 Acc: 0.9998 F1: 0.9998
Epoch 34: Time: 0.1878 Cost: 0.0173 Pre: 0.9995 Re: 1.0000 Acc: 0.9998 F1: 0.9998
Epoch 35: Time: 0.1887 Cost: 0.0168 Pre: 0.9995 Re: 1.0000 Acc: 0.9998 F1: 0.9998
Epoch 36: Time: 0.1896 Cost: 0.0164 Pre: 0.9995 Re: 1.0000 Acc: 0.9998 F1: 0.9998
Epoch 37: Time: 0.1884 Cost: 0.0160 Pre: 0.9995 Re: 1.0000 Acc: 0.9998 F1: 0.9998
Epoch 38: Time: 0.1885 Cost: 0.0156 Pre: 0.9995 Re: 1.0000 Acc: 0.9998 F1: 0.9998
Epoch 39: Time: 0.1899 Cost: 0.0152 Pre: 0.9995 Re: 1.0000 Acc: 0.9998 F1: 0.9998
Epoch 40: Time: 0.1876 Cost: 0.0148 Pre: 0.9995 Re: 1.0000 Acc: 0.9998 F1: 0.9998


--------------------------------------------------------------------
Eval results: Cost:0.0103 Pre:0.9994 Re:1.0000 Acc:0.9997 F1:0.9997
--------------------------------------------------------------------

Epoch 41: Time: 0.1883 Cost: 0.0144 Pre: 0.9995 Re: 1.0000 Acc: 0.9998 F1: 0.9998
Epoch 42: Time: 0.1889 Cost: 0.0141 Pre: 0.9995 Re: 1.0000 Acc: 0.9998 F1: 0.9998
Epoch 43: Time: 0.1880 Cost: 0.0137 Pre: 1.0000 Re: 1.0000 Acc: 1.0000 F1: 1.0000
Epoch 44: Time: 0.1878 Cost: 0.0134 Pre: 1.0000 Re: 1.0000 Acc: 1.0000 F1: 1.0000
Epoch 45: Time: 0.1900 Cost: 0.0131 Pre: 1.0000 Re: 1.0000 Acc: 1.0000 F1: 1.0000
Epoch 46: Time: 0.1920 Cost: 0.0128 Pre: 1.0000 Re: 1.0000 Acc: 1.0000 F1: 1.0000
Epoch 47: Time: 0.1884 Cost: 0.0125 Pre: 1.0000 Re: 1.0000 Acc: 1.0000 F1: 1.0000
Epoch 48: Time: 0.1890 Cost: 0.0122 Pre: 1.0000 Re: 1.0000 Acc: 1.0000 F1: 1.0000
Epoch 49: Time: 0.1875 Cost: 0.0119 Pre: 1.0000 Re: 1.0000 Acc: 1.0000 F1: 1.0000
Epoch 50: Time: 0.1901 Cost: 0.0116 Pre: 1.0000 Re: 1.0000 Acc: 1.0000 F1: 1.0000


--------------------------------------------------------------------
Eval results: Cost:0.0081 Pre:1.0000 Re:1.0000 Acc:1.0000 F1:1.0000
--------------------------------------------------------------------

Epoch 51: Time: 0.1879 Cost: 0.0114 Pre: 1.0000 Re: 1.0000 Acc: 1.0000 F1: 1.0000
Epoch 52: Time: 0.1885 Cost: 0.0111 Pre: 1.0000 Re: 1.0000 Acc: 1.0000 F1: 1.0000
Epoch 53: Time: 0.1892 Cost: 0.0108 Pre: 1.0000 Re: 1.0000 Acc: 1.0000 F1: 1.0000
Epoch 54: Time: 0.1896 Cost: 0.0106 Pre: 1.0000 Re: 1.0000 Acc: 1.0000 F1: 1.0000
Epoch 55: Time: 0.1904 Cost: 0.0103 Pre: 1.0000 Re: 1.0000 Acc: 1.0000 F1: 1.0000
Epoch 56: Time: 0.1869 Cost: 0.0101 Pre: 1.0000 Re: 1.0000 Acc: 1.0000 F1: 1.0000
Epoch 57: Time: 0.1874 Cost: 0.0099 Pre: 1.0000 Re: 1.0000 Acc: 1.0000 F1: 1.0000
Epoch 58: Time: 0.1940 Cost: 0.0096 Pre: 1.0000 Re: 1.0000 Acc: 1.0000 F1: 1.0000
Epoch 59: Time: 0.2003 Cost: 0.0094 Pre: 1.0000 Re: 1.0000 Acc: 1.0000 F1: 1.0000
Epoch 60: Time: 0.1909 Cost: 0.0092 Pre: 1.0000 Re: 1.0000 Acc: 1.0000 F1: 1.0000


--------------------------------------------------------------------
Eval results: Cost:0.0064 Pre:1.0000 Re:1.0000 Acc:1.0000 F1:1.0000
--------------------------------------------------------------------

Epoch 61: Time: 0.1876 Cost: 0.0090 Pre: 1.0000 Re: 1.0000 Acc: 1.0000 F1: 1.0000
Epoch 62: Time: 0.1878 Cost: 0.0088 Pre: 1.0000 Re: 1.0000 Acc: 1.0000 F1: 1.0000
Epoch 63: Time: 0.1886 Cost: 0.0085 Pre: 1.0000 Re: 1.0000 Acc: 1.0000 F1: 1.0000
Epoch 64: Time: 0.1899 Cost: 0.0083 Pre: 1.0000 Re: 1.0000 Acc: 1.0000 F1: 1.0000
Epoch 65: Time: 0.1889 Cost: 0.0082 Pre: 1.0000 Re: 1.0000 Acc: 1.0000 F1: 1.0000
Epoch 66: Time: 0.1883 Cost: 0.0080 Pre: 1.0000 Re: 1.0000 Acc: 1.0000 F1: 1.0000
Epoch 67: Time: 0.1877 Cost: 0.0078 Pre: 1.0000 Re: 1.0000 Acc: 1.0000 F1: 1.0000
Epoch 68: Time: 0.1875 Cost: 0.0076 Pre: 1.0000 Re: 1.0000 Acc: 1.0000 F1: 1.0000
Epoch 69: Time: 0.1898 Cost: 0.0074 Pre: 1.0000 Re: 1.0000 Acc: 1.0000 F1: 1.0000
Epoch 70: Time: 0.1891 Cost: 0.0073 Pre: 1.0000 Re: 1.0000 Acc: 1.0000 F1: 1.0000


--------------------------------------------------------------------
Eval results: Cost:0.0050 Pre:1.0000 Re:1.0000 Acc:1.0000 F1:1.0000
--------------------------------------------------------------------

Epoch 71: Time: 0.1881 Cost: 0.0071 Pre: 1.0000 Re: 1.0000 Acc: 1.0000 F1: 1.0000
Epoch 72: Time: 0.1878 Cost: 0.0069 Pre: 1.0000 Re: 1.0000 Acc: 1.0000 F1: 1.0000
Epoch 73: Time: 0.1903 Cost: 0.0067 Pre: 1.0000 Re: 1.0000 Acc: 1.0000 F1: 1.0000
Epoch 74: Time: 0.1882 Cost: 0.0066 Pre: 1.0000 Re: 1.0000 Acc: 1.0000 F1: 1.0000
Epoch 75: Time: 0.1879 Cost: 0.0064 Pre: 1.0000 Re: 1.0000 Acc: 1.0000 F1: 1.0000
Epoch 76: Time: 0.1975 Cost: 0.0063 Pre: 1.0000 Re: 1.0000 Acc: 1.0000 F1: 1.0000
Epoch 77: Time: 0.1928 Cost: 0.0061 Pre: 1.0000 Re: 1.0000 Acc: 1.0000 F1: 1.0000
Epoch 78: Time: 0.1900 Cost: 0.0060 Pre: 1.0000 Re: 1.0000 Acc: 1.0000 F1: 1.0000
Epoch 79: Time: 0.1891 Cost: 0.0059 Pre: 1.0000 Re: 1.0000 Acc: 1.0000 F1: 1.0000
Epoch 80: Time: 0.1882 Cost: 0.0057 Pre: 1.0000 Re: 1.0000 Acc: 1.0000 F1: 1.0000


--------------------------------------------------------------------
Eval results: Cost:0.0040 Pre:1.0000 Re:1.0000 Acc:1.0000 F1:1.0000
--------------------------------------------------------------------

Epoch 81: Time: 0.1888 Cost: 0.0056 Pre: 1.0000 Re: 1.0000 Acc: 1.0000 F1: 1.0000
Epoch 82: Time: 0.1915 Cost: 0.0055 Pre: 1.0000 Re: 1.0000 Acc: 1.0000 F1: 1.0000
Epoch 83: Time: 0.1889 Cost: 0.0053 Pre: 1.0000 Re: 1.0000 Acc: 1.0000 F1: 1.0000
Epoch 84: Time: 0.1908 Cost: 0.0052 Pre: 1.0000 Re: 1.0000 Acc: 1.0000 F1: 1.0000
Epoch 85: Time: 0.1916 Cost: 0.0051 Pre: 1.0000 Re: 1.0000 Acc: 1.0000 F1: 1.0000
Epoch 86: Time: 0.1892 Cost: 0.0050 Pre: 1.0000 Re: 1.0000 Acc: 1.0000 F1: 1.0000
Epoch 87: Time: 0.1897 Cost: 0.0049 Pre: 1.0000 Re: 1.0000 Acc: 1.0000 F1: 1.0000
Epoch 88: Time: 0.1893 Cost: 0.0048 Pre: 1.0000 Re: 1.0000 Acc: 1.0000 F1: 1.0000
Epoch 89: Time: 0.1877 Cost: 0.0047 Pre: 1.0000 Re: 1.0000 Acc: 1.0000 F1: 1.0000
Epoch 90: Time: 0.1886 Cost: 0.0046 Pre: 1.0000 Re: 1.0000 Acc: 1.0000 F1: 1.0000


--------------------------------------------------------------------
Eval results: Cost:0.0032 Pre:1.0000 Re:1.0000 Acc:1.0000 F1:1.0000
--------------------------------------------------------------------

Epoch 91: Time: 0.1883 Cost: 0.0045 Pre: 1.0000 Re: 1.0000 Acc: 1.0000 F1: 1.0000
Epoch 92: Time: 0.1894 Cost: 0.0044 Pre: 1.0000 Re: 1.0000 Acc: 1.0000 F1: 1.0000
Epoch 93: Time: 0.1880 Cost: 0.0043 Pre: 1.0000 Re: 1.0000 Acc: 1.0000 F1: 1.0000
Epoch 94: Time: 0.1892 Cost: 0.0042 Pre: 1.0000 Re: 1.0000 Acc: 1.0000 F1: 1.0000
Epoch 95: Time: 0.1930 Cost: 0.0041 Pre: 1.0000 Re: 1.0000 Acc: 1.0000 F1: 1.0000
Epoch 96: Time: 0.1929 Cost: 0.0040 Pre: 1.0000 Re: 1.0000 Acc: 1.0000 F1: 1.0000
Epoch 97: Time: 0.1906 Cost: 0.0039 Pre: 1.0000 Re: 1.0000 Acc: 1.0000 F1: 1.0000
Epoch 98: Time: 0.1873 Cost: 0.0038 Pre: 1.0000 Re: 1.0000 Acc: 1.0000 F1: 1.0000
Epoch 99: Time: 0.1882 Cost: 0.0038 Pre: 1.0000 Re: 1.0000 Acc: 1.0000 F1: 1.0000
Epoch 100: Time: 0.1882 Cost: 0.0037 Pre: 1.0000 Re: 1.0000 Acc: 1.0000 F1: 1.0000


--------------------------------------------------------------------
Eval results: Cost:0.0026 Pre:1.0000 Re:1.0000 Acc:1.0000 F1:1.0000
--------------------------------------------------------------------

Epoch 101: Time: 0.1894 Cost: 0.0036 Pre: 1.0000 Re: 1.0000 Acc: 1.0000 F1: 1.0000
Epoch 102: Time: 0.1887 Cost: 0.0035 Pre: 1.0000 Re: 1.0000 Acc: 1.0000 F1: 1.0000
Epoch 103: Time: 0.1885 Cost: 0.0035 Pre: 1.0000 Re: 1.0000 Acc: 1.0000 F1: 1.0000
Epoch 104: Time: 0.1955 Cost: 0.0034 Pre: 1.0000 Re: 1.0000 Acc: 1.0000 F1: 1.0000
Epoch 105: Time: 0.1887 Cost: 0.0033 Pre: 1.0000 Re: 1.0000 Acc: 1.0000 F1: 1.0000
Epoch 106: Time: 0.1903 Cost: 0.0033 Pre: 1.0000 Re: 1.0000 Acc: 1.0000 F1: 1.0000
Epoch 107: Time: 0.1888 Cost: 0.0032 Pre: 1.0000 Re: 1.0000 Acc: 1.0000 F1: 1.0000
Epoch 108: Time: 0.1889 Cost: 0.0031 Pre: 1.0000 Re: 1.0000 Acc: 1.0000 F1: 1.0000
Epoch 109: Time: 0.1890 Cost: 0.0031 Pre: 1.0000 Re: 1.0000 Acc: 1.0000 F1: 1.0000
Epoch 110: Time: 0.1891 Cost: 0.0030 Pre: 1.0000 Re: 1.0000 Acc: 1.0000 F1: 1.0000


--------------------------------------------------------------------
Eval results: Cost:0.0021 Pre:1.0000 Re:1.0000 Acc:1.0000 F1:1.0000
--------------------------------------------------------------------

Epoch 111: Time: 0.1888 Cost: 0.0029 Pre: 1.0000 Re: 1.0000 Acc: 1.0000 F1: 1.0000
Epoch 112: Time: 0.1892 Cost: 0.0029 Pre: 1.0000 Re: 1.0000 Acc: 1.0000 F1: 1.0000
Epoch 113: Time: 0.1893 Cost: 0.0028 Pre: 1.0000 Re: 1.0000 Acc: 1.0000 F1: 1.0000
Epoch 114: Time: 0.1882 Cost: 0.0028 Pre: 1.0000 Re: 1.0000 Acc: 1.0000 F1: 1.0000
Epoch 115: Time: 0.1899 Cost: 0.0027 Pre: 1.0000 Re: 1.0000 Acc: 1.0000 F1: 1.0000
Epoch 116: Time: 0.2062 Cost: 0.0027 Pre: 1.0000 Re: 1.0000 Acc: 1.0000 F1: 1.0000
Epoch 117: Time: 0.1943 Cost: 0.0026 Pre: 1.0000 Re: 1.0000 Acc: 1.0000 F1: 1.0000
Epoch 118: Time: 0.1922 Cost: 0.0026 Pre: 1.0000 Re: 1.0000 Acc: 1.0000 F1: 1.0000
Epoch 119: Time: 0.1889 Cost: 0.0025 Pre: 1.0000 Re: 1.0000 Acc: 1.0000 F1: 1.0000
Epoch 120: Time: 0.1889 Cost: 0.0025 Pre: 1.0000 Re: 1.0000 Acc: 1.0000 F1: 1.0000


--------------------------------------------------------------------
Eval results: Cost:0.0018 Pre:1.0000 Re:1.0000 Acc:1.0000 F1:1.0000
--------------------------------------------------------------------

Early stopping...
--------------------------------------------------------------------
--------------------------------------------------------------------
Test 11898 samples take time: 1.1919
Test results: Cost:0.0009 Pre:1.0000 Re:1.0000 Acc:1.0000 F1:1.0000
--------------------------------------------------------------------

