16768
16562
16206
16632
16380
16425
Load data
RNN type: O2 Grammar: g6 Seed: 5
Model total parameters: 5000
Saving hinit ... 

Epoch 0: Time: 1.1127 Cost: 25.0170 Pre: 0.4663 Re: 0.1627 Acc: 0.5124 F1: 0.2412


--------------------------------------------------------------------
Eval results: Cost:25.0381 Pre:0.4858 Re:0.2435 Acc:0.4971 F1:0.3244
--------------------------------------------------------------------

Epoch 1: Time: 1.0369 Cost: 24.9976 Pre: 0.4611 Re: 0.0784 Acc: 0.5173 F1: 0.1340
Epoch 2: Time: 1.0346 Cost: 24.9892 Pre: 0.4704 Re: 0.0897 Acc: 0.5182 F1: 0.1506
Epoch 3: Time: 1.1353 Cost: 24.9914 Pre: 0.4782 Re: 0.0965 Acc: 0.5194 F1: 0.1606
Epoch 4: Time: 1.2275 Cost: 24.9906 Pre: 0.4869 Re: 0.1004 Acc: 0.5210 F1: 0.1665
Epoch 5: Time: 1.2097 Cost: 24.9892 Pre: 0.4882 Re: 0.1009 Acc: 0.5212 F1: 0.1673
Epoch 6: Time: 1.0347 Cost: 24.9878 Pre: 0.4812 Re: 0.1004 Acc: 0.5198 F1: 0.1662
Epoch 7: Time: 1.0315 Cost: 24.9865 Pre: 0.4816 Re: 0.0960 Acc: 0.5201 F1: 0.1601
Epoch 8: Time: 1.0360 Cost: 24.9852 Pre: 0.4799 Re: 0.0936 Acc: 0.5198 F1: 0.1566
Epoch 9: Time: 1.0444 Cost: 24.9839 Pre: 0.4815 Re: 0.0955 Acc: 0.5201 F1: 0.1594
Epoch 10: Time: 1.0343 Cost: 24.9827 Pre: 0.4839 Re: 0.0955 Acc: 0.5205 F1: 0.1596


--------------------------------------------------------------------
Eval results: Cost:25.0462 Pre:0.4865 Re:0.2435 Acc:0.4974 F1:0.3246
--------------------------------------------------------------------

Epoch 11: Time: 1.0318 Cost: 24.9744 Pre: 0.4581 Re: 0.0804 Acc: 0.5166 F1: 0.1367
Epoch 12: Time: 1.0325 Cost: 24.9767 Pre: 0.4784 Re: 0.0921 Acc: 0.5196 F1: 0.1545
Epoch 13: Time: 1.0316 Cost: 24.9792 Pre: 0.4814 Re: 0.0951 Acc: 0.5201 F1: 0.1588
Epoch 14: Time: 1.0306 Cost: 24.9785 Pre: 0.4843 Re: 0.0980 Acc: 0.5205 F1: 0.1630
Epoch 15: Time: 1.0339 Cost: 24.9775 Pre: 0.4905 Re: 0.1014 Acc: 0.5217 F1: 0.1681
Epoch 16: Time: 1.0300 Cost: 24.9766 Pre: 0.4928 Re: 0.1004 Acc: 0.5222 F1: 0.1669
Epoch 17: Time: 1.0415 Cost: 24.9756 Pre: 0.4929 Re: 0.1014 Acc: 0.5222 F1: 0.1682
Epoch 18: Time: 1.0318 Cost: 24.9748 Pre: 0.4904 Re: 0.1000 Acc: 0.5217 F1: 0.1661
Epoch 19: Time: 1.0366 Cost: 24.9739 Pre: 0.4881 Re: 0.1004 Acc: 0.5212 F1: 0.1666
Epoch 20: Time: 1.0370 Cost: 24.9731 Pre: 0.4879 Re: 0.0985 Acc: 0.5212 F1: 0.1639


--------------------------------------------------------------------
Eval results: Cost:25.0523 Pre:0.4865 Re:0.2435 Acc:0.4974 F1:0.3246
--------------------------------------------------------------------

Epoch 21: Time: 1.0386 Cost: 24.9655 Pre: 0.4779 Re: 0.0794 Acc: 0.5201 F1: 0.1361
Epoch 22: Time: 1.0326 Cost: 24.9680 Pre: 0.4961 Re: 0.0941 Acc: 0.5229 F1: 0.1582
Epoch 23: Time: 1.0335 Cost: 24.9707 Pre: 0.4838 Re: 0.0951 Acc: 0.5205 F1: 0.1589
Epoch 24: Time: 1.0366 Cost: 24.9703 Pre: 0.4768 Re: 0.0906 Acc: 0.5194 F1: 0.1523
Epoch 25: Time: 1.0320 Cost: 24.9697 Pre: 0.4778 Re: 0.0897 Acc: 0.5196 F1: 0.1510
Epoch 26: Time: 1.0414 Cost: 24.9691 Pre: 0.4850 Re: 0.0872 Acc: 0.5210 F1: 0.1478
Epoch 27: Time: 1.0409 Cost: 24.9684 Pre: 0.4809 Re: 0.0862 Acc: 0.5203 F1: 0.1462
Epoch 28: Time: 1.0373 Cost: 24.9679 Pre: 0.4756 Re: 0.0813 Acc: 0.5196 F1: 0.1389
Epoch 29: Time: 1.0310 Cost: 24.9673 Pre: 0.4783 Re: 0.0808 Acc: 0.5201 F1: 0.1383
Epoch 30: Time: 1.2155 Cost: 24.9667 Pre: 0.4771 Re: 0.0818 Acc: 0.5198 F1: 0.1397


--------------------------------------------------------------------
Eval results: Cost:25.0577 Pre:0.4885 Re:0.1776 Acc:0.5000 F1:0.2605
--------------------------------------------------------------------

Epoch 31: Time: 1.0322 Cost: 24.9597 Pre: 0.4942 Re: 0.0833 Acc: 0.5226 F1: 0.1426
Epoch 32: Time: 1.0315 Cost: 24.9622 Pre: 0.4890 Re: 0.0759 Acc: 0.5219 F1: 0.1315
Epoch 33: Time: 1.0296 Cost: 24.9650 Pre: 0.4837 Re: 0.0799 Acc: 0.5210 F1: 0.1371
Epoch 34: Time: 1.0438 Cost: 24.9647 Pre: 0.4849 Re: 0.0789 Acc: 0.5212 F1: 0.1357
Epoch 35: Time: 1.0340 Cost: 24.9642 Pre: 0.4909 Re: 0.0794 Acc: 0.5222 F1: 0.1367
Epoch 36: Time: 1.0327 Cost: 24.9637 Pre: 0.4909 Re: 0.0794 Acc: 0.5222 F1: 0.1367
Epoch 37: Time: 1.0284 Cost: 24.9631 Pre: 0.4895 Re: 0.0799 Acc: 0.5219 F1: 0.1373
Epoch 38: Time: 1.0309 Cost: 24.9626 Pre: 0.4895 Re: 0.0799 Acc: 0.5219 F1: 0.1373
Epoch 39: Time: 1.0318 Cost: 24.9621 Pre: 0.4895 Re: 0.0799 Acc: 0.5219 F1: 0.1373
Epoch 40: Time: 1.0316 Cost: 24.9616 Pre: 0.4895 Re: 0.0799 Acc: 0.5219 F1: 0.1373


--------------------------------------------------------------------
Eval results: Cost:25.0600 Pre:0.4683 Re:0.1143 Acc:0.4965 F1:0.1838
--------------------------------------------------------------------

Epoch 41: Time: 1.0329 Cost: 24.9549 Pre: 0.5013 Re: 0.0916 Acc: 0.5238 F1: 0.1549
Epoch 42: Time: 1.0404 Cost: 24.9574 Pre: 0.4895 Re: 0.0799 Acc: 0.5219 F1: 0.1373
Epoch 43: Time: 1.0377 Cost: 24.9600 Pre: 0.4896 Re: 0.0808 Acc: 0.5219 F1: 0.1388
Epoch 44: Time: 1.0289 Cost: 24.9597 Pre: 0.4896 Re: 0.0808 Acc: 0.5219 F1: 0.1388
Epoch 45: Time: 1.0301 Cost: 24.9592 Pre: 0.4896 Re: 0.0808 Acc: 0.5219 F1: 0.1388
Epoch 46: Time: 1.0296 Cost: 24.9587 Pre: 0.4896 Re: 0.0808 Acc: 0.5219 F1: 0.1388
Epoch 47: Time: 1.0321 Cost: 24.9582 Pre: 0.4896 Re: 0.0808 Acc: 0.5219 F1: 0.1388
Epoch 48: Time: 1.0311 Cost: 24.9577 Pre: 0.4897 Re: 0.0813 Acc: 0.5219 F1: 0.1395
Epoch 49: Time: 1.0308 Cost: 24.9572 Pre: 0.4897 Re: 0.0813 Acc: 0.5219 F1: 0.1395
Epoch 50: Time: 1.0713 Cost: 24.9567 Pre: 0.4912 Re: 0.0818 Acc: 0.5222 F1: 0.1403


--------------------------------------------------------------------
Eval results: Cost:25.0599 Pre:0.4683 Re:0.1143 Acc:0.4965 F1:0.1838
--------------------------------------------------------------------

Epoch 51: Time: 1.0725 Cost: 24.9502 Pre: 0.4976 Re: 0.1014 Acc: 0.5231 F1: 0.1685
Epoch 52: Time: 1.0355 Cost: 24.9526 Pre: 0.4884 Re: 0.0828 Acc: 0.5217 F1: 0.1416
Epoch 53: Time: 1.0299 Cost: 24.9550 Pre: 0.4912 Re: 0.0823 Acc: 0.5222 F1: 0.1410
Epoch 54: Time: 1.0396 Cost: 24.9547 Pre: 0.4971 Re: 0.0843 Acc: 0.5231 F1: 0.1441
Epoch 55: Time: 1.0287 Cost: 24.9542 Pre: 0.4986 Re: 0.0853 Acc: 0.5233 F1: 0.1456
Epoch 56: Time: 1.0409 Cost: 24.9537 Pre: 0.5000 Re: 0.0857 Acc: 0.5236 F1: 0.1464
Epoch 57: Time: 1.0336 Cost: 24.9531 Pre: 0.5000 Re: 0.0857 Acc: 0.5236 F1: 0.1464
Epoch 58: Time: 1.0338 Cost: 24.9526 Pre: 0.4972 Re: 0.0857 Acc: 0.5231 F1: 0.1463
Epoch 59: Time: 1.1285 Cost: 24.9521 Pre: 0.4972 Re: 0.0862 Acc: 0.5231 F1: 0.1470
Epoch 60: Time: 1.0940 Cost: 24.9515 Pre: 0.5028 Re: 0.0887 Acc: 0.5240 F1: 0.1508


--------------------------------------------------------------------
Eval results: Cost:25.0586 Pre:0.4683 Re:0.1143 Acc:0.4965 F1:0.1838
--------------------------------------------------------------------

Epoch 61: Time: 1.0329 Cost: 24.9452 Pre: 0.5137 Re: 0.1191 Acc: 0.5266 F1: 0.1933
Epoch 62: Time: 1.0308 Cost: 24.9475 Pre: 0.4972 Re: 0.0872 Acc: 0.5231 F1: 0.1484
Epoch 63: Time: 1.0333 Cost: 24.9498 Pre: 0.5055 Re: 0.0902 Acc: 0.5245 F1: 0.1530
Epoch 64: Time: 1.0336 Cost: 24.9494 Pre: 0.5055 Re: 0.0906 Acc: 0.5245 F1: 0.1537
Epoch 65: Time: 1.0320 Cost: 24.9489 Pre: 0.5014 Re: 0.0906 Acc: 0.5238 F1: 0.1535
Epoch 66: Time: 1.0338 Cost: 24.9483 Pre: 0.5013 Re: 0.0911 Acc: 0.5238 F1: 0.1542
Epoch 67: Time: 1.0321 Cost: 24.9478 Pre: 0.5027 Re: 0.0916 Acc: 0.5240 F1: 0.1550
Epoch 68: Time: 1.0414 Cost: 24.9472 Pre: 0.5040 Re: 0.0921 Acc: 0.5243 F1: 0.1558
Epoch 69: Time: 1.0329 Cost: 24.9467 Pre: 0.5026 Re: 0.0931 Acc: 0.5240 F1: 0.1571
Epoch 70: Time: 1.0349 Cost: 24.9461 Pre: 0.5000 Re: 0.0936 Acc: 0.5236 F1: 0.1577


--------------------------------------------------------------------
Eval results: Cost:25.0564 Pre:0.4953 Re:0.1705 Acc:0.5026 F1:0.2537
--------------------------------------------------------------------

Epoch 71: Time: 1.0317 Cost: 24.9400 Pre: 0.5071 Re: 0.1220 Acc: 0.5252 F1: 0.1967
Epoch 72: Time: 1.0328 Cost: 24.9422 Pre: 0.4961 Re: 0.0936 Acc: 0.5229 F1: 0.1575
Epoch 73: Time: 1.0322 Cost: 24.9443 Pre: 0.4949 Re: 0.0951 Acc: 0.5226 F1: 0.1595
Epoch 74: Time: 1.0338 Cost: 24.9439 Pre: 0.4987 Re: 0.0965 Acc: 0.5233 F1: 0.1617
Epoch 75: Time: 1.0343 Cost: 24.9433 Pre: 0.4987 Re: 0.0965 Acc: 0.5233 F1: 0.1617
Epoch 76: Time: 1.0319 Cost: 24.9427 Pre: 0.4988 Re: 0.1014 Acc: 0.5233 F1: 0.1686
Epoch 77: Time: 1.0363 Cost: 24.9421 Pre: 0.4988 Re: 0.1024 Acc: 0.5233 F1: 0.1699
Epoch 78: Time: 1.0343 Cost: 24.9415 Pre: 0.4953 Re: 0.1034 Acc: 0.5226 F1: 0.1711
Epoch 79: Time: 1.0293 Cost: 24.9409 Pre: 0.4919 Re: 0.1039 Acc: 0.5219 F1: 0.1715
Epoch 80: Time: 1.0292 Cost: 24.9403 Pre: 0.4919 Re: 0.1039 Acc: 0.5219 F1: 0.1715


--------------------------------------------------------------------
Eval results: Cost:25.0535 Pre:0.4974 Re:0.1867 Acc:0.5032 F1:0.2715
--------------------------------------------------------------------

Epoch 81: Time: 1.0402 Cost: 24.9343 Pre: 0.4990 Re: 0.1244 Acc: 0.5233 F1: 0.1992
Epoch 82: Time: 1.0296 Cost: 24.9365 Pre: 0.4988 Re: 0.1039 Acc: 0.5233 F1: 0.1719
Epoch 83: Time: 1.0304 Cost: 24.9384 Pre: 0.4944 Re: 0.1088 Acc: 0.5224 F1: 0.1783
Epoch 84: Time: 1.0311 Cost: 24.9379 Pre: 0.4989 Re: 0.1107 Acc: 0.5233 F1: 0.1812
Epoch 85: Time: 1.0395 Cost: 24.9373 Pre: 0.4978 Re: 0.1107 Acc: 0.5231 F1: 0.1812
Epoch 86: Time: 1.0352 Cost: 24.9367 Pre: 0.4967 Re: 0.1112 Acc: 0.5229 F1: 0.1817
Epoch 87: Time: 1.0384 Cost: 24.9361 Pre: 0.4935 Re: 0.1117 Acc: 0.5222 F1: 0.1822
Epoch 88: Time: 1.0329 Cost: 24.9354 Pre: 0.4925 Re: 0.1127 Acc: 0.5219 F1: 0.1834
Epoch 89: Time: 1.0341 Cost: 24.9348 Pre: 0.4916 Re: 0.1146 Acc: 0.5217 F1: 0.1859
Epoch 90: Time: 1.0335 Cost: 24.9342 Pre: 0.4927 Re: 0.1161 Acc: 0.5219 F1: 0.1879


--------------------------------------------------------------------
Eval results: Cost:25.0501 Pre:0.4974 Re:0.1867 Acc:0.5032 F1:0.2715
--------------------------------------------------------------------

Epoch 91: Time: 1.0345 Cost: 24.9282 Pre: 0.5009 Re: 0.1347 Acc: 0.5238 F1: 0.2124
Epoch 92: Time: 1.0312 Cost: 24.9304 Pre: 0.4906 Re: 0.1156 Acc: 0.5215 F1: 0.1872
Epoch 93: Time: 1.0411 Cost: 24.9322 Pre: 0.4980 Re: 0.1220 Acc: 0.5231 F1: 0.1960
Epoch 94: Time: 1.0312 Cost: 24.9316 Pre: 0.5030 Re: 0.1249 Acc: 0.5243 F1: 0.2002
Epoch 95: Time: 1.0355 Cost: 24.9310 Pre: 0.5019 Re: 0.1269 Acc: 0.5240 F1: 0.2026
Epoch 96: Time: 1.0316 Cost: 24.9304 Pre: 0.5048 Re: 0.1298 Acc: 0.5247 F1: 0.2065
Epoch 97: Time: 1.0308 Cost: 24.9297 Pre: 0.5028 Re: 0.1308 Acc: 0.5243 F1: 0.2076
Epoch 98: Time: 1.0285 Cost: 24.9290 Pre: 0.5000 Re: 0.1318 Acc: 0.5236 F1: 0.2086
Epoch 99: Time: 1.0311 Cost: 24.9284 Pre: 0.4972 Re: 0.1328 Acc: 0.5229 F1: 0.2096
Epoch 100: Time: 1.0305 Cost: 24.9277 Pre: 0.4991 Re: 0.1347 Acc: 0.5233 F1: 0.2122


--------------------------------------------------------------------
Eval results: Cost:25.0464 Pre:0.4974 Re:0.1867 Acc:0.5032 F1:0.2715
--------------------------------------------------------------------

Epoch 101: Time: 1.0317 Cost: 24.9218 Pre: 0.4903 Re: 0.1489 Acc: 0.5208 F1: 0.2285
Epoch 102: Time: 1.0396 Cost: 24.9240 Pre: 0.4991 Re: 0.1347 Acc: 0.5233 F1: 0.2122
Epoch 103: Time: 1.0368 Cost: 24.9256 Pre: 0.5035 Re: 0.1401 Acc: 0.5245 F1: 0.2192
Epoch 104: Time: 1.0349 Cost: 24.9251 Pre: 0.5026 Re: 0.1411 Acc: 0.5243 F1: 0.2204
Epoch 105: Time: 1.0319 Cost: 24.9244 Pre: 0.5000 Re: 0.1416 Acc: 0.5236 F1: 0.2207
Epoch 106: Time: 1.0336 Cost: 24.9238 Pre: 0.4974 Re: 0.1411 Acc: 0.5229 F1: 0.2198
Epoch 107: Time: 1.1518 Cost: 24.9231 Pre: 0.4966 Re: 0.1436 Acc: 0.5226 F1: 0.2227
Epoch 108: Time: 1.0446 Cost: 24.9224 Pre: 0.4992 Re: 0.1470 Acc: 0.5233 F1: 0.2271
Epoch 109: Time: 1.0356 Cost: 24.9218 Pre: 0.5025 Re: 0.1504 Acc: 0.5243 F1: 0.2315
Epoch 110: Time: 1.0335 Cost: 24.9211 Pre: 0.5032 Re: 0.1524 Acc: 0.5245 F1: 0.2339


--------------------------------------------------------------------
Eval results: Cost:25.0425 Pre:0.5080 Re:0.2248 Acc:0.5077 F1:0.3117
--------------------------------------------------------------------

Epoch 111: Time: 1.0369 Cost: 24.9153 Pre: 0.4993 Re: 0.1690 Acc: 0.5233 F1: 0.2526
Epoch 112: Time: 2.2285 Cost: 24.9175 Pre: 0.5081 Re: 0.1543 Acc: 0.5259 F1: 0.2368
Epoch 113: Time: 1.4015 Cost: 24.9190 Pre: 0.5000 Re: 0.1627 Acc: 0.5236 F1: 0.2455
Epoch 114: Time: 1.8403 Cost: 24.9184 Pre: 0.5000 Re: 0.1685 Acc: 0.5236 F1: 0.2521
Epoch 115: Time: 1.3354 Cost: 24.9178 Pre: 0.5000 Re: 0.1715 Acc: 0.5236 F1: 0.2554
Epoch 116: Time: 1.0751 Cost: 24.9171 Pre: 0.5007 Re: 0.1739 Acc: 0.5238 F1: 0.2582
Epoch 117: Time: 1.0510 Cost: 24.9165 Pre: 0.4986 Re: 0.1744 Acc: 0.5231 F1: 0.2584
Epoch 118: Time: 1.0347 Cost: 24.9158 Pre: 0.4972 Re: 0.1769 Acc: 0.5226 F1: 0.2609
Epoch 119: Time: 1.0332 Cost: 24.9151 Pre: 0.4960 Re: 0.1803 Acc: 0.5222 F1: 0.2645
Epoch 120: Time: 1.0375 Cost: 24.9145 Pre: 0.5020 Re: 0.1867 Acc: 0.5243 F1: 0.2721


--------------------------------------------------------------------
Eval results: Cost:25.0386 Pre:0.5018 Re:0.2674 Acc:0.5051 F1:0.3489
--------------------------------------------------------------------

Epoch 121: Time: 1.0329 Cost: 24.9087 Pre: 0.4953 Re: 0.2048 Acc: 0.5217 F1: 0.2898
Epoch 122: Time: 1.0311 Cost: 24.9110 Pre: 0.5065 Re: 0.1896 Acc: 0.5259 F1: 0.2759
Epoch 123: Time: 1.0314 Cost: 24.9124 Pre: 0.5038 Re: 0.1960 Acc: 0.5250 F1: 0.2822
Epoch 124: Time: 1.0320 Cost: 24.9119 Pre: 0.5019 Re: 0.1979 Acc: 0.5243 F1: 0.2839
Epoch 125: Time: 1.0444 Cost: 24.9113 Pre: 0.5019 Re: 0.1989 Acc: 0.5243 F1: 0.2849
Epoch 126: Time: 1.0326 Cost: 24.9106 Pre: 0.5036 Re: 0.2028 Acc: 0.5250 F1: 0.2892
Epoch 127: Time: 1.0347 Cost: 24.9100 Pre: 0.5006 Re: 0.2033 Acc: 0.5238 F1: 0.2892
Epoch 128: Time: 1.0314 Cost: 24.9093 Pre: 0.5018 Re: 0.2043 Acc: 0.5243 F1: 0.2904
Epoch 129: Time: 1.1557 Cost: 24.9087 Pre: 0.5018 Re: 0.2053 Acc: 0.5243 F1: 0.2914
Epoch 130: Time: 1.0327 Cost: 24.9081 Pre: 0.5035 Re: 0.2087 Acc: 0.5250 F1: 0.2951


--------------------------------------------------------------------
Eval results: Cost:25.0348 Pre:0.5017 Re:0.2933 Acc:0.5051 F1:0.3702
--------------------------------------------------------------------

Epoch 131: Time: 1.0311 Cost: 24.9024 Pre: 0.4984 Re: 0.2293 Acc: 0.5229 F1: 0.3141
Epoch 132: Time: 1.0321 Cost: 24.9047 Pre: 0.4971 Re: 0.2068 Acc: 0.5224 F1: 0.2920
Epoch 133: Time: 1.0312 Cost: 24.9061 Pre: 0.4965 Re: 0.2097 Acc: 0.5222 F1: 0.2949
Epoch 134: Time: 1.0415 Cost: 24.9056 Pre: 0.4983 Re: 0.2122 Acc: 0.5229 F1: 0.2976
Epoch 135: Time: 1.0361 Cost: 24.9050 Pre: 0.4960 Re: 0.2131 Acc: 0.5219 F1: 0.2981
Epoch 136: Time: 1.0358 Cost: 24.9044 Pre: 0.4972 Re: 0.2161 Acc: 0.5224 F1: 0.3012
Epoch 137: Time: 1.0370 Cost: 24.9037 Pre: 0.4978 Re: 0.2185 Acc: 0.5226 F1: 0.3037
Epoch 138: Time: 1.0317 Cost: 24.9031 Pre: 0.4967 Re: 0.2200 Acc: 0.5222 F1: 0.3049
Epoch 139: Time: 1.0316 Cost: 24.9025 Pre: 0.4978 Re: 0.2224 Acc: 0.5226 F1: 0.3075
Epoch 140: Time: 1.0318 Cost: 24.9019 Pre: 0.4962 Re: 0.2234 Acc: 0.5219 F1: 0.3081


--------------------------------------------------------------------
Eval results: Cost:25.0314 Pre:0.5005 Re:0.2991 Acc:0.5045 F1:0.3744
--------------------------------------------------------------------

Epoch 141: Time: 1.0322 Cost: 24.8962 Pre: 0.4941 Re: 0.2469 Acc: 0.5208 F1: 0.3293
Epoch 142: Time: 1.0479 Cost: 24.8987 Pre: 0.4951 Re: 0.2229 Acc: 0.5215 F1: 0.3074
Epoch 143: Time: 1.0381 Cost: 24.9000 Pre: 0.4968 Re: 0.2268 Acc: 0.5222 F1: 0.3115
Epoch 144: Time: 1.0329 Cost: 24.8995 Pre: 0.4957 Re: 0.2283 Acc: 0.5217 F1: 0.3126
Epoch 145: Time: 1.0331 Cost: 24.8989 Pre: 0.4968 Re: 0.2308 Acc: 0.5222 F1: 0.3152
Epoch 146: Time: 1.0349 Cost: 24.8983 Pre: 0.4932 Re: 0.2303 Acc: 0.5205 F1: 0.3140
Epoch 147: Time: 1.0338 Cost: 24.8977 Pre: 0.4922 Re: 0.2313 Acc: 0.5201 F1: 0.3147
Epoch 148: Time: 1.0304 Cost: 24.8971 Pre: 0.4922 Re: 0.2317 Acc: 0.5201 F1: 0.3151
Epoch 149: Time: 1.0323 Cost: 24.8965 Pre: 0.4938 Re: 0.2332 Acc: 0.5208 F1: 0.3168
Epoch 150: Time: 1.0316 Cost: 24.8959 Pre: 0.4912 Re: 0.2327 Acc: 0.5196 F1: 0.3158


--------------------------------------------------------------------
Eval results: Cost:25.0282 Pre:0.4990 Re:0.3140 Acc:0.5035 F1:0.3854
--------------------------------------------------------------------

Epoch 151: Time: 1.0421 Cost: 24.8903 Pre: 0.4991 Re: 0.2592 Acc: 0.5231 F1: 0.3412
Epoch 152: Time: 1.0395 Cost: 24.8928 Pre: 0.4932 Re: 0.2322 Acc: 0.5205 F1: 0.3158
Epoch 153: Time: 1.0433 Cost: 24.8940 Pre: 0.4928 Re: 0.2347 Acc: 0.5203 F1: 0.3180
Epoch 154: Time: 1.0356 Cost: 24.8936 Pre: 0.4928 Re: 0.2352 Acc: 0.5203 F1: 0.3184
Epoch 155: Time: 1.0312 Cost: 24.8930 Pre: 0.4928 Re: 0.2357 Acc: 0.5203 F1: 0.3189
Epoch 156: Time: 1.0372 Cost: 24.8924 Pre: 0.4933 Re: 0.2362 Acc: 0.5205 F1: 0.3194
Epoch 157: Time: 1.0299 Cost: 24.8918 Pre: 0.4934 Re: 0.2366 Acc: 0.5205 F1: 0.3199
Epoch 158: Time: 1.0311 Cost: 24.8912 Pre: 0.4928 Re: 0.2362 Acc: 0.5203 F1: 0.3193
Epoch 159: Time: 1.0957 Cost: 24.8907 Pre: 0.4918 Re: 0.2362 Acc: 0.5198 F1: 0.3191
Epoch 160: Time: 1.2989 Cost: 24.8901 Pre: 0.4939 Re: 0.2371 Acc: 0.5208 F1: 0.3204


--------------------------------------------------------------------
Eval results: Cost:25.0254 Pre:0.4995 Re:0.3140 Acc:0.5038 F1:0.3856
--------------------------------------------------------------------

Epoch 161: Time: 1.1504 Cost: 24.8845 Pre: 0.4995 Re: 0.2665 Acc: 0.5233 F1: 0.3476
Epoch 162: Time: 1.1147 Cost: 24.8870 Pre: 0.4954 Re: 0.2357 Acc: 0.5215 F1: 0.3194
Epoch 163: Time: 1.1654 Cost: 24.8882 Pre: 0.4954 Re: 0.2386 Acc: 0.5215 F1: 0.3221
Epoch 164: Time: 1.1121 Cost: 24.8878 Pre: 0.4964 Re: 0.2391 Acc: 0.5219 F1: 0.3228
Epoch 165: Time: 1.1417 Cost: 24.8872 Pre: 0.4959 Re: 0.2386 Acc: 0.5217 F1: 0.3222
Epoch 166: Time: 1.0345 Cost: 24.8866 Pre: 0.4970 Re: 0.2396 Acc: 0.5222 F1: 0.3233
Epoch 167: Time: 1.0442 Cost: 24.8860 Pre: 0.4975 Re: 0.2411 Acc: 0.5224 F1: 0.3248
Epoch 168: Time: 1.0309 Cost: 24.8854 Pre: 0.4970 Re: 0.2406 Acc: 0.5222 F1: 0.3242
Epoch 169: Time: 1.0337 Cost: 24.8848 Pre: 0.4965 Re: 0.2415 Acc: 0.5219 F1: 0.3250
Epoch 170: Time: 1.0331 Cost: 24.8842 Pre: 0.4965 Re: 0.2415 Acc: 0.5219 F1: 0.3250


--------------------------------------------------------------------
Eval results: Cost:25.0230 Pre:0.4978 Re:0.2984 Acc:0.5029 F1:0.3732
--------------------------------------------------------------------

Epoch 171: Time: 1.0325 Cost: 24.8787 Pre: 0.5009 Re: 0.2709 Acc: 0.5240 F1: 0.3517
Epoch 172: Time: 1.0330 Cost: 24.8812 Pre: 0.4944 Re: 0.2391 Acc: 0.5210 F1: 0.3223
Epoch 173: Time: 1.0365 Cost: 24.8824 Pre: 0.4970 Re: 0.2420 Acc: 0.5222 F1: 0.3255
Epoch 174: Time: 1.0317 Cost: 24.8819 Pre: 0.4965 Re: 0.2420 Acc: 0.5219 F1: 0.3254
Epoch 175: Time: 1.0341 Cost: 24.8813 Pre: 0.4970 Re: 0.2425 Acc: 0.5222 F1: 0.3260
Epoch 176: Time: 1.0450 Cost: 24.8807 Pre: 0.4965 Re: 0.2425 Acc: 0.5219 F1: 0.3259
Epoch 177: Time: 1.0361 Cost: 24.8801 Pre: 0.4955 Re: 0.2420 Acc: 0.5215 F1: 0.3252
Epoch 178: Time: 1.0348 Cost: 24.8795 Pre: 0.4940 Re: 0.2425 Acc: 0.5208 F1: 0.3253
Epoch 179: Time: 1.1170 Cost: 24.8789 Pre: 0.4945 Re: 0.2435 Acc: 0.5210 F1: 0.3263
Epoch 180: Time: 1.0691 Cost: 24.8783 Pre: 0.4950 Re: 0.2440 Acc: 0.5212 F1: 0.3269


--------------------------------------------------------------------
Eval results: Cost:25.0211 Pre:0.4989 Re:0.2991 Acc:0.5035 F1:0.3740
--------------------------------------------------------------------

Epoch 181: Time: 1.0346 Cost: 24.8728 Pre: 0.5005 Re: 0.2709 Acc: 0.5238 F1: 0.3516
Epoch 182: Time: 1.0349 Cost: 24.8753 Pre: 0.4954 Re: 0.2401 Acc: 0.5215 F1: 0.3234
Epoch 183: Time: 1.0318 Cost: 24.8763 Pre: 0.4970 Re: 0.2450 Acc: 0.5222 F1: 0.3282
Epoch 184: Time: 1.0387 Cost: 24.8758 Pre: 0.4975 Re: 0.2450 Acc: 0.5224 F1: 0.3283
Epoch 185: Time: 1.0360 Cost: 24.8752 Pre: 0.4970 Re: 0.2445 Acc: 0.5222 F1: 0.3278
Epoch 186: Time: 1.0344 Cost: 24.8746 Pre: 0.4970 Re: 0.2445 Acc: 0.5222 F1: 0.3278
Epoch 187: Time: 1.0306 Cost: 24.8739 Pre: 0.4970 Re: 0.2450 Acc: 0.5222 F1: 0.3282
Epoch 188: Time: 1.0322 Cost: 24.8733 Pre: 0.4970 Re: 0.2450 Acc: 0.5222 F1: 0.3282
Epoch 189: Time: 1.0315 Cost: 24.8726 Pre: 0.4970 Re: 0.2450 Acc: 0.5222 F1: 0.3282
Epoch 190: Time: 1.0350 Cost: 24.8720 Pre: 0.4975 Re: 0.2460 Acc: 0.5224 F1: 0.3292


--------------------------------------------------------------------
Eval results: Cost:25.0198 Pre:0.4984 Re:0.3062 Acc:0.5032 F1:0.3794
--------------------------------------------------------------------

Epoch 191: Time: 1.0334 Cost: 24.8664 Pre: 0.4977 Re: 0.2656 Acc: 0.5224 F1: 0.3463
Epoch 192: Time: 1.0447 Cost: 24.8689 Pre: 0.4970 Re: 0.2425 Acc: 0.5222 F1: 0.3260
Epoch 193: Time: 1.0427 Cost: 24.8698 Pre: 0.4975 Re: 0.2469 Acc: 0.5224 F1: 0.3301
Epoch 194: Time: 1.0382 Cost: 24.8693 Pre: 0.4980 Re: 0.2479 Acc: 0.5226 F1: 0.3310
Epoch 195: Time: 1.0330 Cost: 24.8686 Pre: 0.4990 Re: 0.2499 Acc: 0.5231 F1: 0.3330
Epoch 196: Time: 1.0331 Cost: 24.8678 Pre: 0.4990 Re: 0.2504 Acc: 0.5231 F1: 0.3334
Epoch 197: Time: 1.0319 Cost: 24.8671 Pre: 0.5000 Re: 0.2518 Acc: 0.5236 F1: 0.3350
Epoch 198: Time: 1.0328 Cost: 24.8664 Pre: 0.5015 Re: 0.2528 Acc: 0.5243 F1: 0.3362
Epoch 199: Time: 1.0328 Cost: 24.8656 Pre: 0.5015 Re: 0.2533 Acc: 0.5243 F1: 0.3366
Epoch 200: Time: 1.0327 Cost: 24.8648 Pre: 0.5019 Re: 0.2538 Acc: 0.5245 F1: 0.3371


--------------------------------------------------------------------
Eval results: Cost:25.0190 Pre:0.4980 Re:0.3211 Acc:0.5029 F1:0.3904
--------------------------------------------------------------------

Epoch 201: Time: 1.0448 Cost: 24.8592 Pre: 0.5050 Re: 0.2705 Acc: 0.5261 F1: 0.3523
Epoch 202: Time: 1.0334 Cost: 24.8616 Pre: 0.5015 Re: 0.2499 Acc: 0.5243 F1: 0.3336
Epoch 203: Time: 1.0305 Cost: 24.8623 Pre: 0.5019 Re: 0.2533 Acc: 0.5245 F1: 0.3367
Epoch 204: Time: 1.0323 Cost: 24.8616 Pre: 0.5029 Re: 0.2538 Acc: 0.5250 F1: 0.3373
Epoch 205: Time: 1.0316 Cost: 24.8607 Pre: 0.5024 Re: 0.2543 Acc: 0.5247 F1: 0.3377
Epoch 206: Time: 1.0375 Cost: 24.8598 Pre: 0.5043 Re: 0.2562 Acc: 0.5257 F1: 0.3398
Epoch 207: Time: 1.0294 Cost: 24.8589 Pre: 0.5034 Re: 0.2562 Acc: 0.5252 F1: 0.3396
Epoch 208: Time: 1.0297 Cost: 24.8580 Pre: 0.5039 Re: 0.2558 Acc: 0.5254 F1: 0.3393
Epoch 209: Time: 1.0309 Cost: 24.8570 Pre: 0.5063 Re: 0.2553 Acc: 0.5266 F1: 0.3394
Epoch 210: Time: 1.1892 Cost: 24.8560 Pre: 0.5073 Re: 0.2558 Acc: 0.5271 F1: 0.3401


--------------------------------------------------------------------
Eval results: Cost:25.0184 Pre:0.4952 Re:0.3314 Acc:0.5010 F1:0.3971
--------------------------------------------------------------------

Epoch 211: Time: 1.0349 Cost: 24.8502 Pre: 0.5073 Re: 0.2714 Acc: 0.5273 F1: 0.3537
Epoch 212: Time: 1.0320 Cost: 24.8523 Pre: 0.5054 Re: 0.2513 Acc: 0.5261 F1: 0.3357
Epoch 213: Time: 1.0313 Cost: 24.8527 Pre: 0.5058 Re: 0.2553 Acc: 0.5264 F1: 0.3393
Epoch 214: Time: 1.0317 Cost: 24.8517 Pre: 0.5078 Re: 0.2567 Acc: 0.5273 F1: 0.3410
Epoch 215: Time: 1.0311 Cost: 24.8505 Pre: 0.5078 Re: 0.2567 Acc: 0.5273 F1: 0.3410
Epoch 216: Time: 1.0311 Cost: 24.8493 Pre: 0.5087 Re: 0.2567 Acc: 0.5278 F1: 0.3413
Epoch 217: Time: 1.0340 Cost: 24.8479 Pre: 0.5083 Re: 0.2562 Acc: 0.5275 F1: 0.3407
Epoch 218: Time: 1.0500 Cost: 24.8465 Pre: 0.5087 Re: 0.2567 Acc: 0.5278 F1: 0.3413
Epoch 219: Time: 1.0443 Cost: 24.8451 Pre: 0.5078 Re: 0.2548 Acc: 0.5273 F1: 0.3393
Epoch 220: Time: 1.0441 Cost: 24.8435 Pre: 0.5088 Re: 0.2553 Acc: 0.5278 F1: 0.3400


--------------------------------------------------------------------
Eval results: Cost:25.0173 Pre:0.4954 Re:0.3152 Acc:0.5013 F1:0.3853
--------------------------------------------------------------------

Epoch 221: Time: 1.0322 Cost: 24.8373 Pre: 0.5160 Re: 0.2763 Acc: 0.5317 F1: 0.3599
Epoch 222: Time: 1.0319 Cost: 24.8387 Pre: 0.5109 Re: 0.2533 Acc: 0.5287 F1: 0.3387
Epoch 223: Time: 1.0329 Cost: 24.8383 Pre: 0.5107 Re: 0.2577 Acc: 0.5287 F1: 0.3426
Epoch 224: Time: 1.0314 Cost: 24.8365 Pre: 0.5092 Re: 0.2572 Acc: 0.5280 F1: 0.3418
Epoch 225: Time: 1.0293 Cost: 24.8344 Pre: 0.5146 Re: 0.2592 Acc: 0.5306 F1: 0.3447
Epoch 226: Time: 1.0300 Cost: 24.8320 Pre: 0.5141 Re: 0.2587 Acc: 0.5303 F1: 0.3442
Epoch 227: Time: 1.0456 Cost: 24.8295 Pre: 0.5170 Re: 0.2607 Acc: 0.5317 F1: 0.3466
Epoch 228: Time: 1.0403 Cost: 24.8267 Pre: 0.5166 Re: 0.2597 Acc: 0.5315 F1: 0.3456
Epoch 229: Time: 1.0330 Cost: 24.8235 Pre: 0.5175 Re: 0.2602 Acc: 0.5320 F1: 0.3463
Epoch 230: Time: 1.1028 Cost: 24.8199 Pre: 0.5200 Re: 0.2616 Acc: 0.5331 F1: 0.3481


--------------------------------------------------------------------
Eval results: Cost:25.0128 Pre:0.5041 Re:0.3172 Acc:0.5067 F1:0.3894
--------------------------------------------------------------------

Epoch 231: Time: 1.0361 Cost: 24.8113 Pre: 0.5234 Re: 0.2739 Acc: 0.5352 F1: 0.3596
Epoch 232: Time: 1.0295 Cost: 24.8098 Pre: 0.5226 Re: 0.2607 Acc: 0.5343 F1: 0.3478
Epoch 233: Time: 1.0329 Cost: 24.8057 Pre: 0.5237 Re: 0.2656 Acc: 0.5350 F1: 0.3524
Epoch 234: Time: 1.0294 Cost: 24.7989 Pre: 0.5219 Re: 0.2680 Acc: 0.5343 F1: 0.3542
Epoch 235: Time: 1.0405 Cost: 24.7902 Pre: 0.5208 Re: 0.2705 Acc: 0.5338 F1: 0.3560
Epoch 236: Time: 1.0379 Cost: 24.7787 Pre: 0.5252 Re: 0.2754 Acc: 0.5362 F1: 0.3613
Epoch 237: Time: 1.0347 Cost: 24.7626 Pre: 0.5276 Re: 0.2812 Acc: 0.5376 F1: 0.3669
Epoch 238: Time: 1.0349 Cost: 24.7380 Pre: 0.5326 Re: 0.2881 Acc: 0.5404 F1: 0.3739
Epoch 239: Time: 1.0329 Cost: 24.6953 Pre: 0.5341 Re: 0.2920 Acc: 0.5413 F1: 0.3776
Epoch 240: Time: 1.0328 Cost: 24.6018 Pre: 0.5486 Re: 0.2984 Acc: 0.5488 F1: 0.3865


--------------------------------------------------------------------
Eval results: Cost:24.8928 Pre:0.5297 Re:0.3630 Acc:0.5243 F1:0.4308
--------------------------------------------------------------------

Epoch 241: Time: 1.0311 Cost: 24.2682 Pre: 0.6015 Re: 0.3484 Acc: 0.5796 F1: 0.4412
Epoch 242: Time: 1.0312 Cost: 19.8765 Pre: 0.9101 Re: 0.7393 Acc: 0.8410 F1: 0.8159
Epoch 243: Time: 1.0306 Cost: 6.5875 Pre: 0.9822 Re: 1.0000 Acc: 0.9914 F1: 0.9910
Epoch 244: Time: 1.0477 Cost: 1.7016 Pre: 0.9980 Re: 1.0000 Acc: 0.9991 F1: 0.9990
Epoch 245: Time: 1.0361 Cost: 0.6724 Pre: 0.9990 Re: 1.0000 Acc: 0.9995 F1: 0.9995
Epoch 246: Time: 1.0307 Cost: 0.3290 Pre: 0.9995 Re: 1.0000 Acc: 0.9998 F1: 0.9998
Epoch 247: Time: 1.0327 Cost: 0.1858 Pre: 0.9995 Re: 1.0000 Acc: 0.9998 F1: 0.9998
Epoch 248: Time: 1.0313 Cost: 0.1177 Pre: 0.9995 Re: 1.0000 Acc: 0.9998 F1: 0.9998
Epoch 249: Time: 1.0319 Cost: 0.0829 Pre: 0.9995 Re: 1.0000 Acc: 0.9998 F1: 0.9998
Epoch 250: Time: 1.0297 Cost: 0.0634 Pre: 0.9995 Re: 1.0000 Acc: 0.9998 F1: 0.9998


--------------------------------------------------------------------
Eval results: Cost:0.0391 Pre:0.9994 Re:1.0000 Acc:0.9997 F1:0.9997
--------------------------------------------------------------------

Epoch 251: Time: 1.0419 Cost: 0.0510 Pre: 0.9995 Re: 1.0000 Acc: 0.9998 F1: 0.9998
Epoch 252: Time: 1.1121 Cost: 0.0424 Pre: 0.9995 Re: 1.0000 Acc: 0.9998 F1: 0.9998
Epoch 253: Time: 1.0579 Cost: 0.0365 Pre: 0.9995 Re: 1.0000 Acc: 0.9998 F1: 0.9998
Epoch 254: Time: 1.0369 Cost: 0.0320 Pre: 0.9995 Re: 1.0000 Acc: 0.9998 F1: 0.9998
Epoch 255: Time: 1.0314 Cost: 0.0284 Pre: 0.9995 Re: 1.0000 Acc: 0.9998 F1: 0.9998
Epoch 256: Time: 1.0364 Cost: 0.0255 Pre: 0.9995 Re: 1.0000 Acc: 0.9998 F1: 0.9998
Epoch 257: Time: 1.0308 Cost: 0.0229 Pre: 0.9995 Re: 1.0000 Acc: 0.9998 F1: 0.9998
Epoch 258: Time: 1.0371 Cost: 0.0207 Pre: 1.0000 Re: 1.0000 Acc: 1.0000 F1: 1.0000
Epoch 259: Time: 1.0312 Cost: 0.0188 Pre: 1.0000 Re: 1.0000 Acc: 1.0000 F1: 1.0000
Epoch 260: Time: 1.0322 Cost: 0.0171 Pre: 1.0000 Re: 1.0000 Acc: 1.0000 F1: 1.0000


--------------------------------------------------------------------
Eval results: Cost:0.0116 Pre:1.0000 Re:1.0000 Acc:1.0000 F1:1.0000
--------------------------------------------------------------------

Epoch 261: Time: 1.2084 Cost: 0.0156 Pre: 1.0000 Re: 1.0000 Acc: 1.0000 F1: 1.0000
Epoch 262: Time: 1.0661 Cost: 0.0141 Pre: 1.0000 Re: 1.0000 Acc: 1.0000 F1: 1.0000
Epoch 263: Time: 1.0312 Cost: 0.0129 Pre: 1.0000 Re: 1.0000 Acc: 1.0000 F1: 1.0000
Epoch 264: Time: 1.0356 Cost: 0.0118 Pre: 1.0000 Re: 1.0000 Acc: 1.0000 F1: 1.0000
Epoch 265: Time: 1.0328 Cost: 0.0108 Pre: 1.0000 Re: 1.0000 Acc: 1.0000 F1: 1.0000
Epoch 266: Time: 1.0354 Cost: 0.0099 Pre: 1.0000 Re: 1.0000 Acc: 1.0000 F1: 1.0000
Epoch 267: Time: 1.0330 Cost: 0.0091 Pre: 1.0000 Re: 1.0000 Acc: 1.0000 F1: 1.0000
Epoch 268: Time: 1.0326 Cost: 0.0083 Pre: 1.0000 Re: 1.0000 Acc: 1.0000 F1: 1.0000
Epoch 269: Time: 1.0420 Cost: 0.0077 Pre: 1.0000 Re: 1.0000 Acc: 1.0000 F1: 1.0000
Epoch 270: Time: 1.0313 Cost: 0.0071 Pre: 1.0000 Re: 1.0000 Acc: 1.0000 F1: 1.0000


--------------------------------------------------------------------
Eval results: Cost:0.0050 Pre:1.0000 Re:1.0000 Acc:1.0000 F1:1.0000
--------------------------------------------------------------------

Epoch 271: Time: 1.0334 Cost: 0.0065 Pre: 1.0000 Re: 1.0000 Acc: 1.0000 F1: 1.0000
Epoch 272: Time: 1.0293 Cost: 0.0060 Pre: 1.0000 Re: 1.0000 Acc: 1.0000 F1: 1.0000
Epoch 273: Time: 1.0317 Cost: 0.0056 Pre: 1.0000 Re: 1.0000 Acc: 1.0000 F1: 1.0000
Epoch 274: Time: 1.0357 Cost: 0.0052 Pre: 1.0000 Re: 1.0000 Acc: 1.0000 F1: 1.0000
Epoch 275: Time: 1.0338 Cost: 0.0049 Pre: 1.0000 Re: 1.0000 Acc: 1.0000 F1: 1.0000
Epoch 276: Time: 1.0338 Cost: 0.0045 Pre: 1.0000 Re: 1.0000 Acc: 1.0000 F1: 1.0000
Epoch 277: Time: 1.0340 Cost: 0.0042 Pre: 1.0000 Re: 1.0000 Acc: 1.0000 F1: 1.0000
Epoch 278: Time: 1.0514 Cost: 0.0040 Pre: 1.0000 Re: 1.0000 Acc: 1.0000 F1: 1.0000
Epoch 279: Time: 1.0387 Cost: 0.0037 Pre: 1.0000 Re: 1.0000 Acc: 1.0000 F1: 1.0000
Epoch 280: Time: 1.0331 Cost: 0.0035 Pre: 1.0000 Re: 1.0000 Acc: 1.0000 F1: 1.0000


--------------------------------------------------------------------
Eval results: Cost:0.0025 Pre:1.0000 Re:1.0000 Acc:1.0000 F1:1.0000
--------------------------------------------------------------------

Epoch 281: Time: 1.1372 Cost: 0.0033 Pre: 1.0000 Re: 1.0000 Acc: 1.0000 F1: 1.0000
Epoch 282: Time: 1.0549 Cost: 0.0031 Pre: 1.0000 Re: 1.0000 Acc: 1.0000 F1: 1.0000
Epoch 283: Time: 1.0284 Cost: 0.0030 Pre: 1.0000 Re: 1.0000 Acc: 1.0000 F1: 1.0000
Epoch 284: Time: 1.0314 Cost: 0.0028 Pre: 1.0000 Re: 1.0000 Acc: 1.0000 F1: 1.0000
Epoch 285: Time: 1.0306 Cost: 0.0027 Pre: 1.0000 Re: 1.0000 Acc: 1.0000 F1: 1.0000
Epoch 286: Time: 1.0399 Cost: 0.0026 Pre: 1.0000 Re: 1.0000 Acc: 1.0000 F1: 1.0000
Epoch 287: Time: 1.0387 Cost: 0.0024 Pre: 1.0000 Re: 1.0000 Acc: 1.0000 F1: 1.0000
Epoch 288: Time: 1.0331 Cost: 0.0023 Pre: 1.0000 Re: 1.0000 Acc: 1.0000 F1: 1.0000
Epoch 289: Time: 1.0376 Cost: 0.0022 Pre: 1.0000 Re: 1.0000 Acc: 1.0000 F1: 1.0000
Epoch 290: Time: 1.0362 Cost: 0.0021 Pre: 1.0000 Re: 1.0000 Acc: 1.0000 F1: 1.0000


--------------------------------------------------------------------
Eval results: Cost:0.0016 Pre:1.0000 Re:1.0000 Acc:1.0000 F1:1.0000
--------------------------------------------------------------------

Epoch 291: Time: 1.0329 Cost: 0.0021 Pre: 1.0000 Re: 1.0000 Acc: 1.0000 F1: 1.0000
Epoch 292: Time: 1.0316 Cost: 0.0020 Pre: 1.0000 Re: 1.0000 Acc: 1.0000 F1: 1.0000
Epoch 293: Time: 1.0313 Cost: 0.0019 Pre: 1.0000 Re: 1.0000 Acc: 1.0000 F1: 1.0000
Epoch 294: Time: 1.0401 Cost: 0.0018 Pre: 1.0000 Re: 1.0000 Acc: 1.0000 F1: 1.0000
Epoch 295: Time: 1.0363 Cost: 0.0018 Pre: 1.0000 Re: 1.0000 Acc: 1.0000 F1: 1.0000
Epoch 296: Time: 1.0376 Cost: 0.0017 Pre: 1.0000 Re: 1.0000 Acc: 1.0000 F1: 1.0000
Epoch 297: Time: 1.0311 Cost: 0.0017 Pre: 1.0000 Re: 1.0000 Acc: 1.0000 F1: 1.0000
Epoch 298: Time: 1.0319 Cost: 0.0016 Pre: 1.0000 Re: 1.0000 Acc: 1.0000 F1: 1.0000
Epoch 299: Time: 1.0321 Cost: 0.0015 Pre: 1.0000 Re: 1.0000 Acc: 1.0000 F1: 1.0000
Epoch 300: Time: 1.0315 Cost: 0.0015 Pre: 1.0000 Re: 1.0000 Acc: 1.0000 F1: 1.0000


--------------------------------------------------------------------
Eval results: Cost:0.0011 Pre:1.0000 Re:1.0000 Acc:1.0000 F1:1.0000
--------------------------------------------------------------------

Epoch 301: Time: 1.0347 Cost: 0.0015 Pre: 1.0000 Re: 1.0000 Acc: 1.0000 F1: 1.0000
Epoch 302: Time: 1.0358 Cost: 0.0014 Pre: 1.0000 Re: 1.0000 Acc: 1.0000 F1: 1.0000
Epoch 303: Time: 1.0413 Cost: 0.0014 Pre: 1.0000 Re: 1.0000 Acc: 1.0000 F1: 1.0000
Epoch 304: Time: 1.0410 Cost: 0.0013 Pre: 1.0000 Re: 1.0000 Acc: 1.0000 F1: 1.0000
Epoch 305: Time: 1.0355 Cost: 0.0013 Pre: 1.0000 Re: 1.0000 Acc: 1.0000 F1: 1.0000
Epoch 306: Time: 1.0319 Cost: 0.0013 Pre: 1.0000 Re: 1.0000 Acc: 1.0000 F1: 1.0000
Epoch 307: Time: 1.0324 Cost: 0.0012 Pre: 1.0000 Re: 1.0000 Acc: 1.0000 F1: 1.0000
Epoch 308: Time: 1.0319 Cost: 0.0012 Pre: 1.0000 Re: 1.0000 Acc: 1.0000 F1: 1.0000
Epoch 309: Time: 1.0434 Cost: 0.0012 Pre: 1.0000 Re: 1.0000 Acc: 1.0000 F1: 1.0000
Epoch 310: Time: 1.0343 Cost: 0.0011 Pre: 1.0000 Re: 1.0000 Acc: 1.0000 F1: 1.0000


--------------------------------------------------------------------
Eval results: Cost:0.0009 Pre:1.0000 Re:1.0000 Acc:1.0000 F1:1.0000
--------------------------------------------------------------------

Early stopping...
--------------------------------------------------------------------
--------------------------------------------------------------------
Test 11898 samples take time: 7.2705
Test results: Cost:0.0007 Pre:1.0000 Re:1.0000 Acc:1.0000 F1:1.0000
--------------------------------------------------------------------

