16768
16562
16206
16632
16380
16425
Load data
RNN type: GRU Grammar: g7 Seed: 5
Model total parameters: 360
Saving hinit ... 

Epoch 0: Time: 0.1946 Cost: 27.1180 Pre: 0.3178 Re: 0.2902 Acc: 0.3616 F1: 0.3034


--------------------------------------------------------------------
Eval results: Cost:26.5733 Pre:0.2613 Re:0.2638 Acc:0.3663 F1:0.2626
--------------------------------------------------------------------

Epoch 1: Time: 0.0887 Cost: 26.6381 Pre: 0.3178 Re: 0.2902 Acc: 0.3616 F1: 0.3034
Epoch 2: Time: 0.0995 Cost: 26.1396 Pre: 0.3205 Re: 0.2744 Acc: 0.3738 F1: 0.2957
Epoch 3: Time: 0.1433 Cost: 25.6493 Pre: 0.3690 Re: 0.2061 Acc: 0.4509 F1: 0.2645
Epoch 4: Time: 0.1257 Cost: 25.2252 Pre: 0.5244 Re: 0.1573 Acc: 0.5280 F1: 0.2420
Epoch 5: Time: 0.1036 Cost: 24.9023 Pre: 0.6377 Re: 0.1610 Acc: 0.5543 F1: 0.2571
Epoch 6: Time: 0.1405 Cost: 24.6567 Pre: 0.6444 Re: 0.1768 Acc: 0.5590 F1: 0.2775
Epoch 7: Time: 0.1446 Cost: 24.4270 Pre: 0.6599 Re: 0.2390 Acc: 0.5765 F1: 0.3509
Epoch 8: Time: 0.1405 Cost: 24.1562 Pre: 0.6849 Re: 0.3207 Acc: 0.6040 F1: 0.4369
Epoch 9: Time: 0.1415 Cost: 23.8189 Pre: 0.6890 Re: 0.3756 Acc: 0.6197 F1: 0.4862
Epoch 10: Time: 0.1443 Cost: 23.4233 Pre: 0.6941 Re: 0.4427 Acc: 0.6396 F1: 0.5406


--------------------------------------------------------------------
Eval results: Cost:22.4225 Pre:0.6825 Re:0.4691 Acc:0.6797 F1:0.5560
--------------------------------------------------------------------

Epoch 11: Time: 0.1397 Cost: 23.0087 Pre: 0.6973 Re: 0.4720 Acc: 0.6489 F1: 0.5629
Epoch 12: Time: 0.1456 Cost: 22.6198 Pre: 0.6979 Re: 0.4817 Acc: 0.6519 F1: 0.5700
Epoch 13: Time: 0.1460 Cost: 22.2300 Pre: 0.6983 Re: 0.4939 Acc: 0.6554 F1: 0.5786
Epoch 14: Time: 0.1449 Cost: 21.8399 Pre: 0.7054 Re: 0.5110 Acc: 0.6636 F1: 0.5926
Epoch 15: Time: 0.1381 Cost: 21.4488 Pre: 0.7094 Re: 0.5268 Acc: 0.6700 F1: 0.6046
Epoch 16: Time: 0.1276 Cost: 21.0489 Pre: 0.7175 Re: 0.5451 Acc: 0.6793 F1: 0.6195
Epoch 17: Time: 0.1080 Cost: 20.6284 Pre: 0.7274 Re: 0.5598 Acc: 0.6887 F1: 0.6327
Epoch 18: Time: 0.1398 Cost: 20.1747 Pre: 0.7338 Re: 0.5817 Acc: 0.6986 F1: 0.6490
Epoch 19: Time: 0.1441 Cost: 19.6759 Pre: 0.7446 Re: 0.5939 Acc: 0.7079 F1: 0.6608
Epoch 20: Time: 0.1427 Cost: 19.1225 Pre: 0.7533 Re: 0.6183 Acc: 0.7202 F1: 0.6792


--------------------------------------------------------------------
Eval results: Cost:17.7820 Pre:0.7717 Re:0.6384 Acc:0.7646 F1:0.6988
--------------------------------------------------------------------

Epoch 21: Time: 0.0941 Cost: 18.5277 Pre: 0.7654 Re: 0.6366 Acc: 0.7325 F1: 0.6951
Epoch 22: Time: 0.1299 Cost: 17.9242 Pre: 0.7841 Re: 0.6598 Acc: 0.7500 F1: 0.7166
Epoch 23: Time: 0.1502 Cost: 17.2655 Pre: 0.7889 Re: 0.6744 Acc: 0.7576 F1: 0.7272
Epoch 24: Time: 0.1483 Cost: 16.5611 Pre: 0.7978 Re: 0.6976 Acc: 0.7704 F1: 0.7443
Epoch 25: Time: 0.1421 Cost: 15.8459 Pre: 0.8000 Re: 0.7122 Acc: 0.7769 F1: 0.7535
Epoch 26: Time: 0.1467 Cost: 15.1550 Pre: 0.8052 Re: 0.7110 Acc: 0.7792 F1: 0.7552
Epoch 27: Time: 0.1492 Cost: 14.5068 Pre: 0.8043 Re: 0.7317 Acc: 0.7862 F1: 0.7663
Epoch 28: Time: 0.1490 Cost: 13.8975 Pre: 0.8049 Re: 0.7549 Acc: 0.7950 F1: 0.7791
Epoch 29: Time: 0.1462 Cost: 13.3069 Pre: 0.8134 Re: 0.7866 Acc: 0.8113 F1: 0.7998
Epoch 30: Time: 0.1397 Cost: 12.7075 Pre: 0.8177 Re: 0.8098 Acc: 0.8224 F1: 0.8137


--------------------------------------------------------------------
Eval results: Cost:10.5261 Pre:0.8581 Re:0.8274 Acc:0.8677 F1:0.8425
--------------------------------------------------------------------

Epoch 31: Time: 0.0900 Cost: 12.0817 Pre: 0.8227 Re: 0.8317 Acc: 0.8335 F1: 0.8272
Epoch 32: Time: 0.1142 Cost: 11.4215 Pre: 0.8304 Re: 0.8537 Acc: 0.8464 F1: 0.8419
Epoch 33: Time: 0.1019 Cost: 10.6753 Pre: 0.8366 Re: 0.8805 Acc: 0.8604 F1: 0.8580
Epoch 34: Time: 0.1014 Cost: 9.8326 Pre: 0.8460 Re: 0.9110 Acc: 0.8779 F1: 0.8773
Epoch 35: Time: 0.0973 Cost: 8.9335 Pre: 0.8517 Re: 0.9524 Acc: 0.8978 F1: 0.8993
Epoch 36: Time: 0.0884 Cost: 8.0693 Pre: 0.8585 Re: 0.9841 Acc: 0.9147 F1: 0.9170
Epoch 37: Time: 0.0945 Cost: 7.3454 Pre: 0.8628 Re: 0.9890 Acc: 0.9194 F1: 0.9216
Epoch 38: Time: 0.0970 Cost: 6.7934 Pre: 0.8669 Re: 0.9927 Acc: 0.9235 F1: 0.9255
Epoch 39: Time: 0.0878 Cost: 6.3591 Pre: 0.8697 Re: 0.9927 Acc: 0.9252 F1: 0.9271
Epoch 40: Time: 0.0998 Cost: 5.9735 Pre: 0.8707 Re: 0.9939 Acc: 0.9264 F1: 0.9282


--------------------------------------------------------------------
Eval results: Cost:4.5876 Pre:0.8866 Re:0.9935 Acc:0.9429 F1:0.9370
--------------------------------------------------------------------

Epoch 41: Time: 0.1287 Cost: 5.5924 Pre: 0.8718 Re: 0.9951 Acc: 0.9276 F1: 0.9294
Epoch 42: Time: 0.0949 Cost: 5.1935 Pre: 0.8796 Re: 0.9976 Acc: 0.9334 F1: 0.9349
Epoch 43: Time: 0.0893 Cost: 4.7675 Pre: 0.8894 Re: 1.0000 Acc: 0.9404 F1: 0.9414
Epoch 44: Time: 0.0999 Cost: 4.3134 Pre: 0.8981 Re: 1.0000 Acc: 0.9457 F1: 0.9463
Epoch 45: Time: 0.1444 Cost: 3.8361 Pre: 0.9111 Re: 1.0000 Acc: 0.9533 F1: 0.9535
Epoch 46: Time: 0.1533 Cost: 3.3492 Pre: 0.9245 Re: 1.0000 Acc: 0.9609 F1: 0.9607
Epoch 47: Time: 0.1479 Cost: 2.8727 Pre: 0.9404 Re: 1.0000 Acc: 0.9696 F1: 0.9693
Epoch 48: Time: 0.0971 Cost: 2.4272 Pre: 0.9613 Re: 1.0000 Acc: 0.9807 F1: 0.9803
Epoch 49: Time: 0.1256 Cost: 2.0284 Pre: 0.9820 Re: 1.0000 Acc: 0.9912 F1: 0.9909
Epoch 50: Time: 0.0942 Cost: 1.6843 Pre: 0.9903 Re: 1.0000 Acc: 0.9953 F1: 0.9951


--------------------------------------------------------------------
Eval results: Cost:1.3196 Pre:0.9871 Re:1.0000 Acc:0.9944 F1:0.9935
--------------------------------------------------------------------

Epoch 51: Time: 0.1489 Cost: 1.3960 Pre: 0.9939 Re: 1.0000 Acc: 0.9971 F1: 0.9970
Epoch 52: Time: 0.1522 Cost: 1.1569 Pre: 0.9951 Re: 1.0000 Acc: 0.9977 F1: 0.9976
Epoch 53: Time: 0.1485 Cost: 0.9594 Pre: 0.9976 Re: 1.0000 Acc: 0.9988 F1: 0.9988
Epoch 54: Time: 0.1630 Cost: 0.7986 Pre: 1.0000 Re: 1.0000 Acc: 1.0000 F1: 1.0000
Epoch 55: Time: 0.1062 Cost: 0.6682 Pre: 1.0000 Re: 1.0000 Acc: 1.0000 F1: 1.0000
Epoch 56: Time: 0.0845 Cost: 0.5624 Pre: 1.0000 Re: 1.0000 Acc: 1.0000 F1: 1.0000
Epoch 57: Time: 0.1333 Cost: 0.4759 Pre: 1.0000 Re: 1.0000 Acc: 1.0000 F1: 1.0000
Epoch 58: Time: 0.1481 Cost: 0.4047 Pre: 1.0000 Re: 1.0000 Acc: 1.0000 F1: 1.0000
Epoch 59: Time: 0.1443 Cost: 0.3456 Pre: 1.0000 Re: 1.0000 Acc: 1.0000 F1: 1.0000
Epoch 60: Time: 0.1403 Cost: 0.2962 Pre: 1.0000 Re: 1.0000 Acc: 1.0000 F1: 1.0000


--------------------------------------------------------------------
Eval results: Cost:0.2541 Pre:1.0000 Re:1.0000 Acc:1.0000 F1:1.0000
--------------------------------------------------------------------

Epoch 61: Time: 0.0843 Cost: 0.2549 Pre: 1.0000 Re: 1.0000 Acc: 1.0000 F1: 1.0000
Epoch 62: Time: 0.1162 Cost: 0.2196 Pre: 1.0000 Re: 1.0000 Acc: 1.0000 F1: 1.0000
Epoch 63: Time: 0.1520 Cost: 0.1897 Pre: 1.0000 Re: 1.0000 Acc: 1.0000 F1: 1.0000
Epoch 64: Time: 0.1623 Cost: 0.1642 Pre: 1.0000 Re: 1.0000 Acc: 1.0000 F1: 1.0000
Epoch 65: Time: 0.1499 Cost: 0.1426 Pre: 1.0000 Re: 1.0000 Acc: 1.0000 F1: 1.0000
Epoch 66: Time: 0.1523 Cost: 0.1244 Pre: 1.0000 Re: 1.0000 Acc: 1.0000 F1: 1.0000
Epoch 67: Time: 0.1615 Cost: 0.1088 Pre: 1.0000 Re: 1.0000 Acc: 1.0000 F1: 1.0000
Epoch 68: Time: 0.1512 Cost: 0.0956 Pre: 1.0000 Re: 1.0000 Acc: 1.0000 F1: 1.0000
Epoch 69: Time: 0.1344 Cost: 0.0842 Pre: 1.0000 Re: 1.0000 Acc: 1.0000 F1: 1.0000
Epoch 70: Time: 0.1012 Cost: 0.0745 Pre: 1.0000 Re: 1.0000 Acc: 1.0000 F1: 1.0000


--------------------------------------------------------------------
Eval results: Cost:0.0722 Pre:1.0000 Re:1.0000 Acc:1.0000 F1:1.0000
--------------------------------------------------------------------

Epoch 71: Time: 0.1490 Cost: 0.0662 Pre: 1.0000 Re: 1.0000 Acc: 1.0000 F1: 1.0000
Epoch 72: Time: 0.1443 Cost: 0.0591 Pre: 1.0000 Re: 1.0000 Acc: 1.0000 F1: 1.0000
Epoch 73: Time: 0.1014 Cost: 0.0530 Pre: 1.0000 Re: 1.0000 Acc: 1.0000 F1: 1.0000
Epoch 74: Time: 0.1085 Cost: 0.0476 Pre: 1.0000 Re: 1.0000 Acc: 1.0000 F1: 1.0000
Epoch 75: Time: 0.1579 Cost: 0.0430 Pre: 1.0000 Re: 1.0000 Acc: 1.0000 F1: 1.0000
Epoch 76: Time: 0.1558 Cost: 0.0390 Pre: 1.0000 Re: 1.0000 Acc: 1.0000 F1: 1.0000
Epoch 77: Time: 0.1531 Cost: 0.0354 Pre: 1.0000 Re: 1.0000 Acc: 1.0000 F1: 1.0000
Epoch 78: Time: 0.1522 Cost: 0.0324 Pre: 1.0000 Re: 1.0000 Acc: 1.0000 F1: 1.0000
Epoch 79: Time: 0.1587 Cost: 0.0297 Pre: 1.0000 Re: 1.0000 Acc: 1.0000 F1: 1.0000
Epoch 80: Time: 0.1579 Cost: 0.0273 Pre: 1.0000 Re: 1.0000 Acc: 1.0000 F1: 1.0000


--------------------------------------------------------------------
Eval results: Cost:0.0305 Pre:1.0000 Re:1.0000 Acc:1.0000 F1:1.0000
--------------------------------------------------------------------

Epoch 81: Time: 0.1302 Cost: 0.0253 Pre: 1.0000 Re: 1.0000 Acc: 1.0000 F1: 1.0000
Epoch 82: Time: 0.1396 Cost: 0.0235 Pre: 1.0000 Re: 1.0000 Acc: 1.0000 F1: 1.0000
Epoch 83: Time: 0.1648 Cost: 0.0219 Pre: 1.0000 Re: 1.0000 Acc: 1.0000 F1: 1.0000
Epoch 84: Time: 0.1488 Cost: 0.0205 Pre: 1.0000 Re: 1.0000 Acc: 1.0000 F1: 1.0000
Epoch 85: Time: 0.1548 Cost: 0.0191 Pre: 1.0000 Re: 1.0000 Acc: 1.0000 F1: 1.0000
Epoch 86: Time: 0.1587 Cost: 0.0180 Pre: 1.0000 Re: 1.0000 Acc: 1.0000 F1: 1.0000
Epoch 87: Time: 0.1600 Cost: 0.0169 Pre: 1.0000 Re: 1.0000 Acc: 1.0000 F1: 1.0000
Epoch 88: Time: 0.1393 Cost: 0.0159 Pre: 1.0000 Re: 1.0000 Acc: 1.0000 F1: 1.0000
Epoch 89: Time: 0.1315 Cost: 0.0150 Pre: 1.0000 Re: 1.0000 Acc: 1.0000 F1: 1.0000
Epoch 90: Time: 0.1407 Cost: 0.0142 Pre: 1.0000 Re: 1.0000 Acc: 1.0000 F1: 1.0000


--------------------------------------------------------------------
Eval results: Cost:0.0180 Pre:1.0000 Re:1.0000 Acc:1.0000 F1:1.0000
--------------------------------------------------------------------

Epoch 91: Time: 0.1296 Cost: 0.0135 Pre: 1.0000 Re: 1.0000 Acc: 1.0000 F1: 1.0000
Epoch 92: Time: 0.1177 Cost: 0.0129 Pre: 1.0000 Re: 1.0000 Acc: 1.0000 F1: 1.0000
Epoch 93: Time: 0.0974 Cost: 0.0123 Pre: 1.0000 Re: 1.0000 Acc: 1.0000 F1: 1.0000
Epoch 94: Time: 0.1311 Cost: 0.0117 Pre: 1.0000 Re: 1.0000 Acc: 1.0000 F1: 1.0000
Epoch 95: Time: 0.1398 Cost: 0.0112 Pre: 1.0000 Re: 1.0000 Acc: 1.0000 F1: 1.0000
Epoch 96: Time: 0.1446 Cost: 0.0107 Pre: 1.0000 Re: 1.0000 Acc: 1.0000 F1: 1.0000
Epoch 97: Time: 0.1474 Cost: 0.0103 Pre: 1.0000 Re: 1.0000 Acc: 1.0000 F1: 1.0000
Epoch 98: Time: 0.1388 Cost: 0.0099 Pre: 1.0000 Re: 1.0000 Acc: 1.0000 F1: 1.0000
Epoch 99: Time: 0.1392 Cost: 0.0095 Pre: 1.0000 Re: 1.0000 Acc: 1.0000 F1: 1.0000
Epoch 100: Time: 0.1023 Cost: 0.0091 Pre: 1.0000 Re: 1.0000 Acc: 1.0000 F1: 1.0000


--------------------------------------------------------------------
Eval results: Cost:0.0128 Pre:1.0000 Re:1.0000 Acc:1.0000 F1:1.0000
--------------------------------------------------------------------

Epoch 101: Time: 0.1613 Cost: 0.0088 Pre: 1.0000 Re: 1.0000 Acc: 1.0000 F1: 1.0000
Epoch 102: Time: 0.1510 Cost: 0.0085 Pre: 1.0000 Re: 1.0000 Acc: 1.0000 F1: 1.0000
Epoch 103: Time: 0.1313 Cost: 0.0083 Pre: 1.0000 Re: 1.0000 Acc: 1.0000 F1: 1.0000
Epoch 104: Time: 0.1345 Cost: 0.0080 Pre: 1.0000 Re: 1.0000 Acc: 1.0000 F1: 1.0000
Epoch 105: Time: 0.1161 Cost: 0.0077 Pre: 1.0000 Re: 1.0000 Acc: 1.0000 F1: 1.0000
Epoch 106: Time: 0.1000 Cost: 0.0075 Pre: 1.0000 Re: 1.0000 Acc: 1.0000 F1: 1.0000
Epoch 107: Time: 0.1348 Cost: 0.0072 Pre: 1.0000 Re: 1.0000 Acc: 1.0000 F1: 1.0000
Epoch 108: Time: 0.1332 Cost: 0.0070 Pre: 1.0000 Re: 1.0000 Acc: 1.0000 F1: 1.0000
Epoch 109: Time: 0.1375 Cost: 0.0068 Pre: 1.0000 Re: 1.0000 Acc: 1.0000 F1: 1.0000
Epoch 110: Time: 0.1600 Cost: 0.0066 Pre: 1.0000 Re: 1.0000 Acc: 1.0000 F1: 1.0000


--------------------------------------------------------------------
Eval results: Cost:0.0101 Pre:1.0000 Re:1.0000 Acc:1.0000 F1:1.0000
--------------------------------------------------------------------

Epoch 111: Time: 0.1017 Cost: 0.0065 Pre: 1.0000 Re: 1.0000 Acc: 1.0000 F1: 1.0000
Epoch 112: Time: 0.1306 Cost: 0.0063 Pre: 1.0000 Re: 1.0000 Acc: 1.0000 F1: 1.0000
Epoch 113: Time: 0.1564 Cost: 0.0062 Pre: 1.0000 Re: 1.0000 Acc: 1.0000 F1: 1.0000
Epoch 114: Time: 0.1293 Cost: 0.0060 Pre: 1.0000 Re: 1.0000 Acc: 1.0000 F1: 1.0000
Epoch 115: Time: 0.1288 Cost: 0.0058 Pre: 1.0000 Re: 1.0000 Acc: 1.0000 F1: 1.0000
Epoch 116: Time: 0.1311 Cost: 0.0057 Pre: 1.0000 Re: 1.0000 Acc: 1.0000 F1: 1.0000
Epoch 117: Time: 0.1283 Cost: 0.0056 Pre: 1.0000 Re: 1.0000 Acc: 1.0000 F1: 1.0000
Epoch 118: Time: 0.1240 Cost: 0.0054 Pre: 1.0000 Re: 1.0000 Acc: 1.0000 F1: 1.0000
Epoch 119: Time: 0.1369 Cost: 0.0053 Pre: 1.0000 Re: 1.0000 Acc: 1.0000 F1: 1.0000
Epoch 120: Time: 0.1405 Cost: 0.0052 Pre: 1.0000 Re: 1.0000 Acc: 1.0000 F1: 1.0000


--------------------------------------------------------------------
Eval results: Cost:0.0084 Pre:1.0000 Re:1.0000 Acc:1.0000 F1:1.0000
--------------------------------------------------------------------

Epoch 121: Time: 0.1062 Cost: 0.0051 Pre: 1.0000 Re: 1.0000 Acc: 1.0000 F1: 1.0000
Epoch 122: Time: 0.1598 Cost: 0.0050 Pre: 1.0000 Re: 1.0000 Acc: 1.0000 F1: 1.0000
Epoch 123: Time: 0.0951 Cost: 0.0049 Pre: 1.0000 Re: 1.0000 Acc: 1.0000 F1: 1.0000
Epoch 124: Time: 0.1374 Cost: 0.0048 Pre: 1.0000 Re: 1.0000 Acc: 1.0000 F1: 1.0000
Epoch 125: Time: 0.1195 Cost: 0.0047 Pre: 1.0000 Re: 1.0000 Acc: 1.0000 F1: 1.0000
Epoch 126: Time: 0.1028 Cost: 0.0046 Pre: 1.0000 Re: 1.0000 Acc: 1.0000 F1: 1.0000
Epoch 127: Time: 0.1249 Cost: 0.0045 Pre: 1.0000 Re: 1.0000 Acc: 1.0000 F1: 1.0000
Epoch 128: Time: 0.1342 Cost: 0.0044 Pre: 1.0000 Re: 1.0000 Acc: 1.0000 F1: 1.0000
Epoch 129: Time: 0.1341 Cost: 0.0043 Pre: 1.0000 Re: 1.0000 Acc: 1.0000 F1: 1.0000
Epoch 130: Time: 0.1301 Cost: 0.0042 Pre: 1.0000 Re: 1.0000 Acc: 1.0000 F1: 1.0000


--------------------------------------------------------------------
Eval results: Cost:0.0073 Pre:1.0000 Re:1.0000 Acc:1.0000 F1:1.0000
--------------------------------------------------------------------

Epoch 131: Time: 0.1218 Cost: 0.0042 Pre: 1.0000 Re: 1.0000 Acc: 1.0000 F1: 1.0000
Epoch 132: Time: 0.1298 Cost: 0.0041 Pre: 1.0000 Re: 1.0000 Acc: 1.0000 F1: 1.0000
Epoch 133: Time: 0.1325 Cost: 0.0040 Pre: 1.0000 Re: 1.0000 Acc: 1.0000 F1: 1.0000
Epoch 134: Time: 0.1421 Cost: 0.0040 Pre: 1.0000 Re: 1.0000 Acc: 1.0000 F1: 1.0000
Epoch 135: Time: 0.1411 Cost: 0.0039 Pre: 1.0000 Re: 1.0000 Acc: 1.0000 F1: 1.0000
Epoch 136: Time: 0.1158 Cost: 0.0038 Pre: 1.0000 Re: 1.0000 Acc: 1.0000 F1: 1.0000
Epoch 137: Time: 0.1004 Cost: 0.0038 Pre: 1.0000 Re: 1.0000 Acc: 1.0000 F1: 1.0000
Epoch 138: Time: 0.1337 Cost: 0.0037 Pre: 1.0000 Re: 1.0000 Acc: 1.0000 F1: 1.0000
Epoch 139: Time: 0.1330 Cost: 0.0036 Pre: 1.0000 Re: 1.0000 Acc: 1.0000 F1: 1.0000
Epoch 140: Time: 0.1359 Cost: 0.0036 Pre: 1.0000 Re: 1.0000 Acc: 1.0000 F1: 1.0000


--------------------------------------------------------------------
Eval results: Cost:0.0065 Pre:1.0000 Re:1.0000 Acc:1.0000 F1:1.0000
--------------------------------------------------------------------

Epoch 141: Time: 0.0948 Cost: 0.0035 Pre: 1.0000 Re: 1.0000 Acc: 1.0000 F1: 1.0000
Epoch 142: Time: 0.1181 Cost: 0.0035 Pre: 1.0000 Re: 1.0000 Acc: 1.0000 F1: 1.0000
Epoch 143: Time: 0.1189 Cost: 0.0034 Pre: 1.0000 Re: 1.0000 Acc: 1.0000 F1: 1.0000
Epoch 144: Time: 0.0995 Cost: 0.0034 Pre: 1.0000 Re: 1.0000 Acc: 1.0000 F1: 1.0000
Epoch 145: Time: 0.1300 Cost: 0.0033 Pre: 1.0000 Re: 1.0000 Acc: 1.0000 F1: 1.0000
Epoch 146: Time: 0.1315 Cost: 0.0033 Pre: 1.0000 Re: 1.0000 Acc: 1.0000 F1: 1.0000
Epoch 147: Time: 0.1249 Cost: 0.0032 Pre: 1.0000 Re: 1.0000 Acc: 1.0000 F1: 1.0000
Epoch 148: Time: 0.0929 Cost: 0.0032 Pre: 1.0000 Re: 1.0000 Acc: 1.0000 F1: 1.0000
Epoch 149: Time: 0.1280 Cost: 0.0031 Pre: 1.0000 Re: 1.0000 Acc: 1.0000 F1: 1.0000
Epoch 150: Time: 0.1229 Cost: 0.0031 Pre: 1.0000 Re: 1.0000 Acc: 1.0000 F1: 1.0000


--------------------------------------------------------------------
Eval results: Cost:0.0058 Pre:1.0000 Re:1.0000 Acc:1.0000 F1:1.0000
--------------------------------------------------------------------

Epoch 151: Time: 0.0937 Cost: 0.0031 Pre: 1.0000 Re: 1.0000 Acc: 1.0000 F1: 1.0000
Epoch 152: Time: 0.1026 Cost: 0.0030 Pre: 1.0000 Re: 1.0000 Acc: 1.0000 F1: 1.0000
Epoch 153: Time: 0.0845 Cost: 0.0030 Pre: 1.0000 Re: 1.0000 Acc: 1.0000 F1: 1.0000
Epoch 154: Time: 0.1296 Cost: 0.0029 Pre: 1.0000 Re: 1.0000 Acc: 1.0000 F1: 1.0000
Epoch 155: Time: 0.0914 Cost: 0.0029 Pre: 1.0000 Re: 1.0000 Acc: 1.0000 F1: 1.0000
Epoch 156: Time: 0.0911 Cost: 0.0029 Pre: 1.0000 Re: 1.0000 Acc: 1.0000 F1: 1.0000
Epoch 157: Time: 0.0902 Cost: 0.0028 Pre: 1.0000 Re: 1.0000 Acc: 1.0000 F1: 1.0000
Epoch 158: Time: 0.0857 Cost: 0.0028 Pre: 1.0000 Re: 1.0000 Acc: 1.0000 F1: 1.0000
Epoch 159: Time: 0.0999 Cost: 0.0028 Pre: 1.0000 Re: 1.0000 Acc: 1.0000 F1: 1.0000
Epoch 160: Time: 0.0913 Cost: 0.0027 Pre: 1.0000 Re: 1.0000 Acc: 1.0000 F1: 1.0000


--------------------------------------------------------------------
Eval results: Cost:0.0053 Pre:1.0000 Re:1.0000 Acc:1.0000 F1:1.0000
--------------------------------------------------------------------

Epoch 161: Time: 0.1039 Cost: 0.0027 Pre: 1.0000 Re: 1.0000 Acc: 1.0000 F1: 1.0000
Epoch 162: Time: 0.0874 Cost: 0.0027 Pre: 1.0000 Re: 1.0000 Acc: 1.0000 F1: 1.0000
Epoch 163: Time: 0.0933 Cost: 0.0026 Pre: 1.0000 Re: 1.0000 Acc: 1.0000 F1: 1.0000
Epoch 164: Time: 0.0917 Cost: 0.0026 Pre: 1.0000 Re: 1.0000 Acc: 1.0000 F1: 1.0000
Epoch 165: Time: 0.0912 Cost: 0.0026 Pre: 1.0000 Re: 1.0000 Acc: 1.0000 F1: 1.0000
Epoch 166: Time: 0.0929 Cost: 0.0026 Pre: 1.0000 Re: 1.0000 Acc: 1.0000 F1: 1.0000
Epoch 167: Time: 0.0914 Cost: 0.0025 Pre: 1.0000 Re: 1.0000 Acc: 1.0000 F1: 1.0000
Epoch 168: Time: 0.0901 Cost: 0.0025 Pre: 1.0000 Re: 1.0000 Acc: 1.0000 F1: 1.0000
Epoch 169: Time: 0.0914 Cost: 0.0025 Pre: 1.0000 Re: 1.0000 Acc: 1.0000 F1: 1.0000
Epoch 170: Time: 0.0902 Cost: 0.0025 Pre: 1.0000 Re: 1.0000 Acc: 1.0000 F1: 1.0000


--------------------------------------------------------------------
Eval results: Cost:0.0048 Pre:1.0000 Re:1.0000 Acc:1.0000 F1:1.0000
--------------------------------------------------------------------

Epoch 171: Time: 0.0904 Cost: 0.0024 Pre: 1.0000 Re: 1.0000 Acc: 1.0000 F1: 1.0000
Epoch 172: Time: 0.0922 Cost: 0.0024 Pre: 1.0000 Re: 1.0000 Acc: 1.0000 F1: 1.0000
Epoch 173: Time: 0.0876 Cost: 0.0024 Pre: 1.0000 Re: 1.0000 Acc: 1.0000 F1: 1.0000
Epoch 174: Time: 0.0938 Cost: 0.0024 Pre: 1.0000 Re: 1.0000 Acc: 1.0000 F1: 1.0000
Epoch 175: Time: 0.0910 Cost: 0.0023 Pre: 1.0000 Re: 1.0000 Acc: 1.0000 F1: 1.0000
Epoch 176: Time: 0.1032 Cost: 0.0023 Pre: 1.0000 Re: 1.0000 Acc: 1.0000 F1: 1.0000
Epoch 177: Time: 0.0943 Cost: 0.0023 Pre: 1.0000 Re: 1.0000 Acc: 1.0000 F1: 1.0000
Epoch 178: Time: 0.1076 Cost: 0.0023 Pre: 1.0000 Re: 1.0000 Acc: 1.0000 F1: 1.0000
Epoch 179: Time: 0.0922 Cost: 0.0022 Pre: 1.0000 Re: 1.0000 Acc: 1.0000 F1: 1.0000
Epoch 180: Time: 0.0995 Cost: 0.0022 Pre: 1.0000 Re: 1.0000 Acc: 1.0000 F1: 1.0000


--------------------------------------------------------------------
Eval results: Cost:0.0044 Pre:1.0000 Re:1.0000 Acc:1.0000 F1:1.0000
--------------------------------------------------------------------

Early stopping...
--------------------------------------------------------------------
--------------------------------------------------------------------
Test 1996 samples take time: 0.2614
Test results: Cost:0.0019 Pre:1.0000 Re:1.0000 Acc:1.0000 F1:1.0000
--------------------------------------------------------------------

