16768
16562
16206
16632
16380
16425
Load data
RNN type: LSTM Grammar: g7 Seed: 9
Model total parameters: 10400
Saving hinit ... 

Epoch 0: Time: 0.4744 Cost: 27.2593 Pre: 0.0000 Re: 0.0000 Acc: 0.5210 F1: 0.0000


--------------------------------------------------------------------
Eval results: Cost:24.3898 Pre:0.0000 Re:0.0000 Acc:0.5724 F1:0.0000
--------------------------------------------------------------------

Epoch 1: Time: 0.3927 Cost: 25.3537 Pre: 0.6000 Re: 0.0402 Acc: 0.5275 F1: 0.0754
Epoch 2: Time: 0.3786 Cost: 24.8627 Pre: 0.5157 Re: 0.3207 Acc: 0.5304 F1: 0.3955
Epoch 3: Time: 0.3868 Cost: 24.4189 Pre: 0.7278 Re: 0.1598 Acc: 0.5689 F1: 0.2620
Epoch 4: Time: 0.3792 Cost: 23.9765 Pre: 0.6609 Re: 0.2805 Acc: 0.5864 F1: 0.3938
Epoch 5: Time: 0.4472 Cost: 23.4076 Pre: 0.6716 Re: 0.3890 Acc: 0.6162 F1: 0.4927
Epoch 6: Time: 0.4719 Cost: 22.4380 Pre: 0.6929 Re: 0.5146 Acc: 0.6583 F1: 0.5906
Epoch 7: Time: 0.4078 Cost: 20.6033 Pre: 0.7248 Re: 0.5780 Acc: 0.6928 F1: 0.6431
Epoch 8: Time: 0.3849 Cost: 19.0449 Pre: 0.7366 Re: 0.6207 Acc: 0.7120 F1: 0.6737
Epoch 9: Time: 0.3797 Cost: 18.2569 Pre: 0.7476 Re: 0.6646 Acc: 0.7319 F1: 0.7037
Epoch 10: Time: 0.3792 Cost: 17.4111 Pre: 0.7520 Re: 0.6878 Acc: 0.7418 F1: 0.7185


--------------------------------------------------------------------
Eval results: Cost:18.0510 Pre:0.6812 Re:0.7655 Acc:0.7465 F1:0.7209
--------------------------------------------------------------------

Epoch 11: Time: 0.3799 Cost: 16.2922 Pre: 0.7732 Re: 0.7317 Acc: 0.7687 F1: 0.7519
Epoch 12: Time: 0.3800 Cost: 15.1685 Pre: 0.7922 Re: 0.7720 Acc: 0.7938 F1: 0.7820
Epoch 13: Time: 0.3800 Cost: 13.9359 Pre: 0.8139 Re: 0.8159 Acc: 0.8224 F1: 0.8149
Epoch 14: Time: 0.3785 Cost: 12.5780 Pre: 0.8300 Re: 0.8573 Acc: 0.8475 F1: 0.8434
Epoch 15: Time: 0.3816 Cost: 11.5538 Pre: 0.8287 Re: 0.8793 Acc: 0.8551 F1: 0.8533
Epoch 16: Time: 0.3772 Cost: 10.4195 Pre: 0.8447 Re: 0.9085 Acc: 0.8762 F1: 0.8754
Epoch 17: Time: 0.3798 Cost: 9.6313 Pre: 0.8578 Re: 0.9195 Acc: 0.8884 F1: 0.8876
Epoch 18: Time: 0.3834 Cost: 8.7553 Pre: 0.8685 Re: 0.9341 Acc: 0.9007 F1: 0.9001
Epoch 19: Time: 0.3783 Cost: 8.0650 Pre: 0.8807 Re: 0.9451 Acc: 0.9124 F1: 0.9118
Epoch 20: Time: 0.3801 Cost: 7.4814 Pre: 0.8866 Re: 0.9634 Acc: 0.9235 F1: 0.9234


--------------------------------------------------------------------
Eval results: Cost:6.3372 Pre:0.8872 Re:0.9739 Acc:0.9359 F1:0.9286
--------------------------------------------------------------------

Epoch 21: Time: 0.3790 Cost: 6.9324 Pre: 0.8927 Re: 0.9744 Acc: 0.9317 F1: 0.9318
Epoch 22: Time: 0.3824 Cost: 6.5072 Pre: 0.9006 Re: 0.9829 Acc: 0.9398 F1: 0.9399
Epoch 23: Time: 0.3793 Cost: 6.0720 Pre: 0.9059 Re: 0.9866 Acc: 0.9445 F1: 0.9445
Epoch 24: Time: 0.3927 Cost: 5.7266 Pre: 0.9154 Re: 0.9902 Acc: 0.9515 F1: 0.9514
Epoch 25: Time: 0.3832 Cost: 5.4348 Pre: 0.9187 Re: 0.9927 Acc: 0.9544 F1: 0.9543
Epoch 26: Time: 0.3784 Cost: 5.1572 Pre: 0.9240 Re: 0.9939 Acc: 0.9579 F1: 0.9577
Epoch 27: Time: 0.3841 Cost: 4.8983 Pre: 0.9315 Re: 0.9951 Acc: 0.9626 F1: 0.9623
Epoch 28: Time: 0.3818 Cost: 4.6588 Pre: 0.9392 Re: 0.9976 Acc: 0.9679 F1: 0.9675
Epoch 29: Time: 0.3775 Cost: 4.4332 Pre: 0.9468 Re: 0.9988 Acc: 0.9725 F1: 0.9721
Epoch 30: Time: 0.3803 Cost: 4.2195 Pre: 0.9546 Re: 1.0000 Acc: 0.9772 F1: 0.9768


--------------------------------------------------------------------
Eval results: Cost:3.6662 Pre:0.9417 Re:1.0000 Acc:0.9735 F1:0.9700
--------------------------------------------------------------------

Epoch 31: Time: 0.3809 Cost: 4.0203 Pre: 0.9568 Re: 1.0000 Acc: 0.9784 F1: 0.9779
Epoch 32: Time: 0.3824 Cost: 3.8248 Pre: 0.9636 Re: 1.0000 Acc: 0.9819 F1: 0.9814
Epoch 33: Time: 0.3776 Cost: 3.6422 Pre: 0.9704 Re: 1.0000 Acc: 0.9854 F1: 0.9850
Epoch 34: Time: 0.3793 Cost: 3.4713 Pre: 0.9762 Re: 1.0000 Acc: 0.9883 F1: 0.9880
Epoch 35: Time: 0.3816 Cost: 3.3123 Pre: 0.9809 Re: 1.0000 Acc: 0.9907 F1: 0.9903
Epoch 36: Time: 0.3775 Cost: 3.1643 Pre: 0.9832 Re: 1.0000 Acc: 0.9918 F1: 0.9915
Epoch 37: Time: 0.3834 Cost: 3.0271 Pre: 0.9891 Re: 1.0000 Acc: 0.9947 F1: 0.9945
Epoch 38: Time: 0.3793 Cost: 2.9000 Pre: 0.9903 Re: 1.0000 Acc: 0.9953 F1: 0.9951
Epoch 39: Time: 0.3787 Cost: 2.7820 Pre: 0.9939 Re: 1.0000 Acc: 0.9971 F1: 0.9970
Epoch 40: Time: 0.3822 Cost: 2.6722 Pre: 0.9964 Re: 1.0000 Acc: 0.9982 F1: 0.9982


--------------------------------------------------------------------
Eval results: Cost:2.4007 Pre:0.9903 Re:1.0000 Acc:0.9958 F1:0.9951
--------------------------------------------------------------------

Epoch 41: Time: 0.3800 Cost: 2.5702 Pre: 0.9976 Re: 1.0000 Acc: 0.9988 F1: 0.9988
Epoch 42: Time: 0.3818 Cost: 2.4793 Pre: 0.9976 Re: 1.0000 Acc: 0.9988 F1: 0.9988
Epoch 43: Time: 0.3776 Cost: 2.3927 Pre: 1.0000 Re: 1.0000 Acc: 1.0000 F1: 1.0000
Epoch 44: Time: 0.3805 Cost: 2.3093 Pre: 1.0000 Re: 1.0000 Acc: 1.0000 F1: 1.0000
Epoch 45: Time: 0.3841 Cost: 2.2294 Pre: 1.0000 Re: 1.0000 Acc: 1.0000 F1: 1.0000
Epoch 46: Time: 0.3806 Cost: 2.1532 Pre: 1.0000 Re: 1.0000 Acc: 1.0000 F1: 1.0000
Epoch 47: Time: 0.3819 Cost: 2.0808 Pre: 1.0000 Re: 1.0000 Acc: 1.0000 F1: 1.0000
Epoch 48: Time: 0.3918 Cost: 2.0121 Pre: 1.0000 Re: 1.0000 Acc: 1.0000 F1: 1.0000
Epoch 49: Time: 0.3825 Cost: 1.9470 Pre: 1.0000 Re: 1.0000 Acc: 1.0000 F1: 1.0000
Epoch 50: Time: 0.3831 Cost: 1.8853 Pre: 1.0000 Re: 1.0000 Acc: 1.0000 F1: 1.0000


--------------------------------------------------------------------
Eval results: Cost:1.7034 Pre:0.9935 Re:1.0000 Acc:0.9972 F1:0.9968
--------------------------------------------------------------------

Epoch 51: Time: 0.3972 Cost: 1.8260 Pre: 1.0000 Re: 1.0000 Acc: 1.0000 F1: 1.0000
Epoch 52: Time: 0.3843 Cost: 1.7754 Pre: 1.0000 Re: 1.0000 Acc: 1.0000 F1: 1.0000
Epoch 53: Time: 0.3786 Cost: 1.7253 Pre: 1.0000 Re: 1.0000 Acc: 1.0000 F1: 1.0000
Epoch 54: Time: 0.3806 Cost: 1.6767 Pre: 1.0000 Re: 1.0000 Acc: 1.0000 F1: 1.0000
Epoch 55: Time: 0.3785 Cost: 1.6301 Pre: 1.0000 Re: 1.0000 Acc: 1.0000 F1: 1.0000
Epoch 56: Time: 0.3817 Cost: 1.5859 Pre: 1.0000 Re: 1.0000 Acc: 1.0000 F1: 1.0000
Epoch 57: Time: 0.4214 Cost: 1.5443 Pre: 1.0000 Re: 1.0000 Acc: 1.0000 F1: 1.0000
Epoch 58: Time: 0.3787 Cost: 1.5052 Pre: 1.0000 Re: 1.0000 Acc: 1.0000 F1: 1.0000
Epoch 59: Time: 0.3811 Cost: 1.4686 Pre: 1.0000 Re: 1.0000 Acc: 1.0000 F1: 1.0000
Epoch 60: Time: 0.3797 Cost: 1.4344 Pre: 1.0000 Re: 1.0000 Acc: 1.0000 F1: 1.0000


--------------------------------------------------------------------
Eval results: Cost:1.3217 Pre:0.9968 Re:1.0000 Acc:0.9986 F1:0.9984
--------------------------------------------------------------------

Epoch 61: Time: 0.3828 Cost: 1.4019 Pre: 1.0000 Re: 1.0000 Acc: 1.0000 F1: 1.0000
Epoch 62: Time: 0.3777 Cost: 1.3763 Pre: 1.0000 Re: 1.0000 Acc: 1.0000 F1: 1.0000
Epoch 63: Time: 0.3785 Cost: 1.3499 Pre: 1.0000 Re: 1.0000 Acc: 1.0000 F1: 1.0000
Epoch 64: Time: 0.3810 Cost: 1.3243 Pre: 1.0000 Re: 1.0000 Acc: 1.0000 F1: 1.0000
Epoch 65: Time: 0.3780 Cost: 1.2998 Pre: 1.0000 Re: 1.0000 Acc: 1.0000 F1: 1.0000
Epoch 66: Time: 0.5396 Cost: 1.2764 Pre: 1.0000 Re: 1.0000 Acc: 1.0000 F1: 1.0000
Epoch 67: Time: 0.5645 Cost: 1.2543 Pre: 1.0000 Re: 1.0000 Acc: 1.0000 F1: 1.0000
Epoch 68: Time: 0.4695 Cost: 1.2335 Pre: 1.0000 Re: 1.0000 Acc: 1.0000 F1: 1.0000
Epoch 69: Time: 0.3961 Cost: 1.2141 Pre: 1.0000 Re: 1.0000 Acc: 1.0000 F1: 1.0000
Epoch 70: Time: 0.4010 Cost: 1.1958 Pre: 1.0000 Re: 1.0000 Acc: 1.0000 F1: 1.0000


--------------------------------------------------------------------
Eval results: Cost:1.1106 Pre:1.0000 Re:1.0000 Acc:1.0000 F1:1.0000
--------------------------------------------------------------------

Epoch 71: Time: 0.4312 Cost: 1.1798 Pre: 1.0000 Re: 1.0000 Acc: 1.0000 F1: 1.0000
Epoch 72: Time: 0.4451 Cost: 1.1686 Pre: 1.0000 Re: 1.0000 Acc: 1.0000 F1: 1.0000
Epoch 73: Time: 0.4261 Cost: 1.1538 Pre: 1.0000 Re: 1.0000 Acc: 1.0000 F1: 1.0000
Epoch 74: Time: 0.4505 Cost: 1.1397 Pre: 1.0000 Re: 1.0000 Acc: 1.0000 F1: 1.0000
Epoch 75: Time: 0.4638 Cost: 1.1264 Pre: 1.0000 Re: 1.0000 Acc: 1.0000 F1: 1.0000
Epoch 76: Time: 0.4471 Cost: 1.1136 Pre: 1.0000 Re: 1.0000 Acc: 1.0000 F1: 1.0000
Epoch 77: Time: 0.4086 Cost: 1.1014 Pre: 1.0000 Re: 1.0000 Acc: 1.0000 F1: 1.0000
Epoch 78: Time: 0.3931 Cost: 1.0899 Pre: 1.0000 Re: 1.0000 Acc: 1.0000 F1: 1.0000
Epoch 79: Time: 0.4341 Cost: 1.0791 Pre: 1.0000 Re: 1.0000 Acc: 1.0000 F1: 1.0000
Epoch 80: Time: 0.4042 Cost: 1.0689 Pre: 1.0000 Re: 1.0000 Acc: 1.0000 F1: 1.0000


--------------------------------------------------------------------
Eval results: Cost:0.9890 Pre:1.0000 Re:1.0000 Acc:1.0000 F1:1.0000
--------------------------------------------------------------------

Epoch 81: Time: 0.4868 Cost: 1.0614 Pre: 1.0000 Re: 1.0000 Acc: 1.0000 F1: 1.0000
Epoch 82: Time: 0.4259 Cost: 1.0585 Pre: 1.0000 Re: 1.0000 Acc: 1.0000 F1: 1.0000
Epoch 83: Time: 0.4240 Cost: 1.0525 Pre: 1.0000 Re: 1.0000 Acc: 1.0000 F1: 1.0000
Epoch 84: Time: 0.3817 Cost: 1.0478 Pre: 1.0000 Re: 1.0000 Acc: 1.0000 F1: 1.0000
Epoch 85: Time: 0.3822 Cost: 1.0469 Pre: 1.0000 Re: 1.0000 Acc: 1.0000 F1: 1.0000
Epoch 86: Time: 0.3784 Cost: 1.0468 Pre: 1.0000 Re: 1.0000 Acc: 1.0000 F1: 1.0000
Epoch 87: Time: 0.3795 Cost: 1.0284 Pre: 1.0000 Re: 1.0000 Acc: 1.0000 F1: 1.0000
Epoch 88: Time: 0.3818 Cost: 1.0172 Pre: 1.0000 Re: 1.0000 Acc: 1.0000 F1: 1.0000
Epoch 89: Time: 0.3782 Cost: 1.0105 Pre: 1.0000 Re: 1.0000 Acc: 1.0000 F1: 1.0000
Epoch 90: Time: 0.3802 Cost: 1.0049 Pre: 1.0000 Re: 1.0000 Acc: 1.0000 F1: 1.0000


--------------------------------------------------------------------
Eval results: Cost:0.9167 Pre:1.0000 Re:1.0000 Acc:1.0000 F1:1.0000
--------------------------------------------------------------------

Epoch 91: Time: 0.3789 Cost: 0.9995 Pre: 1.0000 Re: 1.0000 Acc: 1.0000 F1: 1.0000
Epoch 92: Time: 0.3806 Cost: 0.9946 Pre: 1.0000 Re: 1.0000 Acc: 1.0000 F1: 1.0000
Epoch 93: Time: 0.3809 Cost: 0.9904 Pre: 1.0000 Re: 1.0000 Acc: 1.0000 F1: 1.0000
Epoch 94: Time: 0.3938 Cost: 0.9858 Pre: 1.0000 Re: 1.0000 Acc: 1.0000 F1: 1.0000
Epoch 95: Time: 0.3838 Cost: 0.9809 Pre: 1.0000 Re: 1.0000 Acc: 1.0000 F1: 1.0000
Epoch 96: Time: 0.3788 Cost: 0.9763 Pre: 1.0000 Re: 1.0000 Acc: 1.0000 F1: 1.0000
Epoch 97: Time: 0.3841 Cost: 0.9720 Pre: 1.0000 Re: 1.0000 Acc: 1.0000 F1: 1.0000
Epoch 98: Time: 0.3823 Cost: 0.9679 Pre: 1.0000 Re: 1.0000 Acc: 1.0000 F1: 1.0000
Epoch 99: Time: 0.3776 Cost: 0.9641 Pre: 1.0000 Re: 1.0000 Acc: 1.0000 F1: 1.0000
Epoch 100: Time: 0.3817 Cost: 0.9604 Pre: 1.0000 Re: 1.0000 Acc: 1.0000 F1: 1.0000


--------------------------------------------------------------------
Eval results: Cost:0.8730 Pre:1.0000 Re:1.0000 Acc:1.0000 F1:1.0000
--------------------------------------------------------------------

Epoch 101: Time: 0.3807 Cost: 0.9573 Pre: 1.0000 Re: 1.0000 Acc: 1.0000 F1: 1.0000
Epoch 102: Time: 0.3807 Cost: 0.9540 Pre: 1.0000 Re: 1.0000 Acc: 1.0000 F1: 1.0000
Epoch 103: Time: 0.3799 Cost: 0.9516 Pre: 1.0000 Re: 1.0000 Acc: 1.0000 F1: 1.0000
Epoch 104: Time: 0.3803 Cost: 0.9485 Pre: 1.0000 Re: 1.0000 Acc: 1.0000 F1: 1.0000
Epoch 105: Time: 0.3810 Cost: 0.9462 Pre: 1.0000 Re: 1.0000 Acc: 1.0000 F1: 1.0000
Epoch 106: Time: 0.3778 Cost: 0.9436 Pre: 1.0000 Re: 1.0000 Acc: 1.0000 F1: 1.0000
Epoch 107: Time: 0.3803 Cost: 0.9410 Pre: 1.0000 Re: 1.0000 Acc: 1.0000 F1: 1.0000
Epoch 108: Time: 0.3814 Cost: 0.9387 Pre: 1.0000 Re: 1.0000 Acc: 1.0000 F1: 1.0000
Epoch 109: Time: 0.3787 Cost: 0.9366 Pre: 1.0000 Re: 1.0000 Acc: 1.0000 F1: 1.0000
Epoch 110: Time: 0.3803 Cost: 0.9347 Pre: 1.0000 Re: 1.0000 Acc: 1.0000 F1: 1.0000


--------------------------------------------------------------------
Eval results: Cost:0.8466 Pre:1.0000 Re:1.0000 Acc:1.0000 F1:1.0000
--------------------------------------------------------------------

Epoch 111: Time: 0.3806 Cost: 0.9329 Pre: 1.0000 Re: 1.0000 Acc: 1.0000 F1: 1.0000
Epoch 112: Time: 0.3807 Cost: 0.9307 Pre: 1.0000 Re: 1.0000 Acc: 1.0000 F1: 1.0000
Epoch 113: Time: 0.3769 Cost: 0.9289 Pre: 1.0000 Re: 1.0000 Acc: 1.0000 F1: 1.0000
Epoch 114: Time: 0.3784 Cost: 0.9272 Pre: 1.0000 Re: 1.0000 Acc: 1.0000 F1: 1.0000
Epoch 115: Time: 0.3824 Cost: 0.9255 Pre: 1.0000 Re: 1.0000 Acc: 1.0000 F1: 1.0000
Epoch 116: Time: 0.3766 Cost: 0.9244 Pre: 1.0000 Re: 1.0000 Acc: 1.0000 F1: 1.0000
Epoch 117: Time: 0.3825 Cost: 0.9230 Pre: 1.0000 Re: 1.0000 Acc: 1.0000 F1: 1.0000
Epoch 118: Time: 0.3899 Cost: 0.9218 Pre: 1.0000 Re: 1.0000 Acc: 1.0000 F1: 1.0000
Epoch 119: Time: 0.3795 Cost: 0.9208 Pre: 1.0000 Re: 1.0000 Acc: 1.0000 F1: 1.0000
Epoch 120: Time: 0.3823 Cost: 0.9203 Pre: 1.0000 Re: 1.0000 Acc: 1.0000 F1: 1.0000


--------------------------------------------------------------------
Eval results: Cost:0.8343 Pre:1.0000 Re:1.0000 Acc:1.0000 F1:1.0000
--------------------------------------------------------------------

Epoch 121: Time: 0.3865 Cost: 0.9189 Pre: 1.0000 Re: 1.0000 Acc: 1.0000 F1: 1.0000
Epoch 122: Time: 0.3837 Cost: 0.9158 Pre: 1.0000 Re: 1.0000 Acc: 1.0000 F1: 1.0000
Epoch 123: Time: 0.3793 Cost: 0.9147 Pre: 1.0000 Re: 1.0000 Acc: 1.0000 F1: 1.0000
Epoch 124: Time: 0.3822 Cost: 0.9140 Pre: 1.0000 Re: 1.0000 Acc: 1.0000 F1: 1.0000
Epoch 125: Time: 0.3810 Cost: 0.9131 Pre: 1.0000 Re: 1.0000 Acc: 1.0000 F1: 1.0000
Epoch 126: Time: 0.3794 Cost: 0.9121 Pre: 1.0000 Re: 1.0000 Acc: 1.0000 F1: 1.0000
Epoch 127: Time: 0.3826 Cost: 0.9115 Pre: 1.0000 Re: 1.0000 Acc: 1.0000 F1: 1.0000
Epoch 128: Time: 0.3966 Cost: 0.9108 Pre: 1.0000 Re: 1.0000 Acc: 1.0000 F1: 1.0000
Epoch 129: Time: 0.3785 Cost: 0.9103 Pre: 1.0000 Re: 1.0000 Acc: 1.0000 F1: 1.0000
Epoch 130: Time: 0.3806 Cost: 0.9101 Pre: 1.0000 Re: 1.0000 Acc: 1.0000 F1: 1.0000


--------------------------------------------------------------------
Eval results: Cost:0.8225 Pre:1.0000 Re:1.0000 Acc:1.0000 F1:1.0000
--------------------------------------------------------------------

Epoch 131: Time: 0.3838 Cost: 0.9088 Pre: 1.0000 Re: 1.0000 Acc: 1.0000 F1: 1.0000
Epoch 132: Time: 0.3792 Cost: 0.9067 Pre: 1.0000 Re: 1.0000 Acc: 1.0000 F1: 1.0000
Epoch 133: Time: 0.3786 Cost: 0.9061 Pre: 1.0000 Re: 1.0000 Acc: 1.0000 F1: 1.0000
Epoch 134: Time: 0.3809 Cost: 0.9057 Pre: 1.0000 Re: 1.0000 Acc: 1.0000 F1: 1.0000
Epoch 135: Time: 0.3791 Cost: 0.9054 Pre: 1.0000 Re: 1.0000 Acc: 1.0000 F1: 1.0000
Epoch 136: Time: 0.3787 Cost: 0.9046 Pre: 1.0000 Re: 1.0000 Acc: 1.0000 F1: 1.0000
Epoch 137: Time: 0.3838 Cost: 0.9037 Pre: 1.0000 Re: 1.0000 Acc: 1.0000 F1: 1.0000
Epoch 138: Time: 0.3773 Cost: 0.9031 Pre: 1.0000 Re: 1.0000 Acc: 1.0000 F1: 1.0000
Epoch 139: Time: 0.3822 Cost: 0.9028 Pre: 1.0000 Re: 1.0000 Acc: 1.0000 F1: 1.0000
Epoch 140: Time: 0.3785 Cost: 0.9025 Pre: 1.0000 Re: 1.0000 Acc: 1.0000 F1: 1.0000


--------------------------------------------------------------------
Eval results: Cost:0.8093 Pre:1.0000 Re:1.0000 Acc:1.0000 F1:1.0000
--------------------------------------------------------------------

Epoch 141: Time: 0.3817 Cost: 0.9018 Pre: 1.0000 Re: 1.0000 Acc: 1.0000 F1: 1.0000
Epoch 142: Time: 0.3911 Cost: 0.9006 Pre: 1.0000 Re: 1.0000 Acc: 1.0000 F1: 1.0000
Epoch 143: Time: 0.3813 Cost: 0.9002 Pre: 1.0000 Re: 1.0000 Acc: 1.0000 F1: 1.0000
Epoch 144: Time: 0.3820 Cost: 0.8999 Pre: 1.0000 Re: 1.0000 Acc: 1.0000 F1: 1.0000
Epoch 145: Time: 0.3775 Cost: 0.8996 Pre: 1.0000 Re: 1.0000 Acc: 1.0000 F1: 1.0000
Epoch 146: Time: 0.3921 Cost: 0.8992 Pre: 1.0000 Re: 1.0000 Acc: 1.0000 F1: 1.0000
Epoch 147: Time: 0.3780 Cost: 0.8986 Pre: 1.0000 Re: 1.0000 Acc: 1.0000 F1: 1.0000
Epoch 148: Time: 0.4923 Cost: 0.8981 Pre: 1.0000 Re: 1.0000 Acc: 1.0000 F1: 1.0000
Epoch 149: Time: 0.4425 Cost: 0.8980 Pre: 1.0000 Re: 1.0000 Acc: 1.0000 F1: 1.0000
Epoch 150: Time: 0.3886 Cost: 0.8978 Pre: 1.0000 Re: 1.0000 Acc: 1.0000 F1: 1.0000


--------------------------------------------------------------------
Eval results: Cost:0.8033 Pre:1.0000 Re:1.0000 Acc:1.0000 F1:1.0000
--------------------------------------------------------------------

Epoch 151: Time: 0.3816 Cost: 0.8973 Pre: 1.0000 Re: 1.0000 Acc: 1.0000 F1: 1.0000
Epoch 152: Time: 0.3777 Cost: 0.8964 Pre: 1.0000 Re: 1.0000 Acc: 1.0000 F1: 1.0000
Epoch 153: Time: 0.3821 Cost: 0.8960 Pre: 1.0000 Re: 1.0000 Acc: 1.0000 F1: 1.0000
Epoch 154: Time: 0.3777 Cost: 0.8957 Pre: 1.0000 Re: 1.0000 Acc: 1.0000 F1: 1.0000
Epoch 155: Time: 0.3793 Cost: 0.8955 Pre: 1.0000 Re: 1.0000 Acc: 1.0000 F1: 1.0000
Epoch 156: Time: 0.3811 Cost: 0.8953 Pre: 1.0000 Re: 1.0000 Acc: 1.0000 F1: 1.0000
Epoch 157: Time: 0.3778 Cost: 0.8949 Pre: 1.0000 Re: 1.0000 Acc: 1.0000 F1: 1.0000
Epoch 158: Time: 0.3811 Cost: 0.8945 Pre: 1.0000 Re: 1.0000 Acc: 1.0000 F1: 1.0000
Epoch 159: Time: 0.3788 Cost: 0.8944 Pre: 1.0000 Re: 1.0000 Acc: 1.0000 F1: 1.0000
Epoch 160: Time: 0.3792 Cost: 0.8942 Pre: 1.0000 Re: 1.0000 Acc: 1.0000 F1: 1.0000


--------------------------------------------------------------------
Eval results: Cost:0.7978 Pre:1.0000 Re:1.0000 Acc:1.0000 F1:1.0000
--------------------------------------------------------------------

Epoch 161: Time: 0.3815 Cost: 0.8939 Pre: 1.0000 Re: 1.0000 Acc: 1.0000 F1: 1.0000
Epoch 162: Time: 0.3794 Cost: 0.8933 Pre: 1.0000 Re: 1.0000 Acc: 1.0000 F1: 1.0000
Epoch 163: Time: 0.3820 Cost: 0.8929 Pre: 1.0000 Re: 1.0000 Acc: 1.0000 F1: 1.0000
Epoch 164: Time: 0.3775 Cost: 0.8927 Pre: 1.0000 Re: 1.0000 Acc: 1.0000 F1: 1.0000
Epoch 165: Time: 0.3821 Cost: 0.8926 Pre: 1.0000 Re: 1.0000 Acc: 1.0000 F1: 1.0000
Epoch 166: Time: 0.3797 Cost: 0.8925 Pre: 1.0000 Re: 1.0000 Acc: 1.0000 F1: 1.0000
Epoch 167: Time: 0.3915 Cost: 0.8923 Pre: 1.0000 Re: 1.0000 Acc: 1.0000 F1: 1.0000
Epoch 168: Time: 0.3851 Cost: 0.8919 Pre: 1.0000 Re: 1.0000 Acc: 1.0000 F1: 1.0000
Epoch 169: Time: 0.3788 Cost: 0.8916 Pre: 1.0000 Re: 1.0000 Acc: 1.0000 F1: 1.0000
Epoch 170: Time: 0.3835 Cost: 0.8915 Pre: 1.0000 Re: 1.0000 Acc: 1.0000 F1: 1.0000


--------------------------------------------------------------------
Eval results: Cost:0.7912 Pre:1.0000 Re:1.0000 Acc:1.0000 F1:1.0000
--------------------------------------------------------------------

Epoch 171: Time: 0.3778 Cost: 0.8912 Pre: 1.0000 Re: 1.0000 Acc: 1.0000 F1: 1.0000
Epoch 172: Time: 0.3788 Cost: 0.8909 Pre: 1.0000 Re: 1.0000 Acc: 1.0000 F1: 1.0000
Epoch 173: Time: 0.3836 Cost: 0.8906 Pre: 1.0000 Re: 1.0000 Acc: 1.0000 F1: 1.0000
Epoch 174: Time: 0.3803 Cost: 0.8905 Pre: 1.0000 Re: 1.0000 Acc: 1.0000 F1: 1.0000
Epoch 175: Time: 0.3820 Cost: 0.8904 Pre: 1.0000 Re: 1.0000 Acc: 1.0000 F1: 1.0000
Epoch 176: Time: 0.3793 Cost: 0.8903 Pre: 1.0000 Re: 1.0000 Acc: 1.0000 F1: 1.0000
Epoch 177: Time: 0.3785 Cost: 0.8901 Pre: 1.0000 Re: 1.0000 Acc: 1.0000 F1: 1.0000
Epoch 178: Time: 0.3784 Cost: 0.8899 Pre: 1.0000 Re: 1.0000 Acc: 1.0000 F1: 1.0000
Epoch 179: Time: 0.3770 Cost: 0.8897 Pre: 1.0000 Re: 1.0000 Acc: 1.0000 F1: 1.0000
Epoch 180: Time: 0.3821 Cost: 0.8895 Pre: 1.0000 Re: 1.0000 Acc: 1.0000 F1: 1.0000


--------------------------------------------------------------------
Eval results: Cost:0.7865 Pre:1.0000 Re:1.0000 Acc:1.0000 F1:1.0000
--------------------------------------------------------------------

Epoch 181: Time: 0.3787 Cost: 0.8893 Pre: 1.0000 Re: 1.0000 Acc: 1.0000 F1: 1.0000
Epoch 182: Time: 0.3825 Cost: 0.8890 Pre: 1.0000 Re: 1.0000 Acc: 1.0000 F1: 1.0000
Epoch 183: Time: 0.3769 Cost: 0.8888 Pre: 1.0000 Re: 1.0000 Acc: 1.0000 F1: 1.0000
Epoch 184: Time: 0.3794 Cost: 0.8887 Pre: 1.0000 Re: 1.0000 Acc: 1.0000 F1: 1.0000
Epoch 185: Time: 0.4172 Cost: 0.8886 Pre: 1.0000 Re: 1.0000 Acc: 1.0000 F1: 1.0000
Epoch 186: Time: 0.4335 Cost: 0.8885 Pre: 1.0000 Re: 1.0000 Acc: 1.0000 F1: 1.0000
Epoch 187: Time: 0.3816 Cost: 0.8884 Pre: 1.0000 Re: 1.0000 Acc: 1.0000 F1: 1.0000
Epoch 188: Time: 0.3781 Cost: 0.8883 Pre: 1.0000 Re: 1.0000 Acc: 1.0000 F1: 1.0000
Epoch 189: Time: 0.3798 Cost: 0.8881 Pre: 1.0000 Re: 1.0000 Acc: 1.0000 F1: 1.0000
Epoch 190: Time: 0.3801 Cost: 0.8879 Pre: 1.0000 Re: 1.0000 Acc: 1.0000 F1: 1.0000


--------------------------------------------------------------------
Eval results: Cost:0.7840 Pre:1.0000 Re:1.0000 Acc:1.0000 F1:1.0000
--------------------------------------------------------------------

Epoch 191: Time: 0.3810 Cost: 0.8879 Pre: 1.0000 Re: 1.0000 Acc: 1.0000 F1: 1.0000
Epoch 192: Time: 0.3822 Cost: 0.8876 Pre: 1.0000 Re: 1.0000 Acc: 1.0000 F1: 1.0000
Epoch 193: Time: 0.3775 Cost: 0.8873 Pre: 1.0000 Re: 1.0000 Acc: 1.0000 F1: 1.0000
Epoch 194: Time: 0.3867 Cost: 0.8873 Pre: 1.0000 Re: 1.0000 Acc: 1.0000 F1: 1.0000
Epoch 195: Time: 0.3898 Cost: 0.8872 Pre: 1.0000 Re: 1.0000 Acc: 1.0000 F1: 1.0000
Epoch 196: Time: 0.3778 Cost: 0.8871 Pre: 1.0000 Re: 1.0000 Acc: 1.0000 F1: 1.0000
Epoch 197: Time: 0.3802 Cost: 0.8870 Pre: 1.0000 Re: 1.0000 Acc: 1.0000 F1: 1.0000
Epoch 198: Time: 0.3806 Cost: 0.8869 Pre: 1.0000 Re: 1.0000 Acc: 1.0000 F1: 1.0000
Epoch 199: Time: 0.3812 Cost: 0.8868 Pre: 1.0000 Re: 1.0000 Acc: 1.0000 F1: 1.0000
Epoch 200: Time: 0.3811 Cost: 0.8866 Pre: 1.0000 Re: 1.0000 Acc: 1.0000 F1: 1.0000


--------------------------------------------------------------------
Eval results: Cost:0.7826 Pre:1.0000 Re:1.0000 Acc:1.0000 F1:1.0000
--------------------------------------------------------------------

Epoch 201: Time: 0.3814 Cost: 0.8867 Pre: 1.0000 Re: 1.0000 Acc: 1.0000 F1: 1.0000
Epoch 202: Time: 0.3793 Cost: 0.8864 Pre: 1.0000 Re: 1.0000 Acc: 1.0000 F1: 1.0000
Epoch 203: Time: 0.3784 Cost: 0.8862 Pre: 1.0000 Re: 1.0000 Acc: 1.0000 F1: 1.0000
Epoch 204: Time: 0.3820 Cost: 0.8861 Pre: 1.0000 Re: 1.0000 Acc: 1.0000 F1: 1.0000
Epoch 205: Time: 0.3779 Cost: 0.8860 Pre: 1.0000 Re: 1.0000 Acc: 1.0000 F1: 1.0000
Epoch 206: Time: 0.3785 Cost: 0.8859 Pre: 1.0000 Re: 1.0000 Acc: 1.0000 F1: 1.0000
Epoch 207: Time: 0.3813 Cost: 0.8858 Pre: 1.0000 Re: 1.0000 Acc: 1.0000 F1: 1.0000
Epoch 208: Time: 0.3777 Cost: 0.8858 Pre: 1.0000 Re: 1.0000 Acc: 1.0000 F1: 1.0000
Epoch 209: Time: 0.3826 Cost: 0.8857 Pre: 1.0000 Re: 1.0000 Acc: 1.0000 F1: 1.0000
Epoch 210: Time: 0.3791 Cost: 0.8856 Pre: 1.0000 Re: 1.0000 Acc: 1.0000 F1: 1.0000


--------------------------------------------------------------------
Eval results: Cost:0.7817 Pre:1.0000 Re:1.0000 Acc:1.0000 F1:1.0000
--------------------------------------------------------------------

Epoch 211: Time: 0.3836 Cost: 0.8856 Pre: 1.0000 Re: 1.0000 Acc: 1.0000 F1: 1.0000
Epoch 212: Time: 0.3793 Cost: 0.8853 Pre: 1.0000 Re: 1.0000 Acc: 1.0000 F1: 1.0000
Epoch 213: Time: 0.3800 Cost: 0.8852 Pre: 1.0000 Re: 1.0000 Acc: 1.0000 F1: 1.0000
Epoch 214: Time: 0.3805 Cost: 0.8851 Pre: 1.0000 Re: 1.0000 Acc: 1.0000 F1: 1.0000
Epoch 215: Time: 0.3944 Cost: 0.8850 Pre: 1.0000 Re: 1.0000 Acc: 1.0000 F1: 1.0000
Epoch 216: Time: 0.3828 Cost: 0.8850 Pre: 1.0000 Re: 1.0000 Acc: 1.0000 F1: 1.0000
Epoch 217: Time: 0.3793 Cost: 0.8849 Pre: 1.0000 Re: 1.0000 Acc: 1.0000 F1: 1.0000
Epoch 218: Time: 0.3802 Cost: 0.8848 Pre: 1.0000 Re: 1.0000 Acc: 1.0000 F1: 1.0000
Epoch 219: Time: 0.3874 Cost: 0.8847 Pre: 1.0000 Re: 1.0000 Acc: 1.0000 F1: 1.0000
Epoch 220: Time: 0.3772 Cost: 0.8847 Pre: 1.0000 Re: 1.0000 Acc: 1.0000 F1: 1.0000


--------------------------------------------------------------------
Eval results: Cost:0.7812 Pre:1.0000 Re:1.0000 Acc:1.0000 F1:1.0000
--------------------------------------------------------------------

Epoch 221: Time: 0.5101 Cost: 0.8847 Pre: 1.0000 Re: 1.0000 Acc: 1.0000 F1: 1.0000
Epoch 222: Time: 0.6068 Cost: 0.8845 Pre: 1.0000 Re: 1.0000 Acc: 1.0000 F1: 1.0000
Epoch 223: Time: 0.4573 Cost: 0.8844 Pre: 1.0000 Re: 1.0000 Acc: 1.0000 F1: 1.0000
Epoch 224: Time: 0.3808 Cost: 0.8843 Pre: 1.0000 Re: 1.0000 Acc: 1.0000 F1: 1.0000
Epoch 225: Time: 0.3821 Cost: 0.8842 Pre: 1.0000 Re: 1.0000 Acc: 1.0000 F1: 1.0000
Epoch 226: Time: 0.3782 Cost: 0.8841 Pre: 1.0000 Re: 1.0000 Acc: 1.0000 F1: 1.0000
Epoch 227: Time: 0.3791 Cost: 0.8841 Pre: 1.0000 Re: 1.0000 Acc: 1.0000 F1: 1.0000
Epoch 228: Time: 0.3807 Cost: 0.8840 Pre: 1.0000 Re: 1.0000 Acc: 1.0000 F1: 1.0000
Epoch 229: Time: 0.3771 Cost: 0.8840 Pre: 1.0000 Re: 1.0000 Acc: 1.0000 F1: 1.0000
Epoch 230: Time: 0.3823 Cost: 0.8839 Pre: 1.0000 Re: 1.0000 Acc: 1.0000 F1: 1.0000


--------------------------------------------------------------------
Eval results: Cost:0.7808 Pre:1.0000 Re:1.0000 Acc:1.0000 F1:1.0000
--------------------------------------------------------------------

Epoch 231: Time: 0.3777 Cost: 0.8839 Pre: 1.0000 Re: 1.0000 Acc: 1.0000 F1: 1.0000
Epoch 232: Time: 0.3824 Cost: 0.8837 Pre: 1.0000 Re: 1.0000 Acc: 1.0000 F1: 1.0000
Epoch 233: Time: 0.3790 Cost: 0.8837 Pre: 1.0000 Re: 1.0000 Acc: 1.0000 F1: 1.0000
Epoch 234: Time: 0.3794 Cost: 0.8836 Pre: 1.0000 Re: 1.0000 Acc: 1.0000 F1: 1.0000
Epoch 235: Time: 0.3818 Cost: 0.8835 Pre: 1.0000 Re: 1.0000 Acc: 1.0000 F1: 1.0000
Epoch 236: Time: 0.3775 Cost: 0.8835 Pre: 1.0000 Re: 1.0000 Acc: 1.0000 F1: 1.0000
Epoch 237: Time: 0.3819 Cost: 0.8834 Pre: 1.0000 Re: 1.0000 Acc: 1.0000 F1: 1.0000
Epoch 238: Time: 0.3777 Cost: 0.8834 Pre: 1.0000 Re: 1.0000 Acc: 1.0000 F1: 1.0000
Epoch 239: Time: 0.3938 Cost: 0.8833 Pre: 1.0000 Re: 1.0000 Acc: 1.0000 F1: 1.0000
Epoch 240: Time: 0.3844 Cost: 0.8832 Pre: 1.0000 Re: 1.0000 Acc: 1.0000 F1: 1.0000


--------------------------------------------------------------------
Eval results: Cost:0.7803 Pre:1.0000 Re:1.0000 Acc:1.0000 F1:1.0000
--------------------------------------------------------------------

Early stopping...
--------------------------------------------------------------------
--------------------------------------------------------------------
Test 1996 samples take time: 1.2893
Test results: Cost:0.7808 Pre:1.0000 Re:1.0000 Acc:1.0000 F1:1.0000
--------------------------------------------------------------------

