16768
16562
16206
16632
16380
16425
Load data
RNN type: LSTM Grammar: g7 Seed: 5
Model total parameters: 480
Saving hinit ... 

Epoch 0: Time: 0.1803 Cost: 30.0594 Pre: 0.0000 Re: 0.0000 Acc: 0.5210 F1: 0.0000


--------------------------------------------------------------------
Eval results: Cost:26.5962 Pre:0.0000 Re:0.0000 Acc:0.5724 F1:0.0000
--------------------------------------------------------------------

Epoch 1: Time: 0.1062 Cost: 28.8884 Pre: 0.0000 Re: 0.0000 Acc: 0.5210 F1: 0.0000
Epoch 2: Time: 0.1116 Cost: 27.2667 Pre: 0.0000 Re: 0.0000 Acc: 0.5210 F1: 0.0000
Epoch 3: Time: 0.1094 Cost: 25.5738 Pre: 0.9189 Re: 0.0415 Acc: 0.5391 F1: 0.0793
Epoch 4: Time: 0.1073 Cost: 24.5415 Pre: 0.7340 Re: 0.3768 Acc: 0.6361 F1: 0.4980
Epoch 5: Time: 0.1077 Cost: 24.0349 Pre: 0.7345 Re: 0.4927 Acc: 0.6717 F1: 0.5898
Epoch 6: Time: 0.1087 Cost: 23.6570 Pre: 0.7220 Re: 0.5195 Acc: 0.6741 F1: 0.6043
Epoch 7: Time: 0.1111 Cost: 23.3424 Pre: 0.6960 Re: 0.5305 Acc: 0.6641 F1: 0.6021
Epoch 8: Time: 0.1103 Cost: 23.0837 Pre: 0.6627 Re: 0.5390 Acc: 0.6478 F1: 0.5945
Epoch 9: Time: 0.1089 Cost: 22.8716 Pre: 0.6154 Re: 0.5463 Acc: 0.6192 F1: 0.5788
Epoch 10: Time: 0.1082 Cost: 22.6925 Pre: 0.6154 Re: 0.5463 Acc: 0.6192 F1: 0.5788


--------------------------------------------------------------------
Eval results: Cost:22.6171 Pre:0.5513 Re:0.5603 Acc:0.6170 F1:0.5557
--------------------------------------------------------------------

Epoch 11: Time: 0.1093 Cost: 22.5311 Pre: 0.6374 Re: 0.6024 Acc: 0.6454 F1: 0.6194
Epoch 12: Time: 0.1122 Cost: 22.3731 Pre: 0.6370 Re: 0.6293 Acc: 0.6507 F1: 0.6331
Epoch 13: Time: 0.1084 Cost: 22.1812 Pre: 0.6549 Re: 0.6317 Acc: 0.6641 F1: 0.6431
Epoch 14: Time: 0.1086 Cost: 21.9203 Pre: 0.6935 Re: 0.6293 Acc: 0.6893 F1: 0.6598
Epoch 15: Time: 0.1084 Cost: 21.5413 Pre: 0.7221 Re: 0.6305 Acc: 0.7068 F1: 0.6732
Epoch 16: Time: 0.1120 Cost: 20.9731 Pre: 0.7298 Re: 0.6293 Acc: 0.7109 F1: 0.6758
Epoch 17: Time: 0.1116 Cost: 20.1478 Pre: 0.7422 Re: 0.6354 Acc: 0.7196 F1: 0.6846
Epoch 18: Time: 0.1078 Cost: 19.0870 Pre: 0.7708 Re: 0.6768 Acc: 0.7488 F1: 0.7208
Epoch 19: Time: 0.1060 Cost: 17.9123 Pre: 0.8041 Re: 0.7110 Acc: 0.7786 F1: 0.7547
Epoch 20: Time: 0.1067 Cost: 16.6826 Pre: 0.8080 Re: 0.7598 Acc: 0.7985 F1: 0.7832


--------------------------------------------------------------------
Eval results: Cost:15.3278 Pre:0.8108 Re:0.7818 Acc:0.8287 F1:0.7960
--------------------------------------------------------------------

Epoch 21: Time: 0.1101 Cost: 15.3343 Pre: 0.8308 Re: 0.8024 Acc: 0.8271 F1: 0.8164
Epoch 22: Time: 0.1064 Cost: 13.8120 Pre: 0.8566 Re: 0.8451 Acc: 0.8581 F1: 0.8508
Epoch 23: Time: 0.1068 Cost: 12.2180 Pre: 0.8783 Re: 0.8976 Acc: 0.8914 F1: 0.8878
Epoch 24: Time: 0.1071 Cost: 10.8359 Pre: 0.8815 Re: 0.9341 Acc: 0.9083 F1: 0.9070
Epoch 25: Time: 0.1092 Cost: 9.8906 Pre: 0.8900 Re: 0.9476 Acc: 0.9188 F1: 0.9179
Epoch 26: Time: 0.1114 Cost: 9.2604 Pre: 0.8995 Re: 0.9500 Acc: 0.9252 F1: 0.9241
Epoch 27: Time: 0.1078 Cost: 8.7691 Pre: 0.9056 Re: 0.9598 Acc: 0.9328 F1: 0.9319
Epoch 28: Time: 0.1064 Cost: 8.3390 Pre: 0.9080 Re: 0.9634 Acc: 0.9357 F1: 0.9349
Epoch 29: Time: 0.1066 Cost: 7.9487 Pre: 0.9137 Re: 0.9683 Acc: 0.9410 F1: 0.9402
Epoch 30: Time: 0.1091 Cost: 7.5892 Pre: 0.9192 Re: 0.9707 Acc: 0.9451 F1: 0.9442


--------------------------------------------------------------------
Eval results: Cost:6.5056 Pre:0.9205 Re:0.9805 Acc:0.9554 F1:0.9495
--------------------------------------------------------------------

Epoch 31: Time: 0.1124 Cost: 7.2598 Pre: 0.9226 Re: 0.9744 Acc: 0.9486 F1: 0.9478
Epoch 32: Time: 0.1084 Cost: 6.9556 Pre: 0.9312 Re: 0.9744 Acc: 0.9533 F1: 0.9523
Epoch 33: Time: 0.1086 Cost: 6.6766 Pre: 0.9358 Re: 0.9780 Acc: 0.9574 F1: 0.9565
Epoch 34: Time: 0.1085 Cost: 6.4144 Pre: 0.9381 Re: 0.9793 Acc: 0.9591 F1: 0.9582
Epoch 35: Time: 0.1076 Cost: 6.1659 Pre: 0.9404 Re: 0.9805 Acc: 0.9609 F1: 0.9600
Epoch 36: Time: 0.1119 Cost: 5.9332 Pre: 0.9482 Re: 0.9829 Acc: 0.9661 F1: 0.9653
Epoch 37: Time: 0.1094 Cost: 5.7166 Pre: 0.9527 Re: 0.9829 Acc: 0.9685 F1: 0.9676
Epoch 38: Time: 0.1086 Cost: 5.5127 Pre: 0.9608 Re: 0.9866 Acc: 0.9743 F1: 0.9735
Epoch 39: Time: 0.1088 Cost: 5.3182 Pre: 0.9677 Re: 0.9878 Acc: 0.9784 F1: 0.9777
Epoch 40: Time: 0.1085 Cost: 5.1321 Pre: 0.9713 Re: 0.9902 Acc: 0.9813 F1: 0.9807


--------------------------------------------------------------------
Eval results: Cost:4.3476 Pre:0.9653 Re:0.9967 Acc:0.9833 F1:0.9808
--------------------------------------------------------------------

Epoch 41: Time: 0.1104 Cost: 4.9680 Pre: 0.9736 Re: 0.9902 Acc: 0.9825 F1: 0.9819
Epoch 42: Time: 0.1099 Cost: 4.7908 Pre: 0.9795 Re: 0.9902 Acc: 0.9854 F1: 0.9848
Epoch 43: Time: 0.1074 Cost: 4.6238 Pre: 0.9807 Re: 0.9915 Acc: 0.9866 F1: 0.9861
Epoch 44: Time: 0.1091 Cost: 4.4644 Pre: 0.9843 Re: 0.9927 Acc: 0.9889 F1: 0.9885
Epoch 45: Time: 0.1096 Cost: 4.3131 Pre: 0.9867 Re: 0.9951 Acc: 0.9912 F1: 0.9909
Epoch 46: Time: 0.1106 Cost: 4.1684 Pre: 0.9879 Re: 0.9951 Acc: 0.9918 F1: 0.9915
Epoch 47: Time: 0.1070 Cost: 4.0292 Pre: 0.9891 Re: 0.9951 Acc: 0.9924 F1: 0.9921
Epoch 48: Time: 0.1058 Cost: 3.8954 Pre: 0.9939 Re: 0.9951 Acc: 0.9947 F1: 0.9945
Epoch 49: Time: 0.1062 Cost: 3.7671 Pre: 0.9939 Re: 0.9951 Acc: 0.9947 F1: 0.9945
Epoch 50: Time: 0.1080 Cost: 3.6443 Pre: 0.9951 Re: 0.9951 Acc: 0.9953 F1: 0.9951


--------------------------------------------------------------------
Eval results: Cost:3.0771 Pre:0.9967 Re:0.9967 Acc:0.9972 F1:0.9967
--------------------------------------------------------------------

Epoch 51: Time: 0.1076 Cost: 3.5270 Pre: 0.9951 Re: 0.9963 Acc: 0.9959 F1: 0.9957
Epoch 52: Time: 0.1086 Cost: 3.4080 Pre: 0.9963 Re: 0.9976 Acc: 0.9971 F1: 0.9970
Epoch 53: Time: 0.1092 Cost: 3.2973 Pre: 0.9963 Re: 0.9976 Acc: 0.9971 F1: 0.9970
Epoch 54: Time: 0.1093 Cost: 3.1912 Pre: 0.9963 Re: 0.9976 Acc: 0.9971 F1: 0.9970
Epoch 55: Time: 0.1120 Cost: 3.0889 Pre: 0.9976 Re: 0.9976 Acc: 0.9977 F1: 0.9976
Epoch 56: Time: 0.1077 Cost: 2.9914 Pre: 0.9988 Re: 0.9976 Acc: 0.9982 F1: 0.9982
Epoch 57: Time: 0.1082 Cost: 2.8997 Pre: 1.0000 Re: 0.9976 Acc: 0.9988 F1: 0.9988
Epoch 58: Time: 0.1072 Cost: 2.8130 Pre: 1.0000 Re: 0.9976 Acc: 0.9988 F1: 0.9988
Epoch 59: Time: 0.1101 Cost: 2.7305 Pre: 1.0000 Re: 0.9976 Acc: 0.9988 F1: 0.9988
Epoch 60: Time: 0.1123 Cost: 2.6525 Pre: 1.0000 Re: 0.9976 Acc: 0.9988 F1: 0.9988


--------------------------------------------------------------------
Eval results: Cost:2.2763 Pre:1.0000 Re:0.9967 Acc:0.9986 F1:0.9984
--------------------------------------------------------------------

Epoch 61: Time: 0.1077 Cost: 2.5801 Pre: 1.0000 Re: 0.9976 Acc: 0.9988 F1: 0.9988
Epoch 62: Time: 0.1081 Cost: 2.5106 Pre: 1.0000 Re: 0.9976 Acc: 0.9988 F1: 0.9988
Epoch 63: Time: 0.1093 Cost: 2.4464 Pre: 1.0000 Re: 0.9976 Acc: 0.9988 F1: 0.9988
Epoch 64: Time: 0.1092 Cost: 2.3865 Pre: 1.0000 Re: 0.9976 Acc: 0.9988 F1: 0.9988
Epoch 65: Time: 0.1107 Cost: 2.3305 Pre: 1.0000 Re: 0.9976 Acc: 0.9988 F1: 0.9988
Epoch 66: Time: 0.1110 Cost: 2.2781 Pre: 1.0000 Re: 0.9976 Acc: 0.9988 F1: 0.9988
Epoch 67: Time: 0.1132 Cost: 2.2293 Pre: 1.0000 Re: 0.9976 Acc: 0.9988 F1: 0.9988
Epoch 68: Time: 0.1067 Cost: 2.1837 Pre: 1.0000 Re: 0.9976 Acc: 0.9988 F1: 0.9988
Epoch 69: Time: 0.1106 Cost: 2.1412 Pre: 1.0000 Re: 0.9976 Acc: 0.9988 F1: 0.9988
Epoch 70: Time: 0.1099 Cost: 2.1015 Pre: 1.0000 Re: 0.9976 Acc: 0.9988 F1: 0.9988


--------------------------------------------------------------------
Eval results: Cost:1.8250 Pre:1.0000 Re:0.9967 Acc:0.9986 F1:0.9984
--------------------------------------------------------------------

Epoch 71: Time: 0.1063 Cost: 2.0643 Pre: 1.0000 Re: 0.9976 Acc: 0.9988 F1: 0.9988
Epoch 72: Time: 0.1061 Cost: 2.0308 Pre: 1.0000 Re: 0.9976 Acc: 0.9988 F1: 0.9988
Epoch 73: Time: 0.1083 Cost: 1.9994 Pre: 1.0000 Re: 0.9976 Acc: 0.9988 F1: 0.9988
Epoch 74: Time: 0.1117 Cost: 1.9695 Pre: 1.0000 Re: 0.9988 Acc: 0.9994 F1: 0.9994
Epoch 75: Time: 0.1134 Cost: 1.9413 Pre: 1.0000 Re: 0.9988 Acc: 0.9994 F1: 0.9994
Epoch 76: Time: 0.1090 Cost: 1.9151 Pre: 1.0000 Re: 0.9988 Acc: 0.9994 F1: 0.9994
Epoch 77: Time: 0.1079 Cost: 1.8905 Pre: 1.0000 Re: 0.9988 Acc: 0.9994 F1: 0.9994
Epoch 78: Time: 0.1079 Cost: 1.8675 Pre: 1.0000 Re: 0.9988 Acc: 0.9994 F1: 0.9994
Epoch 79: Time: 0.1129 Cost: 1.8460 Pre: 1.0000 Re: 0.9988 Acc: 0.9994 F1: 0.9994
Epoch 80: Time: 0.1090 Cost: 1.8259 Pre: 1.0000 Re: 0.9988 Acc: 0.9994 F1: 0.9994


--------------------------------------------------------------------
Eval results: Cost:1.6018 Pre:1.0000 Re:0.9967 Acc:0.9986 F1:0.9984
--------------------------------------------------------------------

Epoch 81: Time: 0.1069 Cost: 1.8065 Pre: 1.0000 Re: 0.9988 Acc: 0.9994 F1: 0.9994
Epoch 82: Time: 0.1075 Cost: 1.7903 Pre: 1.0000 Re: 0.9988 Acc: 0.9994 F1: 0.9994
Epoch 83: Time: 0.1112 Cost: 1.7744 Pre: 1.0000 Re: 0.9988 Acc: 0.9994 F1: 0.9994
Epoch 84: Time: 0.1120 Cost: 1.7589 Pre: 1.0000 Re: 0.9988 Acc: 0.9994 F1: 0.9994
Epoch 85: Time: 0.1079 Cost: 1.7441 Pre: 1.0000 Re: 0.9988 Acc: 0.9994 F1: 0.9994
Epoch 86: Time: 0.1078 Cost: 1.7299 Pre: 1.0000 Re: 0.9988 Acc: 0.9994 F1: 0.9994
Epoch 87: Time: 0.1087 Cost: 1.7164 Pre: 1.0000 Re: 0.9988 Acc: 0.9994 F1: 0.9994
Epoch 88: Time: 0.1097 Cost: 1.7035 Pre: 1.0000 Re: 0.9988 Acc: 0.9994 F1: 0.9994
Epoch 89: Time: 0.1110 Cost: 1.6911 Pre: 1.0000 Re: 0.9988 Acc: 0.9994 F1: 0.9994
Epoch 90: Time: 0.1083 Cost: 1.6793 Pre: 1.0000 Re: 0.9988 Acc: 0.9994 F1: 0.9994


--------------------------------------------------------------------
Eval results: Cost:1.4885 Pre:1.0000 Re:0.9967 Acc:0.9986 F1:0.9984
--------------------------------------------------------------------

Epoch 91: Time: 0.1072 Cost: 1.6682 Pre: 1.0000 Re: 0.9988 Acc: 0.9994 F1: 0.9994
Epoch 92: Time: 0.1073 Cost: 1.6585 Pre: 1.0000 Re: 0.9988 Acc: 0.9994 F1: 0.9994
Epoch 93: Time: 0.1219 Cost: 1.6477 Pre: 1.0000 Re: 0.9988 Acc: 0.9994 F1: 0.9994
Epoch 94: Time: 0.1159 Cost: 1.6378 Pre: 1.0000 Re: 0.9988 Acc: 0.9994 F1: 0.9994
Epoch 95: Time: 0.1079 Cost: 1.6274 Pre: 1.0000 Re: 0.9988 Acc: 0.9994 F1: 0.9994
Epoch 96: Time: 0.1082 Cost: 1.6177 Pre: 1.0000 Re: 0.9988 Acc: 0.9994 F1: 0.9994
Epoch 97: Time: 0.1091 Cost: 1.6073 Pre: 1.0000 Re: 0.9988 Acc: 0.9994 F1: 0.9994
Epoch 98: Time: 0.1121 Cost: 1.5982 Pre: 1.0000 Re: 0.9988 Acc: 0.9994 F1: 0.9994
Epoch 99: Time: 0.1072 Cost: 1.5877 Pre: 1.0000 Re: 0.9988 Acc: 0.9994 F1: 0.9994
Epoch 100: Time: 0.1082 Cost: 1.5794 Pre: 1.0000 Re: 0.9988 Acc: 0.9994 F1: 0.9994


--------------------------------------------------------------------
Eval results: Cost:1.4196 Pre:1.0000 Re:0.9967 Acc:0.9986 F1:0.9984
--------------------------------------------------------------------

Epoch 101: Time: 0.1090 Cost: 1.5692 Pre: 1.0000 Re: 0.9988 Acc: 0.9994 F1: 0.9994
Epoch 102: Time: 0.1112 Cost: 1.5645 Pre: 1.0000 Re: 0.9988 Acc: 0.9994 F1: 0.9994
Epoch 103: Time: 0.1077 Cost: 1.5523 Pre: 1.0000 Re: 0.9988 Acc: 0.9994 F1: 0.9994
Epoch 104: Time: 0.1072 Cost: 1.5416 Pre: 1.0000 Re: 0.9988 Acc: 0.9994 F1: 0.9994
Epoch 105: Time: 0.1082 Cost: 1.5331 Pre: 1.0000 Re: 0.9988 Acc: 0.9994 F1: 0.9994
Epoch 106: Time: 0.1070 Cost: 1.5228 Pre: 1.0000 Re: 0.9988 Acc: 0.9994 F1: 0.9994
Epoch 107: Time: 0.1096 Cost: 1.5142 Pre: 1.0000 Re: 0.9988 Acc: 0.9994 F1: 0.9994
Epoch 108: Time: 0.1096 Cost: 1.5040 Pre: 1.0000 Re: 0.9988 Acc: 0.9994 F1: 0.9994
Epoch 109: Time: 0.1231 Cost: 1.4961 Pre: 1.0000 Re: 0.9988 Acc: 0.9994 F1: 0.9994
Epoch 110: Time: 0.1125 Cost: 1.4862 Pre: 1.0000 Re: 0.9988 Acc: 0.9994 F1: 0.9994


--------------------------------------------------------------------
Eval results: Cost:1.3118 Pre:1.0000 Re:0.9967 Acc:0.9986 F1:0.9984
--------------------------------------------------------------------

Epoch 111: Time: 0.1242 Cost: 1.4804 Pre: 1.0000 Re: 0.9988 Acc: 0.9994 F1: 0.9994
Epoch 112: Time: 0.1162 Cost: 1.4721 Pre: 1.0000 Re: 0.9988 Acc: 0.9994 F1: 0.9994
Epoch 113: Time: 0.1081 Cost: 1.4719 Pre: 1.0000 Re: 0.9988 Acc: 0.9994 F1: 0.9994
Epoch 114: Time: 0.1061 Cost: 1.4534 Pre: 1.0000 Re: 0.9988 Acc: 0.9994 F1: 0.9994
Epoch 115: Time: 0.1058 Cost: 1.4447 Pre: 1.0000 Re: 0.9988 Acc: 0.9994 F1: 0.9994
Epoch 116: Time: 0.1083 Cost: 1.4358 Pre: 1.0000 Re: 0.9988 Acc: 0.9994 F1: 0.9994
Epoch 117: Time: 0.1108 Cost: 1.4318 Pre: 1.0000 Re: 0.9988 Acc: 0.9994 F1: 0.9994
Epoch 118: Time: 0.1100 Cost: 1.4252 Pre: 1.0000 Re: 0.9988 Acc: 0.9994 F1: 0.9994
Epoch 119: Time: 0.1103 Cost: 1.4283 Pre: 1.0000 Re: 0.9988 Acc: 0.9994 F1: 0.9994
Epoch 120: Time: 0.1073 Cost: 1.4079 Pre: 1.0000 Re: 0.9988 Acc: 0.9994 F1: 0.9994


--------------------------------------------------------------------
Eval results: Cost:1.2560 Pre:1.0000 Re:1.0000 Acc:1.0000 F1:1.0000
--------------------------------------------------------------------

Epoch 121: Time: 0.1114 Cost: 1.3966 Pre: 1.0000 Re: 1.0000 Acc: 1.0000 F1: 1.0000
Epoch 122: Time: 0.1104 Cost: 1.3894 Pre: 1.0000 Re: 1.0000 Acc: 1.0000 F1: 1.0000
Epoch 123: Time: 0.1092 Cost: 1.3834 Pre: 1.0000 Re: 1.0000 Acc: 1.0000 F1: 1.0000
Epoch 124: Time: 0.1095 Cost: 1.3768 Pre: 1.0000 Re: 1.0000 Acc: 1.0000 F1: 1.0000
Epoch 125: Time: 0.1080 Cost: 1.3701 Pre: 1.0000 Re: 1.0000 Acc: 1.0000 F1: 1.0000
Epoch 126: Time: 0.1123 Cost: 1.3645 Pre: 1.0000 Re: 1.0000 Acc: 1.0000 F1: 1.0000
Epoch 127: Time: 0.1107 Cost: 1.3574 Pre: 1.0000 Re: 1.0000 Acc: 1.0000 F1: 1.0000
Epoch 128: Time: 0.1079 Cost: 1.3534 Pre: 1.0000 Re: 1.0000 Acc: 1.0000 F1: 1.0000
Epoch 129: Time: 0.1075 Cost: 1.3473 Pre: 1.0000 Re: 1.0000 Acc: 1.0000 F1: 1.0000
Epoch 130: Time: 0.1086 Cost: 1.3461 Pre: 1.0000 Re: 1.0000 Acc: 1.0000 F1: 1.0000


--------------------------------------------------------------------
Eval results: Cost:1.1900 Pre:1.0000 Re:1.0000 Acc:1.0000 F1:1.0000
--------------------------------------------------------------------

Epoch 131: Time: 0.1095 Cost: 1.3455 Pre: 1.0000 Re: 1.0000 Acc: 1.0000 F1: 1.0000
Epoch 132: Time: 0.1072 Cost: 1.3462 Pre: 1.0000 Re: 1.0000 Acc: 1.0000 F1: 1.0000
Epoch 133: Time: 0.1083 Cost: 1.3557 Pre: 1.0000 Re: 1.0000 Acc: 1.0000 F1: 1.0000
Epoch 134: Time: 0.1069 Cost: 1.3316 Pre: 1.0000 Re: 1.0000 Acc: 1.0000 F1: 1.0000
Epoch 135: Time: 0.1076 Cost: 1.3190 Pre: 1.0000 Re: 1.0000 Acc: 1.0000 F1: 1.0000
Epoch 136: Time: 0.1086 Cost: 1.3110 Pre: 1.0000 Re: 1.0000 Acc: 1.0000 F1: 1.0000
Epoch 137: Time: 0.1060 Cost: 1.3076 Pre: 1.0000 Re: 1.0000 Acc: 1.0000 F1: 1.0000
Epoch 138: Time: 0.1059 Cost: 1.3044 Pre: 1.0000 Re: 1.0000 Acc: 1.0000 F1: 1.0000
Epoch 139: Time: 0.1061 Cost: 1.2991 Pre: 1.0000 Re: 1.0000 Acc: 1.0000 F1: 1.0000
Epoch 140: Time: 0.1063 Cost: 1.2965 Pre: 1.0000 Re: 1.0000 Acc: 1.0000 F1: 1.0000


--------------------------------------------------------------------
Eval results: Cost:1.1515 Pre:1.0000 Re:1.0000 Acc:1.0000 F1:1.0000
--------------------------------------------------------------------

Epoch 141: Time: 0.1073 Cost: 1.2911 Pre: 1.0000 Re: 1.0000 Acc: 1.0000 F1: 1.0000
Epoch 142: Time: 0.1055 Cost: 1.2890 Pre: 1.0000 Re: 1.0000 Acc: 1.0000 F1: 1.0000
Epoch 143: Time: 0.1081 Cost: 1.2828 Pre: 1.0000 Re: 1.0000 Acc: 1.0000 F1: 1.0000
Epoch 144: Time: 0.1078 Cost: 1.2815 Pre: 1.0000 Re: 1.0000 Acc: 1.0000 F1: 1.0000
Epoch 145: Time: 0.1087 Cost: 1.2755 Pre: 1.0000 Re: 1.0000 Acc: 1.0000 F1: 1.0000
Epoch 146: Time: 0.1117 Cost: 1.2745 Pre: 1.0000 Re: 1.0000 Acc: 1.0000 F1: 1.0000
Epoch 147: Time: 0.1085 Cost: 1.2686 Pre: 1.0000 Re: 1.0000 Acc: 1.0000 F1: 1.0000
Epoch 148: Time: 0.1092 Cost: 1.2679 Pre: 1.0000 Re: 1.0000 Acc: 1.0000 F1: 1.0000
Epoch 149: Time: 0.1076 Cost: 1.2620 Pre: 1.0000 Re: 1.0000 Acc: 1.0000 F1: 1.0000
Epoch 150: Time: 0.1087 Cost: 1.2615 Pre: 1.0000 Re: 1.0000 Acc: 1.0000 F1: 1.0000


--------------------------------------------------------------------
Eval results: Cost:1.1168 Pre:1.0000 Re:1.0000 Acc:1.0000 F1:1.0000
--------------------------------------------------------------------

Epoch 151: Time: 0.1088 Cost: 1.2561 Pre: 1.0000 Re: 1.0000 Acc: 1.0000 F1: 1.0000
Epoch 152: Time: 0.1104 Cost: 1.2559 Pre: 1.0000 Re: 1.0000 Acc: 1.0000 F1: 1.0000
Epoch 153: Time: 0.1078 Cost: 1.2497 Pre: 1.0000 Re: 1.0000 Acc: 1.0000 F1: 1.0000
Epoch 154: Time: 0.1097 Cost: 1.2497 Pre: 1.0000 Re: 1.0000 Acc: 1.0000 F1: 1.0000
Epoch 155: Time: 0.1124 Cost: 1.2442 Pre: 1.0000 Re: 1.0000 Acc: 1.0000 F1: 1.0000
Epoch 156: Time: 0.1087 Cost: 1.2439 Pre: 1.0000 Re: 1.0000 Acc: 1.0000 F1: 1.0000
Epoch 157: Time: 0.1078 Cost: 1.2387 Pre: 1.0000 Re: 1.0000 Acc: 1.0000 F1: 1.0000
Epoch 158: Time: 0.1086 Cost: 1.2385 Pre: 1.0000 Re: 1.0000 Acc: 1.0000 F1: 1.0000
Epoch 159: Time: 0.1073 Cost: 1.2334 Pre: 1.0000 Re: 1.0000 Acc: 1.0000 F1: 1.0000
Epoch 160: Time: 0.1110 Cost: 1.2331 Pre: 1.0000 Re: 1.0000 Acc: 1.0000 F1: 1.0000


--------------------------------------------------------------------
Eval results: Cost:1.0895 Pre:1.0000 Re:1.0000 Acc:1.0000 F1:1.0000
--------------------------------------------------------------------

Epoch 161: Time: 0.1064 Cost: 1.2284 Pre: 1.0000 Re: 1.0000 Acc: 1.0000 F1: 1.0000
Epoch 162: Time: 0.1055 Cost: 1.2279 Pre: 1.0000 Re: 1.0000 Acc: 1.0000 F1: 1.0000
Epoch 163: Time: 0.1055 Cost: 1.2233 Pre: 1.0000 Re: 1.0000 Acc: 1.0000 F1: 1.0000
Epoch 164: Time: 0.1075 Cost: 1.2228 Pre: 1.0000 Re: 1.0000 Acc: 1.0000 F1: 1.0000
Epoch 165: Time: 0.1111 Cost: 1.2185 Pre: 1.0000 Re: 1.0000 Acc: 1.0000 F1: 1.0000
Epoch 166: Time: 0.1058 Cost: 1.2174 Pre: 1.0000 Re: 1.0000 Acc: 1.0000 F1: 1.0000
Epoch 167: Time: 0.1078 Cost: 1.2136 Pre: 1.0000 Re: 1.0000 Acc: 1.0000 F1: 1.0000
Epoch 168: Time: 0.1073 Cost: 1.2124 Pre: 1.0000 Re: 1.0000 Acc: 1.0000 F1: 1.0000
Epoch 169: Time: 0.1061 Cost: 1.2085 Pre: 1.0000 Re: 1.0000 Acc: 1.0000 F1: 1.0000
Epoch 170: Time: 0.1114 Cost: 1.2071 Pre: 1.0000 Re: 1.0000 Acc: 1.0000 F1: 1.0000


--------------------------------------------------------------------
Eval results: Cost:1.0645 Pre:1.0000 Re:1.0000 Acc:1.0000 F1:1.0000
--------------------------------------------------------------------

Epoch 171: Time: 0.1082 Cost: 1.2031 Pre: 1.0000 Re: 1.0000 Acc: 1.0000 F1: 1.0000
Epoch 172: Time: 0.1078 Cost: 1.2014 Pre: 1.0000 Re: 1.0000 Acc: 1.0000 F1: 1.0000
Epoch 173: Time: 0.1092 Cost: 1.1983 Pre: 1.0000 Re: 1.0000 Acc: 1.0000 F1: 1.0000
Epoch 174: Time: 0.1107 Cost: 1.1954 Pre: 1.0000 Re: 1.0000 Acc: 1.0000 F1: 1.0000
Epoch 175: Time: 0.1093 Cost: 1.1922 Pre: 1.0000 Re: 1.0000 Acc: 1.0000 F1: 1.0000
Epoch 176: Time: 0.1096 Cost: 1.1891 Pre: 1.0000 Re: 1.0000 Acc: 1.0000 F1: 1.0000
Epoch 177: Time: 0.1079 Cost: 1.1850 Pre: 1.0000 Re: 1.0000 Acc: 1.0000 F1: 1.0000
Epoch 178: Time: 0.1108 Cost: 1.1815 Pre: 1.0000 Re: 1.0000 Acc: 1.0000 F1: 1.0000
Epoch 179: Time: 0.1111 Cost: 1.1766 Pre: 1.0000 Re: 1.0000 Acc: 1.0000 F1: 1.0000
Epoch 180: Time: 0.1091 Cost: 1.1718 Pre: 1.0000 Re: 1.0000 Acc: 1.0000 F1: 1.0000


--------------------------------------------------------------------
Eval results: Cost:1.0320 Pre:1.0000 Re:1.0000 Acc:1.0000 F1:1.0000
--------------------------------------------------------------------

Epoch 181: Time: 0.1077 Cost: 1.1651 Pre: 1.0000 Re: 1.0000 Acc: 1.0000 F1: 1.0000
Epoch 182: Time: 0.1078 Cost: 1.1594 Pre: 1.0000 Re: 1.0000 Acc: 1.0000 F1: 1.0000
Epoch 183: Time: 0.1098 Cost: 1.1523 Pre: 1.0000 Re: 1.0000 Acc: 1.0000 F1: 1.0000
Epoch 184: Time: 0.1107 Cost: 1.1429 Pre: 1.0000 Re: 1.0000 Acc: 1.0000 F1: 1.0000
Epoch 185: Time: 0.1079 Cost: 1.1335 Pre: 1.0000 Re: 1.0000 Acc: 1.0000 F1: 1.0000
Epoch 186: Time: 0.1061 Cost: 1.1224 Pre: 1.0000 Re: 1.0000 Acc: 1.0000 F1: 1.0000
Epoch 187: Time: 0.1103 Cost: 1.1108 Pre: 1.0000 Re: 1.0000 Acc: 1.0000 F1: 1.0000
Epoch 188: Time: 0.1079 Cost: 1.1001 Pre: 1.0000 Re: 1.0000 Acc: 1.0000 F1: 1.0000
Epoch 189: Time: 0.1118 Cost: 1.0885 Pre: 1.0000 Re: 1.0000 Acc: 1.0000 F1: 1.0000
Epoch 190: Time: 0.1062 Cost: 1.0797 Pre: 1.0000 Re: 1.0000 Acc: 1.0000 F1: 1.0000


--------------------------------------------------------------------
Eval results: Cost:0.9568 Pre:1.0000 Re:1.0000 Acc:1.0000 F1:1.0000
--------------------------------------------------------------------

Epoch 191: Time: 0.1075 Cost: 1.0696 Pre: 1.0000 Re: 1.0000 Acc: 1.0000 F1: 1.0000
Epoch 192: Time: 0.1080 Cost: 1.0633 Pre: 1.0000 Re: 1.0000 Acc: 1.0000 F1: 1.0000
Epoch 193: Time: 0.1118 Cost: 1.0544 Pre: 1.0000 Re: 1.0000 Acc: 1.0000 F1: 1.0000
Epoch 194: Time: 0.1075 Cost: 1.0500 Pre: 1.0000 Re: 1.0000 Acc: 1.0000 F1: 1.0000
Epoch 195: Time: 0.1111 Cost: 1.0418 Pre: 1.0000 Re: 1.0000 Acc: 1.0000 F1: 1.0000
Epoch 196: Time: 0.1092 Cost: 1.0387 Pre: 1.0000 Re: 1.0000 Acc: 1.0000 F1: 1.0000
Epoch 197: Time: 0.1100 Cost: 1.0313 Pre: 1.0000 Re: 1.0000 Acc: 1.0000 F1: 1.0000
Epoch 198: Time: 0.1115 Cost: 1.0291 Pre: 1.0000 Re: 1.0000 Acc: 1.0000 F1: 1.0000
Epoch 199: Time: 0.1111 Cost: 1.0221 Pre: 1.0000 Re: 1.0000 Acc: 1.0000 F1: 1.0000
Epoch 200: Time: 0.1104 Cost: 1.0206 Pre: 1.0000 Re: 1.0000 Acc: 1.0000 F1: 1.0000


--------------------------------------------------------------------
Eval results: Cost:0.9087 Pre:1.0000 Re:1.0000 Acc:1.0000 F1:1.0000
--------------------------------------------------------------------

Epoch 201: Time: 0.1081 Cost: 1.0140 Pre: 1.0000 Re: 1.0000 Acc: 1.0000 F1: 1.0000
Epoch 202: Time: 0.1083 Cost: 1.0131 Pre: 1.0000 Re: 1.0000 Acc: 1.0000 F1: 1.0000
Epoch 203: Time: 0.1142 Cost: 1.0068 Pre: 1.0000 Re: 1.0000 Acc: 1.0000 F1: 1.0000
Epoch 204: Time: 0.1085 Cost: 1.0066 Pre: 1.0000 Re: 1.0000 Acc: 1.0000 F1: 1.0000
Epoch 205: Time: 0.1065 Cost: 1.0003 Pre: 1.0000 Re: 1.0000 Acc: 1.0000 F1: 1.0000
Epoch 206: Time: 0.1060 Cost: 1.0006 Pre: 1.0000 Re: 1.0000 Acc: 1.0000 F1: 1.0000
Epoch 207: Time: 0.1074 Cost: 0.9943 Pre: 1.0000 Re: 1.0000 Acc: 1.0000 F1: 1.0000
Epoch 208: Time: 0.1117 Cost: 0.9951 Pre: 1.0000 Re: 1.0000 Acc: 1.0000 F1: 1.0000
Epoch 209: Time: 0.1081 Cost: 0.9888 Pre: 1.0000 Re: 1.0000 Acc: 1.0000 F1: 1.0000
Epoch 210: Time: 0.1068 Cost: 0.9900 Pre: 1.0000 Re: 1.0000 Acc: 1.0000 F1: 1.0000


--------------------------------------------------------------------
Eval results: Cost:0.8852 Pre:1.0000 Re:1.0000 Acc:1.0000 F1:1.0000
--------------------------------------------------------------------

Epoch 211: Time: 0.1081 Cost: 0.9836 Pre: 1.0000 Re: 1.0000 Acc: 1.0000 F1: 1.0000
Epoch 212: Time: 0.1138 Cost: 0.9841 Pre: 1.0000 Re: 1.0000 Acc: 1.0000 F1: 1.0000
Epoch 213: Time: 0.1090 Cost: 0.9788 Pre: 1.0000 Re: 1.0000 Acc: 1.0000 F1: 1.0000
Epoch 214: Time: 0.1091 Cost: 0.9801 Pre: 1.0000 Re: 1.0000 Acc: 1.0000 F1: 1.0000
Epoch 215: Time: 0.1089 Cost: 0.9746 Pre: 1.0000 Re: 1.0000 Acc: 1.0000 F1: 1.0000
Epoch 216: Time: 0.1089 Cost: 0.9760 Pre: 1.0000 Re: 1.0000 Acc: 1.0000 F1: 1.0000
Epoch 217: Time: 0.1114 Cost: 0.9708 Pre: 1.0000 Re: 1.0000 Acc: 1.0000 F1: 1.0000
Epoch 218: Time: 0.1097 Cost: 0.9725 Pre: 1.0000 Re: 1.0000 Acc: 1.0000 F1: 1.0000
Epoch 219: Time: 0.1092 Cost: 0.9671 Pre: 1.0000 Re: 1.0000 Acc: 1.0000 F1: 1.0000
Epoch 220: Time: 0.1074 Cost: 0.9689 Pre: 1.0000 Re: 1.0000 Acc: 1.0000 F1: 1.0000


--------------------------------------------------------------------
Eval results: Cost:0.8668 Pre:1.0000 Re:1.0000 Acc:1.0000 F1:1.0000
--------------------------------------------------------------------

Epoch 221: Time: 0.1098 Cost: 0.9635 Pre: 1.0000 Re: 1.0000 Acc: 1.0000 F1: 1.0000
Epoch 222: Time: 0.1112 Cost: 0.9628 Pre: 1.0000 Re: 1.0000 Acc: 1.0000 F1: 1.0000
Epoch 223: Time: 0.1065 Cost: 0.9591 Pre: 1.0000 Re: 1.0000 Acc: 1.0000 F1: 1.0000
Epoch 224: Time: 0.1083 Cost: 0.9605 Pre: 1.0000 Re: 1.0000 Acc: 1.0000 F1: 1.0000
Epoch 225: Time: 0.1085 Cost: 0.9565 Pre: 1.0000 Re: 1.0000 Acc: 1.0000 F1: 1.0000
Epoch 226: Time: 0.1062 Cost: 0.9574 Pre: 1.0000 Re: 1.0000 Acc: 1.0000 F1: 1.0000
Epoch 227: Time: 0.1101 Cost: 0.9540 Pre: 1.0000 Re: 1.0000 Acc: 1.0000 F1: 1.0000
Epoch 228: Time: 0.1079 Cost: 0.9550 Pre: 1.0000 Re: 1.0000 Acc: 1.0000 F1: 1.0000
Epoch 229: Time: 0.1089 Cost: 0.9515 Pre: 1.0000 Re: 1.0000 Acc: 1.0000 F1: 1.0000
Epoch 230: Time: 0.1269 Cost: 0.9529 Pre: 1.0000 Re: 1.0000 Acc: 1.0000 F1: 1.0000


--------------------------------------------------------------------
Eval results: Cost:0.8520 Pre:1.0000 Re:1.0000 Acc:1.0000 F1:1.0000
--------------------------------------------------------------------

Epoch 231: Time: 0.1126 Cost: 0.9486 Pre: 1.0000 Re: 1.0000 Acc: 1.0000 F1: 1.0000
Epoch 232: Time: 0.1080 Cost: 0.9470 Pre: 1.0000 Re: 1.0000 Acc: 1.0000 F1: 1.0000
Epoch 233: Time: 0.1088 Cost: 0.9444 Pre: 1.0000 Re: 1.0000 Acc: 1.0000 F1: 1.0000
Epoch 234: Time: 0.1093 Cost: 0.9456 Pre: 1.0000 Re: 1.0000 Acc: 1.0000 F1: 1.0000
Epoch 235: Time: 0.1084 Cost: 0.9427 Pre: 1.0000 Re: 1.0000 Acc: 1.0000 F1: 1.0000
Epoch 236: Time: 0.1121 Cost: 0.9430 Pre: 1.0000 Re: 1.0000 Acc: 1.0000 F1: 1.0000
Epoch 237: Time: 0.1094 Cost: 0.9409 Pre: 1.0000 Re: 1.0000 Acc: 1.0000 F1: 1.0000
Epoch 238: Time: 0.1096 Cost: 0.9405 Pre: 1.0000 Re: 1.0000 Acc: 1.0000 F1: 1.0000
Epoch 239: Time: 0.1064 Cost: 0.9387 Pre: 1.0000 Re: 1.0000 Acc: 1.0000 F1: 1.0000
Epoch 240: Time: 0.1076 Cost: 0.9385 Pre: 1.0000 Re: 1.0000 Acc: 1.0000 F1: 1.0000


--------------------------------------------------------------------
Eval results: Cost:0.8342 Pre:1.0000 Re:1.0000 Acc:1.0000 F1:1.0000
--------------------------------------------------------------------

Epoch 241: Time: 0.1115 Cost: 0.9366 Pre: 1.0000 Re: 1.0000 Acc: 1.0000 F1: 1.0000
Epoch 242: Time: 0.1058 Cost: 0.9370 Pre: 1.0000 Re: 1.0000 Acc: 1.0000 F1: 1.0000
Epoch 243: Time: 0.1066 Cost: 0.9345 Pre: 1.0000 Re: 1.0000 Acc: 1.0000 F1: 1.0000
Epoch 244: Time: 0.1071 Cost: 0.9351 Pre: 1.0000 Re: 1.0000 Acc: 1.0000 F1: 1.0000
Epoch 245: Time: 0.1078 Cost: 0.9326 Pre: 1.0000 Re: 1.0000 Acc: 1.0000 F1: 1.0000
Epoch 246: Time: 0.1140 Cost: 0.9331 Pre: 1.0000 Re: 1.0000 Acc: 1.0000 F1: 1.0000
Epoch 247: Time: 0.1078 Cost: 0.9308 Pre: 1.0000 Re: 1.0000 Acc: 1.0000 F1: 1.0000
Epoch 248: Time: 0.1073 Cost: 0.9311 Pre: 1.0000 Re: 1.0000 Acc: 1.0000 F1: 1.0000
Epoch 249: Time: 0.1083 Cost: 0.9291 Pre: 1.0000 Re: 1.0000 Acc: 1.0000 F1: 1.0000
Epoch 250: Time: 0.1089 Cost: 0.9293 Pre: 1.0000 Re: 1.0000 Acc: 1.0000 F1: 1.0000


--------------------------------------------------------------------
Eval results: Cost:0.8249 Pre:1.0000 Re:1.0000 Acc:1.0000 F1:1.0000
--------------------------------------------------------------------

Epoch 251: Time: 0.1100 Cost: 0.9272 Pre: 1.0000 Re: 1.0000 Acc: 1.0000 F1: 1.0000
Epoch 252: Time: 0.1081 Cost: 0.9273 Pre: 1.0000 Re: 1.0000 Acc: 1.0000 F1: 1.0000
Epoch 253: Time: 0.1089 Cost: 0.9252 Pre: 1.0000 Re: 1.0000 Acc: 1.0000 F1: 1.0000
Epoch 254: Time: 0.1083 Cost: 0.9256 Pre: 1.0000 Re: 1.0000 Acc: 1.0000 F1: 1.0000
Epoch 255: Time: 0.1130 Cost: 0.9241 Pre: 1.0000 Re: 1.0000 Acc: 1.0000 F1: 1.0000
Epoch 256: Time: 0.1083 Cost: 0.9237 Pre: 1.0000 Re: 1.0000 Acc: 1.0000 F1: 1.0000
Epoch 257: Time: 0.1077 Cost: 0.9226 Pre: 1.0000 Re: 1.0000 Acc: 1.0000 F1: 1.0000
Epoch 258: Time: 0.1058 Cost: 0.9218 Pre: 1.0000 Re: 1.0000 Acc: 1.0000 F1: 1.0000
Epoch 259: Time: 0.1083 Cost: 0.9210 Pre: 1.0000 Re: 1.0000 Acc: 1.0000 F1: 1.0000
Epoch 260: Time: 0.1101 Cost: 0.9199 Pre: 1.0000 Re: 1.0000 Acc: 1.0000 F1: 1.0000


--------------------------------------------------------------------
Eval results: Cost:0.8127 Pre:1.0000 Re:1.0000 Acc:1.0000 F1:1.0000
--------------------------------------------------------------------

Epoch 261: Time: 0.1062 Cost: 0.9192 Pre: 1.0000 Re: 1.0000 Acc: 1.0000 F1: 1.0000
Epoch 262: Time: 0.1064 Cost: 0.9185 Pre: 1.0000 Re: 1.0000 Acc: 1.0000 F1: 1.0000
Epoch 263: Time: 0.1096 Cost: 0.9181 Pre: 1.0000 Re: 1.0000 Acc: 1.0000 F1: 1.0000
Epoch 264: Time: 0.1105 Cost: 0.9170 Pre: 1.0000 Re: 1.0000 Acc: 1.0000 F1: 1.0000
Epoch 265: Time: 0.1114 Cost: 0.9168 Pre: 1.0000 Re: 1.0000 Acc: 1.0000 F1: 1.0000
Epoch 266: Time: 0.1075 Cost: 0.9156 Pre: 1.0000 Re: 1.0000 Acc: 1.0000 F1: 1.0000
Epoch 267: Time: 0.1098 Cost: 0.9154 Pre: 1.0000 Re: 1.0000 Acc: 1.0000 F1: 1.0000
Epoch 268: Time: 0.1065 Cost: 0.9147 Pre: 1.0000 Re: 1.0000 Acc: 1.0000 F1: 1.0000
Epoch 269: Time: 0.1072 Cost: 0.9139 Pre: 1.0000 Re: 1.0000 Acc: 1.0000 F1: 1.0000
Epoch 270: Time: 0.1114 Cost: 0.9136 Pre: 1.0000 Re: 1.0000 Acc: 1.0000 F1: 1.0000


--------------------------------------------------------------------
Eval results: Cost:0.8071 Pre:1.0000 Re:1.0000 Acc:1.0000 F1:1.0000
--------------------------------------------------------------------

Epoch 271: Time: 0.1186 Cost: 0.9122 Pre: 1.0000 Re: 1.0000 Acc: 1.0000 F1: 1.0000
Epoch 272: Time: 0.1103 Cost: 0.9120 Pre: 1.0000 Re: 1.0000 Acc: 1.0000 F1: 1.0000
Epoch 273: Time: 0.1093 Cost: 0.9118 Pre: 1.0000 Re: 1.0000 Acc: 1.0000 F1: 1.0000
Epoch 274: Time: 0.1136 Cost: 0.9112 Pre: 1.0000 Re: 1.0000 Acc: 1.0000 F1: 1.0000
Epoch 275: Time: 0.1080 Cost: 0.9110 Pre: 1.0000 Re: 1.0000 Acc: 1.0000 F1: 1.0000
Epoch 276: Time: 0.1089 Cost: 0.9102 Pre: 1.0000 Re: 1.0000 Acc: 1.0000 F1: 1.0000
Epoch 277: Time: 0.1082 Cost: 0.9097 Pre: 1.0000 Re: 1.0000 Acc: 1.0000 F1: 1.0000
Epoch 278: Time: 0.1073 Cost: 0.9095 Pre: 1.0000 Re: 1.0000 Acc: 1.0000 F1: 1.0000
Epoch 279: Time: 0.1094 Cost: 0.9087 Pre: 1.0000 Re: 1.0000 Acc: 1.0000 F1: 1.0000
Epoch 280: Time: 0.1086 Cost: 0.9083 Pre: 1.0000 Re: 1.0000 Acc: 1.0000 F1: 1.0000


--------------------------------------------------------------------
Eval results: Cost:0.8022 Pre:1.0000 Re:1.0000 Acc:1.0000 F1:1.0000
--------------------------------------------------------------------

Epoch 281: Time: 0.1065 Cost: 0.9074 Pre: 1.0000 Re: 1.0000 Acc: 1.0000 F1: 1.0000
Epoch 282: Time: 0.1067 Cost: 0.9072 Pre: 1.0000 Re: 1.0000 Acc: 1.0000 F1: 1.0000
Epoch 283: Time: 0.1064 Cost: 0.9068 Pre: 1.0000 Re: 1.0000 Acc: 1.0000 F1: 1.0000
Epoch 284: Time: 0.1105 Cost: 0.9066 Pre: 1.0000 Re: 1.0000 Acc: 1.0000 F1: 1.0000
Epoch 285: Time: 0.1058 Cost: 0.9066 Pre: 1.0000 Re: 1.0000 Acc: 1.0000 F1: 1.0000
Epoch 286: Time: 0.1071 Cost: 0.9057 Pre: 1.0000 Re: 1.0000 Acc: 1.0000 F1: 1.0000
Epoch 287: Time: 0.1065 Cost: 0.9054 Pre: 1.0000 Re: 1.0000 Acc: 1.0000 F1: 1.0000
Epoch 288: Time: 0.1072 Cost: 0.9054 Pre: 1.0000 Re: 1.0000 Acc: 1.0000 F1: 1.0000
Epoch 289: Time: 0.1119 Cost: 0.9045 Pre: 1.0000 Re: 1.0000 Acc: 1.0000 F1: 1.0000
Epoch 290: Time: 0.1081 Cost: 0.9042 Pre: 1.0000 Re: 1.0000 Acc: 1.0000 F1: 1.0000


--------------------------------------------------------------------
Eval results: Cost:0.7987 Pre:1.0000 Re:1.0000 Acc:1.0000 F1:1.0000
--------------------------------------------------------------------

Epoch 291: Time: 0.1073 Cost: 0.9035 Pre: 1.0000 Re: 1.0000 Acc: 1.0000 F1: 1.0000
Epoch 292: Time: 0.1080 Cost: 0.9033 Pre: 1.0000 Re: 1.0000 Acc: 1.0000 F1: 1.0000
Epoch 293: Time: 0.1100 Cost: 0.9028 Pre: 1.0000 Re: 1.0000 Acc: 1.0000 F1: 1.0000
Epoch 294: Time: 0.1100 Cost: 0.9028 Pre: 1.0000 Re: 1.0000 Acc: 1.0000 F1: 1.0000
Epoch 295: Time: 0.1089 Cost: 0.9029 Pre: 1.0000 Re: 1.0000 Acc: 1.0000 F1: 1.0000
Epoch 296: Time: 0.1078 Cost: 0.9021 Pre: 1.0000 Re: 1.0000 Acc: 1.0000 F1: 1.0000
Epoch 297: Time: 0.1116 Cost: 0.9019 Pre: 1.0000 Re: 1.0000 Acc: 1.0000 F1: 1.0000
Epoch 298: Time: 0.1125 Cost: 0.9020 Pre: 1.0000 Re: 1.0000 Acc: 1.0000 F1: 1.0000
Epoch 299: Time: 0.1118 Cost: 0.9012 Pre: 1.0000 Re: 1.0000 Acc: 1.0000 F1: 1.0000
Epoch 300: Time: 0.1089 Cost: 0.9008 Pre: 1.0000 Re: 1.0000 Acc: 1.0000 F1: 1.0000


--------------------------------------------------------------------
Eval results: Cost:0.7961 Pre:1.0000 Re:1.0000 Acc:1.0000 F1:1.0000
--------------------------------------------------------------------

Epoch 301: Time: 0.1093 Cost: 0.9003 Pre: 1.0000 Re: 1.0000 Acc: 1.0000 F1: 1.0000
Epoch 302: Time: 0.1083 Cost: 0.9000 Pre: 1.0000 Re: 1.0000 Acc: 1.0000 F1: 1.0000
Epoch 303: Time: 0.1116 Cost: 0.8997 Pre: 1.0000 Re: 1.0000 Acc: 1.0000 F1: 1.0000
Epoch 304: Time: 0.1095 Cost: 0.8997 Pre: 1.0000 Re: 1.0000 Acc: 1.0000 F1: 1.0000
Epoch 305: Time: 0.1082 Cost: 0.8997 Pre: 1.0000 Re: 1.0000 Acc: 1.0000 F1: 1.0000
Epoch 306: Time: 0.1095 Cost: 0.8993 Pre: 1.0000 Re: 1.0000 Acc: 1.0000 F1: 1.0000
Epoch 307: Time: 0.1070 Cost: 0.8990 Pre: 1.0000 Re: 1.0000 Acc: 1.0000 F1: 1.0000
Epoch 308: Time: 0.1118 Cost: 0.8989 Pre: 1.0000 Re: 1.0000 Acc: 1.0000 F1: 1.0000
Epoch 309: Time: 0.1063 Cost: 0.8985 Pre: 1.0000 Re: 1.0000 Acc: 1.0000 F1: 1.0000
Epoch 310: Time: 0.1097 Cost: 0.8982 Pre: 1.0000 Re: 1.0000 Acc: 1.0000 F1: 1.0000


--------------------------------------------------------------------
Eval results: Cost:0.7928 Pre:1.0000 Re:1.0000 Acc:1.0000 F1:1.0000
--------------------------------------------------------------------

Epoch 311: Time: 0.1076 Cost: 0.8976 Pre: 1.0000 Re: 1.0000 Acc: 1.0000 F1: 1.0000
Epoch 312: Time: 0.1101 Cost: 0.8973 Pre: 1.0000 Re: 1.0000 Acc: 1.0000 F1: 1.0000
Epoch 313: Time: 0.1071 Cost: 0.8971 Pre: 1.0000 Re: 1.0000 Acc: 1.0000 F1: 1.0000
Epoch 314: Time: 0.1092 Cost: 0.8971 Pre: 1.0000 Re: 1.0000 Acc: 1.0000 F1: 1.0000
Epoch 315: Time: 0.1074 Cost: 0.8972 Pre: 1.0000 Re: 1.0000 Acc: 1.0000 F1: 1.0000
Epoch 316: Time: 0.1065 Cost: 0.8969 Pre: 1.0000 Re: 1.0000 Acc: 1.0000 F1: 1.0000
Epoch 317: Time: 0.1101 Cost: 0.8966 Pre: 1.0000 Re: 1.0000 Acc: 1.0000 F1: 1.0000
Epoch 318: Time: 0.1099 Cost: 0.8965 Pre: 1.0000 Re: 1.0000 Acc: 1.0000 F1: 1.0000
Epoch 319: Time: 0.1091 Cost: 0.8962 Pre: 1.0000 Re: 1.0000 Acc: 1.0000 F1: 1.0000
Epoch 320: Time: 0.1071 Cost: 0.8959 Pre: 1.0000 Re: 1.0000 Acc: 1.0000 F1: 1.0000


--------------------------------------------------------------------
Eval results: Cost:0.7907 Pre:1.0000 Re:1.0000 Acc:1.0000 F1:1.0000
--------------------------------------------------------------------

Epoch 321: Time: 0.1097 Cost: 0.8953 Pre: 1.0000 Re: 1.0000 Acc: 1.0000 F1: 1.0000
Epoch 322: Time: 0.1228 Cost: 0.8951 Pre: 1.0000 Re: 1.0000 Acc: 1.0000 F1: 1.0000
Epoch 323: Time: 0.1092 Cost: 0.8950 Pre: 1.0000 Re: 1.0000 Acc: 1.0000 F1: 1.0000
Epoch 324: Time: 0.1092 Cost: 0.8949 Pre: 1.0000 Re: 1.0000 Acc: 1.0000 F1: 1.0000
Epoch 325: Time: 0.1080 Cost: 0.8949 Pre: 1.0000 Re: 1.0000 Acc: 1.0000 F1: 1.0000
Epoch 326: Time: 0.1095 Cost: 0.8949 Pre: 1.0000 Re: 1.0000 Acc: 1.0000 F1: 1.0000
Epoch 327: Time: 0.1121 Cost: 0.8946 Pre: 1.0000 Re: 1.0000 Acc: 1.0000 F1: 1.0000
Epoch 328: Time: 0.1076 Cost: 0.8944 Pre: 1.0000 Re: 1.0000 Acc: 1.0000 F1: 1.0000
Epoch 329: Time: 0.1071 Cost: 0.8943 Pre: 1.0000 Re: 1.0000 Acc: 1.0000 F1: 1.0000
Epoch 330: Time: 0.1072 Cost: 0.8940 Pre: 1.0000 Re: 1.0000 Acc: 1.0000 F1: 1.0000


--------------------------------------------------------------------
Eval results: Cost:0.7886 Pre:1.0000 Re:1.0000 Acc:1.0000 F1:1.0000
--------------------------------------------------------------------

Epoch 331: Time: 0.1139 Cost: 0.8935 Pre: 1.0000 Re: 1.0000 Acc: 1.0000 F1: 1.0000
Epoch 332: Time: 0.1069 Cost: 0.8933 Pre: 1.0000 Re: 1.0000 Acc: 1.0000 F1: 1.0000
Epoch 333: Time: 0.1058 Cost: 0.8932 Pre: 1.0000 Re: 1.0000 Acc: 1.0000 F1: 1.0000
Epoch 334: Time: 0.1057 Cost: 0.8931 Pre: 1.0000 Re: 1.0000 Acc: 1.0000 F1: 1.0000
Epoch 335: Time: 0.1072 Cost: 0.8931 Pre: 1.0000 Re: 1.0000 Acc: 1.0000 F1: 1.0000
Epoch 336: Time: 0.1102 Cost: 0.8931 Pre: 1.0000 Re: 1.0000 Acc: 1.0000 F1: 1.0000
Epoch 337: Time: 0.1118 Cost: 0.8929 Pre: 1.0000 Re: 1.0000 Acc: 1.0000 F1: 1.0000
Epoch 338: Time: 0.1076 Cost: 0.8926 Pre: 1.0000 Re: 1.0000 Acc: 1.0000 F1: 1.0000
Epoch 339: Time: 0.1085 Cost: 0.8926 Pre: 1.0000 Re: 1.0000 Acc: 1.0000 F1: 1.0000
Epoch 340: Time: 0.1092 Cost: 0.8924 Pre: 1.0000 Re: 1.0000 Acc: 1.0000 F1: 1.0000


--------------------------------------------------------------------
Eval results: Cost:0.7865 Pre:1.0000 Re:1.0000 Acc:1.0000 F1:1.0000
--------------------------------------------------------------------

Epoch 341: Time: 0.1137 Cost: 0.8919 Pre: 1.0000 Re: 1.0000 Acc: 1.0000 F1: 1.0000
Epoch 342: Time: 0.1095 Cost: 0.8917 Pre: 1.0000 Re: 1.0000 Acc: 1.0000 F1: 1.0000
Epoch 343: Time: 0.1076 Cost: 0.8916 Pre: 1.0000 Re: 1.0000 Acc: 1.0000 F1: 1.0000
Epoch 344: Time: 0.1093 Cost: 0.8915 Pre: 1.0000 Re: 1.0000 Acc: 1.0000 F1: 1.0000
Epoch 345: Time: 0.1092 Cost: 0.8915 Pre: 1.0000 Re: 1.0000 Acc: 1.0000 F1: 1.0000
Epoch 346: Time: 0.1122 Cost: 0.8916 Pre: 1.0000 Re: 1.0000 Acc: 1.0000 F1: 1.0000
Epoch 347: Time: 0.1075 Cost: 0.8914 Pre: 1.0000 Re: 1.0000 Acc: 1.0000 F1: 1.0000
Epoch 348: Time: 0.1088 Cost: 0.8911 Pre: 1.0000 Re: 1.0000 Acc: 1.0000 F1: 1.0000
Epoch 349: Time: 0.1110 Cost: 0.8911 Pre: 1.0000 Re: 1.0000 Acc: 1.0000 F1: 1.0000
Epoch 350: Time: 0.1074 Cost: 0.8910 Pre: 1.0000 Re: 1.0000 Acc: 1.0000 F1: 1.0000


--------------------------------------------------------------------
Eval results: Cost:0.7845 Pre:1.0000 Re:1.0000 Acc:1.0000 F1:1.0000
--------------------------------------------------------------------

Epoch 351: Time: 0.1076 Cost: 0.8905 Pre: 1.0000 Re: 1.0000 Acc: 1.0000 F1: 1.0000
Epoch 352: Time: 0.1070 Cost: 0.8904 Pre: 1.0000 Re: 1.0000 Acc: 1.0000 F1: 1.0000
Epoch 353: Time: 0.1098 Cost: 0.8903 Pre: 1.0000 Re: 1.0000 Acc: 1.0000 F1: 1.0000
Epoch 354: Time: 0.1091 Cost: 0.8902 Pre: 1.0000 Re: 1.0000 Acc: 1.0000 F1: 1.0000
Epoch 355: Time: 0.1088 Cost: 0.8902 Pre: 1.0000 Re: 1.0000 Acc: 1.0000 F1: 1.0000
Epoch 356: Time: 0.1118 Cost: 0.8903 Pre: 1.0000 Re: 1.0000 Acc: 1.0000 F1: 1.0000
Epoch 357: Time: 0.1105 Cost: 0.8901 Pre: 1.0000 Re: 1.0000 Acc: 1.0000 F1: 1.0000
Epoch 358: Time: 0.1102 Cost: 0.8899 Pre: 1.0000 Re: 1.0000 Acc: 1.0000 F1: 1.0000
Epoch 359: Time: 0.1082 Cost: 0.8898 Pre: 1.0000 Re: 1.0000 Acc: 1.0000 F1: 1.0000
Epoch 360: Time: 0.1110 Cost: 0.8898 Pre: 1.0000 Re: 1.0000 Acc: 1.0000 F1: 1.0000


--------------------------------------------------------------------
Eval results: Cost:0.7828 Pre:1.0000 Re:1.0000 Acc:1.0000 F1:1.0000
--------------------------------------------------------------------

Epoch 361: Time: 0.1076 Cost: 0.8893 Pre: 1.0000 Re: 1.0000 Acc: 1.0000 F1: 1.0000
Epoch 362: Time: 0.1065 Cost: 0.8892 Pre: 1.0000 Re: 1.0000 Acc: 1.0000 F1: 1.0000
Epoch 363: Time: 0.1091 Cost: 0.8891 Pre: 1.0000 Re: 1.0000 Acc: 1.0000 F1: 1.0000
Epoch 364: Time: 0.1080 Cost: 0.8890 Pre: 1.0000 Re: 1.0000 Acc: 1.0000 F1: 1.0000
Epoch 365: Time: 0.1155 Cost: 0.8890 Pre: 1.0000 Re: 1.0000 Acc: 1.0000 F1: 1.0000
Epoch 366: Time: 0.1077 Cost: 0.8891 Pre: 1.0000 Re: 1.0000 Acc: 1.0000 F1: 1.0000
Epoch 367: Time: 0.1061 Cost: 0.8890 Pre: 1.0000 Re: 1.0000 Acc: 1.0000 F1: 1.0000
Epoch 368: Time: 0.1084 Cost: 0.8887 Pre: 1.0000 Re: 1.0000 Acc: 1.0000 F1: 1.0000
Epoch 369: Time: 0.1217 Cost: 0.8887 Pre: 1.0000 Re: 1.0000 Acc: 1.0000 F1: 1.0000
Epoch 370: Time: 0.1142 Cost: 0.8887 Pre: 1.0000 Re: 1.0000 Acc: 1.0000 F1: 1.0000


--------------------------------------------------------------------
Eval results: Cost:0.7813 Pre:1.0000 Re:1.0000 Acc:1.0000 F1:1.0000
--------------------------------------------------------------------

Epoch 371: Time: 0.1077 Cost: 0.8883 Pre: 1.0000 Re: 1.0000 Acc: 1.0000 F1: 1.0000
Epoch 372: Time: 0.1089 Cost: 0.8881 Pre: 1.0000 Re: 1.0000 Acc: 1.0000 F1: 1.0000
Epoch 373: Time: 0.1060 Cost: 0.8881 Pre: 1.0000 Re: 1.0000 Acc: 1.0000 F1: 1.0000
Epoch 374: Time: 0.1106 Cost: 0.8880 Pre: 1.0000 Re: 1.0000 Acc: 1.0000 F1: 1.0000
Epoch 375: Time: 0.1080 Cost: 0.8879 Pre: 1.0000 Re: 1.0000 Acc: 1.0000 F1: 1.0000
Epoch 376: Time: 0.1055 Cost: 0.8880 Pre: 1.0000 Re: 1.0000 Acc: 1.0000 F1: 1.0000
Epoch 377: Time: 0.1055 Cost: 0.8880 Pre: 1.0000 Re: 1.0000 Acc: 1.0000 F1: 1.0000
Epoch 378: Time: 0.1060 Cost: 0.8878 Pre: 1.0000 Re: 1.0000 Acc: 1.0000 F1: 1.0000
Epoch 379: Time: 0.1072 Cost: 0.8877 Pre: 1.0000 Re: 1.0000 Acc: 1.0000 F1: 1.0000
Epoch 380: Time: 0.1129 Cost: 0.8877 Pre: 1.0000 Re: 1.0000 Acc: 1.0000 F1: 1.0000


--------------------------------------------------------------------
Eval results: Cost:0.7801 Pre:1.0000 Re:1.0000 Acc:1.0000 F1:1.0000
--------------------------------------------------------------------

Epoch 381: Time: 0.1062 Cost: 0.8873 Pre: 1.0000 Re: 1.0000 Acc: 1.0000 F1: 1.0000
Epoch 382: Time: 0.1081 Cost: 0.8872 Pre: 1.0000 Re: 1.0000 Acc: 1.0000 F1: 1.0000
Epoch 383: Time: 0.1060 Cost: 0.8871 Pre: 1.0000 Re: 1.0000 Acc: 1.0000 F1: 1.0000
Epoch 384: Time: 0.1121 Cost: 0.8871 Pre: 1.0000 Re: 1.0000 Acc: 1.0000 F1: 1.0000
Epoch 385: Time: 0.1088 Cost: 0.8870 Pre: 1.0000 Re: 1.0000 Acc: 1.0000 F1: 1.0000
Epoch 386: Time: 0.1089 Cost: 0.8871 Pre: 1.0000 Re: 1.0000 Acc: 1.0000 F1: 1.0000
Epoch 387: Time: 0.1104 Cost: 0.8871 Pre: 1.0000 Re: 1.0000 Acc: 1.0000 F1: 1.0000
Epoch 388: Time: 0.1103 Cost: 0.8869 Pre: 1.0000 Re: 1.0000 Acc: 1.0000 F1: 1.0000
Epoch 389: Time: 0.1118 Cost: 0.8868 Pre: 1.0000 Re: 1.0000 Acc: 1.0000 F1: 1.0000
Epoch 390: Time: 0.1081 Cost: 0.8868 Pre: 1.0000 Re: 1.0000 Acc: 1.0000 F1: 1.0000


--------------------------------------------------------------------
Eval results: Cost:0.7791 Pre:1.0000 Re:1.0000 Acc:1.0000 F1:1.0000
--------------------------------------------------------------------

Epoch 391: Time: 0.1095 Cost: 0.8865 Pre: 1.0000 Re: 1.0000 Acc: 1.0000 F1: 1.0000
Epoch 392: Time: 0.1085 Cost: 0.8864 Pre: 1.0000 Re: 1.0000 Acc: 1.0000 F1: 1.0000
Epoch 393: Time: 0.1094 Cost: 0.8863 Pre: 1.0000 Re: 1.0000 Acc: 1.0000 F1: 1.0000
Epoch 394: Time: 0.1124 Cost: 0.8862 Pre: 1.0000 Re: 1.0000 Acc: 1.0000 F1: 1.0000
Epoch 395: Time: 0.1101 Cost: 0.8862 Pre: 1.0000 Re: 1.0000 Acc: 1.0000 F1: 1.0000
Epoch 396: Time: 0.1066 Cost: 0.8863 Pre: 1.0000 Re: 1.0000 Acc: 1.0000 F1: 1.0000
Epoch 397: Time: 0.1071 Cost: 0.8863 Pre: 1.0000 Re: 1.0000 Acc: 1.0000 F1: 1.0000
Epoch 398: Time: 0.1092 Cost: 0.8861 Pre: 1.0000 Re: 1.0000 Acc: 1.0000 F1: 1.0000
Epoch 399: Time: 0.1102 Cost: 0.8860 Pre: 1.0000 Re: 1.0000 Acc: 1.0000 F1: 1.0000
Epoch 400: Time: 0.1079 Cost: 0.8860 Pre: 1.0000 Re: 1.0000 Acc: 1.0000 F1: 1.0000


--------------------------------------------------------------------
Eval results: Cost:0.7784 Pre:1.0000 Re:1.0000 Acc:1.0000 F1:1.0000
--------------------------------------------------------------------

Epoch 401: Time: 0.1071 Cost: 0.8857 Pre: 1.0000 Re: 1.0000 Acc: 1.0000 F1: 1.0000
Epoch 402: Time: 0.1080 Cost: 0.8856 Pre: 1.0000 Re: 1.0000 Acc: 1.0000 F1: 1.0000
Epoch 403: Time: 0.1113 Cost: 0.8856 Pre: 1.0000 Re: 1.0000 Acc: 1.0000 F1: 1.0000
Epoch 404: Time: 0.1108 Cost: 0.8855 Pre: 1.0000 Re: 1.0000 Acc: 1.0000 F1: 1.0000
Epoch 405: Time: 0.1085 Cost: 0.8855 Pre: 1.0000 Re: 1.0000 Acc: 1.0000 F1: 1.0000
Epoch 406: Time: 0.1102 Cost: 0.8855 Pre: 1.0000 Re: 1.0000 Acc: 1.0000 F1: 1.0000
Epoch 407: Time: 0.1091 Cost: 0.8855 Pre: 1.0000 Re: 1.0000 Acc: 1.0000 F1: 1.0000
Epoch 408: Time: 0.1120 Cost: 0.8854 Pre: 1.0000 Re: 1.0000 Acc: 1.0000 F1: 1.0000
Epoch 409: Time: 0.1094 Cost: 0.8853 Pre: 1.0000 Re: 1.0000 Acc: 1.0000 F1: 1.0000
Epoch 410: Time: 0.1092 Cost: 0.8853 Pre: 1.0000 Re: 1.0000 Acc: 1.0000 F1: 1.0000


--------------------------------------------------------------------
Eval results: Cost:0.7779 Pre:1.0000 Re:1.0000 Acc:1.0000 F1:1.0000
--------------------------------------------------------------------

Epoch 411: Time: 0.1092 Cost: 0.8850 Pre: 1.0000 Re: 1.0000 Acc: 1.0000 F1: 1.0000
Epoch 412: Time: 0.1114 Cost: 0.8850 Pre: 1.0000 Re: 1.0000 Acc: 1.0000 F1: 1.0000
Epoch 413: Time: 0.1112 Cost: 0.8849 Pre: 1.0000 Re: 1.0000 Acc: 1.0000 F1: 1.0000
Epoch 414: Time: 0.1072 Cost: 0.8849 Pre: 1.0000 Re: 1.0000 Acc: 1.0000 F1: 1.0000
Epoch 415: Time: 0.1062 Cost: 0.8848 Pre: 1.0000 Re: 1.0000 Acc: 1.0000 F1: 1.0000
Epoch 416: Time: 0.1070 Cost: 0.8848 Pre: 1.0000 Re: 1.0000 Acc: 1.0000 F1: 1.0000
Epoch 417: Time: 0.1098 Cost: 0.8849 Pre: 1.0000 Re: 1.0000 Acc: 1.0000 F1: 1.0000
Epoch 418: Time: 0.1108 Cost: 0.8848 Pre: 1.0000 Re: 1.0000 Acc: 1.0000 F1: 1.0000
Epoch 419: Time: 0.1093 Cost: 0.8847 Pre: 1.0000 Re: 1.0000 Acc: 1.0000 F1: 1.0000
Epoch 420: Time: 0.1077 Cost: 0.8846 Pre: 1.0000 Re: 1.0000 Acc: 1.0000 F1: 1.0000


--------------------------------------------------------------------
Eval results: Cost:0.7775 Pre:1.0000 Re:1.0000 Acc:1.0000 F1:1.0000
--------------------------------------------------------------------

Early stopping...
--------------------------------------------------------------------
--------------------------------------------------------------------
Test 1996 samples take time: 0.2870
Test results: Cost:0.7815 Pre:1.0000 Re:1.0000 Acc:1.0000 F1:1.0000
--------------------------------------------------------------------

