16768
16562
16206
16632
16380
16425
Load data
RNN type: O2 Grammar: g7 Seed: 2
Model total parameters: 200
Saving hinit ... 

Epoch 0: Time: 0.1420 Cost: 27.6545 Pre: 0.3178 Re: 0.2902 Acc: 0.3616 F1: 0.3034


--------------------------------------------------------------------
Eval results: Cost:26.4885 Pre:0.2613 Re:0.2638 Acc:0.3663 F1:0.2626
--------------------------------------------------------------------

Epoch 1: Time: 0.0696 Cost: 26.3226 Pre: 0.3004 Re: 0.2488 Acc: 0.3627 F1: 0.2722
Epoch 2: Time: 0.0694 Cost: 25.1732 Pre: 0.6667 Re: 0.0024 Acc: 0.5216 F1: 0.0049
Epoch 3: Time: 0.0689 Cost: 24.3066 Pre: 0.6724 Re: 0.3354 Acc: 0.6034 F1: 0.4475
Epoch 4: Time: 0.0693 Cost: 23.6802 Pre: 0.6044 Re: 0.7098 Acc: 0.6384 F1: 0.6528
Epoch 5: Time: 0.0695 Cost: 23.2087 Pre: 0.6044 Re: 0.7098 Acc: 0.6384 F1: 0.6528
Epoch 6: Time: 0.0699 Cost: 22.8215 Pre: 0.6044 Re: 0.7098 Acc: 0.6384 F1: 0.6528
Epoch 7: Time: 0.0709 Cost: 22.4853 Pre: 0.6044 Re: 0.7098 Acc: 0.6384 F1: 0.6528
Epoch 8: Time: 0.0696 Cost: 22.1952 Pre: 0.6044 Re: 0.7098 Acc: 0.6384 F1: 0.6528
Epoch 9: Time: 0.0692 Cost: 21.9560 Pre: 0.6044 Re: 0.7098 Acc: 0.6384 F1: 0.6528
Epoch 10: Time: 0.0687 Cost: 21.7664 Pre: 0.6044 Re: 0.7098 Acc: 0.6384 F1: 0.6528


--------------------------------------------------------------------
Eval results: Cost:21.7960 Pre:0.5539 Re:0.7362 Acc:0.6337 F1:0.6322
--------------------------------------------------------------------

Epoch 11: Time: 0.0695 Cost: 21.6195 Pre: 0.6044 Re: 0.7098 Acc: 0.6384 F1: 0.6528
Epoch 12: Time: 0.0694 Cost: 21.5035 Pre: 0.6044 Re: 0.7098 Acc: 0.6384 F1: 0.6528
Epoch 13: Time: 0.0701 Cost: 21.4032 Pre: 0.6044 Re: 0.7098 Acc: 0.6384 F1: 0.6528
Epoch 14: Time: 0.0710 Cost: 21.3129 Pre: 0.6044 Re: 0.7098 Acc: 0.6384 F1: 0.6528
Epoch 15: Time: 0.0701 Cost: 21.2296 Pre: 0.6044 Re: 0.7098 Acc: 0.6384 F1: 0.6528
Epoch 16: Time: 0.0691 Cost: 21.1511 Pre: 0.6044 Re: 0.7098 Acc: 0.6384 F1: 0.6528
Epoch 17: Time: 0.0689 Cost: 21.0758 Pre: 0.6044 Re: 0.7098 Acc: 0.6384 F1: 0.6528
Epoch 18: Time: 0.0689 Cost: 21.0027 Pre: 0.6144 Re: 0.6744 Acc: 0.6414 F1: 0.6430
Epoch 19: Time: 0.0687 Cost: 20.9312 Pre: 0.6442 Re: 0.6646 Acc: 0.6636 F1: 0.6543
Epoch 20: Time: 0.0701 Cost: 20.8610 Pre: 0.6854 Re: 0.6561 Acc: 0.6910 F1: 0.6704


--------------------------------------------------------------------
Eval results: Cost:21.2248 Pre:0.6231 Re:0.6840 Acc:0.6880 F1:0.6522
--------------------------------------------------------------------

Epoch 21: Time: 0.0689 Cost: 20.7928 Pre: 0.6854 Re: 0.6561 Acc: 0.6910 F1: 0.6704
Epoch 22: Time: 0.0687 Cost: 20.7281 Pre: 0.6854 Re: 0.6561 Acc: 0.6910 F1: 0.6704
Epoch 23: Time: 0.0691 Cost: 20.6636 Pre: 0.6854 Re: 0.6561 Acc: 0.6910 F1: 0.6704
Epoch 24: Time: 0.0687 Cost: 20.5988 Pre: 0.6854 Re: 0.6561 Acc: 0.6910 F1: 0.6704
Epoch 25: Time: 0.0688 Cost: 20.5340 Pre: 0.6854 Re: 0.6561 Acc: 0.6910 F1: 0.6704
Epoch 26: Time: 0.0689 Cost: 20.4697 Pre: 0.6854 Re: 0.6561 Acc: 0.6910 F1: 0.6704
Epoch 27: Time: 0.0694 Cost: 20.4059 Pre: 0.6849 Re: 0.6549 Acc: 0.6904 F1: 0.6696
Epoch 28: Time: 0.0693 Cost: 20.3426 Pre: 0.6849 Re: 0.6549 Acc: 0.6904 F1: 0.6696
Epoch 29: Time: 0.0689 Cost: 20.2798 Pre: 0.6849 Re: 0.6549 Acc: 0.6904 F1: 0.6696
Epoch 30: Time: 0.0688 Cost: 20.2172 Pre: 0.6849 Re: 0.6549 Acc: 0.6904 F1: 0.6696


--------------------------------------------------------------------
Eval results: Cost:20.6879 Pre:0.6231 Re:0.6840 Acc:0.6880 F1:0.6522
--------------------------------------------------------------------

Epoch 31: Time: 0.0697 Cost: 20.1560 Pre: 0.6849 Re: 0.6549 Acc: 0.6904 F1: 0.6696
Epoch 32: Time: 0.0697 Cost: 20.0979 Pre: 0.6846 Re: 0.6512 Acc: 0.6893 F1: 0.6675
Epoch 33: Time: 0.0702 Cost: 20.0385 Pre: 0.6854 Re: 0.6244 Acc: 0.6828 F1: 0.6535
Epoch 34: Time: 0.0696 Cost: 19.9770 Pre: 0.7213 Re: 0.6122 Acc: 0.7009 F1: 0.6623
Epoch 35: Time: 0.0694 Cost: 19.9136 Pre: 0.7265 Re: 0.6122 Acc: 0.7039 F1: 0.6645
Epoch 36: Time: 0.0697 Cost: 19.8487 Pre: 0.7265 Re: 0.6122 Acc: 0.7039 F1: 0.6645
Epoch 37: Time: 0.0691 Cost: 19.7820 Pre: 0.7265 Re: 0.6122 Acc: 0.7039 F1: 0.6645
Epoch 38: Time: 0.0698 Cost: 19.7134 Pre: 0.7265 Re: 0.6122 Acc: 0.7039 F1: 0.6645
Epoch 39: Time: 0.0696 Cost: 19.6425 Pre: 0.7265 Re: 0.6122 Acc: 0.7039 F1: 0.6645
Epoch 40: Time: 0.0698 Cost: 19.5690 Pre: 0.7265 Re: 0.6122 Acc: 0.7039 F1: 0.6645


--------------------------------------------------------------------
Eval results: Cost:20.1394 Pre:0.6588 Re:0.6352 Acc:0.7033 F1:0.6468
--------------------------------------------------------------------

Epoch 41: Time: 0.0691 Cost: 19.4943 Pre: 0.7265 Re: 0.6122 Acc: 0.7039 F1: 0.6645
Epoch 42: Time: 0.0689 Cost: 19.4208 Pre: 0.7265 Re: 0.6122 Acc: 0.7039 F1: 0.6645
Epoch 43: Time: 0.0694 Cost: 19.3420 Pre: 0.7265 Re: 0.6122 Acc: 0.7039 F1: 0.6645
Epoch 44: Time: 0.0689 Cost: 19.2565 Pre: 0.7265 Re: 0.6122 Acc: 0.7039 F1: 0.6645
Epoch 45: Time: 0.0697 Cost: 19.1642 Pre: 0.7265 Re: 0.6122 Acc: 0.7039 F1: 0.6645
Epoch 46: Time: 0.0690 Cost: 19.0650 Pre: 0.7265 Re: 0.6122 Acc: 0.7039 F1: 0.6645
Epoch 47: Time: 0.0714 Cost: 18.9582 Pre: 0.7265 Re: 0.6122 Acc: 0.7039 F1: 0.6645
Epoch 48: Time: 0.0692 Cost: 18.8433 Pre: 0.7297 Re: 0.6451 Acc: 0.7155 F1: 0.6848
Epoch 49: Time: 0.0695 Cost: 18.7195 Pre: 0.7186 Re: 0.7256 Acc: 0.7325 F1: 0.7221
Epoch 50: Time: 0.0700 Cost: 18.5865 Pre: 0.7189 Re: 0.7268 Acc: 0.7331 F1: 0.7229


--------------------------------------------------------------------
Eval results: Cost:19.2805 Pre:0.6580 Re:0.7459 Acc:0.7256 F1:0.6992
--------------------------------------------------------------------

Epoch 51: Time: 0.0691 Cost: 18.4483 Pre: 0.7189 Re: 0.7268 Acc: 0.7331 F1: 0.7229
Epoch 52: Time: 0.0694 Cost: 18.3111 Pre: 0.7193 Re: 0.7280 Acc: 0.7336 F1: 0.7236
Epoch 53: Time: 0.0698 Cost: 18.1597 Pre: 0.7193 Re: 0.7280 Acc: 0.7336 F1: 0.7236
Epoch 54: Time: 0.0697 Cost: 17.9905 Pre: 0.7193 Re: 0.7280 Acc: 0.7336 F1: 0.7236
Epoch 55: Time: 0.0690 Cost: 17.8028 Pre: 0.7193 Re: 0.7280 Acc: 0.7336 F1: 0.7236
Epoch 56: Time: 0.0694 Cost: 17.5954 Pre: 0.7224 Re: 0.7427 Acc: 0.7401 F1: 0.7324
Epoch 57: Time: 0.0691 Cost: 17.3654 Pre: 0.7235 Re: 0.7500 Acc: 0.7430 F1: 0.7365
Epoch 58: Time: 0.0692 Cost: 17.1085 Pre: 0.7391 Re: 0.7671 Acc: 0.7588 F1: 0.7528
Epoch 59: Time: 0.0690 Cost: 16.8195 Pre: 0.7518 Re: 0.7720 Acc: 0.7687 F1: 0.7617
Epoch 60: Time: 0.0703 Cost: 16.4921 Pre: 0.7572 Re: 0.7683 Acc: 0.7710 F1: 0.7627


--------------------------------------------------------------------
Eval results: Cost:17.2483 Pre:0.6905 Re:0.7850 Acc:0.7577 F1:0.7348
--------------------------------------------------------------------

Epoch 61: Time: 0.0698 Cost: 16.1359 Pre: 0.7624 Re: 0.7707 Acc: 0.7751 F1: 0.7665
Epoch 62: Time: 0.0706 Cost: 15.7660 Pre: 0.7633 Re: 0.7707 Acc: 0.7757 F1: 0.7670
Epoch 63: Time: 0.0780 Cost: 15.3345 Pre: 0.7653 Re: 0.7756 Acc: 0.7786 F1: 0.7704
Epoch 64: Time: 0.0771 Cost: 14.8323 Pre: 0.7665 Re: 0.7805 Acc: 0.7810 F1: 0.7734
Epoch 65: Time: 0.0718 Cost: 14.2687 Pre: 0.7799 Re: 0.8037 Acc: 0.7973 F1: 0.7916
Epoch 66: Time: 0.0746 Cost: 13.6604 Pre: 0.8035 Re: 0.8476 Acc: 0.8277 F1: 0.8249
Epoch 67: Time: 0.0706 Cost: 13.0297 Pre: 0.8302 Re: 0.8646 Acc: 0.8505 F1: 0.8471
Epoch 68: Time: 0.0711 Cost: 12.4010 Pre: 0.8458 Re: 0.8829 Acc: 0.8668 F1: 0.8640
Epoch 69: Time: 0.0709 Cost: 11.7965 Pre: 0.8504 Re: 0.8805 Acc: 0.8686 F1: 0.8652
Epoch 70: Time: 0.0701 Cost: 11.2332 Pre: 0.8604 Re: 0.8866 Acc: 0.8768 F1: 0.8733


--------------------------------------------------------------------
Eval results: Cost:11.4238 Pre:0.8193 Re:0.8860 Acc:0.8677 F1:0.8513
--------------------------------------------------------------------

Epoch 71: Time: 0.0698 Cost: 10.7265 Pre: 0.8813 Re: 0.8963 Acc: 0.8925 F1: 0.8888
Epoch 72: Time: 0.0694 Cost: 10.2847 Pre: 0.8890 Re: 0.8988 Acc: 0.8978 F1: 0.8939
Epoch 73: Time: 0.0708 Cost: 9.8924 Pre: 0.8966 Re: 0.8988 Acc: 0.9019 F1: 0.8977
Epoch 74: Time: 0.0697 Cost: 9.5448 Pre: 0.9004 Re: 0.9037 Acc: 0.9060 F1: 0.9020
Epoch 75: Time: 0.0696 Cost: 9.2376 Pre: 0.9044 Re: 0.9110 Acc: 0.9112 F1: 0.9077
Epoch 76: Time: 0.0692 Cost: 8.9649 Pre: 0.9079 Re: 0.9134 Acc: 0.9141 F1: 0.9106
Epoch 77: Time: 0.0689 Cost: 8.7206 Pre: 0.9082 Re: 0.9171 Acc: 0.9159 F1: 0.9126
Epoch 78: Time: 0.0698 Cost: 8.4989 Pre: 0.9087 Re: 0.9220 Acc: 0.9182 F1: 0.9153
Epoch 79: Time: 0.0695 Cost: 8.2950 Pre: 0.9097 Re: 0.9220 Acc: 0.9188 F1: 0.9158
Epoch 80: Time: 0.0701 Cost: 8.1052 Pre: 0.9165 Re: 0.9232 Acc: 0.9229 F1: 0.9198


--------------------------------------------------------------------
Eval results: Cost:7.7872 Pre:0.9159 Re:0.9218 Acc:0.9304 F1:0.9188
--------------------------------------------------------------------

Epoch 81: Time: 0.0699 Cost: 7.9262 Pre: 0.9178 Re: 0.9256 Acc: 0.9246 F1: 0.9217
Epoch 82: Time: 0.0694 Cost: 7.7552 Pre: 0.9200 Re: 0.9256 Acc: 0.9258 F1: 0.9228
Epoch 83: Time: 0.0696 Cost: 7.5924 Pre: 0.9267 Re: 0.9244 Acc: 0.9287 F1: 0.9255
Epoch 84: Time: 0.0696 Cost: 7.4357 Pre: 0.9289 Re: 0.9244 Acc: 0.9299 F1: 0.9267
Epoch 85: Time: 0.0697 Cost: 7.2841 Pre: 0.9324 Re: 0.9256 Acc: 0.9322 F1: 0.9290
Epoch 86: Time: 0.0705 Cost: 7.1368 Pre: 0.9315 Re: 0.9280 Acc: 0.9328 F1: 0.9297
Epoch 87: Time: 0.0701 Cost: 6.9936 Pre: 0.9350 Re: 0.9293 Acc: 0.9352 F1: 0.9321
Epoch 88: Time: 0.0696 Cost: 6.8542 Pre: 0.9373 Re: 0.9293 Acc: 0.9363 F1: 0.9333
Epoch 89: Time: 0.0697 Cost: 6.7188 Pre: 0.9397 Re: 0.9317 Acc: 0.9387 F1: 0.9357
Epoch 90: Time: 0.0688 Cost: 6.5875 Pre: 0.9409 Re: 0.9317 Acc: 0.9393 F1: 0.9363


--------------------------------------------------------------------
Eval results: Cost:6.2419 Pre:0.9320 Re:0.9381 Acc:0.9443 F1:0.9351
--------------------------------------------------------------------

Epoch 91: Time: 0.0698 Cost: 6.4614 Pre: 0.9433 Re: 0.9329 Acc: 0.9410 F1: 0.9381
Epoch 92: Time: 0.0694 Cost: 6.3437 Pre: 0.9470 Re: 0.9378 Acc: 0.9451 F1: 0.9424
Epoch 93: Time: 0.0705 Cost: 6.2285 Pre: 0.9459 Re: 0.9390 Acc: 0.9451 F1: 0.9425
Epoch 94: Time: 0.0700 Cost: 6.1161 Pre: 0.9507 Re: 0.9402 Acc: 0.9480 F1: 0.9454
Epoch 95: Time: 0.0690 Cost: 6.0072 Pre: 0.9542 Re: 0.9402 Acc: 0.9498 F1: 0.9472
Epoch 96: Time: 0.0698 Cost: 5.9023 Pre: 0.9555 Re: 0.9427 Acc: 0.9515 F1: 0.9490
Epoch 97: Time: 0.0696 Cost: 5.8015 Pre: 0.9543 Re: 0.9427 Acc: 0.9509 F1: 0.9485
Epoch 98: Time: 0.0693 Cost: 5.7046 Pre: 0.9567 Re: 0.9439 Acc: 0.9527 F1: 0.9503
Epoch 99: Time: 0.0697 Cost: 5.6114 Pre: 0.9556 Re: 0.9439 Acc: 0.9521 F1: 0.9497
Epoch 100: Time: 0.0713 Cost: 5.5216 Pre: 0.9568 Re: 0.9463 Acc: 0.9539 F1: 0.9516


--------------------------------------------------------------------
Eval results: Cost:5.0969 Pre:0.9448 Re:0.9479 Acc:0.9540 F1:0.9463
--------------------------------------------------------------------

Epoch 101: Time: 0.0690 Cost: 5.4351 Pre: 0.9569 Re: 0.9476 Acc: 0.9544 F1: 0.9522
Epoch 102: Time: 0.0694 Cost: 5.3537 Pre: 0.9569 Re: 0.9488 Acc: 0.9550 F1: 0.9528
Epoch 103: Time: 0.0694 Cost: 5.2739 Pre: 0.9581 Re: 0.9488 Acc: 0.9556 F1: 0.9534
Epoch 104: Time: 0.0701 Cost: 5.1953 Pre: 0.9581 Re: 0.9488 Acc: 0.9556 F1: 0.9534
Epoch 105: Time: 0.0691 Cost: 5.1182 Pre: 0.9594 Re: 0.9500 Acc: 0.9568 F1: 0.9547
Epoch 106: Time: 0.0697 Cost: 5.0425 Pre: 0.9594 Re: 0.9500 Acc: 0.9568 F1: 0.9547
Epoch 107: Time: 0.0694 Cost: 4.9682 Pre: 0.9605 Re: 0.9500 Acc: 0.9574 F1: 0.9552
Epoch 108: Time: 0.0693 Cost: 4.8952 Pre: 0.9606 Re: 0.9512 Acc: 0.9579 F1: 0.9559
Epoch 109: Time: 0.0706 Cost: 4.8232 Pre: 0.9631 Re: 0.9537 Acc: 0.9603 F1: 0.9583
Epoch 110: Time: 0.0692 Cost: 4.7524 Pre: 0.9631 Re: 0.9549 Acc: 0.9609 F1: 0.9590


--------------------------------------------------------------------
Eval results: Cost:4.2216 Pre:0.9544 Re:0.9544 Acc:0.9610 F1:0.9544
--------------------------------------------------------------------

Epoch 111: Time: 0.0696 Cost: 4.6833 Pre: 0.9631 Re: 0.9561 Acc: 0.9614 F1: 0.9596
Epoch 112: Time: 0.0701 Cost: 4.6129 Pre: 0.9656 Re: 0.9573 Acc: 0.9632 F1: 0.9614
Epoch 113: Time: 0.0712 Cost: 4.5448 Pre: 0.9655 Re: 0.9561 Acc: 0.9626 F1: 0.9608
Epoch 114: Time: 0.0695 Cost: 4.4786 Pre: 0.9644 Re: 0.9585 Acc: 0.9632 F1: 0.9615
Epoch 115: Time: 0.0690 Cost: 4.4141 Pre: 0.9669 Re: 0.9622 Acc: 0.9661 F1: 0.9645
Epoch 116: Time: 0.0694 Cost: 4.3514 Pre: 0.9669 Re: 0.9622 Acc: 0.9661 F1: 0.9645
Epoch 117: Time: 0.0699 Cost: 4.2905 Pre: 0.9670 Re: 0.9634 Acc: 0.9667 F1: 0.9652
Epoch 118: Time: 0.0695 Cost: 4.2313 Pre: 0.9657 Re: 0.9622 Acc: 0.9655 F1: 0.9640
Epoch 119: Time: 0.0706 Cost: 4.1739 Pre: 0.9657 Re: 0.9622 Acc: 0.9655 F1: 0.9640
Epoch 120: Time: 0.0694 Cost: 4.1181 Pre: 0.9646 Re: 0.9634 Acc: 0.9655 F1: 0.9640


--------------------------------------------------------------------
Eval results: Cost:3.6250 Pre:0.9613 Re:0.9707 Acc:0.9708 F1:0.9660
--------------------------------------------------------------------

Epoch 121: Time: 0.0694 Cost: 4.0646 Pre: 0.9658 Re: 0.9646 Acc: 0.9667 F1: 0.9652
Epoch 122: Time: 0.0695 Cost: 4.0101 Pre: 0.9659 Re: 0.9671 Acc: 0.9679 F1: 0.9665
Epoch 123: Time: 0.0696 Cost: 3.9563 Pre: 0.9695 Re: 0.9683 Acc: 0.9702 F1: 0.9689
Epoch 124: Time: 0.0700 Cost: 3.9057 Pre: 0.9695 Re: 0.9683 Acc: 0.9702 F1: 0.9689
Epoch 125: Time: 0.0697 Cost: 3.8556 Pre: 0.9695 Re: 0.9683 Acc: 0.9702 F1: 0.9689
Epoch 126: Time: 0.0699 Cost: 3.8068 Pre: 0.9707 Re: 0.9695 Acc: 0.9714 F1: 0.9701
Epoch 127: Time: 0.0705 Cost: 3.7586 Pre: 0.9719 Re: 0.9695 Acc: 0.9720 F1: 0.9707
Epoch 128: Time: 0.0700 Cost: 3.7111 Pre: 0.9719 Re: 0.9695 Acc: 0.9720 F1: 0.9707
Epoch 129: Time: 0.0698 Cost: 3.6643 Pre: 0.9719 Re: 0.9707 Acc: 0.9725 F1: 0.9713
Epoch 130: Time: 0.0698 Cost: 3.6181 Pre: 0.9720 Re: 0.9720 Acc: 0.9731 F1: 0.9720


--------------------------------------------------------------------
Eval results: Cost:3.1713 Pre:0.9615 Re:0.9772 Acc:0.9735 F1:0.9693
--------------------------------------------------------------------

Epoch 131: Time: 0.0692 Cost: 3.5729 Pre: 0.9720 Re: 0.9732 Acc: 0.9737 F1: 0.9726
Epoch 132: Time: 0.0699 Cost: 3.5266 Pre: 0.9720 Re: 0.9732 Acc: 0.9737 F1: 0.9726
Epoch 133: Time: 0.0705 Cost: 3.4797 Pre: 0.9720 Re: 0.9732 Acc: 0.9737 F1: 0.9726
Epoch 134: Time: 0.0694 Cost: 3.4357 Pre: 0.9720 Re: 0.9744 Acc: 0.9743 F1: 0.9732
Epoch 135: Time: 0.0700 Cost: 3.3917 Pre: 0.9720 Re: 0.9744 Acc: 0.9743 F1: 0.9732
Epoch 136: Time: 0.0709 Cost: 3.3484 Pre: 0.9720 Re: 0.9744 Acc: 0.9743 F1: 0.9732
Epoch 137: Time: 0.0696 Cost: 3.3057 Pre: 0.9721 Re: 0.9756 Acc: 0.9749 F1: 0.9738
Epoch 138: Time: 0.0706 Cost: 3.2634 Pre: 0.9721 Re: 0.9756 Acc: 0.9749 F1: 0.9738
Epoch 139: Time: 0.0700 Cost: 3.2216 Pre: 0.9721 Re: 0.9756 Acc: 0.9749 F1: 0.9738
Epoch 140: Time: 0.0714 Cost: 3.1804 Pre: 0.9721 Re: 0.9756 Acc: 0.9749 F1: 0.9738


--------------------------------------------------------------------
Eval results: Cost:2.7813 Pre:0.9647 Re:0.9805 Acc:0.9763 F1:0.9725
--------------------------------------------------------------------

Epoch 141: Time: 0.0691 Cost: 3.1403 Pre: 0.9721 Re: 0.9756 Acc: 0.9749 F1: 0.9738
Epoch 142: Time: 0.0691 Cost: 3.0994 Pre: 0.9722 Re: 0.9793 Acc: 0.9766 F1: 0.9757
Epoch 143: Time: 0.0698 Cost: 3.0580 Pre: 0.9722 Re: 0.9793 Acc: 0.9766 F1: 0.9757
Epoch 144: Time: 0.0691 Cost: 3.0192 Pre: 0.9745 Re: 0.9793 Acc: 0.9778 F1: 0.9769
Epoch 145: Time: 0.0709 Cost: 2.9803 Pre: 0.9745 Re: 0.9805 Acc: 0.9784 F1: 0.9775
Epoch 146: Time: 0.0708 Cost: 2.9421 Pre: 0.9757 Re: 0.9805 Acc: 0.9790 F1: 0.9781
Epoch 147: Time: 0.0700 Cost: 2.9045 Pre: 0.9757 Re: 0.9805 Acc: 0.9790 F1: 0.9781
Epoch 148: Time: 0.0694 Cost: 2.8674 Pre: 0.9757 Re: 0.9805 Acc: 0.9790 F1: 0.9781
Epoch 149: Time: 0.0698 Cost: 2.8309 Pre: 0.9769 Re: 0.9817 Acc: 0.9801 F1: 0.9793
Epoch 150: Time: 0.0717 Cost: 2.7948 Pre: 0.9769 Re: 0.9817 Acc: 0.9801 F1: 0.9793


--------------------------------------------------------------------
Eval results: Cost:2.4275 Pre:0.9678 Re:0.9805 Acc:0.9777 F1:0.9741
--------------------------------------------------------------------

Epoch 151: Time: 0.0693 Cost: 2.7601 Pre: 0.9782 Re: 0.9829 Acc: 0.9813 F1: 0.9805
Epoch 152: Time: 0.0693 Cost: 2.7248 Pre: 0.9793 Re: 0.9829 Acc: 0.9819 F1: 0.9811
Epoch 153: Time: 0.0710 Cost: 2.6892 Pre: 0.9794 Re: 0.9841 Acc: 0.9825 F1: 0.9818
Epoch 154: Time: 0.0696 Cost: 2.6554 Pre: 0.9794 Re: 0.9854 Acc: 0.9831 F1: 0.9824
Epoch 155: Time: 0.0693 Cost: 2.6214 Pre: 0.9794 Re: 0.9854 Acc: 0.9831 F1: 0.9824
Epoch 156: Time: 0.0692 Cost: 2.5881 Pre: 0.9806 Re: 0.9854 Acc: 0.9836 F1: 0.9830
Epoch 157: Time: 0.0691 Cost: 2.5550 Pre: 0.9818 Re: 0.9854 Acc: 0.9842 F1: 0.9836
Epoch 158: Time: 0.0698 Cost: 2.5224 Pre: 0.9818 Re: 0.9854 Acc: 0.9842 F1: 0.9836
Epoch 159: Time: 0.0692 Cost: 2.4900 Pre: 0.9818 Re: 0.9854 Acc: 0.9842 F1: 0.9836
Epoch 160: Time: 0.0701 Cost: 2.4580 Pre: 0.9818 Re: 0.9854 Acc: 0.9842 F1: 0.9836


--------------------------------------------------------------------
Eval results: Cost:2.0995 Pre:0.9774 Re:0.9870 Acc:0.9847 F1:0.9822
--------------------------------------------------------------------

Epoch 161: Time: 0.0696 Cost: 2.4272 Pre: 0.9842 Re: 0.9866 Acc: 0.9860 F1: 0.9854
Epoch 162: Time: 0.0696 Cost: 2.3956 Pre: 0.9842 Re: 0.9878 Acc: 0.9866 F1: 0.9860
Epoch 163: Time: 0.0697 Cost: 2.3633 Pre: 0.9854 Re: 0.9878 Acc: 0.9871 F1: 0.9866
Epoch 164: Time: 0.0693 Cost: 2.3328 Pre: 0.9854 Re: 0.9890 Acc: 0.9877 F1: 0.9872
Epoch 165: Time: 0.0696 Cost: 2.3017 Pre: 0.9854 Re: 0.9890 Acc: 0.9877 F1: 0.9872
Epoch 166: Time: 0.0707 Cost: 2.2710 Pre: 0.9866 Re: 0.9890 Acc: 0.9883 F1: 0.9878
Epoch 167: Time: 0.0696 Cost: 2.2404 Pre: 0.9878 Re: 0.9890 Acc: 0.9889 F1: 0.9884
Epoch 168: Time: 0.0696 Cost: 2.2099 Pre: 0.9878 Re: 0.9890 Acc: 0.9889 F1: 0.9884
Epoch 169: Time: 0.0701 Cost: 2.1795 Pre: 0.9890 Re: 0.9890 Acc: 0.9895 F1: 0.9890
Epoch 170: Time: 0.0749 Cost: 2.1492 Pre: 0.9890 Re: 0.9902 Acc: 0.9901 F1: 0.9896


--------------------------------------------------------------------
Eval results: Cost:1.7929 Pre:0.9807 Re:0.9935 Acc:0.9889 F1:0.9871
--------------------------------------------------------------------

Epoch 171: Time: 0.0698 Cost: 2.1199 Pre: 0.9902 Re: 0.9902 Acc: 0.9907 F1: 0.9902
Epoch 172: Time: 0.0776 Cost: 2.0903 Pre: 0.9915 Re: 0.9927 Acc: 0.9924 F1: 0.9921
Epoch 173: Time: 0.0766 Cost: 2.0595 Pre: 0.9927 Re: 0.9927 Acc: 0.9930 F1: 0.9927
Epoch 174: Time: 0.0693 Cost: 2.0301 Pre: 0.9927 Re: 0.9927 Acc: 0.9930 F1: 0.9927
Epoch 175: Time: 0.0691 Cost: 2.0006 Pre: 0.9927 Re: 0.9939 Acc: 0.9936 F1: 0.9933
Epoch 176: Time: 0.0693 Cost: 1.9711 Pre: 0.9927 Re: 0.9939 Acc: 0.9936 F1: 0.9933
Epoch 177: Time: 0.0696 Cost: 1.9418 Pre: 0.9927 Re: 0.9939 Acc: 0.9936 F1: 0.9933
Epoch 178: Time: 0.0697 Cost: 1.9128 Pre: 0.9927 Re: 0.9951 Acc: 0.9942 F1: 0.9939
Epoch 179: Time: 0.0705 Cost: 1.8839 Pre: 0.9927 Re: 0.9963 Acc: 0.9947 F1: 0.9945
Epoch 180: Time: 0.0706 Cost: 1.8553 Pre: 0.9927 Re: 0.9963 Acc: 0.9947 F1: 0.9945


--------------------------------------------------------------------
Eval results: Cost:1.5144 Pre:0.9871 Re:0.9967 Acc:0.9930 F1:0.9919
--------------------------------------------------------------------

Epoch 181: Time: 0.0695 Cost: 1.8274 Pre: 0.9927 Re: 0.9963 Acc: 0.9947 F1: 0.9945
Epoch 182: Time: 0.0692 Cost: 1.8000 Pre: 0.9927 Re: 0.9976 Acc: 0.9953 F1: 0.9951
Epoch 183: Time: 0.0696 Cost: 1.7707 Pre: 0.9927 Re: 0.9976 Acc: 0.9953 F1: 0.9951
Epoch 184: Time: 0.0693 Cost: 1.7434 Pre: 0.9927 Re: 0.9976 Acc: 0.9953 F1: 0.9951
Epoch 185: Time: 0.0699 Cost: 1.7166 Pre: 0.9927 Re: 0.9988 Acc: 0.9959 F1: 0.9957
Epoch 186: Time: 0.0701 Cost: 1.6897 Pre: 0.9927 Re: 0.9988 Acc: 0.9959 F1: 0.9957
Epoch 187: Time: 0.0693 Cost: 1.6632 Pre: 0.9927 Re: 0.9988 Acc: 0.9959 F1: 0.9957
Epoch 188: Time: 0.0699 Cost: 1.6372 Pre: 0.9927 Re: 0.9988 Acc: 0.9959 F1: 0.9957
Epoch 189: Time: 0.0694 Cost: 1.6114 Pre: 0.9927 Re: 1.0000 Acc: 0.9965 F1: 0.9964
Epoch 190: Time: 0.0706 Cost: 1.5860 Pre: 0.9939 Re: 1.0000 Acc: 0.9971 F1: 0.9970


--------------------------------------------------------------------
Eval results: Cost:1.2793 Pre:0.9935 Re:1.0000 Acc:0.9972 F1:0.9968
--------------------------------------------------------------------

Epoch 191: Time: 0.0690 Cost: 1.5611 Pre: 0.9939 Re: 1.0000 Acc: 0.9971 F1: 0.9970
Epoch 192: Time: 0.0699 Cost: 1.5373 Pre: 0.9939 Re: 1.0000 Acc: 0.9971 F1: 0.9970
Epoch 193: Time: 0.0694 Cost: 1.5105 Pre: 0.9939 Re: 1.0000 Acc: 0.9971 F1: 0.9970
Epoch 194: Time: 0.0690 Cost: 1.4864 Pre: 0.9939 Re: 1.0000 Acc: 0.9971 F1: 0.9970
Epoch 195: Time: 0.0688 Cost: 1.4629 Pre: 0.9951 Re: 1.0000 Acc: 0.9977 F1: 0.9976
Epoch 196: Time: 0.0688 Cost: 1.4393 Pre: 0.9951 Re: 1.0000 Acc: 0.9977 F1: 0.9976
Epoch 197: Time: 0.0687 Cost: 1.4161 Pre: 0.9951 Re: 1.0000 Acc: 0.9977 F1: 0.9976
Epoch 198: Time: 0.0696 Cost: 1.3933 Pre: 0.9951 Re: 1.0000 Acc: 0.9977 F1: 0.9976
Epoch 199: Time: 0.0689 Cost: 1.3707 Pre: 0.9951 Re: 1.0000 Acc: 0.9977 F1: 0.9976
Epoch 200: Time: 0.0697 Cost: 1.3484 Pre: 0.9951 Re: 1.0000 Acc: 0.9977 F1: 0.9976


--------------------------------------------------------------------
Eval results: Cost:1.0829 Pre:0.9968 Re:1.0000 Acc:0.9986 F1:0.9984
--------------------------------------------------------------------

Epoch 201: Time: 0.0700 Cost: 1.3267 Pre: 0.9951 Re: 1.0000 Acc: 0.9977 F1: 0.9976
Epoch 202: Time: 0.0704 Cost: 1.3060 Pre: 0.9951 Re: 1.0000 Acc: 0.9977 F1: 0.9976
Epoch 203: Time: 0.0691 Cost: 1.2825 Pre: 0.9976 Re: 1.0000 Acc: 0.9988 F1: 0.9988
Epoch 204: Time: 0.0691 Cost: 1.2610 Pre: 0.9976 Re: 1.0000 Acc: 0.9988 F1: 0.9988
Epoch 205: Time: 0.0688 Cost: 1.2405 Pre: 0.9976 Re: 1.0000 Acc: 0.9988 F1: 0.9988
Epoch 206: Time: 0.0702 Cost: 1.2199 Pre: 0.9976 Re: 1.0000 Acc: 0.9988 F1: 0.9988
Epoch 207: Time: 0.0694 Cost: 1.1995 Pre: 0.9988 Re: 1.0000 Acc: 0.9994 F1: 0.9994
Epoch 208: Time: 0.0688 Cost: 1.1794 Pre: 0.9988 Re: 1.0000 Acc: 0.9994 F1: 0.9994
Epoch 209: Time: 0.0692 Cost: 1.1596 Pre: 0.9988 Re: 1.0000 Acc: 0.9994 F1: 0.9994
Epoch 210: Time: 0.0692 Cost: 1.1400 Pre: 0.9988 Re: 1.0000 Acc: 0.9994 F1: 0.9994


--------------------------------------------------------------------
Eval results: Cost:0.9153 Pre:0.9968 Re:1.0000 Acc:0.9986 F1:0.9984
--------------------------------------------------------------------

Epoch 211: Time: 0.0691 Cost: 1.1208 Pre: 0.9988 Re: 1.0000 Acc: 0.9994 F1: 0.9994
Epoch 212: Time: 0.0690 Cost: 1.1024 Pre: 0.9988 Re: 1.0000 Acc: 0.9994 F1: 0.9994
Epoch 213: Time: 0.0694 Cost: 1.0822 Pre: 0.9988 Re: 1.0000 Acc: 0.9994 F1: 0.9994
Epoch 214: Time: 0.0693 Cost: 1.0630 Pre: 0.9988 Re: 1.0000 Acc: 0.9994 F1: 0.9994
Epoch 215: Time: 0.0691 Cost: 1.0448 Pre: 0.9988 Re: 1.0000 Acc: 0.9994 F1: 0.9994
Epoch 216: Time: 0.0693 Cost: 1.0268 Pre: 0.9988 Re: 1.0000 Acc: 0.9994 F1: 0.9994
Epoch 217: Time: 0.0695 Cost: 1.0088 Pre: 0.9988 Re: 1.0000 Acc: 0.9994 F1: 0.9994
Epoch 218: Time: 0.0698 Cost: 0.9911 Pre: 0.9988 Re: 1.0000 Acc: 0.9994 F1: 0.9994
Epoch 219: Time: 0.0692 Cost: 0.9737 Pre: 0.9988 Re: 1.0000 Acc: 0.9994 F1: 0.9994
Epoch 220: Time: 0.0713 Cost: 0.9565 Pre: 1.0000 Re: 1.0000 Acc: 1.0000 F1: 1.0000


--------------------------------------------------------------------
Eval results: Cost:0.7704 Pre:0.9968 Re:1.0000 Acc:0.9986 F1:0.9984
--------------------------------------------------------------------

Epoch 221: Time: 0.0692 Cost: 0.9396 Pre: 1.0000 Re: 1.0000 Acc: 1.0000 F1: 1.0000
Epoch 222: Time: 0.0691 Cost: 0.9233 Pre: 1.0000 Re: 1.0000 Acc: 1.0000 F1: 1.0000
Epoch 223: Time: 0.0694 Cost: 0.9059 Pre: 1.0000 Re: 1.0000 Acc: 1.0000 F1: 1.0000
Epoch 224: Time: 0.0703 Cost: 0.8890 Pre: 1.0000 Re: 1.0000 Acc: 1.0000 F1: 1.0000
Epoch 225: Time: 0.0689 Cost: 0.8729 Pre: 1.0000 Re: 1.0000 Acc: 1.0000 F1: 1.0000
Epoch 226: Time: 0.0699 Cost: 0.8571 Pre: 1.0000 Re: 1.0000 Acc: 1.0000 F1: 1.0000
Epoch 227: Time: 0.0693 Cost: 0.8414 Pre: 1.0000 Re: 1.0000 Acc: 1.0000 F1: 1.0000
Epoch 228: Time: 0.0697 Cost: 0.8259 Pre: 1.0000 Re: 1.0000 Acc: 1.0000 F1: 1.0000
Epoch 229: Time: 0.0706 Cost: 0.8107 Pre: 1.0000 Re: 1.0000 Acc: 1.0000 F1: 1.0000
Epoch 230: Time: 0.0694 Cost: 0.7956 Pre: 1.0000 Re: 1.0000 Acc: 1.0000 F1: 1.0000


--------------------------------------------------------------------
Eval results: Cost:0.6440 Pre:0.9968 Re:1.0000 Acc:0.9986 F1:0.9984
--------------------------------------------------------------------

Epoch 231: Time: 0.0690 Cost: 0.7808 Pre: 1.0000 Re: 1.0000 Acc: 1.0000 F1: 1.0000
Epoch 232: Time: 0.0704 Cost: 0.7663 Pre: 1.0000 Re: 1.0000 Acc: 1.0000 F1: 1.0000
Epoch 233: Time: 0.0691 Cost: 0.7515 Pre: 1.0000 Re: 1.0000 Acc: 1.0000 F1: 1.0000
Epoch 234: Time: 0.0691 Cost: 0.7367 Pre: 1.0000 Re: 1.0000 Acc: 1.0000 F1: 1.0000
Epoch 235: Time: 0.0692 Cost: 0.7226 Pre: 1.0000 Re: 1.0000 Acc: 1.0000 F1: 1.0000
Epoch 236: Time: 0.0691 Cost: 0.7088 Pre: 1.0000 Re: 1.0000 Acc: 1.0000 F1: 1.0000
Epoch 237: Time: 0.0693 Cost: 0.6951 Pre: 1.0000 Re: 1.0000 Acc: 1.0000 F1: 1.0000
Epoch 238: Time: 0.0696 Cost: 0.6816 Pre: 1.0000 Re: 1.0000 Acc: 1.0000 F1: 1.0000
Epoch 239: Time: 0.0691 Cost: 0.6682 Pre: 1.0000 Re: 1.0000 Acc: 1.0000 F1: 1.0000
Epoch 240: Time: 0.0692 Cost: 0.6551 Pre: 1.0000 Re: 1.0000 Acc: 1.0000 F1: 1.0000


--------------------------------------------------------------------
Eval results: Cost:0.5326 Pre:0.9968 Re:1.0000 Acc:0.9986 F1:0.9984
--------------------------------------------------------------------

Epoch 241: Time: 0.0689 Cost: 0.6422 Pre: 1.0000 Re: 1.0000 Acc: 1.0000 F1: 1.0000
Epoch 242: Time: 0.0694 Cost: 0.6295 Pre: 1.0000 Re: 1.0000 Acc: 1.0000 F1: 1.0000
Epoch 243: Time: 0.0695 Cost: 0.6167 Pre: 1.0000 Re: 1.0000 Acc: 1.0000 F1: 1.0000
Epoch 244: Time: 0.0696 Cost: 0.6039 Pre: 1.0000 Re: 1.0000 Acc: 1.0000 F1: 1.0000
Epoch 245: Time: 0.0693 Cost: 0.5916 Pre: 1.0000 Re: 1.0000 Acc: 1.0000 F1: 1.0000
Epoch 246: Time: 0.0710 Cost: 0.5795 Pre: 1.0000 Re: 1.0000 Acc: 1.0000 F1: 1.0000
Epoch 247: Time: 0.0693 Cost: 0.5676 Pre: 1.0000 Re: 1.0000 Acc: 1.0000 F1: 1.0000
Epoch 248: Time: 0.0694 Cost: 0.5559 Pre: 1.0000 Re: 1.0000 Acc: 1.0000 F1: 1.0000
Epoch 249: Time: 0.0695 Cost: 0.5443 Pre: 1.0000 Re: 1.0000 Acc: 1.0000 F1: 1.0000
Epoch 250: Time: 0.0691 Cost: 0.5328 Pre: 1.0000 Re: 1.0000 Acc: 1.0000 F1: 1.0000


--------------------------------------------------------------------
Eval results: Cost:0.4338 Pre:0.9968 Re:1.0000 Acc:0.9986 F1:0.9984
--------------------------------------------------------------------

Epoch 251: Time: 0.0699 Cost: 0.5217 Pre: 1.0000 Re: 1.0000 Acc: 1.0000 F1: 1.0000
Epoch 252: Time: 0.0691 Cost: 0.5107 Pre: 1.0000 Re: 1.0000 Acc: 1.0000 F1: 1.0000
Epoch 253: Time: 0.0696 Cost: 0.4997 Pre: 1.0000 Re: 1.0000 Acc: 1.0000 F1: 1.0000
Epoch 254: Time: 0.0695 Cost: 0.4888 Pre: 1.0000 Re: 1.0000 Acc: 1.0000 F1: 1.0000
Epoch 255: Time: 0.0695 Cost: 0.4782 Pre: 1.0000 Re: 1.0000 Acc: 1.0000 F1: 1.0000
Epoch 256: Time: 0.0697 Cost: 0.4678 Pre: 1.0000 Re: 1.0000 Acc: 1.0000 F1: 1.0000
Epoch 257: Time: 0.0697 Cost: 0.4575 Pre: 1.0000 Re: 1.0000 Acc: 1.0000 F1: 1.0000
Epoch 258: Time: 0.0697 Cost: 0.4474 Pre: 1.0000 Re: 1.0000 Acc: 1.0000 F1: 1.0000
Epoch 259: Time: 0.0696 Cost: 0.4374 Pre: 1.0000 Re: 1.0000 Acc: 1.0000 F1: 1.0000
Epoch 260: Time: 0.0710 Cost: 0.4276 Pre: 1.0000 Re: 1.0000 Acc: 1.0000 F1: 1.0000


--------------------------------------------------------------------
Eval results: Cost:0.3473 Pre:0.9968 Re:1.0000 Acc:0.9986 F1:0.9984
--------------------------------------------------------------------

Epoch 261: Time: 0.0690 Cost: 0.4180 Pre: 1.0000 Re: 1.0000 Acc: 1.0000 F1: 1.0000
Epoch 262: Time: 0.0694 Cost: 0.4087 Pre: 1.0000 Re: 1.0000 Acc: 1.0000 F1: 1.0000
Epoch 263: Time: 0.0694 Cost: 0.3994 Pre: 1.0000 Re: 1.0000 Acc: 1.0000 F1: 1.0000
Epoch 264: Time: 0.0695 Cost: 0.3902 Pre: 1.0000 Re: 1.0000 Acc: 1.0000 F1: 1.0000
Epoch 265: Time: 0.0695 Cost: 0.3812 Pre: 1.0000 Re: 1.0000 Acc: 1.0000 F1: 1.0000
Epoch 266: Time: 0.0704 Cost: 0.3724 Pre: 1.0000 Re: 1.0000 Acc: 1.0000 F1: 1.0000
Epoch 267: Time: 0.0697 Cost: 0.3636 Pre: 1.0000 Re: 1.0000 Acc: 1.0000 F1: 1.0000
Epoch 268: Time: 0.0696 Cost: 0.3550 Pre: 1.0000 Re: 1.0000 Acc: 1.0000 F1: 1.0000
Epoch 269: Time: 0.0692 Cost: 0.3466 Pre: 1.0000 Re: 1.0000 Acc: 1.0000 F1: 1.0000
Epoch 270: Time: 0.0707 Cost: 0.3383 Pre: 1.0000 Re: 1.0000 Acc: 1.0000 F1: 1.0000


--------------------------------------------------------------------
Eval results: Cost:0.2731 Pre:0.9968 Re:1.0000 Acc:0.9986 F1:0.9984
--------------------------------------------------------------------

Epoch 271: Time: 0.0695 Cost: 0.3303 Pre: 1.0000 Re: 1.0000 Acc: 1.0000 F1: 1.0000
Epoch 272: Time: 0.0687 Cost: 0.3226 Pre: 1.0000 Re: 1.0000 Acc: 1.0000 F1: 1.0000
Epoch 273: Time: 0.0708 Cost: 0.3148 Pre: 1.0000 Re: 1.0000 Acc: 1.0000 F1: 1.0000
Epoch 274: Time: 0.0694 Cost: 0.3072 Pre: 1.0000 Re: 1.0000 Acc: 1.0000 F1: 1.0000
Epoch 275: Time: 0.0691 Cost: 0.2997 Pre: 1.0000 Re: 1.0000 Acc: 1.0000 F1: 1.0000
Epoch 276: Time: 0.0684 Cost: 0.2923 Pre: 1.0000 Re: 1.0000 Acc: 1.0000 F1: 1.0000
Epoch 277: Time: 0.0689 Cost: 0.2850 Pre: 1.0000 Re: 1.0000 Acc: 1.0000 F1: 1.0000
Epoch 278: Time: 0.0695 Cost: 0.2779 Pre: 1.0000 Re: 1.0000 Acc: 1.0000 F1: 1.0000
Epoch 279: Time: 0.0692 Cost: 0.2708 Pre: 1.0000 Re: 1.0000 Acc: 1.0000 F1: 1.0000
Epoch 280: Time: 0.0705 Cost: 0.2640 Pre: 1.0000 Re: 1.0000 Acc: 1.0000 F1: 1.0000


--------------------------------------------------------------------
Eval results: Cost:0.2112 Pre:1.0000 Re:1.0000 Acc:1.0000 F1:1.0000
--------------------------------------------------------------------

Epoch 281: Time: 0.0693 Cost: 0.2574 Pre: 1.0000 Re: 1.0000 Acc: 1.0000 F1: 1.0000
Epoch 282: Time: 0.0692 Cost: 0.2510 Pre: 1.0000 Re: 1.0000 Acc: 1.0000 F1: 1.0000
Epoch 283: Time: 0.0689 Cost: 0.2447 Pre: 1.0000 Re: 1.0000 Acc: 1.0000 F1: 1.0000
Epoch 284: Time: 0.0684 Cost: 0.2384 Pre: 1.0000 Re: 1.0000 Acc: 1.0000 F1: 1.0000
Epoch 285: Time: 0.0693 Cost: 0.2323 Pre: 1.0000 Re: 1.0000 Acc: 1.0000 F1: 1.0000
Epoch 286: Time: 0.0703 Cost: 0.2263 Pre: 1.0000 Re: 1.0000 Acc: 1.0000 F1: 1.0000
Epoch 287: Time: 0.0691 Cost: 0.2203 Pre: 1.0000 Re: 1.0000 Acc: 1.0000 F1: 1.0000
Epoch 288: Time: 0.0696 Cost: 0.2145 Pre: 1.0000 Re: 1.0000 Acc: 1.0000 F1: 1.0000
Epoch 289: Time: 0.0691 Cost: 0.2088 Pre: 1.0000 Re: 1.0000 Acc: 1.0000 F1: 1.0000
Epoch 290: Time: 0.0688 Cost: 0.2032 Pre: 1.0000 Re: 1.0000 Acc: 1.0000 F1: 1.0000


--------------------------------------------------------------------
Eval results: Cost:0.1610 Pre:1.0000 Re:1.0000 Acc:1.0000 F1:1.0000
--------------------------------------------------------------------

Epoch 291: Time: 0.0693 Cost: 0.1979 Pre: 1.0000 Re: 1.0000 Acc: 1.0000 F1: 1.0000
Epoch 292: Time: 0.0694 Cost: 0.1928 Pre: 1.0000 Re: 1.0000 Acc: 1.0000 F1: 1.0000
Epoch 293: Time: 0.0699 Cost: 0.1876 Pre: 1.0000 Re: 1.0000 Acc: 1.0000 F1: 1.0000
Epoch 294: Time: 0.0691 Cost: 0.1826 Pre: 1.0000 Re: 1.0000 Acc: 1.0000 F1: 1.0000
Epoch 295: Time: 0.0689 Cost: 0.1778 Pre: 1.0000 Re: 1.0000 Acc: 1.0000 F1: 1.0000
Epoch 296: Time: 0.0692 Cost: 0.1730 Pre: 1.0000 Re: 1.0000 Acc: 1.0000 F1: 1.0000
Epoch 297: Time: 0.0695 Cost: 0.1682 Pre: 1.0000 Re: 1.0000 Acc: 1.0000 F1: 1.0000
Epoch 298: Time: 0.0700 Cost: 0.1635 Pre: 1.0000 Re: 1.0000 Acc: 1.0000 F1: 1.0000
Epoch 299: Time: 0.0704 Cost: 0.1590 Pre: 1.0000 Re: 1.0000 Acc: 1.0000 F1: 1.0000
Epoch 300: Time: 0.0712 Cost: 0.1546 Pre: 1.0000 Re: 1.0000 Acc: 1.0000 F1: 1.0000


--------------------------------------------------------------------
Eval results: Cost:0.1211 Pre:1.0000 Re:1.0000 Acc:1.0000 F1:1.0000
--------------------------------------------------------------------

Epoch 301: Time: 0.0698 Cost: 0.1503 Pre: 1.0000 Re: 1.0000 Acc: 1.0000 F1: 1.0000
Epoch 302: Time: 0.0690 Cost: 0.1463 Pre: 1.0000 Re: 1.0000 Acc: 1.0000 F1: 1.0000
Epoch 303: Time: 0.0689 Cost: 0.1422 Pre: 1.0000 Re: 1.0000 Acc: 1.0000 F1: 1.0000
Epoch 304: Time: 0.0688 Cost: 0.1383 Pre: 1.0000 Re: 1.0000 Acc: 1.0000 F1: 1.0000
Epoch 305: Time: 0.0691 Cost: 0.1345 Pre: 1.0000 Re: 1.0000 Acc: 1.0000 F1: 1.0000
Epoch 306: Time: 0.0690 Cost: 0.1307 Pre: 1.0000 Re: 1.0000 Acc: 1.0000 F1: 1.0000
Epoch 307: Time: 0.0689 Cost: 0.1270 Pre: 1.0000 Re: 1.0000 Acc: 1.0000 F1: 1.0000
Epoch 308: Time: 0.0687 Cost: 0.1234 Pre: 1.0000 Re: 1.0000 Acc: 1.0000 F1: 1.0000
Epoch 309: Time: 0.0688 Cost: 0.1198 Pre: 1.0000 Re: 1.0000 Acc: 1.0000 F1: 1.0000
Epoch 310: Time: 0.0700 Cost: 0.1164 Pre: 1.0000 Re: 1.0000 Acc: 1.0000 F1: 1.0000


--------------------------------------------------------------------
Eval results: Cost:0.0903 Pre:1.0000 Re:1.0000 Acc:1.0000 F1:1.0000
--------------------------------------------------------------------

Epoch 311: Time: 0.0689 Cost: 0.1131 Pre: 1.0000 Re: 1.0000 Acc: 1.0000 F1: 1.0000
Epoch 312: Time: 0.0690 Cost: 0.1100 Pre: 1.0000 Re: 1.0000 Acc: 1.0000 F1: 1.0000
Epoch 313: Time: 0.0706 Cost: 0.1068 Pre: 1.0000 Re: 1.0000 Acc: 1.0000 F1: 1.0000
Epoch 314: Time: 0.0707 Cost: 0.1038 Pre: 1.0000 Re: 1.0000 Acc: 1.0000 F1: 1.0000
Epoch 315: Time: 0.0695 Cost: 0.1009 Pre: 1.0000 Re: 1.0000 Acc: 1.0000 F1: 1.0000
Epoch 316: Time: 0.0688 Cost: 0.0980 Pre: 1.0000 Re: 1.0000 Acc: 1.0000 F1: 1.0000
Epoch 317: Time: 0.0693 Cost: 0.0951 Pre: 1.0000 Re: 1.0000 Acc: 1.0000 F1: 1.0000
Epoch 318: Time: 0.0708 Cost: 0.0923 Pre: 1.0000 Re: 1.0000 Acc: 1.0000 F1: 1.0000
Epoch 319: Time: 0.0692 Cost: 0.0896 Pre: 1.0000 Re: 1.0000 Acc: 1.0000 F1: 1.0000
Epoch 320: Time: 0.0697 Cost: 0.0870 Pre: 1.0000 Re: 1.0000 Acc: 1.0000 F1: 1.0000


--------------------------------------------------------------------
Eval results: Cost:0.0670 Pre:1.0000 Re:1.0000 Acc:1.0000 F1:1.0000
--------------------------------------------------------------------

Epoch 321: Time: 0.0692 Cost: 0.0845 Pre: 1.0000 Re: 1.0000 Acc: 1.0000 F1: 1.0000
Epoch 322: Time: 0.0694 Cost: 0.0822 Pre: 1.0000 Re: 1.0000 Acc: 1.0000 F1: 1.0000
Epoch 323: Time: 0.0691 Cost: 0.0797 Pre: 1.0000 Re: 1.0000 Acc: 1.0000 F1: 1.0000
Epoch 324: Time: 0.0694 Cost: 0.0774 Pre: 1.0000 Re: 1.0000 Acc: 1.0000 F1: 1.0000
Epoch 325: Time: 0.0697 Cost: 0.0752 Pre: 1.0000 Re: 1.0000 Acc: 1.0000 F1: 1.0000
Epoch 326: Time: 0.0700 Cost: 0.0730 Pre: 1.0000 Re: 1.0000 Acc: 1.0000 F1: 1.0000
Epoch 327: Time: 0.0697 Cost: 0.0709 Pre: 1.0000 Re: 1.0000 Acc: 1.0000 F1: 1.0000
Epoch 328: Time: 0.0691 Cost: 0.0688 Pre: 1.0000 Re: 1.0000 Acc: 1.0000 F1: 1.0000
Epoch 329: Time: 0.0694 Cost: 0.0668 Pre: 1.0000 Re: 1.0000 Acc: 1.0000 F1: 1.0000
Epoch 330: Time: 0.0692 Cost: 0.0648 Pre: 1.0000 Re: 1.0000 Acc: 1.0000 F1: 1.0000


--------------------------------------------------------------------
Eval results: Cost:0.0496 Pre:1.0000 Re:1.0000 Acc:1.0000 F1:1.0000
--------------------------------------------------------------------

Epoch 331: Time: 0.0693 Cost: 0.0630 Pre: 1.0000 Re: 1.0000 Acc: 1.0000 F1: 1.0000
Epoch 332: Time: 0.0694 Cost: 0.0613 Pre: 1.0000 Re: 1.0000 Acc: 1.0000 F1: 1.0000
Epoch 333: Time: 0.0703 Cost: 0.0593 Pre: 1.0000 Re: 1.0000 Acc: 1.0000 F1: 1.0000
Epoch 334: Time: 0.0689 Cost: 0.0576 Pre: 1.0000 Re: 1.0000 Acc: 1.0000 F1: 1.0000
Epoch 335: Time: 0.0697 Cost: 0.0560 Pre: 1.0000 Re: 1.0000 Acc: 1.0000 F1: 1.0000
Epoch 336: Time: 0.0693 Cost: 0.0544 Pre: 1.0000 Re: 1.0000 Acc: 1.0000 F1: 1.0000
Epoch 337: Time: 0.0696 Cost: 0.0528 Pre: 1.0000 Re: 1.0000 Acc: 1.0000 F1: 1.0000
Epoch 338: Time: 0.0688 Cost: 0.0513 Pre: 1.0000 Re: 1.0000 Acc: 1.0000 F1: 1.0000
Epoch 339: Time: 0.0694 Cost: 0.0498 Pre: 1.0000 Re: 1.0000 Acc: 1.0000 F1: 1.0000
Epoch 340: Time: 0.0706 Cost: 0.0484 Pre: 1.0000 Re: 1.0000 Acc: 1.0000 F1: 1.0000


--------------------------------------------------------------------
Eval results: Cost:0.0369 Pre:1.0000 Re:1.0000 Acc:1.0000 F1:1.0000
--------------------------------------------------------------------

Epoch 341: Time: 0.0693 Cost: 0.0470 Pre: 1.0000 Re: 1.0000 Acc: 1.0000 F1: 1.0000
Epoch 342: Time: 0.0696 Cost: 0.0458 Pre: 1.0000 Re: 1.0000 Acc: 1.0000 F1: 1.0000
Epoch 343: Time: 0.0694 Cost: 0.0444 Pre: 1.0000 Re: 1.0000 Acc: 1.0000 F1: 1.0000
Epoch 344: Time: 0.0703 Cost: 0.0431 Pre: 1.0000 Re: 1.0000 Acc: 1.0000 F1: 1.0000
Epoch 345: Time: 0.0697 Cost: 0.0419 Pre: 1.0000 Re: 1.0000 Acc: 1.0000 F1: 1.0000
Epoch 346: Time: 0.0699 Cost: 0.0408 Pre: 1.0000 Re: 1.0000 Acc: 1.0000 F1: 1.0000
Epoch 347: Time: 0.0703 Cost: 0.0397 Pre: 1.0000 Re: 1.0000 Acc: 1.0000 F1: 1.0000
Epoch 348: Time: 0.0695 Cost: 0.0385 Pre: 1.0000 Re: 1.0000 Acc: 1.0000 F1: 1.0000
Epoch 349: Time: 0.0687 Cost: 0.0375 Pre: 1.0000 Re: 1.0000 Acc: 1.0000 F1: 1.0000
Epoch 350: Time: 0.0702 Cost: 0.0364 Pre: 1.0000 Re: 1.0000 Acc: 1.0000 F1: 1.0000


--------------------------------------------------------------------
Eval results: Cost:0.0278 Pre:1.0000 Re:1.0000 Acc:1.0000 F1:1.0000
--------------------------------------------------------------------

Epoch 351: Time: 0.0702 Cost: 0.0355 Pre: 1.0000 Re: 1.0000 Acc: 1.0000 F1: 1.0000
Epoch 352: Time: 0.0695 Cost: 0.0347 Pre: 1.0000 Re: 1.0000 Acc: 1.0000 F1: 1.0000
Epoch 353: Time: 0.0708 Cost: 0.0336 Pre: 1.0000 Re: 1.0000 Acc: 1.0000 F1: 1.0000
Epoch 354: Time: 0.0694 Cost: 0.0326 Pre: 1.0000 Re: 1.0000 Acc: 1.0000 F1: 1.0000
Epoch 355: Time: 0.0690 Cost: 0.0318 Pre: 1.0000 Re: 1.0000 Acc: 1.0000 F1: 1.0000
Epoch 356: Time: 0.0693 Cost: 0.0310 Pre: 1.0000 Re: 1.0000 Acc: 1.0000 F1: 1.0000
Epoch 357: Time: 0.0691 Cost: 0.0302 Pre: 1.0000 Re: 1.0000 Acc: 1.0000 F1: 1.0000
Epoch 358: Time: 0.0689 Cost: 0.0294 Pre: 1.0000 Re: 1.0000 Acc: 1.0000 F1: 1.0000
Epoch 359: Time: 0.0690 Cost: 0.0286 Pre: 1.0000 Re: 1.0000 Acc: 1.0000 F1: 1.0000
Epoch 360: Time: 0.0692 Cost: 0.0279 Pre: 1.0000 Re: 1.0000 Acc: 1.0000 F1: 1.0000


--------------------------------------------------------------------
Eval results: Cost:0.0213 Pre:1.0000 Re:1.0000 Acc:1.0000 F1:1.0000
--------------------------------------------------------------------

Epoch 361: Time: 0.0697 Cost: 0.0272 Pre: 1.0000 Re: 1.0000 Acc: 1.0000 F1: 1.0000
Epoch 362: Time: 0.0700 Cost: 0.0267 Pre: 1.0000 Re: 1.0000 Acc: 1.0000 F1: 1.0000
Epoch 363: Time: 0.0692 Cost: 0.0259 Pre: 1.0000 Re: 1.0000 Acc: 1.0000 F1: 1.0000
Epoch 364: Time: 0.0693 Cost: 0.0252 Pre: 1.0000 Re: 1.0000 Acc: 1.0000 F1: 1.0000
Epoch 365: Time: 0.0696 Cost: 0.0246 Pre: 1.0000 Re: 1.0000 Acc: 1.0000 F1: 1.0000
Epoch 366: Time: 0.0710 Cost: 0.0241 Pre: 1.0000 Re: 1.0000 Acc: 1.0000 F1: 1.0000
Epoch 367: Time: 0.0702 Cost: 0.0235 Pre: 1.0000 Re: 1.0000 Acc: 1.0000 F1: 1.0000
Epoch 368: Time: 0.0694 Cost: 0.0229 Pre: 1.0000 Re: 1.0000 Acc: 1.0000 F1: 1.0000
Epoch 369: Time: 0.0692 Cost: 0.0223 Pre: 1.0000 Re: 1.0000 Acc: 1.0000 F1: 1.0000
Epoch 370: Time: 0.0700 Cost: 0.0218 Pre: 1.0000 Re: 1.0000 Acc: 1.0000 F1: 1.0000


--------------------------------------------------------------------
Eval results: Cost:0.0168 Pre:1.0000 Re:1.0000 Acc:1.0000 F1:1.0000
--------------------------------------------------------------------

Epoch 371: Time: 0.0689 Cost: 0.0213 Pre: 1.0000 Re: 1.0000 Acc: 1.0000 F1: 1.0000
Epoch 372: Time: 0.0690 Cost: 0.0210 Pre: 1.0000 Re: 1.0000 Acc: 1.0000 F1: 1.0000
Epoch 373: Time: 0.0692 Cost: 0.0204 Pre: 1.0000 Re: 1.0000 Acc: 1.0000 F1: 1.0000
Epoch 374: Time: 0.0696 Cost: 0.0199 Pre: 1.0000 Re: 1.0000 Acc: 1.0000 F1: 1.0000
Epoch 375: Time: 0.0693 Cost: 0.0195 Pre: 1.0000 Re: 1.0000 Acc: 1.0000 F1: 1.0000
Epoch 376: Time: 0.0691 Cost: 0.0191 Pre: 1.0000 Re: 1.0000 Acc: 1.0000 F1: 1.0000
Epoch 377: Time: 0.0694 Cost: 0.0187 Pre: 1.0000 Re: 1.0000 Acc: 1.0000 F1: 1.0000
Epoch 378: Time: 0.0717 Cost: 0.0182 Pre: 1.0000 Re: 1.0000 Acc: 1.0000 F1: 1.0000
Epoch 379: Time: 0.0711 Cost: 0.0179 Pre: 1.0000 Re: 1.0000 Acc: 1.0000 F1: 1.0000
Epoch 380: Time: 0.0709 Cost: 0.0175 Pre: 1.0000 Re: 1.0000 Acc: 1.0000 F1: 1.0000


--------------------------------------------------------------------
Eval results: Cost:0.0135 Pre:1.0000 Re:1.0000 Acc:1.0000 F1:1.0000
--------------------------------------------------------------------

Epoch 381: Time: 0.0689 Cost: 0.0171 Pre: 1.0000 Re: 1.0000 Acc: 1.0000 F1: 1.0000
Epoch 382: Time: 0.0693 Cost: 0.0169 Pre: 1.0000 Re: 1.0000 Acc: 1.0000 F1: 1.0000
Epoch 383: Time: 0.0690 Cost: 0.0164 Pre: 1.0000 Re: 1.0000 Acc: 1.0000 F1: 1.0000
Epoch 384: Time: 0.0689 Cost: 0.0161 Pre: 1.0000 Re: 1.0000 Acc: 1.0000 F1: 1.0000
Epoch 385: Time: 0.0695 Cost: 0.0158 Pre: 1.0000 Re: 1.0000 Acc: 1.0000 F1: 1.0000
Epoch 386: Time: 0.0698 Cost: 0.0155 Pre: 1.0000 Re: 1.0000 Acc: 1.0000 F1: 1.0000
Epoch 387: Time: 0.0693 Cost: 0.0152 Pre: 1.0000 Re: 1.0000 Acc: 1.0000 F1: 1.0000
Epoch 388: Time: 0.0694 Cost: 0.0149 Pre: 1.0000 Re: 1.0000 Acc: 1.0000 F1: 1.0000
Epoch 389: Time: 0.0694 Cost: 0.0146 Pre: 1.0000 Re: 1.0000 Acc: 1.0000 F1: 1.0000
Epoch 390: Time: 0.0686 Cost: 0.0143 Pre: 1.0000 Re: 1.0000 Acc: 1.0000 F1: 1.0000


--------------------------------------------------------------------
Eval results: Cost:0.0112 Pre:1.0000 Re:1.0000 Acc:1.0000 F1:1.0000
--------------------------------------------------------------------

Epoch 391: Time: 0.0694 Cost: 0.0141 Pre: 1.0000 Re: 1.0000 Acc: 1.0000 F1: 1.0000
Epoch 392: Time: 0.0689 Cost: 0.0139 Pre: 1.0000 Re: 1.0000 Acc: 1.0000 F1: 1.0000
Epoch 393: Time: 0.0709 Cost: 0.0135 Pre: 1.0000 Re: 1.0000 Acc: 1.0000 F1: 1.0000
Epoch 394: Time: 0.0701 Cost: 0.0133 Pre: 1.0000 Re: 1.0000 Acc: 1.0000 F1: 1.0000
Epoch 395: Time: 0.0698 Cost: 0.0131 Pre: 1.0000 Re: 1.0000 Acc: 1.0000 F1: 1.0000
Epoch 396: Time: 0.0706 Cost: 0.0129 Pre: 1.0000 Re: 1.0000 Acc: 1.0000 F1: 1.0000
Epoch 397: Time: 0.0698 Cost: 0.0126 Pre: 1.0000 Re: 1.0000 Acc: 1.0000 F1: 1.0000
Epoch 398: Time: 0.0689 Cost: 0.0124 Pre: 1.0000 Re: 1.0000 Acc: 1.0000 F1: 1.0000
Epoch 399: Time: 0.0690 Cost: 0.0122 Pre: 1.0000 Re: 1.0000 Acc: 1.0000 F1: 1.0000
Epoch 400: Time: 0.0694 Cost: 0.0120 Pre: 1.0000 Re: 1.0000 Acc: 1.0000 F1: 1.0000


--------------------------------------------------------------------
Eval results: Cost:0.0094 Pre:1.0000 Re:1.0000 Acc:1.0000 F1:1.0000
--------------------------------------------------------------------

Epoch 401: Time: 0.0691 Cost: 0.0118 Pre: 1.0000 Re: 1.0000 Acc: 1.0000 F1: 1.0000
Epoch 402: Time: 0.0687 Cost: 0.0117 Pre: 1.0000 Re: 1.0000 Acc: 1.0000 F1: 1.0000
Epoch 403: Time: 0.0694 Cost: 0.0114 Pre: 1.0000 Re: 1.0000 Acc: 1.0000 F1: 1.0000
Epoch 404: Time: 0.0694 Cost: 0.0112 Pre: 1.0000 Re: 1.0000 Acc: 1.0000 F1: 1.0000
Epoch 405: Time: 0.0689 Cost: 0.0110 Pre: 1.0000 Re: 1.0000 Acc: 1.0000 F1: 1.0000
Epoch 406: Time: 0.0696 Cost: 0.0109 Pre: 1.0000 Re: 1.0000 Acc: 1.0000 F1: 1.0000
Epoch 407: Time: 0.0708 Cost: 0.0107 Pre: 1.0000 Re: 1.0000 Acc: 1.0000 F1: 1.0000
Epoch 408: Time: 0.0693 Cost: 0.0105 Pre: 1.0000 Re: 1.0000 Acc: 1.0000 F1: 1.0000
Epoch 409: Time: 0.0696 Cost: 0.0104 Pre: 1.0000 Re: 1.0000 Acc: 1.0000 F1: 1.0000
Epoch 410: Time: 0.0692 Cost: 0.0102 Pre: 1.0000 Re: 1.0000 Acc: 1.0000 F1: 1.0000


--------------------------------------------------------------------
Eval results: Cost:0.0081 Pre:1.0000 Re:1.0000 Acc:1.0000 F1:1.0000
--------------------------------------------------------------------

Epoch 411: Time: 0.0694 Cost: 0.0101 Pre: 1.0000 Re: 1.0000 Acc: 1.0000 F1: 1.0000
Epoch 412: Time: 0.0691 Cost: 0.0099 Pre: 1.0000 Re: 1.0000 Acc: 1.0000 F1: 1.0000
Epoch 413: Time: 0.0693 Cost: 0.0097 Pre: 1.0000 Re: 1.0000 Acc: 1.0000 F1: 1.0000
Epoch 414: Time: 0.0692 Cost: 0.0096 Pre: 1.0000 Re: 1.0000 Acc: 1.0000 F1: 1.0000
Epoch 415: Time: 0.0694 Cost: 0.0095 Pre: 1.0000 Re: 1.0000 Acc: 1.0000 F1: 1.0000
Epoch 416: Time: 0.0687 Cost: 0.0093 Pre: 1.0000 Re: 1.0000 Acc: 1.0000 F1: 1.0000
Epoch 417: Time: 0.0697 Cost: 0.0092 Pre: 1.0000 Re: 1.0000 Acc: 1.0000 F1: 1.0000
Epoch 418: Time: 0.0695 Cost: 0.0091 Pre: 1.0000 Re: 1.0000 Acc: 1.0000 F1: 1.0000
Epoch 419: Time: 0.0691 Cost: 0.0089 Pre: 1.0000 Re: 1.0000 Acc: 1.0000 F1: 1.0000
Epoch 420: Time: 0.0714 Cost: 0.0088 Pre: 1.0000 Re: 1.0000 Acc: 1.0000 F1: 1.0000


--------------------------------------------------------------------
Eval results: Cost:0.0071 Pre:1.0000 Re:1.0000 Acc:1.0000 F1:1.0000
--------------------------------------------------------------------

Epoch 421: Time: 0.0697 Cost: 0.0087 Pre: 1.0000 Re: 1.0000 Acc: 1.0000 F1: 1.0000
Epoch 422: Time: 0.0692 Cost: 0.0086 Pre: 1.0000 Re: 1.0000 Acc: 1.0000 F1: 1.0000
Epoch 423: Time: 0.0693 Cost: 0.0084 Pre: 1.0000 Re: 1.0000 Acc: 1.0000 F1: 1.0000
Epoch 424: Time: 0.0695 Cost: 0.0083 Pre: 1.0000 Re: 1.0000 Acc: 1.0000 F1: 1.0000
Epoch 425: Time: 0.0694 Cost: 0.0082 Pre: 1.0000 Re: 1.0000 Acc: 1.0000 F1: 1.0000
Epoch 426: Time: 0.0694 Cost: 0.0081 Pre: 1.0000 Re: 1.0000 Acc: 1.0000 F1: 1.0000
Epoch 427: Time: 0.0701 Cost: 0.0080 Pre: 1.0000 Re: 1.0000 Acc: 1.0000 F1: 1.0000
Epoch 428: Time: 0.0695 Cost: 0.0079 Pre: 1.0000 Re: 1.0000 Acc: 1.0000 F1: 1.0000
Epoch 429: Time: 0.0693 Cost: 0.0078 Pre: 1.0000 Re: 1.0000 Acc: 1.0000 F1: 1.0000
Epoch 430: Time: 0.0696 Cost: 0.0077 Pre: 1.0000 Re: 1.0000 Acc: 1.0000 F1: 1.0000


--------------------------------------------------------------------
Eval results: Cost:0.0063 Pre:1.0000 Re:1.0000 Acc:1.0000 F1:1.0000
--------------------------------------------------------------------

Epoch 431: Time: 0.0698 Cost: 0.0076 Pre: 1.0000 Re: 1.0000 Acc: 1.0000 F1: 1.0000
Epoch 432: Time: 0.0688 Cost: 0.0075 Pre: 1.0000 Re: 1.0000 Acc: 1.0000 F1: 1.0000
Epoch 433: Time: 0.0710 Cost: 0.0074 Pre: 1.0000 Re: 1.0000 Acc: 1.0000 F1: 1.0000
Epoch 434: Time: 0.0697 Cost: 0.0073 Pre: 1.0000 Re: 1.0000 Acc: 1.0000 F1: 1.0000
Epoch 435: Time: 0.0687 Cost: 0.0073 Pre: 1.0000 Re: 1.0000 Acc: 1.0000 F1: 1.0000
Epoch 436: Time: 0.0698 Cost: 0.0072 Pre: 1.0000 Re: 1.0000 Acc: 1.0000 F1: 1.0000
Epoch 437: Time: 0.0700 Cost: 0.0071 Pre: 1.0000 Re: 1.0000 Acc: 1.0000 F1: 1.0000
Epoch 438: Time: 0.0690 Cost: 0.0070 Pre: 1.0000 Re: 1.0000 Acc: 1.0000 F1: 1.0000
Epoch 439: Time: 0.0691 Cost: 0.0069 Pre: 1.0000 Re: 1.0000 Acc: 1.0000 F1: 1.0000
Epoch 440: Time: 0.0701 Cost: 0.0068 Pre: 1.0000 Re: 1.0000 Acc: 1.0000 F1: 1.0000


--------------------------------------------------------------------
Eval results: Cost:0.0056 Pre:1.0000 Re:1.0000 Acc:1.0000 F1:1.0000
--------------------------------------------------------------------

Epoch 441: Time: 0.0687 Cost: 0.0068 Pre: 1.0000 Re: 1.0000 Acc: 1.0000 F1: 1.0000
Epoch 442: Time: 0.0689 Cost: 0.0067 Pre: 1.0000 Re: 1.0000 Acc: 1.0000 F1: 1.0000
Epoch 443: Time: 0.0689 Cost: 0.0066 Pre: 1.0000 Re: 1.0000 Acc: 1.0000 F1: 1.0000
Epoch 444: Time: 0.0690 Cost: 0.0065 Pre: 1.0000 Re: 1.0000 Acc: 1.0000 F1: 1.0000
Epoch 445: Time: 0.0691 Cost: 0.0065 Pre: 1.0000 Re: 1.0000 Acc: 1.0000 F1: 1.0000
Epoch 446: Time: 0.0690 Cost: 0.0064 Pre: 1.0000 Re: 1.0000 Acc: 1.0000 F1: 1.0000
Epoch 447: Time: 0.0703 Cost: 0.0063 Pre: 1.0000 Re: 1.0000 Acc: 1.0000 F1: 1.0000
Epoch 448: Time: 0.0820 Cost: 0.0062 Pre: 1.0000 Re: 1.0000 Acc: 1.0000 F1: 1.0000
Epoch 449: Time: 0.0742 Cost: 0.0062 Pre: 1.0000 Re: 1.0000 Acc: 1.0000 F1: 1.0000
Epoch 450: Time: 0.0712 Cost: 0.0061 Pre: 1.0000 Re: 1.0000 Acc: 1.0000 F1: 1.0000


--------------------------------------------------------------------
Eval results: Cost:0.0051 Pre:1.0000 Re:1.0000 Acc:1.0000 F1:1.0000
--------------------------------------------------------------------

Epoch 451: Time: 0.0702 Cost: 0.0060 Pre: 1.0000 Re: 1.0000 Acc: 1.0000 F1: 1.0000
Epoch 452: Time: 0.0701 Cost: 0.0060 Pre: 1.0000 Re: 1.0000 Acc: 1.0000 F1: 1.0000
Epoch 453: Time: 0.0714 Cost: 0.0059 Pre: 1.0000 Re: 1.0000 Acc: 1.0000 F1: 1.0000
Epoch 454: Time: 0.0692 Cost: 0.0058 Pre: 1.0000 Re: 1.0000 Acc: 1.0000 F1: 1.0000
Epoch 455: Time: 0.0689 Cost: 0.0058 Pre: 1.0000 Re: 1.0000 Acc: 1.0000 F1: 1.0000
Epoch 456: Time: 0.0692 Cost: 0.0057 Pre: 1.0000 Re: 1.0000 Acc: 1.0000 F1: 1.0000
Epoch 457: Time: 0.0691 Cost: 0.0057 Pre: 1.0000 Re: 1.0000 Acc: 1.0000 F1: 1.0000
Epoch 458: Time: 0.0691 Cost: 0.0056 Pre: 1.0000 Re: 1.0000 Acc: 1.0000 F1: 1.0000
Epoch 459: Time: 0.0697 Cost: 0.0056 Pre: 1.0000 Re: 1.0000 Acc: 1.0000 F1: 1.0000
Epoch 460: Time: 0.0708 Cost: 0.0055 Pre: 1.0000 Re: 1.0000 Acc: 1.0000 F1: 1.0000


--------------------------------------------------------------------
Eval results: Cost:0.0046 Pre:1.0000 Re:1.0000 Acc:1.0000 F1:1.0000
--------------------------------------------------------------------

Epoch 461: Time: 0.0701 Cost: 0.0054 Pre: 1.0000 Re: 1.0000 Acc: 1.0000 F1: 1.0000
Epoch 462: Time: 0.0695 Cost: 0.0054 Pre: 1.0000 Re: 1.0000 Acc: 1.0000 F1: 1.0000
Epoch 463: Time: 0.0689 Cost: 0.0053 Pre: 1.0000 Re: 1.0000 Acc: 1.0000 F1: 1.0000
Epoch 464: Time: 0.0690 Cost: 0.0053 Pre: 1.0000 Re: 1.0000 Acc: 1.0000 F1: 1.0000
Epoch 465: Time: 0.0691 Cost: 0.0052 Pre: 1.0000 Re: 1.0000 Acc: 1.0000 F1: 1.0000
Epoch 466: Time: 0.0693 Cost: 0.0052 Pre: 1.0000 Re: 1.0000 Acc: 1.0000 F1: 1.0000
Epoch 467: Time: 0.0695 Cost: 0.0051 Pre: 1.0000 Re: 1.0000 Acc: 1.0000 F1: 1.0000
Epoch 468: Time: 0.0692 Cost: 0.0051 Pre: 1.0000 Re: 1.0000 Acc: 1.0000 F1: 1.0000
Epoch 469: Time: 0.0695 Cost: 0.0050 Pre: 1.0000 Re: 1.0000 Acc: 1.0000 F1: 1.0000
Epoch 470: Time: 0.0697 Cost: 0.0050 Pre: 1.0000 Re: 1.0000 Acc: 1.0000 F1: 1.0000


--------------------------------------------------------------------
Eval results: Cost:0.0042 Pre:1.0000 Re:1.0000 Acc:1.0000 F1:1.0000
--------------------------------------------------------------------

Early stopping...
--------------------------------------------------------------------
--------------------------------------------------------------------
Test 1996 samples take time: 0.1780
Test results: Cost:0.0042 Pre:1.0000 Re:1.0000 Acc:1.0000 F1:1.0000
--------------------------------------------------------------------

