16768
16562
16206
16632
16380
16425
Load data
RNN type: O2 Grammar: g7 Seed: 9
Model total parameters: 200
Saving hinit ... 

Epoch 0: Time: 0.1746 Cost: 25.1480 Pre: 1.0000 Re: 0.0012 Acc: 0.5216 F1: 0.0024


--------------------------------------------------------------------
Eval results: Cost:24.5713 Pre:0.0000 Re:0.0000 Acc:0.5724 F1:0.0000
--------------------------------------------------------------------

Epoch 1: Time: 0.0817 Cost: 24.8009 Pre: 1.0000 Re: 0.0024 Acc: 0.5222 F1: 0.0049
Epoch 2: Time: 0.0829 Cost: 24.2325 Pre: 1.0000 Re: 0.0085 Acc: 0.5251 F1: 0.0169
Epoch 3: Time: 0.0818 Cost: 23.1887 Pre: 0.8201 Re: 0.3280 Acc: 0.6437 F1: 0.4686
Epoch 4: Time: 0.0819 Cost: 21.5402 Pre: 0.7723 Re: 0.5707 Acc: 0.7138 F1: 0.6564
Epoch 5: Time: 0.0817 Cost: 19.5825 Pre: 0.7695 Re: 0.7573 Acc: 0.7751 F1: 0.7634
Epoch 6: Time: 0.0817 Cost: 17.3870 Pre: 0.7822 Re: 0.8061 Acc: 0.7996 F1: 0.7940
Epoch 7: Time: 0.0812 Cost: 13.9880 Pre: 0.8310 Re: 0.8756 Acc: 0.8551 F1: 0.8527
Epoch 8: Time: 0.0817 Cost: 10.7168 Pre: 0.8836 Re: 0.9256 Acc: 0.9060 F1: 0.9041
Epoch 9: Time: 0.0817 Cost: 8.1152 Pre: 0.9334 Re: 0.9402 Acc: 0.9393 F1: 0.9368
Epoch 10: Time: 0.0808 Cost: 5.9255 Pre: 0.9652 Re: 0.9476 Acc: 0.9585 F1: 0.9563


--------------------------------------------------------------------
Eval results: Cost:5.7568 Pre:0.9453 Re:0.9577 Acc:0.9582 F1:0.9515
--------------------------------------------------------------------

Epoch 11: Time: 0.0808 Cost: 4.2804 Pre: 0.9800 Re: 0.9561 Acc: 0.9696 F1: 0.9679
Epoch 12: Time: 0.0809 Cost: 3.1351 Pre: 0.9950 Re: 0.9707 Acc: 0.9836 F1: 0.9827
Epoch 13: Time: 0.0811 Cost: 2.3749 Pre: 0.9975 Re: 0.9793 Acc: 0.9889 F1: 0.9883
Epoch 14: Time: 0.0819 Cost: 1.9212 Pre: 0.9988 Re: 0.9841 Acc: 0.9918 F1: 0.9914
Epoch 15: Time: 0.0816 Cost: 1.5618 Pre: 1.0000 Re: 0.9854 Acc: 0.9930 F1: 0.9926
Epoch 16: Time: 0.0803 Cost: 1.3038 Pre: 1.0000 Re: 0.9866 Acc: 0.9936 F1: 0.9932
Epoch 17: Time: 0.0807 Cost: 1.0965 Pre: 1.0000 Re: 0.9890 Acc: 0.9947 F1: 0.9945
Epoch 18: Time: 0.0807 Cost: 0.9380 Pre: 1.0000 Re: 0.9890 Acc: 0.9947 F1: 0.9945
Epoch 19: Time: 0.0800 Cost: 0.8056 Pre: 1.0000 Re: 0.9915 Acc: 0.9959 F1: 0.9957
Epoch 20: Time: 0.0807 Cost: 0.6971 Pre: 1.0000 Re: 0.9915 Acc: 0.9959 F1: 0.9957


--------------------------------------------------------------------
Eval results: Cost:0.5939 Pre:1.0000 Re:0.9902 Acc:0.9958 F1:0.9951
--------------------------------------------------------------------

Epoch 21: Time: 0.0802 Cost: 0.6102 Pre: 1.0000 Re: 0.9927 Acc: 0.9965 F1: 0.9963
Epoch 22: Time: 0.0802 Cost: 0.5391 Pre: 1.0000 Re: 0.9939 Acc: 0.9971 F1: 0.9969
Epoch 23: Time: 0.0800 Cost: 0.4802 Pre: 1.0000 Re: 0.9939 Acc: 0.9971 F1: 0.9969
Epoch 24: Time: 0.0800 Cost: 0.4299 Pre: 1.0000 Re: 0.9939 Acc: 0.9971 F1: 0.9969
Epoch 25: Time: 0.0812 Cost: 0.3874 Pre: 1.0000 Re: 0.9939 Acc: 0.9971 F1: 0.9969
Epoch 26: Time: 0.0806 Cost: 0.3509 Pre: 1.0000 Re: 0.9939 Acc: 0.9971 F1: 0.9969
Epoch 27: Time: 0.0804 Cost: 0.3195 Pre: 1.0000 Re: 0.9939 Acc: 0.9971 F1: 0.9969
Epoch 28: Time: 0.0799 Cost: 0.2920 Pre: 1.0000 Re: 0.9951 Acc: 0.9977 F1: 0.9976
Epoch 29: Time: 0.0802 Cost: 0.2678 Pre: 1.0000 Re: 0.9951 Acc: 0.9977 F1: 0.9976
Epoch 30: Time: 0.0807 Cost: 0.2463 Pre: 1.0000 Re: 0.9951 Acc: 0.9977 F1: 0.9976


--------------------------------------------------------------------
Eval results: Cost:0.2366 Pre:1.0000 Re:0.9935 Acc:0.9972 F1:0.9967
--------------------------------------------------------------------

Epoch 31: Time: 0.0821 Cost: 0.2274 Pre: 1.0000 Re: 0.9963 Acc: 0.9982 F1: 0.9982
Epoch 32: Time: 0.0811 Cost: 0.2092 Pre: 1.0000 Re: 0.9963 Acc: 0.9982 F1: 0.9982
Epoch 33: Time: 0.0802 Cost: 0.1942 Pre: 1.0000 Re: 0.9963 Acc: 0.9982 F1: 0.9982
Epoch 34: Time: 0.0799 Cost: 0.1787 Pre: 1.0000 Re: 0.9976 Acc: 0.9988 F1: 0.9988
Epoch 35: Time: 0.0814 Cost: 0.1690 Pre: 1.0000 Re: 0.9976 Acc: 0.9988 F1: 0.9988
Epoch 36: Time: 0.0812 Cost: 0.1549 Pre: 1.0000 Re: 0.9976 Acc: 0.9988 F1: 0.9988
Epoch 37: Time: 0.0823 Cost: 0.1490 Pre: 1.0000 Re: 0.9976 Acc: 0.9988 F1: 0.9988
Epoch 38: Time: 0.0813 Cost: 0.1368 Pre: 1.0000 Re: 0.9976 Acc: 0.9988 F1: 0.9988
Epoch 39: Time: 0.0815 Cost: 0.1302 Pre: 1.0000 Re: 0.9976 Acc: 0.9988 F1: 0.9988
Epoch 40: Time: 0.0804 Cost: 0.1206 Pre: 1.0000 Re: 0.9988 Acc: 0.9994 F1: 0.9994


--------------------------------------------------------------------
Eval results: Cost:0.1497 Pre:1.0000 Re:0.9967 Acc:0.9986 F1:0.9984
--------------------------------------------------------------------

Epoch 41: Time: 0.0804 Cost: 0.1145 Pre: 1.0000 Re: 0.9988 Acc: 0.9994 F1: 0.9994
Epoch 42: Time: 0.0813 Cost: 0.1069 Pre: 1.0000 Re: 0.9988 Acc: 0.9994 F1: 0.9994
Epoch 43: Time: 0.0810 Cost: 0.1015 Pre: 1.0000 Re: 0.9988 Acc: 0.9994 F1: 0.9994
Epoch 44: Time: 0.0806 Cost: 0.0949 Pre: 1.0000 Re: 0.9988 Acc: 0.9994 F1: 0.9994
Epoch 45: Time: 0.0810 Cost: 0.0902 Pre: 1.0000 Re: 0.9988 Acc: 0.9994 F1: 0.9994
Epoch 46: Time: 0.0820 Cost: 0.0846 Pre: 1.0000 Re: 0.9988 Acc: 0.9994 F1: 0.9994
Epoch 47: Time: 0.0812 Cost: 0.0806 Pre: 1.0000 Re: 0.9988 Acc: 0.9994 F1: 0.9994
Epoch 48: Time: 0.0824 Cost: 0.0758 Pre: 1.0000 Re: 0.9988 Acc: 0.9994 F1: 0.9994
Epoch 49: Time: 0.0809 Cost: 0.0726 Pre: 1.0000 Re: 0.9988 Acc: 0.9994 F1: 0.9994
Epoch 50: Time: 0.0808 Cost: 0.0685 Pre: 1.0000 Re: 0.9988 Acc: 0.9994 F1: 0.9994


--------------------------------------------------------------------
Eval results: Cost:0.1130 Pre:1.0000 Re:0.9967 Acc:0.9986 F1:0.9984
--------------------------------------------------------------------

Epoch 51: Time: 0.0808 Cost: 0.0657 Pre: 1.0000 Re: 0.9988 Acc: 0.9994 F1: 0.9994
Epoch 52: Time: 0.0819 Cost: 0.0625 Pre: 1.0000 Re: 0.9988 Acc: 0.9994 F1: 0.9994
Epoch 53: Time: 0.0810 Cost: 0.0600 Pre: 1.0000 Re: 0.9988 Acc: 0.9994 F1: 0.9994
Epoch 54: Time: 0.0814 Cost: 0.0573 Pre: 1.0000 Re: 0.9988 Acc: 0.9994 F1: 0.9994
Epoch 55: Time: 0.0809 Cost: 0.0553 Pre: 1.0000 Re: 0.9988 Acc: 0.9994 F1: 0.9994
Epoch 56: Time: 0.0807 Cost: 0.0530 Pre: 1.0000 Re: 0.9988 Acc: 0.9994 F1: 0.9994
Epoch 57: Time: 0.0812 Cost: 0.0513 Pre: 1.0000 Re: 0.9988 Acc: 0.9994 F1: 0.9994
Epoch 58: Time: 0.0807 Cost: 0.0494 Pre: 1.0000 Re: 0.9988 Acc: 0.9994 F1: 0.9994
Epoch 59: Time: 0.0844 Cost: 0.0479 Pre: 1.0000 Re: 0.9988 Acc: 0.9994 F1: 0.9994
Epoch 60: Time: 0.0902 Cost: 0.0463 Pre: 1.0000 Re: 0.9988 Acc: 0.9994 F1: 0.9994


--------------------------------------------------------------------
Eval results: Cost:0.0944 Pre:1.0000 Re:0.9967 Acc:0.9986 F1:0.9984
--------------------------------------------------------------------

Epoch 61: Time: 0.0814 Cost: 0.0450 Pre: 1.0000 Re: 0.9988 Acc: 0.9994 F1: 0.9994
Epoch 62: Time: 0.0815 Cost: 0.0438 Pre: 1.0000 Re: 0.9988 Acc: 0.9994 F1: 0.9994
Epoch 63: Time: 0.0810 Cost: 0.0426 Pre: 1.0000 Re: 0.9988 Acc: 0.9994 F1: 0.9994
Epoch 64: Time: 0.0806 Cost: 0.0415 Pre: 1.0000 Re: 0.9988 Acc: 0.9994 F1: 0.9994
Epoch 65: Time: 0.0815 Cost: 0.0405 Pre: 1.0000 Re: 0.9988 Acc: 0.9994 F1: 0.9994
Epoch 66: Time: 0.0808 Cost: 0.0395 Pre: 1.0000 Re: 0.9988 Acc: 0.9994 F1: 0.9994
Epoch 67: Time: 0.0809 Cost: 0.0386 Pre: 1.0000 Re: 0.9988 Acc: 0.9994 F1: 0.9994
Epoch 68: Time: 0.0806 Cost: 0.0378 Pre: 1.0000 Re: 0.9988 Acc: 0.9994 F1: 0.9994
Epoch 69: Time: 0.0808 Cost: 0.0370 Pre: 1.0000 Re: 0.9988 Acc: 0.9994 F1: 0.9994
Epoch 70: Time: 0.0815 Cost: 0.0362 Pre: 1.0000 Re: 0.9988 Acc: 0.9994 F1: 0.9994


--------------------------------------------------------------------
Eval results: Cost:0.0821 Pre:1.0000 Re:0.9967 Acc:0.9986 F1:0.9984
--------------------------------------------------------------------

Epoch 71: Time: 0.0823 Cost: 0.0355 Pre: 1.0000 Re: 0.9988 Acc: 0.9994 F1: 0.9994
Epoch 72: Time: 0.0812 Cost: 0.0349 Pre: 1.0000 Re: 0.9988 Acc: 0.9994 F1: 0.9994
Epoch 73: Time: 0.0814 Cost: 0.0342 Pre: 1.0000 Re: 0.9988 Acc: 0.9994 F1: 0.9994
Epoch 74: Time: 0.0807 Cost: 0.0336 Pre: 1.0000 Re: 0.9988 Acc: 0.9994 F1: 0.9994
Epoch 75: Time: 0.0809 Cost: 0.0330 Pre: 1.0000 Re: 0.9988 Acc: 0.9994 F1: 0.9994
Epoch 76: Time: 0.0812 Cost: 0.0324 Pre: 1.0000 Re: 0.9988 Acc: 0.9994 F1: 0.9994
Epoch 77: Time: 0.0811 Cost: 0.0319 Pre: 1.0000 Re: 0.9988 Acc: 0.9994 F1: 0.9994
Epoch 78: Time: 0.0816 Cost: 0.0314 Pre: 1.0000 Re: 0.9988 Acc: 0.9994 F1: 0.9994
Epoch 79: Time: 0.0811 Cost: 0.0309 Pre: 1.0000 Re: 0.9988 Acc: 0.9994 F1: 0.9994
Epoch 80: Time: 0.0801 Cost: 0.0304 Pre: 1.0000 Re: 0.9988 Acc: 0.9994 F1: 0.9994


--------------------------------------------------------------------
Eval results: Cost:0.0723 Pre:1.0000 Re:0.9967 Acc:0.9986 F1:0.9984
--------------------------------------------------------------------

Epoch 81: Time: 0.0799 Cost: 0.0299 Pre: 1.0000 Re: 0.9988 Acc: 0.9994 F1: 0.9994
Epoch 82: Time: 0.0813 Cost: 0.0295 Pre: 1.0000 Re: 0.9988 Acc: 0.9994 F1: 0.9994
Epoch 83: Time: 0.0803 Cost: 0.0290 Pre: 1.0000 Re: 0.9988 Acc: 0.9994 F1: 0.9994
Epoch 84: Time: 0.0808 Cost: 0.0286 Pre: 1.0000 Re: 0.9988 Acc: 0.9994 F1: 0.9994
Epoch 85: Time: 0.0811 Cost: 0.0282 Pre: 1.0000 Re: 0.9988 Acc: 0.9994 F1: 0.9994
Epoch 86: Time: 0.0829 Cost: 0.0278 Pre: 1.0000 Re: 0.9988 Acc: 0.9994 F1: 0.9994
Epoch 87: Time: 0.0813 Cost: 0.0274 Pre: 1.0000 Re: 0.9988 Acc: 0.9994 F1: 0.9994
Epoch 88: Time: 0.0813 Cost: 0.0270 Pre: 1.0000 Re: 0.9988 Acc: 0.9994 F1: 0.9994
Epoch 89: Time: 0.0812 Cost: 0.0266 Pre: 1.0000 Re: 0.9988 Acc: 0.9994 F1: 0.9994
Epoch 90: Time: 0.0812 Cost: 0.0262 Pre: 1.0000 Re: 0.9988 Acc: 0.9994 F1: 0.9994


--------------------------------------------------------------------
Eval results: Cost:0.0640 Pre:1.0000 Re:0.9967 Acc:0.9986 F1:0.9984
--------------------------------------------------------------------

Epoch 91: Time: 0.0807 Cost: 0.0259 Pre: 1.0000 Re: 0.9988 Acc: 0.9994 F1: 0.9994
Epoch 92: Time: 0.0810 Cost: 0.0255 Pre: 1.0000 Re: 0.9988 Acc: 0.9994 F1: 0.9994
Epoch 93: Time: 0.0808 Cost: 0.0252 Pre: 1.0000 Re: 0.9988 Acc: 0.9994 F1: 0.9994
Epoch 94: Time: 0.0823 Cost: 0.0249 Pre: 1.0000 Re: 0.9988 Acc: 0.9994 F1: 0.9994
Epoch 95: Time: 0.0808 Cost: 0.0245 Pre: 1.0000 Re: 0.9988 Acc: 0.9994 F1: 0.9994
Epoch 96: Time: 0.0813 Cost: 0.0242 Pre: 1.0000 Re: 0.9988 Acc: 0.9994 F1: 0.9994
Epoch 97: Time: 0.0809 Cost: 0.0239 Pre: 1.0000 Re: 0.9988 Acc: 0.9994 F1: 0.9994
Epoch 98: Time: 0.0807 Cost: 0.0236 Pre: 1.0000 Re: 0.9988 Acc: 0.9994 F1: 0.9994
Epoch 99: Time: 0.0813 Cost: 0.0233 Pre: 1.0000 Re: 0.9988 Acc: 0.9994 F1: 0.9994
Epoch 100: Time: 0.0821 Cost: 0.0230 Pre: 1.0000 Re: 0.9988 Acc: 0.9994 F1: 0.9994


--------------------------------------------------------------------
Eval results: Cost:0.0568 Pre:1.0000 Re:0.9967 Acc:0.9986 F1:0.9984
--------------------------------------------------------------------

Epoch 101: Time: 0.0809 Cost: 0.0227 Pre: 1.0000 Re: 0.9988 Acc: 0.9994 F1: 0.9994
Epoch 102: Time: 0.0804 Cost: 0.0224 Pre: 1.0000 Re: 0.9988 Acc: 0.9994 F1: 0.9994
Epoch 103: Time: 0.0805 Cost: 0.0221 Pre: 1.0000 Re: 1.0000 Acc: 1.0000 F1: 1.0000
Epoch 104: Time: 0.0805 Cost: 0.0218 Pre: 1.0000 Re: 1.0000 Acc: 1.0000 F1: 1.0000
Epoch 105: Time: 0.0814 Cost: 0.0216 Pre: 1.0000 Re: 1.0000 Acc: 1.0000 F1: 1.0000
Epoch 106: Time: 0.0814 Cost: 0.0213 Pre: 1.0000 Re: 1.0000 Acc: 1.0000 F1: 1.0000
Epoch 107: Time: 0.0803 Cost: 0.0210 Pre: 1.0000 Re: 1.0000 Acc: 1.0000 F1: 1.0000
Epoch 108: Time: 0.0808 Cost: 0.0208 Pre: 1.0000 Re: 1.0000 Acc: 1.0000 F1: 1.0000
Epoch 109: Time: 0.0871 Cost: 0.0205 Pre: 1.0000 Re: 1.0000 Acc: 1.0000 F1: 1.0000
Epoch 110: Time: 0.0947 Cost: 0.0202 Pre: 1.0000 Re: 1.0000 Acc: 1.0000 F1: 1.0000


--------------------------------------------------------------------
Eval results: Cost:0.0504 Pre:1.0000 Re:1.0000 Acc:1.0000 F1:1.0000
--------------------------------------------------------------------

Epoch 111: Time: 0.0861 Cost: 0.0200 Pre: 1.0000 Re: 1.0000 Acc: 1.0000 F1: 1.0000
Epoch 112: Time: 0.0835 Cost: 0.0198 Pre: 1.0000 Re: 1.0000 Acc: 1.0000 F1: 1.0000
Epoch 113: Time: 0.0822 Cost: 0.0195 Pre: 1.0000 Re: 1.0000 Acc: 1.0000 F1: 1.0000
Epoch 114: Time: 0.0827 Cost: 0.0193 Pre: 1.0000 Re: 1.0000 Acc: 1.0000 F1: 1.0000
Epoch 115: Time: 0.0817 Cost: 0.0190 Pre: 1.0000 Re: 1.0000 Acc: 1.0000 F1: 1.0000
Epoch 116: Time: 0.0814 Cost: 0.0188 Pre: 1.0000 Re: 1.0000 Acc: 1.0000 F1: 1.0000
Epoch 117: Time: 0.0821 Cost: 0.0186 Pre: 1.0000 Re: 1.0000 Acc: 1.0000 F1: 1.0000
Epoch 118: Time: 0.0810 Cost: 0.0184 Pre: 1.0000 Re: 1.0000 Acc: 1.0000 F1: 1.0000
Epoch 119: Time: 0.0813 Cost: 0.0181 Pre: 1.0000 Re: 1.0000 Acc: 1.0000 F1: 1.0000
Epoch 120: Time: 0.0824 Cost: 0.0179 Pre: 1.0000 Re: 1.0000 Acc: 1.0000 F1: 1.0000


--------------------------------------------------------------------
Eval results: Cost:0.0448 Pre:1.0000 Re:1.0000 Acc:1.0000 F1:1.0000
--------------------------------------------------------------------

Epoch 121: Time: 0.0812 Cost: 0.0177 Pre: 1.0000 Re: 1.0000 Acc: 1.0000 F1: 1.0000
Epoch 122: Time: 0.0817 Cost: 0.0175 Pre: 1.0000 Re: 1.0000 Acc: 1.0000 F1: 1.0000
Epoch 123: Time: 0.0810 Cost: 0.0173 Pre: 1.0000 Re: 1.0000 Acc: 1.0000 F1: 1.0000
Epoch 124: Time: 0.0808 Cost: 0.0171 Pre: 1.0000 Re: 1.0000 Acc: 1.0000 F1: 1.0000
Epoch 125: Time: 0.0802 Cost: 0.0169 Pre: 1.0000 Re: 1.0000 Acc: 1.0000 F1: 1.0000
Epoch 126: Time: 0.0809 Cost: 0.0167 Pre: 1.0000 Re: 1.0000 Acc: 1.0000 F1: 1.0000
Epoch 127: Time: 0.0800 Cost: 0.0165 Pre: 1.0000 Re: 1.0000 Acc: 1.0000 F1: 1.0000
Epoch 128: Time: 0.0840 Cost: 0.0163 Pre: 1.0000 Re: 1.0000 Acc: 1.0000 F1: 1.0000
Epoch 129: Time: 0.0813 Cost: 0.0161 Pre: 1.0000 Re: 1.0000 Acc: 1.0000 F1: 1.0000
Epoch 130: Time: 0.0798 Cost: 0.0159 Pre: 1.0000 Re: 1.0000 Acc: 1.0000 F1: 1.0000


--------------------------------------------------------------------
Eval results: Cost:0.0397 Pre:1.0000 Re:1.0000 Acc:1.0000 F1:1.0000
--------------------------------------------------------------------

Epoch 131: Time: 0.0799 Cost: 0.0157 Pre: 1.0000 Re: 1.0000 Acc: 1.0000 F1: 1.0000
Epoch 132: Time: 0.0808 Cost: 0.0155 Pre: 1.0000 Re: 1.0000 Acc: 1.0000 F1: 1.0000
Epoch 133: Time: 0.0812 Cost: 0.0153 Pre: 1.0000 Re: 1.0000 Acc: 1.0000 F1: 1.0000
Epoch 134: Time: 0.0807 Cost: 0.0151 Pre: 1.0000 Re: 1.0000 Acc: 1.0000 F1: 1.0000
Epoch 135: Time: 0.0806 Cost: 0.0150 Pre: 1.0000 Re: 1.0000 Acc: 1.0000 F1: 1.0000
Epoch 136: Time: 0.0811 Cost: 0.0148 Pre: 1.0000 Re: 1.0000 Acc: 1.0000 F1: 1.0000
Epoch 137: Time: 0.0806 Cost: 0.0146 Pre: 1.0000 Re: 1.0000 Acc: 1.0000 F1: 1.0000
Epoch 138: Time: 0.0815 Cost: 0.0144 Pre: 1.0000 Re: 1.0000 Acc: 1.0000 F1: 1.0000
Epoch 139: Time: 0.0813 Cost: 0.0143 Pre: 1.0000 Re: 1.0000 Acc: 1.0000 F1: 1.0000
Epoch 140: Time: 0.0825 Cost: 0.0141 Pre: 1.0000 Re: 1.0000 Acc: 1.0000 F1: 1.0000


--------------------------------------------------------------------
Eval results: Cost:0.0353 Pre:1.0000 Re:1.0000 Acc:1.0000 F1:1.0000
--------------------------------------------------------------------

Epoch 141: Time: 0.0816 Cost: 0.0139 Pre: 1.0000 Re: 1.0000 Acc: 1.0000 F1: 1.0000
Epoch 142: Time: 0.0810 Cost: 0.0138 Pre: 1.0000 Re: 1.0000 Acc: 1.0000 F1: 1.0000
Epoch 143: Time: 0.0807 Cost: 0.0136 Pre: 1.0000 Re: 1.0000 Acc: 1.0000 F1: 1.0000
Epoch 144: Time: 0.0807 Cost: 0.0134 Pre: 1.0000 Re: 1.0000 Acc: 1.0000 F1: 1.0000
Epoch 145: Time: 0.0815 Cost: 0.0133 Pre: 1.0000 Re: 1.0000 Acc: 1.0000 F1: 1.0000
Epoch 146: Time: 0.0805 Cost: 0.0131 Pre: 1.0000 Re: 1.0000 Acc: 1.0000 F1: 1.0000
Epoch 147: Time: 0.0812 Cost: 0.0130 Pre: 1.0000 Re: 1.0000 Acc: 1.0000 F1: 1.0000
Epoch 148: Time: 0.0804 Cost: 0.0128 Pre: 1.0000 Re: 1.0000 Acc: 1.0000 F1: 1.0000
Epoch 149: Time: 0.0813 Cost: 0.0127 Pre: 1.0000 Re: 1.0000 Acc: 1.0000 F1: 1.0000
Epoch 150: Time: 0.0811 Cost: 0.0125 Pre: 1.0000 Re: 1.0000 Acc: 1.0000 F1: 1.0000


--------------------------------------------------------------------
Eval results: Cost:0.0314 Pre:1.0000 Re:1.0000 Acc:1.0000 F1:1.0000
--------------------------------------------------------------------

Epoch 151: Time: 0.0816 Cost: 0.0124 Pre: 1.0000 Re: 1.0000 Acc: 1.0000 F1: 1.0000
Epoch 152: Time: 0.0802 Cost: 0.0122 Pre: 1.0000 Re: 1.0000 Acc: 1.0000 F1: 1.0000
Epoch 153: Time: 0.0817 Cost: 0.0121 Pre: 1.0000 Re: 1.0000 Acc: 1.0000 F1: 1.0000
Epoch 154: Time: 0.0820 Cost: 0.0120 Pre: 1.0000 Re: 1.0000 Acc: 1.0000 F1: 1.0000
Epoch 155: Time: 0.0803 Cost: 0.0118 Pre: 1.0000 Re: 1.0000 Acc: 1.0000 F1: 1.0000
Epoch 156: Time: 0.0809 Cost: 0.0117 Pre: 1.0000 Re: 1.0000 Acc: 1.0000 F1: 1.0000
Epoch 157: Time: 0.0810 Cost: 0.0115 Pre: 1.0000 Re: 1.0000 Acc: 1.0000 F1: 1.0000
Epoch 158: Time: 0.0815 Cost: 0.0114 Pre: 1.0000 Re: 1.0000 Acc: 1.0000 F1: 1.0000
Epoch 159: Time: 0.0807 Cost: 0.0113 Pre: 1.0000 Re: 1.0000 Acc: 1.0000 F1: 1.0000
Epoch 160: Time: 0.0806 Cost: 0.0111 Pre: 1.0000 Re: 1.0000 Acc: 1.0000 F1: 1.0000


--------------------------------------------------------------------
Eval results: Cost:0.0279 Pre:1.0000 Re:1.0000 Acc:1.0000 F1:1.0000
--------------------------------------------------------------------

Epoch 161: Time: 0.0810 Cost: 0.0110 Pre: 1.0000 Re: 1.0000 Acc: 1.0000 F1: 1.0000
Epoch 162: Time: 0.0825 Cost: 0.0109 Pre: 1.0000 Re: 1.0000 Acc: 1.0000 F1: 1.0000
Epoch 163: Time: 0.0809 Cost: 0.0108 Pre: 1.0000 Re: 1.0000 Acc: 1.0000 F1: 1.0000
Epoch 164: Time: 0.0812 Cost: 0.0106 Pre: 1.0000 Re: 1.0000 Acc: 1.0000 F1: 1.0000
Epoch 165: Time: 0.0810 Cost: 0.0105 Pre: 1.0000 Re: 1.0000 Acc: 1.0000 F1: 1.0000
Epoch 166: Time: 0.0808 Cost: 0.0104 Pre: 1.0000 Re: 1.0000 Acc: 1.0000 F1: 1.0000
Epoch 167: Time: 0.0809 Cost: 0.0103 Pre: 1.0000 Re: 1.0000 Acc: 1.0000 F1: 1.0000
Epoch 168: Time: 0.0812 Cost: 0.0102 Pre: 1.0000 Re: 1.0000 Acc: 1.0000 F1: 1.0000
Epoch 169: Time: 0.0814 Cost: 0.0100 Pre: 1.0000 Re: 1.0000 Acc: 1.0000 F1: 1.0000
Epoch 170: Time: 0.0816 Cost: 0.0099 Pre: 1.0000 Re: 1.0000 Acc: 1.0000 F1: 1.0000


--------------------------------------------------------------------
Eval results: Cost:0.0249 Pre:1.0000 Re:1.0000 Acc:1.0000 F1:1.0000
--------------------------------------------------------------------

Epoch 171: Time: 0.0814 Cost: 0.0098 Pre: 1.0000 Re: 1.0000 Acc: 1.0000 F1: 1.0000
Epoch 172: Time: 0.0814 Cost: 0.0097 Pre: 1.0000 Re: 1.0000 Acc: 1.0000 F1: 1.0000
Epoch 173: Time: 0.0814 Cost: 0.0096 Pre: 1.0000 Re: 1.0000 Acc: 1.0000 F1: 1.0000
Epoch 174: Time: 0.0826 Cost: 0.0095 Pre: 1.0000 Re: 1.0000 Acc: 1.0000 F1: 1.0000
Epoch 175: Time: 0.0861 Cost: 0.0094 Pre: 1.0000 Re: 1.0000 Acc: 1.0000 F1: 1.0000
Epoch 176: Time: 0.0825 Cost: 0.0093 Pre: 1.0000 Re: 1.0000 Acc: 1.0000 F1: 1.0000
Epoch 177: Time: 0.0810 Cost: 0.0092 Pre: 1.0000 Re: 1.0000 Acc: 1.0000 F1: 1.0000
Epoch 178: Time: 0.0909 Cost: 0.0091 Pre: 1.0000 Re: 1.0000 Acc: 1.0000 F1: 1.0000
Epoch 179: Time: 0.0831 Cost: 0.0090 Pre: 1.0000 Re: 1.0000 Acc: 1.0000 F1: 1.0000
Epoch 180: Time: 0.0829 Cost: 0.0089 Pre: 1.0000 Re: 1.0000 Acc: 1.0000 F1: 1.0000


--------------------------------------------------------------------
Eval results: Cost:0.0223 Pre:1.0000 Re:1.0000 Acc:1.0000 F1:1.0000
--------------------------------------------------------------------

Epoch 181: Time: 0.0809 Cost: 0.0088 Pre: 1.0000 Re: 1.0000 Acc: 1.0000 F1: 1.0000
Epoch 182: Time: 0.0815 Cost: 0.0087 Pre: 1.0000 Re: 1.0000 Acc: 1.0000 F1: 1.0000
Epoch 183: Time: 0.0819 Cost: 0.0086 Pre: 1.0000 Re: 1.0000 Acc: 1.0000 F1: 1.0000
Epoch 184: Time: 0.0819 Cost: 0.0085 Pre: 1.0000 Re: 1.0000 Acc: 1.0000 F1: 1.0000
Epoch 185: Time: 0.0815 Cost: 0.0084 Pre: 1.0000 Re: 1.0000 Acc: 1.0000 F1: 1.0000
Epoch 186: Time: 0.0818 Cost: 0.0083 Pre: 1.0000 Re: 1.0000 Acc: 1.0000 F1: 1.0000
Epoch 187: Time: 0.0805 Cost: 0.0082 Pre: 1.0000 Re: 1.0000 Acc: 1.0000 F1: 1.0000
Epoch 188: Time: 0.0818 Cost: 0.0081 Pre: 1.0000 Re: 1.0000 Acc: 1.0000 F1: 1.0000
Epoch 189: Time: 0.0797 Cost: 0.0080 Pre: 1.0000 Re: 1.0000 Acc: 1.0000 F1: 1.0000
Epoch 190: Time: 0.0818 Cost: 0.0080 Pre: 1.0000 Re: 1.0000 Acc: 1.0000 F1: 1.0000


--------------------------------------------------------------------
Eval results: Cost:0.0200 Pre:1.0000 Re:1.0000 Acc:1.0000 F1:1.0000
--------------------------------------------------------------------

Epoch 191: Time: 0.0837 Cost: 0.0079 Pre: 1.0000 Re: 1.0000 Acc: 1.0000 F1: 1.0000
Epoch 192: Time: 0.0877 Cost: 0.0078 Pre: 1.0000 Re: 1.0000 Acc: 1.0000 F1: 1.0000
Epoch 193: Time: 0.0816 Cost: 0.0077 Pre: 1.0000 Re: 1.0000 Acc: 1.0000 F1: 1.0000
Epoch 194: Time: 0.0808 Cost: 0.0076 Pre: 1.0000 Re: 1.0000 Acc: 1.0000 F1: 1.0000
Epoch 195: Time: 0.0816 Cost: 0.0075 Pre: 1.0000 Re: 1.0000 Acc: 1.0000 F1: 1.0000
Epoch 196: Time: 0.0814 Cost: 0.0075 Pre: 1.0000 Re: 1.0000 Acc: 1.0000 F1: 1.0000
Epoch 197: Time: 0.0811 Cost: 0.0074 Pre: 1.0000 Re: 1.0000 Acc: 1.0000 F1: 1.0000
Epoch 198: Time: 0.0815 Cost: 0.0073 Pre: 1.0000 Re: 1.0000 Acc: 1.0000 F1: 1.0000
Epoch 199: Time: 0.0812 Cost: 0.0072 Pre: 1.0000 Re: 1.0000 Acc: 1.0000 F1: 1.0000
Epoch 200: Time: 0.0807 Cost: 0.0071 Pre: 1.0000 Re: 1.0000 Acc: 1.0000 F1: 1.0000


--------------------------------------------------------------------
Eval results: Cost:0.0179 Pre:1.0000 Re:1.0000 Acc:1.0000 F1:1.0000
--------------------------------------------------------------------

Epoch 201: Time: 0.0811 Cost: 0.0071 Pre: 1.0000 Re: 1.0000 Acc: 1.0000 F1: 1.0000
Epoch 202: Time: 0.0816 Cost: 0.0070 Pre: 1.0000 Re: 1.0000 Acc: 1.0000 F1: 1.0000
Epoch 203: Time: 0.0807 Cost: 0.0069 Pre: 1.0000 Re: 1.0000 Acc: 1.0000 F1: 1.0000
Epoch 204: Time: 0.0815 Cost: 0.0069 Pre: 1.0000 Re: 1.0000 Acc: 1.0000 F1: 1.0000
Epoch 205: Time: 0.0806 Cost: 0.0068 Pre: 1.0000 Re: 1.0000 Acc: 1.0000 F1: 1.0000
Epoch 206: Time: 0.0807 Cost: 0.0067 Pre: 1.0000 Re: 1.0000 Acc: 1.0000 F1: 1.0000
Epoch 207: Time: 0.0808 Cost: 0.0066 Pre: 1.0000 Re: 1.0000 Acc: 1.0000 F1: 1.0000
Epoch 208: Time: 0.0828 Cost: 0.0066 Pre: 1.0000 Re: 1.0000 Acc: 1.0000 F1: 1.0000
Epoch 209: Time: 0.0814 Cost: 0.0065 Pre: 1.0000 Re: 1.0000 Acc: 1.0000 F1: 1.0000
Epoch 210: Time: 0.0812 Cost: 0.0064 Pre: 1.0000 Re: 1.0000 Acc: 1.0000 F1: 1.0000


--------------------------------------------------------------------
Eval results: Cost:0.0162 Pre:1.0000 Re:1.0000 Acc:1.0000 F1:1.0000
--------------------------------------------------------------------

Epoch 211: Time: 0.0845 Cost: 0.0064 Pre: 1.0000 Re: 1.0000 Acc: 1.0000 F1: 1.0000
Epoch 212: Time: 0.0840 Cost: 0.0063 Pre: 1.0000 Re: 1.0000 Acc: 1.0000 F1: 1.0000
Epoch 213: Time: 0.0818 Cost: 0.0062 Pre: 1.0000 Re: 1.0000 Acc: 1.0000 F1: 1.0000
Epoch 214: Time: 0.0817 Cost: 0.0062 Pre: 1.0000 Re: 1.0000 Acc: 1.0000 F1: 1.0000
Epoch 215: Time: 0.0812 Cost: 0.0061 Pre: 1.0000 Re: 1.0000 Acc: 1.0000 F1: 1.0000
Epoch 216: Time: 0.0802 Cost: 0.0061 Pre: 1.0000 Re: 1.0000 Acc: 1.0000 F1: 1.0000
Epoch 217: Time: 0.0810 Cost: 0.0060 Pre: 1.0000 Re: 1.0000 Acc: 1.0000 F1: 1.0000
Epoch 218: Time: 0.0810 Cost: 0.0059 Pre: 1.0000 Re: 1.0000 Acc: 1.0000 F1: 1.0000
Epoch 219: Time: 0.0814 Cost: 0.0059 Pre: 1.0000 Re: 1.0000 Acc: 1.0000 F1: 1.0000
Epoch 220: Time: 0.0819 Cost: 0.0058 Pre: 1.0000 Re: 1.0000 Acc: 1.0000 F1: 1.0000


--------------------------------------------------------------------
Eval results: Cost:0.0146 Pre:1.0000 Re:1.0000 Acc:1.0000 F1:1.0000
--------------------------------------------------------------------

Epoch 221: Time: 0.0812 Cost: 0.0058 Pre: 1.0000 Re: 1.0000 Acc: 1.0000 F1: 1.0000
Epoch 222: Time: 0.0818 Cost: 0.0057 Pre: 1.0000 Re: 1.0000 Acc: 1.0000 F1: 1.0000
Epoch 223: Time: 0.0805 Cost: 0.0057 Pre: 1.0000 Re: 1.0000 Acc: 1.0000 F1: 1.0000
Epoch 224: Time: 0.0811 Cost: 0.0056 Pre: 1.0000 Re: 1.0000 Acc: 1.0000 F1: 1.0000
Epoch 225: Time: 0.0805 Cost: 0.0055 Pre: 1.0000 Re: 1.0000 Acc: 1.0000 F1: 1.0000
Epoch 226: Time: 0.0808 Cost: 0.0055 Pre: 1.0000 Re: 1.0000 Acc: 1.0000 F1: 1.0000
Epoch 227: Time: 0.0813 Cost: 0.0054 Pre: 1.0000 Re: 1.0000 Acc: 1.0000 F1: 1.0000
Epoch 228: Time: 0.0813 Cost: 0.0054 Pre: 1.0000 Re: 1.0000 Acc: 1.0000 F1: 1.0000
Epoch 229: Time: 0.0805 Cost: 0.0053 Pre: 1.0000 Re: 1.0000 Acc: 1.0000 F1: 1.0000
Epoch 230: Time: 0.0803 Cost: 0.0053 Pre: 1.0000 Re: 1.0000 Acc: 1.0000 F1: 1.0000


--------------------------------------------------------------------
Eval results: Cost:0.0133 Pre:1.0000 Re:1.0000 Acc:1.0000 F1:1.0000
--------------------------------------------------------------------

Epoch 231: Time: 0.0804 Cost: 0.0052 Pre: 1.0000 Re: 1.0000 Acc: 1.0000 F1: 1.0000
Epoch 232: Time: 0.0799 Cost: 0.0052 Pre: 1.0000 Re: 1.0000 Acc: 1.0000 F1: 1.0000
Epoch 233: Time: 0.0801 Cost: 0.0051 Pre: 1.0000 Re: 1.0000 Acc: 1.0000 F1: 1.0000
Epoch 234: Time: 0.0811 Cost: 0.0051 Pre: 1.0000 Re: 1.0000 Acc: 1.0000 F1: 1.0000
Epoch 235: Time: 0.0809 Cost: 0.0050 Pre: 1.0000 Re: 1.0000 Acc: 1.0000 F1: 1.0000
Epoch 236: Time: 0.0807 Cost: 0.0050 Pre: 1.0000 Re: 1.0000 Acc: 1.0000 F1: 1.0000
Epoch 237: Time: 0.0798 Cost: 0.0050 Pre: 1.0000 Re: 1.0000 Acc: 1.0000 F1: 1.0000
Epoch 238: Time: 0.0802 Cost: 0.0049 Pre: 1.0000 Re: 1.0000 Acc: 1.0000 F1: 1.0000
Epoch 239: Time: 0.0804 Cost: 0.0049 Pre: 1.0000 Re: 1.0000 Acc: 1.0000 F1: 1.0000
Epoch 240: Time: 0.0800 Cost: 0.0048 Pre: 1.0000 Re: 1.0000 Acc: 1.0000 F1: 1.0000


--------------------------------------------------------------------
Eval results: Cost:0.0121 Pre:1.0000 Re:1.0000 Acc:1.0000 F1:1.0000
--------------------------------------------------------------------

Epoch 241: Time: 0.0802 Cost: 0.0048 Pre: 1.0000 Re: 1.0000 Acc: 1.0000 F1: 1.0000
Epoch 242: Time: 0.0812 Cost: 0.0047 Pre: 1.0000 Re: 1.0000 Acc: 1.0000 F1: 1.0000
Epoch 243: Time: 0.0807 Cost: 0.0047 Pre: 1.0000 Re: 1.0000 Acc: 1.0000 F1: 1.0000
Epoch 244: Time: 0.0799 Cost: 0.0046 Pre: 1.0000 Re: 1.0000 Acc: 1.0000 F1: 1.0000
Epoch 245: Time: 0.0805 Cost: 0.0046 Pre: 1.0000 Re: 1.0000 Acc: 1.0000 F1: 1.0000
Epoch 246: Time: 0.0836 Cost: 0.0046 Pre: 1.0000 Re: 1.0000 Acc: 1.0000 F1: 1.0000
Epoch 247: Time: 0.0801 Cost: 0.0045 Pre: 1.0000 Re: 1.0000 Acc: 1.0000 F1: 1.0000
Epoch 248: Time: 0.0806 Cost: 0.0045 Pre: 1.0000 Re: 1.0000 Acc: 1.0000 F1: 1.0000
Epoch 249: Time: 0.0806 Cost: 0.0044 Pre: 1.0000 Re: 1.0000 Acc: 1.0000 F1: 1.0000
Epoch 250: Time: 0.0817 Cost: 0.0044 Pre: 1.0000 Re: 1.0000 Acc: 1.0000 F1: 1.0000


--------------------------------------------------------------------
Eval results: Cost:0.0111 Pre:1.0000 Re:1.0000 Acc:1.0000 F1:1.0000
--------------------------------------------------------------------

Epoch 251: Time: 0.0814 Cost: 0.0044 Pre: 1.0000 Re: 1.0000 Acc: 1.0000 F1: 1.0000
Epoch 252: Time: 0.0812 Cost: 0.0043 Pre: 1.0000 Re: 1.0000 Acc: 1.0000 F1: 1.0000
Epoch 253: Time: 0.0816 Cost: 0.0043 Pre: 1.0000 Re: 1.0000 Acc: 1.0000 F1: 1.0000
Epoch 254: Time: 0.0820 Cost: 0.0043 Pre: 1.0000 Re: 1.0000 Acc: 1.0000 F1: 1.0000
Epoch 255: Time: 0.0810 Cost: 0.0042 Pre: 1.0000 Re: 1.0000 Acc: 1.0000 F1: 1.0000
Epoch 256: Time: 0.0805 Cost: 0.0042 Pre: 1.0000 Re: 1.0000 Acc: 1.0000 F1: 1.0000
Epoch 257: Time: 0.0812 Cost: 0.0042 Pre: 1.0000 Re: 1.0000 Acc: 1.0000 F1: 1.0000
Epoch 258: Time: 0.0812 Cost: 0.0041 Pre: 1.0000 Re: 1.0000 Acc: 1.0000 F1: 1.0000
Epoch 259: Time: 0.0816 Cost: 0.0041 Pre: 1.0000 Re: 1.0000 Acc: 1.0000 F1: 1.0000
Epoch 260: Time: 0.0807 Cost: 0.0040 Pre: 1.0000 Re: 1.0000 Acc: 1.0000 F1: 1.0000


--------------------------------------------------------------------
Eval results: Cost:0.0102 Pre:1.0000 Re:1.0000 Acc:1.0000 F1:1.0000
--------------------------------------------------------------------

Epoch 261: Time: 0.0807 Cost: 0.0040 Pre: 1.0000 Re: 1.0000 Acc: 1.0000 F1: 1.0000
Epoch 262: Time: 0.0803 Cost: 0.0040 Pre: 1.0000 Re: 1.0000 Acc: 1.0000 F1: 1.0000
Epoch 263: Time: 0.0802 Cost: 0.0040 Pre: 1.0000 Re: 1.0000 Acc: 1.0000 F1: 1.0000
Epoch 264: Time: 0.0811 Cost: 0.0039 Pre: 1.0000 Re: 1.0000 Acc: 1.0000 F1: 1.0000
Epoch 265: Time: 0.0818 Cost: 0.0039 Pre: 1.0000 Re: 1.0000 Acc: 1.0000 F1: 1.0000
Epoch 266: Time: 0.0814 Cost: 0.0039 Pre: 1.0000 Re: 1.0000 Acc: 1.0000 F1: 1.0000
Epoch 267: Time: 0.0809 Cost: 0.0038 Pre: 1.0000 Re: 1.0000 Acc: 1.0000 F1: 1.0000
Epoch 268: Time: 0.0808 Cost: 0.0038 Pre: 1.0000 Re: 1.0000 Acc: 1.0000 F1: 1.0000
Epoch 269: Time: 0.0810 Cost: 0.0038 Pre: 1.0000 Re: 1.0000 Acc: 1.0000 F1: 1.0000
Epoch 270: Time: 0.0807 Cost: 0.0037 Pre: 1.0000 Re: 1.0000 Acc: 1.0000 F1: 1.0000


--------------------------------------------------------------------
Eval results: Cost:0.0094 Pre:1.0000 Re:1.0000 Acc:1.0000 F1:1.0000
--------------------------------------------------------------------

Epoch 271: Time: 0.0809 Cost: 0.0037 Pre: 1.0000 Re: 1.0000 Acc: 1.0000 F1: 1.0000
Epoch 272: Time: 0.0812 Cost: 0.0037 Pre: 1.0000 Re: 1.0000 Acc: 1.0000 F1: 1.0000
Epoch 273: Time: 0.0815 Cost: 0.0036 Pre: 1.0000 Re: 1.0000 Acc: 1.0000 F1: 1.0000
Epoch 274: Time: 0.0805 Cost: 0.0036 Pre: 1.0000 Re: 1.0000 Acc: 1.0000 F1: 1.0000
Epoch 275: Time: 0.0816 Cost: 0.0036 Pre: 1.0000 Re: 1.0000 Acc: 1.0000 F1: 1.0000
Epoch 276: Time: 0.0821 Cost: 0.0036 Pre: 1.0000 Re: 1.0000 Acc: 1.0000 F1: 1.0000
Epoch 277: Time: 0.0810 Cost: 0.0035 Pre: 1.0000 Re: 1.0000 Acc: 1.0000 F1: 1.0000
Epoch 278: Time: 0.0802 Cost: 0.0035 Pre: 1.0000 Re: 1.0000 Acc: 1.0000 F1: 1.0000
Epoch 279: Time: 0.0808 Cost: 0.0035 Pre: 1.0000 Re: 1.0000 Acc: 1.0000 F1: 1.0000
Epoch 280: Time: 0.0809 Cost: 0.0035 Pre: 1.0000 Re: 1.0000 Acc: 1.0000 F1: 1.0000


--------------------------------------------------------------------
Eval results: Cost:0.0087 Pre:1.0000 Re:1.0000 Acc:1.0000 F1:1.0000
--------------------------------------------------------------------

Epoch 281: Time: 0.0803 Cost: 0.0034 Pre: 1.0000 Re: 1.0000 Acc: 1.0000 F1: 1.0000
Epoch 282: Time: 0.0806 Cost: 0.0034 Pre: 1.0000 Re: 1.0000 Acc: 1.0000 F1: 1.0000
Epoch 283: Time: 0.0808 Cost: 0.0034 Pre: 1.0000 Re: 1.0000 Acc: 1.0000 F1: 1.0000
Epoch 284: Time: 0.0800 Cost: 0.0034 Pre: 1.0000 Re: 1.0000 Acc: 1.0000 F1: 1.0000
Epoch 285: Time: 0.0810 Cost: 0.0033 Pre: 1.0000 Re: 1.0000 Acc: 1.0000 F1: 1.0000
Epoch 286: Time: 0.0805 Cost: 0.0033 Pre: 1.0000 Re: 1.0000 Acc: 1.0000 F1: 1.0000
Epoch 287: Time: 0.0804 Cost: 0.0033 Pre: 1.0000 Re: 1.0000 Acc: 1.0000 F1: 1.0000
Epoch 288: Time: 0.0819 Cost: 0.0033 Pre: 1.0000 Re: 1.0000 Acc: 1.0000 F1: 1.0000
Epoch 289: Time: 0.0806 Cost: 0.0032 Pre: 1.0000 Re: 1.0000 Acc: 1.0000 F1: 1.0000
Epoch 290: Time: 0.0817 Cost: 0.0032 Pre: 1.0000 Re: 1.0000 Acc: 1.0000 F1: 1.0000


--------------------------------------------------------------------
Eval results: Cost:0.0081 Pre:1.0000 Re:1.0000 Acc:1.0000 F1:1.0000
--------------------------------------------------------------------

Epoch 291: Time: 0.0819 Cost: 0.0032 Pre: 1.0000 Re: 1.0000 Acc: 1.0000 F1: 1.0000
Epoch 292: Time: 0.0861 Cost: 0.0032 Pre: 1.0000 Re: 1.0000 Acc: 1.0000 F1: 1.0000
Epoch 293: Time: 0.0923 Cost: 0.0031 Pre: 1.0000 Re: 1.0000 Acc: 1.0000 F1: 1.0000
Epoch 294: Time: 0.0811 Cost: 0.0031 Pre: 1.0000 Re: 1.0000 Acc: 1.0000 F1: 1.0000
Epoch 295: Time: 0.0816 Cost: 0.0031 Pre: 1.0000 Re: 1.0000 Acc: 1.0000 F1: 1.0000
Epoch 296: Time: 0.0805 Cost: 0.0031 Pre: 1.0000 Re: 1.0000 Acc: 1.0000 F1: 1.0000
Epoch 297: Time: 0.0816 Cost: 0.0031 Pre: 1.0000 Re: 1.0000 Acc: 1.0000 F1: 1.0000
Epoch 298: Time: 0.0819 Cost: 0.0030 Pre: 1.0000 Re: 1.0000 Acc: 1.0000 F1: 1.0000
Epoch 299: Time: 0.0827 Cost: 0.0030 Pre: 1.0000 Re: 1.0000 Acc: 1.0000 F1: 1.0000
Epoch 300: Time: 0.0816 Cost: 0.0030 Pre: 1.0000 Re: 1.0000 Acc: 1.0000 F1: 1.0000


--------------------------------------------------------------------
Eval results: Cost:0.0076 Pre:1.0000 Re:1.0000 Acc:1.0000 F1:1.0000
--------------------------------------------------------------------

Epoch 301: Time: 0.0808 Cost: 0.0030 Pre: 1.0000 Re: 1.0000 Acc: 1.0000 F1: 1.0000
Epoch 302: Time: 0.0805 Cost: 0.0030 Pre: 1.0000 Re: 1.0000 Acc: 1.0000 F1: 1.0000
Epoch 303: Time: 0.0800 Cost: 0.0029 Pre: 1.0000 Re: 1.0000 Acc: 1.0000 F1: 1.0000
Epoch 304: Time: 0.0810 Cost: 0.0029 Pre: 1.0000 Re: 1.0000 Acc: 1.0000 F1: 1.0000
Epoch 305: Time: 0.0826 Cost: 0.0029 Pre: 1.0000 Re: 1.0000 Acc: 1.0000 F1: 1.0000
Epoch 306: Time: 0.0816 Cost: 0.0029 Pre: 1.0000 Re: 1.0000 Acc: 1.0000 F1: 1.0000
Epoch 307: Time: 0.0803 Cost: 0.0029 Pre: 1.0000 Re: 1.0000 Acc: 1.0000 F1: 1.0000
Epoch 308: Time: 0.0799 Cost: 0.0028 Pre: 1.0000 Re: 1.0000 Acc: 1.0000 F1: 1.0000
Epoch 309: Time: 0.0799 Cost: 0.0028 Pre: 1.0000 Re: 1.0000 Acc: 1.0000 F1: 1.0000
Epoch 310: Time: 0.0799 Cost: 0.0028 Pre: 1.0000 Re: 1.0000 Acc: 1.0000 F1: 1.0000


--------------------------------------------------------------------
Eval results: Cost:0.0071 Pre:1.0000 Re:1.0000 Acc:1.0000 F1:1.0000
--------------------------------------------------------------------

Epoch 311: Time: 0.0804 Cost: 0.0028 Pre: 1.0000 Re: 1.0000 Acc: 1.0000 F1: 1.0000
Epoch 312: Time: 0.0801 Cost: 0.0028 Pre: 1.0000 Re: 1.0000 Acc: 1.0000 F1: 1.0000
Epoch 313: Time: 0.0802 Cost: 0.0027 Pre: 1.0000 Re: 1.0000 Acc: 1.0000 F1: 1.0000
Epoch 314: Time: 0.0797 Cost: 0.0027 Pre: 1.0000 Re: 1.0000 Acc: 1.0000 F1: 1.0000
Epoch 315: Time: 0.0801 Cost: 0.0027 Pre: 1.0000 Re: 1.0000 Acc: 1.0000 F1: 1.0000
Epoch 316: Time: 0.0806 Cost: 0.0027 Pre: 1.0000 Re: 1.0000 Acc: 1.0000 F1: 1.0000
Epoch 317: Time: 0.0800 Cost: 0.0027 Pre: 1.0000 Re: 1.0000 Acc: 1.0000 F1: 1.0000
Epoch 318: Time: 0.0799 Cost: 0.0027 Pre: 1.0000 Re: 1.0000 Acc: 1.0000 F1: 1.0000
Epoch 319: Time: 0.0801 Cost: 0.0026 Pre: 1.0000 Re: 1.0000 Acc: 1.0000 F1: 1.0000
Epoch 320: Time: 0.0800 Cost: 0.0026 Pre: 1.0000 Re: 1.0000 Acc: 1.0000 F1: 1.0000


--------------------------------------------------------------------
Eval results: Cost:0.0067 Pre:1.0000 Re:1.0000 Acc:1.0000 F1:1.0000
--------------------------------------------------------------------

Early stopping...
--------------------------------------------------------------------
--------------------------------------------------------------------
Test 1996 samples take time: 0.2070
Test results: Cost:0.0024 Pre:1.0000 Re:1.0000 Acc:1.0000 F1:1.0000
--------------------------------------------------------------------

