16768
16562
16206
16632
16380
16425
Load data
RNN type: O2 Grammar: g7 Seed: 5
Model total parameters: 5000
Saving hinit ... 

Epoch 0: Time: 0.5062 Cost: 23.4511 Pre: 0.6283 Re: 0.4927 Acc: 0.6174 F1: 0.5523


--------------------------------------------------------------------
Eval results: Cost:21.8987 Pre:0.5539 Re:0.7362 Acc:0.6337 F1:0.6322
--------------------------------------------------------------------

Epoch 1: Time: 0.4325 Cost: 21.5203 Pre: 0.6065 Re: 0.7049 Acc: 0.6396 F1: 0.6520
Epoch 2: Time: 0.4320 Cost: 20.8123 Pre: 0.7067 Re: 0.5671 Acc: 0.6799 F1: 0.6292
Epoch 3: Time: 0.4310 Cost: 20.4421 Pre: 0.7369 Re: 0.4988 Acc: 0.6746 F1: 0.5949
Epoch 4: Time: 0.4330 Cost: 20.1964 Pre: 0.7369 Re: 0.4988 Acc: 0.6746 F1: 0.5949
Epoch 5: Time: 0.4321 Cost: 19.9663 Pre: 0.7369 Re: 0.4988 Acc: 0.6746 F1: 0.5949
Epoch 6: Time: 0.4310 Cost: 19.7320 Pre: 0.7145 Re: 0.5585 Acc: 0.6817 F1: 0.6270
Epoch 7: Time: 0.4335 Cost: 19.4863 Pre: 0.6884 Re: 0.6707 Acc: 0.6968 F1: 0.6794
Epoch 8: Time: 0.4316 Cost: 19.2212 Pre: 0.6922 Re: 0.7707 Acc: 0.7261 F1: 0.7294
Epoch 9: Time: 0.4337 Cost: 18.9251 Pre: 0.6926 Re: 0.7720 Acc: 0.7266 F1: 0.7301
Epoch 10: Time: 0.4333 Cost: 18.5760 Pre: 0.6929 Re: 0.7732 Acc: 0.7272 F1: 0.7308


--------------------------------------------------------------------
Eval results: Cost:19.2637 Pre:0.6211 Re:0.7850 Acc:0.7033 F1:0.6935
--------------------------------------------------------------------

Epoch 11: Time: 0.4405 Cost: 18.1447 Pre: 0.6988 Re: 0.7695 Acc: 0.7307 F1: 0.7324
Epoch 12: Time: 0.4376 Cost: 17.5818 Pre: 0.7158 Re: 0.7646 Acc: 0.7418 F1: 0.7394
Epoch 13: Time: 0.4417 Cost: 16.7075 Pre: 0.7448 Re: 0.7793 Acc: 0.7664 F1: 0.7616
Epoch 14: Time: 0.4396 Cost: 15.2124 Pre: 0.7701 Re: 0.7720 Acc: 0.7804 F1: 0.7710
Epoch 15: Time: 0.4395 Cost: 12.8176 Pre: 0.8240 Re: 0.8390 Acc: 0.8370 F1: 0.8314
Epoch 16: Time: 0.4531 Cost: 10.4171 Pre: 0.8831 Re: 0.8756 Acc: 0.8849 F1: 0.8794
Epoch 17: Time: 0.4402 Cost: 8.9738 Pre: 0.9014 Re: 0.8915 Acc: 0.9013 F1: 0.8964
Epoch 18: Time: 0.4389 Cost: 7.9074 Pre: 0.9187 Re: 0.9098 Acc: 0.9182 F1: 0.9142
Epoch 19: Time: 0.4416 Cost: 6.9394 Pre: 0.9351 Re: 0.9317 Acc: 0.9363 F1: 0.9334
Epoch 20: Time: 0.4419 Cost: 6.0238 Pre: 0.9521 Re: 0.9463 Acc: 0.9515 F1: 0.9492


--------------------------------------------------------------------
Eval results: Cost:5.1141 Pre:0.9490 Re:0.9707 Acc:0.9652 F1:0.9597
--------------------------------------------------------------------

Epoch 21: Time: 0.4349 Cost: 5.1789 Pre: 0.9600 Re: 0.9659 Acc: 0.9644 F1: 0.9629
Epoch 22: Time: 0.4321 Cost: 4.4315 Pre: 0.9687 Re: 0.9805 Acc: 0.9755 F1: 0.9745
Epoch 23: Time: 0.4319 Cost: 3.8092 Pre: 0.9748 Re: 0.9902 Acc: 0.9831 F1: 0.9825
Epoch 24: Time: 0.4364 Cost: 3.2817 Pre: 0.9796 Re: 0.9963 Acc: 0.9883 F1: 0.9879
Epoch 25: Time: 0.4335 Cost: 2.8796 Pre: 0.9856 Re: 0.9988 Acc: 0.9924 F1: 0.9921
Epoch 26: Time: 0.4367 Cost: 2.5719 Pre: 0.9868 Re: 1.0000 Acc: 0.9936 F1: 0.9933
Epoch 27: Time: 0.4331 Cost: 2.2827 Pre: 0.9891 Re: 1.0000 Acc: 0.9947 F1: 0.9945
Epoch 28: Time: 0.4357 Cost: 2.0014 Pre: 0.9891 Re: 1.0000 Acc: 0.9947 F1: 0.9945
Epoch 29: Time: 0.4315 Cost: 1.7415 Pre: 0.9891 Re: 1.0000 Acc: 0.9947 F1: 0.9945
Epoch 30: Time: 0.4370 Cost: 1.5103 Pre: 0.9939 Re: 1.0000 Acc: 0.9971 F1: 0.9970


--------------------------------------------------------------------
Eval results: Cost:1.2814 Pre:0.9871 Re:1.0000 Acc:0.9944 F1:0.9935
--------------------------------------------------------------------

Epoch 31: Time: 0.4365 Cost: 1.3048 Pre: 0.9951 Re: 1.0000 Acc: 0.9977 F1: 0.9976
Epoch 32: Time: 0.4408 Cost: 1.1213 Pre: 0.9951 Re: 1.0000 Acc: 0.9977 F1: 0.9976
Epoch 33: Time: 0.4368 Cost: 0.9591 Pre: 0.9964 Re: 1.0000 Acc: 0.9982 F1: 0.9982
Epoch 34: Time: 0.4387 Cost: 0.8219 Pre: 0.9976 Re: 1.0000 Acc: 0.9988 F1: 0.9988
Epoch 35: Time: 0.4352 Cost: 0.7029 Pre: 0.9976 Re: 1.0000 Acc: 0.9988 F1: 0.9988
Epoch 36: Time: 0.4397 Cost: 0.6000 Pre: 0.9976 Re: 1.0000 Acc: 0.9988 F1: 0.9988
Epoch 37: Time: 0.4383 Cost: 0.5144 Pre: 0.9988 Re: 1.0000 Acc: 0.9994 F1: 0.9994
Epoch 38: Time: 0.4482 Cost: 0.4421 Pre: 0.9988 Re: 1.0000 Acc: 0.9994 F1: 0.9994
Epoch 39: Time: 0.4405 Cost: 0.3796 Pre: 1.0000 Re: 1.0000 Acc: 1.0000 F1: 1.0000
Epoch 40: Time: 0.4419 Cost: 0.3258 Pre: 1.0000 Re: 1.0000 Acc: 1.0000 F1: 1.0000


--------------------------------------------------------------------
Eval results: Cost:0.3201 Pre:0.9968 Re:1.0000 Acc:0.9986 F1:0.9984
--------------------------------------------------------------------

Epoch 41: Time: 0.4328 Cost: 0.2808 Pre: 1.0000 Re: 1.0000 Acc: 1.0000 F1: 1.0000
Epoch 42: Time: 0.4342 Cost: 0.2394 Pre: 1.0000 Re: 1.0000 Acc: 1.0000 F1: 1.0000
Epoch 43: Time: 0.4343 Cost: 0.2048 Pre: 1.0000 Re: 1.0000 Acc: 1.0000 F1: 1.0000
Epoch 44: Time: 0.4325 Cost: 0.1758 Pre: 1.0000 Re: 1.0000 Acc: 1.0000 F1: 1.0000
Epoch 45: Time: 0.4338 Cost: 0.1510 Pre: 1.0000 Re: 1.0000 Acc: 1.0000 F1: 1.0000
Epoch 46: Time: 0.4325 Cost: 0.1299 Pre: 1.0000 Re: 1.0000 Acc: 1.0000 F1: 1.0000
Epoch 47: Time: 0.4357 Cost: 0.1119 Pre: 1.0000 Re: 1.0000 Acc: 1.0000 F1: 1.0000
Epoch 48: Time: 0.4333 Cost: 0.0966 Pre: 1.0000 Re: 1.0000 Acc: 1.0000 F1: 1.0000
Epoch 49: Time: 0.4334 Cost: 0.0835 Pre: 1.0000 Re: 1.0000 Acc: 1.0000 F1: 1.0000
Epoch 50: Time: 0.4474 Cost: 0.0724 Pre: 1.0000 Re: 1.0000 Acc: 1.0000 F1: 1.0000


--------------------------------------------------------------------
Eval results: Cost:0.1036 Pre:0.9968 Re:1.0000 Acc:0.9986 F1:0.9984
--------------------------------------------------------------------

Epoch 51: Time: 0.4391 Cost: 0.0624 Pre: 1.0000 Re: 1.0000 Acc: 1.0000 F1: 1.0000
Epoch 52: Time: 0.4348 Cost: 0.0558 Pre: 1.0000 Re: 1.0000 Acc: 1.0000 F1: 1.0000
Epoch 53: Time: 0.4428 Cost: 0.0497 Pre: 1.0000 Re: 1.0000 Acc: 1.0000 F1: 1.0000
Epoch 54: Time: 0.4366 Cost: 0.0441 Pre: 1.0000 Re: 1.0000 Acc: 1.0000 F1: 1.0000
Epoch 55: Time: 0.4375 Cost: 0.0390 Pre: 1.0000 Re: 1.0000 Acc: 1.0000 F1: 1.0000
Epoch 56: Time: 0.4385 Cost: 0.0345 Pre: 1.0000 Re: 1.0000 Acc: 1.0000 F1: 1.0000
Epoch 57: Time: 0.4585 Cost: 0.0306 Pre: 1.0000 Re: 1.0000 Acc: 1.0000 F1: 1.0000
Epoch 58: Time: 0.5438 Cost: 0.0273 Pre: 1.0000 Re: 1.0000 Acc: 1.0000 F1: 1.0000
Epoch 59: Time: 0.5767 Cost: 0.0244 Pre: 1.0000 Re: 1.0000 Acc: 1.0000 F1: 1.0000
Epoch 60: Time: 0.5345 Cost: 0.0220 Pre: 1.0000 Re: 1.0000 Acc: 1.0000 F1: 1.0000


--------------------------------------------------------------------
Eval results: Cost:0.0332 Pre:1.0000 Re:1.0000 Acc:1.0000 F1:1.0000
--------------------------------------------------------------------

Epoch 61: Time: 0.4612 Cost: 0.0199 Pre: 1.0000 Re: 1.0000 Acc: 1.0000 F1: 1.0000
Epoch 62: Time: 0.4683 Cost: 0.0187 Pre: 1.0000 Re: 1.0000 Acc: 1.0000 F1: 1.0000
Epoch 63: Time: 0.4891 Cost: 0.0174 Pre: 1.0000 Re: 1.0000 Acc: 1.0000 F1: 1.0000
Epoch 64: Time: 0.5561 Cost: 0.0160 Pre: 1.0000 Re: 1.0000 Acc: 1.0000 F1: 1.0000
Epoch 65: Time: 0.5874 Cost: 0.0148 Pre: 1.0000 Re: 1.0000 Acc: 1.0000 F1: 1.0000
Epoch 66: Time: 0.4818 Cost: 0.0138 Pre: 1.0000 Re: 1.0000 Acc: 1.0000 F1: 1.0000
Epoch 67: Time: 0.4809 Cost: 0.0128 Pre: 1.0000 Re: 1.0000 Acc: 1.0000 F1: 1.0000
Epoch 68: Time: 0.4829 Cost: 0.0120 Pre: 1.0000 Re: 1.0000 Acc: 1.0000 F1: 1.0000
Epoch 69: Time: 0.4889 Cost: 0.0112 Pre: 1.0000 Re: 1.0000 Acc: 1.0000 F1: 1.0000
Epoch 70: Time: 0.5366 Cost: 0.0106 Pre: 1.0000 Re: 1.0000 Acc: 1.0000 F1: 1.0000


--------------------------------------------------------------------
Eval results: Cost:0.0144 Pre:1.0000 Re:1.0000 Acc:1.0000 F1:1.0000
--------------------------------------------------------------------

Epoch 71: Time: 0.5049 Cost: 0.0100 Pre: 1.0000 Re: 1.0000 Acc: 1.0000 F1: 1.0000
Epoch 72: Time: 0.5224 Cost: 0.0096 Pre: 1.0000 Re: 1.0000 Acc: 1.0000 F1: 1.0000
Epoch 73: Time: 0.4378 Cost: 0.0092 Pre: 1.0000 Re: 1.0000 Acc: 1.0000 F1: 1.0000
Epoch 74: Time: 0.4466 Cost: 0.0088 Pre: 1.0000 Re: 1.0000 Acc: 1.0000 F1: 1.0000
Epoch 75: Time: 0.4391 Cost: 0.0083 Pre: 1.0000 Re: 1.0000 Acc: 1.0000 F1: 1.0000
Epoch 76: Time: 0.4469 Cost: 0.0080 Pre: 1.0000 Re: 1.0000 Acc: 1.0000 F1: 1.0000
Epoch 77: Time: 0.4522 Cost: 0.0076 Pre: 1.0000 Re: 1.0000 Acc: 1.0000 F1: 1.0000
Epoch 78: Time: 0.4361 Cost: 0.0073 Pre: 1.0000 Re: 1.0000 Acc: 1.0000 F1: 1.0000
Epoch 79: Time: 0.4429 Cost: 0.0070 Pre: 1.0000 Re: 1.0000 Acc: 1.0000 F1: 1.0000
Epoch 80: Time: 0.4652 Cost: 0.0068 Pre: 1.0000 Re: 1.0000 Acc: 1.0000 F1: 1.0000


--------------------------------------------------------------------
Eval results: Cost:0.0097 Pre:1.0000 Re:1.0000 Acc:1.0000 F1:1.0000
--------------------------------------------------------------------

Epoch 81: Time: 0.4345 Cost: 0.0065 Pre: 1.0000 Re: 1.0000 Acc: 1.0000 F1: 1.0000
Epoch 82: Time: 0.4382 Cost: 0.0062 Pre: 1.0000 Re: 1.0000 Acc: 1.0000 F1: 1.0000
Epoch 83: Time: 0.4312 Cost: 0.0060 Pre: 1.0000 Re: 1.0000 Acc: 1.0000 F1: 1.0000
Epoch 84: Time: 0.4350 Cost: 0.0058 Pre: 1.0000 Re: 1.0000 Acc: 1.0000 F1: 1.0000
Epoch 85: Time: 0.4350 Cost: 0.0056 Pre: 1.0000 Re: 1.0000 Acc: 1.0000 F1: 1.0000
Epoch 86: Time: 0.4318 Cost: 0.0054 Pre: 1.0000 Re: 1.0000 Acc: 1.0000 F1: 1.0000
Epoch 87: Time: 0.4350 Cost: 0.0053 Pre: 1.0000 Re: 1.0000 Acc: 1.0000 F1: 1.0000
Epoch 88: Time: 0.4318 Cost: 0.0051 Pre: 1.0000 Re: 1.0000 Acc: 1.0000 F1: 1.0000
Epoch 89: Time: 0.4345 Cost: 0.0049 Pre: 1.0000 Re: 1.0000 Acc: 1.0000 F1: 1.0000
Epoch 90: Time: 0.4344 Cost: 0.0048 Pre: 1.0000 Re: 1.0000 Acc: 1.0000 F1: 1.0000


--------------------------------------------------------------------
Eval results: Cost:0.0064 Pre:1.0000 Re:1.0000 Acc:1.0000 F1:1.0000
--------------------------------------------------------------------

Epoch 91: Time: 0.4374 Cost: 0.0046 Pre: 1.0000 Re: 1.0000 Acc: 1.0000 F1: 1.0000
Epoch 92: Time: 0.4373 Cost: 0.0045 Pre: 1.0000 Re: 1.0000 Acc: 1.0000 F1: 1.0000
Epoch 93: Time: 0.4386 Cost: 0.0044 Pre: 1.0000 Re: 1.0000 Acc: 1.0000 F1: 1.0000
Epoch 94: Time: 0.4379 Cost: 0.0043 Pre: 1.0000 Re: 1.0000 Acc: 1.0000 F1: 1.0000
Epoch 95: Time: 0.4394 Cost: 0.0042 Pre: 1.0000 Re: 1.0000 Acc: 1.0000 F1: 1.0000
Epoch 96: Time: 0.4375 Cost: 0.0041 Pre: 1.0000 Re: 1.0000 Acc: 1.0000 F1: 1.0000
Epoch 97: Time: 0.4371 Cost: 0.0040 Pre: 1.0000 Re: 1.0000 Acc: 1.0000 F1: 1.0000
Epoch 98: Time: 0.4420 Cost: 0.0039 Pre: 1.0000 Re: 1.0000 Acc: 1.0000 F1: 1.0000
Epoch 99: Time: 0.4520 Cost: 0.0038 Pre: 1.0000 Re: 1.0000 Acc: 1.0000 F1: 1.0000
Epoch 100: Time: 0.4420 Cost: 0.0037 Pre: 1.0000 Re: 1.0000 Acc: 1.0000 F1: 1.0000


--------------------------------------------------------------------
Eval results: Cost:0.0043 Pre:1.0000 Re:1.0000 Acc:1.0000 F1:1.0000
--------------------------------------------------------------------

Epoch 101: Time: 0.4386 Cost: 0.0036 Pre: 1.0000 Re: 1.0000 Acc: 1.0000 F1: 1.0000
Epoch 102: Time: 0.4323 Cost: 0.0035 Pre: 1.0000 Re: 1.0000 Acc: 1.0000 F1: 1.0000
Epoch 103: Time: 0.4322 Cost: 0.0034 Pre: 1.0000 Re: 1.0000 Acc: 1.0000 F1: 1.0000
Epoch 104: Time: 0.4364 Cost: 0.0034 Pre: 1.0000 Re: 1.0000 Acc: 1.0000 F1: 1.0000
Epoch 105: Time: 0.4321 Cost: 0.0033 Pre: 1.0000 Re: 1.0000 Acc: 1.0000 F1: 1.0000
Epoch 106: Time: 0.5108 Cost: 0.0032 Pre: 1.0000 Re: 1.0000 Acc: 1.0000 F1: 1.0000
Epoch 107: Time: 0.4815 Cost: 0.0032 Pre: 1.0000 Re: 1.0000 Acc: 1.0000 F1: 1.0000
Epoch 108: Time: 0.4409 Cost: 0.0031 Pre: 1.0000 Re: 1.0000 Acc: 1.0000 F1: 1.0000
Epoch 109: Time: 0.4324 Cost: 0.0031 Pre: 1.0000 Re: 1.0000 Acc: 1.0000 F1: 1.0000
Epoch 110: Time: 0.4348 Cost: 0.0030 Pre: 1.0000 Re: 1.0000 Acc: 1.0000 F1: 1.0000


--------------------------------------------------------------------
Eval results: Cost:0.0034 Pre:1.0000 Re:1.0000 Acc:1.0000 F1:1.0000
--------------------------------------------------------------------

Epoch 111: Time: 0.4373 Cost: 0.0029 Pre: 1.0000 Re: 1.0000 Acc: 1.0000 F1: 1.0000
Epoch 112: Time: 0.4389 Cost: 0.0029 Pre: 1.0000 Re: 1.0000 Acc: 1.0000 F1: 1.0000
Epoch 113: Time: 0.4363 Cost: 0.0028 Pre: 1.0000 Re: 1.0000 Acc: 1.0000 F1: 1.0000
Epoch 114: Time: 0.4414 Cost: 0.0028 Pre: 1.0000 Re: 1.0000 Acc: 1.0000 F1: 1.0000
Epoch 115: Time: 0.4391 Cost: 0.0027 Pre: 1.0000 Re: 1.0000 Acc: 1.0000 F1: 1.0000
Epoch 116: Time: 0.4393 Cost: 0.0027 Pre: 1.0000 Re: 1.0000 Acc: 1.0000 F1: 1.0000
Epoch 117: Time: 0.4368 Cost: 0.0027 Pre: 1.0000 Re: 1.0000 Acc: 1.0000 F1: 1.0000
Epoch 118: Time: 0.4367 Cost: 0.0026 Pre: 1.0000 Re: 1.0000 Acc: 1.0000 F1: 1.0000
Epoch 119: Time: 0.4400 Cost: 0.0026 Pre: 1.0000 Re: 1.0000 Acc: 1.0000 F1: 1.0000
Epoch 120: Time: 0.4515 Cost: 0.0025 Pre: 1.0000 Re: 1.0000 Acc: 1.0000 F1: 1.0000


--------------------------------------------------------------------
Eval results: Cost:0.0028 Pre:1.0000 Re:1.0000 Acc:1.0000 F1:1.0000
--------------------------------------------------------------------

Epoch 121: Time: 0.4321 Cost: 0.0025 Pre: 1.0000 Re: 1.0000 Acc: 1.0000 F1: 1.0000
Epoch 122: Time: 0.4409 Cost: 0.0024 Pre: 1.0000 Re: 1.0000 Acc: 1.0000 F1: 1.0000
Epoch 123: Time: 0.4472 Cost: 0.0024 Pre: 1.0000 Re: 1.0000 Acc: 1.0000 F1: 1.0000
Epoch 124: Time: 0.4338 Cost: 0.0024 Pre: 1.0000 Re: 1.0000 Acc: 1.0000 F1: 1.0000
Epoch 125: Time: 0.4340 Cost: 0.0023 Pre: 1.0000 Re: 1.0000 Acc: 1.0000 F1: 1.0000
Epoch 126: Time: 0.4337 Cost: 0.0023 Pre: 1.0000 Re: 1.0000 Acc: 1.0000 F1: 1.0000
Epoch 127: Time: 0.4345 Cost: 0.0023 Pre: 1.0000 Re: 1.0000 Acc: 1.0000 F1: 1.0000
Epoch 128: Time: 0.4438 Cost: 0.0022 Pre: 1.0000 Re: 1.0000 Acc: 1.0000 F1: 1.0000
Epoch 129: Time: 0.4352 Cost: 0.0022 Pre: 1.0000 Re: 1.0000 Acc: 1.0000 F1: 1.0000
Epoch 130: Time: 0.4327 Cost: 0.0022 Pre: 1.0000 Re: 1.0000 Acc: 1.0000 F1: 1.0000


--------------------------------------------------------------------
Eval results: Cost:0.0023 Pre:1.0000 Re:1.0000 Acc:1.0000 F1:1.0000
--------------------------------------------------------------------

Epoch 131: Time: 0.4403 Cost: 0.0022 Pre: 1.0000 Re: 1.0000 Acc: 1.0000 F1: 1.0000
Epoch 132: Time: 0.4369 Cost: 0.0021 Pre: 1.0000 Re: 1.0000 Acc: 1.0000 F1: 1.0000
Epoch 133: Time: 0.4393 Cost: 0.0021 Pre: 1.0000 Re: 1.0000 Acc: 1.0000 F1: 1.0000
Epoch 134: Time: 0.4370 Cost: 0.0021 Pre: 1.0000 Re: 1.0000 Acc: 1.0000 F1: 1.0000
Epoch 135: Time: 0.4409 Cost: 0.0020 Pre: 1.0000 Re: 1.0000 Acc: 1.0000 F1: 1.0000
Epoch 136: Time: 0.4366 Cost: 0.0020 Pre: 1.0000 Re: 1.0000 Acc: 1.0000 F1: 1.0000
Epoch 137: Time: 0.4368 Cost: 0.0020 Pre: 1.0000 Re: 1.0000 Acc: 1.0000 F1: 1.0000
Epoch 138: Time: 0.4400 Cost: 0.0020 Pre: 1.0000 Re: 1.0000 Acc: 1.0000 F1: 1.0000
Epoch 139: Time: 0.4365 Cost: 0.0019 Pre: 1.0000 Re: 1.0000 Acc: 1.0000 F1: 1.0000
Epoch 140: Time: 0.4409 Cost: 0.0019 Pre: 1.0000 Re: 1.0000 Acc: 1.0000 F1: 1.0000


--------------------------------------------------------------------
Eval results: Cost:0.0020 Pre:1.0000 Re:1.0000 Acc:1.0000 F1:1.0000
--------------------------------------------------------------------

Early stopping...
--------------------------------------------------------------------
--------------------------------------------------------------------
Test 1996 samples take time: 1.3235
Test results: Cost:0.0019 Pre:1.0000 Re:1.0000 Acc:1.0000 F1:1.0000
--------------------------------------------------------------------

