16768
16562
16206
16632
16380
16425
Load data
RNN type: O2 Grammar: g7 Seed: 2
Model total parameters: 5000
Saving hinit ... 

Epoch 0: Time: 0.5600 Cost: 25.1554 Pre: 0.5193 Re: 0.4256 Acc: 0.5362 F1: 0.4678


--------------------------------------------------------------------
Eval results: Cost:22.5682 Pre:0.5539 Re:0.7362 Acc:0.6337 F1:0.6322
--------------------------------------------------------------------

Epoch 1: Time: 0.4752 Cost: 21.9226 Pre: 0.6044 Re: 0.7098 Acc: 0.6384 F1: 0.6528
Epoch 2: Time: 0.4803 Cost: 21.1128 Pre: 0.6256 Re: 0.6927 Acc: 0.6542 F1: 0.6574
Epoch 3: Time: 0.4790 Cost: 20.6591 Pre: 0.7369 Re: 0.4988 Acc: 0.6746 F1: 0.5949
Epoch 4: Time: 0.4707 Cost: 20.4118 Pre: 0.7369 Re: 0.4988 Acc: 0.6746 F1: 0.5949
Epoch 5: Time: 0.4690 Cost: 20.2108 Pre: 0.7369 Re: 0.4988 Acc: 0.6746 F1: 0.5949
Epoch 6: Time: 0.4711 Cost: 20.0137 Pre: 0.7348 Re: 0.5000 Acc: 0.6741 F1: 0.5951
Epoch 7: Time: 0.4743 Cost: 19.8062 Pre: 0.6941 Re: 0.6585 Acc: 0.6974 F1: 0.6758
Epoch 8: Time: 0.4728 Cost: 19.5810 Pre: 0.6941 Re: 0.6585 Acc: 0.6974 F1: 0.6758
Epoch 9: Time: 0.4731 Cost: 19.3329 Pre: 0.6949 Re: 0.7305 Acc: 0.7173 F1: 0.7122
Epoch 10: Time: 0.4718 Cost: 19.0562 Pre: 0.6926 Re: 0.7720 Acc: 0.7266 F1: 0.7301


--------------------------------------------------------------------
Eval results: Cost:19.7642 Pre:0.6211 Re:0.7850 Acc:0.7033 F1:0.6935
--------------------------------------------------------------------

Epoch 11: Time: 0.4765 Cost: 18.7474 Pre: 0.6926 Re: 0.7720 Acc: 0.7266 F1: 0.7301
Epoch 12: Time: 0.4693 Cost: 18.4016 Pre: 0.6971 Re: 0.7720 Acc: 0.7301 F1: 0.7326
Epoch 13: Time: 0.4720 Cost: 17.9666 Pre: 0.7115 Re: 0.7671 Acc: 0.7395 F1: 0.7383
Epoch 14: Time: 0.4672 Cost: 17.3737 Pre: 0.7179 Re: 0.7634 Acc: 0.7430 F1: 0.7400
Epoch 15: Time: 0.4744 Cost: 16.4922 Pre: 0.7428 Re: 0.7817 Acc: 0.7658 F1: 0.7617
Epoch 16: Time: 0.4697 Cost: 15.0746 Pre: 0.7728 Re: 0.7756 Acc: 0.7833 F1: 0.7742
Epoch 17: Time: 0.4705 Cost: 12.9396 Pre: 0.8242 Re: 0.8232 Acc: 0.8312 F1: 0.8237
Epoch 18: Time: 0.4734 Cost: 10.8790 Pre: 0.8727 Re: 0.8695 Acc: 0.8768 F1: 0.8711
Epoch 19: Time: 0.4825 Cost: 9.6139 Pre: 0.8892 Re: 0.8805 Acc: 0.8902 F1: 0.8848
Epoch 20: Time: 0.4700 Cost: 8.6805 Pre: 0.9041 Re: 0.8963 Acc: 0.9048 F1: 0.9002


--------------------------------------------------------------------
Eval results: Cost:7.7469 Pre:0.8952 Re:0.9186 Acc:0.9192 F1:0.9068
--------------------------------------------------------------------

Epoch 21: Time: 0.4666 Cost: 7.8314 Pre: 0.9213 Re: 0.9134 Acc: 0.9211 F1: 0.9173
Epoch 22: Time: 0.4682 Cost: 6.9770 Pre: 0.9360 Re: 0.9268 Acc: 0.9346 F1: 0.9314
Epoch 23: Time: 0.4680 Cost: 6.1548 Pre: 0.9520 Re: 0.9427 Acc: 0.9498 F1: 0.9473
Epoch 24: Time: 0.5200 Cost: 5.4295 Pre: 0.9584 Re: 0.9549 Acc: 0.9585 F1: 0.9566
Epoch 25: Time: 0.5598 Cost: 4.8292 Pre: 0.9660 Re: 0.9695 Acc: 0.9690 F1: 0.9677
Epoch 26: Time: 0.5065 Cost: 4.3256 Pre: 0.9663 Re: 0.9793 Acc: 0.9737 F1: 0.9727
Epoch 27: Time: 0.4957 Cost: 3.9318 Pre: 0.9723 Re: 0.9841 Acc: 0.9790 F1: 0.9782
Epoch 28: Time: 0.5279 Cost: 3.5914 Pre: 0.9724 Re: 0.9878 Acc: 0.9807 F1: 0.9800
Epoch 29: Time: 0.5226 Cost: 3.2949 Pre: 0.9771 Re: 0.9890 Acc: 0.9836 F1: 0.9830
Epoch 30: Time: 0.5244 Cost: 3.0162 Pre: 0.9795 Re: 0.9927 Acc: 0.9866 F1: 0.9861


--------------------------------------------------------------------
Eval results: Cost:2.6444 Pre:0.9683 Re:0.9935 Acc:0.9833 F1:0.9807
--------------------------------------------------------------------

Epoch 31: Time: 0.4611 Cost: 2.7290 Pre: 0.9808 Re: 0.9951 Acc: 0.9883 F1: 0.9879
Epoch 32: Time: 0.4756 Cost: 2.4500 Pre: 0.9867 Re: 0.9976 Acc: 0.9924 F1: 0.9921
Epoch 33: Time: 0.4747 Cost: 2.1794 Pre: 0.9891 Re: 1.0000 Acc: 0.9947 F1: 0.9945
Epoch 34: Time: 0.4811 Cost: 1.9268 Pre: 0.9903 Re: 1.0000 Acc: 0.9953 F1: 0.9951
Epoch 35: Time: 0.4757 Cost: 1.6865 Pre: 0.9927 Re: 1.0000 Acc: 0.9965 F1: 0.9964
Epoch 36: Time: 0.4780 Cost: 1.4659 Pre: 0.9927 Re: 1.0000 Acc: 0.9965 F1: 0.9964
Epoch 37: Time: 0.4736 Cost: 1.2684 Pre: 0.9964 Re: 1.0000 Acc: 0.9982 F1: 0.9982
Epoch 38: Time: 0.4767 Cost: 1.0908 Pre: 0.9976 Re: 1.0000 Acc: 0.9988 F1: 0.9988
Epoch 39: Time: 0.4773 Cost: 0.9332 Pre: 0.9976 Re: 1.0000 Acc: 0.9988 F1: 0.9988
Epoch 40: Time: 0.4774 Cost: 0.7995 Pre: 0.9988 Re: 1.0000 Acc: 0.9994 F1: 0.9994


--------------------------------------------------------------------
Eval results: Cost:0.6583 Pre:0.9968 Re:1.0000 Acc:0.9986 F1:0.9984
--------------------------------------------------------------------

Epoch 41: Time: 0.4720 Cost: 0.6879 Pre: 0.9988 Re: 1.0000 Acc: 0.9994 F1: 0.9994
Epoch 42: Time: 0.4757 Cost: 0.5883 Pre: 0.9988 Re: 1.0000 Acc: 0.9994 F1: 0.9994
Epoch 43: Time: 0.4703 Cost: 0.5024 Pre: 0.9988 Re: 1.0000 Acc: 0.9994 F1: 0.9994
Epoch 44: Time: 0.4678 Cost: 0.4308 Pre: 0.9988 Re: 1.0000 Acc: 0.9994 F1: 0.9994
Epoch 45: Time: 0.4632 Cost: 0.3714 Pre: 0.9988 Re: 1.0000 Acc: 0.9994 F1: 0.9994
Epoch 46: Time: 0.4816 Cost: 0.3204 Pre: 1.0000 Re: 1.0000 Acc: 1.0000 F1: 1.0000
Epoch 47: Time: 0.4850 Cost: 0.2762 Pre: 1.0000 Re: 1.0000 Acc: 1.0000 F1: 1.0000
Epoch 48: Time: 0.4832 Cost: 0.2386 Pre: 1.0000 Re: 1.0000 Acc: 1.0000 F1: 1.0000
Epoch 49: Time: 0.4680 Cost: 0.2063 Pre: 1.0000 Re: 1.0000 Acc: 1.0000 F1: 1.0000
Epoch 50: Time: 0.4746 Cost: 0.1785 Pre: 1.0000 Re: 1.0000 Acc: 1.0000 F1: 1.0000


--------------------------------------------------------------------
Eval results: Cost:0.1709 Pre:0.9968 Re:1.0000 Acc:0.9986 F1:0.9984
--------------------------------------------------------------------

Epoch 51: Time: 0.4654 Cost: 0.1539 Pre: 1.0000 Re: 1.0000 Acc: 1.0000 F1: 1.0000
Epoch 52: Time: 0.4682 Cost: 0.1345 Pre: 1.0000 Re: 1.0000 Acc: 1.0000 F1: 1.0000
Epoch 53: Time: 0.4617 Cost: 0.1173 Pre: 1.0000 Re: 1.0000 Acc: 1.0000 F1: 1.0000
Epoch 54: Time: 0.4763 Cost: 0.1019 Pre: 1.0000 Re: 1.0000 Acc: 1.0000 F1: 1.0000
Epoch 55: Time: 0.4652 Cost: 0.0888 Pre: 1.0000 Re: 1.0000 Acc: 1.0000 F1: 1.0000
Epoch 56: Time: 0.4787 Cost: 0.0775 Pre: 1.0000 Re: 1.0000 Acc: 1.0000 F1: 1.0000
Epoch 57: Time: 0.4636 Cost: 0.0677 Pre: 1.0000 Re: 1.0000 Acc: 1.0000 F1: 1.0000
Epoch 58: Time: 0.4772 Cost: 0.0594 Pre: 1.0000 Re: 1.0000 Acc: 1.0000 F1: 1.0000
Epoch 59: Time: 0.4720 Cost: 0.0522 Pre: 1.0000 Re: 1.0000 Acc: 1.0000 F1: 1.0000
Epoch 60: Time: 0.4631 Cost: 0.0460 Pre: 1.0000 Re: 1.0000 Acc: 1.0000 F1: 1.0000


--------------------------------------------------------------------
Eval results: Cost:0.0505 Pre:1.0000 Re:1.0000 Acc:1.0000 F1:1.0000
--------------------------------------------------------------------

Epoch 61: Time: 0.4766 Cost: 0.0400 Pre: 1.0000 Re: 1.0000 Acc: 1.0000 F1: 1.0000
Epoch 62: Time: 0.4775 Cost: 0.0365 Pre: 1.0000 Re: 1.0000 Acc: 1.0000 F1: 1.0000
Epoch 63: Time: 0.4754 Cost: 0.0330 Pre: 1.0000 Re: 1.0000 Acc: 1.0000 F1: 1.0000
Epoch 64: Time: 0.4751 Cost: 0.0299 Pre: 1.0000 Re: 1.0000 Acc: 1.0000 F1: 1.0000
Epoch 65: Time: 0.4793 Cost: 0.0269 Pre: 1.0000 Re: 1.0000 Acc: 1.0000 F1: 1.0000
Epoch 66: Time: 0.4893 Cost: 0.0243 Pre: 1.0000 Re: 1.0000 Acc: 1.0000 F1: 1.0000
Epoch 67: Time: 0.4718 Cost: 0.0221 Pre: 1.0000 Re: 1.0000 Acc: 1.0000 F1: 1.0000
Epoch 68: Time: 0.4686 Cost: 0.0201 Pre: 1.0000 Re: 1.0000 Acc: 1.0000 F1: 1.0000
Epoch 69: Time: 0.4752 Cost: 0.0185 Pre: 1.0000 Re: 1.0000 Acc: 1.0000 F1: 1.0000
Epoch 70: Time: 0.4666 Cost: 0.0170 Pre: 1.0000 Re: 1.0000 Acc: 1.0000 F1: 1.0000


--------------------------------------------------------------------
Eval results: Cost:0.0185 Pre:1.0000 Re:1.0000 Acc:1.0000 F1:1.0000
--------------------------------------------------------------------

Epoch 71: Time: 0.4794 Cost: 0.0156 Pre: 1.0000 Re: 1.0000 Acc: 1.0000 F1: 1.0000
Epoch 72: Time: 0.4715 Cost: 0.0146 Pre: 1.0000 Re: 1.0000 Acc: 1.0000 F1: 1.0000
Epoch 73: Time: 0.4850 Cost: 0.0137 Pre: 1.0000 Re: 1.0000 Acc: 1.0000 F1: 1.0000
Epoch 74: Time: 0.4819 Cost: 0.0129 Pre: 1.0000 Re: 1.0000 Acc: 1.0000 F1: 1.0000
Epoch 75: Time: 0.4816 Cost: 0.0122 Pre: 1.0000 Re: 1.0000 Acc: 1.0000 F1: 1.0000
Epoch 76: Time: 0.4850 Cost: 0.0114 Pre: 1.0000 Re: 1.0000 Acc: 1.0000 F1: 1.0000
Epoch 77: Time: 0.4920 Cost: 0.0108 Pre: 1.0000 Re: 1.0000 Acc: 1.0000 F1: 1.0000
Epoch 78: Time: 0.4707 Cost: 0.0102 Pre: 1.0000 Re: 1.0000 Acc: 1.0000 F1: 1.0000
Epoch 79: Time: 0.4741 Cost: 0.0097 Pre: 1.0000 Re: 1.0000 Acc: 1.0000 F1: 1.0000
Epoch 80: Time: 0.4678 Cost: 0.0093 Pre: 1.0000 Re: 1.0000 Acc: 1.0000 F1: 1.0000


--------------------------------------------------------------------
Eval results: Cost:0.0097 Pre:1.0000 Re:1.0000 Acc:1.0000 F1:1.0000
--------------------------------------------------------------------

Epoch 81: Time: 0.4762 Cost: 0.0088 Pre: 1.0000 Re: 1.0000 Acc: 1.0000 F1: 1.0000
Epoch 82: Time: 0.5090 Cost: 0.0084 Pre: 1.0000 Re: 1.0000 Acc: 1.0000 F1: 1.0000
Epoch 83: Time: 0.5213 Cost: 0.0081 Pre: 1.0000 Re: 1.0000 Acc: 1.0000 F1: 1.0000
Epoch 84: Time: 0.4843 Cost: 0.0078 Pre: 1.0000 Re: 1.0000 Acc: 1.0000 F1: 1.0000
Epoch 85: Time: 0.4736 Cost: 0.0075 Pre: 1.0000 Re: 1.0000 Acc: 1.0000 F1: 1.0000
Epoch 86: Time: 0.4788 Cost: 0.0072 Pre: 1.0000 Re: 1.0000 Acc: 1.0000 F1: 1.0000
Epoch 87: Time: 0.4769 Cost: 0.0069 Pre: 1.0000 Re: 1.0000 Acc: 1.0000 F1: 1.0000
Epoch 88: Time: 0.4711 Cost: 0.0067 Pre: 1.0000 Re: 1.0000 Acc: 1.0000 F1: 1.0000
Epoch 89: Time: 0.4748 Cost: 0.0064 Pre: 1.0000 Re: 1.0000 Acc: 1.0000 F1: 1.0000
Epoch 90: Time: 0.4693 Cost: 0.0062 Pre: 1.0000 Re: 1.0000 Acc: 1.0000 F1: 1.0000


--------------------------------------------------------------------
Eval results: Cost:0.0065 Pre:1.0000 Re:1.0000 Acc:1.0000 F1:1.0000
--------------------------------------------------------------------

Epoch 91: Time: 0.4743 Cost: 0.0060 Pre: 1.0000 Re: 1.0000 Acc: 1.0000 F1: 1.0000
Epoch 92: Time: 0.4812 Cost: 0.0059 Pre: 1.0000 Re: 1.0000 Acc: 1.0000 F1: 1.0000
Epoch 93: Time: 0.4788 Cost: 0.0057 Pre: 1.0000 Re: 1.0000 Acc: 1.0000 F1: 1.0000
Epoch 94: Time: 0.4765 Cost: 0.0055 Pre: 1.0000 Re: 1.0000 Acc: 1.0000 F1: 1.0000
Epoch 95: Time: 0.4781 Cost: 0.0054 Pre: 1.0000 Re: 1.0000 Acc: 1.0000 F1: 1.0000
Epoch 96: Time: 0.4752 Cost: 0.0052 Pre: 1.0000 Re: 1.0000 Acc: 1.0000 F1: 1.0000
Epoch 97: Time: 0.4788 Cost: 0.0051 Pre: 1.0000 Re: 1.0000 Acc: 1.0000 F1: 1.0000
Epoch 98: Time: 0.4825 Cost: 0.0049 Pre: 1.0000 Re: 1.0000 Acc: 1.0000 F1: 1.0000
Epoch 99: Time: 0.4675 Cost: 0.0048 Pre: 1.0000 Re: 1.0000 Acc: 1.0000 F1: 1.0000
Epoch 100: Time: 0.4712 Cost: 0.0047 Pre: 1.0000 Re: 1.0000 Acc: 1.0000 F1: 1.0000


--------------------------------------------------------------------
Eval results: Cost:0.0049 Pre:1.0000 Re:1.0000 Acc:1.0000 F1:1.0000
--------------------------------------------------------------------

Epoch 101: Time: 0.4697 Cost: 0.0046 Pre: 1.0000 Re: 1.0000 Acc: 1.0000 F1: 1.0000
Epoch 102: Time: 0.4791 Cost: 0.0045 Pre: 1.0000 Re: 1.0000 Acc: 1.0000 F1: 1.0000
Epoch 103: Time: 0.4723 Cost: 0.0044 Pre: 1.0000 Re: 1.0000 Acc: 1.0000 F1: 1.0000
Epoch 104: Time: 0.4785 Cost: 0.0043 Pre: 1.0000 Re: 1.0000 Acc: 1.0000 F1: 1.0000
Epoch 105: Time: 0.4913 Cost: 0.0042 Pre: 1.0000 Re: 1.0000 Acc: 1.0000 F1: 1.0000
Epoch 106: Time: 0.4802 Cost: 0.0041 Pre: 1.0000 Re: 1.0000 Acc: 1.0000 F1: 1.0000
Epoch 107: Time: 0.4720 Cost: 0.0040 Pre: 1.0000 Re: 1.0000 Acc: 1.0000 F1: 1.0000
Epoch 108: Time: 0.4839 Cost: 0.0039 Pre: 1.0000 Re: 1.0000 Acc: 1.0000 F1: 1.0000
Epoch 109: Time: 0.4707 Cost: 0.0038 Pre: 1.0000 Re: 1.0000 Acc: 1.0000 F1: 1.0000
Epoch 110: Time: 0.4660 Cost: 0.0037 Pre: 1.0000 Re: 1.0000 Acc: 1.0000 F1: 1.0000


--------------------------------------------------------------------
Eval results: Cost:0.0039 Pre:1.0000 Re:1.0000 Acc:1.0000 F1:1.0000
--------------------------------------------------------------------

Epoch 111: Time: 0.4658 Cost: 0.0037 Pre: 1.0000 Re: 1.0000 Acc: 1.0000 F1: 1.0000
Epoch 112: Time: 0.4977 Cost: 0.0036 Pre: 1.0000 Re: 1.0000 Acc: 1.0000 F1: 1.0000
Epoch 113: Time: 0.4639 Cost: 0.0035 Pre: 1.0000 Re: 1.0000 Acc: 1.0000 F1: 1.0000
Epoch 114: Time: 0.4765 Cost: 0.0035 Pre: 1.0000 Re: 1.0000 Acc: 1.0000 F1: 1.0000
Epoch 115: Time: 0.4628 Cost: 0.0034 Pre: 1.0000 Re: 1.0000 Acc: 1.0000 F1: 1.0000
Epoch 116: Time: 0.4734 Cost: 0.0033 Pre: 1.0000 Re: 1.0000 Acc: 1.0000 F1: 1.0000
Epoch 117: Time: 0.4658 Cost: 0.0033 Pre: 1.0000 Re: 1.0000 Acc: 1.0000 F1: 1.0000
Epoch 118: Time: 0.4691 Cost: 0.0032 Pre: 1.0000 Re: 1.0000 Acc: 1.0000 F1: 1.0000
Epoch 119: Time: 0.4649 Cost: 0.0032 Pre: 1.0000 Re: 1.0000 Acc: 1.0000 F1: 1.0000
Epoch 120: Time: 0.4690 Cost: 0.0031 Pre: 1.0000 Re: 1.0000 Acc: 1.0000 F1: 1.0000


--------------------------------------------------------------------
Eval results: Cost:0.0031 Pre:1.0000 Re:1.0000 Acc:1.0000 F1:1.0000
--------------------------------------------------------------------

Epoch 121: Time: 0.4764 Cost: 0.0030 Pre: 1.0000 Re: 1.0000 Acc: 1.0000 F1: 1.0000
Epoch 122: Time: 0.4705 Cost: 0.0030 Pre: 1.0000 Re: 1.0000 Acc: 1.0000 F1: 1.0000
Epoch 123: Time: 0.4824 Cost: 0.0029 Pre: 1.0000 Re: 1.0000 Acc: 1.0000 F1: 1.0000
Epoch 124: Time: 0.5200 Cost: 0.0029 Pre: 1.0000 Re: 1.0000 Acc: 1.0000 F1: 1.0000
Epoch 125: Time: 0.4898 Cost: 0.0029 Pre: 1.0000 Re: 1.0000 Acc: 1.0000 F1: 1.0000
Epoch 126: Time: 0.4711 Cost: 0.0028 Pre: 1.0000 Re: 1.0000 Acc: 1.0000 F1: 1.0000
Epoch 127: Time: 0.4698 Cost: 0.0028 Pre: 1.0000 Re: 1.0000 Acc: 1.0000 F1: 1.0000
Epoch 128: Time: 0.4774 Cost: 0.0027 Pre: 1.0000 Re: 1.0000 Acc: 1.0000 F1: 1.0000
Epoch 129: Time: 0.4689 Cost: 0.0027 Pre: 1.0000 Re: 1.0000 Acc: 1.0000 F1: 1.0000
Epoch 130: Time: 0.5484 Cost: 0.0026 Pre: 1.0000 Re: 1.0000 Acc: 1.0000 F1: 1.0000


--------------------------------------------------------------------
Eval results: Cost:0.0026 Pre:1.0000 Re:1.0000 Acc:1.0000 F1:1.0000
--------------------------------------------------------------------

Epoch 131: Time: 0.4996 Cost: 0.0026 Pre: 1.0000 Re: 1.0000 Acc: 1.0000 F1: 1.0000
Epoch 132: Time: 0.4990 Cost: 0.0026 Pre: 1.0000 Re: 1.0000 Acc: 1.0000 F1: 1.0000
Epoch 133: Time: 0.4811 Cost: 0.0025 Pre: 1.0000 Re: 1.0000 Acc: 1.0000 F1: 1.0000
Epoch 134: Time: 0.4692 Cost: 0.0025 Pre: 1.0000 Re: 1.0000 Acc: 1.0000 F1: 1.0000
Epoch 135: Time: 0.4925 Cost: 0.0025 Pre: 1.0000 Re: 1.0000 Acc: 1.0000 F1: 1.0000
Epoch 136: Time: 0.4698 Cost: 0.0024 Pre: 1.0000 Re: 1.0000 Acc: 1.0000 F1: 1.0000
Epoch 137: Time: 0.4762 Cost: 0.0024 Pre: 1.0000 Re: 1.0000 Acc: 1.0000 F1: 1.0000
Epoch 138: Time: 0.4743 Cost: 0.0024 Pre: 1.0000 Re: 1.0000 Acc: 1.0000 F1: 1.0000
Epoch 139: Time: 0.4755 Cost: 0.0023 Pre: 1.0000 Re: 1.0000 Acc: 1.0000 F1: 1.0000
Epoch 140: Time: 0.4735 Cost: 0.0023 Pre: 1.0000 Re: 1.0000 Acc: 1.0000 F1: 1.0000


--------------------------------------------------------------------
Eval results: Cost:0.0023 Pre:1.0000 Re:1.0000 Acc:1.0000 F1:1.0000
--------------------------------------------------------------------

Early stopping...
--------------------------------------------------------------------
--------------------------------------------------------------------
Test 1996 samples take time: 1.2696
Test results: Cost:0.0031 Pre:1.0000 Re:1.0000 Acc:1.0000 F1:1.0000
--------------------------------------------------------------------

