16768
16562
16206
16632
16380
16425
Load data
RNN type: SRN Grammar: g7 Seed: 6
Model total parameters: 130
Saving hinit ... 

Epoch 0: Time: 0.1131 Cost: 23.9775 Pre: 0.5994 Re: 0.7134 Acc: 0.6343 F1: 0.6514


--------------------------------------------------------------------
Eval results: Cost:23.8317 Pre:0.5528 Re:0.7329 Acc:0.6323 F1:0.6303
--------------------------------------------------------------------

Epoch 1: Time: 0.0397 Cost: 23.6844 Pre: 0.6040 Re: 0.7085 Acc: 0.6379 F1: 0.6521
Epoch 2: Time: 0.0382 Cost: 23.5724 Pre: 0.6040 Re: 0.7085 Acc: 0.6379 F1: 0.6521
Epoch 3: Time: 0.0384 Cost: 23.4905 Pre: 0.6040 Re: 0.7085 Acc: 0.6379 F1: 0.6521
Epoch 4: Time: 0.0383 Cost: 23.4138 Pre: 0.6040 Re: 0.7085 Acc: 0.6379 F1: 0.6521
Epoch 5: Time: 0.0387 Cost: 23.3430 Pre: 0.6040 Re: 0.7085 Acc: 0.6379 F1: 0.6521
Epoch 6: Time: 0.0398 Cost: 23.2789 Pre: 0.6040 Re: 0.7085 Acc: 0.6379 F1: 0.6521
Epoch 7: Time: 0.0393 Cost: 23.2217 Pre: 0.6044 Re: 0.7098 Acc: 0.6384 F1: 0.6528
Epoch 8: Time: 0.0395 Cost: 23.1711 Pre: 0.6044 Re: 0.7098 Acc: 0.6384 F1: 0.6528
Epoch 9: Time: 0.0399 Cost: 23.1264 Pre: 0.6044 Re: 0.7098 Acc: 0.6384 F1: 0.6528
Epoch 10: Time: 0.0392 Cost: 23.0871 Pre: 0.6044 Re: 0.7098 Acc: 0.6384 F1: 0.6528


--------------------------------------------------------------------
Eval results: Cost:22.8897 Pre:0.5539 Re:0.7362 Acc:0.6337 F1:0.6322
--------------------------------------------------------------------

Epoch 11: Time: 0.0388 Cost: 23.0528 Pre: 0.6044 Re: 0.7098 Acc: 0.6384 F1: 0.6528
Epoch 12: Time: 0.0381 Cost: 23.0258 Pre: 0.6044 Re: 0.7098 Acc: 0.6384 F1: 0.6528
Epoch 13: Time: 0.0391 Cost: 23.0009 Pre: 0.6044 Re: 0.7098 Acc: 0.6384 F1: 0.6528
Epoch 14: Time: 0.0387 Cost: 22.9777 Pre: 0.6044 Re: 0.7098 Acc: 0.6384 F1: 0.6528
Epoch 15: Time: 0.0387 Cost: 22.9563 Pre: 0.6044 Re: 0.7098 Acc: 0.6384 F1: 0.6528
Epoch 16: Time: 0.0383 Cost: 22.9370 Pre: 0.6044 Re: 0.7098 Acc: 0.6384 F1: 0.6528
Epoch 17: Time: 0.0388 Cost: 22.9198 Pre: 0.6044 Re: 0.7098 Acc: 0.6384 F1: 0.6528
Epoch 18: Time: 0.0391 Cost: 22.9044 Pre: 0.6044 Re: 0.7098 Acc: 0.6384 F1: 0.6528
Epoch 19: Time: 0.0384 Cost: 22.8907 Pre: 0.6044 Re: 0.7098 Acc: 0.6384 F1: 0.6528
Epoch 20: Time: 0.0387 Cost: 22.8785 Pre: 0.6044 Re: 0.7098 Acc: 0.6384 F1: 0.6528


--------------------------------------------------------------------
Eval results: Cost:22.7251 Pre:0.5539 Re:0.7362 Acc:0.6337 F1:0.6322
--------------------------------------------------------------------

Epoch 21: Time: 0.0385 Cost: 22.8672 Pre: 0.6044 Re: 0.7098 Acc: 0.6384 F1: 0.6528
Epoch 22: Time: 0.0388 Cost: 22.8590 Pre: 0.6044 Re: 0.7098 Acc: 0.6384 F1: 0.6528
Epoch 23: Time: 0.0391 Cost: 22.8511 Pre: 0.6044 Re: 0.7098 Acc: 0.6384 F1: 0.6528
Epoch 24: Time: 0.0387 Cost: 22.8437 Pre: 0.6044 Re: 0.7098 Acc: 0.6384 F1: 0.6528
Epoch 25: Time: 0.0380 Cost: 22.8367 Pre: 0.6044 Re: 0.7098 Acc: 0.6384 F1: 0.6528
Epoch 26: Time: 0.0385 Cost: 22.8303 Pre: 0.6044 Re: 0.7098 Acc: 0.6384 F1: 0.6528
Epoch 27: Time: 0.0379 Cost: 22.8245 Pre: 0.6044 Re: 0.7098 Acc: 0.6384 F1: 0.6528
Epoch 28: Time: 0.0386 Cost: 22.8192 Pre: 0.6044 Re: 0.7098 Acc: 0.6384 F1: 0.6528
Epoch 29: Time: 0.0382 Cost: 22.8144 Pre: 0.6044 Re: 0.7098 Acc: 0.6384 F1: 0.6528
Epoch 30: Time: 0.0391 Cost: 22.8100 Pre: 0.6044 Re: 0.7098 Acc: 0.6384 F1: 0.6528


--------------------------------------------------------------------
Eval results: Cost:22.6698 Pre:0.5539 Re:0.7362 Acc:0.6337 F1:0.6322
--------------------------------------------------------------------

Epoch 31: Time: 0.0389 Cost: 22.8055 Pre: 0.6044 Re: 0.7098 Acc: 0.6384 F1: 0.6528
Epoch 32: Time: 0.0389 Cost: 22.8026 Pre: 0.6044 Re: 0.7098 Acc: 0.6384 F1: 0.6528
Epoch 33: Time: 0.0382 Cost: 22.7999 Pre: 0.6044 Re: 0.7098 Acc: 0.6384 F1: 0.6528
Epoch 34: Time: 0.0392 Cost: 22.7971 Pre: 0.6044 Re: 0.7098 Acc: 0.6384 F1: 0.6528
Epoch 35: Time: 0.0394 Cost: 22.7944 Pre: 0.6044 Re: 0.7098 Acc: 0.6384 F1: 0.6528
Epoch 36: Time: 0.0384 Cost: 22.7919 Pre: 0.6044 Re: 0.7098 Acc: 0.6384 F1: 0.6528
Epoch 37: Time: 0.0386 Cost: 22.7895 Pre: 0.6044 Re: 0.7098 Acc: 0.6384 F1: 0.6528
Epoch 38: Time: 0.0379 Cost: 22.7873 Pre: 0.6044 Re: 0.7098 Acc: 0.6384 F1: 0.6528
Epoch 39: Time: 0.0382 Cost: 22.7852 Pre: 0.6044 Re: 0.7098 Acc: 0.6384 F1: 0.6528
Epoch 40: Time: 0.0383 Cost: 22.7833 Pre: 0.6044 Re: 0.7098 Acc: 0.6384 F1: 0.6528


--------------------------------------------------------------------
Eval results: Cost:22.6480 Pre:0.5539 Re:0.7362 Acc:0.6337 F1:0.6322
--------------------------------------------------------------------

Epoch 41: Time: 0.0383 Cost: 22.7809 Pre: 0.6044 Re: 0.7098 Acc: 0.6384 F1: 0.6528
Epoch 42: Time: 0.0387 Cost: 22.7797 Pre: 0.6044 Re: 0.7098 Acc: 0.6384 F1: 0.6528
Epoch 43: Time: 0.0382 Cost: 22.7785 Pre: 0.6044 Re: 0.7098 Acc: 0.6384 F1: 0.6528
Epoch 44: Time: 0.0390 Cost: 22.7773 Pre: 0.6044 Re: 0.7098 Acc: 0.6384 F1: 0.6528
Epoch 45: Time: 0.0382 Cost: 22.7759 Pre: 0.6044 Re: 0.7098 Acc: 0.6384 F1: 0.6528
Epoch 46: Time: 0.0381 Cost: 22.7747 Pre: 0.6044 Re: 0.7098 Acc: 0.6384 F1: 0.6528
Epoch 47: Time: 0.0382 Cost: 22.7734 Pre: 0.6044 Re: 0.7098 Acc: 0.6384 F1: 0.6528
Epoch 48: Time: 0.0380 Cost: 22.7722 Pre: 0.6044 Re: 0.7098 Acc: 0.6384 F1: 0.6528
Epoch 49: Time: 0.0390 Cost: 22.7710 Pre: 0.6044 Re: 0.7098 Acc: 0.6384 F1: 0.6528
Epoch 50: Time: 0.0387 Cost: 22.7699 Pre: 0.6044 Re: 0.7098 Acc: 0.6384 F1: 0.6528


--------------------------------------------------------------------
Eval results: Cost:22.6377 Pre:0.5539 Re:0.7362 Acc:0.6337 F1:0.6322
--------------------------------------------------------------------

Epoch 51: Time: 0.0392 Cost: 22.7681 Pre: 0.6044 Re: 0.7098 Acc: 0.6384 F1: 0.6528
Epoch 52: Time: 0.0397 Cost: 22.7676 Pre: 0.6044 Re: 0.7098 Acc: 0.6384 F1: 0.6528
Epoch 53: Time: 0.0383 Cost: 22.7669 Pre: 0.6044 Re: 0.7098 Acc: 0.6384 F1: 0.6528
Epoch 54: Time: 0.0402 Cost: 22.7661 Pre: 0.6044 Re: 0.7098 Acc: 0.6384 F1: 0.6528
Epoch 55: Time: 0.0386 Cost: 22.7652 Pre: 0.6044 Re: 0.7098 Acc: 0.6384 F1: 0.6528
Epoch 56: Time: 0.0396 Cost: 22.7643 Pre: 0.6044 Re: 0.7098 Acc: 0.6384 F1: 0.6528
Epoch 57: Time: 0.0386 Cost: 22.7634 Pre: 0.6044 Re: 0.7098 Acc: 0.6384 F1: 0.6528
Epoch 58: Time: 0.0382 Cost: 22.7625 Pre: 0.6044 Re: 0.7098 Acc: 0.6384 F1: 0.6528
Epoch 59: Time: 0.0395 Cost: 22.7617 Pre: 0.6044 Re: 0.7098 Acc: 0.6384 F1: 0.6528
Epoch 60: Time: 0.0399 Cost: 22.7608 Pre: 0.6044 Re: 0.7098 Acc: 0.6384 F1: 0.6528


--------------------------------------------------------------------
Eval results: Cost:22.6316 Pre:0.5539 Re:0.7362 Acc:0.6337 F1:0.6322
--------------------------------------------------------------------

Epoch 61: Time: 0.0385 Cost: 22.7592 Pre: 0.6044 Re: 0.7098 Acc: 0.6384 F1: 0.6528
Epoch 62: Time: 0.0389 Cost: 22.7589 Pre: 0.6044 Re: 0.7098 Acc: 0.6384 F1: 0.6528
Epoch 63: Time: 0.0386 Cost: 22.7583 Pre: 0.6044 Re: 0.7098 Acc: 0.6384 F1: 0.6528
Epoch 64: Time: 0.0383 Cost: 22.7577 Pre: 0.6044 Re: 0.7098 Acc: 0.6384 F1: 0.6528
Epoch 65: Time: 0.0386 Cost: 22.7569 Pre: 0.6044 Re: 0.7098 Acc: 0.6384 F1: 0.6528
Epoch 66: Time: 0.0388 Cost: 22.7562 Pre: 0.6044 Re: 0.7098 Acc: 0.6384 F1: 0.6528
Epoch 67: Time: 0.0388 Cost: 22.7554 Pre: 0.6044 Re: 0.7098 Acc: 0.6384 F1: 0.6528
Epoch 68: Time: 0.0389 Cost: 22.7546 Pre: 0.6044 Re: 0.7098 Acc: 0.6384 F1: 0.6528
Epoch 69: Time: 0.0383 Cost: 22.7538 Pre: 0.6044 Re: 0.7098 Acc: 0.6384 F1: 0.6528
Epoch 70: Time: 0.0390 Cost: 22.7530 Pre: 0.6044 Re: 0.7098 Acc: 0.6384 F1: 0.6528


--------------------------------------------------------------------
Eval results: Cost:22.6270 Pre:0.5539 Re:0.7362 Acc:0.6337 F1:0.6322
--------------------------------------------------------------------

Epoch 71: Time: 0.0388 Cost: 22.7515 Pre: 0.6044 Re: 0.7098 Acc: 0.6384 F1: 0.6528
Epoch 72: Time: 0.0382 Cost: 22.7511 Pre: 0.6044 Re: 0.7098 Acc: 0.6384 F1: 0.6528
Epoch 73: Time: 0.0393 Cost: 22.7506 Pre: 0.6044 Re: 0.7098 Acc: 0.6384 F1: 0.6528
Epoch 74: Time: 0.0387 Cost: 22.7500 Pre: 0.6044 Re: 0.7098 Acc: 0.6384 F1: 0.6528
Epoch 75: Time: 0.0383 Cost: 22.7493 Pre: 0.6044 Re: 0.7098 Acc: 0.6384 F1: 0.6528
Epoch 76: Time: 0.0438 Cost: 22.7485 Pre: 0.6044 Re: 0.7098 Acc: 0.6384 F1: 0.6528
Epoch 77: Time: 0.0571 Cost: 22.7477 Pre: 0.6044 Re: 0.7098 Acc: 0.6384 F1: 0.6528
Epoch 78: Time: 0.0441 Cost: 22.7469 Pre: 0.6044 Re: 0.7098 Acc: 0.6384 F1: 0.6528
Epoch 79: Time: 0.0424 Cost: 22.7461 Pre: 0.6044 Re: 0.7098 Acc: 0.6384 F1: 0.6528
Epoch 80: Time: 0.0401 Cost: 22.7452 Pre: 0.6044 Re: 0.7098 Acc: 0.6384 F1: 0.6528


--------------------------------------------------------------------
Eval results: Cost:22.6227 Pre:0.5539 Re:0.7362 Acc:0.6337 F1:0.6322
--------------------------------------------------------------------

Epoch 81: Time: 0.0412 Cost: 22.7437 Pre: 0.6044 Re: 0.7098 Acc: 0.6384 F1: 0.6528
Epoch 82: Time: 0.0389 Cost: 22.7433 Pre: 0.6044 Re: 0.7098 Acc: 0.6384 F1: 0.6528
Epoch 83: Time: 0.0387 Cost: 22.7428 Pre: 0.6044 Re: 0.7098 Acc: 0.6384 F1: 0.6528
Epoch 84: Time: 0.0384 Cost: 22.7421 Pre: 0.6044 Re: 0.7098 Acc: 0.6384 F1: 0.6528
Epoch 85: Time: 0.0380 Cost: 22.7413 Pre: 0.6044 Re: 0.7098 Acc: 0.6384 F1: 0.6528
Epoch 86: Time: 0.0383 Cost: 22.7405 Pre: 0.6044 Re: 0.7098 Acc: 0.6384 F1: 0.6528
Epoch 87: Time: 0.0423 Cost: 22.7396 Pre: 0.6044 Re: 0.7098 Acc: 0.6384 F1: 0.6528
Epoch 88: Time: 0.0447 Cost: 22.7387 Pre: 0.6044 Re: 0.7098 Acc: 0.6384 F1: 0.6528
Epoch 89: Time: 0.0383 Cost: 22.7378 Pre: 0.6044 Re: 0.7098 Acc: 0.6384 F1: 0.6528
Epoch 90: Time: 0.0388 Cost: 22.7369 Pre: 0.6044 Re: 0.7098 Acc: 0.6384 F1: 0.6528


--------------------------------------------------------------------
Eval results: Cost:22.6181 Pre:0.5539 Re:0.7362 Acc:0.6337 F1:0.6322
--------------------------------------------------------------------

Epoch 91: Time: 0.0394 Cost: 22.7353 Pre: 0.6044 Re: 0.7098 Acc: 0.6384 F1: 0.6528
Epoch 92: Time: 0.0391 Cost: 22.7348 Pre: 0.6044 Re: 0.7098 Acc: 0.6384 F1: 0.6528
Epoch 93: Time: 0.0392 Cost: 22.7342 Pre: 0.6044 Re: 0.7098 Acc: 0.6384 F1: 0.6528
Epoch 94: Time: 0.0387 Cost: 22.7334 Pre: 0.6044 Re: 0.7098 Acc: 0.6384 F1: 0.6528
Epoch 95: Time: 0.0390 Cost: 22.7325 Pre: 0.6044 Re: 0.7098 Acc: 0.6384 F1: 0.6528
Epoch 96: Time: 0.0387 Cost: 22.7315 Pre: 0.6044 Re: 0.7098 Acc: 0.6384 F1: 0.6528
Epoch 97: Time: 0.0388 Cost: 22.7305 Pre: 0.6044 Re: 0.7098 Acc: 0.6384 F1: 0.6528
Epoch 98: Time: 0.0384 Cost: 22.7295 Pre: 0.6044 Re: 0.7098 Acc: 0.6384 F1: 0.6528
Epoch 99: Time: 0.0389 Cost: 22.7284 Pre: 0.6044 Re: 0.7098 Acc: 0.6384 F1: 0.6528
Epoch 100: Time: 0.0391 Cost: 22.7274 Pre: 0.6044 Re: 0.7098 Acc: 0.6384 F1: 0.6528


--------------------------------------------------------------------
Eval results: Cost:22.6124 Pre:0.5539 Re:0.7362 Acc:0.6337 F1:0.6322
--------------------------------------------------------------------

Epoch 101: Time: 0.0420 Cost: 22.7256 Pre: 0.6044 Re: 0.7098 Acc: 0.6384 F1: 0.6528
Epoch 102: Time: 0.0405 Cost: 22.7250 Pre: 0.6044 Re: 0.7098 Acc: 0.6384 F1: 0.6528
Epoch 103: Time: 0.0392 Cost: 22.7242 Pre: 0.6044 Re: 0.7098 Acc: 0.6384 F1: 0.6528
Epoch 104: Time: 0.0391 Cost: 22.7232 Pre: 0.6044 Re: 0.7098 Acc: 0.6384 F1: 0.6528
Epoch 105: Time: 0.0397 Cost: 22.7222 Pre: 0.6044 Re: 0.7098 Acc: 0.6384 F1: 0.6528
Epoch 106: Time: 0.0384 Cost: 22.7210 Pre: 0.6044 Re: 0.7098 Acc: 0.6384 F1: 0.6528
Epoch 107: Time: 0.0389 Cost: 22.7198 Pre: 0.6044 Re: 0.7098 Acc: 0.6384 F1: 0.6528
Epoch 108: Time: 0.0384 Cost: 22.7185 Pre: 0.6044 Re: 0.7098 Acc: 0.6384 F1: 0.6528
Epoch 109: Time: 0.0386 Cost: 22.7172 Pre: 0.6044 Re: 0.7098 Acc: 0.6384 F1: 0.6528
Epoch 110: Time: 0.0387 Cost: 22.7159 Pre: 0.6044 Re: 0.7098 Acc: 0.6384 F1: 0.6528


--------------------------------------------------------------------
Eval results: Cost:22.6051 Pre:0.5539 Re:0.7362 Acc:0.6337 F1:0.6322
--------------------------------------------------------------------

Epoch 111: Time: 0.0390 Cost: 22.7139 Pre: 0.6044 Re: 0.7098 Acc: 0.6384 F1: 0.6528
Epoch 112: Time: 0.0380 Cost: 22.7131 Pre: 0.6044 Re: 0.7098 Acc: 0.6384 F1: 0.6528
Epoch 113: Time: 0.0384 Cost: 22.7120 Pre: 0.6044 Re: 0.7098 Acc: 0.6384 F1: 0.6528
Epoch 114: Time: 0.0389 Cost: 22.7108 Pre: 0.6044 Re: 0.7098 Acc: 0.6384 F1: 0.6528
Epoch 115: Time: 0.0384 Cost: 22.7094 Pre: 0.6044 Re: 0.7098 Acc: 0.6384 F1: 0.6528
Epoch 116: Time: 0.0384 Cost: 22.7080 Pre: 0.6044 Re: 0.7098 Acc: 0.6384 F1: 0.6528
Epoch 117: Time: 0.0386 Cost: 22.7064 Pre: 0.6044 Re: 0.7098 Acc: 0.6384 F1: 0.6528
Epoch 118: Time: 0.0384 Cost: 22.7048 Pre: 0.6044 Re: 0.7098 Acc: 0.6384 F1: 0.6528
Epoch 119: Time: 0.0394 Cost: 22.7032 Pre: 0.6044 Re: 0.7098 Acc: 0.6384 F1: 0.6528
Epoch 120: Time: 0.0382 Cost: 22.7015 Pre: 0.6044 Re: 0.7098 Acc: 0.6384 F1: 0.6528


--------------------------------------------------------------------
Eval results: Cost:22.5952 Pre:0.5539 Re:0.7362 Acc:0.6337 F1:0.6322
--------------------------------------------------------------------

Epoch 121: Time: 0.0386 Cost: 22.6991 Pre: 0.6044 Re: 0.7098 Acc: 0.6384 F1: 0.6528
Epoch 122: Time: 0.0390 Cost: 22.6979 Pre: 0.6044 Re: 0.7098 Acc: 0.6384 F1: 0.6528
Epoch 123: Time: 0.0386 Cost: 22.6965 Pre: 0.6044 Re: 0.7098 Acc: 0.6384 F1: 0.6528
Epoch 124: Time: 0.0388 Cost: 22.6949 Pre: 0.6044 Re: 0.7098 Acc: 0.6384 F1: 0.6528
Epoch 125: Time: 0.0449 Cost: 22.6931 Pre: 0.6044 Re: 0.7098 Acc: 0.6384 F1: 0.6528
Epoch 126: Time: 0.0401 Cost: 22.6911 Pre: 0.6044 Re: 0.7098 Acc: 0.6384 F1: 0.6528
Epoch 127: Time: 0.0440 Cost: 22.6891 Pre: 0.6044 Re: 0.7098 Acc: 0.6384 F1: 0.6528
Epoch 128: Time: 0.0418 Cost: 22.6870 Pre: 0.6044 Re: 0.7098 Acc: 0.6384 F1: 0.6528
Epoch 129: Time: 0.0403 Cost: 22.6848 Pre: 0.6044 Re: 0.7098 Acc: 0.6384 F1: 0.6528
Epoch 130: Time: 0.0489 Cost: 22.6825 Pre: 0.6044 Re: 0.7098 Acc: 0.6384 F1: 0.6528


--------------------------------------------------------------------
Eval results: Cost:22.5813 Pre:0.5539 Re:0.7362 Acc:0.6337 F1:0.6322
--------------------------------------------------------------------

Epoch 131: Time: 0.0381 Cost: 22.6796 Pre: 0.6044 Re: 0.7098 Acc: 0.6384 F1: 0.6528
Epoch 132: Time: 0.0388 Cost: 22.6779 Pre: 0.6044 Re: 0.7098 Acc: 0.6384 F1: 0.6528
Epoch 133: Time: 0.0385 Cost: 22.6759 Pre: 0.6044 Re: 0.7098 Acc: 0.6384 F1: 0.6528
Epoch 134: Time: 0.0386 Cost: 22.6737 Pre: 0.6044 Re: 0.7098 Acc: 0.6384 F1: 0.6528
Epoch 135: Time: 0.0386 Cost: 22.6712 Pre: 0.6044 Re: 0.7098 Acc: 0.6384 F1: 0.6528
Epoch 136: Time: 0.0400 Cost: 22.6685 Pre: 0.6044 Re: 0.7098 Acc: 0.6384 F1: 0.6528
Epoch 137: Time: 0.0385 Cost: 22.6657 Pre: 0.6044 Re: 0.7098 Acc: 0.6384 F1: 0.6528
Epoch 138: Time: 0.0392 Cost: 22.6628 Pre: 0.6044 Re: 0.7098 Acc: 0.6384 F1: 0.6528
Epoch 139: Time: 0.0381 Cost: 22.6597 Pre: 0.6044 Re: 0.7098 Acc: 0.6384 F1: 0.6528
Epoch 140: Time: 0.0383 Cost: 22.6566 Pre: 0.6044 Re: 0.7098 Acc: 0.6384 F1: 0.6528


--------------------------------------------------------------------
Eval results: Cost:22.5613 Pre:0.5539 Re:0.7362 Acc:0.6337 F1:0.6322
--------------------------------------------------------------------

Epoch 141: Time: 0.0389 Cost: 22.6528 Pre: 0.6044 Re: 0.7098 Acc: 0.6384 F1: 0.6528
Epoch 142: Time: 0.0382 Cost: 22.6503 Pre: 0.6044 Re: 0.7098 Acc: 0.6384 F1: 0.6528
Epoch 143: Time: 0.0389 Cost: 22.6475 Pre: 0.6044 Re: 0.7098 Acc: 0.6384 F1: 0.6528
Epoch 144: Time: 0.0504 Cost: 22.6442 Pre: 0.6044 Re: 0.7098 Acc: 0.6384 F1: 0.6528
Epoch 145: Time: 0.0446 Cost: 22.6407 Pre: 0.6044 Re: 0.7098 Acc: 0.6384 F1: 0.6528
Epoch 146: Time: 0.0396 Cost: 22.6369 Pre: 0.6044 Re: 0.7098 Acc: 0.6384 F1: 0.6528
Epoch 147: Time: 0.0514 Cost: 22.6329 Pre: 0.6044 Re: 0.7098 Acc: 0.6384 F1: 0.6528
Epoch 148: Time: 0.0514 Cost: 22.6288 Pre: 0.6044 Re: 0.7098 Acc: 0.6384 F1: 0.6528
Epoch 149: Time: 0.0432 Cost: 22.6244 Pre: 0.6044 Re: 0.7098 Acc: 0.6384 F1: 0.6528
Epoch 150: Time: 0.0393 Cost: 22.6199 Pre: 0.6044 Re: 0.7098 Acc: 0.6384 F1: 0.6528


--------------------------------------------------------------------
Eval results: Cost:22.5320 Pre:0.5539 Re:0.7362 Acc:0.6337 F1:0.6322
--------------------------------------------------------------------

Epoch 151: Time: 0.0404 Cost: 22.6148 Pre: 0.6044 Re: 0.7098 Acc: 0.6384 F1: 0.6528
Epoch 152: Time: 0.0396 Cost: 22.6111 Pre: 0.6044 Re: 0.7098 Acc: 0.6384 F1: 0.6528
Epoch 153: Time: 0.0392 Cost: 22.6070 Pre: 0.6044 Re: 0.7098 Acc: 0.6384 F1: 0.6528
Epoch 154: Time: 0.0383 Cost: 22.6022 Pre: 0.6044 Re: 0.7098 Acc: 0.6384 F1: 0.6528
Epoch 155: Time: 0.0379 Cost: 22.5971 Pre: 0.6044 Re: 0.7098 Acc: 0.6384 F1: 0.6528
Epoch 156: Time: 0.0379 Cost: 22.5916 Pre: 0.6044 Re: 0.7098 Acc: 0.6384 F1: 0.6528
Epoch 157: Time: 0.0381 Cost: 22.5857 Pre: 0.6044 Re: 0.7098 Acc: 0.6384 F1: 0.6528
Epoch 158: Time: 0.0381 Cost: 22.5797 Pre: 0.6044 Re: 0.7098 Acc: 0.6384 F1: 0.6528
Epoch 159: Time: 0.0388 Cost: 22.5733 Pre: 0.6044 Re: 0.7098 Acc: 0.6384 F1: 0.6528
Epoch 160: Time: 0.0384 Cost: 22.5667 Pre: 0.6044 Re: 0.7098 Acc: 0.6384 F1: 0.6528


--------------------------------------------------------------------
Eval results: Cost:22.4881 Pre:0.5539 Re:0.7362 Acc:0.6337 F1:0.6322
--------------------------------------------------------------------

Epoch 161: Time: 0.0384 Cost: 22.5595 Pre: 0.6044 Re: 0.7098 Acc: 0.6384 F1: 0.6528
Epoch 162: Time: 0.0393 Cost: 22.5538 Pre: 0.6044 Re: 0.7098 Acc: 0.6384 F1: 0.6528
Epoch 163: Time: 0.0387 Cost: 22.5475 Pre: 0.6044 Re: 0.7098 Acc: 0.6384 F1: 0.6528
Epoch 164: Time: 0.0384 Cost: 22.5405 Pre: 0.6044 Re: 0.7098 Acc: 0.6384 F1: 0.6528
Epoch 165: Time: 0.0384 Cost: 22.5327 Pre: 0.6044 Re: 0.7098 Acc: 0.6384 F1: 0.6528
Epoch 166: Time: 0.0377 Cost: 22.5245 Pre: 0.6044 Re: 0.7098 Acc: 0.6384 F1: 0.6528
Epoch 167: Time: 0.0387 Cost: 22.5158 Pre: 0.6044 Re: 0.7098 Acc: 0.6384 F1: 0.6528
Epoch 168: Time: 0.0384 Cost: 22.5066 Pre: 0.6044 Re: 0.7098 Acc: 0.6384 F1: 0.6528
Epoch 169: Time: 0.0380 Cost: 22.4970 Pre: 0.6044 Re: 0.7098 Acc: 0.6384 F1: 0.6528
Epoch 170: Time: 0.0386 Cost: 22.4870 Pre: 0.6044 Re: 0.7098 Acc: 0.6384 F1: 0.6528


--------------------------------------------------------------------
Eval results: Cost:22.4208 Pre:0.5539 Re:0.7362 Acc:0.6337 F1:0.6322
--------------------------------------------------------------------

Epoch 171: Time: 0.0398 Cost: 22.4765 Pre: 0.6044 Re: 0.7098 Acc: 0.6384 F1: 0.6528
Epoch 172: Time: 0.0386 Cost: 22.4677 Pre: 0.6044 Re: 0.7098 Acc: 0.6384 F1: 0.6528
Epoch 173: Time: 0.0388 Cost: 22.4580 Pre: 0.6044 Re: 0.7098 Acc: 0.6384 F1: 0.6528
Epoch 174: Time: 0.0383 Cost: 22.4472 Pre: 0.6044 Re: 0.7098 Acc: 0.6384 F1: 0.6528
Epoch 175: Time: 0.0384 Cost: 22.4353 Pre: 0.6044 Re: 0.7098 Acc: 0.6384 F1: 0.6528
Epoch 176: Time: 0.0399 Cost: 22.4226 Pre: 0.6044 Re: 0.7098 Acc: 0.6384 F1: 0.6528
Epoch 177: Time: 0.0379 Cost: 22.4092 Pre: 0.6044 Re: 0.7098 Acc: 0.6384 F1: 0.6528
Epoch 178: Time: 0.0387 Cost: 22.3952 Pre: 0.6044 Re: 0.7098 Acc: 0.6384 F1: 0.6528
Epoch 179: Time: 0.0387 Cost: 22.3804 Pre: 0.6044 Re: 0.7098 Acc: 0.6384 F1: 0.6528
Epoch 180: Time: 0.0387 Cost: 22.3649 Pre: 0.6044 Re: 0.7098 Acc: 0.6384 F1: 0.6528


--------------------------------------------------------------------
Eval results: Cost:22.3150 Pre:0.5539 Re:0.7362 Acc:0.6337 F1:0.6322
--------------------------------------------------------------------

Epoch 181: Time: 0.0392 Cost: 22.3490 Pre: 0.6044 Re: 0.7098 Acc: 0.6384 F1: 0.6528
Epoch 182: Time: 0.0392 Cost: 22.3351 Pre: 0.6044 Re: 0.7098 Acc: 0.6384 F1: 0.6528
Epoch 183: Time: 0.0391 Cost: 22.3199 Pre: 0.6044 Re: 0.7098 Acc: 0.6384 F1: 0.6528
Epoch 184: Time: 0.0392 Cost: 22.3029 Pre: 0.6044 Re: 0.7098 Acc: 0.6384 F1: 0.6528
Epoch 185: Time: 0.0389 Cost: 22.2844 Pre: 0.6044 Re: 0.7098 Acc: 0.6384 F1: 0.6528
Epoch 186: Time: 0.0387 Cost: 22.2646 Pre: 0.6044 Re: 0.7098 Acc: 0.6384 F1: 0.6528
Epoch 187: Time: 0.0383 Cost: 22.2438 Pre: 0.6044 Re: 0.7098 Acc: 0.6384 F1: 0.6528
Epoch 188: Time: 0.0382 Cost: 22.2218 Pre: 0.6044 Re: 0.7098 Acc: 0.6384 F1: 0.6528
Epoch 189: Time: 0.0382 Cost: 22.1988 Pre: 0.6044 Re: 0.7098 Acc: 0.6384 F1: 0.6528
Epoch 190: Time: 0.0385 Cost: 22.1746 Pre: 0.6044 Re: 0.7098 Acc: 0.6384 F1: 0.6528


--------------------------------------------------------------------
Eval results: Cost:22.1454 Pre:0.5539 Re:0.7362 Acc:0.6337 F1:0.6322
--------------------------------------------------------------------

Epoch 191: Time: 0.0385 Cost: 22.1500 Pre: 0.6044 Re: 0.7098 Acc: 0.6384 F1: 0.6528
Epoch 192: Time: 0.0382 Cost: 22.1281 Pre: 0.6050 Re: 0.7098 Acc: 0.6390 F1: 0.6532
Epoch 193: Time: 0.0386 Cost: 22.1042 Pre: 0.6139 Re: 0.7098 Acc: 0.6472 F1: 0.6584
Epoch 194: Time: 0.0378 Cost: 22.0775 Pre: 0.6261 Re: 0.7024 Acc: 0.6565 F1: 0.6621
Epoch 195: Time: 0.0399 Cost: 22.0487 Pre: 0.6288 Re: 0.7024 Acc: 0.6589 F1: 0.6636
Epoch 196: Time: 0.0385 Cost: 22.0180 Pre: 0.6421 Re: 0.7024 Acc: 0.6700 F1: 0.6709
Epoch 197: Time: 0.0390 Cost: 21.9857 Pre: 0.6519 Re: 0.7012 Acc: 0.6776 F1: 0.6757
Epoch 198: Time: 0.0386 Cost: 21.9518 Pre: 0.6527 Re: 0.7012 Acc: 0.6782 F1: 0.6761
Epoch 199: Time: 0.0377 Cost: 21.9164 Pre: 0.6527 Re: 0.7012 Acc: 0.6782 F1: 0.6761
Epoch 200: Time: 0.0387 Cost: 21.8794 Pre: 0.6527 Re: 0.7012 Acc: 0.6782 F1: 0.6761


--------------------------------------------------------------------
Eval results: Cost:21.8758 Pre:0.5989 Re:0.7296 Acc:0.6755 F1:0.6579
--------------------------------------------------------------------

Epoch 201: Time: 0.0385 Cost: 21.8420 Pre: 0.6527 Re: 0.7012 Acc: 0.6782 F1: 0.6761
Epoch 202: Time: 0.0387 Cost: 21.8081 Pre: 0.6527 Re: 0.7012 Acc: 0.6782 F1: 0.6761
Epoch 203: Time: 0.0385 Cost: 21.7712 Pre: 0.6527 Re: 0.7012 Acc: 0.6782 F1: 0.6761
Epoch 204: Time: 0.0385 Cost: 21.7306 Pre: 0.6527 Re: 0.7012 Acc: 0.6782 F1: 0.6761
Epoch 205: Time: 0.0382 Cost: 21.6868 Pre: 0.6527 Re: 0.7012 Acc: 0.6782 F1: 0.6761
Epoch 206: Time: 0.0388 Cost: 21.6404 Pre: 0.6527 Re: 0.7012 Acc: 0.6782 F1: 0.6761
Epoch 207: Time: 0.0387 Cost: 21.5918 Pre: 0.6527 Re: 0.7012 Acc: 0.6782 F1: 0.6761
Epoch 208: Time: 0.0383 Cost: 21.5410 Pre: 0.6534 Re: 0.7012 Acc: 0.6787 F1: 0.6765
Epoch 209: Time: 0.0389 Cost: 21.4879 Pre: 0.6571 Re: 0.7012 Acc: 0.6817 F1: 0.6785
Epoch 210: Time: 0.0379 Cost: 21.4326 Pre: 0.6624 Re: 0.7012 Acc: 0.6857 F1: 0.6813


--------------------------------------------------------------------
Eval results: Cost:21.4603 Pre:0.6005 Re:0.7296 Acc:0.6769 F1:0.6588
--------------------------------------------------------------------

Epoch 211: Time: 0.0385 Cost: 21.3768 Pre: 0.6640 Re: 0.7012 Acc: 0.6869 F1: 0.6821
Epoch 212: Time: 0.0381 Cost: 21.3255 Pre: 0.6663 Re: 0.7012 Acc: 0.6887 F1: 0.6833
Epoch 213: Time: 0.0384 Cost: 21.2696 Pre: 0.6706 Re: 0.7000 Acc: 0.6916 F1: 0.6850
Epoch 214: Time: 0.0388 Cost: 21.2081 Pre: 0.6765 Re: 0.6963 Acc: 0.6951 F1: 0.6863
Epoch 215: Time: 0.0382 Cost: 21.1419 Pre: 0.6778 Re: 0.6951 Acc: 0.6957 F1: 0.6863
Epoch 216: Time: 0.0387 Cost: 21.0716 Pre: 0.6774 Re: 0.6939 Acc: 0.6951 F1: 0.6855
Epoch 217: Time: 0.0392 Cost: 20.9973 Pre: 0.6782 Re: 0.6939 Acc: 0.6957 F1: 0.6860
Epoch 218: Time: 0.0390 Cost: 20.9191 Pre: 0.6782 Re: 0.6939 Acc: 0.6957 F1: 0.6860
Epoch 219: Time: 0.0403 Cost: 20.8365 Pre: 0.6782 Re: 0.6939 Acc: 0.6957 F1: 0.6860
Epoch 220: Time: 0.0398 Cost: 20.7493 Pre: 0.6782 Re: 0.6939 Acc: 0.6957 F1: 0.6860


--------------------------------------------------------------------
Eval results: Cost:20.8114 Pre:0.6116 Re:0.7231 Acc:0.6852 F1:0.6627
--------------------------------------------------------------------

Epoch 221: Time: 0.0395 Cost: 20.6602 Pre: 0.6778 Re: 0.6927 Acc: 0.6951 F1: 0.6852
Epoch 222: Time: 0.0397 Cost: 20.5760 Pre: 0.6797 Re: 0.6988 Acc: 0.6980 F1: 0.6891
Epoch 223: Time: 0.0389 Cost: 20.4827 Pre: 0.6816 Re: 0.7049 Acc: 0.7009 F1: 0.6930
Epoch 224: Time: 0.0392 Cost: 20.3780 Pre: 0.6808 Re: 0.7073 Acc: 0.7009 F1: 0.6938
Epoch 225: Time: 0.0389 Cost: 20.2621 Pre: 0.6811 Re: 0.7110 Acc: 0.7021 F1: 0.6957
Epoch 226: Time: 0.0382 Cost: 20.1349 Pre: 0.6799 Re: 0.7122 Acc: 0.7015 F1: 0.6957
Epoch 227: Time: 0.0386 Cost: 19.9956 Pre: 0.6806 Re: 0.7146 Acc: 0.7027 F1: 0.6972
Epoch 228: Time: 0.0382 Cost: 19.8421 Pre: 0.6806 Re: 0.7171 Acc: 0.7033 F1: 0.6983
Epoch 229: Time: 0.0382 Cost: 19.6718 Pre: 0.6806 Re: 0.7171 Acc: 0.7033 F1: 0.6983
Epoch 230: Time: 0.0383 Cost: 19.4811 Pre: 0.6801 Re: 0.7183 Acc: 0.7033 F1: 0.6987


--------------------------------------------------------------------
Eval results: Cost:19.5567 Pre:0.6123 Re:0.7459 Acc:0.6894 F1:0.6725
--------------------------------------------------------------------

Epoch 231: Time: 0.0393 Cost: 19.2759 Pre: 0.6794 Re: 0.7183 Acc: 0.7027 F1: 0.6983
Epoch 232: Time: 0.0389 Cost: 19.0698 Pre: 0.6801 Re: 0.7183 Acc: 0.7033 F1: 0.6987
Epoch 233: Time: 0.0387 Cost: 18.8244 Pre: 0.6840 Re: 0.7207 Acc: 0.7068 F1: 0.7019
Epoch 234: Time: 0.0391 Cost: 18.5245 Pre: 0.6883 Re: 0.7244 Acc: 0.7109 F1: 0.7059
Epoch 235: Time: 0.0392 Cost: 18.1614 Pre: 0.6965 Re: 0.7305 Acc: 0.7185 F1: 0.7131
Epoch 236: Time: 0.0384 Cost: 17.7239 Pre: 0.7057 Re: 0.7341 Acc: 0.7261 F1: 0.7197
Epoch 237: Time: 0.0383 Cost: 17.1983 Pre: 0.7201 Re: 0.7341 Acc: 0.7360 F1: 0.7271
Epoch 238: Time: 0.0391 Cost: 16.5729 Pre: 0.7431 Re: 0.7512 Acc: 0.7564 F1: 0.7471
Epoch 239: Time: 0.0383 Cost: 15.8447 Pre: 0.7719 Re: 0.7841 Acc: 0.7856 F1: 0.7780
Epoch 240: Time: 0.0386 Cost: 15.0274 Pre: 0.8078 Re: 0.8354 Acc: 0.8259 F1: 0.8213


--------------------------------------------------------------------
Eval results: Cost:14.5956 Pre:0.7755 Re:0.8664 Acc:0.8357 F1:0.8185
--------------------------------------------------------------------

Epoch 241: Time: 0.0391 Cost: 14.1879 Pre: 0.8377 Re: 0.8622 Acc: 0.8540 F1: 0.8498
Epoch 242: Time: 0.0385 Cost: 13.4140 Pre: 0.8602 Re: 0.8780 Acc: 0.8732 F1: 0.8690
Epoch 243: Time: 0.0397 Cost: 12.6210 Pre: 0.8813 Re: 0.8963 Acc: 0.8925 F1: 0.8888
Epoch 244: Time: 0.0387 Cost: 11.8389 Pre: 0.8989 Re: 0.9110 Acc: 0.9083 F1: 0.9049
Epoch 245: Time: 0.0397 Cost: 11.1202 Pre: 0.9085 Re: 0.9207 Acc: 0.9176 F1: 0.9146
Epoch 246: Time: 0.0388 Cost: 10.4964 Pre: 0.9158 Re: 0.9280 Acc: 0.9246 F1: 0.9219
Epoch 247: Time: 0.0394 Cost: 9.9790 Pre: 0.9213 Re: 0.9280 Acc: 0.9276 F1: 0.9247
Epoch 248: Time: 0.0390 Cost: 9.5636 Pre: 0.9222 Re: 0.9256 Acc: 0.9270 F1: 0.9239
Epoch 249: Time: 0.0385 Cost: 9.2361 Pre: 0.9209 Re: 0.9232 Acc: 0.9252 F1: 0.9220
Epoch 250: Time: 0.0390 Cost: 8.9786 Pre: 0.9163 Re: 0.9207 Acc: 0.9217 F1: 0.9185


--------------------------------------------------------------------
Eval results: Cost:7.9942 Pre:0.9048 Re:0.9283 Acc:0.9276 F1:0.9164
--------------------------------------------------------------------

Epoch 251: Time: 0.0384 Cost: 8.7758 Pre: 0.9173 Re: 0.9195 Acc: 0.9217 F1: 0.9184
Epoch 252: Time: 0.0385 Cost: 8.6156 Pre: 0.9161 Re: 0.9183 Acc: 0.9206 F1: 0.9172
Epoch 253: Time: 0.0386 Cost: 8.4799 Pre: 0.9139 Re: 0.9195 Acc: 0.9200 F1: 0.9167
Epoch 254: Time: 0.0381 Cost: 8.3615 Pre: 0.9105 Re: 0.9183 Acc: 0.9176 F1: 0.9144
Epoch 255: Time: 0.0386 Cost: 8.2563 Pre: 0.9091 Re: 0.9146 Acc: 0.9153 F1: 0.9119
Epoch 256: Time: 0.0381 Cost: 8.1615 Pre: 0.9092 Re: 0.9159 Acc: 0.9159 F1: 0.9125
Epoch 257: Time: 0.0387 Cost: 8.0745 Pre: 0.9091 Re: 0.9146 Acc: 0.9153 F1: 0.9119
Epoch 258: Time: 0.0387 Cost: 7.9934 Pre: 0.9104 Re: 0.9171 Acc: 0.9171 F1: 0.9137
Epoch 259: Time: 0.0385 Cost: 7.9169 Pre: 0.9104 Re: 0.9171 Acc: 0.9171 F1: 0.9137
Epoch 260: Time: 0.0385 Cost: 7.8439 Pre: 0.9115 Re: 0.9171 Acc: 0.9176 F1: 0.9143


--------------------------------------------------------------------
Eval results: Cost:6.9106 Pre:0.8956 Re:0.9218 Acc:0.9206 F1:0.9085
--------------------------------------------------------------------

Epoch 261: Time: 0.0389 Cost: 7.7737 Pre: 0.9127 Re: 0.9183 Acc: 0.9188 F1: 0.9155
Epoch 262: Time: 0.0387 Cost: 7.7064 Pre: 0.9127 Re: 0.9183 Acc: 0.9188 F1: 0.9155
Epoch 263: Time: 0.0380 Cost: 7.6413 Pre: 0.9138 Re: 0.9183 Acc: 0.9194 F1: 0.9161
Epoch 264: Time: 0.0392 Cost: 7.5775 Pre: 0.9149 Re: 0.9183 Acc: 0.9200 F1: 0.9166
Epoch 265: Time: 0.0382 Cost: 7.5150 Pre: 0.9138 Re: 0.9183 Acc: 0.9194 F1: 0.9161
Epoch 266: Time: 0.0385 Cost: 7.4537 Pre: 0.9149 Re: 0.9183 Acc: 0.9200 F1: 0.9166
Epoch 267: Time: 0.0389 Cost: 7.3936 Pre: 0.9163 Re: 0.9207 Acc: 0.9217 F1: 0.9185
Epoch 268: Time: 0.0390 Cost: 7.3345 Pre: 0.9164 Re: 0.9220 Acc: 0.9223 F1: 0.9191
Epoch 269: Time: 0.0396 Cost: 7.2764 Pre: 0.9164 Re: 0.9220 Acc: 0.9223 F1: 0.9191
Epoch 270: Time: 0.0388 Cost: 7.2192 Pre: 0.9176 Re: 0.9232 Acc: 0.9235 F1: 0.9204


--------------------------------------------------------------------
Eval results: Cost:6.3153 Pre:0.9076 Re:0.9283 Acc:0.9290 F1:0.9179
--------------------------------------------------------------------

Epoch 271: Time: 0.0384 Cost: 7.1626 Pre: 0.9190 Re: 0.9268 Acc: 0.9258 F1: 0.9229
Epoch 272: Time: 0.0383 Cost: 7.1065 Pre: 0.9192 Re: 0.9293 Acc: 0.9270 F1: 0.9242
Epoch 273: Time: 0.0382 Cost: 7.0512 Pre: 0.9194 Re: 0.9317 Acc: 0.9282 F1: 0.9255
Epoch 274: Time: 0.0388 Cost: 6.9969 Pre: 0.9219 Re: 0.9354 Acc: 0.9311 F1: 0.9286
Epoch 275: Time: 0.0384 Cost: 6.9435 Pre: 0.9220 Re: 0.9366 Acc: 0.9317 F1: 0.9292
Epoch 276: Time: 0.0387 Cost: 6.8907 Pre: 0.9220 Re: 0.9366 Acc: 0.9317 F1: 0.9292
Epoch 277: Time: 0.0384 Cost: 6.8385 Pre: 0.9243 Re: 0.9378 Acc: 0.9334 F1: 0.9310
Epoch 278: Time: 0.0381 Cost: 6.7870 Pre: 0.9244 Re: 0.9390 Acc: 0.9340 F1: 0.9316
Epoch 279: Time: 0.0384 Cost: 6.7360 Pre: 0.9244 Re: 0.9390 Acc: 0.9340 F1: 0.9316
Epoch 280: Time: 0.0381 Cost: 6.6856 Pre: 0.9269 Re: 0.9439 Acc: 0.9375 F1: 0.9353


--------------------------------------------------------------------
Eval results: Cost:5.8236 Pre:0.9117 Re:0.9414 Acc:0.9359 F1:0.9263
--------------------------------------------------------------------

Epoch 281: Time: 0.0390 Cost: 6.6355 Pre: 0.9270 Re: 0.9451 Acc: 0.9381 F1: 0.9360
Epoch 282: Time: 0.0381 Cost: 6.5856 Pre: 0.9270 Re: 0.9451 Acc: 0.9381 F1: 0.9360
Epoch 283: Time: 0.0384 Cost: 6.5363 Pre: 0.9271 Re: 0.9463 Acc: 0.9387 F1: 0.9366
Epoch 284: Time: 0.0382 Cost: 6.4878 Pre: 0.9282 Re: 0.9463 Acc: 0.9393 F1: 0.9372
Epoch 285: Time: 0.0383 Cost: 6.4399 Pre: 0.9284 Re: 0.9488 Acc: 0.9404 F1: 0.9385
Epoch 286: Time: 0.0383 Cost: 6.3925 Pre: 0.9296 Re: 0.9500 Acc: 0.9416 F1: 0.9397
Epoch 287: Time: 0.0383 Cost: 6.3456 Pre: 0.9296 Re: 0.9500 Acc: 0.9416 F1: 0.9397
Epoch 288: Time: 0.0380 Cost: 6.2991 Pre: 0.9297 Re: 0.9512 Acc: 0.9422 F1: 0.9403
Epoch 289: Time: 0.0385 Cost: 6.2531 Pre: 0.9319 Re: 0.9512 Acc: 0.9433 F1: 0.9415
Epoch 290: Time: 0.0383 Cost: 6.2076 Pre: 0.9332 Re: 0.9537 Acc: 0.9451 F1: 0.9433


--------------------------------------------------------------------
Eval results: Cost:5.3924 Pre:0.9159 Re:0.9577 Acc:0.9443 F1:0.9363
--------------------------------------------------------------------

Epoch 291: Time: 0.0397 Cost: 6.1622 Pre: 0.9332 Re: 0.9537 Acc: 0.9451 F1: 0.9433
Epoch 292: Time: 0.0392 Cost: 6.1171 Pre: 0.9333 Re: 0.9549 Acc: 0.9457 F1: 0.9439
Epoch 293: Time: 0.0393 Cost: 6.0724 Pre: 0.9345 Re: 0.9573 Acc: 0.9474 F1: 0.9458
Epoch 294: Time: 0.0389 Cost: 6.0282 Pre: 0.9345 Re: 0.9573 Acc: 0.9474 F1: 0.9458
Epoch 295: Time: 0.0385 Cost: 5.9845 Pre: 0.9345 Re: 0.9573 Acc: 0.9474 F1: 0.9458
Epoch 296: Time: 0.0393 Cost: 5.9414 Pre: 0.9368 Re: 0.9585 Acc: 0.9492 F1: 0.9476
Epoch 297: Time: 0.0377 Cost: 5.8985 Pre: 0.9379 Re: 0.9585 Acc: 0.9498 F1: 0.9481
Epoch 298: Time: 0.0384 Cost: 5.8561 Pre: 0.9391 Re: 0.9585 Acc: 0.9504 F1: 0.9487
Epoch 299: Time: 0.0386 Cost: 5.8140 Pre: 0.9393 Re: 0.9622 Acc: 0.9521 F1: 0.9506
Epoch 300: Time: 0.0389 Cost: 5.7722 Pre: 0.9393 Re: 0.9622 Acc: 0.9521 F1: 0.9506


--------------------------------------------------------------------
Eval results: Cost:5.0052 Pre:0.9164 Re:0.9642 Acc:0.9471 F1:0.9397
--------------------------------------------------------------------

Epoch 301: Time: 0.0387 Cost: 5.7306 Pre: 0.9394 Re: 0.9634 Acc: 0.9527 F1: 0.9512
Epoch 302: Time: 0.0381 Cost: 5.6891 Pre: 0.9394 Re: 0.9634 Acc: 0.9527 F1: 0.9512
Epoch 303: Time: 0.0386 Cost: 5.6478 Pre: 0.9405 Re: 0.9634 Acc: 0.9533 F1: 0.9518
Epoch 304: Time: 0.0384 Cost: 5.6069 Pre: 0.9405 Re: 0.9634 Acc: 0.9533 F1: 0.9518
Epoch 305: Time: 0.0385 Cost: 5.5666 Pre: 0.9405 Re: 0.9646 Acc: 0.9539 F1: 0.9524
Epoch 306: Time: 0.0385 Cost: 5.5266 Pre: 0.9417 Re: 0.9659 Acc: 0.9550 F1: 0.9536
Epoch 307: Time: 0.0380 Cost: 5.4869 Pre: 0.9418 Re: 0.9671 Acc: 0.9556 F1: 0.9543
Epoch 308: Time: 0.0382 Cost: 5.4474 Pre: 0.9419 Re: 0.9683 Acc: 0.9562 F1: 0.9549
Epoch 309: Time: 0.0382 Cost: 5.4082 Pre: 0.9441 Re: 0.9683 Acc: 0.9574 F1: 0.9561
Epoch 310: Time: 0.0386 Cost: 5.3692 Pre: 0.9442 Re: 0.9707 Acc: 0.9585 F1: 0.9573


--------------------------------------------------------------------
Eval results: Cost:4.6500 Pre:0.9288 Re:0.9772 Acc:0.9582 F1:0.9524
--------------------------------------------------------------------

Epoch 311: Time: 0.0387 Cost: 5.3303 Pre: 0.9444 Re: 0.9732 Acc: 0.9597 F1: 0.9586
Epoch 312: Time: 0.0382 Cost: 5.2916 Pre: 0.9444 Re: 0.9732 Acc: 0.9597 F1: 0.9586
Epoch 313: Time: 0.0382 Cost: 5.2528 Pre: 0.9455 Re: 0.9732 Acc: 0.9603 F1: 0.9591
Epoch 314: Time: 0.0389 Cost: 5.2143 Pre: 0.9466 Re: 0.9732 Acc: 0.9609 F1: 0.9597
Epoch 315: Time: 0.0391 Cost: 5.1762 Pre: 0.9500 Re: 0.9732 Acc: 0.9626 F1: 0.9614
Epoch 316: Time: 0.0411 Cost: 5.1384 Pre: 0.9500 Re: 0.9732 Acc: 0.9626 F1: 0.9614
Epoch 317: Time: 0.0429 Cost: 5.1009 Pre: 0.9500 Re: 0.9732 Acc: 0.9626 F1: 0.9614
Epoch 318: Time: 0.0444 Cost: 5.0635 Pre: 0.9501 Re: 0.9744 Acc: 0.9632 F1: 0.9621
Epoch 319: Time: 0.0397 Cost: 5.0263 Pre: 0.9501 Re: 0.9744 Acc: 0.9632 F1: 0.9621
Epoch 320: Time: 0.0383 Cost: 4.9892 Pre: 0.9501 Re: 0.9756 Acc: 0.9638 F1: 0.9627


--------------------------------------------------------------------
Eval results: Cost:4.3169 Pre:0.9406 Re:0.9805 Acc:0.9652 F1:0.9601
--------------------------------------------------------------------

Epoch 321: Time: 0.0390 Cost: 4.9522 Pre: 0.9501 Re: 0.9756 Acc: 0.9638 F1: 0.9627
Epoch 322: Time: 0.0392 Cost: 4.9153 Pre: 0.9514 Re: 0.9780 Acc: 0.9655 F1: 0.9645
Epoch 323: Time: 0.0381 Cost: 4.8783 Pre: 0.9525 Re: 0.9780 Acc: 0.9661 F1: 0.9651
Epoch 324: Time: 0.0387 Cost: 4.8414 Pre: 0.9526 Re: 0.9793 Acc: 0.9667 F1: 0.9657
Epoch 325: Time: 0.0427 Cost: 4.8048 Pre: 0.9526 Re: 0.9793 Acc: 0.9667 F1: 0.9657
Epoch 326: Time: 0.0415 Cost: 4.7686 Pre: 0.9526 Re: 0.9793 Acc: 0.9667 F1: 0.9657
Epoch 327: Time: 0.0393 Cost: 4.7325 Pre: 0.9537 Re: 0.9793 Acc: 0.9673 F1: 0.9663
Epoch 328: Time: 0.0384 Cost: 4.6965 Pre: 0.9538 Re: 0.9817 Acc: 0.9685 F1: 0.9675
Epoch 329: Time: 0.0395 Cost: 4.6606 Pre: 0.9549 Re: 0.9817 Acc: 0.9690 F1: 0.9681
Epoch 330: Time: 0.0384 Cost: 4.6248 Pre: 0.9549 Re: 0.9817 Acc: 0.9690 F1: 0.9681


--------------------------------------------------------------------
Eval results: Cost:3.9993 Pre:0.9465 Re:0.9805 Acc:0.9680 F1:0.9632
--------------------------------------------------------------------

Epoch 331: Time: 0.0387 Cost: 4.5891 Pre: 0.9549 Re: 0.9817 Acc: 0.9690 F1: 0.9681
Epoch 332: Time: 0.0388 Cost: 4.5532 Pre: 0.9550 Re: 0.9829 Acc: 0.9696 F1: 0.9688
Epoch 333: Time: 0.0392 Cost: 4.5173 Pre: 0.9550 Re: 0.9829 Acc: 0.9696 F1: 0.9688
Epoch 334: Time: 0.0394 Cost: 4.4816 Pre: 0.9550 Re: 0.9829 Acc: 0.9696 F1: 0.9688
Epoch 335: Time: 0.0381 Cost: 4.4460 Pre: 0.9550 Re: 0.9829 Acc: 0.9696 F1: 0.9688
Epoch 336: Time: 0.0398 Cost: 4.4106 Pre: 0.9561 Re: 0.9829 Acc: 0.9702 F1: 0.9693
Epoch 337: Time: 0.0382 Cost: 4.3754 Pre: 0.9561 Re: 0.9829 Acc: 0.9702 F1: 0.9693
Epoch 338: Time: 0.0387 Cost: 4.3402 Pre: 0.9561 Re: 0.9829 Acc: 0.9702 F1: 0.9693
Epoch 339: Time: 0.0410 Cost: 4.3050 Pre: 0.9572 Re: 0.9829 Acc: 0.9708 F1: 0.9699
Epoch 340: Time: 0.0383 Cost: 4.2699 Pre: 0.9572 Re: 0.9829 Acc: 0.9708 F1: 0.9699


--------------------------------------------------------------------
Eval results: Cost:3.6934 Pre:0.9469 Re:0.9870 Acc:0.9708 F1:0.9665
--------------------------------------------------------------------

Epoch 341: Time: 0.0387 Cost: 4.2351 Pre: 0.9618 Re: 0.9829 Acc: 0.9731 F1: 0.9723
Epoch 342: Time: 0.0384 Cost: 4.1996 Pre: 0.9630 Re: 0.9841 Acc: 0.9743 F1: 0.9735
Epoch 343: Time: 0.0383 Cost: 4.1643 Pre: 0.9642 Re: 0.9841 Acc: 0.9749 F1: 0.9740
Epoch 344: Time: 0.0390 Cost: 4.1293 Pre: 0.9642 Re: 0.9841 Acc: 0.9749 F1: 0.9740
Epoch 345: Time: 0.0384 Cost: 4.0943 Pre: 0.9642 Re: 0.9841 Acc: 0.9749 F1: 0.9740
Epoch 346: Time: 0.0379 Cost: 4.0594 Pre: 0.9654 Re: 0.9854 Acc: 0.9761 F1: 0.9753
Epoch 347: Time: 0.0384 Cost: 4.0245 Pre: 0.9654 Re: 0.9854 Acc: 0.9761 F1: 0.9753
Epoch 348: Time: 0.0385 Cost: 3.9897 Pre: 0.9654 Re: 0.9854 Acc: 0.9761 F1: 0.9753
Epoch 349: Time: 0.0382 Cost: 3.9550 Pre: 0.9665 Re: 0.9854 Acc: 0.9766 F1: 0.9758
Epoch 350: Time: 0.0387 Cost: 3.9204 Pre: 0.9665 Re: 0.9854 Acc: 0.9766 F1: 0.9758


--------------------------------------------------------------------
Eval results: Cost:3.3935 Pre:0.9470 Re:0.9902 Acc:0.9721 F1:0.9682
--------------------------------------------------------------------

Epoch 351: Time: 0.0385 Cost: 3.8863 Pre: 0.9665 Re: 0.9866 Acc: 0.9772 F1: 0.9765
Epoch 352: Time: 0.0385 Cost: 3.8514 Pre: 0.9666 Re: 0.9878 Acc: 0.9778 F1: 0.9771
Epoch 353: Time: 0.0390 Cost: 3.8171 Pre: 0.9689 Re: 0.9878 Acc: 0.9790 F1: 0.9783
Epoch 354: Time: 0.0385 Cost: 3.7831 Pre: 0.9701 Re: 0.9890 Acc: 0.9801 F1: 0.9795
Epoch 355: Time: 0.0381 Cost: 3.7493 Pre: 0.9713 Re: 0.9890 Acc: 0.9807 F1: 0.9801
Epoch 356: Time: 0.0387 Cost: 3.7157 Pre: 0.9713 Re: 0.9890 Acc: 0.9807 F1: 0.9801
Epoch 357: Time: 0.0380 Cost: 3.6824 Pre: 0.9713 Re: 0.9890 Acc: 0.9807 F1: 0.9801
Epoch 358: Time: 0.0385 Cost: 3.6494 Pre: 0.9736 Re: 0.9890 Acc: 0.9819 F1: 0.9812
Epoch 359: Time: 0.0380 Cost: 3.6167 Pre: 0.9736 Re: 0.9902 Acc: 0.9825 F1: 0.9819
Epoch 360: Time: 0.0386 Cost: 3.5843 Pre: 0.9736 Re: 0.9902 Acc: 0.9825 F1: 0.9819


--------------------------------------------------------------------
Eval results: Cost:3.0981 Pre:0.9592 Re:0.9967 Acc:0.9805 F1:0.9776
--------------------------------------------------------------------

Epoch 361: Time: 0.0389 Cost: 3.5532 Pre: 0.9736 Re: 0.9902 Acc: 0.9825 F1: 0.9819
Epoch 362: Time: 0.0378 Cost: 3.5206 Pre: 0.9736 Re: 0.9902 Acc: 0.9825 F1: 0.9819
Epoch 363: Time: 0.0436 Cost: 3.4891 Pre: 0.9736 Re: 0.9902 Acc: 0.9825 F1: 0.9819
Epoch 364: Time: 0.0389 Cost: 3.4582 Pre: 0.9748 Re: 0.9902 Acc: 0.9831 F1: 0.9825
Epoch 365: Time: 0.0396 Cost: 3.4276 Pre: 0.9748 Re: 0.9915 Acc: 0.9836 F1: 0.9831
Epoch 366: Time: 0.0381 Cost: 3.3973 Pre: 0.9748 Re: 0.9915 Acc: 0.9836 F1: 0.9831
Epoch 367: Time: 0.0394 Cost: 3.3674 Pre: 0.9748 Re: 0.9915 Acc: 0.9836 F1: 0.9831
Epoch 368: Time: 0.0379 Cost: 3.3379 Pre: 0.9760 Re: 0.9915 Acc: 0.9842 F1: 0.9837
Epoch 369: Time: 0.0389 Cost: 3.3087 Pre: 0.9760 Re: 0.9927 Acc: 0.9848 F1: 0.9843
Epoch 370: Time: 0.0381 Cost: 3.2798 Pre: 0.9760 Re: 0.9939 Acc: 0.9854 F1: 0.9849


--------------------------------------------------------------------
Eval results: Cost:2.8296 Pre:0.9623 Re:0.9967 Acc:0.9819 F1:0.9792
--------------------------------------------------------------------

Epoch 371: Time: 0.0386 Cost: 3.2526 Pre: 0.9760 Re: 0.9939 Acc: 0.9854 F1: 0.9849
Epoch 372: Time: 0.0387 Cost: 3.2231 Pre: 0.9784 Re: 0.9939 Acc: 0.9866 F1: 0.9861
Epoch 373: Time: 0.0379 Cost: 3.1949 Pre: 0.9784 Re: 0.9939 Acc: 0.9866 F1: 0.9861
Epoch 374: Time: 0.0382 Cost: 3.1671 Pre: 0.9796 Re: 0.9951 Acc: 0.9877 F1: 0.9873
Epoch 375: Time: 0.0404 Cost: 3.1397 Pre: 0.9796 Re: 0.9951 Acc: 0.9877 F1: 0.9873
Epoch 376: Time: 0.0385 Cost: 3.1127 Pre: 0.9796 Re: 0.9951 Acc: 0.9877 F1: 0.9873
Epoch 377: Time: 0.0392 Cost: 3.0860 Pre: 0.9796 Re: 0.9963 Acc: 0.9883 F1: 0.9879
Epoch 378: Time: 0.0389 Cost: 3.0596 Pre: 0.9796 Re: 0.9963 Acc: 0.9883 F1: 0.9879
Epoch 379: Time: 0.0392 Cost: 3.0335 Pre: 0.9796 Re: 0.9963 Acc: 0.9883 F1: 0.9879
Epoch 380: Time: 0.0389 Cost: 3.0076 Pre: 0.9808 Re: 0.9963 Acc: 0.9889 F1: 0.9885


--------------------------------------------------------------------
Eval results: Cost:2.5928 Pre:0.9684 Re:0.9967 Acc:0.9847 F1:0.9823
--------------------------------------------------------------------

Epoch 381: Time: 0.0385 Cost: 2.9837 Pre: 0.9808 Re: 0.9963 Acc: 0.9889 F1: 0.9885
Epoch 382: Time: 0.0379 Cost: 2.9570 Pre: 0.9808 Re: 0.9963 Acc: 0.9889 F1: 0.9885
Epoch 383: Time: 0.0389 Cost: 2.9315 Pre: 0.9808 Re: 0.9976 Acc: 0.9895 F1: 0.9891
Epoch 384: Time: 0.0380 Cost: 2.9064 Pre: 0.9808 Re: 0.9976 Acc: 0.9895 F1: 0.9891
Epoch 385: Time: 0.0396 Cost: 2.8816 Pre: 0.9808 Re: 0.9976 Acc: 0.9895 F1: 0.9891
Epoch 386: Time: 0.0383 Cost: 2.8573 Pre: 0.9820 Re: 0.9976 Acc: 0.9901 F1: 0.9897
Epoch 387: Time: 0.0408 Cost: 2.8333 Pre: 0.9820 Re: 0.9976 Acc: 0.9901 F1: 0.9897
Epoch 388: Time: 0.0383 Cost: 2.8095 Pre: 0.9844 Re: 0.9976 Acc: 0.9912 F1: 0.9909
Epoch 389: Time: 0.0399 Cost: 2.7859 Pre: 0.9844 Re: 0.9976 Acc: 0.9912 F1: 0.9909
Epoch 390: Time: 0.0383 Cost: 2.7626 Pre: 0.9844 Re: 0.9988 Acc: 0.9918 F1: 0.9915


--------------------------------------------------------------------
Eval results: Cost:2.3821 Pre:0.9714 Re:0.9967 Acc:0.9861 F1:0.9839
--------------------------------------------------------------------

Epoch 391: Time: 0.0385 Cost: 2.7413 Pre: 0.9844 Re: 1.0000 Acc: 0.9924 F1: 0.9921
Epoch 392: Time: 0.0391 Cost: 2.7170 Pre: 0.9844 Re: 1.0000 Acc: 0.9924 F1: 0.9921
Epoch 393: Time: 0.0384 Cost: 2.6939 Pre: 0.9844 Re: 1.0000 Acc: 0.9924 F1: 0.9921
Epoch 394: Time: 0.0390 Cost: 2.6710 Pre: 0.9856 Re: 1.0000 Acc: 0.9930 F1: 0.9927
Epoch 395: Time: 0.0383 Cost: 2.6485 Pre: 0.9880 Re: 1.0000 Acc: 0.9942 F1: 0.9939
Epoch 396: Time: 0.0384 Cost: 2.6265 Pre: 0.9880 Re: 1.0000 Acc: 0.9942 F1: 0.9939
Epoch 397: Time: 0.0386 Cost: 2.6047 Pre: 0.9880 Re: 1.0000 Acc: 0.9942 F1: 0.9939
Epoch 398: Time: 0.0381 Cost: 2.5831 Pre: 0.9880 Re: 1.0000 Acc: 0.9942 F1: 0.9939
Epoch 399: Time: 0.0387 Cost: 2.5618 Pre: 0.9880 Re: 1.0000 Acc: 0.9942 F1: 0.9939
Epoch 400: Time: 0.0385 Cost: 2.5406 Pre: 0.9880 Re: 1.0000 Acc: 0.9942 F1: 0.9939


--------------------------------------------------------------------
Eval results: Cost:2.1925 Pre:0.9777 Re:1.0000 Acc:0.9903 F1:0.9887
--------------------------------------------------------------------

Epoch 401: Time: 0.0386 Cost: 2.5215 Pre: 0.9891 Re: 1.0000 Acc: 0.9947 F1: 0.9945
Epoch 402: Time: 0.0385 Cost: 2.4993 Pre: 0.9891 Re: 1.0000 Acc: 0.9947 F1: 0.9945
Epoch 403: Time: 0.0383 Cost: 2.4782 Pre: 0.9891 Re: 1.0000 Acc: 0.9947 F1: 0.9945
Epoch 404: Time: 0.0393 Cost: 2.4574 Pre: 0.9891 Re: 1.0000 Acc: 0.9947 F1: 0.9945
Epoch 405: Time: 0.0387 Cost: 2.4369 Pre: 0.9903 Re: 1.0000 Acc: 0.9953 F1: 0.9951
Epoch 406: Time: 0.0382 Cost: 2.4168 Pre: 0.9903 Re: 1.0000 Acc: 0.9953 F1: 0.9951
Epoch 407: Time: 0.0382 Cost: 2.3970 Pre: 0.9903 Re: 1.0000 Acc: 0.9953 F1: 0.9951
Epoch 408: Time: 0.0391 Cost: 2.3773 Pre: 0.9927 Re: 1.0000 Acc: 0.9965 F1: 0.9964
Epoch 409: Time: 0.0379 Cost: 2.3579 Pre: 0.9927 Re: 1.0000 Acc: 0.9965 F1: 0.9964
Epoch 410: Time: 0.0383 Cost: 2.3386 Pre: 0.9927 Re: 1.0000 Acc: 0.9965 F1: 0.9964


--------------------------------------------------------------------
Eval results: Cost:2.0207 Pre:0.9777 Re:1.0000 Acc:0.9903 F1:0.9887
--------------------------------------------------------------------

Epoch 411: Time: 0.0402 Cost: 2.3213 Pre: 0.9927 Re: 1.0000 Acc: 0.9965 F1: 0.9964
Epoch 412: Time: 0.0383 Cost: 2.3009 Pre: 0.9927 Re: 1.0000 Acc: 0.9965 F1: 0.9964
Epoch 413: Time: 0.0398 Cost: 2.2816 Pre: 0.9927 Re: 1.0000 Acc: 0.9965 F1: 0.9964
Epoch 414: Time: 0.0381 Cost: 2.2627 Pre: 0.9927 Re: 1.0000 Acc: 0.9965 F1: 0.9964
Epoch 415: Time: 0.0382 Cost: 2.2440 Pre: 0.9939 Re: 1.0000 Acc: 0.9971 F1: 0.9970
Epoch 416: Time: 0.0384 Cost: 2.2256 Pre: 0.9939 Re: 1.0000 Acc: 0.9971 F1: 0.9970
Epoch 417: Time: 0.0382 Cost: 2.2075 Pre: 0.9939 Re: 1.0000 Acc: 0.9971 F1: 0.9970
Epoch 418: Time: 0.0380 Cost: 2.1895 Pre: 0.9939 Re: 1.0000 Acc: 0.9971 F1: 0.9970
Epoch 419: Time: 0.0381 Cost: 2.1718 Pre: 0.9939 Re: 1.0000 Acc: 0.9971 F1: 0.9970
Epoch 420: Time: 0.0383 Cost: 2.1541 Pre: 0.9939 Re: 1.0000 Acc: 0.9971 F1: 0.9970


--------------------------------------------------------------------
Eval results: Cost:1.8641 Pre:0.9808 Re:1.0000 Acc:0.9916 F1:0.9903
--------------------------------------------------------------------

Epoch 421: Time: 0.0382 Cost: 2.1383 Pre: 0.9939 Re: 1.0000 Acc: 0.9971 F1: 0.9970
Epoch 422: Time: 0.0387 Cost: 2.1195 Pre: 0.9939 Re: 1.0000 Acc: 0.9971 F1: 0.9970
Epoch 423: Time: 0.0381 Cost: 2.1019 Pre: 0.9939 Re: 1.0000 Acc: 0.9971 F1: 0.9970
Epoch 424: Time: 0.0386 Cost: 2.0845 Pre: 0.9939 Re: 1.0000 Acc: 0.9971 F1: 0.9970
Epoch 425: Time: 0.0380 Cost: 2.0674 Pre: 0.9939 Re: 1.0000 Acc: 0.9971 F1: 0.9970
Epoch 426: Time: 0.0380 Cost: 2.0506 Pre: 0.9939 Re: 1.0000 Acc: 0.9971 F1: 0.9970
Epoch 427: Time: 0.0381 Cost: 2.0340 Pre: 0.9939 Re: 1.0000 Acc: 0.9971 F1: 0.9970
Epoch 428: Time: 0.0382 Cost: 2.0175 Pre: 0.9939 Re: 1.0000 Acc: 0.9971 F1: 0.9970
Epoch 429: Time: 0.0383 Cost: 2.0012 Pre: 0.9939 Re: 1.0000 Acc: 0.9971 F1: 0.9970
Epoch 430: Time: 0.0375 Cost: 1.9850 Pre: 0.9939 Re: 1.0000 Acc: 0.9971 F1: 0.9970


--------------------------------------------------------------------
Eval results: Cost:1.7206 Pre:0.9808 Re:1.0000 Acc:0.9916 F1:0.9903
--------------------------------------------------------------------

Epoch 431: Time: 0.0389 Cost: 1.9705 Pre: 0.9939 Re: 1.0000 Acc: 0.9971 F1: 0.9970
Epoch 432: Time: 0.0379 Cost: 1.9530 Pre: 0.9939 Re: 1.0000 Acc: 0.9971 F1: 0.9970
Epoch 433: Time: 0.0383 Cost: 1.9369 Pre: 0.9939 Re: 1.0000 Acc: 0.9971 F1: 0.9970
Epoch 434: Time: 0.0384 Cost: 1.9210 Pre: 0.9939 Re: 1.0000 Acc: 0.9971 F1: 0.9970
Epoch 435: Time: 0.0394 Cost: 1.9052 Pre: 0.9939 Re: 1.0000 Acc: 0.9971 F1: 0.9970
Epoch 436: Time: 0.0392 Cost: 1.8897 Pre: 0.9939 Re: 1.0000 Acc: 0.9971 F1: 0.9970
Epoch 437: Time: 0.0393 Cost: 1.8744 Pre: 0.9939 Re: 1.0000 Acc: 0.9971 F1: 0.9970
Epoch 438: Time: 0.0389 Cost: 1.8592 Pre: 0.9939 Re: 1.0000 Acc: 0.9971 F1: 0.9970
Epoch 439: Time: 0.0395 Cost: 1.8442 Pre: 0.9939 Re: 1.0000 Acc: 0.9971 F1: 0.9970
Epoch 440: Time: 0.0389 Cost: 1.8292 Pre: 0.9939 Re: 1.0000 Acc: 0.9971 F1: 0.9970


--------------------------------------------------------------------
Eval results: Cost:1.5881 Pre:0.9808 Re:1.0000 Acc:0.9916 F1:0.9903
--------------------------------------------------------------------

Epoch 441: Time: 0.0386 Cost: 1.8158 Pre: 0.9939 Re: 1.0000 Acc: 0.9971 F1: 0.9970
Epoch 442: Time: 0.0382 Cost: 1.7995 Pre: 0.9939 Re: 1.0000 Acc: 0.9971 F1: 0.9970
Epoch 443: Time: 0.0384 Cost: 1.7847 Pre: 0.9939 Re: 1.0000 Acc: 0.9971 F1: 0.9970
Epoch 444: Time: 0.0381 Cost: 1.7700 Pre: 0.9939 Re: 1.0000 Acc: 0.9971 F1: 0.9970
Epoch 445: Time: 0.0386 Cost: 1.7555 Pre: 0.9939 Re: 1.0000 Acc: 0.9971 F1: 0.9970
Epoch 446: Time: 0.0390 Cost: 1.7412 Pre: 0.9939 Re: 1.0000 Acc: 0.9971 F1: 0.9970
Epoch 447: Time: 0.0384 Cost: 1.7270 Pre: 0.9939 Re: 1.0000 Acc: 0.9971 F1: 0.9970
Epoch 448: Time: 0.0385 Cost: 1.7129 Pre: 0.9939 Re: 1.0000 Acc: 0.9971 F1: 0.9970
Epoch 449: Time: 0.0393 Cost: 1.6990 Pre: 0.9939 Re: 1.0000 Acc: 0.9971 F1: 0.9970
Epoch 450: Time: 0.0383 Cost: 1.6851 Pre: 0.9939 Re: 1.0000 Acc: 0.9971 F1: 0.9970


--------------------------------------------------------------------
Eval results: Cost:1.4653 Pre:0.9840 Re:1.0000 Acc:0.9930 F1:0.9919
--------------------------------------------------------------------

Epoch 451: Time: 0.0385 Cost: 1.6726 Pre: 0.9939 Re: 1.0000 Acc: 0.9971 F1: 0.9970
Epoch 452: Time: 0.0384 Cost: 1.6574 Pre: 0.9939 Re: 1.0000 Acc: 0.9971 F1: 0.9970
Epoch 453: Time: 0.0388 Cost: 1.6436 Pre: 0.9939 Re: 1.0000 Acc: 0.9971 F1: 0.9970
Epoch 454: Time: 0.0380 Cost: 1.6300 Pre: 0.9939 Re: 1.0000 Acc: 0.9971 F1: 0.9970
Epoch 455: Time: 0.0388 Cost: 1.6166 Pre: 0.9939 Re: 1.0000 Acc: 0.9971 F1: 0.9970
Epoch 456: Time: 0.0389 Cost: 1.6033 Pre: 0.9939 Re: 1.0000 Acc: 0.9971 F1: 0.9970
Epoch 457: Time: 0.0383 Cost: 1.5901 Pre: 0.9939 Re: 1.0000 Acc: 0.9971 F1: 0.9970
Epoch 458: Time: 0.0386 Cost: 1.5770 Pre: 0.9976 Re: 1.0000 Acc: 0.9988 F1: 0.9988
Epoch 459: Time: 0.0382 Cost: 1.5640 Pre: 0.9976 Re: 1.0000 Acc: 0.9988 F1: 0.9988
Epoch 460: Time: 0.0400 Cost: 1.5510 Pre: 0.9976 Re: 1.0000 Acc: 0.9988 F1: 0.9988


--------------------------------------------------------------------
Eval results: Cost:1.3506 Pre:0.9903 Re:1.0000 Acc:0.9958 F1:0.9951
--------------------------------------------------------------------

Epoch 461: Time: 0.0392 Cost: 1.5393 Pre: 0.9976 Re: 1.0000 Acc: 0.9988 F1: 0.9988
Epoch 462: Time: 0.0384 Cost: 1.5251 Pre: 0.9988 Re: 1.0000 Acc: 0.9994 F1: 0.9994
Epoch 463: Time: 0.0380 Cost: 1.5122 Pre: 0.9988 Re: 1.0000 Acc: 0.9994 F1: 0.9994
Epoch 464: Time: 0.0390 Cost: 1.4996 Pre: 0.9988 Re: 1.0000 Acc: 0.9994 F1: 0.9994
Epoch 465: Time: 0.0382 Cost: 1.4870 Pre: 0.9988 Re: 1.0000 Acc: 0.9994 F1: 0.9994
Epoch 466: Time: 0.0389 Cost: 1.4746 Pre: 0.9988 Re: 1.0000 Acc: 0.9994 F1: 0.9994
Epoch 467: Time: 0.0379 Cost: 1.4623 Pre: 0.9988 Re: 1.0000 Acc: 0.9994 F1: 0.9994
Epoch 468: Time: 0.0387 Cost: 1.4500 Pre: 0.9988 Re: 1.0000 Acc: 0.9994 F1: 0.9994
Epoch 469: Time: 0.0382 Cost: 1.4379 Pre: 0.9988 Re: 1.0000 Acc: 0.9994 F1: 0.9994
Epoch 470: Time: 0.0394 Cost: 1.4258 Pre: 0.9988 Re: 1.0000 Acc: 0.9994 F1: 0.9994


--------------------------------------------------------------------
Eval results: Cost:1.2428 Pre:0.9903 Re:1.0000 Acc:0.9958 F1:0.9951
--------------------------------------------------------------------

Epoch 471: Time: 0.0392 Cost: 1.4146 Pre: 0.9988 Re: 1.0000 Acc: 0.9994 F1: 0.9994
Epoch 472: Time: 0.0378 Cost: 1.4013 Pre: 0.9988 Re: 1.0000 Acc: 0.9994 F1: 0.9994
Epoch 473: Time: 0.0394 Cost: 1.3892 Pre: 0.9988 Re: 1.0000 Acc: 0.9994 F1: 0.9994
Epoch 474: Time: 0.0381 Cost: 1.3774 Pre: 0.9988 Re: 1.0000 Acc: 0.9994 F1: 0.9994
Epoch 475: Time: 0.0388 Cost: 1.3656 Pre: 0.9988 Re: 1.0000 Acc: 0.9994 F1: 0.9994
Epoch 476: Time: 0.0385 Cost: 1.3540 Pre: 0.9988 Re: 1.0000 Acc: 0.9994 F1: 0.9994
Epoch 477: Time: 0.0384 Cost: 1.3424 Pre: 0.9988 Re: 1.0000 Acc: 0.9994 F1: 0.9994
Epoch 478: Time: 0.0384 Cost: 1.3309 Pre: 0.9988 Re: 1.0000 Acc: 0.9994 F1: 0.9994
Epoch 479: Time: 0.0392 Cost: 1.3195 Pre: 0.9988 Re: 1.0000 Acc: 0.9994 F1: 0.9994
Epoch 480: Time: 0.0385 Cost: 1.3081 Pre: 0.9988 Re: 1.0000 Acc: 0.9994 F1: 0.9994


--------------------------------------------------------------------
Eval results: Cost:1.1410 Pre:0.9935 Re:1.0000 Acc:0.9972 F1:0.9968
--------------------------------------------------------------------

Epoch 481: Time: 0.0380 Cost: 1.2975 Pre: 0.9988 Re: 1.0000 Acc: 0.9994 F1: 0.9994
Epoch 482: Time: 0.0385 Cost: 1.2849 Pre: 0.9988 Re: 1.0000 Acc: 0.9994 F1: 0.9994
Epoch 483: Time: 0.0384 Cost: 1.2736 Pre: 0.9988 Re: 1.0000 Acc: 0.9994 F1: 0.9994
Epoch 484: Time: 0.0386 Cost: 1.2624 Pre: 0.9988 Re: 1.0000 Acc: 0.9994 F1: 0.9994
Epoch 485: Time: 0.0393 Cost: 1.2513 Pre: 0.9988 Re: 1.0000 Acc: 0.9994 F1: 0.9994
Epoch 486: Time: 0.0384 Cost: 1.2404 Pre: 0.9988 Re: 1.0000 Acc: 0.9994 F1: 0.9994
Epoch 487: Time: 0.0384 Cost: 1.2294 Pre: 0.9988 Re: 1.0000 Acc: 0.9994 F1: 0.9994
Epoch 488: Time: 0.0385 Cost: 1.2186 Pre: 0.9988 Re: 1.0000 Acc: 0.9994 F1: 0.9994
Epoch 489: Time: 0.0382 Cost: 1.2078 Pre: 0.9988 Re: 1.0000 Acc: 0.9994 F1: 0.9994
Epoch 490: Time: 0.0382 Cost: 1.1970 Pre: 0.9988 Re: 1.0000 Acc: 0.9994 F1: 0.9994


--------------------------------------------------------------------
Eval results: Cost:1.0441 Pre:0.9935 Re:1.0000 Acc:0.9972 F1:0.9968
--------------------------------------------------------------------

Epoch 491: Time: 0.0385 Cost: 1.1868 Pre: 0.9988 Re: 1.0000 Acc: 0.9994 F1: 0.9994
Epoch 492: Time: 0.0379 Cost: 1.1749 Pre: 0.9988 Re: 1.0000 Acc: 0.9994 F1: 0.9994
Epoch 493: Time: 0.0388 Cost: 1.1642 Pre: 0.9988 Re: 1.0000 Acc: 0.9994 F1: 0.9994
Epoch 494: Time: 0.0379 Cost: 1.1536 Pre: 1.0000 Re: 1.0000 Acc: 1.0000 F1: 1.0000
Epoch 495: Time: 0.0393 Cost: 1.1431 Pre: 1.0000 Re: 1.0000 Acc: 1.0000 F1: 1.0000
Epoch 496: Time: 0.0400 Cost: 1.1327 Pre: 1.0000 Re: 1.0000 Acc: 1.0000 F1: 1.0000
Epoch 497: Time: 0.0384 Cost: 1.1223 Pre: 1.0000 Re: 1.0000 Acc: 1.0000 F1: 1.0000
Epoch 498: Time: 0.0393 Cost: 1.1120 Pre: 1.0000 Re: 1.0000 Acc: 1.0000 F1: 1.0000
Epoch 499: Time: 0.0380 Cost: 1.1017 Pre: 1.0000 Re: 1.0000 Acc: 1.0000 F1: 1.0000
Epoch 500: Time: 0.0384 Cost: 1.0914 Pre: 1.0000 Re: 1.0000 Acc: 1.0000 F1: 1.0000


--------------------------------------------------------------------
Eval results: Cost:0.9510 Pre:0.9935 Re:1.0000 Acc:0.9972 F1:0.9968
--------------------------------------------------------------------

Epoch 501: Time: 0.0384 Cost: 1.0816 Pre: 1.0000 Re: 1.0000 Acc: 1.0000 F1: 1.0000
Epoch 502: Time: 0.0385 Cost: 1.0702 Pre: 1.0000 Re: 1.0000 Acc: 1.0000 F1: 1.0000
Epoch 503: Time: 0.0381 Cost: 1.0599 Pre: 1.0000 Re: 1.0000 Acc: 1.0000 F1: 1.0000
Epoch 504: Time: 0.0383 Cost: 1.0498 Pre: 1.0000 Re: 1.0000 Acc: 1.0000 F1: 1.0000
Epoch 505: Time: 0.0378 Cost: 1.0397 Pre: 1.0000 Re: 1.0000 Acc: 1.0000 F1: 1.0000
Epoch 506: Time: 0.0383 Cost: 1.0297 Pre: 1.0000 Re: 1.0000 Acc: 1.0000 F1: 1.0000
Epoch 507: Time: 0.0389 Cost: 1.0198 Pre: 1.0000 Re: 1.0000 Acc: 1.0000 F1: 1.0000
Epoch 508: Time: 0.0397 Cost: 1.0098 Pre: 1.0000 Re: 1.0000 Acc: 1.0000 F1: 1.0000
Epoch 509: Time: 0.0388 Cost: 0.9999 Pre: 1.0000 Re: 1.0000 Acc: 1.0000 F1: 1.0000
Epoch 510: Time: 0.0402 Cost: 0.9901 Pre: 1.0000 Re: 1.0000 Acc: 1.0000 F1: 1.0000


--------------------------------------------------------------------
Eval results: Cost:0.8604 Pre:0.9968 Re:1.0000 Acc:0.9986 F1:0.9984
--------------------------------------------------------------------

Epoch 511: Time: 0.0382 Cost: 0.9804 Pre: 1.0000 Re: 1.0000 Acc: 1.0000 F1: 1.0000
Epoch 512: Time: 0.0387 Cost: 0.9692 Pre: 1.0000 Re: 1.0000 Acc: 1.0000 F1: 1.0000
Epoch 513: Time: 0.0386 Cost: 0.9593 Pre: 1.0000 Re: 1.0000 Acc: 1.0000 F1: 1.0000
Epoch 514: Time: 0.0384 Cost: 0.9494 Pre: 1.0000 Re: 1.0000 Acc: 1.0000 F1: 1.0000
Epoch 515: Time: 0.0380 Cost: 0.9396 Pre: 1.0000 Re: 1.0000 Acc: 1.0000 F1: 1.0000
Epoch 516: Time: 0.0381 Cost: 0.9298 Pre: 1.0000 Re: 1.0000 Acc: 1.0000 F1: 1.0000
Epoch 517: Time: 0.0383 Cost: 0.9200 Pre: 1.0000 Re: 1.0000 Acc: 1.0000 F1: 1.0000
Epoch 518: Time: 0.0382 Cost: 0.9102 Pre: 1.0000 Re: 1.0000 Acc: 1.0000 F1: 1.0000
Epoch 519: Time: 0.0385 Cost: 0.9005 Pre: 1.0000 Re: 1.0000 Acc: 1.0000 F1: 1.0000
Epoch 520: Time: 0.0388 Cost: 0.8908 Pre: 1.0000 Re: 1.0000 Acc: 1.0000 F1: 1.0000


--------------------------------------------------------------------
Eval results: Cost:0.7704 Pre:1.0000 Re:1.0000 Acc:1.0000 F1:1.0000
--------------------------------------------------------------------

Epoch 521: Time: 0.0386 Cost: 0.8810 Pre: 1.0000 Re: 1.0000 Acc: 1.0000 F1: 1.0000
Epoch 522: Time: 0.0382 Cost: 0.8698 Pre: 1.0000 Re: 1.0000 Acc: 1.0000 F1: 1.0000
Epoch 523: Time: 0.0389 Cost: 0.8598 Pre: 1.0000 Re: 1.0000 Acc: 1.0000 F1: 1.0000
Epoch 524: Time: 0.0381 Cost: 0.8500 Pre: 1.0000 Re: 1.0000 Acc: 1.0000 F1: 1.0000
Epoch 525: Time: 0.0390 Cost: 0.8401 Pre: 1.0000 Re: 1.0000 Acc: 1.0000 F1: 1.0000
Epoch 526: Time: 0.0387 Cost: 0.8303 Pre: 1.0000 Re: 1.0000 Acc: 1.0000 F1: 1.0000
Epoch 527: Time: 0.0382 Cost: 0.8206 Pre: 1.0000 Re: 1.0000 Acc: 1.0000 F1: 1.0000
Epoch 528: Time: 0.0380 Cost: 0.8108 Pre: 1.0000 Re: 1.0000 Acc: 1.0000 F1: 1.0000
Epoch 529: Time: 0.0383 Cost: 0.8011 Pre: 1.0000 Re: 1.0000 Acc: 1.0000 F1: 1.0000
Epoch 530: Time: 0.0385 Cost: 0.7915 Pre: 1.0000 Re: 1.0000 Acc: 1.0000 F1: 1.0000


--------------------------------------------------------------------
Eval results: Cost:0.6820 Pre:1.0000 Re:1.0000 Acc:1.0000 F1:1.0000
--------------------------------------------------------------------

Epoch 531: Time: 0.0388 Cost: 0.7818 Pre: 1.0000 Re: 1.0000 Acc: 1.0000 F1: 1.0000
Epoch 532: Time: 0.0392 Cost: 0.7706 Pre: 1.0000 Re: 1.0000 Acc: 1.0000 F1: 1.0000
Epoch 533: Time: 0.0401 Cost: 0.7610 Pre: 1.0000 Re: 1.0000 Acc: 1.0000 F1: 1.0000
Epoch 534: Time: 0.0380 Cost: 0.7514 Pre: 1.0000 Re: 1.0000 Acc: 1.0000 F1: 1.0000
Epoch 535: Time: 0.0389 Cost: 0.7419 Pre: 1.0000 Re: 1.0000 Acc: 1.0000 F1: 1.0000
Epoch 536: Time: 0.0384 Cost: 0.7324 Pre: 1.0000 Re: 1.0000 Acc: 1.0000 F1: 1.0000
Epoch 537: Time: 0.0385 Cost: 0.7231 Pre: 1.0000 Re: 1.0000 Acc: 1.0000 F1: 1.0000
Epoch 538: Time: 0.0386 Cost: 0.7137 Pre: 1.0000 Re: 1.0000 Acc: 1.0000 F1: 1.0000
Epoch 539: Time: 0.0384 Cost: 0.7045 Pre: 1.0000 Re: 1.0000 Acc: 1.0000 F1: 1.0000
Epoch 540: Time: 0.0382 Cost: 0.6953 Pre: 1.0000 Re: 1.0000 Acc: 1.0000 F1: 1.0000


--------------------------------------------------------------------
Eval results: Cost:0.5988 Pre:1.0000 Re:1.0000 Acc:1.0000 F1:1.0000
--------------------------------------------------------------------

Epoch 541: Time: 0.0383 Cost: 0.6862 Pre: 1.0000 Re: 1.0000 Acc: 1.0000 F1: 1.0000
Epoch 542: Time: 0.0383 Cost: 0.6758 Pre: 1.0000 Re: 1.0000 Acc: 1.0000 F1: 1.0000
Epoch 543: Time: 0.0377 Cost: 0.6669 Pre: 1.0000 Re: 1.0000 Acc: 1.0000 F1: 1.0000
Epoch 544: Time: 0.0381 Cost: 0.6578 Pre: 1.0000 Re: 1.0000 Acc: 1.0000 F1: 1.0000
Epoch 545: Time: 0.0387 Cost: 0.6489 Pre: 1.0000 Re: 1.0000 Acc: 1.0000 F1: 1.0000
Epoch 546: Time: 0.0386 Cost: 0.6400 Pre: 1.0000 Re: 1.0000 Acc: 1.0000 F1: 1.0000
Epoch 547: Time: 0.0383 Cost: 0.6312 Pre: 1.0000 Re: 1.0000 Acc: 1.0000 F1: 1.0000
Epoch 548: Time: 0.0376 Cost: 0.6225 Pre: 1.0000 Re: 1.0000 Acc: 1.0000 F1: 1.0000
Epoch 549: Time: 0.0383 Cost: 0.6139 Pre: 1.0000 Re: 1.0000 Acc: 1.0000 F1: 1.0000
Epoch 550: Time: 0.0382 Cost: 0.6053 Pre: 1.0000 Re: 1.0000 Acc: 1.0000 F1: 1.0000


--------------------------------------------------------------------
Eval results: Cost:0.5209 Pre:1.0000 Re:1.0000 Acc:1.0000 F1:1.0000
--------------------------------------------------------------------

Epoch 551: Time: 0.0384 Cost: 0.5969 Pre: 1.0000 Re: 1.0000 Acc: 1.0000 F1: 1.0000
Epoch 552: Time: 0.0383 Cost: 0.5873 Pre: 1.0000 Re: 1.0000 Acc: 1.0000 F1: 1.0000
Epoch 553: Time: 0.0379 Cost: 0.5791 Pre: 1.0000 Re: 1.0000 Acc: 1.0000 F1: 1.0000
Epoch 554: Time: 0.0380 Cost: 0.5706 Pre: 1.0000 Re: 1.0000 Acc: 1.0000 F1: 1.0000
Epoch 555: Time: 0.0384 Cost: 0.5624 Pre: 1.0000 Re: 1.0000 Acc: 1.0000 F1: 1.0000
Epoch 556: Time: 0.0394 Cost: 0.5542 Pre: 1.0000 Re: 1.0000 Acc: 1.0000 F1: 1.0000
Epoch 557: Time: 0.0386 Cost: 0.5461 Pre: 1.0000 Re: 1.0000 Acc: 1.0000 F1: 1.0000
Epoch 558: Time: 0.0549 Cost: 0.5380 Pre: 1.0000 Re: 1.0000 Acc: 1.0000 F1: 1.0000
Epoch 559: Time: 0.0474 Cost: 0.5301 Pre: 1.0000 Re: 1.0000 Acc: 1.0000 F1: 1.0000
Epoch 560: Time: 0.0396 Cost: 0.5222 Pre: 1.0000 Re: 1.0000 Acc: 1.0000 F1: 1.0000


--------------------------------------------------------------------
Eval results: Cost:0.4487 Pre:1.0000 Re:1.0000 Acc:1.0000 F1:1.0000
--------------------------------------------------------------------

Epoch 561: Time: 0.0387 Cost: 0.5144 Pre: 1.0000 Re: 1.0000 Acc: 1.0000 F1: 1.0000
Epoch 562: Time: 0.0382 Cost: 0.5057 Pre: 1.0000 Re: 1.0000 Acc: 1.0000 F1: 1.0000
Epoch 563: Time: 0.0378 Cost: 0.4981 Pre: 1.0000 Re: 1.0000 Acc: 1.0000 F1: 1.0000
Epoch 564: Time: 0.0378 Cost: 0.4904 Pre: 1.0000 Re: 1.0000 Acc: 1.0000 F1: 1.0000
Epoch 565: Time: 0.0389 Cost: 0.4828 Pre: 1.0000 Re: 1.0000 Acc: 1.0000 F1: 1.0000
Epoch 566: Time: 0.0454 Cost: 0.4753 Pre: 1.0000 Re: 1.0000 Acc: 1.0000 F1: 1.0000
Epoch 567: Time: 0.0396 Cost: 0.4679 Pre: 1.0000 Re: 1.0000 Acc: 1.0000 F1: 1.0000
Epoch 568: Time: 0.0383 Cost: 0.4605 Pre: 1.0000 Re: 1.0000 Acc: 1.0000 F1: 1.0000
Epoch 569: Time: 0.0399 Cost: 0.4533 Pre: 1.0000 Re: 1.0000 Acc: 1.0000 F1: 1.0000
Epoch 570: Time: 0.0397 Cost: 0.4461 Pre: 1.0000 Re: 1.0000 Acc: 1.0000 F1: 1.0000


--------------------------------------------------------------------
Eval results: Cost:0.3826 Pre:1.0000 Re:1.0000 Acc:1.0000 F1:1.0000
--------------------------------------------------------------------

Epoch 571: Time: 0.0385 Cost: 0.4390 Pre: 1.0000 Re: 1.0000 Acc: 1.0000 F1: 1.0000
Epoch 572: Time: 0.0388 Cost: 0.4311 Pre: 1.0000 Re: 1.0000 Acc: 1.0000 F1: 1.0000
Epoch 573: Time: 0.0378 Cost: 0.4242 Pre: 1.0000 Re: 1.0000 Acc: 1.0000 F1: 1.0000
Epoch 574: Time: 0.0399 Cost: 0.4172 Pre: 1.0000 Re: 1.0000 Acc: 1.0000 F1: 1.0000
Epoch 575: Time: 0.0380 Cost: 0.4103 Pre: 1.0000 Re: 1.0000 Acc: 1.0000 F1: 1.0000
Epoch 576: Time: 0.0390 Cost: 0.4035 Pre: 1.0000 Re: 1.0000 Acc: 1.0000 F1: 1.0000
Epoch 577: Time: 0.0388 Cost: 0.3968 Pre: 1.0000 Re: 1.0000 Acc: 1.0000 F1: 1.0000
Epoch 578: Time: 0.0389 Cost: 0.3902 Pre: 1.0000 Re: 1.0000 Acc: 1.0000 F1: 1.0000
Epoch 579: Time: 0.0392 Cost: 0.3836 Pre: 1.0000 Re: 1.0000 Acc: 1.0000 F1: 1.0000
Epoch 580: Time: 0.0414 Cost: 0.3771 Pre: 1.0000 Re: 1.0000 Acc: 1.0000 F1: 1.0000


--------------------------------------------------------------------
Eval results: Cost:0.3228 Pre:1.0000 Re:1.0000 Acc:1.0000 F1:1.0000
--------------------------------------------------------------------

Epoch 581: Time: 0.0398 Cost: 0.3707 Pre: 1.0000 Re: 1.0000 Acc: 1.0000 F1: 1.0000
Epoch 582: Time: 0.0381 Cost: 0.3637 Pre: 1.0000 Re: 1.0000 Acc: 1.0000 F1: 1.0000
Epoch 583: Time: 0.0397 Cost: 0.3575 Pre: 1.0000 Re: 1.0000 Acc: 1.0000 F1: 1.0000
Epoch 584: Time: 0.0383 Cost: 0.3512 Pre: 1.0000 Re: 1.0000 Acc: 1.0000 F1: 1.0000
Epoch 585: Time: 0.0382 Cost: 0.3450 Pre: 1.0000 Re: 1.0000 Acc: 1.0000 F1: 1.0000
Epoch 586: Time: 0.0381 Cost: 0.3390 Pre: 1.0000 Re: 1.0000 Acc: 1.0000 F1: 1.0000
Epoch 587: Time: 0.0382 Cost: 0.3330 Pre: 1.0000 Re: 1.0000 Acc: 1.0000 F1: 1.0000
Epoch 588: Time: 0.0383 Cost: 0.3270 Pre: 1.0000 Re: 1.0000 Acc: 1.0000 F1: 1.0000
Epoch 589: Time: 0.0388 Cost: 0.3212 Pre: 1.0000 Re: 1.0000 Acc: 1.0000 F1: 1.0000
Epoch 590: Time: 0.0380 Cost: 0.3154 Pre: 1.0000 Re: 1.0000 Acc: 1.0000 F1: 1.0000


--------------------------------------------------------------------
Eval results: Cost:0.2693 Pre:1.0000 Re:1.0000 Acc:1.0000 F1:1.0000
--------------------------------------------------------------------

Epoch 591: Time: 0.0385 Cost: 0.3097 Pre: 1.0000 Re: 1.0000 Acc: 1.0000 F1: 1.0000
Epoch 592: Time: 0.0380 Cost: 0.3035 Pre: 1.0000 Re: 1.0000 Acc: 1.0000 F1: 1.0000
Epoch 593: Time: 0.0383 Cost: 0.2980 Pre: 1.0000 Re: 1.0000 Acc: 1.0000 F1: 1.0000
Epoch 594: Time: 0.0388 Cost: 0.2924 Pre: 1.0000 Re: 1.0000 Acc: 1.0000 F1: 1.0000
Epoch 595: Time: 0.0379 Cost: 0.2869 Pre: 1.0000 Re: 1.0000 Acc: 1.0000 F1: 1.0000
Epoch 596: Time: 0.0390 Cost: 0.2816 Pre: 1.0000 Re: 1.0000 Acc: 1.0000 F1: 1.0000
Epoch 597: Time: 0.0381 Cost: 0.2762 Pre: 1.0000 Re: 1.0000 Acc: 1.0000 F1: 1.0000
Epoch 598: Time: 0.0382 Cost: 0.2710 Pre: 1.0000 Re: 1.0000 Acc: 1.0000 F1: 1.0000
Epoch 599: Time: 0.0382 Cost: 0.2659 Pre: 1.0000 Re: 1.0000 Acc: 1.0000 F1: 1.0000
Epoch 600: Time: 0.0394 Cost: 0.2608 Pre: 1.0000 Re: 1.0000 Acc: 1.0000 F1: 1.0000


--------------------------------------------------------------------
Eval results: Cost:0.2221 Pre:1.0000 Re:1.0000 Acc:1.0000 F1:1.0000
--------------------------------------------------------------------

Epoch 601: Time: 0.0382 Cost: 0.2558 Pre: 1.0000 Re: 1.0000 Acc: 1.0000 F1: 1.0000
Epoch 602: Time: 0.0380 Cost: 0.2504 Pre: 1.0000 Re: 1.0000 Acc: 1.0000 F1: 1.0000
Epoch 603: Time: 0.0448 Cost: 0.2456 Pre: 1.0000 Re: 1.0000 Acc: 1.0000 F1: 1.0000
Epoch 604: Time: 0.0383 Cost: 0.2406 Pre: 1.0000 Re: 1.0000 Acc: 1.0000 F1: 1.0000
Epoch 605: Time: 0.0390 Cost: 0.2359 Pre: 1.0000 Re: 1.0000 Acc: 1.0000 F1: 1.0000
Epoch 606: Time: 0.0380 Cost: 0.2312 Pre: 1.0000 Re: 1.0000 Acc: 1.0000 F1: 1.0000
Epoch 607: Time: 0.0386 Cost: 0.2266 Pre: 1.0000 Re: 1.0000 Acc: 1.0000 F1: 1.0000
Epoch 608: Time: 0.0381 Cost: 0.2220 Pre: 1.0000 Re: 1.0000 Acc: 1.0000 F1: 1.0000
Epoch 609: Time: 0.0384 Cost: 0.2176 Pre: 1.0000 Re: 1.0000 Acc: 1.0000 F1: 1.0000
Epoch 610: Time: 0.0376 Cost: 0.2132 Pre: 1.0000 Re: 1.0000 Acc: 1.0000 F1: 1.0000


--------------------------------------------------------------------
Eval results: Cost:0.1810 Pre:1.0000 Re:1.0000 Acc:1.0000 F1:1.0000
--------------------------------------------------------------------

Epoch 611: Time: 0.0382 Cost: 0.2088 Pre: 1.0000 Re: 1.0000 Acc: 1.0000 F1: 1.0000
Epoch 612: Time: 0.0377 Cost: 0.2042 Pre: 1.0000 Re: 1.0000 Acc: 1.0000 F1: 1.0000
Epoch 613: Time: 0.0383 Cost: 0.2000 Pre: 1.0000 Re: 1.0000 Acc: 1.0000 F1: 1.0000
Epoch 614: Time: 0.0384 Cost: 0.1958 Pre: 1.0000 Re: 1.0000 Acc: 1.0000 F1: 1.0000
Epoch 615: Time: 0.0387 Cost: 0.1917 Pre: 1.0000 Re: 1.0000 Acc: 1.0000 F1: 1.0000
Epoch 616: Time: 0.0400 Cost: 0.1877 Pre: 1.0000 Re: 1.0000 Acc: 1.0000 F1: 1.0000
Epoch 617: Time: 0.0380 Cost: 0.1838 Pre: 1.0000 Re: 1.0000 Acc: 1.0000 F1: 1.0000
Epoch 618: Time: 0.0385 Cost: 0.1799 Pre: 1.0000 Re: 1.0000 Acc: 1.0000 F1: 1.0000
Epoch 619: Time: 0.0381 Cost: 0.1761 Pre: 1.0000 Re: 1.0000 Acc: 1.0000 F1: 1.0000
Epoch 620: Time: 0.0380 Cost: 0.1723 Pre: 1.0000 Re: 1.0000 Acc: 1.0000 F1: 1.0000


--------------------------------------------------------------------
Eval results: Cost:0.1460 Pre:1.0000 Re:1.0000 Acc:1.0000 F1:1.0000
--------------------------------------------------------------------

Epoch 621: Time: 0.0382 Cost: 0.1686 Pre: 1.0000 Re: 1.0000 Acc: 1.0000 F1: 1.0000
Epoch 622: Time: 0.0382 Cost: 0.1648 Pre: 1.0000 Re: 1.0000 Acc: 1.0000 F1: 1.0000
Epoch 623: Time: 0.0382 Cost: 0.1612 Pre: 1.0000 Re: 1.0000 Acc: 1.0000 F1: 1.0000
Epoch 624: Time: 0.0379 Cost: 0.1577 Pre: 1.0000 Re: 1.0000 Acc: 1.0000 F1: 1.0000
Epoch 625: Time: 0.0379 Cost: 0.1542 Pre: 1.0000 Re: 1.0000 Acc: 1.0000 F1: 1.0000
Epoch 626: Time: 0.0385 Cost: 0.1508 Pre: 1.0000 Re: 1.0000 Acc: 1.0000 F1: 1.0000
Epoch 627: Time: 0.0390 Cost: 0.1475 Pre: 1.0000 Re: 1.0000 Acc: 1.0000 F1: 1.0000
Epoch 628: Time: 0.0386 Cost: 0.1443 Pre: 1.0000 Re: 1.0000 Acc: 1.0000 F1: 1.0000
Epoch 629: Time: 0.0388 Cost: 0.1411 Pre: 1.0000 Re: 1.0000 Acc: 1.0000 F1: 1.0000
Epoch 630: Time: 0.0380 Cost: 0.1380 Pre: 1.0000 Re: 1.0000 Acc: 1.0000 F1: 1.0000


--------------------------------------------------------------------
Eval results: Cost:0.1166 Pre:1.0000 Re:1.0000 Acc:1.0000 F1:1.0000
--------------------------------------------------------------------

Epoch 631: Time: 0.0383 Cost: 0.1349 Pre: 1.0000 Re: 1.0000 Acc: 1.0000 F1: 1.0000
Epoch 632: Time: 0.0381 Cost: 0.1317 Pre: 1.0000 Re: 1.0000 Acc: 1.0000 F1: 1.0000
Epoch 633: Time: 0.0380 Cost: 0.1288 Pre: 1.0000 Re: 1.0000 Acc: 1.0000 F1: 1.0000
Epoch 634: Time: 0.0380 Cost: 0.1258 Pre: 1.0000 Re: 1.0000 Acc: 1.0000 F1: 1.0000
Epoch 635: Time: 0.0377 Cost: 0.1230 Pre: 1.0000 Re: 1.0000 Acc: 1.0000 F1: 1.0000
Epoch 636: Time: 0.0377 Cost: 0.1202 Pre: 1.0000 Re: 1.0000 Acc: 1.0000 F1: 1.0000
Epoch 637: Time: 0.0375 Cost: 0.1175 Pre: 1.0000 Re: 1.0000 Acc: 1.0000 F1: 1.0000
Epoch 638: Time: 0.0389 Cost: 0.1148 Pre: 1.0000 Re: 1.0000 Acc: 1.0000 F1: 1.0000
Epoch 639: Time: 0.0384 Cost: 0.1122 Pre: 1.0000 Re: 1.0000 Acc: 1.0000 F1: 1.0000
Epoch 640: Time: 0.0386 Cost: 0.1097 Pre: 1.0000 Re: 1.0000 Acc: 1.0000 F1: 1.0000


--------------------------------------------------------------------
Eval results: Cost:0.0925 Pre:1.0000 Re:1.0000 Acc:1.0000 F1:1.0000
--------------------------------------------------------------------

Epoch 641: Time: 0.0389 Cost: 0.1072 Pre: 1.0000 Re: 1.0000 Acc: 1.0000 F1: 1.0000
Epoch 642: Time: 0.0386 Cost: 0.1046 Pre: 1.0000 Re: 1.0000 Acc: 1.0000 F1: 1.0000
Epoch 643: Time: 0.0382 Cost: 0.1022 Pre: 1.0000 Re: 1.0000 Acc: 1.0000 F1: 1.0000
Epoch 644: Time: 0.0381 Cost: 0.0998 Pre: 1.0000 Re: 1.0000 Acc: 1.0000 F1: 1.0000
Epoch 645: Time: 0.0378 Cost: 0.0975 Pre: 1.0000 Re: 1.0000 Acc: 1.0000 F1: 1.0000
Epoch 646: Time: 0.0383 Cost: 0.0953 Pre: 1.0000 Re: 1.0000 Acc: 1.0000 F1: 1.0000
Epoch 647: Time: 0.0385 Cost: 0.0931 Pre: 1.0000 Re: 1.0000 Acc: 1.0000 F1: 1.0000
Epoch 648: Time: 0.0384 Cost: 0.0910 Pre: 1.0000 Re: 1.0000 Acc: 1.0000 F1: 1.0000
Epoch 649: Time: 0.0392 Cost: 0.0889 Pre: 1.0000 Re: 1.0000 Acc: 1.0000 F1: 1.0000
Epoch 650: Time: 0.0393 Cost: 0.0869 Pre: 1.0000 Re: 1.0000 Acc: 1.0000 F1: 1.0000


--------------------------------------------------------------------
Eval results: Cost:0.0731 Pre:1.0000 Re:1.0000 Acc:1.0000 F1:1.0000
--------------------------------------------------------------------

Epoch 651: Time: 0.0406 Cost: 0.0849 Pre: 1.0000 Re: 1.0000 Acc: 1.0000 F1: 1.0000
Epoch 652: Time: 0.0395 Cost: 0.0828 Pre: 1.0000 Re: 1.0000 Acc: 1.0000 F1: 1.0000
Epoch 653: Time: 0.0394 Cost: 0.0810 Pre: 1.0000 Re: 1.0000 Acc: 1.0000 F1: 1.0000
Epoch 654: Time: 0.0383 Cost: 0.0791 Pre: 1.0000 Re: 1.0000 Acc: 1.0000 F1: 1.0000
Epoch 655: Time: 0.0392 Cost: 0.0773 Pre: 1.0000 Re: 1.0000 Acc: 1.0000 F1: 1.0000
Epoch 656: Time: 0.0383 Cost: 0.0755 Pre: 1.0000 Re: 1.0000 Acc: 1.0000 F1: 1.0000
Epoch 657: Time: 0.0385 Cost: 0.0738 Pre: 1.0000 Re: 1.0000 Acc: 1.0000 F1: 1.0000
Epoch 658: Time: 0.0382 Cost: 0.0721 Pre: 1.0000 Re: 1.0000 Acc: 1.0000 F1: 1.0000
Epoch 659: Time: 0.0383 Cost: 0.0705 Pre: 1.0000 Re: 1.0000 Acc: 1.0000 F1: 1.0000
Epoch 660: Time: 0.0384 Cost: 0.0689 Pre: 1.0000 Re: 1.0000 Acc: 1.0000 F1: 1.0000


--------------------------------------------------------------------
Eval results: Cost:0.0580 Pre:1.0000 Re:1.0000 Acc:1.0000 F1:1.0000
--------------------------------------------------------------------

Epoch 661: Time: 0.0390 Cost: 0.0674 Pre: 1.0000 Re: 1.0000 Acc: 1.0000 F1: 1.0000
Epoch 662: Time: 0.0392 Cost: 0.0658 Pre: 1.0000 Re: 1.0000 Acc: 1.0000 F1: 1.0000
Epoch 663: Time: 0.0391 Cost: 0.0643 Pre: 1.0000 Re: 1.0000 Acc: 1.0000 F1: 1.0000
Epoch 664: Time: 0.0384 Cost: 0.0628 Pre: 1.0000 Re: 1.0000 Acc: 1.0000 F1: 1.0000
Epoch 665: Time: 0.0392 Cost: 0.0614 Pre: 1.0000 Re: 1.0000 Acc: 1.0000 F1: 1.0000
Epoch 666: Time: 0.0382 Cost: 0.0601 Pre: 1.0000 Re: 1.0000 Acc: 1.0000 F1: 1.0000
Epoch 667: Time: 0.0385 Cost: 0.0587 Pre: 1.0000 Re: 1.0000 Acc: 1.0000 F1: 1.0000
Epoch 668: Time: 0.0385 Cost: 0.0575 Pre: 1.0000 Re: 1.0000 Acc: 1.0000 F1: 1.0000
Epoch 669: Time: 0.0392 Cost: 0.0562 Pre: 1.0000 Re: 1.0000 Acc: 1.0000 F1: 1.0000
Epoch 670: Time: 0.0382 Cost: 0.0550 Pre: 1.0000 Re: 1.0000 Acc: 1.0000 F1: 1.0000


--------------------------------------------------------------------
Eval results: Cost:0.0463 Pre:1.0000 Re:1.0000 Acc:1.0000 F1:1.0000
--------------------------------------------------------------------

Epoch 671: Time: 0.0385 Cost: 0.0538 Pre: 1.0000 Re: 1.0000 Acc: 1.0000 F1: 1.0000
Epoch 672: Time: 0.0384 Cost: 0.0526 Pre: 1.0000 Re: 1.0000 Acc: 1.0000 F1: 1.0000
Epoch 673: Time: 0.0380 Cost: 0.0515 Pre: 1.0000 Re: 1.0000 Acc: 1.0000 F1: 1.0000
Epoch 674: Time: 0.0389 Cost: 0.0503 Pre: 1.0000 Re: 1.0000 Acc: 1.0000 F1: 1.0000
Epoch 675: Time: 0.0383 Cost: 0.0493 Pre: 1.0000 Re: 1.0000 Acc: 1.0000 F1: 1.0000
Epoch 676: Time: 0.0398 Cost: 0.0482 Pre: 1.0000 Re: 1.0000 Acc: 1.0000 F1: 1.0000
Epoch 677: Time: 0.0391 Cost: 0.0472 Pre: 1.0000 Re: 1.0000 Acc: 1.0000 F1: 1.0000
Epoch 678: Time: 0.0381 Cost: 0.0462 Pre: 1.0000 Re: 1.0000 Acc: 1.0000 F1: 1.0000
Epoch 679: Time: 0.0388 Cost: 0.0453 Pre: 1.0000 Re: 1.0000 Acc: 1.0000 F1: 1.0000
Epoch 680: Time: 0.0386 Cost: 0.0443 Pre: 1.0000 Re: 1.0000 Acc: 1.0000 F1: 1.0000


--------------------------------------------------------------------
Eval results: Cost:0.0374 Pre:1.0000 Re:1.0000 Acc:1.0000 F1:1.0000
--------------------------------------------------------------------

Epoch 681: Time: 0.0397 Cost: 0.0434 Pre: 1.0000 Re: 1.0000 Acc: 1.0000 F1: 1.0000
Epoch 682: Time: 0.0386 Cost: 0.0425 Pre: 1.0000 Re: 1.0000 Acc: 1.0000 F1: 1.0000
Epoch 683: Time: 0.0380 Cost: 0.0417 Pre: 1.0000 Re: 1.0000 Acc: 1.0000 F1: 1.0000
Epoch 684: Time: 0.0384 Cost: 0.0408 Pre: 1.0000 Re: 1.0000 Acc: 1.0000 F1: 1.0000
Epoch 685: Time: 0.0385 Cost: 0.0400 Pre: 1.0000 Re: 1.0000 Acc: 1.0000 F1: 1.0000
Epoch 686: Time: 0.0383 Cost: 0.0392 Pre: 1.0000 Re: 1.0000 Acc: 1.0000 F1: 1.0000
Epoch 687: Time: 0.0387 Cost: 0.0384 Pre: 1.0000 Re: 1.0000 Acc: 1.0000 F1: 1.0000
Epoch 688: Time: 0.0387 Cost: 0.0377 Pre: 1.0000 Re: 1.0000 Acc: 1.0000 F1: 1.0000
Epoch 689: Time: 0.0390 Cost: 0.0369 Pre: 1.0000 Re: 1.0000 Acc: 1.0000 F1: 1.0000
Epoch 690: Time: 0.0385 Cost: 0.0362 Pre: 1.0000 Re: 1.0000 Acc: 1.0000 F1: 1.0000


--------------------------------------------------------------------
Eval results: Cost:0.0306 Pre:1.0000 Re:1.0000 Acc:1.0000 F1:1.0000
--------------------------------------------------------------------

Epoch 691: Time: 0.0383 Cost: 0.0356 Pre: 1.0000 Re: 1.0000 Acc: 1.0000 F1: 1.0000
Epoch 692: Time: 0.0388 Cost: 0.0349 Pre: 1.0000 Re: 1.0000 Acc: 1.0000 F1: 1.0000
Epoch 693: Time: 0.0387 Cost: 0.0342 Pre: 1.0000 Re: 1.0000 Acc: 1.0000 F1: 1.0000
Epoch 694: Time: 0.0382 Cost: 0.0336 Pre: 1.0000 Re: 1.0000 Acc: 1.0000 F1: 1.0000
Epoch 695: Time: 0.0384 Cost: 0.0329 Pre: 1.0000 Re: 1.0000 Acc: 1.0000 F1: 1.0000
Epoch 696: Time: 0.0385 Cost: 0.0323 Pre: 1.0000 Re: 1.0000 Acc: 1.0000 F1: 1.0000
Epoch 697: Time: 0.0382 Cost: 0.0317 Pre: 1.0000 Re: 1.0000 Acc: 1.0000 F1: 1.0000
Epoch 698: Time: 0.0388 Cost: 0.0312 Pre: 1.0000 Re: 1.0000 Acc: 1.0000 F1: 1.0000
Epoch 699: Time: 0.0382 Cost: 0.0306 Pre: 1.0000 Re: 1.0000 Acc: 1.0000 F1: 1.0000
Epoch 700: Time: 0.0405 Cost: 0.0301 Pre: 1.0000 Re: 1.0000 Acc: 1.0000 F1: 1.0000


--------------------------------------------------------------------
Eval results: Cost:0.0255 Pre:1.0000 Re:1.0000 Acc:1.0000 F1:1.0000
--------------------------------------------------------------------

Epoch 701: Time: 0.0395 Cost: 0.0296 Pre: 1.0000 Re: 1.0000 Acc: 1.0000 F1: 1.0000
Epoch 702: Time: 0.0387 Cost: 0.0290 Pre: 1.0000 Re: 1.0000 Acc: 1.0000 F1: 1.0000
Epoch 703: Time: 0.0380 Cost: 0.0285 Pre: 1.0000 Re: 1.0000 Acc: 1.0000 F1: 1.0000
Epoch 704: Time: 0.0385 Cost: 0.0280 Pre: 1.0000 Re: 1.0000 Acc: 1.0000 F1: 1.0000
Epoch 705: Time: 0.0380 Cost: 0.0276 Pre: 1.0000 Re: 1.0000 Acc: 1.0000 F1: 1.0000
Epoch 706: Time: 0.0387 Cost: 0.0271 Pre: 1.0000 Re: 1.0000 Acc: 1.0000 F1: 1.0000
Epoch 707: Time: 0.0384 Cost: 0.0266 Pre: 1.0000 Re: 1.0000 Acc: 1.0000 F1: 1.0000
Epoch 708: Time: 0.0386 Cost: 0.0262 Pre: 1.0000 Re: 1.0000 Acc: 1.0000 F1: 1.0000
Epoch 709: Time: 0.0382 Cost: 0.0258 Pre: 1.0000 Re: 1.0000 Acc: 1.0000 F1: 1.0000
Epoch 710: Time: 0.0382 Cost: 0.0253 Pre: 1.0000 Re: 1.0000 Acc: 1.0000 F1: 1.0000


--------------------------------------------------------------------
Eval results: Cost:0.0216 Pre:1.0000 Re:1.0000 Acc:1.0000 F1:1.0000
--------------------------------------------------------------------

Epoch 711: Time: 0.0387 Cost: 0.0249 Pre: 1.0000 Re: 1.0000 Acc: 1.0000 F1: 1.0000
Epoch 712: Time: 0.0387 Cost: 0.0245 Pre: 1.0000 Re: 1.0000 Acc: 1.0000 F1: 1.0000
Epoch 713: Time: 0.0384 Cost: 0.0242 Pre: 1.0000 Re: 1.0000 Acc: 1.0000 F1: 1.0000
Epoch 714: Time: 0.0387 Cost: 0.0238 Pre: 1.0000 Re: 1.0000 Acc: 1.0000 F1: 1.0000
Epoch 715: Time: 0.0386 Cost: 0.0234 Pre: 1.0000 Re: 1.0000 Acc: 1.0000 F1: 1.0000
Epoch 716: Time: 0.0383 Cost: 0.0230 Pre: 1.0000 Re: 1.0000 Acc: 1.0000 F1: 1.0000
Epoch 717: Time: 0.0387 Cost: 0.0227 Pre: 1.0000 Re: 1.0000 Acc: 1.0000 F1: 1.0000
Epoch 718: Time: 0.0382 Cost: 0.0223 Pre: 1.0000 Re: 1.0000 Acc: 1.0000 F1: 1.0000
Epoch 719: Time: 0.0389 Cost: 0.0220 Pre: 1.0000 Re: 1.0000 Acc: 1.0000 F1: 1.0000
Epoch 720: Time: 0.0383 Cost: 0.0217 Pre: 1.0000 Re: 1.0000 Acc: 1.0000 F1: 1.0000


--------------------------------------------------------------------
Eval results: Cost:0.0185 Pre:1.0000 Re:1.0000 Acc:1.0000 F1:1.0000
--------------------------------------------------------------------

Epoch 721: Time: 0.0385 Cost: 0.0214 Pre: 1.0000 Re: 1.0000 Acc: 1.0000 F1: 1.0000
Epoch 722: Time: 0.0390 Cost: 0.0211 Pre: 1.0000 Re: 1.0000 Acc: 1.0000 F1: 1.0000
Epoch 723: Time: 0.0384 Cost: 0.0208 Pre: 1.0000 Re: 1.0000 Acc: 1.0000 F1: 1.0000
Epoch 724: Time: 0.0405 Cost: 0.0205 Pre: 1.0000 Re: 1.0000 Acc: 1.0000 F1: 1.0000
Epoch 725: Time: 0.0389 Cost: 0.0202 Pre: 1.0000 Re: 1.0000 Acc: 1.0000 F1: 1.0000
Epoch 726: Time: 0.0387 Cost: 0.0199 Pre: 1.0000 Re: 1.0000 Acc: 1.0000 F1: 1.0000
Epoch 727: Time: 0.0393 Cost: 0.0196 Pre: 1.0000 Re: 1.0000 Acc: 1.0000 F1: 1.0000
Epoch 728: Time: 0.0381 Cost: 0.0193 Pre: 1.0000 Re: 1.0000 Acc: 1.0000 F1: 1.0000
Epoch 729: Time: 0.0382 Cost: 0.0191 Pre: 1.0000 Re: 1.0000 Acc: 1.0000 F1: 1.0000
Epoch 730: Time: 0.0380 Cost: 0.0188 Pre: 1.0000 Re: 1.0000 Acc: 1.0000 F1: 1.0000


--------------------------------------------------------------------
Eval results: Cost:0.0162 Pre:1.0000 Re:1.0000 Acc:1.0000 F1:1.0000
--------------------------------------------------------------------

Epoch 731: Time: 0.0388 Cost: 0.0186 Pre: 1.0000 Re: 1.0000 Acc: 1.0000 F1: 1.0000
Epoch 732: Time: 0.0380 Cost: 0.0183 Pre: 1.0000 Re: 1.0000 Acc: 1.0000 F1: 1.0000
Epoch 733: Time: 0.0379 Cost: 0.0181 Pre: 1.0000 Re: 1.0000 Acc: 1.0000 F1: 1.0000
Epoch 734: Time: 0.0382 Cost: 0.0178 Pre: 1.0000 Re: 1.0000 Acc: 1.0000 F1: 1.0000
Epoch 735: Time: 0.0382 Cost: 0.0176 Pre: 1.0000 Re: 1.0000 Acc: 1.0000 F1: 1.0000
Epoch 736: Time: 0.0390 Cost: 0.0174 Pre: 1.0000 Re: 1.0000 Acc: 1.0000 F1: 1.0000
Epoch 737: Time: 0.0379 Cost: 0.0172 Pre: 1.0000 Re: 1.0000 Acc: 1.0000 F1: 1.0000
Epoch 738: Time: 0.0384 Cost: 0.0169 Pre: 1.0000 Re: 1.0000 Acc: 1.0000 F1: 1.0000
Epoch 739: Time: 0.0380 Cost: 0.0167 Pre: 1.0000 Re: 1.0000 Acc: 1.0000 F1: 1.0000
Epoch 740: Time: 0.0378 Cost: 0.0165 Pre: 1.0000 Re: 1.0000 Acc: 1.0000 F1: 1.0000


--------------------------------------------------------------------
Eval results: Cost:0.0143 Pre:1.0000 Re:1.0000 Acc:1.0000 F1:1.0000
--------------------------------------------------------------------

Epoch 741: Time: 0.0377 Cost: 0.0163 Pre: 1.0000 Re: 1.0000 Acc: 1.0000 F1: 1.0000
Epoch 742: Time: 0.0379 Cost: 0.0161 Pre: 1.0000 Re: 1.0000 Acc: 1.0000 F1: 1.0000
Epoch 743: Time: 0.0382 Cost: 0.0159 Pre: 1.0000 Re: 1.0000 Acc: 1.0000 F1: 1.0000
Epoch 744: Time: 0.0382 Cost: 0.0157 Pre: 1.0000 Re: 1.0000 Acc: 1.0000 F1: 1.0000
Epoch 745: Time: 0.0378 Cost: 0.0156 Pre: 1.0000 Re: 1.0000 Acc: 1.0000 F1: 1.0000
Epoch 746: Time: 0.0384 Cost: 0.0154 Pre: 1.0000 Re: 1.0000 Acc: 1.0000 F1: 1.0000
Epoch 747: Time: 0.0380 Cost: 0.0152 Pre: 1.0000 Re: 1.0000 Acc: 1.0000 F1: 1.0000
Epoch 748: Time: 0.0396 Cost: 0.0150 Pre: 1.0000 Re: 1.0000 Acc: 1.0000 F1: 1.0000
Epoch 749: Time: 0.0383 Cost: 0.0148 Pre: 1.0000 Re: 1.0000 Acc: 1.0000 F1: 1.0000
Epoch 750: Time: 0.0387 Cost: 0.0147 Pre: 1.0000 Re: 1.0000 Acc: 1.0000 F1: 1.0000


--------------------------------------------------------------------
Eval results: Cost:0.0127 Pre:1.0000 Re:1.0000 Acc:1.0000 F1:1.0000
--------------------------------------------------------------------

Epoch 751: Time: 0.0379 Cost: 0.0145 Pre: 1.0000 Re: 1.0000 Acc: 1.0000 F1: 1.0000
Epoch 752: Time: 0.0389 Cost: 0.0143 Pre: 1.0000 Re: 1.0000 Acc: 1.0000 F1: 1.0000
Epoch 753: Time: 0.0385 Cost: 0.0142 Pre: 1.0000 Re: 1.0000 Acc: 1.0000 F1: 1.0000
Epoch 754: Time: 0.0378 Cost: 0.0140 Pre: 1.0000 Re: 1.0000 Acc: 1.0000 F1: 1.0000
Epoch 755: Time: 0.0377 Cost: 0.0139 Pre: 1.0000 Re: 1.0000 Acc: 1.0000 F1: 1.0000
Epoch 756: Time: 0.0377 Cost: 0.0137 Pre: 1.0000 Re: 1.0000 Acc: 1.0000 F1: 1.0000
Epoch 757: Time: 0.0377 Cost: 0.0136 Pre: 1.0000 Re: 1.0000 Acc: 1.0000 F1: 1.0000
Epoch 758: Time: 0.0382 Cost: 0.0134 Pre: 1.0000 Re: 1.0000 Acc: 1.0000 F1: 1.0000
Epoch 759: Time: 0.0386 Cost: 0.0133 Pre: 1.0000 Re: 1.0000 Acc: 1.0000 F1: 1.0000
Epoch 760: Time: 0.0379 Cost: 0.0132 Pre: 1.0000 Re: 1.0000 Acc: 1.0000 F1: 1.0000


--------------------------------------------------------------------
Eval results: Cost:0.0115 Pre:1.0000 Re:1.0000 Acc:1.0000 F1:1.0000
--------------------------------------------------------------------

Epoch 761: Time: 0.0381 Cost: 0.0130 Pre: 1.0000 Re: 1.0000 Acc: 1.0000 F1: 1.0000
Epoch 762: Time: 0.0392 Cost: 0.0129 Pre: 1.0000 Re: 1.0000 Acc: 1.0000 F1: 1.0000
Epoch 763: Time: 0.0381 Cost: 0.0128 Pre: 1.0000 Re: 1.0000 Acc: 1.0000 F1: 1.0000
Epoch 764: Time: 0.0387 Cost: 0.0126 Pre: 1.0000 Re: 1.0000 Acc: 1.0000 F1: 1.0000
Epoch 765: Time: 0.0381 Cost: 0.0125 Pre: 1.0000 Re: 1.0000 Acc: 1.0000 F1: 1.0000
Epoch 766: Time: 0.0375 Cost: 0.0124 Pre: 1.0000 Re: 1.0000 Acc: 1.0000 F1: 1.0000
Epoch 767: Time: 0.0378 Cost: 0.0123 Pre: 1.0000 Re: 1.0000 Acc: 1.0000 F1: 1.0000
Epoch 768: Time: 0.0380 Cost: 0.0121 Pre: 1.0000 Re: 1.0000 Acc: 1.0000 F1: 1.0000
Epoch 769: Time: 0.0382 Cost: 0.0120 Pre: 1.0000 Re: 1.0000 Acc: 1.0000 F1: 1.0000
Epoch 770: Time: 0.0380 Cost: 0.0119 Pre: 1.0000 Re: 1.0000 Acc: 1.0000 F1: 1.0000


--------------------------------------------------------------------
Eval results: Cost:0.0104 Pre:1.0000 Re:1.0000 Acc:1.0000 F1:1.0000
--------------------------------------------------------------------

Epoch 771: Time: 0.0388 Cost: 0.0118 Pre: 1.0000 Re: 1.0000 Acc: 1.0000 F1: 1.0000
Epoch 772: Time: 0.0398 Cost: 0.0117 Pre: 1.0000 Re: 1.0000 Acc: 1.0000 F1: 1.0000
Epoch 773: Time: 0.0386 Cost: 0.0116 Pre: 1.0000 Re: 1.0000 Acc: 1.0000 F1: 1.0000
Epoch 774: Time: 0.0389 Cost: 0.0115 Pre: 1.0000 Re: 1.0000 Acc: 1.0000 F1: 1.0000
Epoch 775: Time: 0.0385 Cost: 0.0113 Pre: 1.0000 Re: 1.0000 Acc: 1.0000 F1: 1.0000
Epoch 776: Time: 0.0386 Cost: 0.0112 Pre: 1.0000 Re: 1.0000 Acc: 1.0000 F1: 1.0000
Epoch 777: Time: 0.0381 Cost: 0.0111 Pre: 1.0000 Re: 1.0000 Acc: 1.0000 F1: 1.0000
Epoch 778: Time: 0.0387 Cost: 0.0110 Pre: 1.0000 Re: 1.0000 Acc: 1.0000 F1: 1.0000
Epoch 779: Time: 0.0384 Cost: 0.0109 Pre: 1.0000 Re: 1.0000 Acc: 1.0000 F1: 1.0000
Epoch 780: Time: 0.0383 Cost: 0.0108 Pre: 1.0000 Re: 1.0000 Acc: 1.0000 F1: 1.0000


--------------------------------------------------------------------
Eval results: Cost:0.0095 Pre:1.0000 Re:1.0000 Acc:1.0000 F1:1.0000
--------------------------------------------------------------------

Epoch 781: Time: 0.0385 Cost: 0.0107 Pre: 1.0000 Re: 1.0000 Acc: 1.0000 F1: 1.0000
Epoch 782: Time: 0.0386 Cost: 0.0106 Pre: 1.0000 Re: 1.0000 Acc: 1.0000 F1: 1.0000
Epoch 783: Time: 0.0384 Cost: 0.0106 Pre: 1.0000 Re: 1.0000 Acc: 1.0000 F1: 1.0000
Epoch 784: Time: 0.0389 Cost: 0.0105 Pre: 1.0000 Re: 1.0000 Acc: 1.0000 F1: 1.0000
Epoch 785: Time: 0.0384 Cost: 0.0104 Pre: 1.0000 Re: 1.0000 Acc: 1.0000 F1: 1.0000
Epoch 786: Time: 0.0390 Cost: 0.0103 Pre: 1.0000 Re: 1.0000 Acc: 1.0000 F1: 1.0000
Epoch 787: Time: 0.0383 Cost: 0.0102 Pre: 1.0000 Re: 1.0000 Acc: 1.0000 F1: 1.0000
Epoch 788: Time: 0.0389 Cost: 0.0101 Pre: 1.0000 Re: 1.0000 Acc: 1.0000 F1: 1.0000
Epoch 789: Time: 0.0391 Cost: 0.0100 Pre: 1.0000 Re: 1.0000 Acc: 1.0000 F1: 1.0000
Epoch 790: Time: 0.0385 Cost: 0.0099 Pre: 1.0000 Re: 1.0000 Acc: 1.0000 F1: 1.0000


--------------------------------------------------------------------
Eval results: Cost:0.0088 Pre:1.0000 Re:1.0000 Acc:1.0000 F1:1.0000
--------------------------------------------------------------------

Epoch 791: Time: 0.0380 Cost: 0.0099 Pre: 1.0000 Re: 1.0000 Acc: 1.0000 F1: 1.0000
Epoch 792: Time: 0.0383 Cost: 0.0098 Pre: 1.0000 Re: 1.0000 Acc: 1.0000 F1: 1.0000
Epoch 793: Time: 0.0382 Cost: 0.0097 Pre: 1.0000 Re: 1.0000 Acc: 1.0000 F1: 1.0000
Epoch 794: Time: 0.0383 Cost: 0.0096 Pre: 1.0000 Re: 1.0000 Acc: 1.0000 F1: 1.0000
Epoch 795: Time: 0.0382 Cost: 0.0095 Pre: 1.0000 Re: 1.0000 Acc: 1.0000 F1: 1.0000
Epoch 796: Time: 0.0385 Cost: 0.0095 Pre: 1.0000 Re: 1.0000 Acc: 1.0000 F1: 1.0000
Epoch 797: Time: 0.0396 Cost: 0.0094 Pre: 1.0000 Re: 1.0000 Acc: 1.0000 F1: 1.0000
Epoch 798: Time: 0.0388 Cost: 0.0093 Pre: 1.0000 Re: 1.0000 Acc: 1.0000 F1: 1.0000
Epoch 799: Time: 0.0395 Cost: 0.0092 Pre: 1.0000 Re: 1.0000 Acc: 1.0000 F1: 1.0000
Epoch 800: Time: 0.0388 Cost: 0.0092 Pre: 1.0000 Re: 1.0000 Acc: 1.0000 F1: 1.0000


--------------------------------------------------------------------
Eval results: Cost:0.0081 Pre:1.0000 Re:1.0000 Acc:1.0000 F1:1.0000
--------------------------------------------------------------------

Epoch 801: Time: 0.0389 Cost: 0.0091 Pre: 1.0000 Re: 1.0000 Acc: 1.0000 F1: 1.0000
Epoch 802: Time: 0.0386 Cost: 0.0090 Pre: 1.0000 Re: 1.0000 Acc: 1.0000 F1: 1.0000
Epoch 803: Time: 0.0384 Cost: 0.0090 Pre: 1.0000 Re: 1.0000 Acc: 1.0000 F1: 1.0000
Epoch 804: Time: 0.0389 Cost: 0.0089 Pre: 1.0000 Re: 1.0000 Acc: 1.0000 F1: 1.0000
Epoch 805: Time: 0.0383 Cost: 0.0088 Pre: 1.0000 Re: 1.0000 Acc: 1.0000 F1: 1.0000
Epoch 806: Time: 0.0403 Cost: 0.0088 Pre: 1.0000 Re: 1.0000 Acc: 1.0000 F1: 1.0000
Epoch 807: Time: 0.0456 Cost: 0.0087 Pre: 1.0000 Re: 1.0000 Acc: 1.0000 F1: 1.0000
Epoch 808: Time: 0.0397 Cost: 0.0086 Pre: 1.0000 Re: 1.0000 Acc: 1.0000 F1: 1.0000
Epoch 809: Time: 0.0393 Cost: 0.0086 Pre: 1.0000 Re: 1.0000 Acc: 1.0000 F1: 1.0000
Epoch 810: Time: 0.0384 Cost: 0.0085 Pre: 1.0000 Re: 1.0000 Acc: 1.0000 F1: 1.0000


--------------------------------------------------------------------
Eval results: Cost:0.0076 Pre:1.0000 Re:1.0000 Acc:1.0000 F1:1.0000
--------------------------------------------------------------------

Epoch 811: Time: 0.0382 Cost: 0.0084 Pre: 1.0000 Re: 1.0000 Acc: 1.0000 F1: 1.0000
Epoch 812: Time: 0.0384 Cost: 0.0084 Pre: 1.0000 Re: 1.0000 Acc: 1.0000 F1: 1.0000
Epoch 813: Time: 0.0383 Cost: 0.0083 Pre: 1.0000 Re: 1.0000 Acc: 1.0000 F1: 1.0000
Epoch 814: Time: 0.0386 Cost: 0.0083 Pre: 1.0000 Re: 1.0000 Acc: 1.0000 F1: 1.0000
Epoch 815: Time: 0.0381 Cost: 0.0082 Pre: 1.0000 Re: 1.0000 Acc: 1.0000 F1: 1.0000
Epoch 816: Time: 0.0385 Cost: 0.0081 Pre: 1.0000 Re: 1.0000 Acc: 1.0000 F1: 1.0000
Epoch 817: Time: 0.0383 Cost: 0.0081 Pre: 1.0000 Re: 1.0000 Acc: 1.0000 F1: 1.0000
Epoch 818: Time: 0.0386 Cost: 0.0080 Pre: 1.0000 Re: 1.0000 Acc: 1.0000 F1: 1.0000
Epoch 819: Time: 0.0384 Cost: 0.0080 Pre: 1.0000 Re: 1.0000 Acc: 1.0000 F1: 1.0000
Epoch 820: Time: 0.0382 Cost: 0.0079 Pre: 1.0000 Re: 1.0000 Acc: 1.0000 F1: 1.0000


--------------------------------------------------------------------
Eval results: Cost:0.0071 Pre:1.0000 Re:1.0000 Acc:1.0000 F1:1.0000
--------------------------------------------------------------------

Epoch 821: Time: 0.0388 Cost: 0.0079 Pre: 1.0000 Re: 1.0000 Acc: 1.0000 F1: 1.0000
Epoch 822: Time: 0.0394 Cost: 0.0078 Pre: 1.0000 Re: 1.0000 Acc: 1.0000 F1: 1.0000
Epoch 823: Time: 0.0384 Cost: 0.0078 Pre: 1.0000 Re: 1.0000 Acc: 1.0000 F1: 1.0000
Epoch 824: Time: 0.0382 Cost: 0.0077 Pre: 1.0000 Re: 1.0000 Acc: 1.0000 F1: 1.0000
Epoch 825: Time: 0.0390 Cost: 0.0077 Pre: 1.0000 Re: 1.0000 Acc: 1.0000 F1: 1.0000
Epoch 826: Time: 0.0387 Cost: 0.0076 Pre: 1.0000 Re: 1.0000 Acc: 1.0000 F1: 1.0000
Epoch 827: Time: 0.0384 Cost: 0.0076 Pre: 1.0000 Re: 1.0000 Acc: 1.0000 F1: 1.0000
Epoch 828: Time: 0.0395 Cost: 0.0075 Pre: 1.0000 Re: 1.0000 Acc: 1.0000 F1: 1.0000
Epoch 829: Time: 0.0383 Cost: 0.0075 Pre: 1.0000 Re: 1.0000 Acc: 1.0000 F1: 1.0000
Epoch 830: Time: 0.0387 Cost: 0.0074 Pre: 1.0000 Re: 1.0000 Acc: 1.0000 F1: 1.0000


--------------------------------------------------------------------
Eval results: Cost:0.0067 Pre:1.0000 Re:1.0000 Acc:1.0000 F1:1.0000
--------------------------------------------------------------------

Early stopping...
--------------------------------------------------------------------
--------------------------------------------------------------------
Test 1996 samples take time: 0.1025
Test results: Cost:0.0059 Pre:1.0000 Re:1.0000 Acc:1.0000 F1:1.0000
--------------------------------------------------------------------

