16768
16562
16206
16632
16380
16425
Load data
RNN type: SRN Grammar: g7 Seed: 2
Model total parameters: 2650
Saving hinit ... 

Epoch 0: Time: 0.2166 Cost: 26.0236 Pre: 0.5182 Re: 0.4159 Acc: 0.5350 F1: 0.4614


--------------------------------------------------------------------
Eval results: Cost:24.3456 Pre:0.6074 Re:0.2671 Acc:0.6128 F1:0.3710
--------------------------------------------------------------------

Epoch 1: Time: 0.1344 Cost: 22.9415 Pre: 0.6370 Re: 0.5329 Acc: 0.6308 F1: 0.5803
Epoch 2: Time: 0.1309 Cost: 20.9752 Pre: 0.6884 Re: 0.6061 Acc: 0.6799 F1: 0.6446
Epoch 3: Time: 0.1354 Cost: 19.5861 Pre: 0.6936 Re: 0.6488 Acc: 0.6945 F1: 0.6704
Epoch 4: Time: 0.1341 Cost: 18.5023 Pre: 0.7152 Re: 0.7012 Acc: 0.7231 F1: 0.7081
Epoch 5: Time: 0.1360 Cost: 17.7509 Pre: 0.7341 Re: 0.7341 Acc: 0.7453 F1: 0.7341
Epoch 6: Time: 0.1340 Cost: 17.2158 Pre: 0.7428 Re: 0.7500 Acc: 0.7558 F1: 0.7464
Epoch 7: Time: 0.1359 Cost: 16.7276 Pre: 0.7500 Re: 0.7500 Acc: 0.7605 F1: 0.7500
Epoch 8: Time: 0.1381 Cost: 16.2373 Pre: 0.7633 Re: 0.7671 Acc: 0.7745 F1: 0.7652
Epoch 9: Time: 0.1356 Cost: 15.8320 Pre: 0.7689 Re: 0.7707 Acc: 0.7792 F1: 0.7698
Epoch 10: Time: 0.1383 Cost: 15.4036 Pre: 0.7771 Re: 0.7866 Acc: 0.7897 F1: 0.7818


--------------------------------------------------------------------
Eval results: Cost:14.7302 Pre:0.7447 Re:0.7980 Acc:0.7967 F1:0.7704
--------------------------------------------------------------------

Epoch 11: Time: 0.1396 Cost: 14.9475 Pre: 0.7853 Re: 0.7939 Acc: 0.7973 F1: 0.7896
Epoch 12: Time: 0.1433 Cost: 14.5416 Pre: 0.7846 Re: 0.7951 Acc: 0.7973 F1: 0.7898
Epoch 13: Time: 0.1502 Cost: 14.1584 Pre: 0.7914 Re: 0.8049 Acc: 0.8049 F1: 0.7981
Epoch 14: Time: 0.1388 Cost: 13.7325 Pre: 0.7960 Re: 0.8232 Acc: 0.8143 F1: 0.8094
Epoch 15: Time: 0.1328 Cost: 13.3374 Pre: 0.7979 Re: 0.8280 Acc: 0.8172 F1: 0.8127
Epoch 16: Time: 0.1343 Cost: 13.0654 Pre: 0.8090 Re: 0.8366 Acc: 0.8271 F1: 0.8225
Epoch 17: Time: 0.1341 Cost: 12.7967 Pre: 0.8089 Re: 0.8463 Acc: 0.8306 F1: 0.8272
Epoch 18: Time: 0.1311 Cost: 12.4867 Pre: 0.8128 Re: 0.8524 Acc: 0.8353 F1: 0.8321
Epoch 19: Time: 0.1403 Cost: 12.1837 Pre: 0.8171 Re: 0.8610 Acc: 0.8411 F1: 0.8385
Epoch 20: Time: 0.1363 Cost: 11.9129 Pre: 0.8273 Re: 0.8646 Acc: 0.8487 F1: 0.8456


--------------------------------------------------------------------
Eval results: Cost:11.4684 Pre:0.7708 Re:0.8762 Acc:0.8357 F1:0.8201
--------------------------------------------------------------------

Epoch 21: Time: 0.1352 Cost: 11.6102 Pre: 0.8318 Re: 0.8744 Acc: 0.8551 F1: 0.8526
Epoch 22: Time: 0.1337 Cost: 11.3027 Pre: 0.8337 Re: 0.8744 Acc: 0.8563 F1: 0.8536
Epoch 23: Time: 0.1357 Cost: 11.0389 Pre: 0.8333 Re: 0.8780 Acc: 0.8575 F1: 0.8551
Epoch 24: Time: 0.1298 Cost: 10.7963 Pre: 0.8372 Re: 0.8780 Acc: 0.8598 F1: 0.8571
Epoch 25: Time: 0.1335 Cost: 10.5520 Pre: 0.8415 Re: 0.8805 Acc: 0.8633 F1: 0.8605
Epoch 26: Time: 0.1359 Cost: 10.2889 Pre: 0.8455 Re: 0.8878 Acc: 0.8686 F1: 0.8662
Epoch 27: Time: 0.1423 Cost: 10.0107 Pre: 0.8462 Re: 0.8927 Acc: 0.8709 F1: 0.8688
Epoch 28: Time: 0.1349 Cost: 9.7182 Pre: 0.8505 Re: 0.8951 Acc: 0.8744 F1: 0.8723
Epoch 29: Time: 0.1346 Cost: 9.4157 Pre: 0.8560 Re: 0.8988 Acc: 0.8791 F1: 0.8769
Epoch 30: Time: 0.1357 Cost: 9.1373 Pre: 0.8598 Re: 0.9049 Acc: 0.8838 F1: 0.8818


--------------------------------------------------------------------
Eval results: Cost:8.3061 Pre:0.8488 Re:0.8958 Acc:0.8872 F1:0.8716
--------------------------------------------------------------------

Epoch 31: Time: 0.1318 Cost: 8.8890 Pre: 0.8650 Re: 0.8988 Acc: 0.8843 F1: 0.8816
Epoch 32: Time: 0.1331 Cost: 8.6032 Pre: 0.8680 Re: 0.9061 Acc: 0.8890 F1: 0.8866
Epoch 33: Time: 0.1363 Cost: 8.3292 Pre: 0.8725 Re: 0.9183 Acc: 0.8966 F1: 0.8948
Epoch 34: Time: 0.1354 Cost: 8.0868 Pre: 0.8749 Re: 0.9207 Acc: 0.8989 F1: 0.8972
Epoch 35: Time: 0.1309 Cost: 7.8368 Pre: 0.8751 Re: 0.9232 Acc: 0.9001 F1: 0.8985
Epoch 36: Time: 0.1365 Cost: 7.5900 Pre: 0.8757 Re: 0.9280 Acc: 0.9025 F1: 0.9011
Epoch 37: Time: 0.1324 Cost: 7.3413 Pre: 0.8852 Re: 0.9305 Acc: 0.9089 F1: 0.9073
Epoch 38: Time: 0.1336 Cost: 7.0923 Pre: 0.8916 Re: 0.9329 Acc: 0.9136 F1: 0.9118
Epoch 39: Time: 0.1329 Cost: 6.8500 Pre: 0.8952 Re: 0.9378 Acc: 0.9176 F1: 0.9160
Epoch 40: Time: 0.1358 Cost: 6.6146 Pre: 0.8953 Re: 0.9390 Acc: 0.9182 F1: 0.9167


--------------------------------------------------------------------
Eval results: Cost:5.7513 Pre:0.8975 Re:0.9414 Acc:0.9290 F1:0.9189
--------------------------------------------------------------------

Epoch 41: Time: 0.1353 Cost: 6.4016 Pre: 0.9023 Re: 0.9463 Acc: 0.9252 F1: 0.9238
Epoch 42: Time: 0.1332 Cost: 6.1877 Pre: 0.9059 Re: 0.9512 Acc: 0.9293 F1: 0.9280
Epoch 43: Time: 0.1316 Cost: 5.9719 Pre: 0.9088 Re: 0.9598 Acc: 0.9346 F1: 0.9336
Epoch 44: Time: 0.1340 Cost: 5.7783 Pre: 0.9122 Re: 0.9634 Acc: 0.9381 F1: 0.9371
Epoch 45: Time: 0.1533 Cost: 5.6030 Pre: 0.9138 Re: 0.9695 Acc: 0.9416 F1: 0.9408
Epoch 46: Time: 0.1361 Cost: 5.4357 Pre: 0.9138 Re: 0.9695 Acc: 0.9416 F1: 0.9408
Epoch 47: Time: 0.1338 Cost: 5.2738 Pre: 0.9159 Re: 0.9695 Acc: 0.9428 F1: 0.9419
Epoch 48: Time: 0.1349 Cost: 5.1179 Pre: 0.9172 Re: 0.9732 Acc: 0.9451 F1: 0.9444
Epoch 49: Time: 0.1363 Cost: 4.9684 Pre: 0.9226 Re: 0.9744 Acc: 0.9486 F1: 0.9478
Epoch 50: Time: 0.1352 Cost: 4.8251 Pre: 0.9230 Re: 0.9793 Acc: 0.9509 F1: 0.9503


--------------------------------------------------------------------
Eval results: Cost:4.3136 Pre:0.9138 Re:0.9674 Acc:0.9471 F1:0.9399
--------------------------------------------------------------------

Epoch 51: Time: 0.1366 Cost: 4.6962 Pre: 0.9262 Re: 0.9793 Acc: 0.9527 F1: 0.9520
Epoch 52: Time: 0.1322 Cost: 4.5617 Pre: 0.9272 Re: 0.9780 Acc: 0.9527 F1: 0.9519
Epoch 53: Time: 0.1357 Cost: 4.4434 Pre: 0.9283 Re: 0.9793 Acc: 0.9539 F1: 0.9531
Epoch 54: Time: 0.1373 Cost: 4.3254 Pre: 0.9327 Re: 0.9805 Acc: 0.9568 F1: 0.9560
Epoch 55: Time: 0.1361 Cost: 4.2087 Pre: 0.9384 Re: 0.9841 Acc: 0.9614 F1: 0.9607
Epoch 56: Time: 0.1408 Cost: 4.0957 Pre: 0.9417 Re: 0.9841 Acc: 0.9632 F1: 0.9624
Epoch 57: Time: 0.1331 Cost: 3.9836 Pre: 0.9428 Re: 0.9841 Acc: 0.9638 F1: 0.9630
Epoch 58: Time: 0.1306 Cost: 3.8736 Pre: 0.9450 Re: 0.9854 Acc: 0.9655 F1: 0.9648
Epoch 59: Time: 0.1306 Cost: 3.7679 Pre: 0.9463 Re: 0.9878 Acc: 0.9673 F1: 0.9666
Epoch 60: Time: 0.1357 Cost: 3.6669 Pre: 0.9463 Re: 0.9878 Acc: 0.9673 F1: 0.9666


--------------------------------------------------------------------
Eval results: Cost:3.6848 Pre:0.9342 Re:0.9707 Acc:0.9582 F1:0.9521
--------------------------------------------------------------------

Epoch 61: Time: 0.1335 Cost: 3.5592 Pre: 0.9531 Re: 0.9902 Acc: 0.9720 F1: 0.9713
Epoch 62: Time: 0.1420 Cost: 3.4793 Pre: 0.9542 Re: 0.9915 Acc: 0.9731 F1: 0.9725
Epoch 63: Time: 0.1358 Cost: 3.3949 Pre: 0.9553 Re: 0.9915 Acc: 0.9737 F1: 0.9731
Epoch 64: Time: 0.1341 Cost: 3.3133 Pre: 0.9576 Re: 0.9915 Acc: 0.9749 F1: 0.9742
Epoch 65: Time: 0.1336 Cost: 3.2399 Pre: 0.9587 Re: 0.9915 Acc: 0.9755 F1: 0.9748
Epoch 66: Time: 0.1278 Cost: 3.1749 Pre: 0.9587 Re: 0.9915 Acc: 0.9755 F1: 0.9748
Epoch 67: Time: 0.1334 Cost: 3.1155 Pre: 0.9576 Re: 0.9927 Acc: 0.9755 F1: 0.9749
Epoch 68: Time: 0.1357 Cost: 3.0543 Pre: 0.9599 Re: 0.9927 Acc: 0.9766 F1: 0.9760
Epoch 69: Time: 0.1351 Cost: 2.9836 Pre: 0.9622 Re: 0.9927 Acc: 0.9778 F1: 0.9772
Epoch 70: Time: 0.1385 Cost: 2.9062 Pre: 0.9645 Re: 0.9927 Acc: 0.9790 F1: 0.9784


--------------------------------------------------------------------
Eval results: Cost:3.3564 Pre:0.9519 Re:0.9674 Acc:0.9652 F1:0.9596
--------------------------------------------------------------------

Epoch 71: Time: 0.1365 Cost: 2.8234 Pre: 0.9667 Re: 0.9927 Acc: 0.9801 F1: 0.9795
Epoch 72: Time: 0.1272 Cost: 2.7655 Pre: 0.9703 Re: 0.9963 Acc: 0.9836 F1: 0.9832
Epoch 73: Time: 0.1307 Cost: 2.7197 Pre: 0.9703 Re: 0.9963 Acc: 0.9836 F1: 0.9832
Epoch 74: Time: 0.1304 Cost: 2.6820 Pre: 0.9703 Re: 0.9951 Acc: 0.9831 F1: 0.9825
Epoch 75: Time: 0.1301 Cost: 2.6259 Pre: 0.9702 Re: 0.9939 Acc: 0.9825 F1: 0.9819
Epoch 76: Time: 0.1346 Cost: 2.5264 Pre: 0.9715 Re: 0.9963 Acc: 0.9842 F1: 0.9837
Epoch 77: Time: 0.1403 Cost: 2.4268 Pre: 0.9727 Re: 0.9976 Acc: 0.9854 F1: 0.9849
Epoch 78: Time: 0.1315 Cost: 2.3700 Pre: 0.9796 Re: 0.9976 Acc: 0.9889 F1: 0.9885
Epoch 79: Time: 0.1363 Cost: 2.3254 Pre: 0.9785 Re: 0.9988 Acc: 0.9889 F1: 0.9885
Epoch 80: Time: 0.1372 Cost: 2.2839 Pre: 0.9797 Re: 0.9988 Acc: 0.9895 F1: 0.9891


--------------------------------------------------------------------
Eval results: Cost:2.7111 Pre:0.9646 Re:0.9772 Acc:0.9749 F1:0.9709
--------------------------------------------------------------------

Epoch 81: Time: 0.1267 Cost: 2.2061 Pre: 0.9820 Re: 0.9976 Acc: 0.9901 F1: 0.9897
Epoch 82: Time: 0.1356 Cost: 2.1144 Pre: 0.9832 Re: 0.9988 Acc: 0.9912 F1: 0.9909
Epoch 83: Time: 0.1347 Cost: 2.0410 Pre: 0.9832 Re: 0.9988 Acc: 0.9912 F1: 0.9909
Epoch 84: Time: 0.1485 Cost: 2.0068 Pre: 0.9879 Re: 0.9988 Acc: 0.9936 F1: 0.9933
Epoch 85: Time: 0.1330 Cost: 1.9678 Pre: 0.9844 Re: 0.9988 Acc: 0.9918 F1: 0.9915
Epoch 86: Time: 0.1344 Cost: 1.9466 Pre: 0.9879 Re: 0.9988 Acc: 0.9936 F1: 0.9933
Epoch 87: Time: 0.1334 Cost: 1.9140 Pre: 0.9867 Re: 0.9988 Acc: 0.9930 F1: 0.9927
Epoch 88: Time: 0.1309 Cost: 1.8161 Pre: 0.9867 Re: 0.9988 Acc: 0.9930 F1: 0.9927
Epoch 89: Time: 0.1367 Cost: 1.7094 Pre: 0.9927 Re: 0.9988 Acc: 0.9959 F1: 0.9957
Epoch 90: Time: 0.1384 Cost: 1.6541 Pre: 0.9951 Re: 0.9988 Acc: 0.9971 F1: 0.9970


--------------------------------------------------------------------
Eval results: Cost:2.0458 Pre:0.9652 Re:0.9935 Acc:0.9819 F1:0.9791
--------------------------------------------------------------------

Epoch 91: Time: 0.1381 Cost: 1.6038 Pre: 0.9964 Re: 0.9988 Acc: 0.9977 F1: 0.9976
Epoch 92: Time: 0.1281 Cost: 1.5757 Pre: 0.9964 Re: 0.9988 Acc: 0.9977 F1: 0.9976
Epoch 93: Time: 0.1361 Cost: 1.5574 Pre: 0.9939 Re: 0.9988 Acc: 0.9965 F1: 0.9964
Epoch 94: Time: 0.1700 Cost: 1.5479 Pre: 0.9951 Re: 0.9988 Acc: 0.9971 F1: 0.9970
Epoch 95: Time: 0.1785 Cost: 1.5294 Pre: 0.9951 Re: 0.9988 Acc: 0.9971 F1: 0.9970
Epoch 96: Time: 0.1544 Cost: 1.4289 Pre: 0.9951 Re: 0.9988 Acc: 0.9971 F1: 0.9970
Epoch 97: Time: 0.1470 Cost: 1.3145 Pre: 0.9988 Re: 0.9988 Acc: 0.9988 F1: 0.9988
Epoch 98: Time: 0.1497 Cost: 1.2720 Pre: 0.9988 Re: 0.9988 Acc: 0.9988 F1: 0.9988
Epoch 99: Time: 0.1423 Cost: 1.2378 Pre: 0.9988 Re: 0.9988 Acc: 0.9988 F1: 0.9988
Epoch 100: Time: 0.1443 Cost: 1.2113 Pre: 0.9988 Re: 0.9988 Acc: 0.9988 F1: 0.9988


--------------------------------------------------------------------
Eval results: Cost:1.7090 Pre:0.9623 Re:0.9967 Acc:0.9819 F1:0.9792
--------------------------------------------------------------------

Epoch 101: Time: 0.1374 Cost: 1.2147 Pre: 0.9976 Re: 0.9988 Acc: 0.9982 F1: 0.9982
Epoch 102: Time: 0.1322 Cost: 1.2237 Pre: 0.9976 Re: 0.9988 Acc: 0.9982 F1: 0.9982
Epoch 103: Time: 0.1313 Cost: 1.2295 Pre: 0.9964 Re: 0.9988 Acc: 0.9977 F1: 0.9976
Epoch 104: Time: 0.1324 Cost: 1.1108 Pre: 0.9988 Re: 0.9988 Acc: 0.9988 F1: 0.9988
Epoch 105: Time: 0.1329 Cost: 1.0130 Pre: 0.9988 Re: 0.9988 Acc: 0.9988 F1: 0.9988
Epoch 106: Time: 0.1301 Cost: 0.9940 Pre: 0.9988 Re: 0.9988 Acc: 0.9988 F1: 0.9988
Epoch 107: Time: 0.1303 Cost: 0.9725 Pre: 0.9988 Re: 0.9988 Acc: 0.9988 F1: 0.9988
Epoch 108: Time: 0.1307 Cost: 0.9635 Pre: 0.9988 Re: 0.9988 Acc: 0.9988 F1: 0.9988
Epoch 109: Time: 0.1347 Cost: 0.9717 Pre: 0.9976 Re: 0.9988 Acc: 0.9982 F1: 0.9982
Epoch 110: Time: 0.1360 Cost: 0.9791 Pre: 0.9988 Re: 0.9988 Acc: 0.9988 F1: 0.9988


--------------------------------------------------------------------
Eval results: Cost:1.6859 Pre:0.9902 Re:0.9837 Acc:0.9889 F1:0.9869
--------------------------------------------------------------------

Epoch 111: Time: 0.1383 Cost: 0.9975 Pre: 0.9988 Re: 0.9976 Acc: 0.9982 F1: 0.9982
Epoch 112: Time: 0.1311 Cost: 0.8412 Pre: 0.9988 Re: 0.9988 Acc: 0.9988 F1: 0.9988
Epoch 113: Time: 0.1455 Cost: 0.8285 Pre: 0.9988 Re: 0.9988 Acc: 0.9988 F1: 0.9988
Epoch 114: Time: 0.1352 Cost: 0.8597 Pre: 0.9976 Re: 0.9988 Acc: 0.9982 F1: 0.9982
Epoch 115: Time: 0.1328 Cost: 0.8623 Pre: 0.9988 Re: 0.9988 Acc: 0.9988 F1: 0.9988
Epoch 116: Time: 0.1346 Cost: 0.7103 Pre: 0.9988 Re: 0.9988 Acc: 0.9988 F1: 0.9988
Epoch 117: Time: 0.1394 Cost: 0.6815 Pre: 0.9988 Re: 0.9988 Acc: 0.9988 F1: 0.9988
Epoch 118: Time: 0.1332 Cost: 0.6746 Pre: 0.9988 Re: 0.9988 Acc: 0.9988 F1: 0.9988
Epoch 119: Time: 0.1419 Cost: 0.6741 Pre: 0.9988 Re: 0.9988 Acc: 0.9988 F1: 0.9988
Epoch 120: Time: 0.1370 Cost: 0.6800 Pre: 0.9976 Re: 0.9988 Acc: 0.9982 F1: 0.9982


--------------------------------------------------------------------
Eval results: Cost:1.0391 Pre:0.9903 Re:0.9967 Acc:0.9944 F1:0.9935
--------------------------------------------------------------------

Epoch 121: Time: 0.1288 Cost: 0.6957 Pre: 0.9976 Re: 0.9988 Acc: 0.9982 F1: 0.9982
Epoch 122: Time: 0.1346 Cost: 0.6978 Pre: 1.0000 Re: 0.9976 Acc: 0.9988 F1: 0.9988
Epoch 123: Time: 0.1380 Cost: 0.5595 Pre: 1.0000 Re: 0.9988 Acc: 0.9994 F1: 0.9994
Epoch 124: Time: 0.1383 Cost: 0.5415 Pre: 1.0000 Re: 0.9988 Acc: 0.9994 F1: 0.9994
Epoch 125: Time: 0.1343 Cost: 0.5430 Pre: 1.0000 Re: 0.9988 Acc: 0.9994 F1: 0.9994
Epoch 126: Time: 0.1389 Cost: 0.5426 Pre: 1.0000 Re: 0.9988 Acc: 0.9994 F1: 0.9994
Epoch 127: Time: 0.1339 Cost: 0.5494 Pre: 1.0000 Re: 0.9988 Acc: 0.9994 F1: 0.9994
Epoch 128: Time: 0.1302 Cost: 0.5477 Pre: 1.0000 Re: 0.9988 Acc: 0.9994 F1: 0.9994
Epoch 129: Time: 0.1400 Cost: 0.4806 Pre: 1.0000 Re: 0.9988 Acc: 0.9994 F1: 0.9994
Epoch 130: Time: 0.1391 Cost: 0.4456 Pre: 1.0000 Re: 0.9988 Acc: 0.9994 F1: 0.9994


--------------------------------------------------------------------
Eval results: Cost:1.0662 Pre:0.9839 Re:0.9967 Acc:0.9916 F1:0.9903
--------------------------------------------------------------------

Epoch 131: Time: 0.1320 Cost: 0.4509 Pre: 1.0000 Re: 0.9988 Acc: 0.9994 F1: 0.9994
Epoch 132: Time: 0.1365 Cost: 0.4557 Pre: 1.0000 Re: 0.9988 Acc: 0.9994 F1: 0.9994
Epoch 133: Time: 0.1341 Cost: 0.4315 Pre: 1.0000 Re: 0.9988 Acc: 0.9994 F1: 0.9994
Epoch 134: Time: 0.1357 Cost: 0.3877 Pre: 1.0000 Re: 0.9988 Acc: 0.9994 F1: 0.9994
Epoch 135: Time: 0.1297 Cost: 0.3680 Pre: 1.0000 Re: 0.9988 Acc: 0.9994 F1: 0.9994
Epoch 136: Time: 0.1331 Cost: 0.3614 Pre: 1.0000 Re: 0.9988 Acc: 0.9994 F1: 0.9994
Epoch 137: Time: 0.1378 Cost: 0.3511 Pre: 1.0000 Re: 0.9988 Acc: 0.9994 F1: 0.9994
Epoch 138: Time: 0.1388 Cost: 0.3404 Pre: 1.0000 Re: 0.9988 Acc: 0.9994 F1: 0.9994
Epoch 139: Time: 0.1337 Cost: 0.3387 Pre: 1.0000 Re: 0.9988 Acc: 0.9994 F1: 0.9994
Epoch 140: Time: 0.1336 Cost: 0.3507 Pre: 1.0000 Re: 0.9988 Acc: 0.9994 F1: 0.9994


--------------------------------------------------------------------
Eval results: Cost:0.7463 Pre:0.9903 Re:0.9967 Acc:0.9944 F1:0.9935
--------------------------------------------------------------------

Epoch 141: Time: 0.1329 Cost: 0.3902 Pre: 0.9988 Re: 0.9988 Acc: 0.9988 F1: 0.9988
Epoch 142: Time: 0.1330 Cost: 0.4103 Pre: 1.0000 Re: 0.9988 Acc: 0.9994 F1: 0.9994
Epoch 143: Time: 0.1338 Cost: 0.3143 Pre: 1.0000 Re: 0.9988 Acc: 0.9994 F1: 0.9994
Epoch 144: Time: 0.1325 Cost: 0.2815 Pre: 1.0000 Re: 0.9988 Acc: 0.9994 F1: 0.9994
Epoch 145: Time: 0.1362 Cost: 0.2801 Pre: 1.0000 Re: 0.9988 Acc: 0.9994 F1: 0.9994
Epoch 146: Time: 0.1336 Cost: 0.2793 Pre: 1.0000 Re: 0.9988 Acc: 0.9994 F1: 0.9994
Epoch 147: Time: 0.1312 Cost: 0.2720 Pre: 1.0000 Re: 0.9988 Acc: 0.9994 F1: 0.9994
Epoch 148: Time: 0.1313 Cost: 0.2704 Pre: 1.0000 Re: 0.9988 Acc: 0.9994 F1: 0.9994
Epoch 149: Time: 0.1354 Cost: 0.2766 Pre: 1.0000 Re: 0.9988 Acc: 0.9994 F1: 0.9994
Epoch 150: Time: 0.1344 Cost: 0.2854 Pre: 1.0000 Re: 0.9988 Acc: 0.9994 F1: 0.9994


--------------------------------------------------------------------
Eval results: Cost:0.7829 Pre:0.9808 Re:0.9967 Acc:0.9903 F1:0.9887
--------------------------------------------------------------------

Epoch 151: Time: 0.1379 Cost: 0.2654 Pre: 1.0000 Re: 0.9988 Acc: 0.9994 F1: 0.9994
Epoch 152: Time: 0.1383 Cost: 0.2557 Pre: 1.0000 Re: 0.9988 Acc: 0.9994 F1: 0.9994
Epoch 153: Time: 0.1360 Cost: 0.2313 Pre: 1.0000 Re: 0.9988 Acc: 0.9994 F1: 0.9994
Epoch 154: Time: 0.1374 Cost: 0.2182 Pre: 1.0000 Re: 0.9988 Acc: 0.9994 F1: 0.9994
Epoch 155: Time: 0.1327 Cost: 0.2039 Pre: 1.0000 Re: 0.9988 Acc: 0.9994 F1: 0.9994
Epoch 156: Time: 0.1335 Cost: 0.1989 Pre: 1.0000 Re: 0.9988 Acc: 0.9994 F1: 0.9994
Epoch 157: Time: 0.1353 Cost: 0.1956 Pre: 1.0000 Re: 0.9988 Acc: 0.9994 F1: 0.9994
Epoch 158: Time: 0.1352 Cost: 0.2003 Pre: 1.0000 Re: 0.9988 Acc: 0.9994 F1: 0.9994
Epoch 159: Time: 0.1341 Cost: 0.1859 Pre: 1.0000 Re: 0.9988 Acc: 0.9994 F1: 0.9994
Epoch 160: Time: 0.1381 Cost: 0.1844 Pre: 1.0000 Re: 0.9988 Acc: 0.9994 F1: 0.9994


--------------------------------------------------------------------
Eval results: Cost:0.5485 Pre:0.9903 Re:0.9967 Acc:0.9944 F1:0.9935
--------------------------------------------------------------------

Epoch 161: Time: 0.1334 Cost: 0.1880 Pre: 1.0000 Re: 0.9988 Acc: 0.9994 F1: 0.9994
Epoch 162: Time: 0.1337 Cost: 0.1684 Pre: 1.0000 Re: 0.9988 Acc: 0.9994 F1: 0.9994
Epoch 163: Time: 0.1290 Cost: 0.1578 Pre: 1.0000 Re: 0.9988 Acc: 0.9994 F1: 0.9994
Epoch 164: Time: 0.1301 Cost: 0.1531 Pre: 1.0000 Re: 0.9988 Acc: 0.9994 F1: 0.9994
Epoch 165: Time: 0.1376 Cost: 0.1496 Pre: 1.0000 Re: 0.9988 Acc: 0.9994 F1: 0.9994
Epoch 166: Time: 0.1331 Cost: 0.1450 Pre: 1.0000 Re: 0.9988 Acc: 0.9994 F1: 0.9994
Epoch 167: Time: 0.1325 Cost: 0.1397 Pre: 1.0000 Re: 0.9988 Acc: 0.9994 F1: 0.9994
Epoch 168: Time: 0.1308 Cost: 0.1392 Pre: 1.0000 Re: 0.9988 Acc: 0.9994 F1: 0.9994
Epoch 169: Time: 0.1383 Cost: 0.1411 Pre: 1.0000 Re: 0.9988 Acc: 0.9994 F1: 0.9994
Epoch 170: Time: 0.1296 Cost: 0.1483 Pre: 1.0000 Re: 0.9988 Acc: 0.9994 F1: 0.9994


--------------------------------------------------------------------
Eval results: Cost:0.3432 Pre:1.0000 Re:0.9967 Acc:0.9986 F1:0.9984
--------------------------------------------------------------------

Epoch 171: Time: 0.1375 Cost: 0.1632 Pre: 1.0000 Re: 0.9988 Acc: 0.9994 F1: 0.9994
Epoch 172: Time: 0.1392 Cost: 0.1451 Pre: 1.0000 Re: 0.9988 Acc: 0.9994 F1: 0.9994
Epoch 173: Time: 0.1314 Cost: 0.1343 Pre: 1.0000 Re: 0.9988 Acc: 0.9994 F1: 0.9994
Epoch 174: Time: 0.1310 Cost: 0.1308 Pre: 1.0000 Re: 0.9988 Acc: 0.9994 F1: 0.9994
Epoch 175: Time: 0.1375 Cost: 0.1485 Pre: 1.0000 Re: 0.9988 Acc: 0.9994 F1: 0.9994
Epoch 176: Time: 0.1331 Cost: 0.1551 Pre: 1.0000 Re: 0.9988 Acc: 0.9994 F1: 0.9994
Epoch 177: Time: 0.1333 Cost: 0.1480 Pre: 0.9988 Re: 0.9988 Acc: 0.9988 F1: 0.9988
Epoch 178: Time: 0.1327 Cost: 0.1225 Pre: 1.0000 Re: 0.9988 Acc: 0.9994 F1: 0.9994
Epoch 179: Time: 0.1415 Cost: 0.1084 Pre: 1.0000 Re: 0.9988 Acc: 0.9994 F1: 0.9994
Epoch 180: Time: 0.1380 Cost: 0.1022 Pre: 1.0000 Re: 0.9988 Acc: 0.9994 F1: 0.9994


--------------------------------------------------------------------
Eval results: Cost:0.3893 Pre:0.9935 Re:0.9967 Acc:0.9958 F1:0.9951
--------------------------------------------------------------------

Epoch 181: Time: 0.1325 Cost: 0.0956 Pre: 1.0000 Re: 0.9988 Acc: 0.9994 F1: 0.9994
Epoch 182: Time: 0.1459 Cost: 0.0928 Pre: 1.0000 Re: 0.9988 Acc: 0.9994 F1: 0.9994
Epoch 183: Time: 0.1393 Cost: 0.0892 Pre: 1.0000 Re: 0.9988 Acc: 0.9994 F1: 0.9994
Epoch 184: Time: 0.1291 Cost: 0.0874 Pre: 1.0000 Re: 0.9988 Acc: 0.9994 F1: 0.9994
Epoch 185: Time: 0.1285 Cost: 0.0850 Pre: 1.0000 Re: 0.9988 Acc: 0.9994 F1: 0.9994
Epoch 186: Time: 0.1399 Cost: 0.0830 Pre: 1.0000 Re: 0.9988 Acc: 0.9994 F1: 0.9994
Epoch 187: Time: 0.1309 Cost: 0.0817 Pre: 1.0000 Re: 0.9988 Acc: 0.9994 F1: 0.9994
Epoch 188: Time: 0.1340 Cost: 0.0792 Pre: 1.0000 Re: 0.9988 Acc: 0.9994 F1: 0.9994
Epoch 189: Time: 0.1362 Cost: 0.0933 Pre: 1.0000 Re: 0.9988 Acc: 0.9994 F1: 0.9994
Epoch 190: Time: 0.1296 Cost: 0.0855 Pre: 1.0000 Re: 1.0000 Acc: 1.0000 F1: 1.0000


--------------------------------------------------------------------
Eval results: Cost:0.2116 Pre:1.0000 Re:1.0000 Acc:1.0000 F1:1.0000
--------------------------------------------------------------------

Epoch 191: Time: 0.1366 Cost: 0.1081 Pre: 1.0000 Re: 1.0000 Acc: 1.0000 F1: 1.0000
Epoch 192: Time: 0.1427 Cost: 0.0754 Pre: 1.0000 Re: 1.0000 Acc: 1.0000 F1: 1.0000
Epoch 193: Time: 0.1401 Cost: 0.0674 Pre: 1.0000 Re: 1.0000 Acc: 1.0000 F1: 1.0000
Epoch 194: Time: 0.1309 Cost: 0.0654 Pre: 1.0000 Re: 1.0000 Acc: 1.0000 F1: 1.0000
Epoch 195: Time: 0.1338 Cost: 0.0631 Pre: 1.0000 Re: 1.0000 Acc: 1.0000 F1: 1.0000
Epoch 196: Time: 0.1366 Cost: 0.0628 Pre: 1.0000 Re: 1.0000 Acc: 1.0000 F1: 1.0000
Epoch 197: Time: 0.1332 Cost: 0.0595 Pre: 1.0000 Re: 1.0000 Acc: 1.0000 F1: 1.0000
Epoch 198: Time: 0.1325 Cost: 0.0581 Pre: 1.0000 Re: 1.0000 Acc: 1.0000 F1: 1.0000
Epoch 199: Time: 0.1353 Cost: 0.0570 Pre: 1.0000 Re: 1.0000 Acc: 1.0000 F1: 1.0000
Epoch 200: Time: 0.1373 Cost: 0.0591 Pre: 1.0000 Re: 1.0000 Acc: 1.0000 F1: 1.0000


--------------------------------------------------------------------
Eval results: Cost:0.2845 Pre:0.9968 Re:1.0000 Acc:0.9986 F1:0.9984
--------------------------------------------------------------------

Epoch 201: Time: 0.1325 Cost: 0.0717 Pre: 1.0000 Re: 1.0000 Acc: 1.0000 F1: 1.0000
Epoch 202: Time: 0.1353 Cost: 0.0532 Pre: 1.0000 Re: 1.0000 Acc: 1.0000 F1: 1.0000
Epoch 203: Time: 0.1385 Cost: 0.0474 Pre: 1.0000 Re: 1.0000 Acc: 1.0000 F1: 1.0000
Epoch 204: Time: 0.1284 Cost: 0.0459 Pre: 1.0000 Re: 1.0000 Acc: 1.0000 F1: 1.0000
Epoch 205: Time: 0.1339 Cost: 0.0464 Pre: 1.0000 Re: 1.0000 Acc: 1.0000 F1: 1.0000
Epoch 206: Time: 0.1374 Cost: 0.0456 Pre: 1.0000 Re: 1.0000 Acc: 1.0000 F1: 1.0000
Epoch 207: Time: 0.1367 Cost: 0.0452 Pre: 1.0000 Re: 1.0000 Acc: 1.0000 F1: 1.0000
Epoch 208: Time: 0.1356 Cost: 0.0437 Pre: 1.0000 Re: 1.0000 Acc: 1.0000 F1: 1.0000
Epoch 209: Time: 0.1276 Cost: 0.0420 Pre: 1.0000 Re: 1.0000 Acc: 1.0000 F1: 1.0000
Epoch 210: Time: 0.1289 Cost: 0.0418 Pre: 1.0000 Re: 1.0000 Acc: 1.0000 F1: 1.0000


--------------------------------------------------------------------
Eval results: Cost:0.1617 Pre:1.0000 Re:1.0000 Acc:1.0000 F1:1.0000
--------------------------------------------------------------------

Epoch 211: Time: 0.1328 Cost: 0.0477 Pre: 1.0000 Re: 1.0000 Acc: 1.0000 F1: 1.0000
Epoch 212: Time: 0.1329 Cost: 0.0387 Pre: 1.0000 Re: 1.0000 Acc: 1.0000 F1: 1.0000
Epoch 213: Time: 0.1295 Cost: 0.0365 Pre: 1.0000 Re: 1.0000 Acc: 1.0000 F1: 1.0000
Epoch 214: Time: 0.1349 Cost: 0.0359 Pre: 1.0000 Re: 1.0000 Acc: 1.0000 F1: 1.0000
Epoch 215: Time: 0.1361 Cost: 0.0350 Pre: 1.0000 Re: 1.0000 Acc: 1.0000 F1: 1.0000
Epoch 216: Time: 0.1300 Cost: 0.0337 Pre: 1.0000 Re: 1.0000 Acc: 1.0000 F1: 1.0000
Epoch 217: Time: 0.1315 Cost: 0.0320 Pre: 1.0000 Re: 1.0000 Acc: 1.0000 F1: 1.0000
Epoch 218: Time: 0.1310 Cost: 0.0306 Pre: 1.0000 Re: 1.0000 Acc: 1.0000 F1: 1.0000
Epoch 219: Time: 0.1325 Cost: 0.0297 Pre: 1.0000 Re: 1.0000 Acc: 1.0000 F1: 1.0000
Epoch 220: Time: 0.1313 Cost: 0.0317 Pre: 1.0000 Re: 1.0000 Acc: 1.0000 F1: 1.0000


--------------------------------------------------------------------
Eval results: Cost:0.2669 Pre:0.9935 Re:1.0000 Acc:0.9972 F1:0.9968
--------------------------------------------------------------------

Epoch 221: Time: 0.1294 Cost: 0.0464 Pre: 1.0000 Re: 1.0000 Acc: 1.0000 F1: 1.0000
Epoch 222: Time: 0.1331 Cost: 0.0317 Pre: 1.0000 Re: 1.0000 Acc: 1.0000 F1: 1.0000
Epoch 223: Time: 0.1376 Cost: 0.0277 Pre: 1.0000 Re: 1.0000 Acc: 1.0000 F1: 1.0000
Epoch 224: Time: 0.1385 Cost: 0.0269 Pre: 1.0000 Re: 1.0000 Acc: 1.0000 F1: 1.0000
Epoch 225: Time: 0.1313 Cost: 0.0256 Pre: 1.0000 Re: 1.0000 Acc: 1.0000 F1: 1.0000
Epoch 226: Time: 0.1356 Cost: 0.0256 Pre: 1.0000 Re: 1.0000 Acc: 1.0000 F1: 1.0000
Epoch 227: Time: 0.1300 Cost: 0.0252 Pre: 1.0000 Re: 1.0000 Acc: 1.0000 F1: 1.0000
Epoch 228: Time: 0.1348 Cost: 0.0241 Pre: 1.0000 Re: 1.0000 Acc: 1.0000 F1: 1.0000
Epoch 229: Time: 0.1377 Cost: 0.0232 Pre: 1.0000 Re: 1.0000 Acc: 1.0000 F1: 1.0000
Epoch 230: Time: 0.1405 Cost: 0.0223 Pre: 1.0000 Re: 1.0000 Acc: 1.0000 F1: 1.0000


--------------------------------------------------------------------
Eval results: Cost:0.1818 Pre:0.9968 Re:1.0000 Acc:0.9986 F1:0.9984
--------------------------------------------------------------------

Epoch 231: Time: 0.1290 Cost: 0.0227 Pre: 1.0000 Re: 1.0000 Acc: 1.0000 F1: 1.0000
Epoch 232: Time: 0.1382 Cost: 0.0212 Pre: 1.0000 Re: 1.0000 Acc: 1.0000 F1: 1.0000
Epoch 233: Time: 0.1368 Cost: 0.0210 Pre: 1.0000 Re: 1.0000 Acc: 1.0000 F1: 1.0000
Epoch 234: Time: 0.1373 Cost: 0.0204 Pre: 1.0000 Re: 1.0000 Acc: 1.0000 F1: 1.0000
Epoch 235: Time: 0.1298 Cost: 0.0203 Pre: 1.0000 Re: 1.0000 Acc: 1.0000 F1: 1.0000
Epoch 236: Time: 0.1375 Cost: 0.0204 Pre: 1.0000 Re: 1.0000 Acc: 1.0000 F1: 1.0000
Epoch 237: Time: 0.1360 Cost: 0.0197 Pre: 1.0000 Re: 1.0000 Acc: 1.0000 F1: 1.0000
Epoch 238: Time: 0.1342 Cost: 0.0191 Pre: 1.0000 Re: 1.0000 Acc: 1.0000 F1: 1.0000
Epoch 239: Time: 0.1354 Cost: 0.0184 Pre: 1.0000 Re: 1.0000 Acc: 1.0000 F1: 1.0000
Epoch 240: Time: 0.1325 Cost: 0.0176 Pre: 1.0000 Re: 1.0000 Acc: 1.0000 F1: 1.0000


--------------------------------------------------------------------
Eval results: Cost:0.1364 Pre:1.0000 Re:1.0000 Acc:1.0000 F1:1.0000
--------------------------------------------------------------------

Epoch 241: Time: 0.1416 Cost: 0.0174 Pre: 1.0000 Re: 1.0000 Acc: 1.0000 F1: 1.0000
Epoch 242: Time: 0.1306 Cost: 0.0167 Pre: 1.0000 Re: 1.0000 Acc: 1.0000 F1: 1.0000
Epoch 243: Time: 0.1326 Cost: 0.0165 Pre: 1.0000 Re: 1.0000 Acc: 1.0000 F1: 1.0000
Epoch 244: Time: 0.1302 Cost: 0.0162 Pre: 1.0000 Re: 1.0000 Acc: 1.0000 F1: 1.0000
Epoch 245: Time: 0.1334 Cost: 0.0162 Pre: 1.0000 Re: 1.0000 Acc: 1.0000 F1: 1.0000
Epoch 246: Time: 0.1300 Cost: 0.0164 Pre: 1.0000 Re: 1.0000 Acc: 1.0000 F1: 1.0000
Epoch 247: Time: 0.1353 Cost: 0.0158 Pre: 1.0000 Re: 1.0000 Acc: 1.0000 F1: 1.0000
Epoch 248: Time: 0.1355 Cost: 0.0155 Pre: 1.0000 Re: 1.0000 Acc: 1.0000 F1: 1.0000
Epoch 249: Time: 0.1852 Cost: 0.0151 Pre: 1.0000 Re: 1.0000 Acc: 1.0000 F1: 1.0000
Epoch 250: Time: 0.1741 Cost: 0.0145 Pre: 1.0000 Re: 1.0000 Acc: 1.0000 F1: 1.0000


--------------------------------------------------------------------
Eval results: Cost:0.0966 Pre:1.0000 Re:1.0000 Acc:1.0000 F1:1.0000
--------------------------------------------------------------------

Epoch 251: Time: 0.1497 Cost: 0.0146 Pre: 1.0000 Re: 1.0000 Acc: 1.0000 F1: 1.0000
Epoch 252: Time: 0.1351 Cost: 0.0136 Pre: 1.0000 Re: 1.0000 Acc: 1.0000 F1: 1.0000
Epoch 253: Time: 0.1346 Cost: 0.0134 Pre: 1.0000 Re: 1.0000 Acc: 1.0000 F1: 1.0000
Epoch 254: Time: 0.1328 Cost: 0.0132 Pre: 1.0000 Re: 1.0000 Acc: 1.0000 F1: 1.0000
Epoch 255: Time: 0.1346 Cost: 0.0131 Pre: 1.0000 Re: 1.0000 Acc: 1.0000 F1: 1.0000
Epoch 256: Time: 0.1360 Cost: 0.0131 Pre: 1.0000 Re: 1.0000 Acc: 1.0000 F1: 1.0000
Epoch 257: Time: 0.1355 Cost: 0.0127 Pre: 1.0000 Re: 1.0000 Acc: 1.0000 F1: 1.0000
Epoch 258: Time: 0.1337 Cost: 0.0124 Pre: 1.0000 Re: 1.0000 Acc: 1.0000 F1: 1.0000
Epoch 259: Time: 0.1347 Cost: 0.0121 Pre: 1.0000 Re: 1.0000 Acc: 1.0000 F1: 1.0000
Epoch 260: Time: 0.1322 Cost: 0.0117 Pre: 1.0000 Re: 1.0000 Acc: 1.0000 F1: 1.0000


--------------------------------------------------------------------
Eval results: Cost:0.0867 Pre:1.0000 Re:1.0000 Acc:1.0000 F1:1.0000
--------------------------------------------------------------------

Epoch 261: Time: 0.1410 Cost: 0.0117 Pre: 1.0000 Re: 1.0000 Acc: 1.0000 F1: 1.0000
Epoch 262: Time: 0.1305 Cost: 0.0110 Pre: 1.0000 Re: 1.0000 Acc: 1.0000 F1: 1.0000
Epoch 263: Time: 0.1334 Cost: 0.0110 Pre: 1.0000 Re: 1.0000 Acc: 1.0000 F1: 1.0000
Epoch 264: Time: 0.1352 Cost: 0.0107 Pre: 1.0000 Re: 1.0000 Acc: 1.0000 F1: 1.0000
Epoch 265: Time: 0.1326 Cost: 0.0107 Pre: 1.0000 Re: 1.0000 Acc: 1.0000 F1: 1.0000
Epoch 266: Time: 0.1269 Cost: 0.0108 Pre: 1.0000 Re: 1.0000 Acc: 1.0000 F1: 1.0000
Epoch 267: Time: 0.1312 Cost: 0.0106 Pre: 1.0000 Re: 1.0000 Acc: 1.0000 F1: 1.0000
Epoch 268: Time: 0.1423 Cost: 0.0105 Pre: 1.0000 Re: 1.0000 Acc: 1.0000 F1: 1.0000
Epoch 269: Time: 0.1388 Cost: 0.0104 Pre: 1.0000 Re: 1.0000 Acc: 1.0000 F1: 1.0000
Epoch 270: Time: 0.1252 Cost: 0.0104 Pre: 1.0000 Re: 1.0000 Acc: 1.0000 F1: 1.0000


--------------------------------------------------------------------
Eval results: Cost:0.0597 Pre:1.0000 Re:1.0000 Acc:1.0000 F1:1.0000
--------------------------------------------------------------------

Epoch 271: Time: 0.1349 Cost: 0.0116 Pre: 1.0000 Re: 1.0000 Acc: 1.0000 F1: 1.0000
Epoch 272: Time: 0.1369 Cost: 0.0098 Pre: 1.0000 Re: 1.0000 Acc: 1.0000 F1: 1.0000
Epoch 273: Time: 0.1313 Cost: 0.0093 Pre: 1.0000 Re: 1.0000 Acc: 1.0000 F1: 1.0000
Epoch 274: Time: 0.1338 Cost: 0.0092 Pre: 1.0000 Re: 1.0000 Acc: 1.0000 F1: 1.0000
Epoch 275: Time: 0.1445 Cost: 0.0091 Pre: 1.0000 Re: 1.0000 Acc: 1.0000 F1: 1.0000
Epoch 276: Time: 0.1377 Cost: 0.0089 Pre: 1.0000 Re: 1.0000 Acc: 1.0000 F1: 1.0000
Epoch 277: Time: 0.1321 Cost: 0.0086 Pre: 1.0000 Re: 1.0000 Acc: 1.0000 F1: 1.0000
Epoch 278: Time: 0.1397 Cost: 0.0085 Pre: 1.0000 Re: 1.0000 Acc: 1.0000 F1: 1.0000
Epoch 279: Time: 0.1338 Cost: 0.0084 Pre: 1.0000 Re: 1.0000 Acc: 1.0000 F1: 1.0000
Epoch 280: Time: 0.1364 Cost: 0.0082 Pre: 1.0000 Re: 1.0000 Acc: 1.0000 F1: 1.0000


--------------------------------------------------------------------
Eval results: Cost:0.0620 Pre:1.0000 Re:1.0000 Acc:1.0000 F1:1.0000
--------------------------------------------------------------------

Epoch 281: Time: 0.1330 Cost: 0.0083 Pre: 1.0000 Re: 1.0000 Acc: 1.0000 F1: 1.0000
Epoch 282: Time: 0.1388 Cost: 0.0078 Pre: 1.0000 Re: 1.0000 Acc: 1.0000 F1: 1.0000
Epoch 283: Time: 0.1337 Cost: 0.0078 Pre: 1.0000 Re: 1.0000 Acc: 1.0000 F1: 1.0000
Epoch 284: Time: 0.1293 Cost: 0.0076 Pre: 1.0000 Re: 1.0000 Acc: 1.0000 F1: 1.0000
Epoch 285: Time: 0.1393 Cost: 0.0075 Pre: 1.0000 Re: 1.0000 Acc: 1.0000 F1: 1.0000
Epoch 286: Time: 0.1342 Cost: 0.0075 Pre: 1.0000 Re: 1.0000 Acc: 1.0000 F1: 1.0000
Epoch 287: Time: 0.1307 Cost: 0.0074 Pre: 1.0000 Re: 1.0000 Acc: 1.0000 F1: 1.0000
Epoch 288: Time: 0.1385 Cost: 0.0073 Pre: 1.0000 Re: 1.0000 Acc: 1.0000 F1: 1.0000
Epoch 289: Time: 0.1441 Cost: 0.0072 Pre: 1.0000 Re: 1.0000 Acc: 1.0000 F1: 1.0000
Epoch 290: Time: 0.1448 Cost: 0.0071 Pre: 1.0000 Re: 1.0000 Acc: 1.0000 F1: 1.0000


--------------------------------------------------------------------
Eval results: Cost:0.0557 Pre:1.0000 Re:1.0000 Acc:1.0000 F1:1.0000
--------------------------------------------------------------------

Epoch 291: Time: 0.1349 Cost: 0.0073 Pre: 1.0000 Re: 1.0000 Acc: 1.0000 F1: 1.0000
Epoch 292: Time: 0.1348 Cost: 0.0068 Pre: 1.0000 Re: 1.0000 Acc: 1.0000 F1: 1.0000
Epoch 293: Time: 0.1302 Cost: 0.0068 Pre: 1.0000 Re: 1.0000 Acc: 1.0000 F1: 1.0000
Epoch 294: Time: 0.1334 Cost: 0.0066 Pre: 1.0000 Re: 1.0000 Acc: 1.0000 F1: 1.0000
Epoch 295: Time: 0.1309 Cost: 0.0065 Pre: 1.0000 Re: 1.0000 Acc: 1.0000 F1: 1.0000
Epoch 296: Time: 0.1390 Cost: 0.0065 Pre: 1.0000 Re: 1.0000 Acc: 1.0000 F1: 1.0000
Epoch 297: Time: 0.1347 Cost: 0.0064 Pre: 1.0000 Re: 1.0000 Acc: 1.0000 F1: 1.0000
Epoch 298: Time: 0.1305 Cost: 0.0063 Pre: 1.0000 Re: 1.0000 Acc: 1.0000 F1: 1.0000
Epoch 299: Time: 0.1325 Cost: 0.0062 Pre: 1.0000 Re: 1.0000 Acc: 1.0000 F1: 1.0000
Epoch 300: Time: 0.1338 Cost: 0.0062 Pre: 1.0000 Re: 1.0000 Acc: 1.0000 F1: 1.0000


--------------------------------------------------------------------
Eval results: Cost:0.0564 Pre:1.0000 Re:1.0000 Acc:1.0000 F1:1.0000
--------------------------------------------------------------------

Epoch 301: Time: 0.1332 Cost: 0.0062 Pre: 1.0000 Re: 1.0000 Acc: 1.0000 F1: 1.0000
Epoch 302: Time: 0.1331 Cost: 0.0060 Pre: 1.0000 Re: 1.0000 Acc: 1.0000 F1: 1.0000
Epoch 303: Time: 0.1357 Cost: 0.0060 Pre: 1.0000 Re: 1.0000 Acc: 1.0000 F1: 1.0000
Epoch 304: Time: 0.1551 Cost: 0.0059 Pre: 1.0000 Re: 1.0000 Acc: 1.0000 F1: 1.0000
Epoch 305: Time: 0.1899 Cost: 0.0058 Pre: 1.0000 Re: 1.0000 Acc: 1.0000 F1: 1.0000
Epoch 306: Time: 0.1591 Cost: 0.0057 Pre: 1.0000 Re: 1.0000 Acc: 1.0000 F1: 1.0000
Epoch 307: Time: 0.1426 Cost: 0.0056 Pre: 1.0000 Re: 1.0000 Acc: 1.0000 F1: 1.0000
Epoch 308: Time: 0.1426 Cost: 0.0056 Pre: 1.0000 Re: 1.0000 Acc: 1.0000 F1: 1.0000
Epoch 309: Time: 0.1620 Cost: 0.0055 Pre: 1.0000 Re: 1.0000 Acc: 1.0000 F1: 1.0000
Epoch 310: Time: 0.1411 Cost: 0.0055 Pre: 1.0000 Re: 1.0000 Acc: 1.0000 F1: 1.0000


--------------------------------------------------------------------
Eval results: Cost:0.0562 Pre:1.0000 Re:1.0000 Acc:1.0000 F1:1.0000
--------------------------------------------------------------------

Epoch 311: Time: 0.1428 Cost: 0.0056 Pre: 1.0000 Re: 1.0000 Acc: 1.0000 F1: 1.0000
Epoch 312: Time: 0.1456 Cost: 0.0054 Pre: 1.0000 Re: 1.0000 Acc: 1.0000 F1: 1.0000
Epoch 313: Time: 0.1374 Cost: 0.0054 Pre: 1.0000 Re: 1.0000 Acc: 1.0000 F1: 1.0000
Epoch 314: Time: 0.1371 Cost: 0.0053 Pre: 1.0000 Re: 1.0000 Acc: 1.0000 F1: 1.0000
Epoch 315: Time: 0.1379 Cost: 0.0052 Pre: 1.0000 Re: 1.0000 Acc: 1.0000 F1: 1.0000
Epoch 316: Time: 0.1366 Cost: 0.0051 Pre: 1.0000 Re: 1.0000 Acc: 1.0000 F1: 1.0000
Epoch 317: Time: 0.1303 Cost: 0.0051 Pre: 1.0000 Re: 1.0000 Acc: 1.0000 F1: 1.0000
Epoch 318: Time: 0.1360 Cost: 0.0050 Pre: 1.0000 Re: 1.0000 Acc: 1.0000 F1: 1.0000
Epoch 319: Time: 0.1525 Cost: 0.0049 Pre: 1.0000 Re: 1.0000 Acc: 1.0000 F1: 1.0000
Epoch 320: Time: 0.1359 Cost: 0.0049 Pre: 1.0000 Re: 1.0000 Acc: 1.0000 F1: 1.0000


--------------------------------------------------------------------
Eval results: Cost:0.0605 Pre:1.0000 Re:1.0000 Acc:1.0000 F1:1.0000
--------------------------------------------------------------------

Epoch 321: Time: 0.1300 Cost: 0.0049 Pre: 1.0000 Re: 1.0000 Acc: 1.0000 F1: 1.0000
Epoch 322: Time: 0.1415 Cost: 0.0049 Pre: 1.0000 Re: 1.0000 Acc: 1.0000 F1: 1.0000
Epoch 323: Time: 0.1337 Cost: 0.0049 Pre: 1.0000 Re: 1.0000 Acc: 1.0000 F1: 1.0000
Epoch 324: Time: 0.1304 Cost: 0.0049 Pre: 1.0000 Re: 1.0000 Acc: 1.0000 F1: 1.0000
Epoch 325: Time: 0.1360 Cost: 0.0047 Pre: 1.0000 Re: 1.0000 Acc: 1.0000 F1: 1.0000
Epoch 326: Time: 0.1371 Cost: 0.0046 Pre: 1.0000 Re: 1.0000 Acc: 1.0000 F1: 1.0000
Epoch 327: Time: 0.1285 Cost: 0.0046 Pre: 1.0000 Re: 1.0000 Acc: 1.0000 F1: 1.0000
Epoch 328: Time: 0.1373 Cost: 0.0045 Pre: 1.0000 Re: 1.0000 Acc: 1.0000 F1: 1.0000
Epoch 329: Time: 0.1405 Cost: 0.0045 Pre: 1.0000 Re: 1.0000 Acc: 1.0000 F1: 1.0000
Epoch 330: Time: 0.1330 Cost: 0.0044 Pre: 1.0000 Re: 1.0000 Acc: 1.0000 F1: 1.0000


--------------------------------------------------------------------
Eval results: Cost:0.0630 Pre:1.0000 Re:1.0000 Acc:1.0000 F1:1.0000
--------------------------------------------------------------------

Epoch 331: Time: 0.1332 Cost: 0.0044 Pre: 1.0000 Re: 1.0000 Acc: 1.0000 F1: 1.0000
Epoch 332: Time: 0.1367 Cost: 0.0044 Pre: 1.0000 Re: 1.0000 Acc: 1.0000 F1: 1.0000
Epoch 333: Time: 0.1348 Cost: 0.0044 Pre: 1.0000 Re: 1.0000 Acc: 1.0000 F1: 1.0000
Epoch 334: Time: 0.1323 Cost: 0.0044 Pre: 1.0000 Re: 1.0000 Acc: 1.0000 F1: 1.0000
Epoch 335: Time: 0.1360 Cost: 0.0043 Pre: 1.0000 Re: 1.0000 Acc: 1.0000 F1: 1.0000
Epoch 336: Time: 0.1382 Cost: 0.0042 Pre: 1.0000 Re: 1.0000 Acc: 1.0000 F1: 1.0000
Epoch 337: Time: 0.1320 Cost: 0.0042 Pre: 1.0000 Re: 1.0000 Acc: 1.0000 F1: 1.0000
Epoch 338: Time: 0.1335 Cost: 0.0041 Pre: 1.0000 Re: 1.0000 Acc: 1.0000 F1: 1.0000
Epoch 339: Time: 0.1371 Cost: 0.0041 Pre: 1.0000 Re: 1.0000 Acc: 1.0000 F1: 1.0000
Epoch 340: Time: 0.1317 Cost: 0.0041 Pre: 1.0000 Re: 1.0000 Acc: 1.0000 F1: 1.0000


--------------------------------------------------------------------
Eval results: Cost:0.0644 Pre:1.0000 Re:1.0000 Acc:1.0000 F1:1.0000
--------------------------------------------------------------------

Epoch 341: Time: 0.1320 Cost: 0.0040 Pre: 1.0000 Re: 1.0000 Acc: 1.0000 F1: 1.0000
Epoch 342: Time: 0.1342 Cost: 0.0041 Pre: 1.0000 Re: 1.0000 Acc: 1.0000 F1: 1.0000
Epoch 343: Time: 0.1419 Cost: 0.0041 Pre: 1.0000 Re: 1.0000 Acc: 1.0000 F1: 1.0000
Epoch 344: Time: 0.1326 Cost: 0.0041 Pre: 1.0000 Re: 1.0000 Acc: 1.0000 F1: 1.0000
Epoch 345: Time: 0.1377 Cost: 0.0040 Pre: 1.0000 Re: 1.0000 Acc: 1.0000 F1: 1.0000
Epoch 346: Time: 0.1343 Cost: 0.0039 Pre: 1.0000 Re: 1.0000 Acc: 1.0000 F1: 1.0000
Epoch 347: Time: 0.1310 Cost: 0.0039 Pre: 1.0000 Re: 1.0000 Acc: 1.0000 F1: 1.0000
Epoch 348: Time: 0.1339 Cost: 0.0038 Pre: 1.0000 Re: 1.0000 Acc: 1.0000 F1: 1.0000
Epoch 349: Time: 0.1329 Cost: 0.0038 Pre: 1.0000 Re: 1.0000 Acc: 1.0000 F1: 1.0000
Epoch 350: Time: 0.1330 Cost: 0.0038 Pre: 1.0000 Re: 1.0000 Acc: 1.0000 F1: 1.0000


--------------------------------------------------------------------
Eval results: Cost:0.0672 Pre:1.0000 Re:1.0000 Acc:1.0000 F1:1.0000
--------------------------------------------------------------------

Epoch 351: Time: 0.1361 Cost: 0.0037 Pre: 1.0000 Re: 1.0000 Acc: 1.0000 F1: 1.0000
Epoch 352: Time: 0.1340 Cost: 0.0038 Pre: 1.0000 Re: 1.0000 Acc: 1.0000 F1: 1.0000
Epoch 353: Time: 0.1339 Cost: 0.0037 Pre: 1.0000 Re: 1.0000 Acc: 1.0000 F1: 1.0000
Epoch 354: Time: 0.1368 Cost: 0.0038 Pre: 1.0000 Re: 1.0000 Acc: 1.0000 F1: 1.0000
Epoch 355: Time: 0.1379 Cost: 0.0037 Pre: 1.0000 Re: 1.0000 Acc: 1.0000 F1: 1.0000
Epoch 356: Time: 0.1301 Cost: 0.0036 Pre: 1.0000 Re: 1.0000 Acc: 1.0000 F1: 1.0000
Epoch 357: Time: 0.1366 Cost: 0.0036 Pre: 1.0000 Re: 1.0000 Acc: 1.0000 F1: 1.0000
Epoch 358: Time: 0.1379 Cost: 0.0035 Pre: 1.0000 Re: 1.0000 Acc: 1.0000 F1: 1.0000
Epoch 359: Time: 0.1350 Cost: 0.0035 Pre: 1.0000 Re: 1.0000 Acc: 1.0000 F1: 1.0000
Epoch 360: Time: 0.1322 Cost: 0.0035 Pre: 1.0000 Re: 1.0000 Acc: 1.0000 F1: 1.0000


--------------------------------------------------------------------
Eval results: Cost:0.0664 Pre:1.0000 Re:1.0000 Acc:1.0000 F1:1.0000
--------------------------------------------------------------------

Early stopping...
--------------------------------------------------------------------
--------------------------------------------------------------------
Test 1996 samples take time: 0.4472
FP id:
[1021]
Test results: Cost:0.0781 Pre:0.9988 Re:1.0000 Acc:0.9995 F1:0.9994
--------------------------------------------------------------------

