16768
16562
16206
16632
16380
16425
Load data
RNN type: SRN Grammar: g7 Seed: 5
Model total parameters: 130
Saving hinit ... 

Epoch 0: Time: 0.1251 Cost: 28.6839 Pre: 0.5607 Re: 0.2366 Acc: 0.5456 F1: 0.3328


--------------------------------------------------------------------
Eval results: Cost:24.4087 Pre:0.5803 Re:0.3648 Acc:0.6156 F1:0.4480
--------------------------------------------------------------------

Epoch 1: Time: 0.0498 Cost: 26.2738 Pre: 0.5541 Re: 0.3561 Acc: 0.5543 F1: 0.4336
Epoch 2: Time: 0.0496 Cost: 24.3546 Pre: 0.5791 Re: 0.4463 Acc: 0.5794 F1: 0.5041
Epoch 3: Time: 0.0490 Cost: 23.1964 Pre: 0.6037 Re: 0.5183 Acc: 0.6063 F1: 0.5577
Epoch 4: Time: 0.0493 Cost: 22.4085 Pre: 0.6686 Re: 0.5512 Acc: 0.6542 F1: 0.6043
Epoch 5: Time: 0.0497 Cost: 21.8771 Pre: 0.7093 Re: 0.5744 Acc: 0.6834 F1: 0.6348
Epoch 6: Time: 0.0489 Cost: 21.4827 Pre: 0.7199 Re: 0.6049 Acc: 0.6980 F1: 0.6574
Epoch 7: Time: 0.0487 Cost: 21.1163 Pre: 0.7296 Re: 0.6220 Acc: 0.7085 F1: 0.6715
Epoch 8: Time: 0.0488 Cost: 20.7486 Pre: 0.7389 Re: 0.6317 Acc: 0.7167 F1: 0.6811
Epoch 9: Time: 0.0486 Cost: 20.3735 Pre: 0.7468 Re: 0.6476 Acc: 0.7261 F1: 0.6937
Epoch 10: Time: 0.0496 Cost: 19.9954 Pre: 0.7473 Re: 0.6634 Acc: 0.7313 F1: 0.7028


--------------------------------------------------------------------
Eval results: Cost:19.0443 Pre:0.7366 Re:0.6287 Acc:0.7451 F1:0.6784
--------------------------------------------------------------------

Epoch 11: Time: 0.0494 Cost: 19.6271 Pre: 0.7591 Re: 0.6646 Acc: 0.7383 F1: 0.7087
Epoch 12: Time: 0.0489 Cost: 19.2793 Pre: 0.7680 Re: 0.6622 Acc: 0.7424 F1: 0.7112
Epoch 13: Time: 0.0494 Cost: 18.9466 Pre: 0.7709 Re: 0.6524 Acc: 0.7407 F1: 0.7067
Epoch 14: Time: 0.0501 Cost: 18.6271 Pre: 0.7760 Re: 0.6549 Acc: 0.7442 F1: 0.7103
Epoch 15: Time: 0.0502 Cost: 18.3180 Pre: 0.7830 Re: 0.6512 Acc: 0.7465 F1: 0.7111
Epoch 16: Time: 0.0488 Cost: 18.0215 Pre: 0.7837 Re: 0.6585 Acc: 0.7494 F1: 0.7157
Epoch 17: Time: 0.0493 Cost: 17.7514 Pre: 0.7818 Re: 0.6598 Acc: 0.7488 F1: 0.7156
Epoch 18: Time: 0.0494 Cost: 17.5074 Pre: 0.7843 Re: 0.6695 Acc: 0.7535 F1: 0.7224
Epoch 19: Time: 0.0488 Cost: 17.2691 Pre: 0.7866 Re: 0.6744 Acc: 0.7564 F1: 0.7262
Epoch 20: Time: 0.0494 Cost: 17.0218 Pre: 0.7853 Re: 0.6780 Acc: 0.7570 F1: 0.7277


--------------------------------------------------------------------
Eval results: Cost:15.7787 Pre:0.8023 Re:0.6743 Acc:0.7897 F1:0.7327
--------------------------------------------------------------------

Epoch 21: Time: 0.0494 Cost: 16.7547 Pre: 0.7913 Re: 0.6890 Acc: 0.7640 F1: 0.7366
Epoch 22: Time: 0.0494 Cost: 16.4519 Pre: 0.7962 Re: 0.7098 Acc: 0.7739 F1: 0.7505
Epoch 23: Time: 0.0534 Cost: 16.0891 Pre: 0.7955 Re: 0.7256 Acc: 0.7792 F1: 0.7589
Epoch 24: Time: 0.0505 Cost: 15.7296 Pre: 0.8034 Re: 0.7524 Acc: 0.7932 F1: 0.7771
Epoch 25: Time: 0.0487 Cost: 15.4897 Pre: 0.8039 Re: 0.7598 Acc: 0.7961 F1: 0.7812
Epoch 26: Time: 0.0496 Cost: 15.3114 Pre: 0.8067 Re: 0.7683 Acc: 0.8008 F1: 0.7870
Epoch 27: Time: 0.0489 Cost: 15.1843 Pre: 0.8041 Re: 0.7707 Acc: 0.8002 F1: 0.7870
Epoch 28: Time: 0.0487 Cost: 15.0756 Pre: 0.8056 Re: 0.7732 Acc: 0.8020 F1: 0.7890
Epoch 29: Time: 0.0498 Cost: 14.9834 Pre: 0.8066 Re: 0.7780 Acc: 0.8043 F1: 0.7921
Epoch 30: Time: 0.0488 Cost: 14.8999 Pre: 0.8073 Re: 0.7817 Acc: 0.8061 F1: 0.7943


--------------------------------------------------------------------
Eval results: Cost:14.2261 Pre:0.7945 Re:0.7557 Acc:0.8120 F1:0.7746
--------------------------------------------------------------------

Epoch 31: Time: 0.0491 Cost: 14.8149 Pre: 0.8081 Re: 0.7805 Acc: 0.8061 F1: 0.7940
Epoch 32: Time: 0.0502 Cost: 14.7604 Pre: 0.8068 Re: 0.7841 Acc: 0.8067 F1: 0.7953
Epoch 33: Time: 0.0500 Cost: 14.7007 Pre: 0.8090 Re: 0.7854 Acc: 0.8084 F1: 0.7970
Epoch 34: Time: 0.0506 Cost: 14.6432 Pre: 0.8085 Re: 0.7878 Acc: 0.8090 F1: 0.7980
Epoch 35: Time: 0.0509 Cost: 14.5833 Pre: 0.8085 Re: 0.7878 Acc: 0.8090 F1: 0.7980
Epoch 36: Time: 0.0503 Cost: 14.5264 Pre: 0.8088 Re: 0.7841 Acc: 0.8078 F1: 0.7963
Epoch 37: Time: 0.0507 Cost: 14.4705 Pre: 0.8075 Re: 0.7829 Acc: 0.8067 F1: 0.7950
Epoch 38: Time: 0.0512 Cost: 14.4168 Pre: 0.8063 Re: 0.7817 Acc: 0.8055 F1: 0.7938
Epoch 39: Time: 0.0508 Cost: 14.3647 Pre: 0.8073 Re: 0.7817 Acc: 0.8061 F1: 0.7943
Epoch 40: Time: 0.0501 Cost: 14.3146 Pre: 0.8088 Re: 0.7841 Acc: 0.8078 F1: 0.7963


--------------------------------------------------------------------
Eval results: Cost:13.9356 Pre:0.7850 Re:0.7850 Acc:0.8162 F1:0.7850
--------------------------------------------------------------------

Epoch 41: Time: 0.0507 Cost: 14.2571 Pre: 0.8129 Re: 0.7841 Acc: 0.8102 F1: 0.7983
Epoch 42: Time: 0.0502 Cost: 14.2183 Pre: 0.8108 Re: 0.7890 Acc: 0.8107 F1: 0.7998
Epoch 43: Time: 0.0503 Cost: 14.1791 Pre: 0.8110 Re: 0.7902 Acc: 0.8113 F1: 0.8005
Epoch 44: Time: 0.0494 Cost: 14.1386 Pre: 0.8120 Re: 0.7902 Acc: 0.8119 F1: 0.8010
Epoch 45: Time: 0.0490 Cost: 14.0959 Pre: 0.8133 Re: 0.7915 Acc: 0.8131 F1: 0.8022
Epoch 46: Time: 0.0489 Cost: 14.0546 Pre: 0.8137 Re: 0.7939 Acc: 0.8143 F1: 0.8037
Epoch 47: Time: 0.0491 Cost: 14.0140 Pre: 0.8140 Re: 0.7951 Acc: 0.8148 F1: 0.8044
Epoch 48: Time: 0.0495 Cost: 13.9741 Pre: 0.8160 Re: 0.7951 Acc: 0.8160 F1: 0.8054
Epoch 49: Time: 0.0489 Cost: 13.9348 Pre: 0.8152 Re: 0.7963 Acc: 0.8160 F1: 0.8057
Epoch 50: Time: 0.0489 Cost: 13.8964 Pre: 0.8173 Re: 0.7963 Acc: 0.8172 F1: 0.8067


--------------------------------------------------------------------
Eval results: Cost:13.5198 Pre:0.7839 Re:0.7915 Acc:0.8175 F1:0.7877
--------------------------------------------------------------------

Epoch 51: Time: 0.0510 Cost: 13.8490 Pre: 0.8168 Re: 0.7939 Acc: 0.8160 F1: 0.8052
Epoch 52: Time: 0.0531 Cost: 13.8203 Pre: 0.8183 Re: 0.7963 Acc: 0.8178 F1: 0.8072
Epoch 53: Time: 0.0507 Cost: 13.7887 Pre: 0.8173 Re: 0.7963 Acc: 0.8172 F1: 0.8067
Epoch 54: Time: 0.0490 Cost: 13.7504 Pre: 0.8181 Re: 0.7951 Acc: 0.8172 F1: 0.8064
Epoch 55: Time: 0.0499 Cost: 13.7101 Pre: 0.8170 Re: 0.7951 Acc: 0.8166 F1: 0.8059
Epoch 56: Time: 0.0491 Cost: 13.6785 Pre: 0.8178 Re: 0.7939 Acc: 0.8166 F1: 0.8057
Epoch 57: Time: 0.0492 Cost: 13.6476 Pre: 0.8199 Re: 0.7939 Acc: 0.8178 F1: 0.8067
Epoch 58: Time: 0.0492 Cost: 13.6099 Pre: 0.8218 Re: 0.7988 Acc: 0.8207 F1: 0.8101
Epoch 59: Time: 0.0487 Cost: 13.5676 Pre: 0.8221 Re: 0.8000 Acc: 0.8213 F1: 0.8109
Epoch 60: Time: 0.0488 Cost: 13.5279 Pre: 0.8221 Re: 0.8000 Acc: 0.8213 F1: 0.8109


--------------------------------------------------------------------
Eval results: Cost:13.1615 Pre:0.7878 Re:0.7980 Acc:0.8217 F1:0.7929
--------------------------------------------------------------------

Epoch 61: Time: 0.0488 Cost: 13.4833 Pre: 0.8221 Re: 0.8000 Acc: 0.8213 F1: 0.8109
Epoch 62: Time: 0.0490 Cost: 13.4480 Pre: 0.8192 Re: 0.8012 Acc: 0.8201 F1: 0.8101
Epoch 63: Time: 0.0488 Cost: 13.4150 Pre: 0.8200 Re: 0.8000 Acc: 0.8201 F1: 0.8099
Epoch 64: Time: 0.0487 Cost: 13.3796 Pre: 0.8200 Re: 0.8000 Acc: 0.8201 F1: 0.8099
Epoch 65: Time: 0.0515 Cost: 13.3407 Pre: 0.8187 Re: 0.7988 Acc: 0.8189 F1: 0.8086
Epoch 66: Time: 0.0505 Cost: 13.3003 Pre: 0.8190 Re: 0.8000 Acc: 0.8195 F1: 0.8094
Epoch 67: Time: 0.0514 Cost: 13.2627 Pre: 0.8200 Re: 0.8000 Acc: 0.8201 F1: 0.8099
Epoch 68: Time: 0.0502 Cost: 13.2250 Pre: 0.8200 Re: 0.8000 Acc: 0.8201 F1: 0.8099
Epoch 69: Time: 0.0500 Cost: 13.1863 Pre: 0.8198 Re: 0.7988 Acc: 0.8195 F1: 0.8091
Epoch 70: Time: 0.0519 Cost: 13.1472 Pre: 0.8202 Re: 0.8012 Acc: 0.8207 F1: 0.8106


--------------------------------------------------------------------
Eval results: Cost:12.8042 Pre:0.7891 Re:0.8046 Acc:0.8245 F1:0.7968
--------------------------------------------------------------------

Epoch 71: Time: 0.0501 Cost: 13.1058 Pre: 0.8200 Re: 0.8000 Acc: 0.8201 F1: 0.8099
Epoch 72: Time: 0.0502 Cost: 13.0684 Pre: 0.8207 Re: 0.8037 Acc: 0.8218 F1: 0.8121
Epoch 73: Time: 0.0523 Cost: 13.0340 Pre: 0.8192 Re: 0.8012 Acc: 0.8201 F1: 0.8101
Epoch 74: Time: 0.0496 Cost: 12.9958 Pre: 0.8204 Re: 0.8024 Acc: 0.8213 F1: 0.8113
Epoch 75: Time: 0.0505 Cost: 12.9563 Pre: 0.8232 Re: 0.8061 Acc: 0.8242 F1: 0.8145
Epoch 76: Time: 0.0498 Cost: 12.9163 Pre: 0.8254 Re: 0.8073 Acc: 0.8259 F1: 0.8163
Epoch 77: Time: 0.0498 Cost: 12.8776 Pre: 0.8285 Re: 0.8073 Acc: 0.8277 F1: 0.8178
Epoch 78: Time: 0.0488 Cost: 12.8381 Pre: 0.8285 Re: 0.8073 Acc: 0.8277 F1: 0.8178
Epoch 79: Time: 0.0493 Cost: 12.7983 Pre: 0.8290 Re: 0.8098 Acc: 0.8289 F1: 0.8192
Epoch 80: Time: 0.0499 Cost: 12.7589 Pre: 0.8292 Re: 0.8110 Acc: 0.8294 F1: 0.8200


--------------------------------------------------------------------
Eval results: Cost:12.5164 Pre:0.7862 Re:0.8143 Acc:0.8259 F1:0.8000
--------------------------------------------------------------------

Epoch 81: Time: 0.0486 Cost: 12.7049 Pre: 0.8315 Re: 0.8122 Acc: 0.8312 F1: 0.8217
Epoch 82: Time: 0.0488 Cost: 12.6737 Pre: 0.8319 Re: 0.8146 Acc: 0.8324 F1: 0.8232
Epoch 83: Time: 0.0493 Cost: 12.6483 Pre: 0.8313 Re: 0.8110 Acc: 0.8306 F1: 0.8210
Epoch 84: Time: 0.0500 Cost: 12.6183 Pre: 0.8315 Re: 0.8122 Acc: 0.8312 F1: 0.8217
Epoch 85: Time: 0.0500 Cost: 12.5818 Pre: 0.8327 Re: 0.8134 Acc: 0.8324 F1: 0.8229
Epoch 86: Time: 0.0505 Cost: 12.5406 Pre: 0.8331 Re: 0.8159 Acc: 0.8335 F1: 0.8244
Epoch 87: Time: 0.0503 Cost: 12.5045 Pre: 0.8346 Re: 0.8183 Acc: 0.8353 F1: 0.8264
Epoch 88: Time: 0.0499 Cost: 12.4674 Pre: 0.8348 Re: 0.8195 Acc: 0.8359 F1: 0.8271
Epoch 89: Time: 0.0499 Cost: 12.4285 Pre: 0.8348 Re: 0.8195 Acc: 0.8359 F1: 0.8271
Epoch 90: Time: 0.0491 Cost: 12.3893 Pre: 0.8348 Re: 0.8195 Acc: 0.8359 F1: 0.8271


--------------------------------------------------------------------
Eval results: Cost:12.1844 Pre:0.7975 Re:0.8339 Acc:0.8384 F1:0.8153
--------------------------------------------------------------------

Epoch 91: Time: 0.0490 Cost: 12.3512 Pre: 0.8379 Re: 0.8195 Acc: 0.8376 F1: 0.8286
Epoch 92: Time: 0.0489 Cost: 12.3139 Pre: 0.8394 Re: 0.8220 Acc: 0.8394 F1: 0.8306
Epoch 93: Time: 0.0486 Cost: 12.2783 Pre: 0.8394 Re: 0.8220 Acc: 0.8394 F1: 0.8306
Epoch 94: Time: 0.0494 Cost: 12.2385 Pre: 0.8373 Re: 0.8220 Acc: 0.8382 F1: 0.8295
Epoch 95: Time: 0.0487 Cost: 12.2004 Pre: 0.8381 Re: 0.8207 Acc: 0.8382 F1: 0.8293
Epoch 96: Time: 0.0487 Cost: 12.1640 Pre: 0.8383 Re: 0.8220 Acc: 0.8388 F1: 0.8300
Epoch 97: Time: 0.0486 Cost: 12.1272 Pre: 0.8396 Re: 0.8232 Acc: 0.8400 F1: 0.8313
Epoch 98: Time: 0.0492 Cost: 12.0891 Pre: 0.8396 Re: 0.8232 Acc: 0.8400 F1: 0.8313
Epoch 99: Time: 0.0492 Cost: 12.0512 Pre: 0.8387 Re: 0.8244 Acc: 0.8400 F1: 0.8315
Epoch 100: Time: 0.0485 Cost: 12.0145 Pre: 0.8414 Re: 0.8280 Acc: 0.8429 F1: 0.8347


--------------------------------------------------------------------
Eval results: Cost:11.8545 Pre:0.7969 Re:0.8436 Acc:0.8412 F1:0.8196
--------------------------------------------------------------------

Epoch 101: Time: 0.0491 Cost: 11.9798 Pre: 0.8435 Re: 0.8280 Acc: 0.8440 F1: 0.8357
Epoch 102: Time: 0.0489 Cost: 11.9436 Pre: 0.8433 Re: 0.8268 Acc: 0.8435 F1: 0.8350
Epoch 103: Time: 0.0488 Cost: 11.9065 Pre: 0.8422 Re: 0.8268 Acc: 0.8429 F1: 0.8345
Epoch 104: Time: 0.0496 Cost: 11.8655 Pre: 0.8435 Re: 0.8280 Acc: 0.8440 F1: 0.8357
Epoch 105: Time: 0.0487 Cost: 11.8286 Pre: 0.8456 Re: 0.8280 Acc: 0.8452 F1: 0.8367
Epoch 106: Time: 0.0486 Cost: 11.7948 Pre: 0.8458 Re: 0.8293 Acc: 0.8458 F1: 0.8374
Epoch 107: Time: 0.0493 Cost: 11.7583 Pre: 0.8497 Re: 0.8341 Acc: 0.8499 F1: 0.8418
Epoch 108: Time: 0.0508 Cost: 11.7185 Pre: 0.8520 Re: 0.8354 Acc: 0.8516 F1: 0.8436
Epoch 109: Time: 0.0493 Cost: 11.6796 Pre: 0.8532 Re: 0.8366 Acc: 0.8528 F1: 0.8448
Epoch 110: Time: 0.0486 Cost: 11.6437 Pre: 0.8557 Re: 0.8390 Acc: 0.8551 F1: 0.8473


--------------------------------------------------------------------
Eval results: Cost:11.5313 Pre:0.8075 Re:0.8469 Acc:0.8482 F1:0.8267
--------------------------------------------------------------------

Epoch 111: Time: 0.0487 Cost: 11.6109 Pre: 0.8559 Re: 0.8402 Acc: 0.8557 F1: 0.8480
Epoch 112: Time: 0.0486 Cost: 11.5732 Pre: 0.8580 Re: 0.8402 Acc: 0.8569 F1: 0.8490
Epoch 113: Time: 0.0493 Cost: 11.5314 Pre: 0.8571 Re: 0.8415 Acc: 0.8569 F1: 0.8492
Epoch 114: Time: 0.0487 Cost: 11.4870 Pre: 0.8593 Re: 0.8415 Acc: 0.8581 F1: 0.8503
Epoch 115: Time: 0.0487 Cost: 11.4494 Pre: 0.8605 Re: 0.8427 Acc: 0.8592 F1: 0.8515
Epoch 116: Time: 0.0485 Cost: 11.4156 Pre: 0.8605 Re: 0.8427 Acc: 0.8592 F1: 0.8515
Epoch 117: Time: 0.0492 Cost: 11.3766 Pre: 0.8609 Re: 0.8451 Acc: 0.8604 F1: 0.8529
Epoch 118: Time: 0.0488 Cost: 11.3316 Pre: 0.8589 Re: 0.8463 Acc: 0.8598 F1: 0.8526
Epoch 119: Time: 0.0487 Cost: 11.2879 Pre: 0.8589 Re: 0.8463 Acc: 0.8598 F1: 0.8526
Epoch 120: Time: 0.0487 Cost: 11.2491 Pre: 0.8609 Re: 0.8451 Acc: 0.8604 F1: 0.8529


--------------------------------------------------------------------
Eval results: Cost:11.2016 Pre:0.8239 Re:0.8534 Acc:0.8593 F1:0.8384
--------------------------------------------------------------------

Epoch 121: Time: 0.0519 Cost: 11.2160 Pre: 0.8600 Re: 0.8463 Acc: 0.8604 F1: 0.8531
Epoch 122: Time: 0.0506 Cost: 11.1732 Pre: 0.8609 Re: 0.8451 Acc: 0.8604 F1: 0.8529
Epoch 123: Time: 0.0525 Cost: 11.1223 Pre: 0.8612 Re: 0.8476 Acc: 0.8616 F1: 0.8543
Epoch 124: Time: 0.0503 Cost: 11.0680 Pre: 0.8596 Re: 0.8512 Acc: 0.8621 F1: 0.8554
Epoch 125: Time: 0.0506 Cost: 11.0208 Pre: 0.8626 Re: 0.8500 Acc: 0.8633 F1: 0.8563
Epoch 126: Time: 0.0521 Cost: 10.9780 Pre: 0.8626 Re: 0.8500 Acc: 0.8633 F1: 0.8563
Epoch 127: Time: 0.0512 Cost: 10.9330 Pre: 0.8607 Re: 0.8512 Acc: 0.8627 F1: 0.8559
Epoch 128: Time: 0.0500 Cost: 10.8874 Pre: 0.8628 Re: 0.8512 Acc: 0.8639 F1: 0.8570
Epoch 129: Time: 0.0502 Cost: 10.8383 Pre: 0.8642 Re: 0.8537 Acc: 0.8657 F1: 0.8589
Epoch 130: Time: 0.0505 Cost: 10.7756 Pre: 0.8645 Re: 0.8561 Acc: 0.8668 F1: 0.8603


--------------------------------------------------------------------
Eval results: Cost:10.7632 Pre:0.8365 Re:0.8502 Acc:0.8649 F1:0.8433
--------------------------------------------------------------------

Epoch 131: Time: 0.0494 Cost: 10.7148 Pre: 0.8605 Re: 0.8573 Acc: 0.8651 F1: 0.8589
Epoch 132: Time: 0.0500 Cost: 10.6644 Pre: 0.8606 Re: 0.8585 Acc: 0.8657 F1: 0.8596
Epoch 133: Time: 0.0505 Cost: 10.6128 Pre: 0.8617 Re: 0.8585 Acc: 0.8662 F1: 0.8601
Epoch 134: Time: 0.0565 Cost: 10.5611 Pre: 0.8681 Re: 0.8585 Acc: 0.8697 F1: 0.8633
Epoch 135: Time: 0.0497 Cost: 10.5072 Pre: 0.8690 Re: 0.8573 Acc: 0.8697 F1: 0.8631
Epoch 136: Time: 0.0494 Cost: 10.4516 Pre: 0.8702 Re: 0.8585 Acc: 0.8709 F1: 0.8643
Epoch 137: Time: 0.0493 Cost: 10.3934 Pre: 0.8713 Re: 0.8585 Acc: 0.8715 F1: 0.8649
Epoch 138: Time: 0.0505 Cost: 10.3325 Pre: 0.8714 Re: 0.8598 Acc: 0.8721 F1: 0.8656
Epoch 139: Time: 0.0507 Cost: 10.2673 Pre: 0.8736 Re: 0.8683 Acc: 0.8768 F1: 0.8709
Epoch 140: Time: 0.0487 Cost: 10.1961 Pre: 0.8748 Re: 0.8695 Acc: 0.8779 F1: 0.8722


--------------------------------------------------------------------
Eval results: Cost:9.5071 Pre:0.8562 Re:0.8534 Acc:0.8760 F1:0.8548
--------------------------------------------------------------------

Epoch 141: Time: 0.0507 Cost: 10.1105 Pre: 0.8748 Re: 0.8695 Acc: 0.8779 F1: 0.8722
Epoch 142: Time: 0.0487 Cost: 10.0261 Pre: 0.8761 Re: 0.8707 Acc: 0.8791 F1: 0.8734
Epoch 143: Time: 0.0492 Cost: 9.9213 Pre: 0.8765 Re: 0.8744 Acc: 0.8808 F1: 0.8755
Epoch 144: Time: 0.0495 Cost: 9.8011 Pre: 0.8797 Re: 0.8829 Acc: 0.8861 F1: 0.8813
Epoch 145: Time: 0.0510 Cost: 9.6786 Pre: 0.8805 Re: 0.8805 Acc: 0.8855 F1: 0.8805
Epoch 146: Time: 0.0488 Cost: 9.5917 Pre: 0.8803 Re: 0.8793 Acc: 0.8849 F1: 0.8798
Epoch 147: Time: 0.0487 Cost: 9.5006 Pre: 0.8828 Re: 0.8817 Acc: 0.8873 F1: 0.8822
Epoch 148: Time: 0.0486 Cost: 9.4365 Pre: 0.8843 Re: 0.8854 Acc: 0.8896 F1: 0.8848
Epoch 149: Time: 0.0486 Cost: 9.3513 Pre: 0.8829 Re: 0.8915 Acc: 0.8914 F1: 0.8871
Epoch 150: Time: 0.0490 Cost: 9.2797 Pre: 0.8838 Re: 0.8902 Acc: 0.8914 F1: 0.8870


--------------------------------------------------------------------
Eval results: Cost:8.6061 Pre:0.8658 Re:0.8827 Acc:0.8914 F1:0.8742
--------------------------------------------------------------------

Epoch 151: Time: 0.0489 Cost: 9.2214 Pre: 0.8822 Re: 0.8951 Acc: 0.8925 F1: 0.8886
Epoch 152: Time: 0.0487 Cost: 9.1529 Pre: 0.8842 Re: 0.8939 Acc: 0.8931 F1: 0.8890
Epoch 153: Time: 0.0488 Cost: 9.0876 Pre: 0.8843 Re: 0.8951 Acc: 0.8937 F1: 0.8897
Epoch 154: Time: 0.0491 Cost: 9.0284 Pre: 0.8833 Re: 0.8951 Acc: 0.8931 F1: 0.8892
Epoch 155: Time: 0.0486 Cost: 8.9695 Pre: 0.8824 Re: 0.8963 Acc: 0.8931 F1: 0.8893
Epoch 156: Time: 0.0486 Cost: 8.9118 Pre: 0.8842 Re: 0.8939 Acc: 0.8931 F1: 0.8890
Epoch 157: Time: 0.0487 Cost: 8.8557 Pre: 0.8867 Re: 0.8976 Acc: 0.8960 F1: 0.8921
Epoch 158: Time: 0.0489 Cost: 8.8000 Pre: 0.8890 Re: 0.8988 Acc: 0.8978 F1: 0.8939
Epoch 159: Time: 0.0486 Cost: 8.7439 Pre: 0.8890 Re: 0.8988 Acc: 0.8978 F1: 0.8939
Epoch 160: Time: 0.0488 Cost: 8.6873 Pre: 0.8902 Re: 0.9000 Acc: 0.8989 F1: 0.8951


--------------------------------------------------------------------
Eval results: Cost:7.9594 Pre:0.8758 Re:0.8958 Acc:0.9011 F1:0.8857
--------------------------------------------------------------------

Epoch 161: Time: 0.0487 Cost: 8.6298 Pre: 0.8924 Re: 0.9000 Acc: 0.9001 F1: 0.8962
Epoch 162: Time: 0.0487 Cost: 8.5615 Pre: 0.8924 Re: 0.9000 Acc: 0.9001 F1: 0.8962
Epoch 163: Time: 0.0494 Cost: 8.4966 Pre: 0.8947 Re: 0.9012 Acc: 0.9019 F1: 0.8979
Epoch 164: Time: 0.0531 Cost: 8.4353 Pre: 0.8949 Re: 0.9037 Acc: 0.9030 F1: 0.8993
Epoch 165: Time: 0.0503 Cost: 8.3769 Pre: 0.8996 Re: 0.9073 Acc: 0.9071 F1: 0.9035
Epoch 166: Time: 0.0505 Cost: 8.3217 Pre: 0.9008 Re: 0.9085 Acc: 0.9083 F1: 0.9047
Epoch 167: Time: 0.0506 Cost: 8.2681 Pre: 0.9021 Re: 0.9098 Acc: 0.9095 F1: 0.9059
Epoch 168: Time: 0.0501 Cost: 8.2142 Pre: 0.9010 Re: 0.9098 Acc: 0.9089 F1: 0.9053
Epoch 169: Time: 0.0505 Cost: 8.1580 Pre: 0.9011 Re: 0.9110 Acc: 0.9095 F1: 0.9060
Epoch 170: Time: 0.0509 Cost: 8.0996 Pre: 0.9034 Re: 0.9122 Acc: 0.9112 F1: 0.9078


--------------------------------------------------------------------
Eval results: Cost:7.3886 Pre:0.8797 Re:0.9055 Acc:0.9067 F1:0.8925
--------------------------------------------------------------------

Epoch 171: Time: 0.0503 Cost: 8.0384 Pre: 0.9068 Re: 0.9134 Acc: 0.9136 F1: 0.9101
Epoch 172: Time: 0.0508 Cost: 7.9784 Pre: 0.9080 Re: 0.9146 Acc: 0.9147 F1: 0.9113
Epoch 173: Time: 0.0504 Cost: 7.9172 Pre: 0.9102 Re: 0.9146 Acc: 0.9159 F1: 0.9124
Epoch 174: Time: 0.0493 Cost: 7.8508 Pre: 0.9103 Re: 0.9159 Acc: 0.9165 F1: 0.9131
Epoch 175: Time: 0.0501 Cost: 7.7820 Pre: 0.9104 Re: 0.9171 Acc: 0.9171 F1: 0.9137
Epoch 176: Time: 0.0491 Cost: 7.7120 Pre: 0.9127 Re: 0.9183 Acc: 0.9188 F1: 0.9155
Epoch 177: Time: 0.0486 Cost: 7.6358 Pre: 0.9128 Re: 0.9195 Acc: 0.9194 F1: 0.9162
Epoch 178: Time: 0.0500 Cost: 7.5562 Pre: 0.9167 Re: 0.9256 Acc: 0.9241 F1: 0.9211
Epoch 179: Time: 0.0499 Cost: 7.4732 Pre: 0.9179 Re: 0.9268 Acc: 0.9252 F1: 0.9223
Epoch 180: Time: 0.0491 Cost: 7.4017 Pre: 0.9179 Re: 0.9268 Acc: 0.9252 F1: 0.9223


--------------------------------------------------------------------
Eval results: Cost:6.5195 Pre:0.8938 Re:0.9316 Acc:0.9234 F1:0.9123
--------------------------------------------------------------------

Epoch 181: Time: 0.0494 Cost: 7.3275 Pre: 0.9169 Re: 0.9280 Acc: 0.9252 F1: 0.9224
Epoch 182: Time: 0.0516 Cost: 7.2738 Pre: 0.9136 Re: 0.9280 Acc: 0.9235 F1: 0.9208
Epoch 183: Time: 0.0556 Cost: 7.1855 Pre: 0.9083 Re: 0.9305 Acc: 0.9217 F1: 0.9193
Epoch 184: Time: 0.0510 Cost: 6.9815 Pre: 0.9175 Re: 0.9354 Acc: 0.9287 F1: 0.9263
Epoch 185: Time: 0.0506 Cost: 6.9377 Pre: 0.9177 Re: 0.9378 Acc: 0.9299 F1: 0.9276
Epoch 186: Time: 0.0492 Cost: 6.8681 Pre: 0.9055 Re: 0.9463 Acc: 0.9270 F1: 0.9255
Epoch 187: Time: 0.0498 Cost: 6.6241 Pre: 0.9070 Re: 0.9634 Acc: 0.9352 F1: 0.9344
Epoch 188: Time: 0.0494 Cost: 6.4715 Pre: 0.9150 Re: 0.9585 Acc: 0.9375 F1: 0.9363
Epoch 189: Time: 0.0486 Cost: 6.4498 Pre: 0.9146 Re: 0.9537 Acc: 0.9352 F1: 0.9337
Epoch 190: Time: 0.0486 Cost: 6.2894 Pre: 0.9141 Re: 0.9598 Acc: 0.9375 F1: 0.9363


--------------------------------------------------------------------
Eval results: Cost:5.4444 Pre:0.9034 Re:0.9446 Acc:0.9331 F1:0.9236
--------------------------------------------------------------------

Epoch 191: Time: 0.0493 Cost: 6.1885 Pre: 0.9152 Re: 0.9610 Acc: 0.9387 F1: 0.9375
Epoch 192: Time: 0.0490 Cost: 6.0789 Pre: 0.9188 Re: 0.9659 Acc: 0.9428 F1: 0.9417
Epoch 193: Time: 0.0488 Cost: 6.0204 Pre: 0.9198 Re: 0.9646 Acc: 0.9428 F1: 0.9417
Epoch 194: Time: 0.0486 Cost: 5.9557 Pre: 0.9188 Re: 0.9659 Acc: 0.9428 F1: 0.9417
Epoch 195: Time: 0.0487 Cost: 5.8778 Pre: 0.9200 Re: 0.9671 Acc: 0.9439 F1: 0.9429
Epoch 196: Time: 0.0489 Cost: 5.7991 Pre: 0.9200 Re: 0.9671 Acc: 0.9439 F1: 0.9429
Epoch 197: Time: 0.0489 Cost: 5.7200 Pre: 0.9221 Re: 0.9671 Acc: 0.9451 F1: 0.9440
Epoch 198: Time: 0.0496 Cost: 5.6380 Pre: 0.9234 Re: 0.9707 Acc: 0.9474 F1: 0.9465
Epoch 199: Time: 0.0486 Cost: 5.5608 Pre: 0.9245 Re: 0.9707 Acc: 0.9480 F1: 0.9471
Epoch 200: Time: 0.0490 Cost: 5.4957 Pre: 0.9235 Re: 0.9720 Acc: 0.9480 F1: 0.9471


--------------------------------------------------------------------
Eval results: Cost:4.7915 Pre:0.9167 Re:0.9674 Acc:0.9485 F1:0.9414
--------------------------------------------------------------------

Epoch 201: Time: 0.0508 Cost: 5.4544 Pre: 0.9225 Re: 0.9732 Acc: 0.9480 F1: 0.9472
Epoch 202: Time: 0.0494 Cost: 5.3806 Pre: 0.9258 Re: 0.9732 Acc: 0.9498 F1: 0.9489
Epoch 203: Time: 0.0488 Cost: 5.2902 Pre: 0.9270 Re: 0.9756 Acc: 0.9515 F1: 0.9507
Epoch 204: Time: 0.0485 Cost: 5.2176 Pre: 0.9269 Re: 0.9744 Acc: 0.9509 F1: 0.9501
Epoch 205: Time: 0.0490 Cost: 5.1628 Pre: 0.9269 Re: 0.9744 Acc: 0.9509 F1: 0.9501
Epoch 206: Time: 0.0487 Cost: 5.1051 Pre: 0.9291 Re: 0.9744 Acc: 0.9521 F1: 0.9512
Epoch 207: Time: 0.0491 Cost: 5.0408 Pre: 0.9324 Re: 0.9756 Acc: 0.9544 F1: 0.9535
Epoch 208: Time: 0.0486 Cost: 4.9735 Pre: 0.9324 Re: 0.9756 Acc: 0.9544 F1: 0.9535
Epoch 209: Time: 0.0485 Cost: 4.9051 Pre: 0.9357 Re: 0.9756 Acc: 0.9562 F1: 0.9552
Epoch 210: Time: 0.0486 Cost: 4.8467 Pre: 0.9357 Re: 0.9756 Acc: 0.9562 F1: 0.9552


--------------------------------------------------------------------
Eval results: Cost:4.2217 Pre:0.9286 Re:0.9739 Acc:0.9568 F1:0.9507
--------------------------------------------------------------------

Epoch 211: Time: 0.0491 Cost: 4.7930 Pre: 0.9368 Re: 0.9768 Acc: 0.9574 F1: 0.9564
Epoch 212: Time: 0.0486 Cost: 4.7254 Pre: 0.9424 Re: 0.9780 Acc: 0.9609 F1: 0.9599
Epoch 213: Time: 0.0486 Cost: 4.6664 Pre: 0.9436 Re: 0.9793 Acc: 0.9620 F1: 0.9611
Epoch 214: Time: 0.0497 Cost: 4.6130 Pre: 0.9437 Re: 0.9805 Acc: 0.9626 F1: 0.9617
Epoch 215: Time: 0.0495 Cost: 4.5595 Pre: 0.9459 Re: 0.9805 Acc: 0.9638 F1: 0.9629
Epoch 216: Time: 0.0505 Cost: 4.5033 Pre: 0.9459 Re: 0.9817 Acc: 0.9644 F1: 0.9635
Epoch 217: Time: 0.0503 Cost: 4.4470 Pre: 0.9471 Re: 0.9829 Acc: 0.9655 F1: 0.9647
Epoch 218: Time: 0.0500 Cost: 4.3932 Pre: 0.9484 Re: 0.9854 Acc: 0.9673 F1: 0.9665
Epoch 219: Time: 0.0498 Cost: 4.3414 Pre: 0.9506 Re: 0.9854 Acc: 0.9685 F1: 0.9677
Epoch 220: Time: 0.0517 Cost: 4.2898 Pre: 0.9517 Re: 0.9854 Acc: 0.9690 F1: 0.9682


--------------------------------------------------------------------
Eval results: Cost:3.7292 Pre:0.9492 Re:0.9739 Acc:0.9666 F1:0.9614
--------------------------------------------------------------------

Epoch 221: Time: 0.0506 Cost: 4.2373 Pre: 0.9551 Re: 0.9854 Acc: 0.9708 F1: 0.9700
Epoch 222: Time: 0.0501 Cost: 4.1725 Pre: 0.9574 Re: 0.9866 Acc: 0.9725 F1: 0.9718
Epoch 223: Time: 0.0494 Cost: 4.1259 Pre: 0.9574 Re: 0.9866 Acc: 0.9725 F1: 0.9718
Epoch 224: Time: 0.0513 Cost: 4.0907 Pre: 0.9551 Re: 0.9866 Acc: 0.9714 F1: 0.9706
Epoch 225: Time: 0.0510 Cost: 4.0478 Pre: 0.9552 Re: 0.9878 Acc: 0.9720 F1: 0.9712
Epoch 226: Time: 0.0491 Cost: 3.9975 Pre: 0.9586 Re: 0.9878 Acc: 0.9737 F1: 0.9730
Epoch 227: Time: 0.0500 Cost: 3.9477 Pre: 0.9597 Re: 0.9878 Acc: 0.9743 F1: 0.9736
Epoch 228: Time: 0.0496 Cost: 3.9005 Pre: 0.9609 Re: 0.9878 Acc: 0.9749 F1: 0.9741
Epoch 229: Time: 0.0490 Cost: 3.8581 Pre: 0.9631 Re: 0.9878 Acc: 0.9761 F1: 0.9753
Epoch 230: Time: 0.0578 Cost: 3.8177 Pre: 0.9631 Re: 0.9878 Acc: 0.9761 F1: 0.9753


--------------------------------------------------------------------
Eval results: Cost:3.3401 Pre:0.9586 Re:0.9805 Acc:0.9735 F1:0.9694
--------------------------------------------------------------------

Epoch 231: Time: 0.0584 Cost: 3.7740 Pre: 0.9677 Re: 0.9866 Acc: 0.9778 F1: 0.9771
Epoch 232: Time: 0.0504 Cost: 3.7149 Pre: 0.9677 Re: 0.9854 Acc: 0.9772 F1: 0.9764
Epoch 233: Time: 0.0524 Cost: 3.6791 Pre: 0.9689 Re: 0.9866 Acc: 0.9784 F1: 0.9776
Epoch 234: Time: 0.0514 Cost: 3.6598 Pre: 0.9654 Re: 0.9854 Acc: 0.9761 F1: 0.9753
Epoch 235: Time: 0.0504 Cost: 3.6334 Pre: 0.9677 Re: 0.9866 Acc: 0.9778 F1: 0.9771
Epoch 236: Time: 0.0543 Cost: 3.5797 Pre: 0.9689 Re: 0.9866 Acc: 0.9784 F1: 0.9776
Epoch 237: Time: 0.0530 Cost: 3.5321 Pre: 0.9700 Re: 0.9866 Acc: 0.9790 F1: 0.9782
Epoch 238: Time: 0.0619 Cost: 3.5041 Pre: 0.9700 Re: 0.9866 Acc: 0.9790 F1: 0.9782
Epoch 239: Time: 0.0506 Cost: 3.4824 Pre: 0.9689 Re: 0.9866 Acc: 0.9784 F1: 0.9776
Epoch 240: Time: 0.0497 Cost: 3.4337 Pre: 0.9712 Re: 0.9866 Acc: 0.9796 F1: 0.9788


--------------------------------------------------------------------
Eval results: Cost:3.0294 Pre:0.9710 Re:0.9805 Acc:0.9791 F1:0.9757
--------------------------------------------------------------------

Epoch 241: Time: 0.0500 Cost: 3.4051 Pre: 0.9700 Re: 0.9866 Acc: 0.9790 F1: 0.9782
Epoch 242: Time: 0.0508 Cost: 3.3821 Pre: 0.9712 Re: 0.9854 Acc: 0.9790 F1: 0.9782
Epoch 243: Time: 0.0502 Cost: 3.3527 Pre: 0.9736 Re: 0.9878 Acc: 0.9813 F1: 0.9806
Epoch 244: Time: 0.0499 Cost: 3.3063 Pre: 0.9747 Re: 0.9878 Acc: 0.9819 F1: 0.9812
Epoch 245: Time: 0.0499 Cost: 3.2506 Pre: 0.9759 Re: 0.9866 Acc: 0.9819 F1: 0.9812
Epoch 246: Time: 0.0502 Cost: 3.2604 Pre: 0.9736 Re: 0.9878 Acc: 0.9813 F1: 0.9806
Epoch 247: Time: 0.0494 Cost: 3.2288 Pre: 0.9735 Re: 0.9866 Acc: 0.9807 F1: 0.9800
Epoch 248: Time: 0.0491 Cost: 3.1831 Pre: 0.9747 Re: 0.9866 Acc: 0.9813 F1: 0.9806
Epoch 249: Time: 0.0487 Cost: 3.1533 Pre: 0.9747 Re: 0.9878 Acc: 0.9819 F1: 0.9812
Epoch 250: Time: 0.0493 Cost: 3.1255 Pre: 0.9771 Re: 0.9866 Acc: 0.9825 F1: 0.9818


--------------------------------------------------------------------
Eval results: Cost:2.7629 Pre:0.9712 Re:0.9870 Acc:0.9819 F1:0.9790
--------------------------------------------------------------------

Epoch 251: Time: 0.0494 Cost: 3.0833 Pre: 0.9771 Re: 0.9866 Acc: 0.9825 F1: 0.9818
Epoch 252: Time: 0.0489 Cost: 3.0906 Pre: 0.9747 Re: 0.9866 Acc: 0.9813 F1: 0.9806
Epoch 253: Time: 0.0500 Cost: 3.0415 Pre: 0.9782 Re: 0.9866 Acc: 0.9831 F1: 0.9824
Epoch 254: Time: 0.0487 Cost: 3.0196 Pre: 0.9759 Re: 0.9866 Acc: 0.9819 F1: 0.9812
Epoch 255: Time: 0.0498 Cost: 2.9796 Pre: 0.9783 Re: 0.9878 Acc: 0.9836 F1: 0.9830
Epoch 256: Time: 0.0521 Cost: 2.9636 Pre: 0.9771 Re: 0.9866 Acc: 0.9825 F1: 0.9818
Epoch 257: Time: 0.0492 Cost: 2.9136 Pre: 0.9794 Re: 0.9878 Acc: 0.9842 F1: 0.9836
Epoch 258: Time: 0.0501 Cost: 2.8927 Pre: 0.9794 Re: 0.9878 Acc: 0.9842 F1: 0.9836
Epoch 259: Time: 0.0492 Cost: 2.8882 Pre: 0.9782 Re: 0.9866 Acc: 0.9831 F1: 0.9824
Epoch 260: Time: 0.0492 Cost: 2.8770 Pre: 0.9794 Re: 0.9866 Acc: 0.9836 F1: 0.9830


--------------------------------------------------------------------
Eval results: Cost:2.5606 Pre:0.9711 Re:0.9837 Acc:0.9805 F1:0.9773
--------------------------------------------------------------------

Epoch 261: Time: 0.0489 Cost: 2.8147 Pre: 0.9795 Re: 0.9890 Acc: 0.9848 F1: 0.9842
Epoch 262: Time: 0.0492 Cost: 2.7679 Pre: 0.9795 Re: 0.9890 Acc: 0.9848 F1: 0.9842
Epoch 263: Time: 0.0497 Cost: 2.7630 Pre: 0.9794 Re: 0.9878 Acc: 0.9842 F1: 0.9836
Epoch 264: Time: 0.0507 Cost: 2.7618 Pre: 0.9818 Re: 0.9878 Acc: 0.9854 F1: 0.9848
Epoch 265: Time: 0.0505 Cost: 2.7687 Pre: 0.9783 Re: 0.9878 Acc: 0.9836 F1: 0.9830
Epoch 266: Time: 0.0511 Cost: 2.6984 Pre: 0.9807 Re: 0.9902 Acc: 0.9860 F1: 0.9854
Epoch 267: Time: 0.0505 Cost: 2.6477 Pre: 0.9819 Re: 0.9902 Acc: 0.9866 F1: 0.9860
Epoch 268: Time: 0.0528 Cost: 2.6403 Pre: 0.9818 Re: 0.9878 Acc: 0.9854 F1: 0.9848
Epoch 269: Time: 0.0510 Cost: 2.6439 Pre: 0.9818 Re: 0.9890 Acc: 0.9860 F1: 0.9854
Epoch 270: Time: 0.0511 Cost: 2.6614 Pre: 0.9782 Re: 0.9866 Acc: 0.9831 F1: 0.9824


--------------------------------------------------------------------
Eval results: Cost:2.3855 Pre:0.9712 Re:0.9870 Acc:0.9819 F1:0.9790
--------------------------------------------------------------------

Epoch 271: Time: 0.0529 Cost: 2.5917 Pre: 0.9819 Re: 0.9902 Acc: 0.9866 F1: 0.9860
Epoch 272: Time: 0.0505 Cost: 2.5333 Pre: 0.9831 Re: 0.9902 Acc: 0.9871 F1: 0.9866
Epoch 273: Time: 0.0493 Cost: 2.5324 Pre: 0.9830 Re: 0.9890 Acc: 0.9866 F1: 0.9860
Epoch 274: Time: 0.0496 Cost: 2.5411 Pre: 0.9819 Re: 0.9902 Acc: 0.9866 F1: 0.9860
Epoch 275: Time: 0.0503 Cost: 2.5629 Pre: 0.9795 Re: 0.9902 Acc: 0.9854 F1: 0.9848
Epoch 276: Time: 0.0491 Cost: 2.4869 Pre: 0.9831 Re: 0.9902 Acc: 0.9871 F1: 0.9866
Epoch 277: Time: 0.0494 Cost: 2.4214 Pre: 0.9854 Re: 0.9902 Acc: 0.9883 F1: 0.9878
Epoch 278: Time: 0.0489 Cost: 2.4244 Pre: 0.9854 Re: 0.9902 Acc: 0.9883 F1: 0.9878
Epoch 279: Time: 0.0494 Cost: 2.4610 Pre: 0.9842 Re: 0.9890 Acc: 0.9871 F1: 0.9866
Epoch 280: Time: 0.0499 Cost: 2.4557 Pre: 0.9831 Re: 0.9902 Acc: 0.9871 F1: 0.9866


--------------------------------------------------------------------
Eval results: Cost:2.2423 Pre:0.9712 Re:0.9870 Acc:0.9819 F1:0.9790
--------------------------------------------------------------------

Epoch 281: Time: 0.0489 Cost: 2.3795 Pre: 0.9842 Re: 0.9902 Acc: 0.9877 F1: 0.9872
Epoch 282: Time: 0.0486 Cost: 2.3304 Pre: 0.9854 Re: 0.9902 Acc: 0.9883 F1: 0.9878
Epoch 283: Time: 0.0485 Cost: 2.3250 Pre: 0.9854 Re: 0.9902 Acc: 0.9883 F1: 0.9878
Epoch 284: Time: 0.0493 Cost: 2.3320 Pre: 0.9842 Re: 0.9902 Acc: 0.9877 F1: 0.9872
Epoch 285: Time: 0.0489 Cost: 2.3664 Pre: 0.9831 Re: 0.9915 Acc: 0.9877 F1: 0.9872
Epoch 286: Time: 0.0486 Cost: 2.2871 Pre: 0.9843 Re: 0.9915 Acc: 0.9883 F1: 0.9878
Epoch 287: Time: 0.0488 Cost: 2.2361 Pre: 0.9855 Re: 0.9915 Acc: 0.9889 F1: 0.9884
Epoch 288: Time: 0.0485 Cost: 2.2266 Pre: 0.9855 Re: 0.9915 Acc: 0.9889 F1: 0.9884
Epoch 289: Time: 0.0494 Cost: 2.2173 Pre: 0.9855 Re: 0.9915 Acc: 0.9889 F1: 0.9884
Epoch 290: Time: 0.0501 Cost: 2.2283 Pre: 0.9855 Re: 0.9915 Acc: 0.9889 F1: 0.9884


--------------------------------------------------------------------
Eval results: Cost:2.1395 Pre:0.9774 Re:0.9870 Acc:0.9847 F1:0.9822
--------------------------------------------------------------------

Epoch 291: Time: 0.0489 Cost: 2.2386 Pre: 0.9842 Re: 0.9902 Acc: 0.9877 F1: 0.9872
Epoch 292: Time: 0.0497 Cost: 2.1748 Pre: 0.9855 Re: 0.9915 Acc: 0.9889 F1: 0.9884
Epoch 293: Time: 0.0501 Cost: 2.1299 Pre: 0.9891 Re: 0.9915 Acc: 0.9907 F1: 0.9903
Epoch 294: Time: 0.0499 Cost: 2.1142 Pre: 0.9878 Re: 0.9915 Acc: 0.9901 F1: 0.9897
Epoch 295: Time: 0.0489 Cost: 2.1013 Pre: 0.9878 Re: 0.9915 Acc: 0.9901 F1: 0.9897
Epoch 296: Time: 0.0486 Cost: 2.0807 Pre: 0.9878 Re: 0.9915 Acc: 0.9901 F1: 0.9897
Epoch 297: Time: 0.0490 Cost: 2.0690 Pre: 0.9867 Re: 0.9915 Acc: 0.9895 F1: 0.9891
Epoch 298: Time: 0.0520 Cost: 2.0785 Pre: 0.9878 Re: 0.9915 Acc: 0.9901 F1: 0.9897
Epoch 299: Time: 0.0533 Cost: 2.0579 Pre: 0.9878 Re: 0.9915 Acc: 0.9901 F1: 0.9897
Epoch 300: Time: 0.0525 Cost: 2.0128 Pre: 0.9891 Re: 0.9915 Acc: 0.9907 F1: 0.9903


--------------------------------------------------------------------
Eval results: Cost:1.9623 Pre:0.9743 Re:0.9870 Acc:0.9833 F1:0.9806
--------------------------------------------------------------------

Epoch 301: Time: 0.0513 Cost: 1.9911 Pre: 0.9891 Re: 0.9915 Acc: 0.9907 F1: 0.9903
Epoch 302: Time: 0.0509 Cost: 1.9816 Pre: 0.9903 Re: 0.9915 Acc: 0.9912 F1: 0.9909
Epoch 303: Time: 0.0512 Cost: 1.9713 Pre: 0.9903 Re: 0.9915 Acc: 0.9912 F1: 0.9909
Epoch 304: Time: 0.0517 Cost: 1.9504 Pre: 0.9903 Re: 0.9915 Acc: 0.9912 F1: 0.9909
Epoch 305: Time: 0.0536 Cost: 1.9277 Pre: 0.9903 Re: 0.9915 Acc: 0.9912 F1: 0.9909
Epoch 306: Time: 0.0512 Cost: 1.9066 Pre: 0.9903 Re: 0.9915 Acc: 0.9912 F1: 0.9909
Epoch 307: Time: 0.0499 Cost: 1.8902 Pre: 0.9903 Re: 0.9915 Acc: 0.9912 F1: 0.9909
Epoch 308: Time: 0.0511 Cost: 1.8713 Pre: 0.9903 Re: 0.9915 Acc: 0.9912 F1: 0.9909
Epoch 309: Time: 0.0508 Cost: 1.8520 Pre: 0.9903 Re: 0.9915 Acc: 0.9912 F1: 0.9909
Epoch 310: Time: 0.0486 Cost: 1.8398 Pre: 0.9903 Re: 0.9915 Acc: 0.9912 F1: 0.9909


--------------------------------------------------------------------
Eval results: Cost:1.8300 Pre:0.9806 Re:0.9870 Acc:0.9861 F1:0.9838
--------------------------------------------------------------------

Epoch 311: Time: 0.0495 Cost: 1.8207 Pre: 0.9903 Re: 0.9927 Acc: 0.9918 F1: 0.9915
Epoch 312: Time: 0.0512 Cost: 1.8059 Pre: 0.9903 Re: 0.9927 Acc: 0.9918 F1: 0.9915
Epoch 313: Time: 0.0496 Cost: 1.7816 Pre: 0.9903 Re: 0.9927 Acc: 0.9918 F1: 0.9915
Epoch 314: Time: 0.0502 Cost: 1.7647 Pre: 0.9903 Re: 0.9927 Acc: 0.9918 F1: 0.9915
Epoch 315: Time: 0.0495 Cost: 1.7409 Pre: 0.9915 Re: 0.9927 Acc: 0.9924 F1: 0.9921
Epoch 316: Time: 0.0491 Cost: 1.7255 Pre: 0.9915 Re: 0.9927 Acc: 0.9924 F1: 0.9921
Epoch 317: Time: 0.0491 Cost: 1.7010 Pre: 0.9915 Re: 0.9927 Acc: 0.9924 F1: 0.9921
Epoch 318: Time: 0.0490 Cost: 1.6846 Pre: 0.9915 Re: 0.9939 Acc: 0.9930 F1: 0.9927
Epoch 319: Time: 0.0487 Cost: 1.6565 Pre: 0.9915 Re: 0.9939 Acc: 0.9930 F1: 0.9927
Epoch 320: Time: 0.0560 Cost: 1.6172 Pre: 0.9915 Re: 0.9939 Acc: 0.9930 F1: 0.9927


--------------------------------------------------------------------
Eval results: Cost:1.6808 Pre:0.9838 Re:0.9902 Acc:0.9889 F1:0.9870
--------------------------------------------------------------------

Epoch 321: Time: 0.0500 Cost: 1.5964 Pre: 0.9915 Re: 0.9939 Acc: 0.9930 F1: 0.9927
Epoch 322: Time: 0.0487 Cost: 1.5740 Pre: 0.9915 Re: 0.9939 Acc: 0.9930 F1: 0.9927
Epoch 323: Time: 0.0486 Cost: 1.5537 Pre: 0.9915 Re: 0.9939 Acc: 0.9930 F1: 0.9927
Epoch 324: Time: 0.0492 Cost: 1.5351 Pre: 0.9915 Re: 0.9939 Acc: 0.9930 F1: 0.9927
Epoch 325: Time: 0.0487 Cost: 1.5175 Pre: 0.9915 Re: 0.9939 Acc: 0.9930 F1: 0.9927
Epoch 326: Time: 0.0486 Cost: 1.4998 Pre: 0.9915 Re: 0.9939 Acc: 0.9930 F1: 0.9927
Epoch 327: Time: 0.0494 Cost: 1.4828 Pre: 0.9927 Re: 0.9939 Acc: 0.9936 F1: 0.9933
Epoch 328: Time: 0.0488 Cost: 1.4660 Pre: 0.9927 Re: 0.9939 Acc: 0.9936 F1: 0.9933
Epoch 329: Time: 0.0487 Cost: 1.4495 Pre: 0.9927 Re: 0.9927 Acc: 0.9930 F1: 0.9927
Epoch 330: Time: 0.0488 Cost: 1.4333 Pre: 0.9939 Re: 0.9927 Acc: 0.9936 F1: 0.9933


--------------------------------------------------------------------
Eval results: Cost:1.5198 Pre:0.9838 Re:0.9902 Acc:0.9889 F1:0.9870
--------------------------------------------------------------------

Epoch 331: Time: 0.0492 Cost: 1.4205 Pre: 0.9951 Re: 0.9927 Acc: 0.9942 F1: 0.9939
Epoch 332: Time: 0.0487 Cost: 1.4012 Pre: 0.9963 Re: 0.9927 Acc: 0.9947 F1: 0.9945
Epoch 333: Time: 0.0485 Cost: 1.3861 Pre: 0.9951 Re: 0.9927 Acc: 0.9942 F1: 0.9939
Epoch 334: Time: 0.0491 Cost: 1.3701 Pre: 0.9963 Re: 0.9927 Acc: 0.9947 F1: 0.9945
Epoch 335: Time: 0.0486 Cost: 1.3581 Pre: 0.9963 Re: 0.9927 Acc: 0.9947 F1: 0.9945
Epoch 336: Time: 0.0492 Cost: 1.3408 Pre: 0.9963 Re: 0.9927 Acc: 0.9947 F1: 0.9945
Epoch 337: Time: 0.0491 Cost: 1.3361 Pre: 0.9963 Re: 0.9927 Acc: 0.9947 F1: 0.9945
Epoch 338: Time: 0.0485 Cost: 1.3156 Pre: 0.9975 Re: 0.9927 Acc: 0.9953 F1: 0.9951
Epoch 339: Time: 0.0494 Cost: 1.3142 Pre: 0.9975 Re: 0.9927 Acc: 0.9953 F1: 0.9951
Epoch 340: Time: 0.0507 Cost: 1.2865 Pre: 0.9975 Re: 0.9927 Acc: 0.9953 F1: 0.9951


--------------------------------------------------------------------
Eval results: Cost:1.3926 Pre:0.9870 Re:0.9902 Acc:0.9903 F1:0.9886
--------------------------------------------------------------------

Epoch 341: Time: 0.0585 Cost: 1.2799 Pre: 0.9975 Re: 0.9927 Acc: 0.9953 F1: 0.9951
Epoch 342: Time: 0.0499 Cost: 1.2543 Pre: 0.9975 Re: 0.9927 Acc: 0.9953 F1: 0.9951
Epoch 343: Time: 0.0511 Cost: 1.2456 Pre: 0.9975 Re: 0.9927 Acc: 0.9953 F1: 0.9951
Epoch 344: Time: 0.0509 Cost: 1.2251 Pre: 0.9975 Re: 0.9927 Acc: 0.9953 F1: 0.9951
Epoch 345: Time: 0.0519 Cost: 1.2135 Pre: 0.9975 Re: 0.9927 Acc: 0.9953 F1: 0.9951
Epoch 346: Time: 0.0557 Cost: 1.1953 Pre: 0.9988 Re: 0.9927 Acc: 0.9959 F1: 0.9957
Epoch 347: Time: 0.0506 Cost: 1.1701 Pre: 0.9988 Re: 0.9927 Acc: 0.9959 F1: 0.9957
Epoch 348: Time: 0.0505 Cost: 1.1325 Pre: 1.0000 Re: 0.9939 Acc: 0.9971 F1: 0.9969
Epoch 349: Time: 0.0526 Cost: 1.1389 Pre: 0.9975 Re: 0.9927 Acc: 0.9953 F1: 0.9951
Epoch 350: Time: 0.0499 Cost: 1.1420 Pre: 1.0000 Re: 0.9927 Acc: 0.9965 F1: 0.9963


--------------------------------------------------------------------
Eval results: Cost:1.2240 Pre:0.9902 Re:0.9902 Acc:0.9916 F1:0.9902
--------------------------------------------------------------------

Epoch 351: Time: 0.0503 Cost: 1.1186 Pre: 0.9988 Re: 0.9927 Acc: 0.9959 F1: 0.9957
Epoch 352: Time: 0.0488 Cost: 1.0906 Pre: 1.0000 Re: 0.9927 Acc: 0.9965 F1: 0.9963
Epoch 353: Time: 0.0489 Cost: 1.0853 Pre: 1.0000 Re: 0.9927 Acc: 0.9965 F1: 0.9963
Epoch 354: Time: 0.0491 Cost: 1.0587 Pre: 1.0000 Re: 0.9927 Acc: 0.9965 F1: 0.9963
Epoch 355: Time: 0.0514 Cost: 1.0367 Pre: 1.0000 Re: 0.9927 Acc: 0.9965 F1: 0.9963
Epoch 356: Time: 0.0503 Cost: 1.0265 Pre: 1.0000 Re: 0.9927 Acc: 0.9965 F1: 0.9963
Epoch 357: Time: 0.0491 Cost: 1.0213 Pre: 1.0000 Re: 0.9927 Acc: 0.9965 F1: 0.9963
Epoch 358: Time: 0.0500 Cost: 1.0062 Pre: 1.0000 Re: 0.9927 Acc: 0.9965 F1: 0.9963
Epoch 359: Time: 0.0490 Cost: 1.0184 Pre: 1.0000 Re: 0.9927 Acc: 0.9965 F1: 0.9963
Epoch 360: Time: 0.0487 Cost: 0.9887 Pre: 1.0000 Re: 0.9927 Acc: 0.9965 F1: 0.9963


--------------------------------------------------------------------
Eval results: Cost:1.1366 Pre:0.9935 Re:0.9902 Acc:0.9930 F1:0.9918
--------------------------------------------------------------------

Epoch 361: Time: 0.0486 Cost: 0.9882 Pre: 0.9988 Re: 0.9927 Acc: 0.9959 F1: 0.9957
Epoch 362: Time: 0.0488 Cost: 1.0019 Pre: 0.9988 Re: 0.9927 Acc: 0.9959 F1: 0.9957
Epoch 363: Time: 0.0485 Cost: 0.9780 Pre: 1.0000 Re: 0.9927 Acc: 0.9965 F1: 0.9963
Epoch 364: Time: 0.0529 Cost: 0.9572 Pre: 1.0000 Re: 0.9927 Acc: 0.9965 F1: 0.9963
Epoch 365: Time: 0.0527 Cost: 0.9350 Pre: 1.0000 Re: 0.9927 Acc: 0.9965 F1: 0.9963
Epoch 366: Time: 0.0513 Cost: 0.9237 Pre: 1.0000 Re: 0.9927 Acc: 0.9965 F1: 0.9963
Epoch 367: Time: 0.0514 Cost: 0.9185 Pre: 1.0000 Re: 0.9927 Acc: 0.9965 F1: 0.9963
Epoch 368: Time: 0.0525 Cost: 0.9048 Pre: 1.0000 Re: 0.9927 Acc: 0.9965 F1: 0.9963
Epoch 369: Time: 0.0508 Cost: 0.9056 Pre: 1.0000 Re: 0.9927 Acc: 0.9965 F1: 0.9963
Epoch 370: Time: 0.0523 Cost: 0.9151 Pre: 0.9988 Re: 0.9927 Acc: 0.9959 F1: 0.9957


--------------------------------------------------------------------
Eval results: Cost:0.9576 Pre:1.0000 Re:0.9902 Acc:0.9958 F1:0.9951
--------------------------------------------------------------------

Epoch 371: Time: 0.0510 Cost: 0.9043 Pre: 1.0000 Re: 0.9927 Acc: 0.9965 F1: 0.9963
Epoch 372: Time: 0.0501 Cost: 0.8888 Pre: 1.0000 Re: 0.9927 Acc: 0.9965 F1: 0.9963
Epoch 373: Time: 0.0497 Cost: 0.8642 Pre: 1.0000 Re: 0.9927 Acc: 0.9965 F1: 0.9963
Epoch 374: Time: 0.0496 Cost: 0.8480 Pre: 1.0000 Re: 0.9927 Acc: 0.9965 F1: 0.9963
Epoch 375: Time: 0.0488 Cost: 0.8420 Pre: 1.0000 Re: 0.9927 Acc: 0.9965 F1: 0.9963
Epoch 376: Time: 0.0486 Cost: 0.8269 Pre: 1.0000 Re: 0.9927 Acc: 0.9965 F1: 0.9963
Epoch 377: Time: 0.0501 Cost: 0.8237 Pre: 1.0000 Re: 0.9927 Acc: 0.9965 F1: 0.9963
Epoch 378: Time: 0.0505 Cost: 0.8570 Pre: 0.9988 Re: 0.9927 Acc: 0.9959 F1: 0.9957
Epoch 379: Time: 0.0491 Cost: 0.8210 Pre: 1.0000 Re: 0.9927 Acc: 0.9965 F1: 0.9963
Epoch 380: Time: 0.0498 Cost: 0.8096 Pre: 1.0000 Re: 0.9927 Acc: 0.9965 F1: 0.9963


--------------------------------------------------------------------
Eval results: Cost:0.9625 Pre:0.9967 Re:0.9902 Acc:0.9944 F1:0.9935
--------------------------------------------------------------------

Epoch 381: Time: 0.0491 Cost: 0.7898 Pre: 1.0000 Re: 0.9927 Acc: 0.9965 F1: 0.9963
Epoch 382: Time: 0.0485 Cost: 0.8056 Pre: 1.0000 Re: 0.9927 Acc: 0.9965 F1: 0.9963
Epoch 383: Time: 0.0498 Cost: 0.7924 Pre: 1.0000 Re: 0.9927 Acc: 0.9965 F1: 0.9963
Epoch 384: Time: 0.0486 Cost: 0.7779 Pre: 1.0000 Re: 0.9927 Acc: 0.9965 F1: 0.9963
Epoch 385: Time: 0.0506 Cost: 0.7702 Pre: 1.0000 Re: 0.9927 Acc: 0.9965 F1: 0.9963
Epoch 386: Time: 0.0523 Cost: 0.7631 Pre: 1.0000 Re: 0.9927 Acc: 0.9965 F1: 0.9963
Epoch 387: Time: 0.0522 Cost: 0.7547 Pre: 1.0000 Re: 0.9927 Acc: 0.9965 F1: 0.9963
Epoch 388: Time: 0.0517 Cost: 0.7473 Pre: 1.0000 Re: 0.9927 Acc: 0.9965 F1: 0.9963
Epoch 389: Time: 0.0518 Cost: 0.7381 Pre: 1.0000 Re: 0.9927 Acc: 0.9965 F1: 0.9963
Epoch 390: Time: 0.0522 Cost: 0.7229 Pre: 1.0000 Re: 0.9927 Acc: 0.9965 F1: 0.9963


--------------------------------------------------------------------
Eval results: Cost:0.8039 Pre:1.0000 Re:0.9902 Acc:0.9958 F1:0.9951
--------------------------------------------------------------------

Epoch 391: Time: 0.0515 Cost: 0.7249 Pre: 1.0000 Re: 0.9927 Acc: 0.9965 F1: 0.9963
Epoch 392: Time: 0.0519 Cost: 0.7163 Pre: 1.0000 Re: 0.9927 Acc: 0.9965 F1: 0.9963
Epoch 393: Time: 0.0510 Cost: 0.6987 Pre: 1.0000 Re: 0.9927 Acc: 0.9965 F1: 0.9963
Epoch 394: Time: 0.0491 Cost: 0.6957 Pre: 1.0000 Re: 0.9939 Acc: 0.9971 F1: 0.9969
Epoch 395: Time: 0.0496 Cost: 0.7207 Pre: 0.9988 Re: 0.9927 Acc: 0.9959 F1: 0.9957
Epoch 396: Time: 0.0505 Cost: 0.7275 Pre: 1.0000 Re: 0.9939 Acc: 0.9971 F1: 0.9969
Epoch 397: Time: 0.0488 Cost: 0.6861 Pre: 1.0000 Re: 0.9927 Acc: 0.9965 F1: 0.9963
Epoch 398: Time: 0.0497 Cost: 0.6583 Pre: 1.0000 Re: 0.9939 Acc: 0.9971 F1: 0.9969
Epoch 399: Time: 0.0503 Cost: 0.6548 Pre: 1.0000 Re: 0.9951 Acc: 0.9977 F1: 0.9976
Epoch 400: Time: 0.0500 Cost: 0.6484 Pre: 1.0000 Re: 0.9939 Acc: 0.9971 F1: 0.9969


--------------------------------------------------------------------
Eval results: Cost:0.7909 Pre:0.9967 Re:0.9935 Acc:0.9958 F1:0.9951
--------------------------------------------------------------------

Epoch 401: Time: 0.0495 Cost: 0.6361 Pre: 1.0000 Re: 0.9951 Acc: 0.9977 F1: 0.9976
Epoch 402: Time: 0.0494 Cost: 0.6306 Pre: 1.0000 Re: 0.9939 Acc: 0.9971 F1: 0.9969
Epoch 403: Time: 0.0496 Cost: 0.6229 Pre: 1.0000 Re: 0.9951 Acc: 0.9977 F1: 0.9976
Epoch 404: Time: 0.0502 Cost: 0.6129 Pre: 1.0000 Re: 0.9951 Acc: 0.9977 F1: 0.9976
Epoch 405: Time: 0.0507 Cost: 0.6009 Pre: 1.0000 Re: 0.9951 Acc: 0.9977 F1: 0.9976
Epoch 406: Time: 0.0508 Cost: 0.5882 Pre: 1.0000 Re: 0.9951 Acc: 0.9977 F1: 0.9976
Epoch 407: Time: 0.0510 Cost: 0.5732 Pre: 1.0000 Re: 0.9963 Acc: 0.9982 F1: 0.9982
Epoch 408: Time: 0.0510 Cost: 0.5645 Pre: 1.0000 Re: 0.9963 Acc: 0.9982 F1: 0.9982
Epoch 409: Time: 0.0517 Cost: 0.5530 Pre: 1.0000 Re: 0.9963 Acc: 0.9982 F1: 0.9982
Epoch 410: Time: 0.0519 Cost: 0.5438 Pre: 1.0000 Re: 0.9963 Acc: 0.9982 F1: 0.9982


--------------------------------------------------------------------
Eval results: Cost:0.7447 Pre:0.9967 Re:0.9935 Acc:0.9958 F1:0.9951
--------------------------------------------------------------------

Epoch 411: Time: 0.0512 Cost: 0.5415 Pre: 1.0000 Re: 0.9963 Acc: 0.9982 F1: 0.9982
Epoch 412: Time: 0.0513 Cost: 0.5554 Pre: 1.0000 Re: 0.9976 Acc: 0.9988 F1: 0.9988
Epoch 413: Time: 0.0513 Cost: 0.5468 Pre: 1.0000 Re: 0.9976 Acc: 0.9988 F1: 0.9988
Epoch 414: Time: 0.0505 Cost: 0.5293 Pre: 1.0000 Re: 0.9963 Acc: 0.9982 F1: 0.9982
Epoch 415: Time: 0.0487 Cost: 0.5307 Pre: 1.0000 Re: 0.9976 Acc: 0.9988 F1: 0.9988
Epoch 416: Time: 0.0486 Cost: 0.5227 Pre: 1.0000 Re: 0.9976 Acc: 0.9988 F1: 0.9988
Epoch 417: Time: 0.0490 Cost: 0.5098 Pre: 1.0000 Re: 0.9976 Acc: 0.9988 F1: 0.9988
Epoch 418: Time: 0.0492 Cost: 0.4990 Pre: 1.0000 Re: 0.9976 Acc: 0.9988 F1: 0.9988
Epoch 419: Time: 0.0485 Cost: 0.4972 Pre: 1.0000 Re: 0.9976 Acc: 0.9988 F1: 0.9988
Epoch 420: Time: 0.0494 Cost: 0.4867 Pre: 1.0000 Re: 0.9976 Acc: 0.9988 F1: 0.9988


--------------------------------------------------------------------
Eval results: Cost:0.6630 Pre:0.9967 Re:0.9967 Acc:0.9972 F1:0.9967
--------------------------------------------------------------------

Epoch 421: Time: 0.0497 Cost: 0.4758 Pre: 1.0000 Re: 0.9976 Acc: 0.9988 F1: 0.9988
Epoch 422: Time: 0.0501 Cost: 0.4728 Pre: 1.0000 Re: 0.9976 Acc: 0.9988 F1: 0.9988
Epoch 423: Time: 0.0503 Cost: 0.4676 Pre: 1.0000 Re: 0.9976 Acc: 0.9988 F1: 0.9988
Epoch 424: Time: 0.0507 Cost: 0.4640 Pre: 1.0000 Re: 0.9976 Acc: 0.9988 F1: 0.9988
Epoch 425: Time: 0.0486 Cost: 0.4593 Pre: 1.0000 Re: 0.9988 Acc: 0.9994 F1: 0.9994
Epoch 426: Time: 0.0487 Cost: 0.4539 Pre: 1.0000 Re: 0.9988 Acc: 0.9994 F1: 0.9994
Epoch 427: Time: 0.0498 Cost: 0.4482 Pre: 1.0000 Re: 0.9988 Acc: 0.9994 F1: 0.9994
Epoch 428: Time: 0.0491 Cost: 0.4427 Pre: 1.0000 Re: 0.9988 Acc: 0.9994 F1: 0.9994
Epoch 429: Time: 0.0493 Cost: 0.4370 Pre: 1.0000 Re: 0.9988 Acc: 0.9994 F1: 0.9994
Epoch 430: Time: 0.0492 Cost: 0.4312 Pre: 1.0000 Re: 0.9988 Acc: 0.9994 F1: 0.9994


--------------------------------------------------------------------
Eval results: Cost:0.6167 Pre:0.9967 Re:0.9967 Acc:0.9972 F1:0.9967
--------------------------------------------------------------------

Epoch 431: Time: 0.0506 Cost: 0.4220 Pre: 1.0000 Re: 0.9988 Acc: 0.9994 F1: 0.9994
Epoch 432: Time: 0.0505 Cost: 0.4190 Pre: 1.0000 Re: 0.9988 Acc: 0.9994 F1: 0.9994
Epoch 433: Time: 0.0501 Cost: 0.4149 Pre: 1.0000 Re: 0.9988 Acc: 0.9994 F1: 0.9994
Epoch 434: Time: 0.0509 Cost: 0.4111 Pre: 1.0000 Re: 0.9988 Acc: 0.9994 F1: 0.9994
Epoch 435: Time: 0.0504 Cost: 0.4069 Pre: 1.0000 Re: 0.9988 Acc: 0.9994 F1: 0.9994
Epoch 436: Time: 0.0509 Cost: 0.4028 Pre: 1.0000 Re: 0.9988 Acc: 0.9994 F1: 0.9994
Epoch 437: Time: 0.0511 Cost: 0.3975 Pre: 1.0000 Re: 0.9988 Acc: 0.9994 F1: 0.9994
Epoch 438: Time: 0.0506 Cost: 0.3926 Pre: 1.0000 Re: 0.9988 Acc: 0.9994 F1: 0.9994
Epoch 439: Time: 0.0606 Cost: 0.3877 Pre: 1.0000 Re: 0.9988 Acc: 0.9994 F1: 0.9994
Epoch 440: Time: 0.0562 Cost: 0.3829 Pre: 1.0000 Re: 0.9988 Acc: 0.9994 F1: 0.9994


--------------------------------------------------------------------
Eval results: Cost:0.5628 Pre:0.9967 Re:0.9967 Acc:0.9972 F1:0.9967
--------------------------------------------------------------------

Epoch 441: Time: 0.0511 Cost: 0.3744 Pre: 1.0000 Re: 0.9988 Acc: 0.9994 F1: 0.9994
Epoch 442: Time: 0.0503 Cost: 0.3724 Pre: 1.0000 Re: 0.9988 Acc: 0.9994 F1: 0.9994
Epoch 443: Time: 0.0501 Cost: 0.3688 Pre: 1.0000 Re: 0.9988 Acc: 0.9994 F1: 0.9994
Epoch 444: Time: 0.0498 Cost: 0.3655 Pre: 1.0000 Re: 0.9988 Acc: 0.9994 F1: 0.9994
Epoch 445: Time: 0.0487 Cost: 0.3624 Pre: 1.0000 Re: 0.9988 Acc: 0.9994 F1: 0.9994
Epoch 446: Time: 0.0489 Cost: 0.3589 Pre: 1.0000 Re: 0.9988 Acc: 0.9994 F1: 0.9994
Epoch 447: Time: 0.0489 Cost: 0.3544 Pre: 1.0000 Re: 0.9988 Acc: 0.9994 F1: 0.9994
Epoch 448: Time: 0.0492 Cost: 0.3500 Pre: 1.0000 Re: 0.9988 Acc: 0.9994 F1: 0.9994
Epoch 449: Time: 0.0651 Cost: 0.3456 Pre: 1.0000 Re: 0.9988 Acc: 0.9994 F1: 0.9994
Epoch 450: Time: 0.0510 Cost: 0.3414 Pre: 1.0000 Re: 0.9988 Acc: 0.9994 F1: 0.9994


--------------------------------------------------------------------
Eval results: Cost:0.5085 Pre:0.9967 Re:0.9967 Acc:0.9972 F1:0.9967
--------------------------------------------------------------------

Epoch 451: Time: 0.0533 Cost: 0.3335 Pre: 1.0000 Re: 0.9988 Acc: 0.9994 F1: 0.9994
Epoch 452: Time: 0.0548 Cost: 0.3318 Pre: 1.0000 Re: 0.9988 Acc: 0.9994 F1: 0.9994
Epoch 453: Time: 0.0523 Cost: 0.3290 Pre: 1.0000 Re: 0.9988 Acc: 0.9994 F1: 0.9994
Epoch 454: Time: 0.0525 Cost: 0.3262 Pre: 1.0000 Re: 0.9988 Acc: 0.9994 F1: 0.9994
Epoch 455: Time: 0.0530 Cost: 0.3238 Pre: 1.0000 Re: 0.9988 Acc: 0.9994 F1: 0.9994
Epoch 456: Time: 0.0547 Cost: 0.3208 Pre: 1.0000 Re: 0.9988 Acc: 0.9994 F1: 0.9994
Epoch 457: Time: 0.0513 Cost: 0.3170 Pre: 1.0000 Re: 0.9988 Acc: 0.9994 F1: 0.9994
Epoch 458: Time: 0.0512 Cost: 0.3131 Pre: 1.0000 Re: 0.9988 Acc: 0.9994 F1: 0.9994
Epoch 459: Time: 0.0504 Cost: 0.3092 Pre: 1.0000 Re: 0.9988 Acc: 0.9994 F1: 0.9994
Epoch 460: Time: 0.0503 Cost: 0.3053 Pre: 1.0000 Re: 0.9988 Acc: 0.9994 F1: 0.9994


--------------------------------------------------------------------
Eval results: Cost:0.4559 Pre:1.0000 Re:0.9967 Acc:0.9986 F1:0.9984
--------------------------------------------------------------------

Epoch 461: Time: 0.0489 Cost: 0.2983 Pre: 1.0000 Re: 0.9988 Acc: 0.9994 F1: 0.9994
Epoch 462: Time: 0.0504 Cost: 0.2965 Pre: 1.0000 Re: 0.9988 Acc: 0.9994 F1: 0.9994
Epoch 463: Time: 0.0492 Cost: 0.2946 Pre: 1.0000 Re: 0.9988 Acc: 0.9994 F1: 0.9994
Epoch 464: Time: 0.0486 Cost: 0.2918 Pre: 1.0000 Re: 0.9988 Acc: 0.9994 F1: 0.9994
Epoch 465: Time: 0.0497 Cost: 0.2896 Pre: 1.0000 Re: 0.9988 Acc: 0.9994 F1: 0.9994
Epoch 466: Time: 0.0514 Cost: 0.2867 Pre: 1.0000 Re: 0.9988 Acc: 0.9994 F1: 0.9994
Epoch 467: Time: 0.0489 Cost: 0.2832 Pre: 1.0000 Re: 0.9988 Acc: 0.9994 F1: 0.9994
Epoch 468: Time: 0.0498 Cost: 0.2796 Pre: 1.0000 Re: 0.9988 Acc: 0.9994 F1: 0.9994
Epoch 469: Time: 0.0490 Cost: 0.2762 Pre: 1.0000 Re: 0.9988 Acc: 0.9994 F1: 0.9994
Epoch 470: Time: 0.0485 Cost: 0.2727 Pre: 1.0000 Re: 0.9988 Acc: 0.9994 F1: 0.9994


--------------------------------------------------------------------
Eval results: Cost:0.4132 Pre:1.0000 Re:0.9967 Acc:0.9986 F1:0.9984
--------------------------------------------------------------------

Epoch 471: Time: 0.0495 Cost: 0.2679 Pre: 1.0000 Re: 0.9988 Acc: 0.9994 F1: 0.9994
Epoch 472: Time: 0.0488 Cost: 0.2652 Pre: 1.0000 Re: 0.9988 Acc: 0.9994 F1: 0.9994
Epoch 473: Time: 0.0485 Cost: 0.2636 Pre: 1.0000 Re: 0.9988 Acc: 0.9994 F1: 0.9994
Epoch 474: Time: 0.0490 Cost: 0.2605 Pre: 1.0000 Re: 0.9988 Acc: 0.9994 F1: 0.9994
Epoch 475: Time: 0.0518 Cost: 0.2577 Pre: 1.0000 Re: 0.9988 Acc: 0.9994 F1: 0.9994
Epoch 476: Time: 0.0509 Cost: 0.2542 Pre: 1.0000 Re: 0.9988 Acc: 0.9994 F1: 0.9994
Epoch 477: Time: 0.0508 Cost: 0.2513 Pre: 1.0000 Re: 0.9988 Acc: 0.9994 F1: 0.9994
Epoch 478: Time: 0.0531 Cost: 0.2484 Pre: 1.0000 Re: 0.9988 Acc: 0.9994 F1: 0.9994
Epoch 479: Time: 0.0529 Cost: 0.2448 Pre: 1.0000 Re: 0.9988 Acc: 0.9994 F1: 0.9994
Epoch 480: Time: 0.0519 Cost: 0.2427 Pre: 1.0000 Re: 0.9988 Acc: 0.9994 F1: 0.9994


--------------------------------------------------------------------
Eval results: Cost:0.3857 Pre:1.0000 Re:0.9967 Acc:0.9986 F1:0.9984
--------------------------------------------------------------------

Epoch 481: Time: 0.0505 Cost: 0.2387 Pre: 1.0000 Re: 0.9988 Acc: 0.9994 F1: 0.9994
Epoch 482: Time: 0.0502 Cost: 0.2373 Pre: 1.0000 Re: 0.9988 Acc: 0.9994 F1: 0.9994
Epoch 483: Time: 0.0506 Cost: 0.2342 Pre: 1.0000 Re: 0.9988 Acc: 0.9994 F1: 0.9994
Epoch 484: Time: 0.0497 Cost: 0.2321 Pre: 1.0000 Re: 0.9988 Acc: 0.9994 F1: 0.9994
Epoch 485: Time: 0.0505 Cost: 0.2312 Pre: 1.0000 Re: 0.9988 Acc: 0.9994 F1: 0.9994
Epoch 486: Time: 0.0738 Cost: 0.2278 Pre: 1.0000 Re: 0.9988 Acc: 0.9994 F1: 0.9994
Epoch 487: Time: 0.0576 Cost: 0.2287 Pre: 1.0000 Re: 0.9988 Acc: 0.9994 F1: 0.9994
Epoch 488: Time: 0.0543 Cost: 0.2279 Pre: 1.0000 Re: 0.9988 Acc: 0.9994 F1: 0.9994
Epoch 489: Time: 0.0598 Cost: 0.2230 Pre: 1.0000 Re: 0.9988 Acc: 0.9994 F1: 0.9994
Epoch 490: Time: 0.0541 Cost: 0.2186 Pre: 1.0000 Re: 0.9988 Acc: 0.9994 F1: 0.9994


--------------------------------------------------------------------
Eval results: Cost:0.3620 Pre:1.0000 Re:0.9967 Acc:0.9986 F1:0.9984
--------------------------------------------------------------------

Epoch 491: Time: 0.0557 Cost: 0.2154 Pre: 1.0000 Re: 0.9988 Acc: 0.9994 F1: 0.9994
Epoch 492: Time: 0.0614 Cost: 0.2131 Pre: 1.0000 Re: 0.9988 Acc: 0.9994 F1: 0.9994
Epoch 493: Time: 0.0513 Cost: 0.2111 Pre: 1.0000 Re: 0.9988 Acc: 0.9994 F1: 0.9994
Epoch 494: Time: 0.0528 Cost: 0.2094 Pre: 1.0000 Re: 0.9988 Acc: 0.9994 F1: 0.9994
Epoch 495: Time: 0.0677 Cost: 0.2080 Pre: 1.0000 Re: 0.9988 Acc: 0.9994 F1: 0.9994
Epoch 496: Time: 0.0668 Cost: 0.2062 Pre: 1.0000 Re: 0.9988 Acc: 0.9994 F1: 0.9994
Epoch 497: Time: 0.0554 Cost: 0.2039 Pre: 1.0000 Re: 0.9988 Acc: 0.9994 F1: 0.9994
Epoch 498: Time: 0.0625 Cost: 0.2017 Pre: 1.0000 Re: 0.9988 Acc: 0.9994 F1: 0.9994
Epoch 499: Time: 0.0540 Cost: 0.1994 Pre: 1.0000 Re: 0.9988 Acc: 0.9994 F1: 0.9994
Epoch 500: Time: 0.0508 Cost: 0.1970 Pre: 1.0000 Re: 0.9988 Acc: 0.9994 F1: 0.9994


--------------------------------------------------------------------
Eval results: Cost:0.3453 Pre:1.0000 Re:0.9967 Acc:0.9986 F1:0.9984
--------------------------------------------------------------------

Epoch 501: Time: 0.0564 Cost: 0.1950 Pre: 1.0000 Re: 0.9988 Acc: 0.9994 F1: 0.9994
Epoch 502: Time: 0.0554 Cost: 0.1918 Pre: 1.0000 Re: 0.9988 Acc: 0.9994 F1: 0.9994
Epoch 503: Time: 0.0555 Cost: 0.1899 Pre: 1.0000 Re: 0.9988 Acc: 0.9994 F1: 0.9994
Epoch 504: Time: 0.0504 Cost: 0.1884 Pre: 1.0000 Re: 0.9988 Acc: 0.9994 F1: 0.9994
Epoch 505: Time: 0.0509 Cost: 0.1867 Pre: 1.0000 Re: 0.9988 Acc: 0.9994 F1: 0.9994
Epoch 506: Time: 0.0605 Cost: 0.1847 Pre: 1.0000 Re: 0.9988 Acc: 0.9994 F1: 0.9994
Epoch 507: Time: 0.0531 Cost: 0.1832 Pre: 1.0000 Re: 0.9988 Acc: 0.9994 F1: 0.9994
Epoch 508: Time: 0.0538 Cost: 0.1820 Pre: 1.0000 Re: 0.9988 Acc: 0.9994 F1: 0.9994
Epoch 509: Time: 0.0571 Cost: 0.1811 Pre: 1.0000 Re: 0.9988 Acc: 0.9994 F1: 0.9994
Epoch 510: Time: 0.0504 Cost: 0.1802 Pre: 1.0000 Re: 0.9988 Acc: 0.9994 F1: 0.9994


--------------------------------------------------------------------
Eval results: Cost:0.3252 Pre:1.0000 Re:0.9967 Acc:0.9986 F1:0.9984
--------------------------------------------------------------------

Epoch 511: Time: 0.0511 Cost: 0.1786 Pre: 1.0000 Re: 0.9988 Acc: 0.9994 F1: 0.9994
Epoch 512: Time: 0.0564 Cost: 0.1733 Pre: 1.0000 Re: 0.9988 Acc: 0.9994 F1: 0.9994
Epoch 513: Time: 0.0505 Cost: 0.1705 Pre: 1.0000 Re: 0.9988 Acc: 0.9994 F1: 0.9994
Epoch 514: Time: 0.0522 Cost: 0.1694 Pre: 1.0000 Re: 0.9988 Acc: 0.9994 F1: 0.9994
Epoch 515: Time: 0.0539 Cost: 0.1687 Pre: 1.0000 Re: 0.9988 Acc: 0.9994 F1: 0.9994
Epoch 516: Time: 0.0504 Cost: 0.1680 Pre: 1.0000 Re: 0.9988 Acc: 0.9994 F1: 0.9994
Epoch 517: Time: 0.0521 Cost: 0.1681 Pre: 1.0000 Re: 0.9988 Acc: 0.9994 F1: 0.9994
Epoch 518: Time: 0.0492 Cost: 0.1675 Pre: 1.0000 Re: 0.9988 Acc: 0.9994 F1: 0.9994
Epoch 519: Time: 0.0522 Cost: 0.1643 Pre: 1.0000 Re: 0.9988 Acc: 0.9994 F1: 0.9994
Epoch 520: Time: 0.0505 Cost: 0.1604 Pre: 1.0000 Re: 0.9988 Acc: 0.9994 F1: 0.9994


--------------------------------------------------------------------
Eval results: Cost:0.3063 Pre:1.0000 Re:0.9967 Acc:0.9986 F1:0.9984
--------------------------------------------------------------------

Epoch 521: Time: 0.0556 Cost: 0.1574 Pre: 1.0000 Re: 0.9988 Acc: 0.9994 F1: 0.9994
Epoch 522: Time: 0.0559 Cost: 0.1555 Pre: 1.0000 Re: 0.9988 Acc: 0.9994 F1: 0.9994
Epoch 523: Time: 0.0536 Cost: 0.1554 Pre: 1.0000 Re: 0.9988 Acc: 0.9994 F1: 0.9994
Epoch 524: Time: 0.0510 Cost: 0.1551 Pre: 1.0000 Re: 0.9988 Acc: 0.9994 F1: 0.9994
Epoch 525: Time: 0.0560 Cost: 0.1551 Pre: 1.0000 Re: 0.9988 Acc: 0.9994 F1: 0.9994
Epoch 526: Time: 0.0597 Cost: 0.1523 Pre: 1.0000 Re: 0.9988 Acc: 0.9994 F1: 0.9994
Epoch 527: Time: 0.0564 Cost: 0.1496 Pre: 1.0000 Re: 0.9988 Acc: 0.9994 F1: 0.9994
Epoch 528: Time: 0.0983 Cost: 0.1469 Pre: 1.0000 Re: 0.9988 Acc: 0.9994 F1: 0.9994
Epoch 529: Time: 0.1853 Cost: 0.1453 Pre: 1.0000 Re: 0.9988 Acc: 0.9994 F1: 0.9994
Epoch 530: Time: 0.2722 Cost: 0.1439 Pre: 1.0000 Re: 0.9988 Acc: 0.9994 F1: 0.9994


--------------------------------------------------------------------
Eval results: Cost:0.2953 Pre:1.0000 Re:0.9967 Acc:0.9986 F1:0.9984
--------------------------------------------------------------------

Epoch 531: Time: 0.0714 Cost: 0.1445 Pre: 1.0000 Re: 0.9988 Acc: 0.9994 F1: 0.9994
Epoch 532: Time: 0.0521 Cost: 0.1412 Pre: 1.0000 Re: 0.9988 Acc: 0.9994 F1: 0.9994
Epoch 533: Time: 0.0515 Cost: 0.1393 Pre: 1.0000 Re: 0.9988 Acc: 0.9994 F1: 0.9994
Epoch 534: Time: 0.0489 Cost: 0.1370 Pre: 1.0000 Re: 0.9988 Acc: 0.9994 F1: 0.9994
Epoch 535: Time: 0.0521 Cost: 0.1362 Pre: 1.0000 Re: 0.9988 Acc: 0.9994 F1: 0.9994
Epoch 536: Time: 0.0537 Cost: 0.1353 Pre: 1.0000 Re: 0.9988 Acc: 0.9994 F1: 0.9994
Epoch 537: Time: 0.0529 Cost: 0.1351 Pre: 1.0000 Re: 0.9988 Acc: 0.9994 F1: 0.9994
Epoch 538: Time: 0.0550 Cost: 0.1329 Pre: 1.0000 Re: 0.9988 Acc: 0.9994 F1: 0.9994
Epoch 539: Time: 0.0565 Cost: 0.1311 Pre: 1.0000 Re: 0.9988 Acc: 0.9994 F1: 0.9994
Epoch 540: Time: 0.0524 Cost: 0.1289 Pre: 1.0000 Re: 0.9988 Acc: 0.9994 F1: 0.9994


--------------------------------------------------------------------
Eval results: Cost:0.2774 Pre:1.0000 Re:0.9967 Acc:0.9986 F1:0.9984
--------------------------------------------------------------------

Epoch 541: Time: 0.0534 Cost: 0.1273 Pre: 1.0000 Re: 0.9988 Acc: 0.9994 F1: 0.9994
Epoch 542: Time: 0.0557 Cost: 0.1256 Pre: 1.0000 Re: 0.9988 Acc: 0.9994 F1: 0.9994
Epoch 543: Time: 0.0525 Cost: 0.1243 Pre: 1.0000 Re: 0.9988 Acc: 0.9994 F1: 0.9994
Epoch 544: Time: 0.0612 Cost: 0.1231 Pre: 1.0000 Re: 0.9988 Acc: 0.9994 F1: 0.9994
Epoch 545: Time: 0.1079 Cost: 0.1224 Pre: 1.0000 Re: 0.9988 Acc: 0.9994 F1: 0.9994
Epoch 546: Time: 0.0689 Cost: 0.1217 Pre: 1.0000 Re: 0.9988 Acc: 0.9994 F1: 0.9994
Epoch 547: Time: 0.0501 Cost: 0.1204 Pre: 1.0000 Re: 0.9988 Acc: 0.9994 F1: 0.9994
Epoch 548: Time: 0.0563 Cost: 0.1186 Pre: 1.0000 Re: 0.9988 Acc: 0.9994 F1: 0.9994
Epoch 549: Time: 0.0768 Cost: 0.1168 Pre: 1.0000 Re: 0.9988 Acc: 0.9994 F1: 0.9994
Epoch 550: Time: 0.0576 Cost: 0.1154 Pre: 1.0000 Re: 0.9988 Acc: 0.9994 F1: 0.9994


--------------------------------------------------------------------
Eval results: Cost:0.2659 Pre:1.0000 Re:0.9967 Acc:0.9986 F1:0.9984
--------------------------------------------------------------------

Epoch 551: Time: 0.0600 Cost: 0.1143 Pre: 1.0000 Re: 0.9988 Acc: 0.9994 F1: 0.9994
Epoch 552: Time: 0.0515 Cost: 0.1122 Pre: 1.0000 Re: 0.9988 Acc: 0.9994 F1: 0.9994
Epoch 553: Time: 0.0535 Cost: 0.1109 Pre: 1.0000 Re: 0.9988 Acc: 0.9994 F1: 0.9994
Epoch 554: Time: 0.0524 Cost: 0.1101 Pre: 1.0000 Re: 0.9988 Acc: 0.9994 F1: 0.9994
Epoch 555: Time: 0.0629 Cost: 0.1099 Pre: 1.0000 Re: 0.9988 Acc: 0.9994 F1: 0.9994
Epoch 556: Time: 0.0519 Cost: 0.1095 Pre: 1.0000 Re: 0.9988 Acc: 0.9994 F1: 0.9994
Epoch 557: Time: 0.0499 Cost: 0.1082 Pre: 1.0000 Re: 0.9988 Acc: 0.9994 F1: 0.9994
Epoch 558: Time: 0.0542 Cost: 0.1064 Pre: 1.0000 Re: 0.9988 Acc: 0.9994 F1: 0.9994
Epoch 559: Time: 0.0509 Cost: 0.1048 Pre: 1.0000 Re: 0.9988 Acc: 0.9994 F1: 0.9994
Epoch 560: Time: 0.0505 Cost: 0.1037 Pre: 1.0000 Re: 0.9988 Acc: 0.9994 F1: 0.9994


--------------------------------------------------------------------
Eval results: Cost:0.2550 Pre:1.0000 Re:0.9967 Acc:0.9986 F1:0.9984
--------------------------------------------------------------------

Epoch 561: Time: 0.0500 Cost: 0.1029 Pre: 1.0000 Re: 0.9988 Acc: 0.9994 F1: 0.9994
Epoch 562: Time: 0.0524 Cost: 0.1006 Pre: 1.0000 Re: 0.9988 Acc: 0.9994 F1: 0.9994
Epoch 563: Time: 0.0542 Cost: 0.0994 Pre: 1.0000 Re: 0.9988 Acc: 0.9994 F1: 0.9994
Epoch 564: Time: 0.0487 Cost: 0.0991 Pre: 1.0000 Re: 0.9988 Acc: 0.9994 F1: 0.9994
Epoch 565: Time: 0.0536 Cost: 0.0992 Pre: 1.0000 Re: 0.9988 Acc: 0.9994 F1: 0.9994
Epoch 566: Time: 0.0557 Cost: 0.0987 Pre: 1.0000 Re: 0.9988 Acc: 0.9994 F1: 0.9994
Epoch 567: Time: 0.0526 Cost: 0.0974 Pre: 1.0000 Re: 0.9988 Acc: 0.9994 F1: 0.9994
Epoch 568: Time: 0.0545 Cost: 0.0958 Pre: 1.0000 Re: 0.9988 Acc: 0.9994 F1: 0.9994
Epoch 569: Time: 0.0489 Cost: 0.0946 Pre: 1.0000 Re: 0.9988 Acc: 0.9994 F1: 0.9994
Epoch 570: Time: 0.0489 Cost: 0.0937 Pre: 1.0000 Re: 0.9988 Acc: 0.9994 F1: 0.9994


--------------------------------------------------------------------
Eval results: Cost:0.2418 Pre:1.0000 Re:0.9967 Acc:0.9986 F1:0.9984
--------------------------------------------------------------------

Epoch 571: Time: 0.0517 Cost: 0.0930 Pre: 1.0000 Re: 0.9988 Acc: 0.9994 F1: 0.9994
Epoch 572: Time: 0.0507 Cost: 0.0907 Pre: 1.0000 Re: 0.9988 Acc: 0.9994 F1: 0.9994
Epoch 573: Time: 0.0489 Cost: 0.0897 Pre: 1.0000 Re: 0.9988 Acc: 0.9994 F1: 0.9994
Epoch 574: Time: 0.0503 Cost: 0.0895 Pre: 1.0000 Re: 0.9988 Acc: 0.9994 F1: 0.9994
Epoch 575: Time: 0.0494 Cost: 0.0896 Pre: 1.0000 Re: 0.9988 Acc: 0.9994 F1: 0.9994
Epoch 576: Time: 0.0487 Cost: 0.0891 Pre: 1.0000 Re: 0.9988 Acc: 0.9994 F1: 0.9994
Epoch 577: Time: 0.0556 Cost: 0.0879 Pre: 1.0000 Re: 0.9988 Acc: 0.9994 F1: 0.9994
Epoch 578: Time: 0.0581 Cost: 0.0866 Pre: 1.0000 Re: 0.9988 Acc: 0.9994 F1: 0.9994
Epoch 579: Time: 0.0551 Cost: 0.0855 Pre: 1.0000 Re: 0.9988 Acc: 0.9994 F1: 0.9994
Epoch 580: Time: 0.0539 Cost: 0.0847 Pre: 1.0000 Re: 0.9988 Acc: 0.9994 F1: 0.9994


--------------------------------------------------------------------
Eval results: Cost:0.2248 Pre:1.0000 Re:0.9967 Acc:0.9986 F1:0.9984
--------------------------------------------------------------------

Epoch 581: Time: 0.0654 Cost: 0.0838 Pre: 1.0000 Re: 0.9988 Acc: 0.9994 F1: 0.9994
Epoch 582: Time: 0.0522 Cost: 0.0817 Pre: 1.0000 Re: 0.9988 Acc: 0.9994 F1: 0.9994
Epoch 583: Time: 0.0537 Cost: 0.0809 Pre: 1.0000 Re: 0.9988 Acc: 0.9994 F1: 0.9994
Epoch 584: Time: 0.0514 Cost: 0.0806 Pre: 1.0000 Re: 0.9988 Acc: 0.9994 F1: 0.9994
Epoch 585: Time: 0.0530 Cost: 0.0806 Pre: 1.0000 Re: 0.9988 Acc: 0.9994 F1: 0.9994
Epoch 586: Time: 0.0573 Cost: 0.0802 Pre: 1.0000 Re: 0.9988 Acc: 0.9994 F1: 0.9994
Epoch 587: Time: 0.0721 Cost: 0.0791 Pre: 1.0000 Re: 0.9988 Acc: 0.9994 F1: 0.9994
Epoch 588: Time: 0.0654 Cost: 0.0778 Pre: 1.0000 Re: 0.9988 Acc: 0.9994 F1: 0.9994
Epoch 589: Time: 0.0675 Cost: 0.0769 Pre: 1.0000 Re: 0.9988 Acc: 0.9994 F1: 0.9994
Epoch 590: Time: 0.0635 Cost: 0.0761 Pre: 1.0000 Re: 0.9988 Acc: 0.9994 F1: 0.9994


--------------------------------------------------------------------
Eval results: Cost:0.2061 Pre:1.0000 Re:0.9967 Acc:0.9986 F1:0.9984
--------------------------------------------------------------------

Epoch 591: Time: 0.0491 Cost: 0.0753 Pre: 1.0000 Re: 0.9988 Acc: 0.9994 F1: 0.9994
Epoch 592: Time: 0.0496 Cost: 0.0733 Pre: 1.0000 Re: 0.9988 Acc: 0.9994 F1: 0.9994
Epoch 593: Time: 0.0494 Cost: 0.0726 Pre: 1.0000 Re: 0.9988 Acc: 0.9994 F1: 0.9994
Epoch 594: Time: 0.0566 Cost: 0.0723 Pre: 1.0000 Re: 0.9988 Acc: 0.9994 F1: 0.9994
Epoch 595: Time: 0.0545 Cost: 0.0723 Pre: 1.0000 Re: 0.9988 Acc: 0.9994 F1: 0.9994
Epoch 596: Time: 0.0509 Cost: 0.0719 Pre: 1.0000 Re: 0.9988 Acc: 0.9994 F1: 0.9994
Epoch 597: Time: 0.0549 Cost: 0.0709 Pre: 1.0000 Re: 0.9988 Acc: 0.9994 F1: 0.9994
Epoch 598: Time: 0.0516 Cost: 0.0698 Pre: 1.0000 Re: 0.9988 Acc: 0.9994 F1: 0.9994
Epoch 599: Time: 0.0525 Cost: 0.0689 Pre: 1.0000 Re: 0.9988 Acc: 0.9994 F1: 0.9994
Epoch 600: Time: 0.0527 Cost: 0.0682 Pre: 1.0000 Re: 0.9988 Acc: 0.9994 F1: 0.9994


--------------------------------------------------------------------
Eval results: Cost:0.1878 Pre:1.0000 Re:0.9967 Acc:0.9986 F1:0.9984
--------------------------------------------------------------------

Epoch 601: Time: 0.0508 Cost: 0.0675 Pre: 1.0000 Re: 0.9988 Acc: 0.9994 F1: 0.9994
Epoch 602: Time: 0.0537 Cost: 0.0657 Pre: 1.0000 Re: 0.9988 Acc: 0.9994 F1: 0.9994
Epoch 603: Time: 0.0566 Cost: 0.0650 Pre: 1.0000 Re: 0.9988 Acc: 0.9994 F1: 0.9994
Epoch 604: Time: 0.0503 Cost: 0.0647 Pre: 1.0000 Re: 0.9988 Acc: 0.9994 F1: 0.9994
Epoch 605: Time: 0.0500 Cost: 0.0646 Pre: 1.0000 Re: 0.9988 Acc: 0.9994 F1: 0.9994
Epoch 606: Time: 0.0492 Cost: 0.0642 Pre: 1.0000 Re: 0.9988 Acc: 0.9994 F1: 0.9994
Epoch 607: Time: 0.0508 Cost: 0.0635 Pre: 1.0000 Re: 0.9988 Acc: 0.9994 F1: 0.9994
Epoch 608: Time: 0.0504 Cost: 0.0625 Pre: 1.0000 Re: 0.9988 Acc: 0.9994 F1: 0.9994
Epoch 609: Time: 0.0503 Cost: 0.0616 Pre: 1.0000 Re: 0.9988 Acc: 0.9994 F1: 0.9994
Epoch 610: Time: 0.0489 Cost: 0.0609 Pre: 1.0000 Re: 0.9988 Acc: 0.9994 F1: 0.9994


--------------------------------------------------------------------
Eval results: Cost:0.1695 Pre:1.0000 Re:0.9967 Acc:0.9986 F1:0.9984
--------------------------------------------------------------------

Epoch 611: Time: 0.0499 Cost: 0.0603 Pre: 1.0000 Re: 0.9988 Acc: 0.9994 F1: 0.9994
Epoch 612: Time: 0.0569 Cost: 0.0587 Pre: 1.0000 Re: 0.9988 Acc: 0.9994 F1: 0.9994
Epoch 613: Time: 0.0628 Cost: 0.0580 Pre: 1.0000 Re: 0.9988 Acc: 0.9994 F1: 0.9994
Epoch 614: Time: 0.0543 Cost: 0.0577 Pre: 1.0000 Re: 0.9988 Acc: 0.9994 F1: 0.9994
Epoch 615: Time: 0.0512 Cost: 0.0574 Pre: 1.0000 Re: 0.9988 Acc: 0.9994 F1: 0.9994
Epoch 616: Time: 0.0515 Cost: 0.0570 Pre: 1.0000 Re: 0.9988 Acc: 0.9994 F1: 0.9994
Epoch 617: Time: 0.0531 Cost: 0.0564 Pre: 1.0000 Re: 0.9988 Acc: 0.9994 F1: 0.9994
Epoch 618: Time: 0.0503 Cost: 0.0557 Pre: 1.0000 Re: 0.9988 Acc: 0.9994 F1: 0.9994
Epoch 619: Time: 0.0515 Cost: 0.0549 Pre: 1.0000 Re: 0.9988 Acc: 0.9994 F1: 0.9994
Epoch 620: Time: 0.0521 Cost: 0.0542 Pre: 1.0000 Re: 0.9988 Acc: 0.9994 F1: 0.9994


--------------------------------------------------------------------
Eval results: Cost:0.1512 Pre:1.0000 Re:0.9967 Acc:0.9986 F1:0.9984
--------------------------------------------------------------------

Epoch 621: Time: 0.0502 Cost: 0.0536 Pre: 1.0000 Re: 0.9988 Acc: 0.9994 F1: 0.9994
Epoch 622: Time: 0.0510 Cost: 0.0521 Pre: 1.0000 Re: 0.9988 Acc: 0.9994 F1: 0.9994
Epoch 623: Time: 0.0512 Cost: 0.0515 Pre: 1.0000 Re: 0.9988 Acc: 0.9994 F1: 0.9994
Epoch 624: Time: 0.0519 Cost: 0.0512 Pre: 1.0000 Re: 0.9988 Acc: 0.9994 F1: 0.9994
Epoch 625: Time: 0.0517 Cost: 0.0508 Pre: 1.0000 Re: 0.9988 Acc: 0.9994 F1: 0.9994
Epoch 626: Time: 0.0520 Cost: 0.0504 Pre: 1.0000 Re: 0.9988 Acc: 0.9994 F1: 0.9994
Epoch 627: Time: 0.0490 Cost: 0.0498 Pre: 1.0000 Re: 0.9988 Acc: 0.9994 F1: 0.9994
Epoch 628: Time: 0.0501 Cost: 0.0492 Pre: 1.0000 Re: 0.9988 Acc: 0.9994 F1: 0.9994
Epoch 629: Time: 0.0500 Cost: 0.0485 Pre: 1.0000 Re: 0.9988 Acc: 0.9994 F1: 0.9994
Epoch 630: Time: 0.0490 Cost: 0.0478 Pre: 1.0000 Re: 0.9988 Acc: 0.9994 F1: 0.9994


--------------------------------------------------------------------
Eval results: Cost:0.1331 Pre:1.0000 Re:0.9967 Acc:0.9986 F1:0.9984
--------------------------------------------------------------------

Epoch 631: Time: 0.0495 Cost: 0.0473 Pre: 1.0000 Re: 0.9988 Acc: 0.9994 F1: 0.9994
Epoch 632: Time: 0.0539 Cost: 0.0458 Pre: 1.0000 Re: 0.9988 Acc: 0.9994 F1: 0.9994
Epoch 633: Time: 0.0511 Cost: 0.0452 Pre: 1.0000 Re: 0.9988 Acc: 0.9994 F1: 0.9994
Epoch 634: Time: 0.0504 Cost: 0.0449 Pre: 1.0000 Re: 0.9988 Acc: 0.9994 F1: 0.9994
Epoch 635: Time: 0.0509 Cost: 0.0445 Pre: 1.0000 Re: 0.9988 Acc: 0.9994 F1: 0.9994
Epoch 636: Time: 0.0505 Cost: 0.0440 Pre: 1.0000 Re: 0.9988 Acc: 0.9994 F1: 0.9994
Epoch 637: Time: 0.0513 Cost: 0.0434 Pre: 1.0000 Re: 0.9988 Acc: 0.9994 F1: 0.9994
Epoch 638: Time: 0.0524 Cost: 0.0427 Pre: 1.0000 Re: 0.9988 Acc: 0.9994 F1: 0.9994
Epoch 639: Time: 0.0524 Cost: 0.0419 Pre: 1.0000 Re: 0.9988 Acc: 0.9994 F1: 0.9994
Epoch 640: Time: 0.0505 Cost: 0.0412 Pre: 1.0000 Re: 0.9988 Acc: 0.9994 F1: 0.9994


--------------------------------------------------------------------
Eval results: Cost:0.1165 Pre:1.0000 Re:0.9967 Acc:0.9986 F1:0.9984
--------------------------------------------------------------------

Epoch 641: Time: 0.0636 Cost: 0.0407 Pre: 1.0000 Re: 0.9988 Acc: 0.9994 F1: 0.9994
Epoch 642: Time: 0.0524 Cost: 0.0390 Pre: 1.0000 Re: 0.9988 Acc: 0.9994 F1: 0.9994
Epoch 643: Time: 0.0620 Cost: 0.0384 Pre: 1.0000 Re: 0.9988 Acc: 0.9994 F1: 0.9994
Epoch 644: Time: 0.0618 Cost: 0.0381 Pre: 1.0000 Re: 0.9988 Acc: 0.9994 F1: 0.9994
Epoch 645: Time: 0.0582 Cost: 0.0377 Pre: 1.0000 Re: 0.9988 Acc: 0.9994 F1: 0.9994
Epoch 646: Time: 0.0526 Cost: 0.0372 Pre: 1.0000 Re: 0.9988 Acc: 0.9994 F1: 0.9994
Epoch 647: Time: 0.0541 Cost: 0.0367 Pre: 1.0000 Re: 0.9988 Acc: 0.9994 F1: 0.9994
Epoch 648: Time: 0.0540 Cost: 0.0362 Pre: 1.0000 Re: 0.9988 Acc: 0.9994 F1: 0.9994
Epoch 649: Time: 0.0533 Cost: 0.0358 Pre: 1.0000 Re: 0.9988 Acc: 0.9994 F1: 0.9994
Epoch 650: Time: 0.0539 Cost: 0.0352 Pre: 1.0000 Re: 0.9988 Acc: 0.9994 F1: 0.9994


--------------------------------------------------------------------
Eval results: Cost:0.1333 Pre:0.9967 Re:0.9967 Acc:0.9972 F1:0.9967
--------------------------------------------------------------------

Epoch 651: Time: 0.0550 Cost: 0.0375 Pre: 1.0000 Re: 0.9988 Acc: 0.9994 F1: 0.9994
Epoch 652: Time: 0.0570 Cost: 0.0380 Pre: 1.0000 Re: 0.9988 Acc: 0.9994 F1: 0.9994
Epoch 653: Time: 0.0515 Cost: 0.0330 Pre: 1.0000 Re: 0.9988 Acc: 0.9994 F1: 0.9994
Epoch 654: Time: 0.0516 Cost: 0.0326 Pre: 1.0000 Re: 0.9988 Acc: 0.9994 F1: 0.9994
Epoch 655: Time: 0.0524 Cost: 0.0320 Pre: 1.0000 Re: 0.9988 Acc: 0.9994 F1: 0.9994
Epoch 656: Time: 0.0540 Cost: 0.0317 Pre: 1.0000 Re: 0.9988 Acc: 0.9994 F1: 0.9994
Epoch 657: Time: 0.0519 Cost: 0.0314 Pre: 1.0000 Re: 0.9988 Acc: 0.9994 F1: 0.9994
Epoch 658: Time: 0.0515 Cost: 0.0311 Pre: 1.0000 Re: 0.9988 Acc: 0.9994 F1: 0.9994
Epoch 659: Time: 0.0511 Cost: 0.0308 Pre: 1.0000 Re: 0.9988 Acc: 0.9994 F1: 0.9994
Epoch 660: Time: 0.0510 Cost: 0.0304 Pre: 1.0000 Re: 0.9988 Acc: 0.9994 F1: 0.9994


--------------------------------------------------------------------
Eval results: Cost:0.1376 Pre:0.9967 Re:0.9967 Acc:0.9972 F1:0.9967
--------------------------------------------------------------------

Epoch 661: Time: 0.0510 Cost: 0.0323 Pre: 1.0000 Re: 0.9988 Acc: 0.9994 F1: 0.9994
Epoch 662: Time: 0.0512 Cost: 0.0308 Pre: 1.0000 Re: 0.9988 Acc: 0.9994 F1: 0.9994
Epoch 663: Time: 0.0587 Cost: 0.0290 Pre: 1.0000 Re: 0.9988 Acc: 0.9994 F1: 0.9994
Epoch 664: Time: 0.0516 Cost: 0.0286 Pre: 1.0000 Re: 0.9988 Acc: 0.9994 F1: 0.9994
Epoch 665: Time: 0.0496 Cost: 0.0281 Pre: 1.0000 Re: 0.9988 Acc: 0.9994 F1: 0.9994
Epoch 666: Time: 0.0493 Cost: 0.0279 Pre: 1.0000 Re: 1.0000 Acc: 1.0000 F1: 1.0000
Epoch 667: Time: 0.0514 Cost: 0.0276 Pre: 1.0000 Re: 1.0000 Acc: 1.0000 F1: 1.0000
Epoch 668: Time: 0.0512 Cost: 0.0273 Pre: 1.0000 Re: 1.0000 Acc: 1.0000 F1: 1.0000
Epoch 669: Time: 0.0498 Cost: 0.0271 Pre: 1.0000 Re: 1.0000 Acc: 1.0000 F1: 1.0000
Epoch 670: Time: 0.0492 Cost: 0.0269 Pre: 1.0000 Re: 1.0000 Acc: 1.0000 F1: 1.0000


--------------------------------------------------------------------
Eval results: Cost:0.1336 Pre:0.9968 Re:1.0000 Acc:0.9986 F1:0.9984
--------------------------------------------------------------------

Epoch 671: Time: 0.0490 Cost: 0.0286 Pre: 1.0000 Re: 1.0000 Acc: 1.0000 F1: 1.0000
Epoch 672: Time: 0.0488 Cost: 0.0269 Pre: 1.0000 Re: 1.0000 Acc: 1.0000 F1: 1.0000
Epoch 673: Time: 0.0502 Cost: 0.0255 Pre: 1.0000 Re: 1.0000 Acc: 1.0000 F1: 1.0000
Epoch 674: Time: 0.0513 Cost: 0.0252 Pre: 1.0000 Re: 1.0000 Acc: 1.0000 F1: 1.0000
Epoch 675: Time: 0.0486 Cost: 0.0249 Pre: 1.0000 Re: 1.0000 Acc: 1.0000 F1: 1.0000
Epoch 676: Time: 0.0498 Cost: 0.0246 Pre: 1.0000 Re: 1.0000 Acc: 1.0000 F1: 1.0000
Epoch 677: Time: 0.0502 Cost: 0.0244 Pre: 1.0000 Re: 1.0000 Acc: 1.0000 F1: 1.0000
Epoch 678: Time: 0.0508 Cost: 0.0242 Pre: 1.0000 Re: 1.0000 Acc: 1.0000 F1: 1.0000
Epoch 679: Time: 0.0508 Cost: 0.0240 Pre: 1.0000 Re: 1.0000 Acc: 1.0000 F1: 1.0000
Epoch 680: Time: 0.0517 Cost: 0.0238 Pre: 1.0000 Re: 1.0000 Acc: 1.0000 F1: 1.0000


--------------------------------------------------------------------
Eval results: Cost:0.1255 Pre:0.9968 Re:1.0000 Acc:0.9986 F1:0.9984
--------------------------------------------------------------------

Epoch 681: Time: 0.0506 Cost: 0.0256 Pre: 1.0000 Re: 1.0000 Acc: 1.0000 F1: 1.0000
Epoch 682: Time: 0.0517 Cost: 0.0238 Pre: 1.0000 Re: 1.0000 Acc: 1.0000 F1: 1.0000
Epoch 683: Time: 0.0522 Cost: 0.0227 Pre: 1.0000 Re: 1.0000 Acc: 1.0000 F1: 1.0000
Epoch 684: Time: 0.0513 Cost: 0.0224 Pre: 1.0000 Re: 1.0000 Acc: 1.0000 F1: 1.0000
Epoch 685: Time: 0.0506 Cost: 0.0221 Pre: 1.0000 Re: 1.0000 Acc: 1.0000 F1: 1.0000
Epoch 686: Time: 0.0488 Cost: 0.0219 Pre: 1.0000 Re: 1.0000 Acc: 1.0000 F1: 1.0000
Epoch 687: Time: 0.0486 Cost: 0.0217 Pre: 1.0000 Re: 1.0000 Acc: 1.0000 F1: 1.0000
Epoch 688: Time: 0.0488 Cost: 0.0215 Pre: 1.0000 Re: 1.0000 Acc: 1.0000 F1: 1.0000
Epoch 689: Time: 0.0567 Cost: 0.0214 Pre: 1.0000 Re: 1.0000 Acc: 1.0000 F1: 1.0000
Epoch 690: Time: 0.0507 Cost: 0.0213 Pre: 1.0000 Re: 1.0000 Acc: 1.0000 F1: 1.0000


--------------------------------------------------------------------
Eval results: Cost:0.1179 Pre:0.9968 Re:1.0000 Acc:0.9986 F1:0.9984
--------------------------------------------------------------------

Epoch 691: Time: 0.0486 Cost: 0.0232 Pre: 1.0000 Re: 1.0000 Acc: 1.0000 F1: 1.0000
Epoch 692: Time: 0.0516 Cost: 0.0211 Pre: 1.0000 Re: 1.0000 Acc: 1.0000 F1: 1.0000
Epoch 693: Time: 0.0490 Cost: 0.0202 Pre: 1.0000 Re: 1.0000 Acc: 1.0000 F1: 1.0000
Epoch 694: Time: 0.0487 Cost: 0.0200 Pre: 1.0000 Re: 1.0000 Acc: 1.0000 F1: 1.0000
Epoch 695: Time: 0.0491 Cost: 0.0197 Pre: 1.0000 Re: 1.0000 Acc: 1.0000 F1: 1.0000
Epoch 696: Time: 0.0486 Cost: 0.0195 Pre: 1.0000 Re: 1.0000 Acc: 1.0000 F1: 1.0000
Epoch 697: Time: 0.0504 Cost: 0.0194 Pre: 1.0000 Re: 1.0000 Acc: 1.0000 F1: 1.0000
Epoch 698: Time: 0.0506 Cost: 0.0192 Pre: 1.0000 Re: 1.0000 Acc: 1.0000 F1: 1.0000
Epoch 699: Time: 0.0504 Cost: 0.0192 Pre: 1.0000 Re: 1.0000 Acc: 1.0000 F1: 1.0000
Epoch 700: Time: 0.0507 Cost: 0.0191 Pre: 1.0000 Re: 1.0000 Acc: 1.0000 F1: 1.0000


--------------------------------------------------------------------
Eval results: Cost:0.1125 Pre:0.9968 Re:1.0000 Acc:0.9986 F1:0.9984
--------------------------------------------------------------------

Epoch 701: Time: 0.0517 Cost: 0.0211 Pre: 1.0000 Re: 1.0000 Acc: 1.0000 F1: 1.0000
Epoch 702: Time: 0.0505 Cost: 0.0188 Pre: 1.0000 Re: 1.0000 Acc: 1.0000 F1: 1.0000
Epoch 703: Time: 0.0502 Cost: 0.0181 Pre: 1.0000 Re: 1.0000 Acc: 1.0000 F1: 1.0000
Epoch 704: Time: 0.0516 Cost: 0.0179 Pre: 1.0000 Re: 1.0000 Acc: 1.0000 F1: 1.0000
Epoch 705: Time: 0.0528 Cost: 0.0177 Pre: 1.0000 Re: 1.0000 Acc: 1.0000 F1: 1.0000
Epoch 706: Time: 0.0499 Cost: 0.0175 Pre: 1.0000 Re: 1.0000 Acc: 1.0000 F1: 1.0000
Epoch 707: Time: 0.0519 Cost: 0.0174 Pre: 1.0000 Re: 1.0000 Acc: 1.0000 F1: 1.0000
Epoch 708: Time: 0.0493 Cost: 0.0173 Pre: 1.0000 Re: 1.0000 Acc: 1.0000 F1: 1.0000
Epoch 709: Time: 0.0491 Cost: 0.0172 Pre: 1.0000 Re: 1.0000 Acc: 1.0000 F1: 1.0000
Epoch 710: Time: 0.0499 Cost: 0.0172 Pre: 1.0000 Re: 1.0000 Acc: 1.0000 F1: 1.0000


--------------------------------------------------------------------
Eval results: Cost:0.1088 Pre:0.9968 Re:1.0000 Acc:0.9986 F1:0.9984
--------------------------------------------------------------------

Epoch 711: Time: 0.0490 Cost: 0.0191 Pre: 1.0000 Re: 1.0000 Acc: 1.0000 F1: 1.0000
Epoch 712: Time: 0.0488 Cost: 0.0168 Pre: 1.0000 Re: 1.0000 Acc: 1.0000 F1: 1.0000
Epoch 713: Time: 0.0489 Cost: 0.0163 Pre: 1.0000 Re: 1.0000 Acc: 1.0000 F1: 1.0000
Epoch 714: Time: 0.0487 Cost: 0.0161 Pre: 1.0000 Re: 1.0000 Acc: 1.0000 F1: 1.0000
Epoch 715: Time: 0.0485 Cost: 0.0159 Pre: 1.0000 Re: 1.0000 Acc: 1.0000 F1: 1.0000
Epoch 716: Time: 0.0486 Cost: 0.0158 Pre: 1.0000 Re: 1.0000 Acc: 1.0000 F1: 1.0000
Epoch 717: Time: 0.0489 Cost: 0.0156 Pre: 1.0000 Re: 1.0000 Acc: 1.0000 F1: 1.0000
Epoch 718: Time: 0.0485 Cost: 0.0156 Pre: 1.0000 Re: 1.0000 Acc: 1.0000 F1: 1.0000
Epoch 719: Time: 0.0485 Cost: 0.0155 Pre: 1.0000 Re: 1.0000 Acc: 1.0000 F1: 1.0000
Epoch 720: Time: 0.0492 Cost: 0.0155 Pre: 1.0000 Re: 1.0000 Acc: 1.0000 F1: 1.0000


--------------------------------------------------------------------
Eval results: Cost:0.1060 Pre:0.9968 Re:1.0000 Acc:0.9986 F1:0.9984
--------------------------------------------------------------------

Epoch 721: Time: 0.0487 Cost: 0.0172 Pre: 1.0000 Re: 1.0000 Acc: 1.0000 F1: 1.0000
Epoch 722: Time: 0.0494 Cost: 0.0151 Pre: 1.0000 Re: 1.0000 Acc: 1.0000 F1: 1.0000
Epoch 723: Time: 0.0497 Cost: 0.0147 Pre: 1.0000 Re: 1.0000 Acc: 1.0000 F1: 1.0000
Epoch 724: Time: 0.0493 Cost: 0.0145 Pre: 1.0000 Re: 1.0000 Acc: 1.0000 F1: 1.0000
Epoch 725: Time: 0.0491 Cost: 0.0143 Pre: 1.0000 Re: 1.0000 Acc: 1.0000 F1: 1.0000
Epoch 726: Time: 0.0498 Cost: 0.0142 Pre: 1.0000 Re: 1.0000 Acc: 1.0000 F1: 1.0000
Epoch 727: Time: 0.0487 Cost: 0.0141 Pre: 1.0000 Re: 1.0000 Acc: 1.0000 F1: 1.0000
Epoch 728: Time: 0.0498 Cost: 0.0141 Pre: 1.0000 Re: 1.0000 Acc: 1.0000 F1: 1.0000
Epoch 729: Time: 0.0498 Cost: 0.0140 Pre: 1.0000 Re: 1.0000 Acc: 1.0000 F1: 1.0000
Epoch 730: Time: 0.0506 Cost: 0.0139 Pre: 1.0000 Re: 1.0000 Acc: 1.0000 F1: 1.0000


--------------------------------------------------------------------
Eval results: Cost:0.1025 Pre:0.9968 Re:1.0000 Acc:0.9986 F1:0.9984
--------------------------------------------------------------------

Epoch 731: Time: 0.0515 Cost: 0.0154 Pre: 1.0000 Re: 1.0000 Acc: 1.0000 F1: 1.0000
Epoch 732: Time: 0.0507 Cost: 0.0136 Pre: 1.0000 Re: 1.0000 Acc: 1.0000 F1: 1.0000
Epoch 733: Time: 0.0513 Cost: 0.0132 Pre: 1.0000 Re: 1.0000 Acc: 1.0000 F1: 1.0000
Epoch 734: Time: 0.0507 Cost: 0.0131 Pre: 1.0000 Re: 1.0000 Acc: 1.0000 F1: 1.0000
Epoch 735: Time: 0.0514 Cost: 0.0130 Pre: 1.0000 Re: 1.0000 Acc: 1.0000 F1: 1.0000
Epoch 736: Time: 0.0513 Cost: 0.0129 Pre: 1.0000 Re: 1.0000 Acc: 1.0000 F1: 1.0000
Epoch 737: Time: 0.0504 Cost: 0.0128 Pre: 1.0000 Re: 1.0000 Acc: 1.0000 F1: 1.0000
Epoch 738: Time: 0.0503 Cost: 0.0127 Pre: 1.0000 Re: 1.0000 Acc: 1.0000 F1: 1.0000
Epoch 739: Time: 0.0521 Cost: 0.0127 Pre: 1.0000 Re: 1.0000 Acc: 1.0000 F1: 1.0000
Epoch 740: Time: 0.0525 Cost: 0.0126 Pre: 1.0000 Re: 1.0000 Acc: 1.0000 F1: 1.0000


--------------------------------------------------------------------
Eval results: Cost:0.0947 Pre:0.9968 Re:1.0000 Acc:0.9986 F1:0.9984
--------------------------------------------------------------------

Epoch 741: Time: 0.0509 Cost: 0.0138 Pre: 1.0000 Re: 1.0000 Acc: 1.0000 F1: 1.0000
Epoch 742: Time: 0.0495 Cost: 0.0122 Pre: 1.0000 Re: 1.0000 Acc: 1.0000 F1: 1.0000
Epoch 743: Time: 0.0502 Cost: 0.0119 Pre: 1.0000 Re: 1.0000 Acc: 1.0000 F1: 1.0000
Epoch 744: Time: 0.0497 Cost: 0.0118 Pre: 1.0000 Re: 1.0000 Acc: 1.0000 F1: 1.0000
Epoch 745: Time: 0.0490 Cost: 0.0117 Pre: 1.0000 Re: 1.0000 Acc: 1.0000 F1: 1.0000
Epoch 746: Time: 0.0485 Cost: 0.0116 Pre: 1.0000 Re: 1.0000 Acc: 1.0000 F1: 1.0000
Epoch 747: Time: 0.0495 Cost: 0.0115 Pre: 1.0000 Re: 1.0000 Acc: 1.0000 F1: 1.0000
Epoch 748: Time: 0.0504 Cost: 0.0115 Pre: 1.0000 Re: 1.0000 Acc: 1.0000 F1: 1.0000
Epoch 749: Time: 0.0487 Cost: 0.0115 Pre: 1.0000 Re: 1.0000 Acc: 1.0000 F1: 1.0000
Epoch 750: Time: 0.0487 Cost: 0.0114 Pre: 1.0000 Re: 1.0000 Acc: 1.0000 F1: 1.0000


--------------------------------------------------------------------
Eval results: Cost:0.0765 Pre:0.9968 Re:1.0000 Acc:0.9986 F1:0.9984
--------------------------------------------------------------------

Epoch 751: Time: 0.0512 Cost: 0.0123 Pre: 1.0000 Re: 1.0000 Acc: 1.0000 F1: 1.0000
Epoch 752: Time: 0.0507 Cost: 0.0110 Pre: 1.0000 Re: 1.0000 Acc: 1.0000 F1: 1.0000
Epoch 753: Time: 0.0510 Cost: 0.0107 Pre: 1.0000 Re: 1.0000 Acc: 1.0000 F1: 1.0000
Epoch 754: Time: 0.0506 Cost: 0.0107 Pre: 1.0000 Re: 1.0000 Acc: 1.0000 F1: 1.0000
Epoch 755: Time: 0.0502 Cost: 0.0106 Pre: 1.0000 Re: 1.0000 Acc: 1.0000 F1: 1.0000
Epoch 756: Time: 0.0511 Cost: 0.0105 Pre: 1.0000 Re: 1.0000 Acc: 1.0000 F1: 1.0000
Epoch 757: Time: 0.0514 Cost: 0.0104 Pre: 1.0000 Re: 1.0000 Acc: 1.0000 F1: 1.0000
Epoch 758: Time: 0.0506 Cost: 0.0104 Pre: 1.0000 Re: 1.0000 Acc: 1.0000 F1: 1.0000
Epoch 759: Time: 0.0519 Cost: 0.0105 Pre: 1.0000 Re: 1.0000 Acc: 1.0000 F1: 1.0000
Epoch 760: Time: 0.0508 Cost: 0.0105 Pre: 1.0000 Re: 1.0000 Acc: 1.0000 F1: 1.0000


--------------------------------------------------------------------
Eval results: Cost:0.0583 Pre:0.9968 Re:1.0000 Acc:0.9986 F1:0.9984
--------------------------------------------------------------------

Epoch 761: Time: 0.0496 Cost: 0.0118 Pre: 1.0000 Re: 1.0000 Acc: 1.0000 F1: 1.0000
Epoch 762: Time: 0.0489 Cost: 0.0100 Pre: 1.0000 Re: 1.0000 Acc: 1.0000 F1: 1.0000
Epoch 763: Time: 0.0503 Cost: 0.0098 Pre: 1.0000 Re: 1.0000 Acc: 1.0000 F1: 1.0000
Epoch 764: Time: 0.0493 Cost: 0.0097 Pre: 1.0000 Re: 1.0000 Acc: 1.0000 F1: 1.0000
Epoch 765: Time: 0.0489 Cost: 0.0096 Pre: 1.0000 Re: 1.0000 Acc: 1.0000 F1: 1.0000
Epoch 766: Time: 0.0502 Cost: 0.0096 Pre: 1.0000 Re: 1.0000 Acc: 1.0000 F1: 1.0000
Epoch 767: Time: 0.0510 Cost: 0.0095 Pre: 1.0000 Re: 1.0000 Acc: 1.0000 F1: 1.0000
Epoch 768: Time: 0.0495 Cost: 0.0095 Pre: 1.0000 Re: 1.0000 Acc: 1.0000 F1: 1.0000
Epoch 769: Time: 0.0501 Cost: 0.0096 Pre: 1.0000 Re: 1.0000 Acc: 1.0000 F1: 1.0000
Epoch 770: Time: 0.0488 Cost: 0.0097 Pre: 1.0000 Re: 1.0000 Acc: 1.0000 F1: 1.0000


--------------------------------------------------------------------
Eval results: Cost:0.0447 Pre:1.0000 Re:1.0000 Acc:1.0000 F1:1.0000
--------------------------------------------------------------------

Epoch 771: Time: 0.0490 Cost: 0.0112 Pre: 1.0000 Re: 1.0000 Acc: 1.0000 F1: 1.0000
Epoch 772: Time: 0.0490 Cost: 0.0091 Pre: 1.0000 Re: 1.0000 Acc: 1.0000 F1: 1.0000
Epoch 773: Time: 0.0491 Cost: 0.0089 Pre: 1.0000 Re: 1.0000 Acc: 1.0000 F1: 1.0000
Epoch 774: Time: 0.0485 Cost: 0.0089 Pre: 1.0000 Re: 1.0000 Acc: 1.0000 F1: 1.0000
Epoch 775: Time: 0.0507 Cost: 0.0088 Pre: 1.0000 Re: 1.0000 Acc: 1.0000 F1: 1.0000
Epoch 776: Time: 0.0505 Cost: 0.0087 Pre: 1.0000 Re: 1.0000 Acc: 1.0000 F1: 1.0000
Epoch 777: Time: 0.0497 Cost: 0.0087 Pre: 1.0000 Re: 1.0000 Acc: 1.0000 F1: 1.0000
Epoch 778: Time: 0.0509 Cost: 0.0088 Pre: 1.0000 Re: 1.0000 Acc: 1.0000 F1: 1.0000
Epoch 779: Time: 0.0504 Cost: 0.0089 Pre: 1.0000 Re: 1.0000 Acc: 1.0000 F1: 1.0000
Epoch 780: Time: 0.0508 Cost: 0.0090 Pre: 1.0000 Re: 1.0000 Acc: 1.0000 F1: 1.0000


--------------------------------------------------------------------
Eval results: Cost:0.0332 Pre:1.0000 Re:1.0000 Acc:1.0000 F1:1.0000
--------------------------------------------------------------------

Epoch 781: Time: 0.0522 Cost: 0.0103 Pre: 1.0000 Re: 1.0000 Acc: 1.0000 F1: 1.0000
Epoch 782: Time: 0.0508 Cost: 0.0083 Pre: 1.0000 Re: 1.0000 Acc: 1.0000 F1: 1.0000
Epoch 783: Time: 0.0500 Cost: 0.0082 Pre: 1.0000 Re: 1.0000 Acc: 1.0000 F1: 1.0000
Epoch 784: Time: 0.0509 Cost: 0.0081 Pre: 1.0000 Re: 1.0000 Acc: 1.0000 F1: 1.0000
Epoch 785: Time: 0.0527 Cost: 0.0080 Pre: 1.0000 Re: 1.0000 Acc: 1.0000 F1: 1.0000
Epoch 786: Time: 0.0494 Cost: 0.0080 Pre: 1.0000 Re: 1.0000 Acc: 1.0000 F1: 1.0000
Epoch 787: Time: 0.0501 Cost: 0.0080 Pre: 1.0000 Re: 1.0000 Acc: 1.0000 F1: 1.0000
Epoch 788: Time: 0.0506 Cost: 0.0081 Pre: 1.0000 Re: 1.0000 Acc: 1.0000 F1: 1.0000
Epoch 789: Time: 0.0491 Cost: 0.0082 Pre: 1.0000 Re: 1.0000 Acc: 1.0000 F1: 1.0000
Epoch 790: Time: 0.0498 Cost: 0.0084 Pre: 1.0000 Re: 1.0000 Acc: 1.0000 F1: 1.0000


--------------------------------------------------------------------
Eval results: Cost:0.0229 Pre:1.0000 Re:1.0000 Acc:1.0000 F1:1.0000
--------------------------------------------------------------------

Epoch 791: Time: 0.0488 Cost: 0.0092 Pre: 1.0000 Re: 1.0000 Acc: 1.0000 F1: 1.0000
Epoch 792: Time: 0.0488 Cost: 0.0077 Pre: 1.0000 Re: 1.0000 Acc: 1.0000 F1: 1.0000
Epoch 793: Time: 0.0485 Cost: 0.0075 Pre: 1.0000 Re: 1.0000 Acc: 1.0000 F1: 1.0000
Epoch 794: Time: 0.0490 Cost: 0.0074 Pre: 1.0000 Re: 1.0000 Acc: 1.0000 F1: 1.0000
Epoch 795: Time: 0.0491 Cost: 0.0074 Pre: 1.0000 Re: 1.0000 Acc: 1.0000 F1: 1.0000
Epoch 796: Time: 0.0501 Cost: 0.0074 Pre: 1.0000 Re: 1.0000 Acc: 1.0000 F1: 1.0000
Epoch 797: Time: 0.0499 Cost: 0.0074 Pre: 1.0000 Re: 1.0000 Acc: 1.0000 F1: 1.0000
Epoch 798: Time: 0.0500 Cost: 0.0075 Pre: 1.0000 Re: 1.0000 Acc: 1.0000 F1: 1.0000
Epoch 799: Time: 0.0500 Cost: 0.0077 Pre: 1.0000 Re: 1.0000 Acc: 1.0000 F1: 1.0000
Epoch 800: Time: 0.0511 Cost: 0.0079 Pre: 1.0000 Re: 1.0000 Acc: 1.0000 F1: 1.0000


--------------------------------------------------------------------
Eval results: Cost:0.0144 Pre:1.0000 Re:1.0000 Acc:1.0000 F1:1.0000
--------------------------------------------------------------------

Epoch 801: Time: 0.0509 Cost: 0.0077 Pre: 1.0000 Re: 1.0000 Acc: 1.0000 F1: 1.0000
Epoch 802: Time: 0.0509 Cost: 0.0071 Pre: 1.0000 Re: 1.0000 Acc: 1.0000 F1: 1.0000
Epoch 803: Time: 0.0518 Cost: 0.0069 Pre: 1.0000 Re: 1.0000 Acc: 1.0000 F1: 1.0000
Epoch 804: Time: 0.0512 Cost: 0.0069 Pre: 1.0000 Re: 1.0000 Acc: 1.0000 F1: 1.0000
Epoch 805: Time: 0.0490 Cost: 0.0069 Pre: 1.0000 Re: 1.0000 Acc: 1.0000 F1: 1.0000
Epoch 806: Time: 0.0493 Cost: 0.0069 Pre: 1.0000 Re: 1.0000 Acc: 1.0000 F1: 1.0000
Epoch 807: Time: 0.0497 Cost: 0.0070 Pre: 1.0000 Re: 1.0000 Acc: 1.0000 F1: 1.0000
Epoch 808: Time: 0.0503 Cost: 0.0072 Pre: 1.0000 Re: 1.0000 Acc: 1.0000 F1: 1.0000
Epoch 809: Time: 0.0495 Cost: 0.0072 Pre: 1.0000 Re: 1.0000 Acc: 1.0000 F1: 1.0000
Epoch 810: Time: 0.0502 Cost: 0.0068 Pre: 1.0000 Re: 1.0000 Acc: 1.0000 F1: 1.0000


--------------------------------------------------------------------
Eval results: Cost:0.0104 Pre:1.0000 Re:1.0000 Acc:1.0000 F1:1.0000
--------------------------------------------------------------------

Epoch 811: Time: 0.0490 Cost: 0.0065 Pre: 1.0000 Re: 1.0000 Acc: 1.0000 F1: 1.0000
Epoch 812: Time: 0.0487 Cost: 0.0064 Pre: 1.0000 Re: 1.0000 Acc: 1.0000 F1: 1.0000
Epoch 813: Time: 0.0492 Cost: 0.0064 Pre: 1.0000 Re: 1.0000 Acc: 1.0000 F1: 1.0000
Epoch 814: Time: 0.0486 Cost: 0.0064 Pre: 1.0000 Re: 1.0000 Acc: 1.0000 F1: 1.0000
Epoch 815: Time: 0.0486 Cost: 0.0064 Pre: 1.0000 Re: 1.0000 Acc: 1.0000 F1: 1.0000
Epoch 816: Time: 0.0486 Cost: 0.0065 Pre: 1.0000 Re: 1.0000 Acc: 1.0000 F1: 1.0000
Epoch 817: Time: 0.0532 Cost: 0.0067 Pre: 1.0000 Re: 1.0000 Acc: 1.0000 F1: 1.0000
Epoch 818: Time: 0.0525 Cost: 0.0065 Pre: 1.0000 Re: 1.0000 Acc: 1.0000 F1: 1.0000
Epoch 819: Time: 0.0525 Cost: 0.0061 Pre: 1.0000 Re: 1.0000 Acc: 1.0000 F1: 1.0000
Epoch 820: Time: 0.0503 Cost: 0.0059 Pre: 1.0000 Re: 1.0000 Acc: 1.0000 F1: 1.0000


--------------------------------------------------------------------
Eval results: Cost:0.0093 Pre:1.0000 Re:1.0000 Acc:1.0000 F1:1.0000
--------------------------------------------------------------------

Epoch 821: Time: 0.0497 Cost: 0.0059 Pre: 1.0000 Re: 1.0000 Acc: 1.0000 F1: 1.0000
Epoch 822: Time: 0.0521 Cost: 0.0059 Pre: 1.0000 Re: 1.0000 Acc: 1.0000 F1: 1.0000
Epoch 823: Time: 0.0523 Cost: 0.0059 Pre: 1.0000 Re: 1.0000 Acc: 1.0000 F1: 1.0000
Epoch 824: Time: 0.0491 Cost: 0.0060 Pre: 1.0000 Re: 1.0000 Acc: 1.0000 F1: 1.0000
Epoch 825: Time: 0.0498 Cost: 0.0060 Pre: 1.0000 Re: 1.0000 Acc: 1.0000 F1: 1.0000
Epoch 826: Time: 0.0510 Cost: 0.0060 Pre: 1.0000 Re: 1.0000 Acc: 1.0000 F1: 1.0000
Epoch 827: Time: 0.0507 Cost: 0.0058 Pre: 1.0000 Re: 1.0000 Acc: 1.0000 F1: 1.0000
Epoch 828: Time: 0.0543 Cost: 0.0056 Pre: 1.0000 Re: 1.0000 Acc: 1.0000 F1: 1.0000
Epoch 829: Time: 0.0507 Cost: 0.0055 Pre: 1.0000 Re: 1.0000 Acc: 1.0000 F1: 1.0000
Epoch 830: Time: 0.0497 Cost: 0.0055 Pre: 1.0000 Re: 1.0000 Acc: 1.0000 F1: 1.0000


--------------------------------------------------------------------
Eval results: Cost:0.0086 Pre:1.0000 Re:1.0000 Acc:1.0000 F1:1.0000
--------------------------------------------------------------------

Epoch 831: Time: 0.0491 Cost: 0.0056 Pre: 1.0000 Re: 1.0000 Acc: 1.0000 F1: 1.0000
Epoch 832: Time: 0.0485 Cost: 0.0054 Pre: 1.0000 Re: 1.0000 Acc: 1.0000 F1: 1.0000
Epoch 833: Time: 0.0497 Cost: 0.0054 Pre: 1.0000 Re: 1.0000 Acc: 1.0000 F1: 1.0000
Epoch 834: Time: 0.0500 Cost: 0.0053 Pre: 1.0000 Re: 1.0000 Acc: 1.0000 F1: 1.0000
Epoch 835: Time: 0.0498 Cost: 0.0053 Pre: 1.0000 Re: 1.0000 Acc: 1.0000 F1: 1.0000
Epoch 836: Time: 0.0495 Cost: 0.0053 Pre: 1.0000 Re: 1.0000 Acc: 1.0000 F1: 1.0000
Epoch 837: Time: 0.0510 Cost: 0.0053 Pre: 1.0000 Re: 1.0000 Acc: 1.0000 F1: 1.0000
Epoch 838: Time: 0.0490 Cost: 0.0053 Pre: 1.0000 Re: 1.0000 Acc: 1.0000 F1: 1.0000
Epoch 839: Time: 0.0485 Cost: 0.0053 Pre: 1.0000 Re: 1.0000 Acc: 1.0000 F1: 1.0000
Epoch 840: Time: 0.0493 Cost: 0.0052 Pre: 1.0000 Re: 1.0000 Acc: 1.0000 F1: 1.0000


--------------------------------------------------------------------
Eval results: Cost:0.0073 Pre:1.0000 Re:1.0000 Acc:1.0000 F1:1.0000
--------------------------------------------------------------------

Epoch 841: Time: 0.0490 Cost: 0.0051 Pre: 1.0000 Re: 1.0000 Acc: 1.0000 F1: 1.0000
Epoch 842: Time: 0.0486 Cost: 0.0050 Pre: 1.0000 Re: 1.0000 Acc: 1.0000 F1: 1.0000
Epoch 843: Time: 0.0502 Cost: 0.0050 Pre: 1.0000 Re: 1.0000 Acc: 1.0000 F1: 1.0000
Epoch 844: Time: 0.0511 Cost: 0.0050 Pre: 1.0000 Re: 1.0000 Acc: 1.0000 F1: 1.0000
Epoch 845: Time: 0.0500 Cost: 0.0050 Pre: 1.0000 Re: 1.0000 Acc: 1.0000 F1: 1.0000
Epoch 846: Time: 0.0502 Cost: 0.0049 Pre: 1.0000 Re: 1.0000 Acc: 1.0000 F1: 1.0000
Epoch 847: Time: 0.0514 Cost: 0.0049 Pre: 1.0000 Re: 1.0000 Acc: 1.0000 F1: 1.0000
Epoch 848: Time: 0.0541 Cost: 0.0048 Pre: 1.0000 Re: 1.0000 Acc: 1.0000 F1: 1.0000
Epoch 849: Time: 0.0585 Cost: 0.0048 Pre: 1.0000 Re: 1.0000 Acc: 1.0000 F1: 1.0000
Epoch 850: Time: 0.0508 Cost: 0.0047 Pre: 1.0000 Re: 1.0000 Acc: 1.0000 F1: 1.0000


--------------------------------------------------------------------
Eval results: Cost:0.0067 Pre:1.0000 Re:1.0000 Acc:1.0000 F1:1.0000
--------------------------------------------------------------------

Epoch 851: Time: 0.0501 Cost: 0.0047 Pre: 1.0000 Re: 1.0000 Acc: 1.0000 F1: 1.0000
Epoch 852: Time: 0.0501 Cost: 0.0047 Pre: 1.0000 Re: 1.0000 Acc: 1.0000 F1: 1.0000
Epoch 853: Time: 0.0505 Cost: 0.0046 Pre: 1.0000 Re: 1.0000 Acc: 1.0000 F1: 1.0000
Epoch 854: Time: 0.0500 Cost: 0.0046 Pre: 1.0000 Re: 1.0000 Acc: 1.0000 F1: 1.0000
Epoch 855: Time: 0.0500 Cost: 0.0046 Pre: 1.0000 Re: 1.0000 Acc: 1.0000 F1: 1.0000
Epoch 856: Time: 0.0509 Cost: 0.0045 Pre: 1.0000 Re: 1.0000 Acc: 1.0000 F1: 1.0000
Epoch 857: Time: 0.0487 Cost: 0.0045 Pre: 1.0000 Re: 1.0000 Acc: 1.0000 F1: 1.0000
Epoch 858: Time: 0.0489 Cost: 0.0045 Pre: 1.0000 Re: 1.0000 Acc: 1.0000 F1: 1.0000
Epoch 859: Time: 0.0516 Cost: 0.0044 Pre: 1.0000 Re: 1.0000 Acc: 1.0000 F1: 1.0000
Epoch 860: Time: 0.0492 Cost: 0.0044 Pre: 1.0000 Re: 1.0000 Acc: 1.0000 F1: 1.0000


--------------------------------------------------------------------
Eval results: Cost:0.0061 Pre:1.0000 Re:1.0000 Acc:1.0000 F1:1.0000
--------------------------------------------------------------------

Epoch 861: Time: 0.0487 Cost: 0.0044 Pre: 1.0000 Re: 1.0000 Acc: 1.0000 F1: 1.0000
Epoch 862: Time: 0.0490 Cost: 0.0043 Pre: 1.0000 Re: 1.0000 Acc: 1.0000 F1: 1.0000
Epoch 863: Time: 0.0484 Cost: 0.0043 Pre: 1.0000 Re: 1.0000 Acc: 1.0000 F1: 1.0000
Epoch 864: Time: 0.0485 Cost: 0.0043 Pre: 1.0000 Re: 1.0000 Acc: 1.0000 F1: 1.0000
Epoch 865: Time: 0.0489 Cost: 0.0042 Pre: 1.0000 Re: 1.0000 Acc: 1.0000 F1: 1.0000
Epoch 866: Time: 0.0494 Cost: 0.0042 Pre: 1.0000 Re: 1.0000 Acc: 1.0000 F1: 1.0000
Epoch 867: Time: 0.0487 Cost: 0.0042 Pre: 1.0000 Re: 1.0000 Acc: 1.0000 F1: 1.0000
Epoch 868: Time: 0.0672 Cost: 0.0042 Pre: 1.0000 Re: 1.0000 Acc: 1.0000 F1: 1.0000
Epoch 869: Time: 0.0557 Cost: 0.0041 Pre: 1.0000 Re: 1.0000 Acc: 1.0000 F1: 1.0000
Epoch 870: Time: 0.0668 Cost: 0.0041 Pre: 1.0000 Re: 1.0000 Acc: 1.0000 F1: 1.0000


--------------------------------------------------------------------
Eval results: Cost:0.0056 Pre:1.0000 Re:1.0000 Acc:1.0000 F1:1.0000
--------------------------------------------------------------------

Epoch 871: Time: 0.0503 Cost: 0.0041 Pre: 1.0000 Re: 1.0000 Acc: 1.0000 F1: 1.0000
Epoch 872: Time: 0.0500 Cost: 0.0040 Pre: 1.0000 Re: 1.0000 Acc: 1.0000 F1: 1.0000
Epoch 873: Time: 0.0535 Cost: 0.0040 Pre: 1.0000 Re: 1.0000 Acc: 1.0000 F1: 1.0000
Epoch 874: Time: 0.0503 Cost: 0.0040 Pre: 1.0000 Re: 1.0000 Acc: 1.0000 F1: 1.0000
Epoch 875: Time: 0.0522 Cost: 0.0040 Pre: 1.0000 Re: 1.0000 Acc: 1.0000 F1: 1.0000
Epoch 876: Time: 0.0525 Cost: 0.0039 Pre: 1.0000 Re: 1.0000 Acc: 1.0000 F1: 1.0000
Epoch 877: Time: 0.0554 Cost: 0.0039 Pre: 1.0000 Re: 1.0000 Acc: 1.0000 F1: 1.0000
Epoch 878: Time: 0.0505 Cost: 0.0039 Pre: 1.0000 Re: 1.0000 Acc: 1.0000 F1: 1.0000
Epoch 879: Time: 0.0506 Cost: 0.0039 Pre: 1.0000 Re: 1.0000 Acc: 1.0000 F1: 1.0000
Epoch 880: Time: 0.0503 Cost: 0.0038 Pre: 1.0000 Re: 1.0000 Acc: 1.0000 F1: 1.0000


--------------------------------------------------------------------
Eval results: Cost:0.0052 Pre:1.0000 Re:1.0000 Acc:1.0000 F1:1.0000
--------------------------------------------------------------------

Early stopping...
--------------------------------------------------------------------
--------------------------------------------------------------------
Test 1996 samples take time: 0.1303
Test results: Cost:0.0032 Pre:1.0000 Re:1.0000 Acc:1.0000 F1:1.0000
--------------------------------------------------------------------

