16768
16562
16206
16632
16380
16425
Load data
RNN type: SRN Grammar: g7 Seed: 6
Model total parameters: 2650
Saving hinit ... 

Epoch 0: Time: 0.3208 Cost: 25.9538 Pre: 0.5124 Re: 0.5293 Acc: 0.5333 F1: 0.5207


--------------------------------------------------------------------
Eval results: Cost:24.2327 Pre:0.5101 Re:0.7427 Acc:0.5850 F1:0.6048
--------------------------------------------------------------------

Epoch 1: Time: 0.2085 Cost: 23.7632 Pre: 0.6142 Re: 0.5049 Acc: 0.6110 F1: 0.5542
Epoch 2: Time: 0.2367 Cost: 22.4008 Pre: 0.6302 Re: 0.6256 Acc: 0.6449 F1: 0.6279
Epoch 3: Time: 0.2151 Cost: 21.1585 Pre: 0.6667 Re: 0.6561 Acc: 0.6782 F1: 0.6613
Epoch 4: Time: 0.2384 Cost: 19.8626 Pre: 0.7093 Re: 0.6756 Acc: 0.7120 F1: 0.6921
Epoch 5: Time: 0.2151 Cost: 18.3818 Pre: 0.7419 Re: 0.7256 Acc: 0.7477 F1: 0.7337
Epoch 6: Time: 0.2346 Cost: 16.9272 Pre: 0.7603 Re: 0.7854 Acc: 0.7786 F1: 0.7726
Epoch 7: Time: 0.2116 Cost: 15.5235 Pre: 0.7817 Re: 0.8122 Acc: 0.8014 F1: 0.7967
Epoch 8: Time: 0.2134 Cost: 14.6517 Pre: 0.7931 Re: 0.8183 Acc: 0.8107 F1: 0.8055
Epoch 9: Time: 0.2254 Cost: 13.9029 Pre: 0.8021 Re: 0.8305 Acc: 0.8207 F1: 0.8161
Epoch 10: Time: 0.2142 Cost: 13.4027 Pre: 0.7970 Re: 0.8329 Acc: 0.8183 F1: 0.8145


--------------------------------------------------------------------
Eval results: Cost:12.5451 Pre:0.7872 Re:0.8795 Acc:0.8468 F1:0.8308
--------------------------------------------------------------------

Epoch 11: Time: 0.2095 Cost: 12.6732 Pre: 0.8125 Re: 0.8561 Acc: 0.8364 F1: 0.8337
Epoch 12: Time: 0.1936 Cost: 12.2027 Pre: 0.8124 Re: 0.8659 Acc: 0.8400 F1: 0.8383
Epoch 13: Time: 0.1917 Cost: 11.4802 Pre: 0.8274 Re: 0.8768 Acc: 0.8534 F1: 0.8514
Epoch 14: Time: 0.2116 Cost: 11.0916 Pre: 0.8280 Re: 0.8805 Acc: 0.8551 F1: 0.8534
Epoch 15: Time: 0.1993 Cost: 10.6421 Pre: 0.8368 Re: 0.8878 Acc: 0.8633 F1: 0.8615
Epoch 16: Time: 0.1954 Cost: 10.1815 Pre: 0.8406 Re: 0.8939 Acc: 0.8680 F1: 0.8664
Epoch 17: Time: 0.3576 Cost: 9.8777 Pre: 0.8462 Re: 0.8988 Acc: 0.8732 F1: 0.8717
Epoch 18: Time: 0.2758 Cost: 9.5821 Pre: 0.8488 Re: 0.9037 Acc: 0.8768 F1: 0.8754
Epoch 19: Time: 0.2399 Cost: 9.2631 Pre: 0.8535 Re: 0.9098 Acc: 0.8820 F1: 0.8808
Epoch 20: Time: 0.1556 Cost: 9.0194 Pre: 0.8578 Re: 0.9122 Acc: 0.8855 F1: 0.8842


--------------------------------------------------------------------
Eval results: Cost:8.4570 Pre:0.8151 Re:0.9479 Acc:0.8858 F1:0.8765
--------------------------------------------------------------------

Epoch 21: Time: 0.1346 Cost: 8.8106 Pre: 0.8603 Re: 0.9159 Acc: 0.8884 F1: 0.8872
Epoch 22: Time: 0.1277 Cost: 8.5734 Pre: 0.8630 Re: 0.9220 Acc: 0.8925 F1: 0.8915
Epoch 23: Time: 0.1308 Cost: 8.3599 Pre: 0.8646 Re: 0.9268 Acc: 0.8954 F1: 0.8946
Epoch 24: Time: 0.1297 Cost: 8.1863 Pre: 0.8648 Re: 0.9280 Acc: 0.8960 F1: 0.8953
Epoch 25: Time: 0.1299 Cost: 8.0043 Pre: 0.8666 Re: 0.9268 Acc: 0.8966 F1: 0.8957
Epoch 26: Time: 0.1293 Cost: 7.8038 Pre: 0.8731 Re: 0.9317 Acc: 0.9025 F1: 0.9015
Epoch 27: Time: 0.1296 Cost: 7.6072 Pre: 0.8734 Re: 0.9341 Acc: 0.9036 F1: 0.9028
Epoch 28: Time: 0.1396 Cost: 7.4196 Pre: 0.8739 Re: 0.9378 Acc: 0.9054 F1: 0.9047
Epoch 29: Time: 0.1297 Cost: 7.2297 Pre: 0.8848 Re: 0.9463 Acc: 0.9153 F1: 0.9146
Epoch 30: Time: 0.1287 Cost: 7.0447 Pre: 0.8893 Re: 0.9500 Acc: 0.9194 F1: 0.9186


--------------------------------------------------------------------
Eval results: Cost:6.7885 Pre:0.8596 Re:0.9772 Acc:0.9220 F1:0.9146
--------------------------------------------------------------------

Epoch 31: Time: 0.1279 Cost: 6.8687 Pre: 0.8913 Re: 0.9500 Acc: 0.9206 F1: 0.9197
Epoch 32: Time: 0.1293 Cost: 6.7029 Pre: 0.8908 Re: 0.9549 Acc: 0.9223 F1: 0.9217
Epoch 33: Time: 0.1288 Cost: 6.5436 Pre: 0.8879 Re: 0.9561 Acc: 0.9211 F1: 0.9207
Epoch 34: Time: 0.1445 Cost: 6.4092 Pre: 0.8890 Re: 0.9573 Acc: 0.9223 F1: 0.9219
Epoch 35: Time: 0.1666 Cost: 6.2777 Pre: 0.8941 Re: 0.9573 Acc: 0.9252 F1: 0.9246
Epoch 36: Time: 0.1486 Cost: 6.1354 Pre: 0.8961 Re: 0.9573 Acc: 0.9264 F1: 0.9257
Epoch 37: Time: 0.1305 Cost: 6.0001 Pre: 0.8999 Re: 0.9646 Acc: 0.9317 F1: 0.9311
Epoch 38: Time: 0.1355 Cost: 5.8826 Pre: 0.9033 Re: 0.9683 Acc: 0.9352 F1: 0.9347
Epoch 39: Time: 0.1629 Cost: 5.7712 Pre: 0.9043 Re: 0.9683 Acc: 0.9357 F1: 0.9352
Epoch 40: Time: 0.1511 Cost: 5.6573 Pre: 0.9075 Re: 0.9695 Acc: 0.9381 F1: 0.9375


--------------------------------------------------------------------
Eval results: Cost:5.7859 Pre:0.8772 Re:0.9772 Acc:0.9318 F1:0.9245
--------------------------------------------------------------------

Epoch 41: Time: 0.1490 Cost: 5.5471 Pre: 0.9097 Re: 0.9707 Acc: 0.9398 F1: 0.9392
Epoch 42: Time: 0.1276 Cost: 5.4521 Pre: 0.9108 Re: 0.9707 Acc: 0.9404 F1: 0.9398
Epoch 43: Time: 0.1277 Cost: 5.3259 Pre: 0.9119 Re: 0.9720 Acc: 0.9416 F1: 0.9410
Epoch 44: Time: 0.1371 Cost: 5.2035 Pre: 0.9128 Re: 0.9707 Acc: 0.9416 F1: 0.9409
Epoch 45: Time: 0.1304 Cost: 5.0944 Pre: 0.9142 Re: 0.9744 Acc: 0.9439 F1: 0.9433
Epoch 46: Time: 0.2640 Cost: 4.9865 Pre: 0.9164 Re: 0.9756 Acc: 0.9457 F1: 0.9451
Epoch 47: Time: 0.2822 Cost: 4.8693 Pre: 0.9227 Re: 0.9756 Acc: 0.9492 F1: 0.9484
Epoch 48: Time: 0.2283 Cost: 4.7507 Pre: 0.9249 Re: 0.9768 Acc: 0.9509 F1: 0.9502
Epoch 49: Time: 0.2135 Cost: 4.6412 Pre: 0.9272 Re: 0.9780 Acc: 0.9527 F1: 0.9519
Epoch 50: Time: 0.1997 Cost: 4.5400 Pre: 0.9293 Re: 0.9780 Acc: 0.9539 F1: 0.9531


--------------------------------------------------------------------
Eval results: Cost:5.0585 Pre:0.8905 Re:0.9805 Acc:0.9401 F1:0.9333
--------------------------------------------------------------------

Epoch 51: Time: 0.2033 Cost: 4.4370 Pre: 0.9315 Re: 0.9780 Acc: 0.9550 F1: 0.9542
Epoch 52: Time: 0.2248 Cost: 4.3395 Pre: 0.9368 Re: 0.9768 Acc: 0.9574 F1: 0.9564
Epoch 53: Time: 0.2379 Cost: 4.2488 Pre: 0.9381 Re: 0.9793 Acc: 0.9591 F1: 0.9582
Epoch 54: Time: 0.2004 Cost: 4.1593 Pre: 0.9392 Re: 0.9793 Acc: 0.9597 F1: 0.9588
Epoch 55: Time: 0.2006 Cost: 4.0771 Pre: 0.9392 Re: 0.9793 Acc: 0.9597 F1: 0.9588
Epoch 56: Time: 0.2401 Cost: 4.0047 Pre: 0.9415 Re: 0.9805 Acc: 0.9614 F1: 0.9606
Epoch 57: Time: 0.2073 Cost: 3.9323 Pre: 0.9426 Re: 0.9805 Acc: 0.9620 F1: 0.9611
Epoch 58: Time: 0.2002 Cost: 3.8536 Pre: 0.9448 Re: 0.9805 Acc: 0.9632 F1: 0.9623
Epoch 59: Time: 0.2477 Cost: 3.7732 Pre: 0.9471 Re: 0.9817 Acc: 0.9650 F1: 0.9641
Epoch 60: Time: 0.3114 Cost: 3.7021 Pre: 0.9482 Re: 0.9829 Acc: 0.9661 F1: 0.9653


--------------------------------------------------------------------
Eval results: Cost:4.2252 Pre:0.9184 Re:0.9902 Acc:0.9582 F1:0.9530
--------------------------------------------------------------------

Epoch 61: Time: 0.1913 Cost: 3.6384 Pre: 0.9506 Re: 0.9854 Acc: 0.9685 F1: 0.9677
Epoch 62: Time: 0.1938 Cost: 3.5674 Pre: 0.9517 Re: 0.9854 Acc: 0.9690 F1: 0.9682
Epoch 63: Time: 0.2089 Cost: 3.4684 Pre: 0.9540 Re: 0.9866 Acc: 0.9708 F1: 0.9700
Epoch 64: Time: 0.1989 Cost: 3.3742 Pre: 0.9551 Re: 0.9866 Acc: 0.9714 F1: 0.9706
Epoch 65: Time: 0.2032 Cost: 3.2978 Pre: 0.9608 Re: 0.9854 Acc: 0.9737 F1: 0.9729
Epoch 66: Time: 0.2065 Cost: 3.2367 Pre: 0.9597 Re: 0.9866 Acc: 0.9737 F1: 0.9729
Epoch 67: Time: 0.2315 Cost: 3.1733 Pre: 0.9609 Re: 0.9878 Acc: 0.9749 F1: 0.9741
Epoch 68: Time: 0.2064 Cost: 3.0948 Pre: 0.9609 Re: 0.9902 Acc: 0.9761 F1: 0.9754
Epoch 69: Time: 0.2050 Cost: 3.0087 Pre: 0.9633 Re: 0.9927 Acc: 0.9784 F1: 0.9778
Epoch 70: Time: 0.2235 Cost: 2.9340 Pre: 0.9645 Re: 0.9927 Acc: 0.9790 F1: 0.9784


--------------------------------------------------------------------
Eval results: Cost:3.8809 Pre:0.9134 Re:0.9967 Acc:0.9582 F1:0.9533
--------------------------------------------------------------------

Epoch 71: Time: 0.2061 Cost: 2.8538 Pre: 0.9679 Re: 0.9927 Acc: 0.9807 F1: 0.9801
Epoch 72: Time: 0.2062 Cost: 2.7630 Pre: 0.9714 Re: 0.9939 Acc: 0.9831 F1: 0.9825
Epoch 73: Time: 0.1966 Cost: 2.6934 Pre: 0.9726 Re: 0.9939 Acc: 0.9836 F1: 0.9831
Epoch 74: Time: 0.1950 Cost: 2.6398 Pre: 0.9749 Re: 0.9939 Acc: 0.9848 F1: 0.9843
Epoch 75: Time: 0.1903 Cost: 2.6033 Pre: 0.9784 Re: 0.9939 Acc: 0.9866 F1: 0.9861
Epoch 76: Time: 0.2048 Cost: 2.5866 Pre: 0.9772 Re: 0.9951 Acc: 0.9866 F1: 0.9861
Epoch 77: Time: 0.2105 Cost: 2.5278 Pre: 0.9808 Re: 0.9963 Acc: 0.9889 F1: 0.9885
Epoch 78: Time: 0.2048 Cost: 2.3930 Pre: 0.9832 Re: 0.9988 Acc: 0.9912 F1: 0.9909
Epoch 79: Time: 0.1960 Cost: 2.2964 Pre: 0.9856 Re: 1.0000 Acc: 0.9930 F1: 0.9927
Epoch 80: Time: 0.2034 Cost: 2.2329 Pre: 0.9903 Re: 0.9976 Acc: 0.9942 F1: 0.9939


--------------------------------------------------------------------
Eval results: Cost:3.6671 Pre:0.9056 Re:1.0000 Acc:0.9554 F1:0.9505
--------------------------------------------------------------------

Epoch 81: Time: 0.2964 Cost: 2.1802 Pre: 0.9880 Re: 1.0000 Acc: 0.9942 F1: 0.9939
Epoch 82: Time: 0.2611 Cost: 2.1239 Pre: 0.9891 Re: 1.0000 Acc: 0.9947 F1: 0.9945
Epoch 83: Time: 0.2206 Cost: 2.0566 Pre: 0.9939 Re: 1.0000 Acc: 0.9971 F1: 0.9970
Epoch 84: Time: 0.2170 Cost: 1.9893 Pre: 0.9951 Re: 0.9988 Acc: 0.9971 F1: 0.9970
Epoch 85: Time: 0.2258 Cost: 1.9308 Pre: 0.9951 Re: 0.9988 Acc: 0.9971 F1: 0.9970
Epoch 86: Time: 0.2130 Cost: 1.8925 Pre: 0.9951 Re: 0.9976 Acc: 0.9965 F1: 0.9963
Epoch 87: Time: 0.2171 Cost: 1.8993 Pre: 0.9951 Re: 0.9976 Acc: 0.9965 F1: 0.9963
Epoch 88: Time: 0.1893 Cost: 1.9516 Pre: 0.9903 Re: 0.9988 Acc: 0.9947 F1: 0.9945
Epoch 89: Time: 0.1970 Cost: 1.8546 Pre: 0.9879 Re: 0.9976 Acc: 0.9930 F1: 0.9927
Epoch 90: Time: 0.2284 Cost: 1.7117 Pre: 0.9939 Re: 1.0000 Acc: 0.9971 F1: 0.9970


--------------------------------------------------------------------
Eval results: Cost:3.3482 Pre:0.9303 Re:1.0000 Acc:0.9680 F1:0.9639
--------------------------------------------------------------------

Epoch 91: Time: 0.2444 Cost: 1.6342 Pre: 0.9964 Re: 1.0000 Acc: 0.9982 F1: 0.9982
Epoch 92: Time: 0.1995 Cost: 1.5801 Pre: 0.9976 Re: 1.0000 Acc: 0.9988 F1: 0.9988
Epoch 93: Time: 0.2482 Cost: 1.5144 Pre: 0.9988 Re: 1.0000 Acc: 0.9994 F1: 0.9994
Epoch 94: Time: 0.1950 Cost: 1.4649 Pre: 0.9988 Re: 1.0000 Acc: 0.9994 F1: 0.9994
Epoch 95: Time: 0.1925 Cost: 1.4148 Pre: 0.9976 Re: 1.0000 Acc: 0.9988 F1: 0.9988
Epoch 96: Time: 0.1895 Cost: 1.3696 Pre: 0.9988 Re: 1.0000 Acc: 0.9994 F1: 0.9994
Epoch 97: Time: 0.2033 Cost: 1.3514 Pre: 1.0000 Re: 0.9988 Acc: 0.9994 F1: 0.9994
Epoch 98: Time: 0.1892 Cost: 1.4051 Pre: 0.9988 Re: 0.9988 Acc: 0.9988 F1: 0.9988
Epoch 99: Time: 0.1918 Cost: 1.4987 Pre: 0.9915 Re: 1.0000 Acc: 0.9959 F1: 0.9957
Epoch 100: Time: 0.1957 Cost: 1.3174 Pre: 0.9988 Re: 1.0000 Acc: 0.9994 F1: 0.9994


--------------------------------------------------------------------
Eval results: Cost:3.2299 Pre:0.9247 Re:1.0000 Acc:0.9652 F1:0.9609
--------------------------------------------------------------------

Epoch 101: Time: 0.1904 Cost: 1.2233 Pre: 0.9976 Re: 1.0000 Acc: 0.9988 F1: 0.9988
Epoch 102: Time: 0.1828 Cost: 1.1120 Pre: 1.0000 Re: 1.0000 Acc: 1.0000 F1: 1.0000
Epoch 103: Time: 0.1849 Cost: 1.0716 Pre: 1.0000 Re: 1.0000 Acc: 1.0000 F1: 1.0000
Epoch 104: Time: 0.1765 Cost: 1.0502 Pre: 1.0000 Re: 1.0000 Acc: 1.0000 F1: 1.0000
Epoch 105: Time: 0.1932 Cost: 1.0295 Pre: 1.0000 Re: 1.0000 Acc: 1.0000 F1: 1.0000
Epoch 106: Time: 0.1748 Cost: 1.0124 Pre: 1.0000 Re: 1.0000 Acc: 1.0000 F1: 1.0000
Epoch 107: Time: 0.1801 Cost: 1.0352 Pre: 1.0000 Re: 1.0000 Acc: 1.0000 F1: 1.0000
Epoch 108: Time: 0.1911 Cost: 1.0953 Pre: 0.9976 Re: 1.0000 Acc: 0.9988 F1: 0.9988
Epoch 109: Time: 0.1696 Cost: 1.0145 Pre: 1.0000 Re: 1.0000 Acc: 1.0000 F1: 1.0000
Epoch 110: Time: 0.1851 Cost: 0.9310 Pre: 0.9988 Re: 1.0000 Acc: 0.9994 F1: 0.9994


--------------------------------------------------------------------
Eval results: Cost:2.9182 Pre:0.9417 Re:1.0000 Acc:0.9735 F1:0.9700
--------------------------------------------------------------------

Epoch 111: Time: 0.1833 Cost: 0.8710 Pre: 1.0000 Re: 1.0000 Acc: 1.0000 F1: 1.0000
Epoch 112: Time: 0.2099 Cost: 0.7934 Pre: 1.0000 Re: 1.0000 Acc: 1.0000 F1: 1.0000
Epoch 113: Time: 0.2009 Cost: 0.7720 Pre: 1.0000 Re: 1.0000 Acc: 1.0000 F1: 1.0000
Epoch 114: Time: 0.1980 Cost: 0.7543 Pre: 1.0000 Re: 1.0000 Acc: 1.0000 F1: 1.0000
Epoch 115: Time: 0.1877 Cost: 0.7329 Pre: 1.0000 Re: 1.0000 Acc: 1.0000 F1: 1.0000
Epoch 116: Time: 0.2103 Cost: 0.7187 Pre: 1.0000 Re: 1.0000 Acc: 1.0000 F1: 1.0000
Epoch 117: Time: 0.1819 Cost: 0.7405 Pre: 1.0000 Re: 1.0000 Acc: 1.0000 F1: 1.0000
Epoch 118: Time: 0.1870 Cost: 0.8128 Pre: 1.0000 Re: 1.0000 Acc: 1.0000 F1: 1.0000
Epoch 119: Time: 0.1820 Cost: 0.7800 Pre: 1.0000 Re: 1.0000 Acc: 1.0000 F1: 1.0000
Epoch 120: Time: 0.1842 Cost: 0.6764 Pre: 0.9988 Re: 1.0000 Acc: 0.9994 F1: 0.9994


--------------------------------------------------------------------
Eval results: Cost:2.6077 Pre:0.9564 Re:1.0000 Acc:0.9805 F1:0.9777
--------------------------------------------------------------------

Epoch 121: Time: 0.1723 Cost: 0.6394 Pre: 1.0000 Re: 1.0000 Acc: 1.0000 F1: 1.0000
Epoch 122: Time: 0.1726 Cost: 0.5710 Pre: 1.0000 Re: 1.0000 Acc: 1.0000 F1: 1.0000
Epoch 123: Time: 0.1863 Cost: 0.5586 Pre: 1.0000 Re: 1.0000 Acc: 1.0000 F1: 1.0000
Epoch 124: Time: 0.1771 Cost: 0.5490 Pre: 1.0000 Re: 1.0000 Acc: 1.0000 F1: 1.0000
Epoch 125: Time: 0.1932 Cost: 0.5397 Pre: 1.0000 Re: 1.0000 Acc: 1.0000 F1: 1.0000
Epoch 126: Time: 0.1817 Cost: 0.5365 Pre: 1.0000 Re: 1.0000 Acc: 1.0000 F1: 1.0000
Epoch 127: Time: 0.1832 Cost: 0.5332 Pre: 1.0000 Re: 1.0000 Acc: 1.0000 F1: 1.0000
Epoch 128: Time: 0.1817 Cost: 0.5172 Pre: 1.0000 Re: 1.0000 Acc: 1.0000 F1: 1.0000
Epoch 129: Time: 0.1814 Cost: 0.5288 Pre: 1.0000 Re: 1.0000 Acc: 1.0000 F1: 1.0000
Epoch 130: Time: 0.1812 Cost: 0.5060 Pre: 1.0000 Re: 1.0000 Acc: 1.0000 F1: 1.0000


--------------------------------------------------------------------
Eval results: Cost:1.9530 Pre:0.9624 Re:1.0000 Acc:0.9833 F1:0.9808
--------------------------------------------------------------------

Epoch 131: Time: 0.1800 Cost: 0.4598 Pre: 1.0000 Re: 1.0000 Acc: 1.0000 F1: 1.0000
Epoch 132: Time: 0.1789 Cost: 0.4389 Pre: 1.0000 Re: 1.0000 Acc: 1.0000 F1: 1.0000
Epoch 133: Time: 0.1950 Cost: 0.4121 Pre: 1.0000 Re: 1.0000 Acc: 1.0000 F1: 1.0000
Epoch 134: Time: 0.1809 Cost: 0.3942 Pre: 1.0000 Re: 1.0000 Acc: 1.0000 F1: 1.0000
Epoch 135: Time: 0.1982 Cost: 0.3731 Pre: 1.0000 Re: 1.0000 Acc: 1.0000 F1: 1.0000
Epoch 136: Time: 0.1865 Cost: 0.3584 Pre: 1.0000 Re: 1.0000 Acc: 1.0000 F1: 1.0000
Epoch 137: Time: 0.2090 Cost: 0.3440 Pre: 1.0000 Re: 1.0000 Acc: 1.0000 F1: 1.0000
Epoch 138: Time: 0.2062 Cost: 0.3334 Pre: 1.0000 Re: 1.0000 Acc: 1.0000 F1: 1.0000
Epoch 139: Time: 0.1968 Cost: 0.3363 Pre: 1.0000 Re: 1.0000 Acc: 1.0000 F1: 1.0000
Epoch 140: Time: 0.2269 Cost: 0.3866 Pre: 1.0000 Re: 1.0000 Acc: 1.0000 F1: 1.0000


--------------------------------------------------------------------
Eval results: Cost:1.2957 Pre:0.9808 Re:1.0000 Acc:0.9916 F1:0.9903
--------------------------------------------------------------------

Epoch 141: Time: 0.1841 Cost: 0.4967 Pre: 0.9988 Re: 1.0000 Acc: 0.9994 F1: 0.9994
Epoch 142: Time: 0.2004 Cost: 0.3425 Pre: 1.0000 Re: 1.0000 Acc: 1.0000 F1: 1.0000
Epoch 143: Time: 0.1959 Cost: 0.3036 Pre: 1.0000 Re: 1.0000 Acc: 1.0000 F1: 1.0000
Epoch 144: Time: 0.2005 Cost: 0.2798 Pre: 1.0000 Re: 1.0000 Acc: 1.0000 F1: 1.0000
Epoch 145: Time: 0.2024 Cost: 0.2722 Pre: 1.0000 Re: 1.0000 Acc: 1.0000 F1: 1.0000
Epoch 146: Time: 0.1914 Cost: 0.2685 Pre: 1.0000 Re: 1.0000 Acc: 1.0000 F1: 1.0000
Epoch 147: Time: 0.1941 Cost: 0.2557 Pre: 1.0000 Re: 1.0000 Acc: 1.0000 F1: 1.0000
Epoch 148: Time: 0.2117 Cost: 0.2449 Pre: 1.0000 Re: 1.0000 Acc: 1.0000 F1: 1.0000
Epoch 149: Time: 0.1934 Cost: 0.2351 Pre: 1.0000 Re: 1.0000 Acc: 1.0000 F1: 1.0000
Epoch 150: Time: 0.2085 Cost: 0.2233 Pre: 1.0000 Re: 1.0000 Acc: 1.0000 F1: 1.0000


--------------------------------------------------------------------
Eval results: Cost:0.6020 Pre:0.9903 Re:1.0000 Acc:0.9958 F1:0.9951
--------------------------------------------------------------------

Epoch 151: Time: 0.1939 Cost: 0.2272 Pre: 1.0000 Re: 1.0000 Acc: 1.0000 F1: 1.0000
Epoch 152: Time: 0.2048 Cost: 0.2082 Pre: 1.0000 Re: 1.0000 Acc: 1.0000 F1: 1.0000
Epoch 153: Time: 0.1947 Cost: 0.1927 Pre: 1.0000 Re: 1.0000 Acc: 1.0000 F1: 1.0000
Epoch 154: Time: 0.2098 Cost: 0.1898 Pre: 1.0000 Re: 1.0000 Acc: 1.0000 F1: 1.0000
Epoch 155: Time: 0.1921 Cost: 0.1855 Pre: 1.0000 Re: 1.0000 Acc: 1.0000 F1: 1.0000
Epoch 156: Time: 0.1893 Cost: 0.1744 Pre: 1.0000 Re: 1.0000 Acc: 1.0000 F1: 1.0000
Epoch 157: Time: 0.2071 Cost: 0.1673 Pre: 1.0000 Re: 1.0000 Acc: 1.0000 F1: 1.0000
Epoch 158: Time: 0.1847 Cost: 0.1597 Pre: 1.0000 Re: 1.0000 Acc: 1.0000 F1: 1.0000
Epoch 159: Time: 0.1933 Cost: 0.1522 Pre: 1.0000 Re: 1.0000 Acc: 1.0000 F1: 1.0000
Epoch 160: Time: 0.1989 Cost: 0.1482 Pre: 1.0000 Re: 1.0000 Acc: 1.0000 F1: 1.0000


--------------------------------------------------------------------
Eval results: Cost:0.5575 Pre:0.9871 Re:1.0000 Acc:0.9944 F1:0.9935
--------------------------------------------------------------------

Epoch 161: Time: 0.2333 Cost: 0.2406 Pre: 1.0000 Re: 1.0000 Acc: 1.0000 F1: 1.0000
Epoch 162: Time: 0.2378 Cost: 0.1672 Pre: 1.0000 Re: 1.0000 Acc: 1.0000 F1: 1.0000
Epoch 163: Time: 0.2559 Cost: 0.1410 Pre: 1.0000 Re: 1.0000 Acc: 1.0000 F1: 1.0000
Epoch 164: Time: 0.1807 Cost: 0.1279 Pre: 1.0000 Re: 1.0000 Acc: 1.0000 F1: 1.0000
Epoch 165: Time: 0.1930 Cost: 0.1285 Pre: 1.0000 Re: 1.0000 Acc: 1.0000 F1: 1.0000
Epoch 166: Time: 0.2176 Cost: 0.1327 Pre: 1.0000 Re: 1.0000 Acc: 1.0000 F1: 1.0000
Epoch 167: Time: 0.2126 Cost: 0.1271 Pre: 1.0000 Re: 1.0000 Acc: 1.0000 F1: 1.0000
Epoch 168: Time: 0.2201 Cost: 0.1185 Pre: 1.0000 Re: 1.0000 Acc: 1.0000 F1: 1.0000
Epoch 169: Time: 0.1985 Cost: 0.1144 Pre: 1.0000 Re: 1.0000 Acc: 1.0000 F1: 1.0000
Epoch 170: Time: 0.1996 Cost: 0.1068 Pre: 1.0000 Re: 1.0000 Acc: 1.0000 F1: 1.0000


--------------------------------------------------------------------
Eval results: Cost:0.2692 Pre:0.9968 Re:1.0000 Acc:0.9986 F1:0.9984
--------------------------------------------------------------------

Epoch 171: Time: 0.1868 Cost: 0.1081 Pre: 1.0000 Re: 1.0000 Acc: 1.0000 F1: 1.0000
Epoch 172: Time: 0.2027 Cost: 0.1028 Pre: 1.0000 Re: 1.0000 Acc: 1.0000 F1: 1.0000
Epoch 173: Time: 0.1905 Cost: 0.0965 Pre: 1.0000 Re: 1.0000 Acc: 1.0000 F1: 1.0000
Epoch 174: Time: 0.2006 Cost: 0.0942 Pre: 1.0000 Re: 1.0000 Acc: 1.0000 F1: 1.0000
Epoch 175: Time: 0.1964 Cost: 0.0893 Pre: 1.0000 Re: 1.0000 Acc: 1.0000 F1: 1.0000
Epoch 176: Time: 0.1854 Cost: 0.0831 Pre: 1.0000 Re: 1.0000 Acc: 1.0000 F1: 1.0000
Epoch 177: Time: 0.1882 Cost: 0.0792 Pre: 1.0000 Re: 1.0000 Acc: 1.0000 F1: 1.0000
Epoch 178: Time: 0.1974 Cost: 0.0740 Pre: 1.0000 Re: 1.0000 Acc: 1.0000 F1: 1.0000
Epoch 179: Time: 0.1864 Cost: 0.0706 Pre: 1.0000 Re: 1.0000 Acc: 1.0000 F1: 1.0000
Epoch 180: Time: 0.2161 Cost: 0.0685 Pre: 1.0000 Re: 1.0000 Acc: 1.0000 F1: 1.0000


--------------------------------------------------------------------
Eval results: Cost:0.2879 Pre:0.9903 Re:1.0000 Acc:0.9958 F1:0.9951
--------------------------------------------------------------------

Epoch 181: Time: 0.1898 Cost: 0.0945 Pre: 1.0000 Re: 1.0000 Acc: 1.0000 F1: 1.0000
Epoch 182: Time: 0.1963 Cost: 0.0660 Pre: 1.0000 Re: 1.0000 Acc: 1.0000 F1: 1.0000
Epoch 183: Time: 0.2107 Cost: 0.0622 Pre: 1.0000 Re: 1.0000 Acc: 1.0000 F1: 1.0000
Epoch 184: Time: 0.1818 Cost: 0.0584 Pre: 1.0000 Re: 1.0000 Acc: 1.0000 F1: 1.0000
Epoch 185: Time: 0.1899 Cost: 0.0581 Pre: 1.0000 Re: 1.0000 Acc: 1.0000 F1: 1.0000
Epoch 186: Time: 0.1834 Cost: 0.0564 Pre: 1.0000 Re: 1.0000 Acc: 1.0000 F1: 1.0000
Epoch 187: Time: 0.1958 Cost: 0.0538 Pre: 1.0000 Re: 1.0000 Acc: 1.0000 F1: 1.0000
Epoch 188: Time: 0.1743 Cost: 0.0507 Pre: 1.0000 Re: 1.0000 Acc: 1.0000 F1: 1.0000
Epoch 189: Time: 0.1758 Cost: 0.0487 Pre: 1.0000 Re: 1.0000 Acc: 1.0000 F1: 1.0000
Epoch 190: Time: 0.1738 Cost: 0.0466 Pre: 1.0000 Re: 1.0000 Acc: 1.0000 F1: 1.0000


--------------------------------------------------------------------
Eval results: Cost:0.1967 Pre:0.9935 Re:1.0000 Acc:0.9972 F1:0.9968
--------------------------------------------------------------------

Epoch 191: Time: 0.1925 Cost: 0.0621 Pre: 1.0000 Re: 1.0000 Acc: 1.0000 F1: 1.0000
Epoch 192: Time: 0.1747 Cost: 0.0441 Pre: 1.0000 Re: 1.0000 Acc: 1.0000 F1: 1.0000
Epoch 193: Time: 0.1751 Cost: 0.0433 Pre: 1.0000 Re: 1.0000 Acc: 1.0000 F1: 1.0000
Epoch 194: Time: 0.1724 Cost: 0.0411 Pre: 1.0000 Re: 1.0000 Acc: 1.0000 F1: 1.0000
Epoch 195: Time: 0.1694 Cost: 0.0406 Pre: 1.0000 Re: 1.0000 Acc: 1.0000 F1: 1.0000
Epoch 196: Time: 0.1779 Cost: 0.0387 Pre: 1.0000 Re: 1.0000 Acc: 1.0000 F1: 1.0000
Epoch 197: Time: 0.1689 Cost: 0.0372 Pre: 1.0000 Re: 1.0000 Acc: 1.0000 F1: 1.0000
Epoch 198: Time: 0.1739 Cost: 0.0351 Pre: 1.0000 Re: 1.0000 Acc: 1.0000 F1: 1.0000
Epoch 199: Time: 0.1745 Cost: 0.0339 Pre: 1.0000 Re: 1.0000 Acc: 1.0000 F1: 1.0000
Epoch 200: Time: 0.1681 Cost: 0.0325 Pre: 1.0000 Re: 1.0000 Acc: 1.0000 F1: 1.0000


--------------------------------------------------------------------
Eval results: Cost:0.1555 Pre:0.9968 Re:1.0000 Acc:0.9986 F1:0.9984
--------------------------------------------------------------------

Epoch 201: Time: 0.1781 Cost: 0.0438 Pre: 1.0000 Re: 1.0000 Acc: 1.0000 F1: 1.0000
Epoch 202: Time: 0.1676 Cost: 0.0309 Pre: 1.0000 Re: 1.0000 Acc: 1.0000 F1: 1.0000
Epoch 203: Time: 0.1880 Cost: 0.0299 Pre: 1.0000 Re: 1.0000 Acc: 1.0000 F1: 1.0000
Epoch 204: Time: 0.1699 Cost: 0.0283 Pre: 1.0000 Re: 1.0000 Acc: 1.0000 F1: 1.0000
Epoch 205: Time: 0.1883 Cost: 0.0281 Pre: 1.0000 Re: 1.0000 Acc: 1.0000 F1: 1.0000
Epoch 206: Time: 0.1713 Cost: 0.0273 Pre: 1.0000 Re: 1.0000 Acc: 1.0000 F1: 1.0000
Epoch 207: Time: 0.1811 Cost: 0.0261 Pre: 1.0000 Re: 1.0000 Acc: 1.0000 F1: 1.0000
Epoch 208: Time: 0.2017 Cost: 0.0250 Pre: 1.0000 Re: 1.0000 Acc: 1.0000 F1: 1.0000
Epoch 209: Time: 0.1824 Cost: 0.0243 Pre: 1.0000 Re: 1.0000 Acc: 1.0000 F1: 1.0000
Epoch 210: Time: 0.1897 Cost: 0.0231 Pre: 1.0000 Re: 1.0000 Acc: 1.0000 F1: 1.0000


--------------------------------------------------------------------
Eval results: Cost:0.1139 Pre:1.0000 Re:1.0000 Acc:1.0000 F1:1.0000
--------------------------------------------------------------------

Epoch 211: Time: 0.1924 Cost: 0.0277 Pre: 1.0000 Re: 1.0000 Acc: 1.0000 F1: 1.0000
Epoch 212: Time: 0.1838 Cost: 0.0219 Pre: 1.0000 Re: 1.0000 Acc: 1.0000 F1: 1.0000
Epoch 213: Time: 0.2015 Cost: 0.0212 Pre: 1.0000 Re: 1.0000 Acc: 1.0000 F1: 1.0000
Epoch 214: Time: 0.1781 Cost: 0.0208 Pre: 1.0000 Re: 1.0000 Acc: 1.0000 F1: 1.0000
Epoch 215: Time: 0.1775 Cost: 0.0205 Pre: 1.0000 Re: 1.0000 Acc: 1.0000 F1: 1.0000
Epoch 216: Time: 0.1766 Cost: 0.0197 Pre: 1.0000 Re: 1.0000 Acc: 1.0000 F1: 1.0000
Epoch 217: Time: 0.1690 Cost: 0.0187 Pre: 1.0000 Re: 1.0000 Acc: 1.0000 F1: 1.0000
Epoch 218: Time: 0.1831 Cost: 0.0183 Pre: 1.0000 Re: 1.0000 Acc: 1.0000 F1: 1.0000
Epoch 219: Time: 0.1865 Cost: 0.0181 Pre: 1.0000 Re: 1.0000 Acc: 1.0000 F1: 1.0000
Epoch 220: Time: 0.1710 Cost: 0.0172 Pre: 1.0000 Re: 1.0000 Acc: 1.0000 F1: 1.0000


--------------------------------------------------------------------
Eval results: Cost:0.0840 Pre:1.0000 Re:1.0000 Acc:1.0000 F1:1.0000
--------------------------------------------------------------------

Epoch 221: Time: 0.1916 Cost: 0.0189 Pre: 1.0000 Re: 1.0000 Acc: 1.0000 F1: 1.0000
Epoch 222: Time: 0.1785 Cost: 0.0168 Pre: 1.0000 Re: 1.0000 Acc: 1.0000 F1: 1.0000
Epoch 223: Time: 0.1827 Cost: 0.0156 Pre: 1.0000 Re: 1.0000 Acc: 1.0000 F1: 1.0000
Epoch 224: Time: 0.1827 Cost: 0.0156 Pre: 1.0000 Re: 1.0000 Acc: 1.0000 F1: 1.0000
Epoch 225: Time: 0.1812 Cost: 0.0155 Pre: 1.0000 Re: 1.0000 Acc: 1.0000 F1: 1.0000
Epoch 226: Time: 0.1768 Cost: 0.0148 Pre: 1.0000 Re: 1.0000 Acc: 1.0000 F1: 1.0000
Epoch 227: Time: 0.1663 Cost: 0.0141 Pre: 1.0000 Re: 1.0000 Acc: 1.0000 F1: 1.0000
Epoch 228: Time: 0.1801 Cost: 0.0139 Pre: 1.0000 Re: 1.0000 Acc: 1.0000 F1: 1.0000
Epoch 229: Time: 0.1995 Cost: 0.0136 Pre: 1.0000 Re: 1.0000 Acc: 1.0000 F1: 1.0000
Epoch 230: Time: 0.1806 Cost: 0.0131 Pre: 1.0000 Re: 1.0000 Acc: 1.0000 F1: 1.0000


--------------------------------------------------------------------
Eval results: Cost:0.0744 Pre:1.0000 Re:1.0000 Acc:1.0000 F1:1.0000
--------------------------------------------------------------------

Epoch 231: Time: 0.1776 Cost: 0.0142 Pre: 1.0000 Re: 1.0000 Acc: 1.0000 F1: 1.0000
Epoch 232: Time: 0.1847 Cost: 0.0133 Pre: 1.0000 Re: 1.0000 Acc: 1.0000 F1: 1.0000
Epoch 233: Time: 0.1774 Cost: 0.0126 Pre: 1.0000 Re: 1.0000 Acc: 1.0000 F1: 1.0000
Epoch 234: Time: 0.1930 Cost: 0.0120 Pre: 1.0000 Re: 1.0000 Acc: 1.0000 F1: 1.0000
Epoch 235: Time: 0.2131 Cost: 0.0118 Pre: 1.0000 Re: 1.0000 Acc: 1.0000 F1: 1.0000
Epoch 236: Time: 0.2017 Cost: 0.0116 Pre: 1.0000 Re: 1.0000 Acc: 1.0000 F1: 1.0000
Epoch 237: Time: 0.2241 Cost: 0.0111 Pre: 1.0000 Re: 1.0000 Acc: 1.0000 F1: 1.0000
Epoch 238: Time: 0.2119 Cost: 0.0109 Pre: 1.0000 Re: 1.0000 Acc: 1.0000 F1: 1.0000
Epoch 239: Time: 0.2223 Cost: 0.0106 Pre: 1.0000 Re: 1.0000 Acc: 1.0000 F1: 1.0000
Epoch 240: Time: 0.1850 Cost: 0.0104 Pre: 1.0000 Re: 1.0000 Acc: 1.0000 F1: 1.0000


--------------------------------------------------------------------
Eval results: Cost:0.0745 Pre:1.0000 Re:1.0000 Acc:1.0000 F1:1.0000
--------------------------------------------------------------------

Epoch 241: Time: 0.1798 Cost: 0.0121 Pre: 1.0000 Re: 1.0000 Acc: 1.0000 F1: 1.0000
Epoch 242: Time: 0.1812 Cost: 0.0110 Pre: 1.0000 Re: 1.0000 Acc: 1.0000 F1: 1.0000
Epoch 243: Time: 0.1942 Cost: 0.0107 Pre: 1.0000 Re: 1.0000 Acc: 1.0000 F1: 1.0000
Epoch 244: Time: 0.1937 Cost: 0.0098 Pre: 1.0000 Re: 1.0000 Acc: 1.0000 F1: 1.0000
Epoch 245: Time: 0.1837 Cost: 0.0095 Pre: 1.0000 Re: 1.0000 Acc: 1.0000 F1: 1.0000
Epoch 246: Time: 0.1806 Cost: 0.0094 Pre: 1.0000 Re: 1.0000 Acc: 1.0000 F1: 1.0000
Epoch 247: Time: 0.1961 Cost: 0.0093 Pre: 1.0000 Re: 1.0000 Acc: 1.0000 F1: 1.0000
Epoch 248: Time: 0.1866 Cost: 0.0089 Pre: 1.0000 Re: 1.0000 Acc: 1.0000 F1: 1.0000
Epoch 249: Time: 0.1811 Cost: 0.0087 Pre: 1.0000 Re: 1.0000 Acc: 1.0000 F1: 1.0000
Epoch 250: Time: 0.2446 Cost: 0.0086 Pre: 1.0000 Re: 1.0000 Acc: 1.0000 F1: 1.0000


--------------------------------------------------------------------
Eval results: Cost:0.0673 Pre:1.0000 Re:1.0000 Acc:1.0000 F1:1.0000
--------------------------------------------------------------------

Epoch 251: Time: 0.2350 Cost: 0.0098 Pre: 1.0000 Re: 1.0000 Acc: 1.0000 F1: 1.0000
Epoch 252: Time: 0.2203 Cost: 0.0091 Pre: 1.0000 Re: 1.0000 Acc: 1.0000 F1: 1.0000
Epoch 253: Time: 0.2193 Cost: 0.0088 Pre: 1.0000 Re: 1.0000 Acc: 1.0000 F1: 1.0000
Epoch 254: Time: 0.1964 Cost: 0.0084 Pre: 1.0000 Re: 1.0000 Acc: 1.0000 F1: 1.0000
Epoch 255: Time: 0.2115 Cost: 0.0079 Pre: 1.0000 Re: 1.0000 Acc: 1.0000 F1: 1.0000
Epoch 256: Time: 0.2099 Cost: 0.0078 Pre: 1.0000 Re: 1.0000 Acc: 1.0000 F1: 1.0000
Epoch 257: Time: 0.2499 Cost: 0.0078 Pre: 1.0000 Re: 1.0000 Acc: 1.0000 F1: 1.0000
Epoch 258: Time: 0.2510 Cost: 0.0076 Pre: 1.0000 Re: 1.0000 Acc: 1.0000 F1: 1.0000
Epoch 259: Time: 0.2263 Cost: 0.0074 Pre: 1.0000 Re: 1.0000 Acc: 1.0000 F1: 1.0000
Epoch 260: Time: 0.2136 Cost: 0.0073 Pre: 1.0000 Re: 1.0000 Acc: 1.0000 F1: 1.0000


--------------------------------------------------------------------
Eval results: Cost:0.0621 Pre:1.0000 Re:1.0000 Acc:1.0000 F1:1.0000
--------------------------------------------------------------------

Epoch 261: Time: 0.2010 Cost: 0.0079 Pre: 1.0000 Re: 1.0000 Acc: 1.0000 F1: 1.0000
Epoch 262: Time: 0.1947 Cost: 0.0076 Pre: 1.0000 Re: 1.0000 Acc: 1.0000 F1: 1.0000
Epoch 263: Time: 0.2009 Cost: 0.0073 Pre: 1.0000 Re: 1.0000 Acc: 1.0000 F1: 1.0000
Epoch 264: Time: 0.1943 Cost: 0.0072 Pre: 1.0000 Re: 1.0000 Acc: 1.0000 F1: 1.0000
Epoch 265: Time: 0.2079 Cost: 0.0068 Pre: 1.0000 Re: 1.0000 Acc: 1.0000 F1: 1.0000
Epoch 266: Time: 0.1918 Cost: 0.0067 Pre: 1.0000 Re: 1.0000 Acc: 1.0000 F1: 1.0000
Epoch 267: Time: 0.1946 Cost: 0.0067 Pre: 1.0000 Re: 1.0000 Acc: 1.0000 F1: 1.0000
Epoch 268: Time: 0.1923 Cost: 0.0066 Pre: 1.0000 Re: 1.0000 Acc: 1.0000 F1: 1.0000
Epoch 269: Time: 0.1954 Cost: 0.0064 Pre: 1.0000 Re: 1.0000 Acc: 1.0000 F1: 1.0000
Epoch 270: Time: 0.1859 Cost: 0.0063 Pre: 1.0000 Re: 1.0000 Acc: 1.0000 F1: 1.0000


--------------------------------------------------------------------
Eval results: Cost:0.0557 Pre:1.0000 Re:1.0000 Acc:1.0000 F1:1.0000
--------------------------------------------------------------------

Epoch 271: Time: 0.1899 Cost: 0.0065 Pre: 1.0000 Re: 1.0000 Acc: 1.0000 F1: 1.0000
Epoch 272: Time: 0.1917 Cost: 0.0064 Pre: 1.0000 Re: 1.0000 Acc: 1.0000 F1: 1.0000
Epoch 273: Time: 0.2046 Cost: 0.0062 Pre: 1.0000 Re: 1.0000 Acc: 1.0000 F1: 1.0000
Epoch 274: Time: 0.1867 Cost: 0.0062 Pre: 1.0000 Re: 1.0000 Acc: 1.0000 F1: 1.0000
Epoch 275: Time: 0.1992 Cost: 0.0059 Pre: 1.0000 Re: 1.0000 Acc: 1.0000 F1: 1.0000
Epoch 276: Time: 0.1962 Cost: 0.0059 Pre: 1.0000 Re: 1.0000 Acc: 1.0000 F1: 1.0000
Epoch 277: Time: 0.1818 Cost: 0.0058 Pre: 1.0000 Re: 1.0000 Acc: 1.0000 F1: 1.0000
Epoch 278: Time: 0.2054 Cost: 0.0057 Pre: 1.0000 Re: 1.0000 Acc: 1.0000 F1: 1.0000
Epoch 279: Time: 0.2219 Cost: 0.0056 Pre: 1.0000 Re: 1.0000 Acc: 1.0000 F1: 1.0000
Epoch 280: Time: 0.2403 Cost: 0.0055 Pre: 1.0000 Re: 1.0000 Acc: 1.0000 F1: 1.0000


--------------------------------------------------------------------
Eval results: Cost:0.0532 Pre:1.0000 Re:1.0000 Acc:1.0000 F1:1.0000
--------------------------------------------------------------------

Epoch 281: Time: 0.2383 Cost: 0.0056 Pre: 1.0000 Re: 1.0000 Acc: 1.0000 F1: 1.0000
Epoch 282: Time: 0.1870 Cost: 0.0056 Pre: 1.0000 Re: 1.0000 Acc: 1.0000 F1: 1.0000
Epoch 283: Time: 0.1897 Cost: 0.0054 Pre: 1.0000 Re: 1.0000 Acc: 1.0000 F1: 1.0000
Epoch 284: Time: 0.2074 Cost: 0.0055 Pre: 1.0000 Re: 1.0000 Acc: 1.0000 F1: 1.0000
Epoch 285: Time: 0.1915 Cost: 0.0053 Pre: 1.0000 Re: 1.0000 Acc: 1.0000 F1: 1.0000
Epoch 286: Time: 0.1974 Cost: 0.0052 Pre: 1.0000 Re: 1.0000 Acc: 1.0000 F1: 1.0000
Epoch 287: Time: 0.1871 Cost: 0.0051 Pre: 1.0000 Re: 1.0000 Acc: 1.0000 F1: 1.0000
Epoch 288: Time: 0.2016 Cost: 0.0051 Pre: 1.0000 Re: 1.0000 Acc: 1.0000 F1: 1.0000
Epoch 289: Time: 0.1906 Cost: 0.0050 Pre: 1.0000 Re: 1.0000 Acc: 1.0000 F1: 1.0000
Epoch 290: Time: 0.1949 Cost: 0.0049 Pre: 1.0000 Re: 1.0000 Acc: 1.0000 F1: 1.0000


--------------------------------------------------------------------
Eval results: Cost:0.0507 Pre:1.0000 Re:1.0000 Acc:1.0000 F1:1.0000
--------------------------------------------------------------------

Epoch 291: Time: 0.1812 Cost: 0.0050 Pre: 1.0000 Re: 1.0000 Acc: 1.0000 F1: 1.0000
Epoch 292: Time: 0.1942 Cost: 0.0049 Pre: 1.0000 Re: 1.0000 Acc: 1.0000 F1: 1.0000
Epoch 293: Time: 0.1969 Cost: 0.0048 Pre: 1.0000 Re: 1.0000 Acc: 1.0000 F1: 1.0000
Epoch 294: Time: 0.2098 Cost: 0.0049 Pre: 1.0000 Re: 1.0000 Acc: 1.0000 F1: 1.0000
Epoch 295: Time: 0.1993 Cost: 0.0048 Pre: 1.0000 Re: 1.0000 Acc: 1.0000 F1: 1.0000
Epoch 296: Time: 0.2019 Cost: 0.0046 Pre: 1.0000 Re: 1.0000 Acc: 1.0000 F1: 1.0000
Epoch 297: Time: 0.1987 Cost: 0.0046 Pre: 1.0000 Re: 1.0000 Acc: 1.0000 F1: 1.0000
Epoch 298: Time: 0.1984 Cost: 0.0046 Pre: 1.0000 Re: 1.0000 Acc: 1.0000 F1: 1.0000
Epoch 299: Time: 0.1914 Cost: 0.0045 Pre: 1.0000 Re: 1.0000 Acc: 1.0000 F1: 1.0000
Epoch 300: Time: 0.2014 Cost: 0.0044 Pre: 1.0000 Re: 1.0000 Acc: 1.0000 F1: 1.0000


--------------------------------------------------------------------
Eval results: Cost:0.0474 Pre:1.0000 Re:1.0000 Acc:1.0000 F1:1.0000
--------------------------------------------------------------------

Epoch 301: Time: 0.1960 Cost: 0.0044 Pre: 1.0000 Re: 1.0000 Acc: 1.0000 F1: 1.0000
Epoch 302: Time: 0.2021 Cost: 0.0044 Pre: 1.0000 Re: 1.0000 Acc: 1.0000 F1: 1.0000
Epoch 303: Time: 0.2245 Cost: 0.0044 Pre: 1.0000 Re: 1.0000 Acc: 1.0000 F1: 1.0000
Epoch 304: Time: 0.2292 Cost: 0.0044 Pre: 1.0000 Re: 1.0000 Acc: 1.0000 F1: 1.0000
Epoch 305: Time: 0.2369 Cost: 0.0043 Pre: 1.0000 Re: 1.0000 Acc: 1.0000 F1: 1.0000
Epoch 306: Time: 0.1940 Cost: 0.0042 Pre: 1.0000 Re: 1.0000 Acc: 1.0000 F1: 1.0000
Epoch 307: Time: 0.1884 Cost: 0.0042 Pre: 1.0000 Re: 1.0000 Acc: 1.0000 F1: 1.0000
Epoch 308: Time: 0.1928 Cost: 0.0041 Pre: 1.0000 Re: 1.0000 Acc: 1.0000 F1: 1.0000
Epoch 309: Time: 0.1967 Cost: 0.0041 Pre: 1.0000 Re: 1.0000 Acc: 1.0000 F1: 1.0000
Epoch 310: Time: 0.1887 Cost: 0.0041 Pre: 1.0000 Re: 1.0000 Acc: 1.0000 F1: 1.0000


--------------------------------------------------------------------
Eval results: Cost:0.0456 Pre:1.0000 Re:1.0000 Acc:1.0000 F1:1.0000
--------------------------------------------------------------------

Epoch 311: Time: 0.1864 Cost: 0.0040 Pre: 1.0000 Re: 1.0000 Acc: 1.0000 F1: 1.0000
Epoch 312: Time: 0.1995 Cost: 0.0040 Pre: 1.0000 Re: 1.0000 Acc: 1.0000 F1: 1.0000
Epoch 313: Time: 0.1853 Cost: 0.0040 Pre: 1.0000 Re: 1.0000 Acc: 1.0000 F1: 1.0000
Epoch 314: Time: 0.1932 Cost: 0.0040 Pre: 1.0000 Re: 1.0000 Acc: 1.0000 F1: 1.0000
Epoch 315: Time: 0.1976 Cost: 0.0040 Pre: 1.0000 Re: 1.0000 Acc: 1.0000 F1: 1.0000
Epoch 316: Time: 0.1839 Cost: 0.0038 Pre: 1.0000 Re: 1.0000 Acc: 1.0000 F1: 1.0000
Epoch 317: Time: 0.1950 Cost: 0.0038 Pre: 1.0000 Re: 1.0000 Acc: 1.0000 F1: 1.0000
Epoch 318: Time: 0.1869 Cost: 0.0038 Pre: 1.0000 Re: 1.0000 Acc: 1.0000 F1: 1.0000
Epoch 319: Time: 0.1891 Cost: 0.0038 Pre: 1.0000 Re: 1.0000 Acc: 1.0000 F1: 1.0000
Epoch 320: Time: 0.1794 Cost: 0.0037 Pre: 1.0000 Re: 1.0000 Acc: 1.0000 F1: 1.0000


--------------------------------------------------------------------
Eval results: Cost:0.0456 Pre:1.0000 Re:1.0000 Acc:1.0000 F1:1.0000
--------------------------------------------------------------------

Epoch 321: Time: 0.1979 Cost: 0.0037 Pre: 1.0000 Re: 1.0000 Acc: 1.0000 F1: 1.0000
Epoch 322: Time: 0.1866 Cost: 0.0037 Pre: 1.0000 Re: 1.0000 Acc: 1.0000 F1: 1.0000
Epoch 323: Time: 0.2059 Cost: 0.0037 Pre: 1.0000 Re: 1.0000 Acc: 1.0000 F1: 1.0000
Epoch 324: Time: 0.1984 Cost: 0.0037 Pre: 1.0000 Re: 1.0000 Acc: 1.0000 F1: 1.0000
Epoch 325: Time: 0.1910 Cost: 0.0037 Pre: 1.0000 Re: 1.0000 Acc: 1.0000 F1: 1.0000
Epoch 326: Time: 0.2273 Cost: 0.0035 Pre: 1.0000 Re: 1.0000 Acc: 1.0000 F1: 1.0000
Epoch 327: Time: 0.2218 Cost: 0.0035 Pre: 1.0000 Re: 1.0000 Acc: 1.0000 F1: 1.0000
Epoch 328: Time: 0.1944 Cost: 0.0035 Pre: 1.0000 Re: 1.0000 Acc: 1.0000 F1: 1.0000
Epoch 329: Time: 0.1971 Cost: 0.0035 Pre: 1.0000 Re: 1.0000 Acc: 1.0000 F1: 1.0000
Epoch 330: Time: 0.2249 Cost: 0.0034 Pre: 1.0000 Re: 1.0000 Acc: 1.0000 F1: 1.0000


--------------------------------------------------------------------
Eval results: Cost:0.0452 Pre:1.0000 Re:1.0000 Acc:1.0000 F1:1.0000
--------------------------------------------------------------------

Epoch 331: Time: 0.2058 Cost: 0.0034 Pre: 1.0000 Re: 1.0000 Acc: 1.0000 F1: 1.0000
Epoch 332: Time: 0.1950 Cost: 0.0034 Pre: 1.0000 Re: 1.0000 Acc: 1.0000 F1: 1.0000
Epoch 333: Time: 0.1986 Cost: 0.0034 Pre: 1.0000 Re: 1.0000 Acc: 1.0000 F1: 1.0000
Epoch 334: Time: 0.2003 Cost: 0.0034 Pre: 1.0000 Re: 1.0000 Acc: 1.0000 F1: 1.0000
Epoch 335: Time: 0.2090 Cost: 0.0034 Pre: 1.0000 Re: 1.0000 Acc: 1.0000 F1: 1.0000
Epoch 336: Time: 0.1981 Cost: 0.0033 Pre: 1.0000 Re: 1.0000 Acc: 1.0000 F1: 1.0000
Epoch 337: Time: 0.1950 Cost: 0.0032 Pre: 1.0000 Re: 1.0000 Acc: 1.0000 F1: 1.0000
Epoch 338: Time: 0.1859 Cost: 0.0032 Pre: 1.0000 Re: 1.0000 Acc: 1.0000 F1: 1.0000
Epoch 339: Time: 0.1942 Cost: 0.0032 Pre: 1.0000 Re: 1.0000 Acc: 1.0000 F1: 1.0000
Epoch 340: Time: 0.1929 Cost: 0.0032 Pre: 1.0000 Re: 1.0000 Acc: 1.0000 F1: 1.0000


--------------------------------------------------------------------
Eval results: Cost:0.0440 Pre:1.0000 Re:1.0000 Acc:1.0000 F1:1.0000
--------------------------------------------------------------------

Epoch 341: Time: 0.2054 Cost: 0.0031 Pre: 1.0000 Re: 1.0000 Acc: 1.0000 F1: 1.0000
Epoch 342: Time: 0.1888 Cost: 0.0031 Pre: 1.0000 Re: 1.0000 Acc: 1.0000 F1: 1.0000
Epoch 343: Time: 0.1996 Cost: 0.0031 Pre: 1.0000 Re: 1.0000 Acc: 1.0000 F1: 1.0000
Epoch 344: Time: 0.1975 Cost: 0.0032 Pre: 1.0000 Re: 1.0000 Acc: 1.0000 F1: 1.0000
Epoch 345: Time: 0.2019 Cost: 0.0032 Pre: 1.0000 Re: 1.0000 Acc: 1.0000 F1: 1.0000
Epoch 346: Time: 0.2135 Cost: 0.0031 Pre: 1.0000 Re: 1.0000 Acc: 1.0000 F1: 1.0000
Epoch 347: Time: 0.1933 Cost: 0.0030 Pre: 1.0000 Re: 1.0000 Acc: 1.0000 F1: 1.0000
Epoch 348: Time: 0.1964 Cost: 0.0030 Pre: 1.0000 Re: 1.0000 Acc: 1.0000 F1: 1.0000
Epoch 349: Time: 0.2144 Cost: 0.0030 Pre: 1.0000 Re: 1.0000 Acc: 1.0000 F1: 1.0000
Epoch 350: Time: 0.2571 Cost: 0.0030 Pre: 1.0000 Re: 1.0000 Acc: 1.0000 F1: 1.0000


--------------------------------------------------------------------
Eval results: Cost:0.0436 Pre:1.0000 Re:1.0000 Acc:1.0000 F1:1.0000
--------------------------------------------------------------------

Epoch 351: Time: 0.2331 Cost: 0.0029 Pre: 1.0000 Re: 1.0000 Acc: 1.0000 F1: 1.0000
Epoch 352: Time: 0.2227 Cost: 0.0029 Pre: 1.0000 Re: 1.0000 Acc: 1.0000 F1: 1.0000
Epoch 353: Time: 0.1836 Cost: 0.0029 Pre: 1.0000 Re: 1.0000 Acc: 1.0000 F1: 1.0000
Epoch 354: Time: 0.2012 Cost: 0.0029 Pre: 1.0000 Re: 1.0000 Acc: 1.0000 F1: 1.0000
Epoch 355: Time: 0.1918 Cost: 0.0030 Pre: 1.0000 Re: 1.0000 Acc: 1.0000 F1: 1.0000
Epoch 356: Time: 0.1986 Cost: 0.0029 Pre: 1.0000 Re: 1.0000 Acc: 1.0000 F1: 1.0000
Epoch 357: Time: 0.2005 Cost: 0.0028 Pre: 1.0000 Re: 1.0000 Acc: 1.0000 F1: 1.0000
Epoch 358: Time: 0.1917 Cost: 0.0028 Pre: 1.0000 Re: 1.0000 Acc: 1.0000 F1: 1.0000
Epoch 359: Time: 0.1989 Cost: 0.0028 Pre: 1.0000 Re: 1.0000 Acc: 1.0000 F1: 1.0000
Epoch 360: Time: 0.2132 Cost: 0.0028 Pre: 1.0000 Re: 1.0000 Acc: 1.0000 F1: 1.0000


--------------------------------------------------------------------
Eval results: Cost:0.0435 Pre:1.0000 Re:1.0000 Acc:1.0000 F1:1.0000
--------------------------------------------------------------------

Early stopping...
--------------------------------------------------------------------
--------------------------------------------------------------------
Test 1996 samples take time: 0.6462
FP id:
[ 507 1021 1552]
Test results: Cost:0.1564 Pre:0.9965 Re:1.0000 Acc:0.9985 F1:0.9982
--------------------------------------------------------------------

