16768
16562
16206
16632
16380
16425
Load data
RNN type: SRN Grammar: g7 Seed: 7
Model total parameters: 130
Saving hinit ... 

Epoch 0: Time: 0.1214 Cost: 36.1018 Pre: 0.1304 Re: 0.0073 Acc: 0.5012 F1: 0.0139


--------------------------------------------------------------------
Eval results: Cost:31.5404 Pre:0.0526 Re:0.0065 Acc:0.5251 F1:0.0116
--------------------------------------------------------------------

Epoch 1: Time: 0.0484 Cost: 33.5610 Pre: 0.1195 Re: 0.0232 Acc: 0.4504 F1: 0.0388
Epoch 2: Time: 0.0490 Cost: 31.0506 Pre: 0.3342 Re: 0.1659 Acc: 0.4422 F1: 0.2217
Epoch 3: Time: 0.0490 Cost: 29.2516 Pre: 0.3986 Re: 0.3573 Acc: 0.4340 F1: 0.3768
Epoch 4: Time: 0.0481 Cost: 28.2314 Pre: 0.4166 Re: 0.4354 Acc: 0.4375 F1: 0.4258
Epoch 5: Time: 0.0490 Cost: 27.1721 Pre: 0.4521 Re: 0.4317 Acc: 0.4772 F1: 0.4417
Epoch 6: Time: 0.0483 Cost: 26.0922 Pre: 0.5110 Re: 0.5098 Acc: 0.5315 F1: 0.5104
Epoch 7: Time: 0.0509 Cost: 24.9064 Pre: 0.5578 Re: 0.6061 Acc: 0.5812 F1: 0.5809
Epoch 8: Time: 0.0484 Cost: 23.6042 Pre: 0.5873 Re: 0.6439 Acc: 0.6127 F1: 0.6143
Epoch 9: Time: 0.0483 Cost: 22.1745 Pre: 0.6264 Re: 0.6768 Acc: 0.6519 F1: 0.6506
Epoch 10: Time: 0.0481 Cost: 20.5832 Pre: 0.6632 Re: 0.7085 Acc: 0.6881 F1: 0.6851


--------------------------------------------------------------------
Eval results: Cost:19.8749 Pre:0.6416 Re:0.7231 Acc:0.7089 F1:0.6799
--------------------------------------------------------------------

Epoch 11: Time: 0.0482 Cost: 18.8410 Pre: 0.7175 Re: 0.7744 Acc: 0.7459 F1: 0.7449
Epoch 12: Time: 0.0486 Cost: 17.1623 Pre: 0.7694 Re: 0.8220 Acc: 0.7967 F1: 0.7948
Epoch 13: Time: 0.0478 Cost: 15.7271 Pre: 0.7906 Re: 0.8427 Acc: 0.8178 F1: 0.8158
Epoch 14: Time: 0.0479 Cost: 14.6313 Pre: 0.7958 Re: 0.8744 Acc: 0.8324 F1: 0.8332
Epoch 15: Time: 0.0484 Cost: 13.7859 Pre: 0.8033 Re: 0.8866 Acc: 0.8417 F1: 0.8429
Epoch 16: Time: 0.0479 Cost: 13.0992 Pre: 0.8050 Re: 0.9012 Acc: 0.8481 F1: 0.8504
Epoch 17: Time: 0.0486 Cost: 12.5317 Pre: 0.8128 Re: 0.9110 Acc: 0.8569 F1: 0.8591
Epoch 18: Time: 0.0486 Cost: 12.0582 Pre: 0.8176 Re: 0.9183 Acc: 0.8627 F1: 0.8650
Epoch 19: Time: 0.0481 Cost: 11.6413 Pre: 0.8210 Re: 0.9232 Acc: 0.8668 F1: 0.8691
Epoch 20: Time: 0.0481 Cost: 11.2525 Pre: 0.8190 Re: 0.9268 Acc: 0.8668 F1: 0.8696


--------------------------------------------------------------------
Eval results: Cost:9.4439 Pre:0.8248 Re:0.8893 Acc:0.8719 F1:0.8558
--------------------------------------------------------------------

Epoch 21: Time: 0.0486 Cost: 10.9016 Pre: 0.8249 Re: 0.9305 Acc: 0.8721 F1: 0.8745
Epoch 22: Time: 0.0497 Cost: 10.5999 Pre: 0.8303 Re: 0.9366 Acc: 0.8779 F1: 0.8802
Epoch 23: Time: 0.0495 Cost: 10.3278 Pre: 0.8350 Re: 0.9378 Acc: 0.8814 F1: 0.8834
Epoch 24: Time: 0.0479 Cost: 10.0802 Pre: 0.8413 Re: 0.9439 Acc: 0.8879 F1: 0.8897
Epoch 25: Time: 0.0491 Cost: 9.8558 Pre: 0.8420 Re: 0.9488 Acc: 0.8902 F1: 0.8922
Epoch 26: Time: 0.0495 Cost: 9.6510 Pre: 0.8442 Re: 0.9512 Acc: 0.8925 F1: 0.8945
Epoch 27: Time: 0.0482 Cost: 9.4638 Pre: 0.8471 Re: 0.9524 Acc: 0.8949 F1: 0.8967
Epoch 28: Time: 0.0482 Cost: 9.2911 Pre: 0.8474 Re: 0.9549 Acc: 0.8960 F1: 0.8979
Epoch 29: Time: 0.0482 Cost: 9.1284 Pre: 0.8525 Re: 0.9585 Acc: 0.9007 F1: 0.9024
Epoch 30: Time: 0.0478 Cost: 8.9725 Pre: 0.8517 Re: 0.9598 Acc: 0.9007 F1: 0.9025


--------------------------------------------------------------------
Eval results: Cost:7.3871 Pre:0.8631 Re:0.9446 Acc:0.9123 F1:0.9020
--------------------------------------------------------------------

Epoch 31: Time: 0.0483 Cost: 8.8239 Pre: 0.8547 Re: 0.9610 Acc: 0.9030 F1: 0.9047
Epoch 32: Time: 0.0482 Cost: 8.6760 Pre: 0.8584 Re: 0.9610 Acc: 0.9054 F1: 0.9068
Epoch 33: Time: 0.0485 Cost: 8.5398 Pre: 0.8664 Re: 0.9646 Acc: 0.9118 F1: 0.9129
Epoch 34: Time: 0.0482 Cost: 8.4062 Pre: 0.8653 Re: 0.9634 Acc: 0.9106 F1: 0.9117
Epoch 35: Time: 0.0481 Cost: 8.2757 Pre: 0.8681 Re: 0.9634 Acc: 0.9124 F1: 0.9133
Epoch 36: Time: 0.0481 Cost: 8.1487 Pre: 0.8703 Re: 0.9659 Acc: 0.9147 F1: 0.9156
Epoch 37: Time: 0.0478 Cost: 8.0228 Pre: 0.8742 Re: 0.9659 Acc: 0.9171 F1: 0.9177
Epoch 38: Time: 0.0481 Cost: 7.8987 Pre: 0.8773 Re: 0.9683 Acc: 0.9200 F1: 0.9206
Epoch 39: Time: 0.0481 Cost: 7.7782 Pre: 0.8757 Re: 0.9707 Acc: 0.9200 F1: 0.9208
Epoch 40: Time: 0.0483 Cost: 7.6623 Pre: 0.8775 Re: 0.9695 Acc: 0.9206 F1: 0.9212


--------------------------------------------------------------------
Eval results: Cost:6.3539 Pre:0.8588 Re:0.9707 Acc:0.9192 F1:0.9113
--------------------------------------------------------------------

Epoch 41: Time: 0.0496 Cost: 7.5492 Pre: 0.8776 Re: 0.9707 Acc: 0.9211 F1: 0.9218
Epoch 42: Time: 0.0483 Cost: 7.4465 Pre: 0.8790 Re: 0.9744 Acc: 0.9235 F1: 0.9242
Epoch 43: Time: 0.0485 Cost: 7.3444 Pre: 0.8819 Re: 0.9744 Acc: 0.9252 F1: 0.9258
Epoch 44: Time: 0.0483 Cost: 7.2456 Pre: 0.8830 Re: 0.9756 Acc: 0.9264 F1: 0.9270
Epoch 45: Time: 0.0505 Cost: 7.1488 Pre: 0.8841 Re: 0.9768 Acc: 0.9276 F1: 0.9282
Epoch 46: Time: 0.0487 Cost: 7.0545 Pre: 0.8863 Re: 0.9793 Acc: 0.9299 F1: 0.9305
Epoch 47: Time: 0.0483 Cost: 6.9619 Pre: 0.8864 Re: 0.9805 Acc: 0.9305 F1: 0.9311
Epoch 48: Time: 0.0477 Cost: 6.8716 Pre: 0.8874 Re: 0.9805 Acc: 0.9311 F1: 0.9316
Epoch 49: Time: 0.0484 Cost: 6.7830 Pre: 0.8896 Re: 0.9829 Acc: 0.9334 F1: 0.9340
Epoch 50: Time: 0.0480 Cost: 6.6964 Pre: 0.8906 Re: 0.9829 Acc: 0.9340 F1: 0.9345


--------------------------------------------------------------------
Eval results: Cost:5.5846 Pre:0.8856 Re:0.9837 Acc:0.9387 F1:0.9321
--------------------------------------------------------------------

Epoch 51: Time: 0.0482 Cost: 6.6069 Pre: 0.8936 Re: 0.9829 Acc: 0.9357 F1: 0.9361
Epoch 52: Time: 0.0484 Cost: 6.5332 Pre: 0.8937 Re: 0.9841 Acc: 0.9363 F1: 0.9367
Epoch 53: Time: 0.0477 Cost: 6.4550 Pre: 0.8947 Re: 0.9841 Acc: 0.9369 F1: 0.9373
Epoch 54: Time: 0.0480 Cost: 6.3769 Pre: 0.8970 Re: 0.9878 Acc: 0.9398 F1: 0.9402
Epoch 55: Time: 0.0486 Cost: 6.3012 Pre: 0.8970 Re: 0.9878 Acc: 0.9398 F1: 0.9402
Epoch 56: Time: 0.0480 Cost: 6.2252 Pre: 0.8970 Re: 0.9878 Acc: 0.9398 F1: 0.9402
Epoch 57: Time: 0.0483 Cost: 6.1528 Pre: 0.8990 Re: 0.9878 Acc: 0.9410 F1: 0.9413
Epoch 58: Time: 0.0477 Cost: 6.0803 Pre: 0.9000 Re: 0.9878 Acc: 0.9416 F1: 0.9419
Epoch 59: Time: 0.0482 Cost: 6.0112 Pre: 0.9002 Re: 0.9902 Acc: 0.9428 F1: 0.9431
Epoch 60: Time: 0.0481 Cost: 5.9423 Pre: 0.9002 Re: 0.9902 Acc: 0.9428 F1: 0.9431


--------------------------------------------------------------------
Eval results: Cost:4.9736 Pre:0.8994 Re:0.9902 Acc:0.9485 F1:0.9426
--------------------------------------------------------------------

Epoch 61: Time: 0.0478 Cost: 5.8806 Pre: 0.9012 Re: 0.9902 Acc: 0.9433 F1: 0.9436
Epoch 62: Time: 0.0487 Cost: 5.8120 Pre: 0.9012 Re: 0.9902 Acc: 0.9433 F1: 0.9436
Epoch 63: Time: 0.0479 Cost: 5.7445 Pre: 0.9022 Re: 0.9902 Acc: 0.9439 F1: 0.9442
Epoch 64: Time: 0.0501 Cost: 5.6857 Pre: 0.9042 Re: 0.9902 Acc: 0.9451 F1: 0.9453
Epoch 65: Time: 0.0502 Cost: 5.6208 Pre: 0.9062 Re: 0.9902 Acc: 0.9463 F1: 0.9464
Epoch 66: Time: 0.0512 Cost: 5.5650 Pre: 0.9062 Re: 0.9902 Acc: 0.9463 F1: 0.9464
Epoch 67: Time: 0.0502 Cost: 5.5038 Pre: 0.9074 Re: 0.9915 Acc: 0.9474 F1: 0.9476
Epoch 68: Time: 0.0516 Cost: 5.4495 Pre: 0.9074 Re: 0.9915 Acc: 0.9474 F1: 0.9476
Epoch 69: Time: 0.0515 Cost: 5.3923 Pre: 0.9074 Re: 0.9915 Acc: 0.9474 F1: 0.9476
Epoch 70: Time: 0.0489 Cost: 5.3395 Pre: 0.9094 Re: 0.9915 Acc: 0.9486 F1: 0.9487


--------------------------------------------------------------------
Eval results: Cost:4.4870 Pre:0.9104 Re:0.9935 Acc:0.9554 F1:0.9502
--------------------------------------------------------------------

Epoch 71: Time: 0.0487 Cost: 5.2934 Pre: 0.9094 Re: 0.9915 Acc: 0.9486 F1: 0.9487
Epoch 72: Time: 0.0482 Cost: 5.2359 Pre: 0.9114 Re: 0.9915 Acc: 0.9498 F1: 0.9498
Epoch 73: Time: 0.0477 Cost: 5.1813 Pre: 0.9145 Re: 0.9915 Acc: 0.9515 F1: 0.9514
Epoch 74: Time: 0.0484 Cost: 5.1346 Pre: 0.9145 Re: 0.9915 Acc: 0.9515 F1: 0.9514
Epoch 75: Time: 0.0482 Cost: 5.0838 Pre: 0.9155 Re: 0.9915 Acc: 0.9521 F1: 0.9520
Epoch 76: Time: 0.0479 Cost: 5.0394 Pre: 0.9197 Re: 0.9915 Acc: 0.9544 F1: 0.9542
Epoch 77: Time: 0.0487 Cost: 4.9913 Pre: 0.9218 Re: 0.9915 Acc: 0.9556 F1: 0.9553
Epoch 78: Time: 0.0482 Cost: 4.9476 Pre: 0.9207 Re: 0.9915 Acc: 0.9550 F1: 0.9548
Epoch 79: Time: 0.0482 Cost: 4.9020 Pre: 0.9228 Re: 0.9915 Acc: 0.9562 F1: 0.9559
Epoch 80: Time: 0.0493 Cost: 4.8588 Pre: 0.9228 Re: 0.9915 Acc: 0.9562 F1: 0.9559


--------------------------------------------------------------------
Eval results: Cost:4.1119 Pre:0.9271 Re:0.9935 Acc:0.9638 F1:0.9591
--------------------------------------------------------------------

Epoch 81: Time: 0.0479 Cost: 4.8196 Pre: 0.9228 Re: 0.9915 Acc: 0.9562 F1: 0.9559
Epoch 82: Time: 0.0481 Cost: 4.7728 Pre: 0.9239 Re: 0.9915 Acc: 0.9568 F1: 0.9565
Epoch 83: Time: 0.0499 Cost: 4.7290 Pre: 0.9240 Re: 0.9927 Acc: 0.9574 F1: 0.9571
Epoch 84: Time: 0.0491 Cost: 4.6877 Pre: 0.9250 Re: 0.9927 Acc: 0.9579 F1: 0.9576
Epoch 85: Time: 0.0485 Cost: 4.6467 Pre: 0.9271 Re: 0.9927 Acc: 0.9591 F1: 0.9588
Epoch 86: Time: 0.0491 Cost: 4.6067 Pre: 0.9272 Re: 0.9939 Acc: 0.9597 F1: 0.9594
Epoch 87: Time: 0.0488 Cost: 4.5670 Pre: 0.9282 Re: 0.9939 Acc: 0.9603 F1: 0.9600
Epoch 88: Time: 0.0476 Cost: 4.5281 Pre: 0.9293 Re: 0.9939 Acc: 0.9609 F1: 0.9605
Epoch 89: Time: 0.0477 Cost: 4.4897 Pre: 0.9325 Re: 0.9939 Acc: 0.9626 F1: 0.9622
Epoch 90: Time: 0.0482 Cost: 4.4519 Pre: 0.9336 Re: 0.9939 Acc: 0.9632 F1: 0.9628


--------------------------------------------------------------------
Eval results: Cost:3.8117 Pre:0.9443 Re:0.9935 Acc:0.9721 F1:0.9683
--------------------------------------------------------------------

Epoch 91: Time: 0.0494 Cost: 4.4075 Pre: 0.9357 Re: 0.9939 Acc: 0.9644 F1: 0.9639
Epoch 92: Time: 0.0551 Cost: 4.3727 Pre: 0.9358 Re: 0.9951 Acc: 0.9650 F1: 0.9645
Epoch 93: Time: 0.0496 Cost: 4.3476 Pre: 0.9369 Re: 0.9951 Acc: 0.9655 F1: 0.9651
Epoch 94: Time: 0.0478 Cost: 4.3024 Pre: 0.9379 Re: 0.9951 Acc: 0.9661 F1: 0.9657
Epoch 95: Time: 0.0482 Cost: 4.2751 Pre: 0.9390 Re: 0.9951 Acc: 0.9667 F1: 0.9663
Epoch 96: Time: 0.0483 Cost: 4.2372 Pre: 0.9401 Re: 0.9951 Acc: 0.9673 F1: 0.9668
Epoch 97: Time: 0.0480 Cost: 4.2026 Pre: 0.9401 Re: 0.9951 Acc: 0.9673 F1: 0.9668
Epoch 98: Time: 0.0505 Cost: 4.1721 Pre: 0.9434 Re: 0.9951 Acc: 0.9690 F1: 0.9685
Epoch 99: Time: 0.0488 Cost: 4.1357 Pre: 0.9444 Re: 0.9951 Acc: 0.9696 F1: 0.9691
Epoch 100: Time: 0.0484 Cost: 4.1054 Pre: 0.9444 Re: 0.9951 Acc: 0.9696 F1: 0.9691


--------------------------------------------------------------------
Eval results: Cost:3.5831 Pre:0.9591 Re:0.9935 Acc:0.9791 F1:0.9760
--------------------------------------------------------------------

Epoch 101: Time: 0.0481 Cost: 4.0485 Pre: 0.9456 Re: 0.9963 Acc: 0.9708 F1: 0.9703
Epoch 102: Time: 0.0507 Cost: 4.0266 Pre: 0.9499 Re: 0.9951 Acc: 0.9725 F1: 0.9720
Epoch 103: Time: 0.0490 Cost: 4.0275 Pre: 0.9467 Re: 0.9963 Acc: 0.9714 F1: 0.9709
Epoch 104: Time: 0.0485 Cost: 3.9741 Pre: 0.9511 Re: 0.9963 Acc: 0.9737 F1: 0.9732
Epoch 105: Time: 0.0483 Cost: 3.9650 Pre: 0.9478 Re: 0.9963 Acc: 0.9720 F1: 0.9715
Epoch 106: Time: 0.0478 Cost: 3.9297 Pre: 0.9511 Re: 0.9963 Acc: 0.9737 F1: 0.9732
Epoch 107: Time: 0.0483 Cost: 3.8943 Pre: 0.9544 Re: 0.9963 Acc: 0.9755 F1: 0.9749
Epoch 108: Time: 0.0482 Cost: 3.8783 Pre: 0.9533 Re: 0.9963 Acc: 0.9749 F1: 0.9744
Epoch 109: Time: 0.0483 Cost: 3.8389 Pre: 0.9556 Re: 0.9963 Acc: 0.9761 F1: 0.9755
Epoch 110: Time: 0.0478 Cost: 3.8148 Pre: 0.9567 Re: 0.9976 Acc: 0.9772 F1: 0.9767


--------------------------------------------------------------------
Eval results: Cost:3.4068 Pre:0.9619 Re:0.9870 Acc:0.9777 F1:0.9743
--------------------------------------------------------------------

Epoch 111: Time: 0.0482 Cost: 3.7569 Pre: 0.9556 Re: 0.9963 Acc: 0.9761 F1: 0.9755
Epoch 112: Time: 0.0484 Cost: 3.7329 Pre: 0.9589 Re: 0.9963 Acc: 0.9778 F1: 0.9773
Epoch 113: Time: 0.0482 Cost: 3.7472 Pre: 0.9556 Re: 0.9963 Acc: 0.9761 F1: 0.9755
Epoch 114: Time: 0.0478 Cost: 3.7040 Pre: 0.9600 Re: 0.9963 Acc: 0.9784 F1: 0.9779
Epoch 115: Time: 0.0479 Cost: 3.7058 Pre: 0.9600 Re: 0.9963 Acc: 0.9784 F1: 0.9779
Epoch 116: Time: 0.0481 Cost: 3.6728 Pre: 0.9601 Re: 0.9976 Acc: 0.9790 F1: 0.9785
Epoch 117: Time: 0.0483 Cost: 3.6395 Pre: 0.9624 Re: 0.9976 Acc: 0.9801 F1: 0.9796
Epoch 118: Time: 0.0531 Cost: 3.6338 Pre: 0.9590 Re: 0.9976 Acc: 0.9784 F1: 0.9779
Epoch 119: Time: 0.0483 Cost: 3.5919 Pre: 0.9624 Re: 0.9976 Acc: 0.9801 F1: 0.9796
Epoch 120: Time: 0.0480 Cost: 3.5744 Pre: 0.9624 Re: 0.9976 Acc: 0.9801 F1: 0.9796


--------------------------------------------------------------------
Eval results: Cost:3.2629 Pre:0.9681 Re:0.9870 Acc:0.9805 F1:0.9774
--------------------------------------------------------------------

Epoch 121: Time: 0.0497 Cost: 3.5161 Pre: 0.9612 Re: 0.9963 Acc: 0.9790 F1: 0.9784
Epoch 122: Time: 0.0485 Cost: 3.4650 Pre: 0.9692 Re: 0.9988 Acc: 0.9842 F1: 0.9838
Epoch 123: Time: 0.0478 Cost: 3.5174 Pre: 0.9601 Re: 0.9976 Acc: 0.9790 F1: 0.9785
Epoch 124: Time: 0.0487 Cost: 3.4717 Pre: 0.9657 Re: 0.9963 Acc: 0.9813 F1: 0.9808
Epoch 125: Time: 0.0482 Cost: 3.4856 Pre: 0.9612 Re: 0.9963 Acc: 0.9790 F1: 0.9784
Epoch 126: Time: 0.0481 Cost: 3.4528 Pre: 0.9658 Re: 0.9976 Acc: 0.9819 F1: 0.9814
Epoch 127: Time: 0.0484 Cost: 3.4187 Pre: 0.9658 Re: 0.9976 Acc: 0.9819 F1: 0.9814
Epoch 128: Time: 0.0478 Cost: 3.4287 Pre: 0.9635 Re: 0.9976 Acc: 0.9807 F1: 0.9802
Epoch 129: Time: 0.0480 Cost: 3.3763 Pre: 0.9669 Re: 0.9976 Acc: 0.9825 F1: 0.9820
Epoch 130: Time: 0.0480 Cost: 3.3723 Pre: 0.9658 Re: 0.9976 Acc: 0.9819 F1: 0.9814


--------------------------------------------------------------------
Eval results: Cost:3.1382 Pre:0.9774 Re:0.9870 Acc:0.9847 F1:0.9822
--------------------------------------------------------------------

Epoch 131: Time: 0.0486 Cost: 3.3061 Pre: 0.9680 Re: 0.9976 Acc: 0.9831 F1: 0.9826
Epoch 132: Time: 0.0486 Cost: 3.2826 Pre: 0.9727 Re: 0.9976 Acc: 0.9854 F1: 0.9849
Epoch 133: Time: 0.0488 Cost: 3.3518 Pre: 0.9624 Re: 0.9976 Acc: 0.9801 F1: 0.9796
Epoch 134: Time: 0.0481 Cost: 3.2993 Pre: 0.9691 Re: 0.9939 Acc: 0.9819 F1: 0.9813
Epoch 135: Time: 0.0486 Cost: 3.3278 Pre: 0.9635 Re: 0.9988 Acc: 0.9813 F1: 0.9808
Epoch 136: Time: 0.0480 Cost: 3.2216 Pre: 0.9714 Re: 0.9951 Acc: 0.9836 F1: 0.9831
Epoch 137: Time: 0.0487 Cost: 3.2926 Pre: 0.9635 Re: 0.9976 Acc: 0.9807 F1: 0.9802
Epoch 138: Time: 0.0483 Cost: 3.1753 Pre: 0.9738 Re: 0.9963 Acc: 0.9854 F1: 0.9849
Epoch 139: Time: 0.0491 Cost: 3.2494 Pre: 0.9646 Re: 0.9963 Acc: 0.9807 F1: 0.9802
Epoch 140: Time: 0.0478 Cost: 3.1904 Pre: 0.9670 Re: 1.0000 Acc: 0.9836 F1: 0.9832


--------------------------------------------------------------------
Eval results: Cost:2.9568 Pre:0.9742 Re:0.9837 Acc:0.9819 F1:0.9789
--------------------------------------------------------------------

Epoch 141: Time: 0.0515 Cost: 3.1727 Pre: 0.9726 Re: 0.9951 Acc: 0.9842 F1: 0.9837
Epoch 142: Time: 0.0484 Cost: 3.1426 Pre: 0.9703 Re: 0.9976 Acc: 0.9842 F1: 0.9838
Epoch 143: Time: 0.0486 Cost: 3.1264 Pre: 0.9738 Re: 0.9976 Acc: 0.9860 F1: 0.9855
Epoch 144: Time: 0.0479 Cost: 3.1987 Pre: 0.9624 Re: 0.9988 Acc: 0.9807 F1: 0.9803
Epoch 145: Time: 0.0483 Cost: 3.0937 Pre: 0.9773 Re: 0.9963 Acc: 0.9871 F1: 0.9867
Epoch 146: Time: 0.0485 Cost: 3.1557 Pre: 0.9658 Re: 0.9976 Acc: 0.9819 F1: 0.9814
Epoch 147: Time: 0.0479 Cost: 3.0227 Pre: 0.9785 Re: 0.9976 Acc: 0.9883 F1: 0.9879
Epoch 148: Time: 0.0482 Cost: 3.1255 Pre: 0.9680 Re: 0.9963 Acc: 0.9825 F1: 0.9820
Epoch 149: Time: 0.0481 Cost: 3.0446 Pre: 0.9727 Re: 1.0000 Acc: 0.9866 F1: 0.9862
Epoch 150: Time: 0.0476 Cost: 3.0269 Pre: 0.9773 Re: 0.9988 Acc: 0.9883 F1: 0.9879


--------------------------------------------------------------------
Eval results: Cost:2.7714 Pre:0.9774 Re:0.9870 Acc:0.9847 F1:0.9822
--------------------------------------------------------------------

Epoch 151: Time: 0.0480 Cost: 3.0019 Pre: 0.9750 Re: 0.9988 Acc: 0.9871 F1: 0.9867
Epoch 152: Time: 0.0479 Cost: 2.9769 Pre: 0.9796 Re: 0.9976 Acc: 0.9889 F1: 0.9885
Epoch 153: Time: 0.0481 Cost: 3.0389 Pre: 0.9715 Re: 0.9988 Acc: 0.9854 F1: 0.9850
Epoch 154: Time: 0.0479 Cost: 3.0131 Pre: 0.9749 Re: 0.9963 Acc: 0.9860 F1: 0.9855
Epoch 155: Time: 0.0483 Cost: 3.0527 Pre: 0.9692 Re: 0.9988 Acc: 0.9842 F1: 0.9838
Epoch 156: Time: 0.0492 Cost: 2.9780 Pre: 0.9773 Re: 0.9963 Acc: 0.9871 F1: 0.9867
Epoch 157: Time: 0.0480 Cost: 2.9798 Pre: 0.9750 Re: 0.9988 Acc: 0.9871 F1: 0.9867
Epoch 158: Time: 0.0484 Cost: 2.8540 Pre: 0.9820 Re: 0.9988 Acc: 0.9907 F1: 0.9903
Epoch 159: Time: 0.0481 Cost: 2.9682 Pre: 0.9750 Re: 0.9976 Acc: 0.9866 F1: 0.9861
Epoch 160: Time: 0.0495 Cost: 2.8486 Pre: 0.9820 Re: 0.9988 Acc: 0.9907 F1: 0.9903


--------------------------------------------------------------------
Eval results: Cost:2.5876 Pre:0.9776 Re:0.9935 Acc:0.9875 F1:0.9855
--------------------------------------------------------------------

Epoch 161: Time: 0.0488 Cost: 2.8256 Pre: 0.9808 Re: 0.9988 Acc: 0.9901 F1: 0.9897
Epoch 162: Time: 0.0489 Cost: 2.8821 Pre: 0.9785 Re: 0.9988 Acc: 0.9889 F1: 0.9885
Epoch 163: Time: 0.0476 Cost: 2.8468 Pre: 0.9797 Re: 1.0000 Acc: 0.9901 F1: 0.9897
Epoch 164: Time: 0.0481 Cost: 2.8307 Pre: 0.9809 Re: 1.0000 Acc: 0.9907 F1: 0.9903
Epoch 165: Time: 0.0477 Cost: 2.8507 Pre: 0.9785 Re: 0.9988 Acc: 0.9889 F1: 0.9885
Epoch 166: Time: 0.0485 Cost: 2.7746 Pre: 0.9832 Re: 1.0000 Acc: 0.9918 F1: 0.9915
Epoch 167: Time: 0.0478 Cost: 2.8462 Pre: 0.9785 Re: 0.9988 Acc: 0.9889 F1: 0.9885
Epoch 168: Time: 0.0486 Cost: 2.7409 Pre: 0.9832 Re: 1.0000 Acc: 0.9918 F1: 0.9915
Epoch 169: Time: 0.0478 Cost: 2.8368 Pre: 0.9773 Re: 0.9988 Acc: 0.9883 F1: 0.9879
Epoch 170: Time: 0.0478 Cost: 2.7103 Pre: 0.9844 Re: 0.9976 Acc: 0.9912 F1: 0.9909


--------------------------------------------------------------------
Eval results: Cost:2.4582 Pre:0.9807 Re:0.9935 Acc:0.9889 F1:0.9871
--------------------------------------------------------------------

Epoch 171: Time: 0.0483 Cost: 2.8089 Pre: 0.9773 Re: 0.9988 Acc: 0.9883 F1: 0.9879
Epoch 172: Time: 0.0477 Cost: 2.6763 Pre: 0.9855 Re: 0.9976 Acc: 0.9918 F1: 0.9915
Epoch 173: Time: 0.0483 Cost: 2.7867 Pre: 0.9797 Re: 0.9988 Acc: 0.9895 F1: 0.9891
Epoch 174: Time: 0.0481 Cost: 2.6525 Pre: 0.9856 Re: 0.9988 Acc: 0.9924 F1: 0.9921
Epoch 175: Time: 0.0482 Cost: 2.7576 Pre: 0.9797 Re: 0.9988 Acc: 0.9895 F1: 0.9891
Epoch 176: Time: 0.0481 Cost: 2.6279 Pre: 0.9856 Re: 0.9988 Acc: 0.9924 F1: 0.9921
Epoch 177: Time: 0.0479 Cost: 2.7296 Pre: 0.9820 Re: 0.9988 Acc: 0.9907 F1: 0.9903
Epoch 178: Time: 0.0484 Cost: 2.6019 Pre: 0.9856 Re: 0.9988 Acc: 0.9924 F1: 0.9921
Epoch 179: Time: 0.0485 Cost: 2.7046 Pre: 0.9820 Re: 0.9988 Acc: 0.9907 F1: 0.9903
Epoch 180: Time: 0.0498 Cost: 2.5750 Pre: 0.9867 Re: 0.9988 Acc: 0.9930 F1: 0.9927


--------------------------------------------------------------------
Eval results: Cost:2.4144 Pre:0.9838 Re:0.9902 Acc:0.9889 F1:0.9870
--------------------------------------------------------------------

Epoch 181: Time: 0.0478 Cost: 2.6314 Pre: 0.9856 Re: 0.9988 Acc: 0.9924 F1: 0.9921
Epoch 182: Time: 0.0486 Cost: 2.5348 Pre: 0.9867 Re: 0.9988 Acc: 0.9930 F1: 0.9927
Epoch 183: Time: 0.0508 Cost: 2.6321 Pre: 0.9820 Re: 0.9988 Acc: 0.9907 F1: 0.9903
Epoch 184: Time: 0.0533 Cost: 2.5296 Pre: 0.9868 Re: 1.0000 Acc: 0.9936 F1: 0.9933
Epoch 185: Time: 0.0485 Cost: 2.6158 Pre: 0.9820 Re: 0.9988 Acc: 0.9907 F1: 0.9903
Epoch 186: Time: 0.0482 Cost: 2.4946 Pre: 0.9867 Re: 0.9988 Acc: 0.9930 F1: 0.9927
Epoch 187: Time: 0.0480 Cost: 2.6122 Pre: 0.9832 Re: 0.9988 Acc: 0.9912 F1: 0.9909
Epoch 188: Time: 0.0481 Cost: 2.4739 Pre: 0.9867 Re: 0.9988 Acc: 0.9930 F1: 0.9927
Epoch 189: Time: 0.0493 Cost: 2.5873 Pre: 0.9832 Re: 0.9988 Acc: 0.9912 F1: 0.9909
Epoch 190: Time: 0.0490 Cost: 2.4480 Pre: 0.9867 Re: 0.9988 Acc: 0.9930 F1: 0.9927


--------------------------------------------------------------------
Eval results: Cost:2.2869 Pre:0.9839 Re:0.9935 Acc:0.9903 F1:0.9887
--------------------------------------------------------------------

Epoch 191: Time: 0.0479 Cost: 2.5249 Pre: 0.9856 Re: 0.9988 Acc: 0.9924 F1: 0.9921
Epoch 192: Time: 0.0480 Cost: 2.3991 Pre: 0.9879 Re: 0.9988 Acc: 0.9936 F1: 0.9933
Epoch 193: Time: 0.0480 Cost: 2.5386 Pre: 0.9844 Re: 0.9988 Acc: 0.9918 F1: 0.9915
Epoch 194: Time: 0.0478 Cost: 2.3891 Pre: 0.9879 Re: 0.9988 Acc: 0.9936 F1: 0.9933
Epoch 195: Time: 0.0485 Cost: 2.5244 Pre: 0.9832 Re: 0.9988 Acc: 0.9912 F1: 0.9909
Epoch 196: Time: 0.0479 Cost: 2.3760 Pre: 0.9879 Re: 0.9988 Acc: 0.9936 F1: 0.9933
Epoch 197: Time: 0.0479 Cost: 2.4896 Pre: 0.9844 Re: 0.9988 Acc: 0.9918 F1: 0.9915
Epoch 198: Time: 0.0485 Cost: 2.3492 Pre: 0.9891 Re: 0.9988 Acc: 0.9942 F1: 0.9939
Epoch 199: Time: 0.0496 Cost: 2.4549 Pre: 0.9844 Re: 0.9988 Acc: 0.9918 F1: 0.9915
Epoch 200: Time: 0.0484 Cost: 2.3248 Pre: 0.9891 Re: 0.9988 Acc: 0.9942 F1: 0.9939


--------------------------------------------------------------------
Eval results: Cost:2.1604 Pre:0.9839 Re:0.9935 Acc:0.9903 F1:0.9887
--------------------------------------------------------------------

Epoch 201: Time: 0.0481 Cost: 2.4028 Pre: 0.9856 Re: 0.9988 Acc: 0.9924 F1: 0.9921
Epoch 202: Time: 0.0482 Cost: 2.2886 Pre: 0.9891 Re: 0.9988 Acc: 0.9942 F1: 0.9939
Epoch 203: Time: 0.0478 Cost: 2.4264 Pre: 0.9844 Re: 0.9988 Acc: 0.9918 F1: 0.9915
Epoch 204: Time: 0.0482 Cost: 2.2757 Pre: 0.9891 Re: 0.9988 Acc: 0.9942 F1: 0.9939
Epoch 205: Time: 0.0477 Cost: 2.3992 Pre: 0.9844 Re: 0.9988 Acc: 0.9918 F1: 0.9915
Epoch 206: Time: 0.0482 Cost: 2.3499 Pre: 0.9867 Re: 0.9976 Acc: 0.9924 F1: 0.9921
Epoch 207: Time: 0.0479 Cost: 2.3639 Pre: 0.9844 Re: 1.0000 Acc: 0.9924 F1: 0.9921
Epoch 208: Time: 0.0486 Cost: 2.4731 Pre: 0.9773 Re: 0.9988 Acc: 0.9883 F1: 0.9879
Epoch 209: Time: 0.0484 Cost: 2.2138 Pre: 0.9891 Re: 0.9988 Acc: 0.9942 F1: 0.9939
Epoch 210: Time: 0.0480 Cost: 2.2579 Pre: 0.9891 Re: 0.9988 Acc: 0.9942 F1: 0.9939


--------------------------------------------------------------------
Eval results: Cost:1.8988 Pre:0.9839 Re:0.9967 Acc:0.9916 F1:0.9903
--------------------------------------------------------------------

Epoch 211: Time: 0.0483 Cost: 2.2448 Pre: 0.9856 Re: 0.9988 Acc: 0.9924 F1: 0.9921
Epoch 212: Time: 0.0479 Cost: 2.2967 Pre: 0.9891 Re: 0.9963 Acc: 0.9930 F1: 0.9927
Epoch 213: Time: 0.0482 Cost: 2.2753 Pre: 0.9856 Re: 1.0000 Acc: 0.9930 F1: 0.9927
Epoch 214: Time: 0.0486 Cost: 2.3600 Pre: 0.9855 Re: 0.9976 Acc: 0.9918 F1: 0.9915
Epoch 215: Time: 0.0480 Cost: 2.3295 Pre: 0.9808 Re: 0.9976 Acc: 0.9895 F1: 0.9891
Epoch 216: Time: 0.0476 Cost: 2.2479 Pre: 0.9891 Re: 0.9963 Acc: 0.9930 F1: 0.9927
Epoch 217: Time: 0.0477 Cost: 2.3074 Pre: 0.9844 Re: 0.9976 Acc: 0.9912 F1: 0.9909
Epoch 218: Time: 0.0501 Cost: 2.2634 Pre: 0.9832 Re: 0.9976 Acc: 0.9907 F1: 0.9903
Epoch 219: Time: 0.0483 Cost: 2.3243 Pre: 0.9867 Re: 0.9939 Acc: 0.9907 F1: 0.9903
Epoch 220: Time: 0.0479 Cost: 2.3400 Pre: 0.9832 Re: 0.9976 Acc: 0.9907 F1: 0.9903


--------------------------------------------------------------------
Eval results: Cost:1.9969 Pre:0.9935 Re:0.9902 Acc:0.9930 F1:0.9918
--------------------------------------------------------------------

Epoch 221: Time: 0.0483 Cost: 2.2873 Pre: 0.9796 Re: 0.9976 Acc: 0.9889 F1: 0.9885
Epoch 222: Time: 0.0523 Cost: 2.2542 Pre: 0.9903 Re: 0.9976 Acc: 0.9942 F1: 0.9939
Epoch 223: Time: 0.0494 Cost: 2.1749 Pre: 0.9868 Re: 1.0000 Acc: 0.9936 F1: 0.9933
Epoch 224: Time: 0.0485 Cost: 2.0833 Pre: 0.9927 Re: 1.0000 Acc: 0.9965 F1: 0.9964
Epoch 225: Time: 0.0488 Cost: 2.1533 Pre: 0.9879 Re: 0.9976 Acc: 0.9930 F1: 0.9927
Epoch 226: Time: 0.0483 Cost: 2.2037 Pre: 0.9855 Re: 0.9976 Acc: 0.9918 F1: 0.9915
Epoch 227: Time: 0.0484 Cost: 2.1781 Pre: 0.9856 Re: 0.9988 Acc: 0.9924 F1: 0.9921
Epoch 228: Time: 0.0480 Cost: 2.1011 Pre: 0.9915 Re: 0.9976 Acc: 0.9947 F1: 0.9945
Epoch 229: Time: 0.0481 Cost: 2.1699 Pre: 0.9879 Re: 0.9976 Acc: 0.9930 F1: 0.9927
Epoch 230: Time: 0.0483 Cost: 2.0158 Pre: 0.9939 Re: 1.0000 Acc: 0.9971 F1: 0.9970


--------------------------------------------------------------------
Eval results: Cost:1.8076 Pre:0.9871 Re:0.9967 Acc:0.9930 F1:0.9919
--------------------------------------------------------------------

Epoch 231: Time: 0.0481 Cost: 2.1092 Pre: 0.9867 Re: 0.9988 Acc: 0.9930 F1: 0.9927
Epoch 232: Time: 0.0480 Cost: 2.0070 Pre: 0.9915 Re: 0.9988 Acc: 0.9953 F1: 0.9951
Epoch 233: Time: 0.0493 Cost: 2.0978 Pre: 0.9844 Re: 1.0000 Acc: 0.9924 F1: 0.9921
Epoch 234: Time: 0.0481 Cost: 2.0096 Pre: 0.9915 Re: 1.0000 Acc: 0.9959 F1: 0.9957
Epoch 235: Time: 0.0484 Cost: 2.1854 Pre: 0.9820 Re: 0.9988 Acc: 0.9907 F1: 0.9903
Epoch 236: Time: 0.0486 Cost: 2.1520 Pre: 0.9843 Re: 0.9963 Acc: 0.9907 F1: 0.9903
Epoch 237: Time: 0.0495 Cost: 2.1011 Pre: 0.9856 Re: 0.9988 Acc: 0.9924 F1: 0.9921
Epoch 238: Time: 0.0491 Cost: 2.2662 Pre: 0.9832 Re: 0.9963 Acc: 0.9901 F1: 0.9897
Epoch 239: Time: 0.0481 Cost: 2.2180 Pre: 0.9855 Re: 0.9951 Acc: 0.9907 F1: 0.9903
Epoch 240: Time: 0.0480 Cost: 2.1299 Pre: 0.9879 Re: 0.9951 Acc: 0.9918 F1: 0.9915


--------------------------------------------------------------------
Eval results: Cost:1.7562 Pre:0.9871 Re:0.9967 Acc:0.9930 F1:0.9919
--------------------------------------------------------------------

Epoch 241: Time: 0.0480 Cost: 2.0145 Pre: 0.9939 Re: 0.9988 Acc: 0.9965 F1: 0.9964
Epoch 242: Time: 0.0484 Cost: 2.0630 Pre: 0.9867 Re: 0.9988 Acc: 0.9930 F1: 0.9927
Epoch 243: Time: 0.0483 Cost: 2.0963 Pre: 0.9879 Re: 0.9988 Acc: 0.9936 F1: 0.9933
Epoch 244: Time: 0.0478 Cost: 1.9816 Pre: 0.9868 Re: 1.0000 Acc: 0.9936 F1: 0.9933
Epoch 245: Time: 0.0481 Cost: 1.9612 Pre: 0.9939 Re: 0.9988 Acc: 0.9965 F1: 0.9964
Epoch 246: Time: 0.0482 Cost: 2.0300 Pre: 0.9880 Re: 1.0000 Acc: 0.9942 F1: 0.9939
Epoch 247: Time: 0.0479 Cost: 1.9455 Pre: 0.9915 Re: 1.0000 Acc: 0.9959 F1: 0.9957
Epoch 248: Time: 0.0480 Cost: 1.9458 Pre: 0.9903 Re: 1.0000 Acc: 0.9953 F1: 0.9951
Epoch 249: Time: 0.0482 Cost: 1.9016 Pre: 0.9951 Re: 0.9988 Acc: 0.9971 F1: 0.9970
Epoch 250: Time: 0.0481 Cost: 1.9097 Pre: 0.9903 Re: 0.9988 Acc: 0.9947 F1: 0.9945


--------------------------------------------------------------------
Eval results: Cost:1.7976 Pre:0.9903 Re:0.9935 Acc:0.9930 F1:0.9919
--------------------------------------------------------------------

Epoch 251: Time: 0.0478 Cost: 2.0569 Pre: 0.9856 Re: 0.9988 Acc: 0.9924 F1: 0.9921
Epoch 252: Time: 0.0487 Cost: 1.9290 Pre: 0.9868 Re: 1.0000 Acc: 0.9936 F1: 0.9933
Epoch 253: Time: 0.0478 Cost: 1.8492 Pre: 0.9951 Re: 0.9988 Acc: 0.9971 F1: 0.9970
Epoch 254: Time: 0.0480 Cost: 1.9101 Pre: 0.9891 Re: 0.9988 Acc: 0.9942 F1: 0.9939
Epoch 255: Time: 0.0477 Cost: 1.8190 Pre: 0.9951 Re: 1.0000 Acc: 0.9977 F1: 0.9976
Epoch 256: Time: 0.0494 Cost: 1.8099 Pre: 0.9939 Re: 1.0000 Acc: 0.9971 F1: 0.9970
Epoch 257: Time: 0.0484 Cost: 1.8686 Pre: 0.9880 Re: 1.0000 Acc: 0.9942 F1: 0.9939
Epoch 258: Time: 0.0482 Cost: 1.7827 Pre: 0.9927 Re: 1.0000 Acc: 0.9965 F1: 0.9964
Epoch 259: Time: 0.0480 Cost: 1.8773 Pre: 0.9868 Re: 1.0000 Acc: 0.9936 F1: 0.9933
Epoch 260: Time: 0.0483 Cost: 1.7739 Pre: 0.9927 Re: 0.9976 Acc: 0.9953 F1: 0.9951


--------------------------------------------------------------------
Eval results: Cost:1.6528 Pre:0.9903 Re:0.9935 Acc:0.9930 F1:0.9919
--------------------------------------------------------------------

Epoch 261: Time: 0.0479 Cost: 1.8731 Pre: 0.9868 Re: 1.0000 Acc: 0.9936 F1: 0.9933
Epoch 262: Time: 0.0479 Cost: 1.7542 Pre: 0.9951 Re: 1.0000 Acc: 0.9977 F1: 0.9976
Epoch 263: Time: 0.0480 Cost: 1.7453 Pre: 0.9927 Re: 1.0000 Acc: 0.9965 F1: 0.9964
Epoch 264: Time: 0.0479 Cost: 1.7388 Pre: 0.9927 Re: 1.0000 Acc: 0.9965 F1: 0.9964
Epoch 265: Time: 0.0480 Cost: 1.7373 Pre: 0.9903 Re: 1.0000 Acc: 0.9953 F1: 0.9951
Epoch 266: Time: 0.0482 Cost: 1.7325 Pre: 0.9927 Re: 1.0000 Acc: 0.9965 F1: 0.9964
Epoch 267: Time: 0.0484 Cost: 1.7229 Pre: 0.9915 Re: 1.0000 Acc: 0.9959 F1: 0.9957
Epoch 268: Time: 0.0476 Cost: 1.6692 Pre: 0.9951 Re: 1.0000 Acc: 0.9977 F1: 0.9976
Epoch 269: Time: 0.0483 Cost: 1.6630 Pre: 0.9903 Re: 1.0000 Acc: 0.9953 F1: 0.9951
Epoch 270: Time: 0.0681 Cost: 1.6401 Pre: 0.9939 Re: 1.0000 Acc: 0.9971 F1: 0.9970


--------------------------------------------------------------------
Eval results: Cost:1.5450 Pre:0.9903 Re:0.9935 Acc:0.9930 F1:0.9919
--------------------------------------------------------------------

Epoch 271: Time: 0.0539 Cost: 1.7110 Pre: 0.9891 Re: 0.9988 Acc: 0.9942 F1: 0.9939
Epoch 272: Time: 0.0515 Cost: 1.6531 Pre: 0.9976 Re: 0.9988 Acc: 0.9982 F1: 0.9982
Epoch 273: Time: 0.0737 Cost: 1.7587 Pre: 0.9879 Re: 0.9988 Acc: 0.9936 F1: 0.9933
Epoch 274: Time: 0.0683 Cost: 1.5886 Pre: 0.9951 Re: 0.9988 Acc: 0.9971 F1: 0.9970
Epoch 275: Time: 0.0945 Cost: 1.7824 Pre: 0.9891 Re: 0.9988 Acc: 0.9942 F1: 0.9939
Epoch 276: Time: 0.0834 Cost: 1.6556 Pre: 0.9951 Re: 1.0000 Acc: 0.9977 F1: 0.9976
Epoch 277: Time: 0.0617 Cost: 1.6190 Pre: 0.9927 Re: 1.0000 Acc: 0.9965 F1: 0.9964
Epoch 278: Time: 0.0705 Cost: 1.7054 Pre: 0.9927 Re: 1.0000 Acc: 0.9965 F1: 0.9964
Epoch 279: Time: 0.0618 Cost: 1.7118 Pre: 0.9903 Re: 1.0000 Acc: 0.9953 F1: 0.9951
Epoch 280: Time: 0.0616 Cost: 1.8859 Pre: 0.9891 Re: 0.9963 Acc: 0.9930 F1: 0.9927


--------------------------------------------------------------------
Eval results: Cost:1.6295 Pre:0.9871 Re:0.9935 Acc:0.9916 F1:0.9903
--------------------------------------------------------------------

Epoch 281: Time: 0.0511 Cost: 1.8648 Pre: 0.9855 Re: 0.9963 Acc: 0.9912 F1: 0.9909
Epoch 282: Time: 0.0492 Cost: 1.6959 Pre: 0.9879 Re: 0.9976 Acc: 0.9930 F1: 0.9927
Epoch 283: Time: 0.0493 Cost: 1.7400 Pre: 0.9927 Re: 0.9976 Acc: 0.9953 F1: 0.9951
Epoch 284: Time: 0.0481 Cost: 1.8155 Pre: 0.9867 Re: 0.9988 Acc: 0.9930 F1: 0.9927
Epoch 285: Time: 0.0480 Cost: 1.6430 Pre: 0.9891 Re: 1.0000 Acc: 0.9947 F1: 0.9945
Epoch 286: Time: 0.0485 Cost: 1.7281 Pre: 0.9927 Re: 0.9976 Acc: 0.9953 F1: 0.9951
Epoch 287: Time: 0.0490 Cost: 1.6051 Pre: 0.9915 Re: 1.0000 Acc: 0.9959 F1: 0.9957
Epoch 288: Time: 0.0478 Cost: 1.5450 Pre: 0.9964 Re: 0.9988 Acc: 0.9977 F1: 0.9976
Epoch 289: Time: 0.0481 Cost: 1.5055 Pre: 0.9951 Re: 1.0000 Acc: 0.9977 F1: 0.9976
Epoch 290: Time: 0.0513 Cost: 1.6003 Pre: 0.9915 Re: 1.0000 Acc: 0.9959 F1: 0.9957


--------------------------------------------------------------------
Eval results: Cost:1.4493 Pre:0.9935 Re:0.9935 Acc:0.9944 F1:0.9935
--------------------------------------------------------------------

Epoch 291: Time: 0.0486 Cost: 1.7824 Pre: 0.9891 Re: 0.9988 Acc: 0.9942 F1: 0.9939
Epoch 292: Time: 0.0486 Cost: 1.6863 Pre: 0.9903 Re: 0.9988 Acc: 0.9947 F1: 0.9945
Epoch 293: Time: 0.0480 Cost: 1.4802 Pre: 0.9976 Re: 1.0000 Acc: 0.9988 F1: 0.9988
Epoch 294: Time: 0.0481 Cost: 1.5703 Pre: 0.9927 Re: 0.9988 Acc: 0.9959 F1: 0.9957
Epoch 295: Time: 0.0476 Cost: 1.4365 Pre: 0.9976 Re: 1.0000 Acc: 0.9988 F1: 0.9988
Epoch 296: Time: 0.0481 Cost: 1.6478 Pre: 0.9879 Re: 0.9976 Acc: 0.9930 F1: 0.9927
Epoch 297: Time: 0.0487 Cost: 1.5069 Pre: 0.9915 Re: 0.9988 Acc: 0.9953 F1: 0.9951
Epoch 298: Time: 0.0489 Cost: 1.5729 Pre: 0.9939 Re: 0.9976 Acc: 0.9959 F1: 0.9957
Epoch 299: Time: 0.0479 Cost: 1.7350 Pre: 0.9867 Re: 0.9976 Acc: 0.9924 F1: 0.9921
Epoch 300: Time: 0.0488 Cost: 1.4770 Pre: 0.9951 Re: 1.0000 Acc: 0.9977 F1: 0.9976


--------------------------------------------------------------------
Eval results: Cost:1.2451 Pre:0.9871 Re:0.9967 Acc:0.9930 F1:0.9919
--------------------------------------------------------------------

Epoch 301: Time: 0.0483 Cost: 1.5105 Pre: 0.9976 Re: 0.9988 Acc: 0.9982 F1: 0.9982
Epoch 302: Time: 0.0484 Cost: 1.6038 Pre: 0.9903 Re: 1.0000 Acc: 0.9953 F1: 0.9951
Epoch 303: Time: 0.0480 Cost: 1.5819 Pre: 0.9939 Re: 0.9988 Acc: 0.9965 F1: 0.9964
Epoch 304: Time: 0.0482 Cost: 1.4454 Pre: 0.9951 Re: 0.9988 Acc: 0.9971 F1: 0.9970
Epoch 305: Time: 0.0483 Cost: 1.4198 Pre: 0.9976 Re: 0.9988 Acc: 0.9982 F1: 0.9982
Epoch 306: Time: 0.0524 Cost: 1.4430 Pre: 0.9939 Re: 0.9988 Acc: 0.9965 F1: 0.9964
Epoch 307: Time: 0.0480 Cost: 1.3325 Pre: 0.9976 Re: 1.0000 Acc: 0.9988 F1: 0.9988
Epoch 308: Time: 0.0478 Cost: 1.5340 Pre: 0.9891 Re: 0.9988 Acc: 0.9942 F1: 0.9939
Epoch 309: Time: 0.0479 Cost: 1.9172 Pre: 0.9761 Re: 0.9976 Acc: 0.9871 F1: 0.9867
Epoch 310: Time: 0.0496 Cost: 1.6315 Pre: 0.9915 Re: 0.9976 Acc: 0.9947 F1: 0.9945


--------------------------------------------------------------------
Eval results: Cost:1.3416 Pre:0.9776 Re:0.9967 Acc:0.9889 F1:0.9871
--------------------------------------------------------------------

Epoch 311: Time: 0.0478 Cost: 1.8326 Pre: 0.9855 Re: 0.9927 Acc: 0.9895 F1: 0.9891
Epoch 312: Time: 0.0476 Cost: 1.5115 Pre: 0.9915 Re: 0.9963 Acc: 0.9942 F1: 0.9939
Epoch 313: Time: 0.0480 Cost: 1.4723 Pre: 0.9951 Re: 0.9976 Acc: 0.9965 F1: 0.9963
Epoch 314: Time: 0.0480 Cost: 1.4151 Pre: 0.9976 Re: 0.9988 Acc: 0.9982 F1: 0.9982
Epoch 315: Time: 0.0480 Cost: 1.4548 Pre: 0.9915 Re: 0.9988 Acc: 0.9953 F1: 0.9951
Epoch 316: Time: 0.0475 Cost: 1.3078 Pre: 0.9988 Re: 1.0000 Acc: 0.9994 F1: 0.9994
Epoch 317: Time: 0.0485 Cost: 1.4600 Pre: 0.9903 Re: 1.0000 Acc: 0.9953 F1: 0.9951
Epoch 318: Time: 0.0484 Cost: 1.7181 Pre: 0.9832 Re: 0.9976 Acc: 0.9907 F1: 0.9903
Epoch 319: Time: 0.0480 Cost: 1.5783 Pre: 0.9915 Re: 0.9951 Acc: 0.9936 F1: 0.9933
Epoch 320: Time: 0.0479 Cost: 1.6579 Pre: 0.9891 Re: 0.9951 Acc: 0.9924 F1: 0.9921


--------------------------------------------------------------------
Eval results: Cost:1.2280 Pre:0.9840 Re:1.0000 Acc:0.9930 F1:0.9919
--------------------------------------------------------------------

Epoch 321: Time: 0.0479 Cost: 1.3817 Pre: 0.9951 Re: 0.9976 Acc: 0.9965 F1: 0.9963
Epoch 322: Time: 0.0479 Cost: 1.2586 Pre: 1.0000 Re: 1.0000 Acc: 1.0000 F1: 1.0000
Epoch 323: Time: 0.0481 Cost: 1.4402 Pre: 0.9939 Re: 0.9976 Acc: 0.9959 F1: 0.9957
Epoch 324: Time: 0.0476 Cost: 1.7953 Pre: 0.9808 Re: 0.9988 Acc: 0.9901 F1: 0.9897
Epoch 325: Time: 0.0493 Cost: 1.5130 Pre: 0.9915 Re: 0.9976 Acc: 0.9947 F1: 0.9945
Epoch 326: Time: 0.0479 Cost: 1.5593 Pre: 0.9891 Re: 0.9951 Acc: 0.9924 F1: 0.9921
Epoch 327: Time: 0.0482 Cost: 1.3865 Pre: 0.9963 Re: 0.9963 Acc: 0.9965 F1: 0.9963
Epoch 328: Time: 0.0482 Cost: 1.3738 Pre: 0.9963 Re: 0.9976 Acc: 0.9971 F1: 0.9970
Epoch 329: Time: 0.0499 Cost: 1.3051 Pre: 0.9976 Re: 0.9988 Acc: 0.9982 F1: 0.9982
Epoch 330: Time: 0.0483 Cost: 1.3814 Pre: 0.9915 Re: 0.9988 Acc: 0.9953 F1: 0.9951


--------------------------------------------------------------------
Eval results: Cost:1.2171 Pre:0.9967 Re:0.9967 Acc:0.9972 F1:0.9967
--------------------------------------------------------------------

Epoch 331: Time: 0.0481 Cost: 1.2637 Pre: 0.9964 Re: 1.0000 Acc: 0.9982 F1: 0.9982
Epoch 332: Time: 0.0480 Cost: 1.2948 Pre: 0.9976 Re: 0.9976 Acc: 0.9977 F1: 0.9976
Epoch 333: Time: 0.0486 Cost: 1.2406 Pre: 0.9976 Re: 1.0000 Acc: 0.9988 F1: 0.9988
Epoch 334: Time: 0.0479 Cost: 1.2680 Pre: 0.9951 Re: 1.0000 Acc: 0.9977 F1: 0.9976
Epoch 335: Time: 0.0484 Cost: 1.1745 Pre: 0.9988 Re: 1.0000 Acc: 0.9994 F1: 0.9994
Epoch 336: Time: 0.0479 Cost: 1.3579 Pre: 0.9927 Re: 0.9988 Acc: 0.9959 F1: 0.9957
Epoch 337: Time: 0.0481 Cost: 1.6540 Pre: 0.9879 Re: 0.9963 Acc: 0.9924 F1: 0.9921
Epoch 338: Time: 0.0478 Cost: 1.5109 Pre: 0.9915 Re: 0.9963 Acc: 0.9942 F1: 0.9939
Epoch 339: Time: 0.0482 Cost: 1.3134 Pre: 0.9915 Re: 0.9976 Acc: 0.9947 F1: 0.9945
Epoch 340: Time: 0.0482 Cost: 1.3072 Pre: 0.9963 Re: 0.9976 Acc: 0.9971 F1: 0.9970


--------------------------------------------------------------------
Eval results: Cost:1.0805 Pre:0.9967 Re:0.9967 Acc:0.9972 F1:0.9967
--------------------------------------------------------------------

Epoch 341: Time: 0.0488 Cost: 1.2695 Pre: 0.9976 Re: 0.9976 Acc: 0.9977 F1: 0.9976
Epoch 342: Time: 0.0479 Cost: 1.2482 Pre: 0.9964 Re: 0.9988 Acc: 0.9977 F1: 0.9976
Epoch 343: Time: 0.0480 Cost: 1.2216 Pre: 0.9976 Re: 0.9988 Acc: 0.9982 F1: 0.9982
Epoch 344: Time: 0.0494 Cost: 1.2605 Pre: 0.9915 Re: 0.9988 Acc: 0.9953 F1: 0.9951
Epoch 345: Time: 0.0481 Cost: 1.1324 Pre: 0.9988 Re: 1.0000 Acc: 0.9994 F1: 0.9994
Epoch 346: Time: 0.0482 Cost: 1.3299 Pre: 0.9927 Re: 0.9976 Acc: 0.9953 F1: 0.9951
Epoch 347: Time: 0.0492 Cost: 1.1397 Pre: 0.9976 Re: 1.0000 Acc: 0.9988 F1: 0.9988
Epoch 348: Time: 0.0493 Cost: 1.2327 Pre: 0.9951 Re: 0.9988 Acc: 0.9971 F1: 0.9970
Epoch 349: Time: 0.0485 Cost: 1.4436 Pre: 0.9891 Re: 0.9988 Acc: 0.9942 F1: 0.9939
Epoch 350: Time: 0.0476 Cost: 1.2889 Pre: 0.9963 Re: 0.9976 Acc: 0.9971 F1: 0.9970


--------------------------------------------------------------------
Eval results: Cost:1.0079 Pre:0.9967 Re:0.9935 Acc:0.9958 F1:0.9951
--------------------------------------------------------------------

Epoch 351: Time: 0.0480 Cost: 1.2352 Pre: 0.9963 Re: 0.9976 Acc: 0.9971 F1: 0.9970
Epoch 352: Time: 0.0478 Cost: 1.2106 Pre: 0.9988 Re: 0.9976 Acc: 0.9982 F1: 0.9982
Epoch 353: Time: 0.0481 Cost: 1.1319 Pre: 0.9988 Re: 0.9988 Acc: 0.9988 F1: 0.9988
Epoch 354: Time: 0.0482 Cost: 1.2184 Pre: 0.9915 Re: 1.0000 Acc: 0.9959 F1: 0.9957
Epoch 355: Time: 0.0481 Cost: 1.4162 Pre: 0.9939 Re: 0.9988 Acc: 0.9965 F1: 0.9964
Epoch 356: Time: 0.0478 Cost: 1.2055 Pre: 0.9939 Re: 0.9988 Acc: 0.9965 F1: 0.9964
Epoch 357: Time: 0.0480 Cost: 1.0853 Pre: 1.0000 Re: 1.0000 Acc: 1.0000 F1: 1.0000
Epoch 358: Time: 0.0484 Cost: 1.1545 Pre: 0.9976 Re: 0.9976 Acc: 0.9977 F1: 0.9976
Epoch 359: Time: 0.0477 Cost: 1.1077 Pre: 0.9988 Re: 0.9988 Acc: 0.9988 F1: 0.9988
Epoch 360: Time: 0.0479 Cost: 1.0060 Pre: 1.0000 Re: 1.0000 Acc: 1.0000 F1: 1.0000


--------------------------------------------------------------------
Eval results: Cost:0.9035 Pre:0.9968 Re:1.0000 Acc:0.9986 F1:0.9984
--------------------------------------------------------------------

Epoch 361: Time: 0.0478 Cost: 1.1124 Pre: 0.9951 Re: 1.0000 Acc: 0.9977 F1: 0.9976
Epoch 362: Time: 0.0479 Cost: 1.2320 Pre: 0.9964 Re: 0.9988 Acc: 0.9977 F1: 0.9976
Epoch 363: Time: 0.0485 Cost: 1.0031 Pre: 1.0000 Re: 1.0000 Acc: 1.0000 F1: 1.0000
Epoch 364: Time: 0.0479 Cost: 1.0536 Pre: 0.9964 Re: 0.9988 Acc: 0.9977 F1: 0.9976
Epoch 365: Time: 0.0484 Cost: 0.9686 Pre: 1.0000 Re: 1.0000 Acc: 1.0000 F1: 1.0000
Epoch 366: Time: 0.0482 Cost: 1.0929 Pre: 0.9951 Re: 1.0000 Acc: 0.9977 F1: 0.9976
Epoch 367: Time: 0.0481 Cost: 0.9593 Pre: 1.0000 Re: 1.0000 Acc: 1.0000 F1: 1.0000
Epoch 368: Time: 0.0493 Cost: 1.1905 Pre: 0.9927 Re: 0.9976 Acc: 0.9953 F1: 0.9951
Epoch 369: Time: 0.0487 Cost: 1.0164 Pre: 0.9976 Re: 1.0000 Acc: 0.9988 F1: 0.9988
Epoch 370: Time: 0.0484 Cost: 1.0749 Pre: 0.9976 Re: 0.9976 Acc: 0.9977 F1: 0.9976


--------------------------------------------------------------------
Eval results: Cost:1.1070 Pre:1.0000 Re:0.9902 Acc:0.9958 F1:0.9951
--------------------------------------------------------------------

Epoch 371: Time: 0.0483 Cost: 1.4028 Pre: 0.9879 Re: 0.9988 Acc: 0.9936 F1: 0.9933
Epoch 372: Time: 0.0477 Cost: 1.1796 Pre: 0.9939 Re: 0.9976 Acc: 0.9959 F1: 0.9957
Epoch 373: Time: 0.0483 Cost: 1.1052 Pre: 0.9951 Re: 0.9976 Acc: 0.9965 F1: 0.9963
Epoch 374: Time: 0.0480 Cost: 1.0778 Pre: 0.9988 Re: 0.9976 Acc: 0.9982 F1: 0.9982
Epoch 375: Time: 0.0479 Cost: 1.0296 Pre: 0.9988 Re: 0.9988 Acc: 0.9988 F1: 0.9988
Epoch 376: Time: 0.0476 Cost: 0.9729 Pre: 1.0000 Re: 0.9988 Acc: 0.9994 F1: 0.9994
Epoch 377: Time: 0.0482 Cost: 0.9682 Pre: 0.9976 Re: 1.0000 Acc: 0.9988 F1: 0.9988
Epoch 378: Time: 0.0476 Cost: 0.9130 Pre: 1.0000 Re: 1.0000 Acc: 1.0000 F1: 1.0000
Epoch 379: Time: 0.0480 Cost: 0.9907 Pre: 0.9976 Re: 0.9988 Acc: 0.9982 F1: 0.9982
Epoch 380: Time: 0.0479 Cost: 0.9665 Pre: 0.9988 Re: 1.0000 Acc: 0.9994 F1: 0.9994


--------------------------------------------------------------------
Eval results: Cost:0.7582 Pre:1.0000 Re:1.0000 Acc:1.0000 F1:1.0000
--------------------------------------------------------------------

Epoch 381: Time: 0.0482 Cost: 0.9069 Pre: 1.0000 Re: 1.0000 Acc: 1.0000 F1: 1.0000
Epoch 382: Time: 0.0478 Cost: 1.0628 Pre: 0.9927 Re: 1.0000 Acc: 0.9965 F1: 0.9964
Epoch 383: Time: 0.0489 Cost: 1.1891 Pre: 0.9963 Re: 0.9963 Acc: 0.9965 F1: 0.9963
Epoch 384: Time: 0.0475 Cost: 0.9650 Pre: 0.9988 Re: 0.9988 Acc: 0.9988 F1: 0.9988
Epoch 385: Time: 0.0491 Cost: 0.9375 Pre: 0.9988 Re: 0.9988 Acc: 0.9988 F1: 0.9988
Epoch 386: Time: 0.0492 Cost: 0.9196 Pre: 1.0000 Re: 0.9988 Acc: 0.9994 F1: 0.9994
Epoch 387: Time: 0.0494 Cost: 0.8753 Pre: 0.9988 Re: 1.0000 Acc: 0.9994 F1: 0.9994
Epoch 388: Time: 0.0490 Cost: 0.8257 Pre: 1.0000 Re: 1.0000 Acc: 1.0000 F1: 1.0000
Epoch 389: Time: 0.0476 Cost: 0.8945 Pre: 0.9988 Re: 1.0000 Acc: 0.9994 F1: 0.9994
Epoch 390: Time: 0.0480 Cost: 0.9421 Pre: 0.9988 Re: 1.0000 Acc: 0.9994 F1: 0.9994


--------------------------------------------------------------------
Eval results: Cost:0.7392 Pre:1.0000 Re:1.0000 Acc:1.0000 F1:1.0000
--------------------------------------------------------------------

Epoch 391: Time: 0.0477 Cost: 0.8244 Pre: 1.0000 Re: 1.0000 Acc: 1.0000 F1: 1.0000
Epoch 392: Time: 0.0480 Cost: 1.0463 Pre: 0.9964 Re: 0.9988 Acc: 0.9977 F1: 0.9976
Epoch 393: Time: 0.0477 Cost: 0.8506 Pre: 0.9988 Re: 1.0000 Acc: 0.9994 F1: 0.9994
Epoch 394: Time: 0.0477 Cost: 0.8894 Pre: 1.0000 Re: 0.9988 Acc: 0.9994 F1: 0.9994
Epoch 395: Time: 0.0476 Cost: 0.8482 Pre: 0.9976 Re: 1.0000 Acc: 0.9988 F1: 0.9988
Epoch 396: Time: 0.0483 Cost: 0.8397 Pre: 0.9988 Re: 1.0000 Acc: 0.9994 F1: 0.9994
Epoch 397: Time: 0.0477 Cost: 0.7741 Pre: 1.0000 Re: 1.0000 Acc: 1.0000 F1: 1.0000
Epoch 398: Time: 0.0478 Cost: 0.9855 Pre: 0.9951 Re: 0.9988 Acc: 0.9971 F1: 0.9970
Epoch 399: Time: 0.0477 Cost: 0.8044 Pre: 0.9988 Re: 1.0000 Acc: 0.9994 F1: 0.9994
Epoch 400: Time: 0.0475 Cost: 0.8388 Pre: 1.0000 Re: 0.9988 Acc: 0.9994 F1: 0.9994


--------------------------------------------------------------------
Eval results: Cost:0.9227 Pre:1.0000 Re:0.9935 Acc:0.9972 F1:0.9967
--------------------------------------------------------------------

Epoch 401: Time: 0.0478 Cost: 0.8179 Pre: 0.9988 Re: 1.0000 Acc: 0.9994 F1: 0.9994
Epoch 402: Time: 0.0484 Cost: 0.7421 Pre: 1.0000 Re: 1.0000 Acc: 1.0000 F1: 1.0000
Epoch 403: Time: 0.0480 Cost: 0.9065 Pre: 0.9976 Re: 0.9988 Acc: 0.9982 F1: 0.9982
Epoch 404: Time: 0.0482 Cost: 0.7565 Pre: 1.0000 Re: 1.0000 Acc: 1.0000 F1: 1.0000
Epoch 405: Time: 0.0479 Cost: 0.7980 Pre: 1.0000 Re: 0.9988 Acc: 0.9994 F1: 0.9994
Epoch 406: Time: 0.0495 Cost: 0.7556 Pre: 1.0000 Re: 1.0000 Acc: 1.0000 F1: 1.0000
Epoch 407: Time: 0.0484 Cost: 0.7560 Pre: 1.0000 Re: 1.0000 Acc: 1.0000 F1: 1.0000
Epoch 408: Time: 0.0476 Cost: 0.7674 Pre: 0.9988 Re: 1.0000 Acc: 0.9994 F1: 0.9994
Epoch 409: Time: 0.0475 Cost: 0.8482 Pre: 0.9976 Re: 0.9988 Acc: 0.9982 F1: 0.9982
Epoch 410: Time: 0.0478 Cost: 0.7609 Pre: 1.0000 Re: 1.0000 Acc: 1.0000 F1: 1.0000


--------------------------------------------------------------------
Eval results: Cost:0.6874 Pre:1.0000 Re:0.9967 Acc:0.9986 F1:0.9984
--------------------------------------------------------------------

Epoch 411: Time: 0.0481 Cost: 0.8076 Pre: 0.9976 Re: 0.9988 Acc: 0.9982 F1: 0.9982
Epoch 412: Time: 0.0483 Cost: 0.6969 Pre: 1.0000 Re: 1.0000 Acc: 1.0000 F1: 1.0000
Epoch 413: Time: 0.0476 Cost: 0.7975 Pre: 0.9976 Re: 0.9988 Acc: 0.9982 F1: 0.9982
Epoch 414: Time: 0.0480 Cost: 0.6802 Pre: 1.0000 Re: 1.0000 Acc: 1.0000 F1: 1.0000
Epoch 415: Time: 0.0477 Cost: 0.8618 Pre: 0.9951 Re: 0.9988 Acc: 0.9971 F1: 0.9970
Epoch 416: Time: 0.0485 Cost: 0.6938 Pre: 1.0000 Re: 1.0000 Acc: 1.0000 F1: 1.0000
Epoch 417: Time: 0.0480 Cost: 0.7267 Pre: 1.0000 Re: 0.9988 Acc: 0.9994 F1: 0.9994
Epoch 418: Time: 0.0479 Cost: 0.6857 Pre: 1.0000 Re: 1.0000 Acc: 1.0000 F1: 1.0000
Epoch 419: Time: 0.0482 Cost: 0.7062 Pre: 0.9988 Re: 1.0000 Acc: 0.9994 F1: 0.9994
Epoch 420: Time: 0.0477 Cost: 0.8937 Pre: 0.9964 Re: 0.9988 Acc: 0.9977 F1: 0.9976


--------------------------------------------------------------------
Eval results: Cost:1.1036 Pre:1.0000 Re:0.9837 Acc:0.9930 F1:0.9918
--------------------------------------------------------------------

Early stopping...
--------------------------------------------------------------------
--------------------------------------------------------------------
Test 1996 samples take time: 0.1290
FN id:
[ 249  385  487  493  526  711 1193 1234 1667 1717]
Test results: Cost:1.0299 Pre:1.0000 Re:0.9883 Acc:0.9950 F1:0.9941
--------------------------------------------------------------------

