16768
16562
16206
16632
16380
16425
Load data
RNN type: SRN Grammar: g7 Seed: 6
Model total parameters: 2650
Saving hinit ... 

Epoch 0: Time: 0.1847 Cost: 25.4792 Pre: 0.4768 Re: 0.4134 Acc: 0.5018 F1: 0.4428


--------------------------------------------------------------------
Eval results: Cost:23.8563 Pre:1.0000 Re:0.0065 Acc:0.5752 F1:0.0129
--------------------------------------------------------------------

Epoch 1: Time: 0.1092 Cost: 24.6524 Pre: 0.6435 Re: 0.2817 Acc: 0.5812 F1: 0.3919
Epoch 2: Time: 0.1087 Cost: 24.4209 Pre: 0.6334 Re: 0.5878 Acc: 0.6396 F1: 0.6097
Epoch 3: Time: 0.1091 Cost: 24.2042 Pre: 0.7246 Re: 0.5134 Acc: 0.6735 F1: 0.6010
Epoch 4: Time: 0.1083 Cost: 24.0419 Pre: 0.6608 Re: 0.5939 Acc: 0.6595 F1: 0.6256
Epoch 5: Time: 0.1127 Cost: 23.8835 Pre: 0.6437 Re: 0.5927 Acc: 0.6478 F1: 0.6171
Epoch 6: Time: 0.1100 Cost: 23.7483 Pre: 0.6323 Re: 0.6439 Acc: 0.6501 F1: 0.6381
Epoch 7: Time: 0.1093 Cost: 23.6289 Pre: 0.6177 Re: 0.6817 Acc: 0.6454 F1: 0.6481
Epoch 8: Time: 0.1088 Cost: 23.5256 Pre: 0.6130 Re: 0.7012 Acc: 0.6449 F1: 0.6542
Epoch 9: Time: 0.1088 Cost: 23.4354 Pre: 0.6091 Re: 0.7049 Acc: 0.6419 F1: 0.6535
Epoch 10: Time: 0.1095 Cost: 23.3566 Pre: 0.6048 Re: 0.7110 Acc: 0.6390 F1: 0.6536


--------------------------------------------------------------------
Eval results: Cost:23.0619 Pre:0.5550 Re:0.7394 Acc:0.6351 F1:0.6341
--------------------------------------------------------------------

Epoch 11: Time: 0.1087 Cost: 23.2836 Pre: 0.6048 Re: 0.7110 Acc: 0.6390 F1: 0.6536
Epoch 12: Time: 0.1083 Cost: 23.2292 Pre: 0.6048 Re: 0.7110 Acc: 0.6390 F1: 0.6536
Epoch 13: Time: 0.1093 Cost: 23.1804 Pre: 0.6048 Re: 0.7110 Acc: 0.6390 F1: 0.6536
Epoch 14: Time: 0.1136 Cost: 23.1343 Pre: 0.6048 Re: 0.7110 Acc: 0.6390 F1: 0.6536
Epoch 15: Time: 0.1094 Cost: 23.0927 Pre: 0.6048 Re: 0.7110 Acc: 0.6390 F1: 0.6536
Epoch 16: Time: 0.1088 Cost: 23.0551 Pre: 0.6048 Re: 0.7110 Acc: 0.6390 F1: 0.6536
Epoch 17: Time: 0.1086 Cost: 23.0218 Pre: 0.6048 Re: 0.7110 Acc: 0.6390 F1: 0.6536
Epoch 18: Time: 0.1093 Cost: 22.9921 Pre: 0.6048 Re: 0.7110 Acc: 0.6390 F1: 0.6536
Epoch 19: Time: 0.1088 Cost: 22.9656 Pre: 0.6048 Re: 0.7110 Acc: 0.6390 F1: 0.6536
Epoch 20: Time: 0.1087 Cost: 22.9421 Pre: 0.6048 Re: 0.7110 Acc: 0.6390 F1: 0.6536


--------------------------------------------------------------------
Eval results: Cost:22.6536 Pre:0.5550 Re:0.7394 Acc:0.6351 F1:0.6341
--------------------------------------------------------------------

Epoch 21: Time: 0.1086 Cost: 22.9161 Pre: 0.6048 Re: 0.7110 Acc: 0.6390 F1: 0.6536
Epoch 22: Time: 0.1124 Cost: 22.9007 Pre: 0.6048 Re: 0.7110 Acc: 0.6390 F1: 0.6536
Epoch 23: Time: 0.1193 Cost: 22.8871 Pre: 0.6048 Re: 0.7110 Acc: 0.6390 F1: 0.6536
Epoch 24: Time: 0.1145 Cost: 22.8729 Pre: 0.6048 Re: 0.7110 Acc: 0.6390 F1: 0.6536
Epoch 25: Time: 0.1096 Cost: 22.8598 Pre: 0.6048 Re: 0.7110 Acc: 0.6390 F1: 0.6536
Epoch 26: Time: 0.1088 Cost: 22.8476 Pre: 0.6048 Re: 0.7110 Acc: 0.6390 F1: 0.6536
Epoch 27: Time: 0.1103 Cost: 22.8366 Pre: 0.6048 Re: 0.7110 Acc: 0.6390 F1: 0.6536
Epoch 28: Time: 0.1098 Cost: 22.8266 Pre: 0.6048 Re: 0.7110 Acc: 0.6390 F1: 0.6536
Epoch 29: Time: 0.1093 Cost: 22.8176 Pre: 0.6048 Re: 0.7110 Acc: 0.6390 F1: 0.6536
Epoch 30: Time: 0.1085 Cost: 22.8094 Pre: 0.6048 Re: 0.7110 Acc: 0.6390 F1: 0.6536


--------------------------------------------------------------------
Eval results: Cost:22.5078 Pre:0.5550 Re:0.7394 Acc:0.6351 F1:0.6341
--------------------------------------------------------------------

Epoch 31: Time: 0.1097 Cost: 22.7968 Pre: 0.6048 Re: 0.7110 Acc: 0.6390 F1: 0.6536
Epoch 32: Time: 0.1097 Cost: 22.7925 Pre: 0.6048 Re: 0.7110 Acc: 0.6390 F1: 0.6536
Epoch 33: Time: 0.1102 Cost: 22.7889 Pre: 0.6048 Re: 0.7110 Acc: 0.6390 F1: 0.6536
Epoch 34: Time: 0.1114 Cost: 22.7840 Pre: 0.6048 Re: 0.7110 Acc: 0.6390 F1: 0.6536
Epoch 35: Time: 0.1100 Cost: 22.7793 Pre: 0.6048 Re: 0.7110 Acc: 0.6390 F1: 0.6536
Epoch 36: Time: 0.1087 Cost: 22.7745 Pre: 0.6048 Re: 0.7110 Acc: 0.6390 F1: 0.6536
Epoch 37: Time: 0.1092 Cost: 22.7701 Pre: 0.6048 Re: 0.7110 Acc: 0.6390 F1: 0.6536
Epoch 38: Time: 0.1090 Cost: 22.7660 Pre: 0.6048 Re: 0.7110 Acc: 0.6390 F1: 0.6536
Epoch 39: Time: 0.1122 Cost: 22.7621 Pre: 0.6048 Re: 0.7110 Acc: 0.6390 F1: 0.6536
Epoch 40: Time: 0.1094 Cost: 22.7585 Pre: 0.6048 Re: 0.7110 Acc: 0.6390 F1: 0.6536


--------------------------------------------------------------------
Eval results: Cost:22.4461 Pre:0.5550 Re:0.7394 Acc:0.6351 F1:0.6341
--------------------------------------------------------------------

Epoch 41: Time: 0.1161 Cost: 22.7498 Pre: 0.6048 Re: 0.7110 Acc: 0.6390 F1: 0.6536
Epoch 42: Time: 0.1113 Cost: 22.7487 Pre: 0.6048 Re: 0.7110 Acc: 0.6390 F1: 0.6536
Epoch 43: Time: 0.1094 Cost: 22.7481 Pre: 0.6048 Re: 0.7110 Acc: 0.6390 F1: 0.6536
Epoch 44: Time: 0.1088 Cost: 22.7459 Pre: 0.6048 Re: 0.7110 Acc: 0.6390 F1: 0.6536
Epoch 45: Time: 0.1094 Cost: 22.7435 Pre: 0.6048 Re: 0.7110 Acc: 0.6390 F1: 0.6536
Epoch 46: Time: 0.1083 Cost: 22.7409 Pre: 0.6048 Re: 0.7110 Acc: 0.6390 F1: 0.6536
Epoch 47: Time: 0.1095 Cost: 22.7382 Pre: 0.6048 Re: 0.7110 Acc: 0.6390 F1: 0.6536
Epoch 48: Time: 0.1123 Cost: 22.7357 Pre: 0.6048 Re: 0.7110 Acc: 0.6390 F1: 0.6536
Epoch 49: Time: 0.1085 Cost: 22.7331 Pre: 0.6048 Re: 0.7110 Acc: 0.6390 F1: 0.6536
Epoch 50: Time: 0.1080 Cost: 22.7306 Pre: 0.6048 Re: 0.7110 Acc: 0.6390 F1: 0.6536


--------------------------------------------------------------------
Eval results: Cost:22.4108 Pre:0.5550 Re:0.7394 Acc:0.6351 F1:0.6341
--------------------------------------------------------------------

Epoch 51: Time: 0.1086 Cost: 22.7227 Pre: 0.6048 Re: 0.7110 Acc: 0.6390 F1: 0.6536
Epoch 52: Time: 0.1084 Cost: 22.7223 Pre: 0.6048 Re: 0.7110 Acc: 0.6390 F1: 0.6536
Epoch 53: Time: 0.1085 Cost: 22.7223 Pre: 0.6048 Re: 0.7110 Acc: 0.6390 F1: 0.6536
Epoch 54: Time: 0.1086 Cost: 22.7206 Pre: 0.6048 Re: 0.7110 Acc: 0.6390 F1: 0.6536
Epoch 55: Time: 0.1085 Cost: 22.7185 Pre: 0.6048 Re: 0.7110 Acc: 0.6390 F1: 0.6536
Epoch 56: Time: 0.1130 Cost: 22.7160 Pre: 0.6048 Re: 0.7110 Acc: 0.6390 F1: 0.6536
Epoch 57: Time: 0.1087 Cost: 22.7134 Pre: 0.6048 Re: 0.7110 Acc: 0.6390 F1: 0.6536
Epoch 58: Time: 0.1085 Cost: 22.7107 Pre: 0.6048 Re: 0.7110 Acc: 0.6390 F1: 0.6536
Epoch 59: Time: 0.1081 Cost: 22.7079 Pre: 0.6048 Re: 0.7110 Acc: 0.6390 F1: 0.6536
Epoch 60: Time: 0.1090 Cost: 22.7051 Pre: 0.6048 Re: 0.7110 Acc: 0.6390 F1: 0.6536


--------------------------------------------------------------------
Eval results: Cost:22.3792 Pre:0.5550 Re:0.7394 Acc:0.6351 F1:0.6341
--------------------------------------------------------------------

Epoch 61: Time: 0.1084 Cost: 22.6966 Pre: 0.6048 Re: 0.7110 Acc: 0.6390 F1: 0.6536
Epoch 62: Time: 0.1087 Cost: 22.6957 Pre: 0.6048 Re: 0.7110 Acc: 0.6390 F1: 0.6536
Epoch 63: Time: 0.1090 Cost: 22.6952 Pre: 0.6048 Re: 0.7110 Acc: 0.6390 F1: 0.6536
Epoch 64: Time: 0.1116 Cost: 22.6925 Pre: 0.6048 Re: 0.7110 Acc: 0.6390 F1: 0.6536
Epoch 65: Time: 0.1093 Cost: 22.6895 Pre: 0.6048 Re: 0.7110 Acc: 0.6390 F1: 0.6536
Epoch 66: Time: 0.1096 Cost: 22.6859 Pre: 0.6048 Re: 0.7110 Acc: 0.6390 F1: 0.6536
Epoch 67: Time: 0.1098 Cost: 22.6821 Pre: 0.6048 Re: 0.7110 Acc: 0.6390 F1: 0.6536
Epoch 68: Time: 0.1085 Cost: 22.6779 Pre: 0.6048 Re: 0.7110 Acc: 0.6390 F1: 0.6536
Epoch 69: Time: 0.1090 Cost: 22.6735 Pre: 0.6048 Re: 0.7110 Acc: 0.6390 F1: 0.6536
Epoch 70: Time: 0.1091 Cost: 22.6688 Pre: 0.6048 Re: 0.7110 Acc: 0.6390 F1: 0.6536


--------------------------------------------------------------------
Eval results: Cost:22.3338 Pre:0.5550 Re:0.7394 Acc:0.6351 F1:0.6341
--------------------------------------------------------------------

Epoch 71: Time: 0.1089 Cost: 22.6583 Pre: 0.6048 Re: 0.7110 Acc: 0.6390 F1: 0.6536
Epoch 72: Time: 0.1081 Cost: 22.6553 Pre: 0.6048 Re: 0.7110 Acc: 0.6390 F1: 0.6536
Epoch 73: Time: 0.1132 Cost: 22.6526 Pre: 0.6048 Re: 0.7110 Acc: 0.6390 F1: 0.6536
Epoch 74: Time: 0.1087 Cost: 22.6473 Pre: 0.6048 Re: 0.7110 Acc: 0.6390 F1: 0.6536
Epoch 75: Time: 0.1082 Cost: 22.6413 Pre: 0.6048 Re: 0.7110 Acc: 0.6390 F1: 0.6536
Epoch 76: Time: 0.1082 Cost: 22.6343 Pre: 0.6048 Re: 0.7110 Acc: 0.6390 F1: 0.6536
Epoch 77: Time: 0.1084 Cost: 22.6267 Pre: 0.6048 Re: 0.7110 Acc: 0.6390 F1: 0.6536
Epoch 78: Time: 0.1083 Cost: 22.6184 Pre: 0.6048 Re: 0.7110 Acc: 0.6390 F1: 0.6536
Epoch 79: Time: 0.1088 Cost: 22.6094 Pre: 0.6048 Re: 0.7110 Acc: 0.6390 F1: 0.6536
Epoch 80: Time: 0.1089 Cost: 22.5996 Pre: 0.6048 Re: 0.7110 Acc: 0.6390 F1: 0.6536


--------------------------------------------------------------------
Eval results: Cost:22.2375 Pre:0.5550 Re:0.7394 Acc:0.6351 F1:0.6341
--------------------------------------------------------------------

Epoch 81: Time: 0.1133 Cost: 22.5832 Pre: 0.6048 Re: 0.7110 Acc: 0.6390 F1: 0.6536
Epoch 82: Time: 0.1092 Cost: 22.5743 Pre: 0.6048 Re: 0.7110 Acc: 0.6390 F1: 0.6536
Epoch 83: Time: 0.1515 Cost: 22.5658 Pre: 0.6048 Re: 0.7110 Acc: 0.6390 F1: 0.6536
Epoch 84: Time: 0.1543 Cost: 22.5531 Pre: 0.6048 Re: 0.7110 Acc: 0.6390 F1: 0.6536
Epoch 85: Time: 0.1109 Cost: 22.5393 Pre: 0.6048 Re: 0.7110 Acc: 0.6390 F1: 0.6536
Epoch 86: Time: 0.1112 Cost: 22.5236 Pre: 0.6048 Re: 0.7110 Acc: 0.6390 F1: 0.6536
Epoch 87: Time: 0.1107 Cost: 22.5068 Pre: 0.6048 Re: 0.7110 Acc: 0.6390 F1: 0.6536
Epoch 88: Time: 0.1094 Cost: 22.4887 Pre: 0.6052 Re: 0.7122 Acc: 0.6396 F1: 0.6543
Epoch 89: Time: 0.1118 Cost: 22.4695 Pre: 0.6052 Re: 0.7122 Acc: 0.6396 F1: 0.6543
Epoch 90: Time: 0.1098 Cost: 22.4492 Pre: 0.6056 Re: 0.7134 Acc: 0.6402 F1: 0.6551


--------------------------------------------------------------------
Eval results: Cost:21.9746 Pre:0.5550 Re:0.7394 Acc:0.6351 F1:0.6341
--------------------------------------------------------------------

Epoch 91: Time: 0.1091 Cost: 22.4225 Pre: 0.6056 Re: 0.7134 Acc: 0.6402 F1: 0.6551
Epoch 92: Time: 0.1087 Cost: 22.4026 Pre: 0.6060 Re: 0.7146 Acc: 0.6408 F1: 0.6558
Epoch 93: Time: 0.1092 Cost: 22.3852 Pre: 0.6060 Re: 0.7146 Acc: 0.6408 F1: 0.6558
Epoch 94: Time: 0.1094 Cost: 22.3627 Pre: 0.6060 Re: 0.7146 Acc: 0.6408 F1: 0.6558
Epoch 95: Time: 0.1090 Cost: 22.3398 Pre: 0.6054 Re: 0.7146 Acc: 0.6402 F1: 0.6555
Epoch 96: Time: 0.1092 Cost: 22.3166 Pre: 0.6058 Re: 0.7159 Acc: 0.6408 F1: 0.6562
Epoch 97: Time: 0.1091 Cost: 22.2931 Pre: 0.6062 Re: 0.7171 Acc: 0.6414 F1: 0.6570
Epoch 98: Time: 0.1145 Cost: 22.2697 Pre: 0.6062 Re: 0.7171 Acc: 0.6414 F1: 0.6570
Epoch 99: Time: 0.1099 Cost: 22.2466 Pre: 0.6066 Re: 0.7183 Acc: 0.6419 F1: 0.6577
Epoch 100: Time: 0.1099 Cost: 22.2237 Pre: 0.6060 Re: 0.7183 Acc: 0.6414 F1: 0.6574


--------------------------------------------------------------------
Eval results: Cost:21.4907 Pre:0.5585 Re:0.7459 Acc:0.6393 F1:0.6388
--------------------------------------------------------------------

Epoch 101: Time: 0.1090 Cost: 22.1978 Pre: 0.6062 Re: 0.7207 Acc: 0.6419 F1: 0.6585
Epoch 102: Time: 0.1084 Cost: 22.1760 Pre: 0.6070 Re: 0.7232 Acc: 0.6431 F1: 0.6600
Epoch 103: Time: 0.1083 Cost: 22.1572 Pre: 0.6074 Re: 0.7244 Acc: 0.6437 F1: 0.6607
Epoch 104: Time: 0.1086 Cost: 22.1366 Pre: 0.6078 Re: 0.7256 Acc: 0.6443 F1: 0.6615
Epoch 105: Time: 0.1088 Cost: 22.1150 Pre: 0.6090 Re: 0.7256 Acc: 0.6454 F1: 0.6622
Epoch 106: Time: 0.1123 Cost: 22.0934 Pre: 0.6096 Re: 0.7256 Acc: 0.6460 F1: 0.6626
Epoch 107: Time: 0.1095 Cost: 22.0717 Pre: 0.6096 Re: 0.7256 Acc: 0.6460 F1: 0.6626
Epoch 108: Time: 0.1412 Cost: 22.0495 Pre: 0.6115 Re: 0.7293 Acc: 0.6484 F1: 0.6652
Epoch 109: Time: 0.1636 Cost: 22.0266 Pre: 0.6129 Re: 0.7280 Acc: 0.6495 F1: 0.6656
Epoch 110: Time: 0.1404 Cost: 22.0028 Pre: 0.6146 Re: 0.7293 Acc: 0.6513 F1: 0.6670


--------------------------------------------------------------------
Eval results: Cost:21.0111 Pre:0.5833 Re:0.7524 Acc:0.6643 F1:0.6572
--------------------------------------------------------------------

Epoch 111: Time: 0.1167 Cost: 21.9772 Pre: 0.6166 Re: 0.7317 Acc: 0.6536 F1: 0.6693
Epoch 112: Time: 0.1247 Cost: 21.9500 Pre: 0.6185 Re: 0.7354 Acc: 0.6560 F1: 0.6719
Epoch 113: Time: 0.1290 Cost: 21.9209 Pre: 0.6227 Re: 0.7366 Acc: 0.6600 F1: 0.6749
Epoch 114: Time: 0.1260 Cost: 21.8894 Pre: 0.6271 Re: 0.7341 Acc: 0.6636 F1: 0.6764
Epoch 115: Time: 0.1087 Cost: 21.8540 Pre: 0.6287 Re: 0.7329 Acc: 0.6647 F1: 0.6768
Epoch 116: Time: 0.1095 Cost: 21.8139 Pre: 0.6322 Re: 0.7317 Acc: 0.6676 F1: 0.6783
Epoch 117: Time: 0.1085 Cost: 21.7678 Pre: 0.6349 Re: 0.7317 Acc: 0.6700 F1: 0.6799
Epoch 118: Time: 0.1090 Cost: 21.7145 Pre: 0.6369 Re: 0.7317 Acc: 0.6717 F1: 0.6810
Epoch 119: Time: 0.1088 Cost: 21.6521 Pre: 0.6392 Re: 0.7280 Acc: 0.6729 F1: 0.6807
Epoch 120: Time: 0.1085 Cost: 21.5787 Pre: 0.6425 Re: 0.7232 Acc: 0.6746 F1: 0.6804


--------------------------------------------------------------------
Eval results: Cost:20.1311 Pre:0.6537 Re:0.6580 Acc:0.7047 F1:0.6558
--------------------------------------------------------------------

Epoch 121: Time: 0.1114 Cost: 21.4968 Pre: 0.6433 Re: 0.7171 Acc: 0.6741 F1: 0.6782
Epoch 122: Time: 0.1102 Cost: 21.3959 Pre: 0.6446 Re: 0.7122 Acc: 0.6741 F1: 0.6767
Epoch 123: Time: 0.1086 Cost: 21.2785 Pre: 0.6439 Re: 0.6902 Acc: 0.6688 F1: 0.6663
Epoch 124: Time: 0.1108 Cost: 21.1510 Pre: 0.6416 Re: 0.6659 Acc: 0.6618 F1: 0.6535
Epoch 125: Time: 0.1094 Cost: 21.0176 Pre: 0.6436 Re: 0.6585 Acc: 0.6618 F1: 0.6510
Epoch 126: Time: 0.1092 Cost: 20.8809 Pre: 0.6432 Re: 0.6463 Acc: 0.6589 F1: 0.6448
Epoch 127: Time: 0.1086 Cost: 20.7420 Pre: 0.6450 Re: 0.6427 Acc: 0.6595 F1: 0.6439
Epoch 128: Time: 0.1087 Cost: 20.6013 Pre: 0.6527 Re: 0.6463 Acc: 0.6659 F1: 0.6495
Epoch 129: Time: 0.1091 Cost: 20.4599 Pre: 0.6562 Re: 0.6378 Acc: 0.6665 F1: 0.6469
Epoch 130: Time: 0.1123 Cost: 20.3190 Pre: 0.6667 Re: 0.6439 Acc: 0.6752 F1: 0.6551


--------------------------------------------------------------------
Eval results: Cost:18.7244 Pre:0.7131 Re:0.5505 Acc:0.7131 F1:0.6213
--------------------------------------------------------------------

Epoch 131: Time: 0.1209 Cost: 20.1807 Pre: 0.6693 Re: 0.6317 Acc: 0.6741 F1: 0.6499
Epoch 132: Time: 0.1109 Cost: 20.0463 Pre: 0.6714 Re: 0.6354 Acc: 0.6764 F1: 0.6529
Epoch 133: Time: 0.1089 Cost: 19.9115 Pre: 0.6787 Re: 0.6415 Acc: 0.6828 F1: 0.6596
Epoch 134: Time: 0.1099 Cost: 19.7850 Pre: 0.6804 Re: 0.6439 Acc: 0.6846 F1: 0.6617
Epoch 135: Time: 0.1085 Cost: 19.6665 Pre: 0.6835 Re: 0.6451 Acc: 0.6869 F1: 0.6637
Epoch 136: Time: 0.1090 Cost: 19.5559 Pre: 0.6873 Re: 0.6488 Acc: 0.6904 F1: 0.6675
Epoch 137: Time: 0.1092 Cost: 19.4533 Pre: 0.6916 Re: 0.6537 Acc: 0.6945 F1: 0.6721
Epoch 138: Time: 0.1100 Cost: 19.3583 Pre: 0.6952 Re: 0.6537 Acc: 0.6968 F1: 0.6738
Epoch 139: Time: 0.1105 Cost: 19.2707 Pre: 0.6983 Re: 0.6634 Acc: 0.7015 F1: 0.6804
Epoch 140: Time: 0.1095 Cost: 19.1905 Pre: 0.7022 Re: 0.6756 Acc: 0.7074 F1: 0.6886


--------------------------------------------------------------------
Eval results: Cost:18.0735 Pre:0.7273 Re:0.5733 Acc:0.7256 F1:0.6412
--------------------------------------------------------------------

Epoch 141: Time: 0.1105 Cost: 19.1205 Pre: 0.7037 Re: 0.6866 Acc: 0.7114 F1: 0.6951
Epoch 142: Time: 0.1095 Cost: 19.0536 Pre: 0.7048 Re: 0.6988 Acc: 0.7155 F1: 0.7018
Epoch 143: Time: 0.1097 Cost: 18.9943 Pre: 0.7098 Re: 0.7159 Acc: 0.7237 F1: 0.7128
Epoch 144: Time: 0.1090 Cost: 18.9423 Pre: 0.7093 Re: 0.7232 Acc: 0.7255 F1: 0.7162
Epoch 145: Time: 0.1094 Cost: 18.8967 Pre: 0.7163 Re: 0.7451 Acc: 0.7366 F1: 0.7304
Epoch 146: Time: 0.1089 Cost: 18.8567 Pre: 0.7170 Re: 0.7476 Acc: 0.7377 F1: 0.7319
Epoch 147: Time: 0.1119 Cost: 18.8214 Pre: 0.7163 Re: 0.7512 Acc: 0.7383 F1: 0.7333
Epoch 148: Time: 0.1096 Cost: 18.7901 Pre: 0.7169 Re: 0.7598 Acc: 0.7412 F1: 0.7377
Epoch 149: Time: 0.1091 Cost: 18.7622 Pre: 0.7171 Re: 0.7573 Acc: 0.7407 F1: 0.7367
Epoch 150: Time: 0.1087 Cost: 18.7373 Pre: 0.7163 Re: 0.7573 Acc: 0.7401 F1: 0.7362


--------------------------------------------------------------------
Eval results: Cost:17.9127 Pre:0.6609 Re:0.7427 Acc:0.7270 F1:0.6994
--------------------------------------------------------------------

Epoch 151: Time: 0.1092 Cost: 18.7155 Pre: 0.7188 Re: 0.7573 Acc: 0.7418 F1: 0.7375
Epoch 152: Time: 0.1095 Cost: 18.6949 Pre: 0.7193 Re: 0.7561 Acc: 0.7418 F1: 0.7372
Epoch 153: Time: 0.1090 Cost: 18.6755 Pre: 0.7204 Re: 0.7573 Acc: 0.7430 F1: 0.7384
Epoch 154: Time: 0.1084 Cost: 18.6576 Pre: 0.7204 Re: 0.7573 Acc: 0.7430 F1: 0.7384
Epoch 155: Time: 0.1122 Cost: 18.6408 Pre: 0.7209 Re: 0.7561 Acc: 0.7430 F1: 0.7381
Epoch 156: Time: 0.1102 Cost: 18.6249 Pre: 0.7223 Re: 0.7549 Acc: 0.7436 F1: 0.7382
Epoch 157: Time: 0.1089 Cost: 18.6098 Pre: 0.7231 Re: 0.7549 Acc: 0.7442 F1: 0.7387
Epoch 158: Time: 0.1091 Cost: 18.5952 Pre: 0.7240 Re: 0.7549 Acc: 0.7447 F1: 0.7391
Epoch 159: Time: 0.1091 Cost: 18.5811 Pre: 0.7240 Re: 0.7549 Acc: 0.7447 F1: 0.7391
Epoch 160: Time: 0.1096 Cost: 18.5675 Pre: 0.7228 Re: 0.7537 Acc: 0.7436 F1: 0.7379


--------------------------------------------------------------------
Eval results: Cost:17.8608 Pre:0.6590 Re:0.7427 Acc:0.7256 F1:0.6983
--------------------------------------------------------------------

Epoch 161: Time: 0.1086 Cost: 18.5523 Pre: 0.7237 Re: 0.7537 Acc: 0.7442 F1: 0.7384
Epoch 162: Time: 0.1086 Cost: 18.5397 Pre: 0.7237 Re: 0.7537 Acc: 0.7442 F1: 0.7384
Epoch 163: Time: 0.1084 Cost: 18.5277 Pre: 0.7245 Re: 0.7537 Acc: 0.7447 F1: 0.7388
Epoch 164: Time: 0.1132 Cost: 18.5157 Pre: 0.7245 Re: 0.7537 Acc: 0.7447 F1: 0.7388
Epoch 165: Time: 0.1092 Cost: 18.5035 Pre: 0.7245 Re: 0.7537 Acc: 0.7447 F1: 0.7388
Epoch 166: Time: 0.1095 Cost: 18.4912 Pre: 0.7245 Re: 0.7537 Acc: 0.7447 F1: 0.7388
Epoch 167: Time: 0.1123 Cost: 18.4788 Pre: 0.7245 Re: 0.7537 Acc: 0.7447 F1: 0.7388
Epoch 168: Time: 0.1100 Cost: 18.4664 Pre: 0.7245 Re: 0.7537 Acc: 0.7447 F1: 0.7388
Epoch 169: Time: 0.1088 Cost: 18.4541 Pre: 0.7242 Re: 0.7524 Acc: 0.7442 F1: 0.7380
Epoch 170: Time: 0.1084 Cost: 18.4416 Pre: 0.7245 Re: 0.7537 Acc: 0.7447 F1: 0.7388


--------------------------------------------------------------------
Eval results: Cost:17.7732 Pre:0.6618 Re:0.7394 Acc:0.7270 F1:0.6985
--------------------------------------------------------------------

Epoch 171: Time: 0.1085 Cost: 18.4261 Pre: 0.7245 Re: 0.7537 Acc: 0.7447 F1: 0.7388
Epoch 172: Time: 0.1116 Cost: 18.4134 Pre: 0.7245 Re: 0.7537 Acc: 0.7447 F1: 0.7388
Epoch 173: Time: 0.1096 Cost: 18.4024 Pre: 0.7245 Re: 0.7537 Acc: 0.7447 F1: 0.7388
Epoch 174: Time: 0.1092 Cost: 18.3907 Pre: 0.7245 Re: 0.7537 Acc: 0.7447 F1: 0.7388
Epoch 175: Time: 0.1088 Cost: 18.3780 Pre: 0.7242 Re: 0.7524 Acc: 0.7442 F1: 0.7380
Epoch 176: Time: 0.1090 Cost: 18.3647 Pre: 0.7242 Re: 0.7524 Acc: 0.7442 F1: 0.7380
Epoch 177: Time: 0.1094 Cost: 18.3511 Pre: 0.7250 Re: 0.7524 Acc: 0.7447 F1: 0.7385
Epoch 178: Time: 0.1092 Cost: 18.3371 Pre: 0.7267 Re: 0.7524 Acc: 0.7459 F1: 0.7394
Epoch 179: Time: 0.1086 Cost: 18.3229 Pre: 0.7267 Re: 0.7524 Acc: 0.7459 F1: 0.7394
Epoch 180: Time: 0.1096 Cost: 18.3082 Pre: 0.7285 Re: 0.7524 Acc: 0.7471 F1: 0.7403


--------------------------------------------------------------------
Eval results: Cost:17.6395 Pre:0.6657 Re:0.7394 Acc:0.7298 F1:0.7006
--------------------------------------------------------------------

Epoch 181: Time: 0.1108 Cost: 18.2897 Pre: 0.7288 Re: 0.7537 Acc: 0.7477 F1: 0.7410
Epoch 182: Time: 0.1094 Cost: 18.2737 Pre: 0.7296 Re: 0.7537 Acc: 0.7482 F1: 0.7415
Epoch 183: Time: 0.1086 Cost: 18.2600 Pre: 0.7305 Re: 0.7537 Acc: 0.7488 F1: 0.7419
Epoch 184: Time: 0.1087 Cost: 18.2452 Pre: 0.7302 Re: 0.7524 Acc: 0.7482 F1: 0.7411
Epoch 185: Time: 0.1099 Cost: 18.2288 Pre: 0.7307 Re: 0.7512 Acc: 0.7482 F1: 0.7408
Epoch 186: Time: 0.1092 Cost: 18.2111 Pre: 0.7342 Re: 0.7512 Acc: 0.7506 F1: 0.7426
Epoch 187: Time: 0.1092 Cost: 18.1927 Pre: 0.7344 Re: 0.7488 Acc: 0.7500 F1: 0.7415
Epoch 188: Time: 0.1089 Cost: 18.1736 Pre: 0.7349 Re: 0.7439 Acc: 0.7488 F1: 0.7394
Epoch 189: Time: 0.1102 Cost: 18.1537 Pre: 0.7337 Re: 0.7427 Acc: 0.7477 F1: 0.7382
Epoch 190: Time: 0.1111 Cost: 18.1328 Pre: 0.7355 Re: 0.7427 Acc: 0.7488 F1: 0.7391


--------------------------------------------------------------------
Eval results: Cost:17.4347 Pre:0.6840 Re:0.7264 Acc:0.7396 F1:0.7046
--------------------------------------------------------------------

Epoch 191: Time: 0.1084 Cost: 18.1076 Pre: 0.7361 Re: 0.7415 Acc: 0.7488 F1: 0.7388
Epoch 192: Time: 0.1083 Cost: 18.0842 Pre: 0.7373 Re: 0.7427 Acc: 0.7500 F1: 0.7400
Epoch 193: Time: 0.1093 Cost: 18.0624 Pre: 0.7393 Re: 0.7402 Acc: 0.7506 F1: 0.7398
Epoch 194: Time: 0.1103 Cost: 18.0390 Pre: 0.7411 Re: 0.7402 Acc: 0.7518 F1: 0.7407
Epoch 195: Time: 0.1092 Cost: 18.0132 Pre: 0.7430 Re: 0.7402 Acc: 0.7529 F1: 0.7416
Epoch 196: Time: 0.1092 Cost: 17.9853 Pre: 0.7424 Re: 0.7415 Acc: 0.7529 F1: 0.7419
Epoch 197: Time: 0.1088 Cost: 17.9556 Pre: 0.7427 Re: 0.7427 Acc: 0.7535 F1: 0.7427
Epoch 198: Time: 0.1137 Cost: 17.9242 Pre: 0.7409 Re: 0.7427 Acc: 0.7523 F1: 0.7418
Epoch 199: Time: 0.1094 Cost: 17.8909 Pre: 0.7418 Re: 0.7427 Acc: 0.7529 F1: 0.7422
Epoch 200: Time: 0.1088 Cost: 17.8555 Pre: 0.7411 Re: 0.7366 Acc: 0.7506 F1: 0.7388


--------------------------------------------------------------------
Eval results: Cost:17.0926 Pre:0.6933 Re:0.7068 Acc:0.7409 F1:0.7000
--------------------------------------------------------------------

Epoch 201: Time: 0.1082 Cost: 17.8148 Pre: 0.7398 Re: 0.7317 Acc: 0.7482 F1: 0.7357
Epoch 202: Time: 0.1089 Cost: 17.7742 Pre: 0.7419 Re: 0.7293 Acc: 0.7488 F1: 0.7355
Epoch 203: Time: 0.1090 Cost: 17.7327 Pre: 0.7444 Re: 0.7280 Acc: 0.7500 F1: 0.7361
Epoch 204: Time: 0.1090 Cost: 17.6879 Pre: 0.7444 Re: 0.7280 Acc: 0.7500 F1: 0.7361
Epoch 205: Time: 0.1088 Cost: 17.6389 Pre: 0.7456 Re: 0.7293 Acc: 0.7512 F1: 0.7374
Epoch 206: Time: 0.1119 Cost: 17.5857 Pre: 0.7460 Re: 0.7305 Acc: 0.7518 F1: 0.7381
Epoch 207: Time: 0.1106 Cost: 17.5280 Pre: 0.7472 Re: 0.7280 Acc: 0.7518 F1: 0.7375
Epoch 208: Time: 0.1096 Cost: 17.4655 Pre: 0.7481 Re: 0.7280 Acc: 0.7523 F1: 0.7379
Epoch 209: Time: 0.1094 Cost: 17.3979 Pre: 0.7497 Re: 0.7232 Acc: 0.7518 F1: 0.7362
Epoch 210: Time: 0.1107 Cost: 17.3243 Pre: 0.7529 Re: 0.7207 Acc: 0.7529 F1: 0.7364


--------------------------------------------------------------------
Eval results: Cost:16.4306 Pre:0.7363 Re:0.7003 Acc:0.7646 F1:0.7179
--------------------------------------------------------------------

Epoch 211: Time: 0.1086 Cost: 17.2425 Pre: 0.7564 Re: 0.7232 Acc: 0.7558 F1: 0.7394
Epoch 212: Time: 0.1091 Cost: 17.1542 Pre: 0.7548 Re: 0.7207 Acc: 0.7541 F1: 0.7374
Epoch 213: Time: 0.1082 Cost: 17.0586 Pre: 0.7610 Re: 0.7183 Acc: 0.7570 F1: 0.7390
Epoch 214: Time: 0.1088 Cost: 16.9530 Pre: 0.7642 Re: 0.7232 Acc: 0.7605 F1: 0.7431
Epoch 215: Time: 0.1136 Cost: 16.8360 Pre: 0.7655 Re: 0.7207 Acc: 0.7605 F1: 0.7425
Epoch 216: Time: 0.1104 Cost: 16.7059 Pre: 0.7655 Re: 0.7244 Acc: 0.7617 F1: 0.7444
Epoch 217: Time: 0.1086 Cost: 16.5608 Pre: 0.7668 Re: 0.7256 Acc: 0.7629 F1: 0.7456
Epoch 218: Time: 0.1092 Cost: 16.3984 Pre: 0.7671 Re: 0.7232 Acc: 0.7623 F1: 0.7445
Epoch 219: Time: 0.1089 Cost: 16.2161 Pre: 0.7703 Re: 0.7280 Acc: 0.7658 F1: 0.7486
Epoch 220: Time: 0.1086 Cost: 16.0109 Pre: 0.7715 Re: 0.7329 Acc: 0.7681 F1: 0.7517


--------------------------------------------------------------------
Eval results: Cost:14.8235 Pre:0.7611 Re:0.7264 Acc:0.7855 F1:0.7433
--------------------------------------------------------------------

Epoch 221: Time: 0.1086 Cost: 15.7823 Pre: 0.7737 Re: 0.7378 Acc: 0.7710 F1: 0.7553
Epoch 222: Time: 0.1090 Cost: 15.5135 Pre: 0.7764 Re: 0.7451 Acc: 0.7751 F1: 0.7604
Epoch 223: Time: 0.1118 Cost: 15.2162 Pre: 0.7761 Re: 0.7524 Acc: 0.7775 F1: 0.7641
Epoch 224: Time: 0.1094 Cost: 14.8806 Pre: 0.7765 Re: 0.7671 Acc: 0.7827 F1: 0.7718
Epoch 225: Time: 0.1107 Cost: 14.5043 Pre: 0.7791 Re: 0.7829 Acc: 0.7897 F1: 0.7810
Epoch 226: Time: 0.1097 Cost: 14.0899 Pre: 0.7819 Re: 0.8000 Acc: 0.7973 F1: 0.7908
Epoch 227: Time: 0.1098 Cost: 13.6492 Pre: 0.7848 Re: 0.8183 Acc: 0.8055 F1: 0.8012
Epoch 228: Time: 0.1101 Cost: 13.1997 Pre: 0.7905 Re: 0.8280 Acc: 0.8125 F1: 0.8088
Epoch 229: Time: 0.1086 Cost: 12.7585 Pre: 0.7977 Re: 0.8366 Acc: 0.8201 F1: 0.8167
Epoch 230: Time: 0.1090 Cost: 12.3423 Pre: 0.8026 Re: 0.8378 Acc: 0.8236 F1: 0.8198


--------------------------------------------------------------------
Eval results: Cost:10.3873 Pre:0.8101 Re:0.8339 Acc:0.8454 F1:0.8218
--------------------------------------------------------------------

Epoch 231: Time: 0.1107 Cost: 12.0442 Pre: 0.8044 Re: 0.8378 Acc: 0.8248 F1: 0.8208
Epoch 232: Time: 0.1107 Cost: 11.5841 Pre: 0.8137 Re: 0.8524 Acc: 0.8359 F1: 0.8326
Epoch 233: Time: 0.1094 Cost: 11.3459 Pre: 0.8223 Re: 0.8634 Acc: 0.8452 F1: 0.8424
Epoch 234: Time: 0.1107 Cost: 11.0235 Pre: 0.8273 Re: 0.8707 Acc: 0.8511 F1: 0.8485
Epoch 235: Time: 0.1087 Cost: 10.8368 Pre: 0.8326 Re: 0.8854 Acc: 0.8598 F1: 0.8582
Epoch 236: Time: 0.1095 Cost: 10.5845 Pre: 0.8354 Re: 0.8915 Acc: 0.8639 F1: 0.8625
Epoch 237: Time: 0.1092 Cost: 10.4213 Pre: 0.8394 Re: 0.8927 Acc: 0.8668 F1: 0.8652
Epoch 238: Time: 0.1093 Cost: 10.2206 Pre: 0.8410 Re: 0.8963 Acc: 0.8692 F1: 0.8678
Epoch 239: Time: 0.1086 Cost: 10.0692 Pre: 0.8444 Re: 0.9000 Acc: 0.8727 F1: 0.8713
Epoch 240: Time: 0.1106 Cost: 9.9082 Pre: 0.8490 Re: 0.9049 Acc: 0.8773 F1: 0.8760


--------------------------------------------------------------------
Eval results: Cost:8.3752 Pre:0.8404 Re:0.9088 Acc:0.8872 F1:0.8732
--------------------------------------------------------------------

Epoch 241: Time: 0.1091 Cost: 9.8283 Pre: 0.8566 Re: 0.9037 Acc: 0.8814 F1: 0.8795
Epoch 242: Time: 0.1094 Cost: 9.6713 Pre: 0.8581 Re: 0.9146 Acc: 0.8867 F1: 0.8855
Epoch 243: Time: 0.1085 Cost: 9.4389 Pre: 0.8617 Re: 0.9195 Acc: 0.8908 F1: 0.8897
Epoch 244: Time: 0.1093 Cost: 9.4216 Pre: 0.8642 Re: 0.9159 Acc: 0.8908 F1: 0.8893
Epoch 245: Time: 0.1090 Cost: 9.2310 Pre: 0.8648 Re: 0.9207 Acc: 0.8931 F1: 0.8919
Epoch 246: Time: 0.1089 Cost: 9.1469 Pre: 0.8647 Re: 0.9195 Acc: 0.8925 F1: 0.8913
Epoch 247: Time: 0.1088 Cost: 9.0503 Pre: 0.8657 Re: 0.9195 Acc: 0.8931 F1: 0.8918
Epoch 248: Time: 0.1086 Cost: 8.9205 Pre: 0.8680 Re: 0.9220 Acc: 0.8954 F1: 0.8941
Epoch 249: Time: 0.1128 Cost: 8.8445 Pre: 0.8670 Re: 0.9220 Acc: 0.8949 F1: 0.8936
Epoch 250: Time: 0.1092 Cost: 8.7385 Pre: 0.8711 Re: 0.9232 Acc: 0.8978 F1: 0.8964


--------------------------------------------------------------------
Eval results: Cost:7.5471 Pre:0.8567 Re:0.9349 Acc:0.9053 F1:0.8941
--------------------------------------------------------------------

Epoch 251: Time: 0.1089 Cost: 8.6879 Pre: 0.8714 Re: 0.9256 Acc: 0.8989 F1: 0.8977
Epoch 252: Time: 0.1110 Cost: 8.6128 Pre: 0.8733 Re: 0.9244 Acc: 0.8995 F1: 0.8981
Epoch 253: Time: 0.1101 Cost: 8.4062 Pre: 0.8796 Re: 0.9268 Acc: 0.9042 F1: 0.9026
Epoch 254: Time: 0.1095 Cost: 8.4018 Pre: 0.8767 Re: 0.9280 Acc: 0.9030 F1: 0.9017
Epoch 255: Time: 0.1089 Cost: 8.2982 Pre: 0.8789 Re: 0.9293 Acc: 0.9048 F1: 0.9034
Epoch 256: Time: 0.1088 Cost: 8.1860 Pre: 0.8818 Re: 0.9280 Acc: 0.9060 F1: 0.9043
Epoch 257: Time: 0.1122 Cost: 8.1425 Pre: 0.8811 Re: 0.9305 Acc: 0.9065 F1: 0.9051
Epoch 258: Time: 0.1100 Cost: 8.0410 Pre: 0.8831 Re: 0.9305 Acc: 0.9077 F1: 0.9062
Epoch 259: Time: 0.1094 Cost: 7.9597 Pre: 0.8864 Re: 0.9329 Acc: 0.9106 F1: 0.9091
Epoch 260: Time: 0.1092 Cost: 7.8956 Pre: 0.8854 Re: 0.9329 Acc: 0.9100 F1: 0.9086


--------------------------------------------------------------------
Eval results: Cost:6.7427 Pre:0.8746 Re:0.9544 Acc:0.9220 F1:0.9128
--------------------------------------------------------------------

Epoch 261: Time: 0.1090 Cost: 7.8568 Pre: 0.8911 Re: 0.9280 Acc: 0.9112 F1: 0.9092
Epoch 262: Time: 0.1090 Cost: 7.7895 Pre: 0.8875 Re: 0.9329 Acc: 0.9112 F1: 0.9096
Epoch 263: Time: 0.1091 Cost: 7.6016 Pre: 0.8952 Re: 0.9378 Acc: 0.9176 F1: 0.9160
Epoch 264: Time: 0.1082 Cost: 7.6034 Pre: 0.8963 Re: 0.9378 Acc: 0.9182 F1: 0.9166
Epoch 265: Time: 0.1096 Cost: 7.5201 Pre: 0.8947 Re: 0.9427 Acc: 0.9194 F1: 0.9181
Epoch 266: Time: 0.1113 Cost: 7.4108 Pre: 0.8990 Re: 0.9439 Acc: 0.9223 F1: 0.9209
Epoch 267: Time: 0.1089 Cost: 7.3797 Pre: 0.8991 Re: 0.9451 Acc: 0.9229 F1: 0.9215
Epoch 268: Time: 0.1106 Cost: 7.2900 Pre: 0.9033 Re: 0.9451 Acc: 0.9252 F1: 0.9237
Epoch 269: Time: 0.1089 Cost: 7.2127 Pre: 0.9023 Re: 0.9463 Acc: 0.9252 F1: 0.9238
Epoch 270: Time: 0.1091 Cost: 7.1604 Pre: 0.9045 Re: 0.9476 Acc: 0.9270 F1: 0.9256


--------------------------------------------------------------------
Eval results: Cost:5.9963 Pre:0.8925 Re:0.9739 Acc:0.9387 F1:0.9315
--------------------------------------------------------------------

Epoch 271: Time: 0.1086 Cost: 7.1465 Pre: 0.9039 Re: 0.9524 Acc: 0.9287 F1: 0.9276
Epoch 272: Time: 0.1090 Cost: 7.0760 Pre: 0.9037 Re: 0.9500 Acc: 0.9276 F1: 0.9263
Epoch 273: Time: 0.1092 Cost: 6.8745 Pre: 0.9108 Re: 0.9585 Acc: 0.9352 F1: 0.9340
Epoch 274: Time: 0.1169 Cost: 6.9042 Pre: 0.9085 Re: 0.9561 Acc: 0.9328 F1: 0.9317
Epoch 275: Time: 0.1125 Cost: 6.8197 Pre: 0.9105 Re: 0.9549 Acc: 0.9334 F1: 0.9321
Epoch 276: Time: 0.1158 Cost: 6.7104 Pre: 0.9118 Re: 0.9585 Acc: 0.9357 F1: 0.9346
Epoch 277: Time: 0.1086 Cost: 6.6967 Pre: 0.9140 Re: 0.9585 Acc: 0.9369 F1: 0.9357
Epoch 278: Time: 0.1092 Cost: 6.6058 Pre: 0.9140 Re: 0.9585 Acc: 0.9369 F1: 0.9357
Epoch 279: Time: 0.1104 Cost: 6.5349 Pre: 0.9173 Re: 0.9610 Acc: 0.9398 F1: 0.9387
Epoch 280: Time: 0.1094 Cost: 6.4925 Pre: 0.9173 Re: 0.9610 Acc: 0.9398 F1: 0.9387


--------------------------------------------------------------------
Eval results: Cost:5.3615 Pre:0.9069 Re:0.9837 Acc:0.9499 F1:0.9437
--------------------------------------------------------------------

Epoch 281: Time: 0.1085 Cost: 6.4868 Pre: 0.9175 Re: 0.9634 Acc: 0.9410 F1: 0.9399
Epoch 282: Time: 0.1117 Cost: 6.4133 Pre: 0.9174 Re: 0.9622 Acc: 0.9404 F1: 0.9393
Epoch 283: Time: 0.1091 Cost: 6.2229 Pre: 0.9235 Re: 0.9720 Acc: 0.9480 F1: 0.9471
Epoch 284: Time: 0.1093 Cost: 6.2545 Pre: 0.9242 Re: 0.9659 Acc: 0.9457 F1: 0.9445
Epoch 285: Time: 0.1086 Cost: 6.1820 Pre: 0.9275 Re: 0.9671 Acc: 0.9480 F1: 0.9469
Epoch 286: Time: 0.1089 Cost: 6.0738 Pre: 0.9269 Re: 0.9744 Acc: 0.9509 F1: 0.9501
Epoch 287: Time: 0.1090 Cost: 6.0627 Pre: 0.9257 Re: 0.9720 Acc: 0.9492 F1: 0.9482
Epoch 288: Time: 0.1090 Cost: 5.9872 Pre: 0.9281 Re: 0.9756 Acc: 0.9521 F1: 0.9512
Epoch 289: Time: 0.1098 Cost: 5.9127 Pre: 0.9293 Re: 0.9780 Acc: 0.9539 F1: 0.9531
Epoch 290: Time: 0.1084 Cost: 5.8773 Pre: 0.9302 Re: 0.9756 Acc: 0.9533 F1: 0.9524


--------------------------------------------------------------------
Eval results: Cost:4.8189 Pre:0.9157 Re:0.9902 Acc:0.9568 F1:0.9515
--------------------------------------------------------------------

Epoch 291: Time: 0.1127 Cost: 5.8829 Pre: 0.9289 Re: 0.9720 Acc: 0.9509 F1: 0.9499
Epoch 292: Time: 0.1087 Cost: 5.8061 Pre: 0.9336 Re: 0.9780 Acc: 0.9562 F1: 0.9553
Epoch 293: Time: 0.1088 Cost: 5.6289 Pre: 0.9329 Re: 0.9829 Acc: 0.9579 F1: 0.9572
Epoch 294: Time: 0.1083 Cost: 5.6557 Pre: 0.9316 Re: 0.9793 Acc: 0.9556 F1: 0.9548
Epoch 295: Time: 0.1109 Cost: 5.6070 Pre: 0.9350 Re: 0.9817 Acc: 0.9585 F1: 0.9578
Epoch 296: Time: 0.1090 Cost: 5.4930 Pre: 0.9361 Re: 0.9829 Acc: 0.9597 F1: 0.9590
Epoch 297: Time: 0.1089 Cost: 5.4790 Pre: 0.9383 Re: 0.9829 Acc: 0.9609 F1: 0.9601
Epoch 298: Time: 0.1092 Cost: 5.4305 Pre: 0.9384 Re: 0.9841 Acc: 0.9614 F1: 0.9607
Epoch 299: Time: 0.1092 Cost: 5.3468 Pre: 0.9418 Re: 0.9866 Acc: 0.9644 F1: 0.9637
Epoch 300: Time: 0.1120 Cost: 5.3124 Pre: 0.9406 Re: 0.9854 Acc: 0.9632 F1: 0.9625


--------------------------------------------------------------------
Eval results: Cost:4.3469 Pre:0.9303 Re:1.0000 Acc:0.9680 F1:0.9639
--------------------------------------------------------------------

Epoch 301: Time: 0.1086 Cost: 5.3340 Pre: 0.9373 Re: 0.9841 Acc: 0.9609 F1: 0.9601
Epoch 302: Time: 0.1099 Cost: 5.2594 Pre: 0.9440 Re: 0.9866 Acc: 0.9655 F1: 0.9648
Epoch 303: Time: 0.1090 Cost: 5.0861 Pre: 0.9488 Re: 0.9939 Acc: 0.9714 F1: 0.9708
Epoch 304: Time: 0.1083 Cost: 5.1102 Pre: 0.9419 Re: 0.9878 Acc: 0.9650 F1: 0.9643
Epoch 305: Time: 0.1092 Cost: 5.0883 Pre: 0.9441 Re: 0.9878 Acc: 0.9661 F1: 0.9654
Epoch 306: Time: 0.1084 Cost: 4.9687 Pre: 0.9488 Re: 0.9939 Acc: 0.9714 F1: 0.9708
Epoch 307: Time: 0.1099 Cost: 4.9449 Pre: 0.9475 Re: 0.9902 Acc: 0.9690 F1: 0.9684
Epoch 308: Time: 0.1120 Cost: 4.9249 Pre: 0.9476 Re: 0.9915 Acc: 0.9696 F1: 0.9690
Epoch 309: Time: 0.1089 Cost: 4.8409 Pre: 0.9510 Re: 0.9951 Acc: 0.9731 F1: 0.9726
Epoch 310: Time: 0.1092 Cost: 4.7952 Pre: 0.9522 Re: 0.9951 Acc: 0.9737 F1: 0.9732


--------------------------------------------------------------------
Eval results: Cost:3.9242 Pre:0.9360 Re:1.0000 Acc:0.9708 F1:0.9669
--------------------------------------------------------------------

Epoch 311: Time: 0.1082 Cost: 4.8293 Pre: 0.9475 Re: 0.9902 Acc: 0.9690 F1: 0.9684
Epoch 312: Time: 0.1091 Cost: 4.7731 Pre: 0.9488 Re: 0.9951 Acc: 0.9720 F1: 0.9714
Epoch 313: Time: 0.1081 Cost: 4.5941 Pre: 0.9544 Re: 0.9963 Acc: 0.9755 F1: 0.9749
Epoch 314: Time: 0.1088 Cost: 4.6098 Pre: 0.9499 Re: 0.9951 Acc: 0.9725 F1: 0.9720
Epoch 315: Time: 0.1086 Cost: 4.6170 Pre: 0.9522 Re: 0.9951 Acc: 0.9737 F1: 0.9732
Epoch 316: Time: 0.1112 Cost: 4.4998 Pre: 0.9555 Re: 0.9951 Acc: 0.9755 F1: 0.9749
Epoch 317: Time: 0.1111 Cost: 4.4572 Pre: 0.9544 Re: 0.9951 Acc: 0.9749 F1: 0.9743
Epoch 318: Time: 0.1093 Cost: 4.4582 Pre: 0.9544 Re: 0.9951 Acc: 0.9749 F1: 0.9743
Epoch 319: Time: 0.1092 Cost: 4.3891 Pre: 0.9566 Re: 0.9951 Acc: 0.9761 F1: 0.9755
Epoch 320: Time: 0.1086 Cost: 4.3269 Pre: 0.9566 Re: 0.9951 Acc: 0.9761 F1: 0.9755


--------------------------------------------------------------------
Eval results: Cost:3.5372 Pre:0.9475 Re:1.0000 Acc:0.9763 F1:0.9731
--------------------------------------------------------------------

Epoch 321: Time: 0.1087 Cost: 4.3594 Pre: 0.9532 Re: 0.9939 Acc: 0.9737 F1: 0.9731
Epoch 322: Time: 0.1087 Cost: 4.3352 Pre: 0.9556 Re: 0.9963 Acc: 0.9761 F1: 0.9755
Epoch 323: Time: 0.1084 Cost: 4.1529 Pre: 0.9590 Re: 0.9988 Acc: 0.9790 F1: 0.9785
Epoch 324: Time: 0.1090 Cost: 4.1482 Pre: 0.9567 Re: 0.9963 Acc: 0.9766 F1: 0.9761
Epoch 325: Time: 0.1130 Cost: 4.1801 Pre: 0.9578 Re: 0.9963 Acc: 0.9772 F1: 0.9767
Epoch 326: Time: 0.1085 Cost: 4.0803 Pre: 0.9601 Re: 0.9988 Acc: 0.9796 F1: 0.9791
Epoch 327: Time: 0.1090 Cost: 4.0146 Pre: 0.9590 Re: 0.9976 Acc: 0.9784 F1: 0.9779
Epoch 328: Time: 0.1084 Cost: 4.0211 Pre: 0.9612 Re: 0.9976 Acc: 0.9796 F1: 0.9791
Epoch 329: Time: 0.1091 Cost: 3.9778 Pre: 0.9613 Re: 0.9988 Acc: 0.9801 F1: 0.9797
Epoch 330: Time: 0.1087 Cost: 3.9066 Pre: 0.9613 Re: 0.9988 Acc: 0.9801 F1: 0.9797


--------------------------------------------------------------------
Eval results: Cost:3.1834 Pre:0.9564 Re:1.0000 Acc:0.9805 F1:0.9777
--------------------------------------------------------------------

Epoch 331: Time: 0.1086 Cost: 3.9232 Pre: 0.9601 Re: 0.9976 Acc: 0.9790 F1: 0.9785
Epoch 332: Time: 0.1085 Cost: 3.9287 Pre: 0.9601 Re: 0.9976 Acc: 0.9790 F1: 0.9785
Epoch 333: Time: 0.1112 Cost: 3.7570 Pre: 0.9624 Re: 1.0000 Acc: 0.9813 F1: 0.9809
Epoch 334: Time: 0.1104 Cost: 3.7253 Pre: 0.9635 Re: 0.9976 Acc: 0.9807 F1: 0.9802
Epoch 335: Time: 0.1094 Cost: 3.7679 Pre: 0.9635 Re: 0.9976 Acc: 0.9807 F1: 0.9802
Epoch 336: Time: 0.1101 Cost: 3.6978 Pre: 0.9635 Re: 0.9988 Acc: 0.9813 F1: 0.9808
Epoch 337: Time: 0.1088 Cost: 3.6157 Pre: 0.9669 Re: 0.9988 Acc: 0.9831 F1: 0.9826
Epoch 338: Time: 0.1104 Cost: 3.6117 Pre: 0.9658 Re: 0.9988 Acc: 0.9825 F1: 0.9820
Epoch 339: Time: 0.1090 Cost: 3.5929 Pre: 0.9658 Re: 0.9988 Acc: 0.9825 F1: 0.9820
Epoch 340: Time: 0.1084 Cost: 3.5279 Pre: 0.9669 Re: 0.9988 Acc: 0.9831 F1: 0.9826


--------------------------------------------------------------------
Eval results: Cost:2.8621 Pre:0.9654 Re:1.0000 Acc:0.9847 F1:0.9824
--------------------------------------------------------------------

Epoch 341: Time: 0.1084 Cost: 3.5229 Pre: 0.9658 Re: 0.9976 Acc: 0.9819 F1: 0.9814
Epoch 342: Time: 0.1147 Cost: 3.5436 Pre: 0.9658 Re: 0.9988 Acc: 0.9825 F1: 0.9820
Epoch 343: Time: 0.1100 Cost: 3.3967 Pre: 0.9681 Re: 1.0000 Acc: 0.9842 F1: 0.9838
Epoch 344: Time: 0.1093 Cost: 3.3425 Pre: 0.9704 Re: 1.0000 Acc: 0.9854 F1: 0.9850
Epoch 345: Time: 0.1083 Cost: 3.3796 Pre: 0.9704 Re: 0.9988 Acc: 0.9848 F1: 0.9844
Epoch 346: Time: 0.1088 Cost: 3.3415 Pre: 0.9715 Re: 0.9988 Acc: 0.9854 F1: 0.9850
Epoch 347: Time: 0.1095 Cost: 3.2581 Pre: 0.9716 Re: 1.0000 Acc: 0.9860 F1: 0.9856
Epoch 348: Time: 0.1085 Cost: 3.2345 Pre: 0.9715 Re: 0.9988 Acc: 0.9854 F1: 0.9850
Epoch 349: Time: 0.1087 Cost: 3.2289 Pre: 0.9750 Re: 0.9988 Acc: 0.9871 F1: 0.9867
Epoch 350: Time: 0.1083 Cost: 3.1829 Pre: 0.9727 Re: 0.9988 Acc: 0.9860 F1: 0.9856


--------------------------------------------------------------------
Eval results: Cost:2.5713 Pre:0.9715 Re:1.0000 Acc:0.9875 F1:0.9856
--------------------------------------------------------------------

Epoch 351: Time: 0.1100 Cost: 3.1621 Pre: 0.9727 Re: 0.9988 Acc: 0.9860 F1: 0.9856
Epoch 352: Time: 0.1093 Cost: 3.1808 Pre: 0.9727 Re: 0.9988 Acc: 0.9860 F1: 0.9856
Epoch 353: Time: 0.1087 Cost: 3.0635 Pre: 0.9750 Re: 1.0000 Acc: 0.9877 F1: 0.9874
Epoch 354: Time: 0.1090 Cost: 2.9995 Pre: 0.9785 Re: 1.0000 Acc: 0.9895 F1: 0.9891
Epoch 355: Time: 0.1092 Cost: 3.0207 Pre: 0.9773 Re: 0.9988 Acc: 0.9883 F1: 0.9879
Epoch 356: Time: 0.1087 Cost: 3.0051 Pre: 0.9773 Re: 0.9988 Acc: 0.9883 F1: 0.9879
Epoch 357: Time: 0.1090 Cost: 2.9356 Pre: 0.9797 Re: 1.0000 Acc: 0.9901 F1: 0.9897
Epoch 358: Time: 0.1136 Cost: 2.8951 Pre: 0.9797 Re: 1.0000 Acc: 0.9901 F1: 0.9897
Epoch 359: Time: 0.1203 Cost: 2.8870 Pre: 0.9797 Re: 1.0000 Acc: 0.9901 F1: 0.9897
Epoch 360: Time: 0.1124 Cost: 2.8612 Pre: 0.9797 Re: 1.0000 Acc: 0.9901 F1: 0.9897


--------------------------------------------------------------------
Eval results: Cost:2.3081 Pre:0.9715 Re:1.0000 Acc:0.9875 F1:0.9856
--------------------------------------------------------------------

Epoch 361: Time: 0.1087 Cost: 2.8386 Pre: 0.9809 Re: 1.0000 Acc: 0.9907 F1: 0.9903
Epoch 362: Time: 0.1091 Cost: 2.8475 Pre: 0.9773 Re: 0.9988 Acc: 0.9883 F1: 0.9879
Epoch 363: Time: 0.1093 Cost: 2.7518 Pre: 0.9797 Re: 1.0000 Acc: 0.9901 F1: 0.9897
Epoch 364: Time: 0.1088 Cost: 2.6885 Pre: 0.9809 Re: 1.0000 Acc: 0.9907 F1: 0.9903
Epoch 365: Time: 0.1089 Cost: 2.6953 Pre: 0.9844 Re: 1.0000 Acc: 0.9924 F1: 0.9921
Epoch 366: Time: 0.1091 Cost: 2.6896 Pre: 0.9832 Re: 1.0000 Acc: 0.9918 F1: 0.9915
Epoch 367: Time: 0.1111 Cost: 2.6385 Pre: 0.9820 Re: 1.0000 Acc: 0.9912 F1: 0.9909
Epoch 368: Time: 0.1615 Cost: 2.5918 Pre: 0.9832 Re: 1.0000 Acc: 0.9918 F1: 0.9915
Epoch 369: Time: 0.1876 Cost: 2.5739 Pre: 0.9844 Re: 1.0000 Acc: 0.9924 F1: 0.9921
Epoch 370: Time: 0.1855 Cost: 2.5576 Pre: 0.9844 Re: 1.0000 Acc: 0.9924 F1: 0.9921


--------------------------------------------------------------------
Eval results: Cost:2.0672 Pre:0.9808 Re:1.0000 Acc:0.9916 F1:0.9903
--------------------------------------------------------------------

Epoch 371: Time: 0.1291 Cost: 2.5419 Pre: 0.9856 Re: 1.0000 Acc: 0.9930 F1: 0.9927
Epoch 372: Time: 0.1293 Cost: 2.5465 Pre: 0.9844 Re: 1.0000 Acc: 0.9924 F1: 0.9921
Epoch 373: Time: 0.1218 Cost: 2.4656 Pre: 0.9856 Re: 1.0000 Acc: 0.9930 F1: 0.9927
Epoch 374: Time: 0.1127 Cost: 2.4028 Pre: 0.9880 Re: 1.0000 Acc: 0.9942 F1: 0.9939
Epoch 375: Time: 0.1090 Cost: 2.3992 Pre: 0.9891 Re: 1.0000 Acc: 0.9947 F1: 0.9945
Epoch 376: Time: 0.1087 Cost: 2.3977 Pre: 0.9880 Re: 1.0000 Acc: 0.9942 F1: 0.9939
Epoch 377: Time: 0.1087 Cost: 2.3635 Pre: 0.9880 Re: 1.0000 Acc: 0.9942 F1: 0.9939
Epoch 378: Time: 0.1110 Cost: 2.3182 Pre: 0.9880 Re: 1.0000 Acc: 0.9942 F1: 0.9939
Epoch 379: Time: 0.1096 Cost: 2.2912 Pre: 0.9903 Re: 1.0000 Acc: 0.9953 F1: 0.9951
Epoch 380: Time: 0.1091 Cost: 2.2756 Pre: 0.9903 Re: 1.0000 Acc: 0.9953 F1: 0.9951


--------------------------------------------------------------------
Eval results: Cost:1.8432 Pre:0.9840 Re:1.0000 Acc:0.9930 F1:0.9919
--------------------------------------------------------------------

Epoch 381: Time: 0.1087 Cost: 2.2657 Pre: 0.9891 Re: 1.0000 Acc: 0.9947 F1: 0.9945
Epoch 382: Time: 0.1132 Cost: 2.2705 Pre: 0.9903 Re: 1.0000 Acc: 0.9953 F1: 0.9951
Epoch 383: Time: 0.1087 Cost: 2.2067 Pre: 0.9880 Re: 1.0000 Acc: 0.9942 F1: 0.9939
Epoch 384: Time: 0.1282 Cost: 2.1437 Pre: 0.9915 Re: 1.0000 Acc: 0.9959 F1: 0.9957
Epoch 385: Time: 0.1085 Cost: 2.1294 Pre: 0.9915 Re: 1.0000 Acc: 0.9959 F1: 0.9957
Epoch 386: Time: 0.1090 Cost: 2.1278 Pre: 0.9915 Re: 1.0000 Acc: 0.9959 F1: 0.9957
Epoch 387: Time: 0.1097 Cost: 2.1074 Pre: 0.9915 Re: 1.0000 Acc: 0.9959 F1: 0.9957
Epoch 388: Time: 0.1082 Cost: 2.0700 Pre: 0.9927 Re: 1.0000 Acc: 0.9965 F1: 0.9964
Epoch 389: Time: 0.1088 Cost: 2.0379 Pre: 0.9927 Re: 1.0000 Acc: 0.9965 F1: 0.9964
Epoch 390: Time: 0.1090 Cost: 2.0184 Pre: 0.9927 Re: 1.0000 Acc: 0.9965 F1: 0.9964


--------------------------------------------------------------------
Eval results: Cost:1.6332 Pre:0.9840 Re:1.0000 Acc:0.9930 F1:0.9919
--------------------------------------------------------------------

Epoch 391: Time: 0.1091 Cost: 2.0108 Pre: 0.9915 Re: 1.0000 Acc: 0.9959 F1: 0.9957
Epoch 392: Time: 0.1090 Cost: 2.0141 Pre: 0.9915 Re: 1.0000 Acc: 0.9959 F1: 0.9957
Epoch 393: Time: 0.1089 Cost: 1.9695 Pre: 0.9927 Re: 1.0000 Acc: 0.9965 F1: 0.9964
Epoch 394: Time: 0.1089 Cost: 1.9103 Pre: 0.9951 Re: 1.0000 Acc: 0.9977 F1: 0.9976
Epoch 395: Time: 0.1087 Cost: 1.8860 Pre: 0.9939 Re: 1.0000 Acc: 0.9971 F1: 0.9970
Epoch 396: Time: 0.1091 Cost: 1.8815 Pre: 0.9927 Re: 1.0000 Acc: 0.9965 F1: 0.9964
Epoch 397: Time: 0.1084 Cost: 1.8687 Pre: 0.9927 Re: 1.0000 Acc: 0.9965 F1: 0.9964
Epoch 398: Time: 0.1085 Cost: 1.8409 Pre: 0.9939 Re: 1.0000 Acc: 0.9971 F1: 0.9970
Epoch 399: Time: 0.1125 Cost: 1.8096 Pre: 0.9939 Re: 1.0000 Acc: 0.9971 F1: 0.9970
Epoch 400: Time: 0.1094 Cost: 1.7868 Pre: 0.9939 Re: 1.0000 Acc: 0.9971 F1: 0.9970


--------------------------------------------------------------------
Eval results: Cost:1.4390 Pre:0.9871 Re:1.0000 Acc:0.9944 F1:0.9935
--------------------------------------------------------------------

Epoch 401: Time: 0.1099 Cost: 1.7798 Pre: 0.9939 Re: 1.0000 Acc: 0.9971 F1: 0.9970
Epoch 402: Time: 0.1081 Cost: 1.7794 Pre: 0.9939 Re: 1.0000 Acc: 0.9971 F1: 0.9970
Epoch 403: Time: 0.1086 Cost: 1.7478 Pre: 0.9951 Re: 1.0000 Acc: 0.9977 F1: 0.9976
Epoch 404: Time: 0.1098 Cost: 1.6958 Pre: 0.9951 Re: 1.0000 Acc: 0.9977 F1: 0.9976
Epoch 405: Time: 0.1094 Cost: 1.6671 Pre: 0.9951 Re: 1.0000 Acc: 0.9977 F1: 0.9976
Epoch 406: Time: 0.1085 Cost: 1.6599 Pre: 0.9939 Re: 1.0000 Acc: 0.9971 F1: 0.9970
Epoch 407: Time: 0.1112 Cost: 1.6500 Pre: 0.9951 Re: 1.0000 Acc: 0.9977 F1: 0.9976
Epoch 408: Time: 0.1104 Cost: 1.6283 Pre: 0.9951 Re: 1.0000 Acc: 0.9977 F1: 0.9976
Epoch 409: Time: 0.1097 Cost: 1.6004 Pre: 0.9951 Re: 1.0000 Acc: 0.9977 F1: 0.9976
Epoch 410: Time: 0.1089 Cost: 1.5773 Pre: 0.9951 Re: 1.0000 Acc: 0.9977 F1: 0.9976


--------------------------------------------------------------------
Eval results: Cost:1.2628 Pre:0.9903 Re:1.0000 Acc:0.9958 F1:0.9951
--------------------------------------------------------------------

Epoch 411: Time: 0.1093 Cost: 1.5714 Pre: 0.9951 Re: 1.0000 Acc: 0.9977 F1: 0.9976
Epoch 412: Time: 0.1092 Cost: 1.5683 Pre: 0.9951 Re: 1.0000 Acc: 0.9977 F1: 0.9976
Epoch 413: Time: 0.1087 Cost: 1.5420 Pre: 0.9951 Re: 1.0000 Acc: 0.9977 F1: 0.9976
Epoch 414: Time: 0.1095 Cost: 1.4957 Pre: 0.9951 Re: 1.0000 Acc: 0.9977 F1: 0.9976
Epoch 415: Time: 0.1083 Cost: 1.4681 Pre: 0.9964 Re: 1.0000 Acc: 0.9982 F1: 0.9982
Epoch 416: Time: 0.1126 Cost: 1.4606 Pre: 0.9964 Re: 1.0000 Acc: 0.9982 F1: 0.9982
Epoch 417: Time: 0.1093 Cost: 1.4518 Pre: 0.9964 Re: 1.0000 Acc: 0.9982 F1: 0.9982
Epoch 418: Time: 0.1090 Cost: 1.4330 Pre: 0.9964 Re: 1.0000 Acc: 0.9982 F1: 0.9982
Epoch 419: Time: 0.1086 Cost: 1.4078 Pre: 0.9964 Re: 1.0000 Acc: 0.9982 F1: 0.9982
Epoch 420: Time: 0.1089 Cost: 1.3861 Pre: 0.9964 Re: 1.0000 Acc: 0.9982 F1: 0.9982


--------------------------------------------------------------------
Eval results: Cost:1.1035 Pre:0.9935 Re:1.0000 Acc:0.9972 F1:0.9968
--------------------------------------------------------------------

Epoch 421: Time: 0.1094 Cost: 1.3820 Pre: 0.9964 Re: 1.0000 Acc: 0.9982 F1: 0.9982
Epoch 422: Time: 0.1092 Cost: 1.3778 Pre: 0.9976 Re: 1.0000 Acc: 0.9988 F1: 0.9988
Epoch 423: Time: 0.1087 Cost: 1.3536 Pre: 0.9964 Re: 1.0000 Acc: 0.9982 F1: 0.9982
Epoch 424: Time: 0.1111 Cost: 1.3110 Pre: 0.9976 Re: 1.0000 Acc: 0.9988 F1: 0.9988
Epoch 425: Time: 0.1111 Cost: 1.2862 Pre: 0.9976 Re: 1.0000 Acc: 0.9988 F1: 0.9988
Epoch 426: Time: 0.1096 Cost: 1.2798 Pre: 0.9976 Re: 1.0000 Acc: 0.9988 F1: 0.9988
Epoch 427: Time: 0.1086 Cost: 1.2721 Pre: 0.9976 Re: 1.0000 Acc: 0.9988 F1: 0.9988
Epoch 428: Time: 0.1081 Cost: 1.2549 Pre: 0.9976 Re: 1.0000 Acc: 0.9988 F1: 0.9988
Epoch 429: Time: 0.1089 Cost: 1.2313 Pre: 0.9976 Re: 1.0000 Acc: 0.9988 F1: 0.9988
Epoch 430: Time: 0.1090 Cost: 1.2114 Pre: 0.9988 Re: 1.0000 Acc: 0.9994 F1: 0.9994


--------------------------------------------------------------------
Eval results: Cost:0.9594 Pre:0.9968 Re:1.0000 Acc:0.9986 F1:0.9984
--------------------------------------------------------------------

Epoch 431: Time: 0.1085 Cost: 1.2090 Pre: 0.9988 Re: 1.0000 Acc: 0.9994 F1: 0.9994
Epoch 432: Time: 0.1091 Cost: 1.2046 Pre: 0.9988 Re: 1.0000 Acc: 0.9994 F1: 0.9994
Epoch 433: Time: 0.1123 Cost: 1.1820 Pre: 1.0000 Re: 1.0000 Acc: 1.0000 F1: 1.0000
Epoch 434: Time: 0.1091 Cost: 1.1425 Pre: 0.9988 Re: 1.0000 Acc: 0.9994 F1: 0.9994
Epoch 435: Time: 0.1104 Cost: 1.1202 Pre: 1.0000 Re: 1.0000 Acc: 1.0000 F1: 1.0000
Epoch 436: Time: 0.1085 Cost: 1.1150 Pre: 1.0000 Re: 1.0000 Acc: 1.0000 F1: 1.0000
Epoch 437: Time: 0.1098 Cost: 1.1085 Pre: 1.0000 Re: 1.0000 Acc: 1.0000 F1: 1.0000
Epoch 438: Time: 0.1088 Cost: 1.0928 Pre: 1.0000 Re: 1.0000 Acc: 1.0000 F1: 1.0000
Epoch 439: Time: 0.1092 Cost: 1.0708 Pre: 1.0000 Re: 1.0000 Acc: 1.0000 F1: 1.0000
Epoch 440: Time: 0.1083 Cost: 1.0523 Pre: 1.0000 Re: 1.0000 Acc: 1.0000 F1: 1.0000


--------------------------------------------------------------------
Eval results: Cost:0.8289 Pre:0.9968 Re:1.0000 Acc:0.9986 F1:0.9984
--------------------------------------------------------------------

Epoch 441: Time: 0.1131 Cost: 1.0509 Pre: 1.0000 Re: 1.0000 Acc: 1.0000 F1: 1.0000
Epoch 442: Time: 0.1092 Cost: 1.0465 Pre: 1.0000 Re: 1.0000 Acc: 1.0000 F1: 1.0000
Epoch 443: Time: 0.1088 Cost: 1.0263 Pre: 1.0000 Re: 1.0000 Acc: 1.0000 F1: 1.0000
Epoch 444: Time: 0.1083 Cost: 0.9901 Pre: 1.0000 Re: 1.0000 Acc: 1.0000 F1: 1.0000
Epoch 445: Time: 0.1086 Cost: 0.9694 Pre: 1.0000 Re: 1.0000 Acc: 1.0000 F1: 1.0000
Epoch 446: Time: 0.1094 Cost: 0.9648 Pre: 1.0000 Re: 1.0000 Acc: 1.0000 F1: 1.0000
Epoch 447: Time: 0.1087 Cost: 0.9594 Pre: 1.0000 Re: 1.0000 Acc: 1.0000 F1: 1.0000
Epoch 448: Time: 0.1089 Cost: 0.9460 Pre: 1.0000 Re: 1.0000 Acc: 1.0000 F1: 1.0000
Epoch 449: Time: 0.1089 Cost: 0.9258 Pre: 1.0000 Re: 1.0000 Acc: 1.0000 F1: 1.0000
Epoch 450: Time: 0.1118 Cost: 0.9082 Pre: 1.0000 Re: 1.0000 Acc: 1.0000 F1: 1.0000


--------------------------------------------------------------------
Eval results: Cost:0.7114 Pre:0.9968 Re:1.0000 Acc:0.9986 F1:0.9984
--------------------------------------------------------------------

Epoch 451: Time: 0.1098 Cost: 0.9070 Pre: 1.0000 Re: 1.0000 Acc: 1.0000 F1: 1.0000
Epoch 452: Time: 0.1081 Cost: 0.9025 Pre: 1.0000 Re: 1.0000 Acc: 1.0000 F1: 1.0000
Epoch 453: Time: 0.1085 Cost: 0.8856 Pre: 1.0000 Re: 1.0000 Acc: 1.0000 F1: 1.0000
Epoch 454: Time: 0.1084 Cost: 0.8535 Pre: 1.0000 Re: 1.0000 Acc: 1.0000 F1: 1.0000
Epoch 455: Time: 0.1093 Cost: 0.8334 Pre: 1.0000 Re: 1.0000 Acc: 1.0000 F1: 1.0000
Epoch 456: Time: 0.1085 Cost: 0.8285 Pre: 1.0000 Re: 1.0000 Acc: 1.0000 F1: 1.0000
Epoch 457: Time: 0.1085 Cost: 0.8240 Pre: 1.0000 Re: 1.0000 Acc: 1.0000 F1: 1.0000
Epoch 458: Time: 0.1100 Cost: 0.8133 Pre: 1.0000 Re: 1.0000 Acc: 1.0000 F1: 1.0000
Epoch 459: Time: 0.1121 Cost: 0.7957 Pre: 1.0000 Re: 1.0000 Acc: 1.0000 F1: 1.0000
Epoch 460: Time: 0.1268 Cost: 0.7789 Pre: 1.0000 Re: 1.0000 Acc: 1.0000 F1: 1.0000


--------------------------------------------------------------------
Eval results: Cost:0.6061 Pre:0.9968 Re:1.0000 Acc:0.9986 F1:0.9984
--------------------------------------------------------------------

Epoch 461: Time: 0.1122 Cost: 0.7769 Pre: 1.0000 Re: 1.0000 Acc: 1.0000 F1: 1.0000
Epoch 462: Time: 0.1091 Cost: 0.7720 Pre: 1.0000 Re: 1.0000 Acc: 1.0000 F1: 1.0000
Epoch 463: Time: 0.1110 Cost: 0.7588 Pre: 1.0000 Re: 1.0000 Acc: 1.0000 F1: 1.0000
Epoch 464: Time: 0.1091 Cost: 0.7315 Pre: 1.0000 Re: 1.0000 Acc: 1.0000 F1: 1.0000
Epoch 465: Time: 0.1083 Cost: 0.7120 Pre: 1.0000 Re: 1.0000 Acc: 1.0000 F1: 1.0000
Epoch 466: Time: 0.1101 Cost: 0.7059 Pre: 1.0000 Re: 1.0000 Acc: 1.0000 F1: 1.0000
Epoch 467: Time: 0.1111 Cost: 0.7018 Pre: 1.0000 Re: 1.0000 Acc: 1.0000 F1: 1.0000
Epoch 468: Time: 0.1098 Cost: 0.6937 Pre: 1.0000 Re: 1.0000 Acc: 1.0000 F1: 1.0000
Epoch 469: Time: 0.1097 Cost: 0.6796 Pre: 1.0000 Re: 1.0000 Acc: 1.0000 F1: 1.0000
Epoch 470: Time: 0.1092 Cost: 0.6639 Pre: 1.0000 Re: 1.0000 Acc: 1.0000 F1: 1.0000


--------------------------------------------------------------------
Eval results: Cost:0.5126 Pre:1.0000 Re:1.0000 Acc:1.0000 F1:1.0000
--------------------------------------------------------------------

Epoch 471: Time: 0.1082 Cost: 0.6607 Pre: 1.0000 Re: 1.0000 Acc: 1.0000 F1: 1.0000
Epoch 472: Time: 0.1089 Cost: 0.6552 Pre: 1.0000 Re: 1.0000 Acc: 1.0000 F1: 1.0000
Epoch 473: Time: 0.1087 Cost: 0.6447 Pre: 1.0000 Re: 1.0000 Acc: 1.0000 F1: 1.0000
Epoch 474: Time: 0.1086 Cost: 0.6226 Pre: 1.0000 Re: 1.0000 Acc: 1.0000 F1: 1.0000
Epoch 475: Time: 0.1166 Cost: 0.6044 Pre: 1.0000 Re: 1.0000 Acc: 1.0000 F1: 1.0000
Epoch 476: Time: 0.1085 Cost: 0.5973 Pre: 1.0000 Re: 1.0000 Acc: 1.0000 F1: 1.0000
Epoch 477: Time: 0.1095 Cost: 0.5929 Pre: 1.0000 Re: 1.0000 Acc: 1.0000 F1: 1.0000
Epoch 478: Time: 0.1105 Cost: 0.5865 Pre: 1.0000 Re: 1.0000 Acc: 1.0000 F1: 1.0000
Epoch 479: Time: 0.1084 Cost: 0.5760 Pre: 1.0000 Re: 1.0000 Acc: 1.0000 F1: 1.0000
Epoch 480: Time: 0.1087 Cost: 0.5625 Pre: 1.0000 Re: 1.0000 Acc: 1.0000 F1: 1.0000


--------------------------------------------------------------------
Eval results: Cost:0.4303 Pre:1.0000 Re:1.0000 Acc:1.0000 F1:1.0000
--------------------------------------------------------------------

Epoch 481: Time: 0.1082 Cost: 0.5583 Pre: 1.0000 Re: 1.0000 Acc: 1.0000 F1: 1.0000
Epoch 482: Time: 0.1108 Cost: 0.5524 Pre: 1.0000 Re: 1.0000 Acc: 1.0000 F1: 1.0000
Epoch 483: Time: 0.1111 Cost: 0.5433 Pre: 1.0000 Re: 1.0000 Acc: 1.0000 F1: 1.0000
Epoch 484: Time: 0.1106 Cost: 0.5256 Pre: 1.0000 Re: 1.0000 Acc: 1.0000 F1: 1.0000
Epoch 485: Time: 0.1093 Cost: 0.5097 Pre: 1.0000 Re: 1.0000 Acc: 1.0000 F1: 1.0000
Epoch 486: Time: 0.1084 Cost: 0.5021 Pre: 1.0000 Re: 1.0000 Acc: 1.0000 F1: 1.0000
Epoch 487: Time: 0.1088 Cost: 0.4974 Pre: 1.0000 Re: 1.0000 Acc: 1.0000 F1: 1.0000
Epoch 488: Time: 0.1089 Cost: 0.4920 Pre: 1.0000 Re: 1.0000 Acc: 1.0000 F1: 1.0000
Epoch 489: Time: 0.1098 Cost: 0.4841 Pre: 1.0000 Re: 1.0000 Acc: 1.0000 F1: 1.0000
Epoch 490: Time: 0.1090 Cost: 0.4733 Pre: 1.0000 Re: 1.0000 Acc: 1.0000 F1: 1.0000


--------------------------------------------------------------------
Eval results: Cost:0.3587 Pre:1.0000 Re:1.0000 Acc:1.0000 F1:1.0000
--------------------------------------------------------------------

Epoch 491: Time: 0.1083 Cost: 0.4688 Pre: 1.0000 Re: 1.0000 Acc: 1.0000 F1: 1.0000
Epoch 492: Time: 0.1129 Cost: 0.4627 Pre: 1.0000 Re: 1.0000 Acc: 1.0000 F1: 1.0000
Epoch 493: Time: 0.1095 Cost: 0.4546 Pre: 1.0000 Re: 1.0000 Acc: 1.0000 F1: 1.0000
Epoch 494: Time: 0.1086 Cost: 0.4402 Pre: 1.0000 Re: 1.0000 Acc: 1.0000 F1: 1.0000
Epoch 495: Time: 0.1085 Cost: 0.4266 Pre: 1.0000 Re: 1.0000 Acc: 1.0000 F1: 1.0000
Epoch 496: Time: 0.1098 Cost: 0.4192 Pre: 1.0000 Re: 1.0000 Acc: 1.0000 F1: 1.0000
Epoch 497: Time: 0.1085 Cost: 0.4145 Pre: 1.0000 Re: 1.0000 Acc: 1.0000 F1: 1.0000
Epoch 498: Time: 0.1086 Cost: 0.4097 Pre: 1.0000 Re: 1.0000 Acc: 1.0000 F1: 1.0000
Epoch 499: Time: 0.1087 Cost: 0.4036 Pre: 1.0000 Re: 1.0000 Acc: 1.0000 F1: 1.0000
Epoch 500: Time: 0.1083 Cost: 0.3953 Pre: 1.0000 Re: 1.0000 Acc: 1.0000 F1: 1.0000


--------------------------------------------------------------------
Eval results: Cost:0.2969 Pre:1.0000 Re:1.0000 Acc:1.0000 F1:1.0000
--------------------------------------------------------------------

Epoch 501: Time: 0.1110 Cost: 0.3910 Pre: 1.0000 Re: 1.0000 Acc: 1.0000 F1: 1.0000
Epoch 502: Time: 0.1097 Cost: 0.3850 Pre: 1.0000 Re: 1.0000 Acc: 1.0000 F1: 1.0000
Epoch 503: Time: 0.1098 Cost: 0.3779 Pre: 1.0000 Re: 1.0000 Acc: 1.0000 F1: 1.0000
Epoch 504: Time: 0.1083 Cost: 0.3660 Pre: 1.0000 Re: 1.0000 Acc: 1.0000 F1: 1.0000
Epoch 505: Time: 0.1097 Cost: 0.3545 Pre: 1.0000 Re: 1.0000 Acc: 1.0000 F1: 1.0000
Epoch 506: Time: 0.1111 Cost: 0.3477 Pre: 1.0000 Re: 1.0000 Acc: 1.0000 F1: 1.0000
Epoch 507: Time: 0.1093 Cost: 0.3431 Pre: 1.0000 Re: 1.0000 Acc: 1.0000 F1: 1.0000
Epoch 508: Time: 0.1085 Cost: 0.3388 Pre: 1.0000 Re: 1.0000 Acc: 1.0000 F1: 1.0000
Epoch 509: Time: 0.1117 Cost: 0.3340 Pre: 1.0000 Re: 1.0000 Acc: 1.0000 F1: 1.0000
Epoch 510: Time: 0.1103 Cost: 0.3277 Pre: 1.0000 Re: 1.0000 Acc: 1.0000 F1: 1.0000


--------------------------------------------------------------------
Eval results: Cost:0.2442 Pre:1.0000 Re:1.0000 Acc:1.0000 F1:1.0000
--------------------------------------------------------------------

Epoch 511: Time: 0.1080 Cost: 0.3238 Pre: 1.0000 Re: 1.0000 Acc: 1.0000 F1: 1.0000
Epoch 512: Time: 0.1085 Cost: 0.3183 Pre: 1.0000 Re: 1.0000 Acc: 1.0000 F1: 1.0000
Epoch 513: Time: 0.1098 Cost: 0.3122 Pre: 1.0000 Re: 1.0000 Acc: 1.0000 F1: 1.0000
Epoch 514: Time: 0.1089 Cost: 0.3024 Pre: 1.0000 Re: 1.0000 Acc: 1.0000 F1: 1.0000
Epoch 515: Time: 0.1091 Cost: 0.2925 Pre: 1.0000 Re: 1.0000 Acc: 1.0000 F1: 1.0000
Epoch 516: Time: 0.1083 Cost: 0.2864 Pre: 1.0000 Re: 1.0000 Acc: 1.0000 F1: 1.0000
Epoch 517: Time: 0.1093 Cost: 0.2822 Pre: 1.0000 Re: 1.0000 Acc: 1.0000 F1: 1.0000
Epoch 518: Time: 0.1124 Cost: 0.2784 Pre: 1.0000 Re: 1.0000 Acc: 1.0000 F1: 1.0000
Epoch 519: Time: 0.1095 Cost: 0.2744 Pre: 1.0000 Re: 1.0000 Acc: 1.0000 F1: 1.0000
Epoch 520: Time: 0.1083 Cost: 0.2698 Pre: 1.0000 Re: 1.0000 Acc: 1.0000 F1: 1.0000


--------------------------------------------------------------------
Eval results: Cost:0.1998 Pre:1.0000 Re:1.0000 Acc:1.0000 F1:1.0000
--------------------------------------------------------------------

Epoch 521: Time: 0.1089 Cost: 0.2664 Pre: 1.0000 Re: 1.0000 Acc: 1.0000 F1: 1.0000
Epoch 522: Time: 0.1086 Cost: 0.2615 Pre: 1.0000 Re: 1.0000 Acc: 1.0000 F1: 1.0000
Epoch 523: Time: 0.1088 Cost: 0.2565 Pre: 1.0000 Re: 1.0000 Acc: 1.0000 F1: 1.0000
Epoch 524: Time: 0.1084 Cost: 0.2485 Pre: 1.0000 Re: 1.0000 Acc: 1.0000 F1: 1.0000
Epoch 525: Time: 0.1081 Cost: 0.2400 Pre: 1.0000 Re: 1.0000 Acc: 1.0000 F1: 1.0000
Epoch 526: Time: 0.1119 Cost: 0.2345 Pre: 1.0000 Re: 1.0000 Acc: 1.0000 F1: 1.0000
Epoch 527: Time: 0.1098 Cost: 0.2307 Pre: 1.0000 Re: 1.0000 Acc: 1.0000 F1: 1.0000
Epoch 528: Time: 0.1088 Cost: 0.2273 Pre: 1.0000 Re: 1.0000 Acc: 1.0000 F1: 1.0000
Epoch 529: Time: 0.1102 Cost: 0.2241 Pre: 1.0000 Re: 1.0000 Acc: 1.0000 F1: 1.0000
Epoch 530: Time: 0.1090 Cost: 0.2205 Pre: 1.0000 Re: 1.0000 Acc: 1.0000 F1: 1.0000


--------------------------------------------------------------------
Eval results: Cost:0.1626 Pre:1.0000 Re:1.0000 Acc:1.0000 F1:1.0000
--------------------------------------------------------------------

Epoch 531: Time: 0.1094 Cost: 0.2177 Pre: 1.0000 Re: 1.0000 Acc: 1.0000 F1: 1.0000
Epoch 532: Time: 0.1086 Cost: 0.2134 Pre: 1.0000 Re: 1.0000 Acc: 1.0000 F1: 1.0000
Epoch 533: Time: 0.1090 Cost: 0.2095 Pre: 1.0000 Re: 1.0000 Acc: 1.0000 F1: 1.0000
Epoch 534: Time: 0.1109 Cost: 0.2032 Pre: 1.0000 Re: 1.0000 Acc: 1.0000 F1: 1.0000
Epoch 535: Time: 0.1130 Cost: 0.1959 Pre: 1.0000 Re: 1.0000 Acc: 1.0000 F1: 1.0000
Epoch 536: Time: 0.1092 Cost: 0.1908 Pre: 1.0000 Re: 1.0000 Acc: 1.0000 F1: 1.0000
Epoch 537: Time: 0.1101 Cost: 0.1876 Pre: 1.0000 Re: 1.0000 Acc: 1.0000 F1: 1.0000
Epoch 538: Time: 0.1086 Cost: 0.1846 Pre: 1.0000 Re: 1.0000 Acc: 1.0000 F1: 1.0000
Epoch 539: Time: 0.1089 Cost: 0.1819 Pre: 1.0000 Re: 1.0000 Acc: 1.0000 F1: 1.0000
Epoch 540: Time: 0.1086 Cost: 0.1792 Pre: 1.0000 Re: 1.0000 Acc: 1.0000 F1: 1.0000


--------------------------------------------------------------------
Eval results: Cost:0.1317 Pre:1.0000 Re:1.0000 Acc:1.0000 F1:1.0000
--------------------------------------------------------------------

Epoch 541: Time: 0.1088 Cost: 0.1767 Pre: 1.0000 Re: 1.0000 Acc: 1.0000 F1: 1.0000
Epoch 542: Time: 0.1086 Cost: 0.1730 Pre: 1.0000 Re: 1.0000 Acc: 1.0000 F1: 1.0000
Epoch 543: Time: 0.1128 Cost: 0.1703 Pre: 1.0000 Re: 1.0000 Acc: 1.0000 F1: 1.0000
Epoch 544: Time: 0.1091 Cost: 0.1656 Pre: 1.0000 Re: 1.0000 Acc: 1.0000 F1: 1.0000
Epoch 545: Time: 0.1089 Cost: 0.1594 Pre: 1.0000 Re: 1.0000 Acc: 1.0000 F1: 1.0000
Epoch 546: Time: 0.1089 Cost: 0.1546 Pre: 1.0000 Re: 1.0000 Acc: 1.0000 F1: 1.0000
Epoch 547: Time: 0.1089 Cost: 0.1517 Pre: 1.0000 Re: 1.0000 Acc: 1.0000 F1: 1.0000
Epoch 548: Time: 0.1084 Cost: 0.1492 Pre: 1.0000 Re: 1.0000 Acc: 1.0000 F1: 1.0000
Epoch 549: Time: 0.1108 Cost: 0.1469 Pre: 1.0000 Re: 1.0000 Acc: 1.0000 F1: 1.0000
Epoch 550: Time: 0.1095 Cost: 0.1448 Pre: 1.0000 Re: 1.0000 Acc: 1.0000 F1: 1.0000


--------------------------------------------------------------------
Eval results: Cost:0.1063 Pre:1.0000 Re:1.0000 Acc:1.0000 F1:1.0000
--------------------------------------------------------------------

Epoch 551: Time: 0.1118 Cost: 0.1427 Pre: 1.0000 Re: 1.0000 Acc: 1.0000 F1: 1.0000
Epoch 552: Time: 0.1106 Cost: 0.1394 Pre: 1.0000 Re: 1.0000 Acc: 1.0000 F1: 1.0000
Epoch 553: Time: 0.1086 Cost: 0.1375 Pre: 1.0000 Re: 1.0000 Acc: 1.0000 F1: 1.0000
Epoch 554: Time: 0.1084 Cost: 0.1345 Pre: 1.0000 Re: 1.0000 Acc: 1.0000 F1: 1.0000
Epoch 555: Time: 0.1085 Cost: 0.1294 Pre: 1.0000 Re: 1.0000 Acc: 1.0000 F1: 1.0000
Epoch 556: Time: 0.1089 Cost: 0.1249 Pre: 1.0000 Re: 1.0000 Acc: 1.0000 F1: 1.0000
Epoch 557: Time: 0.1083 Cost: 0.1221 Pre: 1.0000 Re: 1.0000 Acc: 1.0000 F1: 1.0000
Epoch 558: Time: 0.1089 Cost: 0.1201 Pre: 1.0000 Re: 1.0000 Acc: 1.0000 F1: 1.0000
Epoch 559: Time: 0.1081 Cost: 0.1182 Pre: 1.0000 Re: 1.0000 Acc: 1.0000 F1: 1.0000
Epoch 560: Time: 0.1110 Cost: 0.1164 Pre: 1.0000 Re: 1.0000 Acc: 1.0000 F1: 1.0000


--------------------------------------------------------------------
Eval results: Cost:0.0856 Pre:1.0000 Re:1.0000 Acc:1.0000 F1:1.0000
--------------------------------------------------------------------

Epoch 561: Time: 0.1090 Cost: 0.1146 Pre: 1.0000 Re: 1.0000 Acc: 1.0000 F1: 1.0000
Epoch 562: Time: 0.1088 Cost: 0.1118 Pre: 1.0000 Re: 1.0000 Acc: 1.0000 F1: 1.0000
Epoch 563: Time: 0.1086 Cost: 0.1105 Pre: 1.0000 Re: 1.0000 Acc: 1.0000 F1: 1.0000
Epoch 564: Time: 0.1091 Cost: 0.1087 Pre: 1.0000 Re: 1.0000 Acc: 1.0000 F1: 1.0000
Epoch 565: Time: 0.1083 Cost: 0.1050 Pre: 1.0000 Re: 1.0000 Acc: 1.0000 F1: 1.0000
Epoch 566: Time: 0.1092 Cost: 0.1007 Pre: 1.0000 Re: 1.0000 Acc: 1.0000 F1: 1.0000
Epoch 567: Time: 0.1091 Cost: 0.0980 Pre: 1.0000 Re: 1.0000 Acc: 1.0000 F1: 1.0000
Epoch 568: Time: 0.1085 Cost: 0.0963 Pre: 1.0000 Re: 1.0000 Acc: 1.0000 F1: 1.0000
Epoch 569: Time: 0.1141 Cost: 0.0948 Pre: 1.0000 Re: 1.0000 Acc: 1.0000 F1: 1.0000
Epoch 570: Time: 0.1091 Cost: 0.0933 Pre: 1.0000 Re: 1.0000 Acc: 1.0000 F1: 1.0000


--------------------------------------------------------------------
Eval results: Cost:0.0688 Pre:1.0000 Re:1.0000 Acc:1.0000 F1:1.0000
--------------------------------------------------------------------

Epoch 571: Time: 0.1100 Cost: 0.0918 Pre: 1.0000 Re: 1.0000 Acc: 1.0000 F1: 1.0000
Epoch 572: Time: 0.1088 Cost: 0.0893 Pre: 1.0000 Re: 1.0000 Acc: 1.0000 F1: 1.0000
Epoch 573: Time: 0.1094 Cost: 0.0883 Pre: 1.0000 Re: 1.0000 Acc: 1.0000 F1: 1.0000
Epoch 574: Time: 0.1088 Cost: 0.0875 Pre: 1.0000 Re: 1.0000 Acc: 1.0000 F1: 1.0000
Epoch 575: Time: 0.1091 Cost: 0.0851 Pre: 1.0000 Re: 1.0000 Acc: 1.0000 F1: 1.0000
Epoch 576: Time: 0.1088 Cost: 0.0813 Pre: 1.0000 Re: 1.0000 Acc: 1.0000 F1: 1.0000
Epoch 577: Time: 0.1113 Cost: 0.0784 Pre: 1.0000 Re: 1.0000 Acc: 1.0000 F1: 1.0000
Epoch 578: Time: 0.1110 Cost: 0.0769 Pre: 1.0000 Re: 1.0000 Acc: 1.0000 F1: 1.0000
Epoch 579: Time: 0.1088 Cost: 0.0757 Pre: 1.0000 Re: 1.0000 Acc: 1.0000 F1: 1.0000
Epoch 580: Time: 0.1088 Cost: 0.0746 Pre: 1.0000 Re: 1.0000 Acc: 1.0000 F1: 1.0000


--------------------------------------------------------------------
Eval results: Cost:0.0553 Pre:1.0000 Re:1.0000 Acc:1.0000 F1:1.0000
--------------------------------------------------------------------

Epoch 581: Time: 0.1089 Cost: 0.0733 Pre: 1.0000 Re: 1.0000 Acc: 1.0000 F1: 1.0000
Epoch 582: Time: 0.1088 Cost: 0.0712 Pre: 1.0000 Re: 1.0000 Acc: 1.0000 F1: 1.0000
Epoch 583: Time: 0.1089 Cost: 0.0705 Pre: 1.0000 Re: 1.0000 Acc: 1.0000 F1: 1.0000
Epoch 584: Time: 0.1088 Cost: 0.0701 Pre: 1.0000 Re: 1.0000 Acc: 1.0000 F1: 1.0000
Epoch 585: Time: 0.1102 Cost: 0.0687 Pre: 1.0000 Re: 1.0000 Acc: 1.0000 F1: 1.0000
Epoch 586: Time: 0.1103 Cost: 0.0657 Pre: 1.0000 Re: 1.0000 Acc: 1.0000 F1: 1.0000
Epoch 587: Time: 0.1098 Cost: 0.0627 Pre: 1.0000 Re: 1.0000 Acc: 1.0000 F1: 1.0000
Epoch 588: Time: 0.1089 Cost: 0.0612 Pre: 1.0000 Re: 1.0000 Acc: 1.0000 F1: 1.0000
Epoch 589: Time: 0.1082 Cost: 0.0604 Pre: 1.0000 Re: 1.0000 Acc: 1.0000 F1: 1.0000
Epoch 590: Time: 0.1090 Cost: 0.0596 Pre: 1.0000 Re: 1.0000 Acc: 1.0000 F1: 1.0000


--------------------------------------------------------------------
Eval results: Cost:0.0445 Pre:1.0000 Re:1.0000 Acc:1.0000 F1:1.0000
--------------------------------------------------------------------

Epoch 591: Time: 0.1108 Cost: 0.0585 Pre: 1.0000 Re: 1.0000 Acc: 1.0000 F1: 1.0000
Epoch 592: Time: 0.1090 Cost: 0.0569 Pre: 1.0000 Re: 1.0000 Acc: 1.0000 F1: 1.0000
Epoch 593: Time: 0.1084 Cost: 0.0563 Pre: 1.0000 Re: 1.0000 Acc: 1.0000 F1: 1.0000
Epoch 594: Time: 0.1149 Cost: 0.0562 Pre: 1.0000 Re: 1.0000 Acc: 1.0000 F1: 1.0000
Epoch 595: Time: 0.1094 Cost: 0.0554 Pre: 1.0000 Re: 1.0000 Acc: 1.0000 F1: 1.0000
Epoch 596: Time: 0.1088 Cost: 0.0529 Pre: 1.0000 Re: 1.0000 Acc: 1.0000 F1: 1.0000
Epoch 597: Time: 0.1088 Cost: 0.0501 Pre: 1.0000 Re: 1.0000 Acc: 1.0000 F1: 1.0000
Epoch 598: Time: 0.1095 Cost: 0.0488 Pre: 1.0000 Re: 1.0000 Acc: 1.0000 F1: 1.0000
Epoch 599: Time: 0.1085 Cost: 0.0483 Pre: 1.0000 Re: 1.0000 Acc: 1.0000 F1: 1.0000
Epoch 600: Time: 0.1129 Cost: 0.0477 Pre: 1.0000 Re: 1.0000 Acc: 1.0000 F1: 1.0000


--------------------------------------------------------------------
Eval results: Cost:0.0358 Pre:1.0000 Re:1.0000 Acc:1.0000 F1:1.0000
--------------------------------------------------------------------

Epoch 601: Time: 0.1087 Cost: 0.0469 Pre: 1.0000 Re: 1.0000 Acc: 1.0000 F1: 1.0000
Epoch 602: Time: 0.1115 Cost: 0.0457 Pre: 1.0000 Re: 1.0000 Acc: 1.0000 F1: 1.0000
Epoch 603: Time: 0.1100 Cost: 0.0454 Pre: 1.0000 Re: 1.0000 Acc: 1.0000 F1: 1.0000
Epoch 604: Time: 0.1090 Cost: 0.0455 Pre: 1.0000 Re: 1.0000 Acc: 1.0000 F1: 1.0000
Epoch 605: Time: 0.1105 Cost: 0.0444 Pre: 1.0000 Re: 1.0000 Acc: 1.0000 F1: 1.0000
Epoch 606: Time: 0.1085 Cost: 0.0419 Pre: 1.0000 Re: 1.0000 Acc: 1.0000 F1: 1.0000
Epoch 607: Time: 0.1083 Cost: 0.0398 Pre: 1.0000 Re: 1.0000 Acc: 1.0000 F1: 1.0000
Epoch 608: Time: 0.1084 Cost: 0.0392 Pre: 1.0000 Re: 1.0000 Acc: 1.0000 F1: 1.0000
Epoch 609: Time: 0.1087 Cost: 0.0389 Pre: 1.0000 Re: 1.0000 Acc: 1.0000 F1: 1.0000
Epoch 610: Time: 0.1091 Cost: 0.0385 Pre: 1.0000 Re: 1.0000 Acc: 1.0000 F1: 1.0000


--------------------------------------------------------------------
Eval results: Cost:0.0287 Pre:1.0000 Re:1.0000 Acc:1.0000 F1:1.0000
--------------------------------------------------------------------

Epoch 611: Time: 0.1119 Cost: 0.0381 Pre: 1.0000 Re: 1.0000 Acc: 1.0000 F1: 1.0000
Epoch 612: Time: 0.1092 Cost: 0.0377 Pre: 1.0000 Re: 1.0000 Acc: 1.0000 F1: 1.0000
Epoch 613: Time: 0.1089 Cost: 0.0375 Pre: 1.0000 Re: 1.0000 Acc: 1.0000 F1: 1.0000
Epoch 614: Time: 0.1095 Cost: 0.0363 Pre: 1.0000 Re: 1.0000 Acc: 1.0000 F1: 1.0000
Epoch 615: Time: 0.1090 Cost: 0.0341 Pre: 1.0000 Re: 1.0000 Acc: 1.0000 F1: 1.0000
Epoch 616: Time: 0.1092 Cost: 0.0326 Pre: 1.0000 Re: 1.0000 Acc: 1.0000 F1: 1.0000
Epoch 617: Time: 0.1090 Cost: 0.0323 Pre: 1.0000 Re: 1.0000 Acc: 1.0000 F1: 1.0000
Epoch 618: Time: 0.1085 Cost: 0.0322 Pre: 1.0000 Re: 1.0000 Acc: 1.0000 F1: 1.0000
Epoch 619: Time: 0.1088 Cost: 0.0320 Pre: 1.0000 Re: 1.0000 Acc: 1.0000 F1: 1.0000
Epoch 620: Time: 0.1131 Cost: 0.0319 Pre: 1.0000 Re: 1.0000 Acc: 1.0000 F1: 1.0000


--------------------------------------------------------------------
Eval results: Cost:0.0224 Pre:1.0000 Re:1.0000 Acc:1.0000 F1:1.0000
--------------------------------------------------------------------

Epoch 621: Time: 0.1085 Cost: 0.0317 Pre: 1.0000 Re: 1.0000 Acc: 1.0000 F1: 1.0000
Epoch 622: Time: 0.1088 Cost: 0.0314 Pre: 1.0000 Re: 1.0000 Acc: 1.0000 F1: 1.0000
Epoch 623: Time: 0.1085 Cost: 0.0297 Pre: 1.0000 Re: 1.0000 Acc: 1.0000 F1: 1.0000
Epoch 624: Time: 0.1089 Cost: 0.0275 Pre: 1.0000 Re: 1.0000 Acc: 1.0000 F1: 1.0000
Epoch 625: Time: 0.1079 Cost: 0.0267 Pre: 1.0000 Re: 1.0000 Acc: 1.0000 F1: 1.0000
Epoch 626: Time: 0.1086 Cost: 0.0266 Pre: 1.0000 Re: 1.0000 Acc: 1.0000 F1: 1.0000
Epoch 627: Time: 0.1085 Cost: 0.0263 Pre: 1.0000 Re: 1.0000 Acc: 1.0000 F1: 1.0000
Epoch 628: Time: 0.1114 Cost: 0.0261 Pre: 1.0000 Re: 1.0000 Acc: 1.0000 F1: 1.0000
Epoch 629: Time: 0.1096 Cost: 0.0261 Pre: 1.0000 Re: 1.0000 Acc: 1.0000 F1: 1.0000
Epoch 630: Time: 0.1094 Cost: 0.0262 Pre: 1.0000 Re: 1.0000 Acc: 1.0000 F1: 1.0000


--------------------------------------------------------------------
Eval results: Cost:0.0181 Pre:1.0000 Re:1.0000 Acc:1.0000 F1:1.0000
--------------------------------------------------------------------

Epoch 631: Time: 0.1078 Cost: 0.0261 Pre: 1.0000 Re: 1.0000 Acc: 1.0000 F1: 1.0000
Epoch 632: Time: 0.1084 Cost: 0.0256 Pre: 1.0000 Re: 1.0000 Acc: 1.0000 F1: 1.0000
Epoch 633: Time: 0.1085 Cost: 0.0236 Pre: 1.0000 Re: 1.0000 Acc: 1.0000 F1: 1.0000
Epoch 634: Time: 0.1107 Cost: 0.0219 Pre: 1.0000 Re: 1.0000 Acc: 1.0000 F1: 1.0000
Epoch 635: Time: 0.1085 Cost: 0.0217 Pre: 1.0000 Re: 1.0000 Acc: 1.0000 F1: 1.0000
Epoch 636: Time: 0.1089 Cost: 0.0217 Pre: 1.0000 Re: 1.0000 Acc: 1.0000 F1: 1.0000
Epoch 637: Time: 0.1134 Cost: 0.0215 Pre: 1.0000 Re: 1.0000 Acc: 1.0000 F1: 1.0000
Epoch 638: Time: 0.1089 Cost: 0.0214 Pre: 1.0000 Re: 1.0000 Acc: 1.0000 F1: 1.0000
Epoch 639: Time: 0.1205 Cost: 0.0216 Pre: 1.0000 Re: 1.0000 Acc: 1.0000 F1: 1.0000
Epoch 640: Time: 0.1084 Cost: 0.0216 Pre: 1.0000 Re: 1.0000 Acc: 1.0000 F1: 1.0000


--------------------------------------------------------------------
Eval results: Cost:0.0148 Pre:1.0000 Re:1.0000 Acc:1.0000 F1:1.0000
--------------------------------------------------------------------

Epoch 641: Time: 0.1086 Cost: 0.0211 Pre: 1.0000 Re: 1.0000 Acc: 1.0000 F1: 1.0000
Epoch 642: Time: 0.1091 Cost: 0.0206 Pre: 1.0000 Re: 1.0000 Acc: 1.0000 F1: 1.0000
Epoch 643: Time: 0.1086 Cost: 0.0193 Pre: 1.0000 Re: 1.0000 Acc: 1.0000 F1: 1.0000
Epoch 644: Time: 0.1086 Cost: 0.0183 Pre: 1.0000 Re: 1.0000 Acc: 1.0000 F1: 1.0000
Epoch 645: Time: 0.1134 Cost: 0.0181 Pre: 1.0000 Re: 1.0000 Acc: 1.0000 F1: 1.0000
Epoch 646: Time: 0.1090 Cost: 0.0182 Pre: 1.0000 Re: 1.0000 Acc: 1.0000 F1: 1.0000
Epoch 647: Time: 0.1086 Cost: 0.0183 Pre: 1.0000 Re: 1.0000 Acc: 1.0000 F1: 1.0000
Epoch 648: Time: 0.1089 Cost: 0.0182 Pre: 1.0000 Re: 1.0000 Acc: 1.0000 F1: 1.0000
Epoch 649: Time: 0.1093 Cost: 0.0176 Pre: 1.0000 Re: 1.0000 Acc: 1.0000 F1: 1.0000
Epoch 650: Time: 0.1087 Cost: 0.0167 Pre: 1.0000 Re: 1.0000 Acc: 1.0000 F1: 1.0000


--------------------------------------------------------------------
Eval results: Cost:0.0123 Pre:1.0000 Re:1.0000 Acc:1.0000 F1:1.0000
--------------------------------------------------------------------

Epoch 651: Time: 0.1087 Cost: 0.0164 Pre: 1.0000 Re: 1.0000 Acc: 1.0000 F1: 1.0000
Epoch 652: Time: 0.1090 Cost: 0.0165 Pre: 1.0000 Re: 1.0000 Acc: 1.0000 F1: 1.0000
Epoch 653: Time: 0.1118 Cost: 0.0166 Pre: 1.0000 Re: 1.0000 Acc: 1.0000 F1: 1.0000
Epoch 654: Time: 0.1107 Cost: 0.0163 Pre: 1.0000 Re: 1.0000 Acc: 1.0000 F1: 1.0000
Epoch 655: Time: 0.1089 Cost: 0.0154 Pre: 1.0000 Re: 1.0000 Acc: 1.0000 F1: 1.0000
Epoch 656: Time: 0.1087 Cost: 0.0147 Pre: 1.0000 Re: 1.0000 Acc: 1.0000 F1: 1.0000
Epoch 657: Time: 0.1093 Cost: 0.0145 Pre: 1.0000 Re: 1.0000 Acc: 1.0000 F1: 1.0000
Epoch 658: Time: 0.1086 Cost: 0.0146 Pre: 1.0000 Re: 1.0000 Acc: 1.0000 F1: 1.0000
Epoch 659: Time: 0.1091 Cost: 0.0147 Pre: 1.0000 Re: 1.0000 Acc: 1.0000 F1: 1.0000
Epoch 660: Time: 0.1498 Cost: 0.0145 Pre: 1.0000 Re: 1.0000 Acc: 1.0000 F1: 1.0000


--------------------------------------------------------------------
Eval results: Cost:0.0104 Pre:1.0000 Re:1.0000 Acc:1.0000 F1:1.0000
--------------------------------------------------------------------

Epoch 661: Time: 0.1458 Cost: 0.0142 Pre: 1.0000 Re: 1.0000 Acc: 1.0000 F1: 1.0000
Epoch 662: Time: 0.1279 Cost: 0.0140 Pre: 1.0000 Re: 1.0000 Acc: 1.0000 F1: 1.0000
Epoch 663: Time: 0.1271 Cost: 0.0135 Pre: 1.0000 Re: 1.0000 Acc: 1.0000 F1: 1.0000
Epoch 664: Time: 0.1251 Cost: 0.0129 Pre: 1.0000 Re: 1.0000 Acc: 1.0000 F1: 1.0000
Epoch 665: Time: 0.1226 Cost: 0.0126 Pre: 1.0000 Re: 1.0000 Acc: 1.0000 F1: 1.0000
Epoch 666: Time: 0.1118 Cost: 0.0126 Pre: 1.0000 Re: 1.0000 Acc: 1.0000 F1: 1.0000
Epoch 667: Time: 0.1087 Cost: 0.0126 Pre: 1.0000 Re: 1.0000 Acc: 1.0000 F1: 1.0000
Epoch 668: Time: 0.1087 Cost: 0.0125 Pre: 1.0000 Re: 1.0000 Acc: 1.0000 F1: 1.0000
Epoch 669: Time: 0.1111 Cost: 0.0122 Pre: 1.0000 Re: 1.0000 Acc: 1.0000 F1: 1.0000
Epoch 670: Time: 0.1114 Cost: 0.0118 Pre: 1.0000 Re: 1.0000 Acc: 1.0000 F1: 1.0000


--------------------------------------------------------------------
Eval results: Cost:0.0088 Pre:1.0000 Re:1.0000 Acc:1.0000 F1:1.0000
--------------------------------------------------------------------

Epoch 671: Time: 0.1102 Cost: 0.0116 Pre: 1.0000 Re: 1.0000 Acc: 1.0000 F1: 1.0000
Epoch 672: Time: 0.1084 Cost: 0.0117 Pre: 1.0000 Re: 1.0000 Acc: 1.0000 F1: 1.0000
Epoch 673: Time: 0.1091 Cost: 0.0116 Pre: 1.0000 Re: 1.0000 Acc: 1.0000 F1: 1.0000
Epoch 674: Time: 0.1086 Cost: 0.0112 Pre: 1.0000 Re: 1.0000 Acc: 1.0000 F1: 1.0000
Epoch 675: Time: 0.1099 Cost: 0.0108 Pre: 1.0000 Re: 1.0000 Acc: 1.0000 F1: 1.0000
Epoch 676: Time: 0.1096 Cost: 0.0105 Pre: 1.0000 Re: 1.0000 Acc: 1.0000 F1: 1.0000
Epoch 677: Time: 0.1102 Cost: 0.0105 Pre: 1.0000 Re: 1.0000 Acc: 1.0000 F1: 1.0000
Epoch 678: Time: 0.1116 Cost: 0.0105 Pre: 1.0000 Re: 1.0000 Acc: 1.0000 F1: 1.0000
Epoch 679: Time: 0.1091 Cost: 0.0104 Pre: 1.0000 Re: 1.0000 Acc: 1.0000 F1: 1.0000
Epoch 680: Time: 0.1086 Cost: 0.0102 Pre: 1.0000 Re: 1.0000 Acc: 1.0000 F1: 1.0000


--------------------------------------------------------------------
Eval results: Cost:0.0076 Pre:1.0000 Re:1.0000 Acc:1.0000 F1:1.0000
--------------------------------------------------------------------

Epoch 681: Time: 0.1085 Cost: 0.0100 Pre: 1.0000 Re: 1.0000 Acc: 1.0000 F1: 1.0000
Epoch 682: Time: 0.1085 Cost: 0.0099 Pre: 1.0000 Re: 1.0000 Acc: 1.0000 F1: 1.0000
Epoch 683: Time: 0.1088 Cost: 0.0098 Pre: 1.0000 Re: 1.0000 Acc: 1.0000 F1: 1.0000
Epoch 684: Time: 0.1082 Cost: 0.0095 Pre: 1.0000 Re: 1.0000 Acc: 1.0000 F1: 1.0000
Epoch 685: Time: 0.1083 Cost: 0.0092 Pre: 1.0000 Re: 1.0000 Acc: 1.0000 F1: 1.0000
Epoch 686: Time: 0.1122 Cost: 0.0091 Pre: 1.0000 Re: 1.0000 Acc: 1.0000 F1: 1.0000
Epoch 687: Time: 0.1096 Cost: 0.0091 Pre: 1.0000 Re: 1.0000 Acc: 1.0000 F1: 1.0000
Epoch 688: Time: 0.1094 Cost: 0.0090 Pre: 1.0000 Re: 1.0000 Acc: 1.0000 F1: 1.0000
Epoch 689: Time: 0.1085 Cost: 0.0089 Pre: 1.0000 Re: 1.0000 Acc: 1.0000 F1: 1.0000
Epoch 690: Time: 0.1091 Cost: 0.0087 Pre: 1.0000 Re: 1.0000 Acc: 1.0000 F1: 1.0000


--------------------------------------------------------------------
Eval results: Cost:0.0067 Pre:1.0000 Re:1.0000 Acc:1.0000 F1:1.0000
--------------------------------------------------------------------

Epoch 691: Time: 0.1081 Cost: 0.0086 Pre: 1.0000 Re: 1.0000 Acc: 1.0000 F1: 1.0000
Epoch 692: Time: 0.1083 Cost: 0.0086 Pre: 1.0000 Re: 1.0000 Acc: 1.0000 F1: 1.0000
Epoch 693: Time: 0.1090 Cost: 0.0084 Pre: 1.0000 Re: 1.0000 Acc: 1.0000 F1: 1.0000
Epoch 694: Time: 0.1108 Cost: 0.0082 Pre: 1.0000 Re: 1.0000 Acc: 1.0000 F1: 1.0000
Epoch 695: Time: 0.1108 Cost: 0.0080 Pre: 1.0000 Re: 1.0000 Acc: 1.0000 F1: 1.0000
Epoch 696: Time: 0.1088 Cost: 0.0079 Pre: 1.0000 Re: 1.0000 Acc: 1.0000 F1: 1.0000
Epoch 697: Time: 0.1083 Cost: 0.0079 Pre: 1.0000 Re: 1.0000 Acc: 1.0000 F1: 1.0000
Epoch 698: Time: 0.1085 Cost: 0.0078 Pre: 1.0000 Re: 1.0000 Acc: 1.0000 F1: 1.0000
Epoch 699: Time: 0.1087 Cost: 0.0077 Pre: 1.0000 Re: 1.0000 Acc: 1.0000 F1: 1.0000
Epoch 700: Time: 0.1089 Cost: 0.0076 Pre: 1.0000 Re: 1.0000 Acc: 1.0000 F1: 1.0000


--------------------------------------------------------------------
Eval results: Cost:0.0059 Pre:1.0000 Re:1.0000 Acc:1.0000 F1:1.0000
--------------------------------------------------------------------

Epoch 701: Time: 0.1082 Cost: 0.0075 Pre: 1.0000 Re: 1.0000 Acc: 1.0000 F1: 1.0000
Epoch 702: Time: 0.1079 Cost: 0.0074 Pre: 1.0000 Re: 1.0000 Acc: 1.0000 F1: 1.0000
Epoch 703: Time: 0.1123 Cost: 0.0073 Pre: 1.0000 Re: 1.0000 Acc: 1.0000 F1: 1.0000
Epoch 704: Time: 0.1093 Cost: 0.0072 Pre: 1.0000 Re: 1.0000 Acc: 1.0000 F1: 1.0000
Epoch 705: Time: 0.1092 Cost: 0.0070 Pre: 1.0000 Re: 1.0000 Acc: 1.0000 F1: 1.0000
Epoch 706: Time: 0.1102 Cost: 0.0069 Pre: 1.0000 Re: 1.0000 Acc: 1.0000 F1: 1.0000
Epoch 707: Time: 0.1090 Cost: 0.0069 Pre: 1.0000 Re: 1.0000 Acc: 1.0000 F1: 1.0000
Epoch 708: Time: 0.1083 Cost: 0.0068 Pre: 1.0000 Re: 1.0000 Acc: 1.0000 F1: 1.0000
Epoch 709: Time: 0.1087 Cost: 0.0068 Pre: 1.0000 Re: 1.0000 Acc: 1.0000 F1: 1.0000
Epoch 710: Time: 0.1089 Cost: 0.0066 Pre: 1.0000 Re: 1.0000 Acc: 1.0000 F1: 1.0000


--------------------------------------------------------------------
Eval results: Cost:0.0053 Pre:1.0000 Re:1.0000 Acc:1.0000 F1:1.0000
--------------------------------------------------------------------

Epoch 711: Time: 0.1106 Cost: 0.0066 Pre: 1.0000 Re: 1.0000 Acc: 1.0000 F1: 1.0000
Epoch 712: Time: 0.1102 Cost: 0.0066 Pre: 1.0000 Re: 1.0000 Acc: 1.0000 F1: 1.0000
Epoch 713: Time: 0.1096 Cost: 0.0065 Pre: 1.0000 Re: 1.0000 Acc: 1.0000 F1: 1.0000
Epoch 714: Time: 0.1087 Cost: 0.0063 Pre: 1.0000 Re: 1.0000 Acc: 1.0000 F1: 1.0000
Epoch 715: Time: 0.1085 Cost: 0.0062 Pre: 1.0000 Re: 1.0000 Acc: 1.0000 F1: 1.0000
Epoch 716: Time: 0.1089 Cost: 0.0062 Pre: 1.0000 Re: 1.0000 Acc: 1.0000 F1: 1.0000
Epoch 717: Time: 0.1090 Cost: 0.0061 Pre: 1.0000 Re: 1.0000 Acc: 1.0000 F1: 1.0000
Epoch 718: Time: 0.1100 Cost: 0.0061 Pre: 1.0000 Re: 1.0000 Acc: 1.0000 F1: 1.0000
Epoch 719: Time: 0.1095 Cost: 0.0060 Pre: 1.0000 Re: 1.0000 Acc: 1.0000 F1: 1.0000
Epoch 720: Time: 0.1120 Cost: 0.0059 Pre: 1.0000 Re: 1.0000 Acc: 1.0000 F1: 1.0000


--------------------------------------------------------------------
Eval results: Cost:0.0048 Pre:1.0000 Re:1.0000 Acc:1.0000 F1:1.0000
--------------------------------------------------------------------

Epoch 721: Time: 0.1090 Cost: 0.0059 Pre: 1.0000 Re: 1.0000 Acc: 1.0000 F1: 1.0000
Epoch 722: Time: 0.1088 Cost: 0.0058 Pre: 1.0000 Re: 1.0000 Acc: 1.0000 F1: 1.0000
Epoch 723: Time: 0.1088 Cost: 0.0058 Pre: 1.0000 Re: 1.0000 Acc: 1.0000 F1: 1.0000
Epoch 724: Time: 0.1102 Cost: 0.0057 Pre: 1.0000 Re: 1.0000 Acc: 1.0000 F1: 1.0000
Epoch 725: Time: 0.1085 Cost: 0.0056 Pre: 1.0000 Re: 1.0000 Acc: 1.0000 F1: 1.0000
Epoch 726: Time: 0.1086 Cost: 0.0056 Pre: 1.0000 Re: 1.0000 Acc: 1.0000 F1: 1.0000
Epoch 727: Time: 0.1082 Cost: 0.0055 Pre: 1.0000 Re: 1.0000 Acc: 1.0000 F1: 1.0000
Epoch 728: Time: 0.1085 Cost: 0.0055 Pre: 1.0000 Re: 1.0000 Acc: 1.0000 F1: 1.0000
Epoch 729: Time: 0.1165 Cost: 0.0054 Pre: 1.0000 Re: 1.0000 Acc: 1.0000 F1: 1.0000
Epoch 730: Time: 0.1090 Cost: 0.0053 Pre: 1.0000 Re: 1.0000 Acc: 1.0000 F1: 1.0000


--------------------------------------------------------------------
Eval results: Cost:0.0044 Pre:1.0000 Re:1.0000 Acc:1.0000 F1:1.0000
--------------------------------------------------------------------

Early stopping...
--------------------------------------------------------------------
--------------------------------------------------------------------
Test 1996 samples take time: 0.3550
Test results: Cost:0.0042 Pre:1.0000 Re:1.0000 Acc:1.0000 F1:1.0000
--------------------------------------------------------------------

