16768
16562
16206
16632
16380
16425
Load data
RNN type: SRN Grammar: g7 Seed: 6
Model total parameters: 130
Saving hinit ... 

Epoch 0: Time: 0.1473 Cost: 27.3544 Pre: 0.4918 Re: 0.5841 Acc: 0.5117 F1: 0.5340


--------------------------------------------------------------------
Eval results: Cost:26.0207 Pre:0.4491 Re:0.5603 Acc:0.5181 F1:0.4986
--------------------------------------------------------------------

Epoch 1: Time: 0.0517 Cost: 25.6465 Pre: 0.5185 Re: 0.5634 Acc: 0.5403 F1: 0.5400
Epoch 2: Time: 0.0515 Cost: 24.4117 Pre: 0.5496 Re: 0.6085 Acc: 0.5736 F1: 0.5775
Epoch 3: Time: 0.0523 Cost: 23.5785 Pre: 0.5814 Re: 0.6183 Acc: 0.6040 F1: 0.5993
Epoch 4: Time: 0.0532 Cost: 23.0879 Pre: 0.5988 Re: 0.6024 Acc: 0.6162 F1: 0.6006
Epoch 5: Time: 0.0513 Cost: 22.7744 Pre: 0.6067 Re: 0.6000 Acc: 0.6221 F1: 0.6033
Epoch 6: Time: 0.0532 Cost: 22.4824 Pre: 0.6189 Re: 0.6061 Acc: 0.6326 F1: 0.6124
Epoch 7: Time: 0.0509 Cost: 22.1520 Pre: 0.6352 Re: 0.6159 Acc: 0.6466 F1: 0.6254
Epoch 8: Time: 0.0510 Cost: 21.7619 Pre: 0.6421 Re: 0.6280 Acc: 0.6542 F1: 0.6350
Epoch 9: Time: 0.0511 Cost: 21.2803 Pre: 0.6613 Re: 0.6524 Acc: 0.6735 F1: 0.6568
Epoch 10: Time: 0.0511 Cost: 20.6683 Pre: 0.6809 Re: 0.6610 Acc: 0.6893 F1: 0.6708


--------------------------------------------------------------------
Eval results: Cost:20.7261 Pre:0.6400 Re:0.6775 Acc:0.6992 F1:0.6582
--------------------------------------------------------------------

Epoch 11: Time: 0.0516 Cost: 19.8995 Pre: 0.7098 Re: 0.6829 Acc: 0.7144 F1: 0.6961
Epoch 12: Time: 0.0573 Cost: 18.9220 Pre: 0.7433 Re: 0.6780 Acc: 0.7336 F1: 0.7092
Epoch 13: Time: 0.0519 Cost: 17.5938 Pre: 0.7901 Re: 0.6841 Acc: 0.7617 F1: 0.7333
Epoch 14: Time: 0.0523 Cost: 16.0974 Pre: 0.8056 Re: 0.7073 Acc: 0.7780 F1: 0.7532
Epoch 15: Time: 0.0518 Cost: 14.8930 Pre: 0.8193 Re: 0.7463 Acc: 0.7996 F1: 0.7811
Epoch 16: Time: 0.0518 Cost: 14.1723 Pre: 0.8203 Re: 0.7683 Acc: 0.8084 F1: 0.7935
Epoch 17: Time: 0.0513 Cost: 13.7049 Pre: 0.8193 Re: 0.7854 Acc: 0.8143 F1: 0.8020
Epoch 18: Time: 0.0510 Cost: 13.3283 Pre: 0.8230 Re: 0.7939 Acc: 0.8195 F1: 0.8082
Epoch 19: Time: 0.0511 Cost: 13.0110 Pre: 0.8289 Re: 0.8037 Acc: 0.8265 F1: 0.8161
Epoch 20: Time: 0.0507 Cost: 12.7481 Pre: 0.8314 Re: 0.8061 Acc: 0.8289 F1: 0.8186


--------------------------------------------------------------------
Eval results: Cost:10.6709 Pre:0.8502 Re:0.7948 Acc:0.8524 F1:0.8215
--------------------------------------------------------------------

Epoch 21: Time: 0.0513 Cost: 12.5186 Pre: 0.8327 Re: 0.8134 Acc: 0.8324 F1: 0.8229
Epoch 22: Time: 0.0505 Cost: 12.3027 Pre: 0.8331 Re: 0.8159 Acc: 0.8335 F1: 0.8244
Epoch 23: Time: 0.0504 Cost: 12.0974 Pre: 0.8371 Re: 0.8207 Acc: 0.8376 F1: 0.8288
Epoch 24: Time: 0.0511 Cost: 11.9094 Pre: 0.8377 Re: 0.8244 Acc: 0.8394 F1: 0.8310
Epoch 25: Time: 0.0507 Cost: 11.7408 Pre: 0.8403 Re: 0.8280 Acc: 0.8423 F1: 0.8342
Epoch 26: Time: 0.0508 Cost: 11.5856 Pre: 0.8420 Re: 0.8317 Acc: 0.8446 F1: 0.8368
Epoch 27: Time: 0.0505 Cost: 11.4388 Pre: 0.8428 Re: 0.8366 Acc: 0.8470 F1: 0.8397
Epoch 28: Time: 0.0506 Cost: 11.2968 Pre: 0.8454 Re: 0.8402 Acc: 0.8499 F1: 0.8428
Epoch 29: Time: 0.0502 Cost: 11.1567 Pre: 0.8464 Re: 0.8402 Acc: 0.8505 F1: 0.8433
Epoch 30: Time: 0.0499 Cost: 11.0168 Pre: 0.8456 Re: 0.8415 Acc: 0.8505 F1: 0.8435


--------------------------------------------------------------------
Eval results: Cost:8.9926 Pre:0.8675 Re:0.8534 Acc:0.8816 F1:0.8604
--------------------------------------------------------------------

Epoch 31: Time: 0.0519 Cost: 10.8921 Pre: 0.8453 Re: 0.8463 Acc: 0.8522 F1: 0.8458
Epoch 32: Time: 0.0502 Cost: 10.7635 Pre: 0.8469 Re: 0.8500 Acc: 0.8546 F1: 0.8484
Epoch 33: Time: 0.0508 Cost: 10.6057 Pre: 0.8512 Re: 0.8512 Acc: 0.8575 F1: 0.8512
Epoch 34: Time: 0.0513 Cost: 10.4326 Pre: 0.8545 Re: 0.8524 Acc: 0.8598 F1: 0.8535
Epoch 35: Time: 0.0506 Cost: 10.2707 Pre: 0.8578 Re: 0.8537 Acc: 0.8621 F1: 0.8557
Epoch 36: Time: 0.0504 Cost: 10.1244 Pre: 0.8606 Re: 0.8585 Acc: 0.8657 F1: 0.8596
Epoch 37: Time: 0.0505 Cost: 9.9862 Pre: 0.8650 Re: 0.8598 Acc: 0.8686 F1: 0.8624
Epoch 38: Time: 0.0506 Cost: 9.8480 Pre: 0.8637 Re: 0.8659 Acc: 0.8703 F1: 0.8648
Epoch 39: Time: 0.0505 Cost: 9.7040 Pre: 0.8678 Re: 0.8646 Acc: 0.8721 F1: 0.8662
Epoch 40: Time: 0.0515 Cost: 9.5543 Pre: 0.8694 Re: 0.8683 Acc: 0.8744 F1: 0.8688


--------------------------------------------------------------------
Eval results: Cost:7.6603 Pre:0.8818 Re:0.8990 Acc:0.9053 F1:0.8903
--------------------------------------------------------------------

Epoch 41: Time: 0.0507 Cost: 9.4333 Pre: 0.8677 Re: 0.8720 Acc: 0.8750 F1: 0.8698
Epoch 42: Time: 0.0512 Cost: 9.2827 Pre: 0.8705 Re: 0.8768 Acc: 0.8785 F1: 0.8736
Epoch 43: Time: 0.0508 Cost: 9.1294 Pre: 0.8741 Re: 0.8805 Acc: 0.8820 F1: 0.8773
Epoch 44: Time: 0.0523 Cost: 8.9865 Pre: 0.8750 Re: 0.8878 Acc: 0.8855 F1: 0.8814
Epoch 45: Time: 0.0516 Cost: 8.8581 Pre: 0.8778 Re: 0.8939 Acc: 0.8896 F1: 0.8858
Epoch 46: Time: 0.0511 Cost: 8.7356 Pre: 0.8784 Re: 0.8988 Acc: 0.8919 F1: 0.8885
Epoch 47: Time: 0.0509 Cost: 8.6086 Pre: 0.8832 Re: 0.9037 Acc: 0.8966 F1: 0.8933
Epoch 48: Time: 0.0524 Cost: 8.4761 Pre: 0.8847 Re: 0.9073 Acc: 0.8989 F1: 0.8958
Epoch 49: Time: 0.0545 Cost: 8.3422 Pre: 0.8831 Re: 0.9122 Acc: 0.9001 F1: 0.8974
Epoch 50: Time: 0.0571 Cost: 8.2096 Pre: 0.8878 Re: 0.9171 Acc: 0.9048 F1: 0.9022


--------------------------------------------------------------------
Eval results: Cost:6.2863 Pre:0.9034 Re:0.9446 Acc:0.9331 F1:0.9236
--------------------------------------------------------------------

Epoch 51: Time: 0.0530 Cost: 8.1084 Pre: 0.8892 Re: 0.9195 Acc: 0.9065 F1: 0.9041
Epoch 52: Time: 0.0509 Cost: 7.9648 Pre: 0.8927 Re: 0.9232 Acc: 0.9100 F1: 0.9077
Epoch 53: Time: 0.0531 Cost: 7.8127 Pre: 0.8940 Re: 0.9256 Acc: 0.9118 F1: 0.9095
Epoch 54: Time: 0.0516 Cost: 7.6595 Pre: 0.8992 Re: 0.9354 Acc: 0.9188 F1: 0.9169
Epoch 55: Time: 0.0509 Cost: 7.5134 Pre: 0.8996 Re: 0.9402 Acc: 0.9211 F1: 0.9195
Epoch 56: Time: 0.0512 Cost: 7.3735 Pre: 0.9007 Re: 0.9512 Acc: 0.9264 F1: 0.9253
Epoch 57: Time: 0.0519 Cost: 7.2336 Pre: 0.9022 Re: 0.9561 Acc: 0.9293 F1: 0.9284
Epoch 58: Time: 0.0518 Cost: 7.0900 Pre: 0.9038 Re: 0.9622 Acc: 0.9328 F1: 0.9321
Epoch 59: Time: 0.0506 Cost: 6.9432 Pre: 0.9022 Re: 0.9671 Acc: 0.9340 F1: 0.9335
Epoch 60: Time: 0.0506 Cost: 6.7953 Pre: 0.9056 Re: 0.9707 Acc: 0.9375 F1: 0.9370


--------------------------------------------------------------------
Eval results: Cost:5.1398 Pre:0.9259 Re:0.9772 Acc:0.9568 F1:0.9509
--------------------------------------------------------------------

Epoch 61: Time: 0.0508 Cost: 6.6644 Pre: 0.9076 Re: 0.9707 Acc: 0.9387 F1: 0.9381
Epoch 62: Time: 0.0514 Cost: 6.4980 Pre: 0.9080 Re: 0.9744 Acc: 0.9404 F1: 0.9400
Epoch 63: Time: 0.0515 Cost: 6.3475 Pre: 0.9082 Re: 0.9768 Acc: 0.9416 F1: 0.9412
Epoch 64: Time: 0.0508 Cost: 6.2034 Pre: 0.9117 Re: 0.9817 Acc: 0.9457 F1: 0.9454
Epoch 65: Time: 0.0508 Cost: 6.0652 Pre: 0.9150 Re: 0.9841 Acc: 0.9486 F1: 0.9483
Epoch 66: Time: 0.0511 Cost: 5.9313 Pre: 0.9194 Re: 0.9878 Acc: 0.9527 F1: 0.9524
Epoch 67: Time: 0.0537 Cost: 5.8024 Pre: 0.9195 Re: 0.9890 Acc: 0.9533 F1: 0.9530
Epoch 68: Time: 0.0517 Cost: 5.6777 Pre: 0.9217 Re: 0.9902 Acc: 0.9550 F1: 0.9547
Epoch 69: Time: 0.0512 Cost: 5.5570 Pre: 0.9240 Re: 0.9927 Acc: 0.9574 F1: 0.9571
Epoch 70: Time: 0.0517 Cost: 5.4403 Pre: 0.9251 Re: 0.9939 Acc: 0.9585 F1: 0.9583


--------------------------------------------------------------------
Eval results: Cost:4.1705 Pre:0.9358 Re:0.9967 Acc:0.9694 F1:0.9653
--------------------------------------------------------------------

Epoch 71: Time: 0.0512 Cost: 5.3399 Pre: 0.9261 Re: 0.9939 Acc: 0.9591 F1: 0.9588
Epoch 72: Time: 0.0510 Cost: 5.2103 Pre: 0.9261 Re: 0.9927 Acc: 0.9585 F1: 0.9582
Epoch 73: Time: 0.0506 Cost: 5.1060 Pre: 0.9282 Re: 0.9927 Acc: 0.9597 F1: 0.9593
Epoch 74: Time: 0.0509 Cost: 5.0015 Pre: 0.9271 Re: 0.9927 Acc: 0.9591 F1: 0.9588
Epoch 75: Time: 0.0508 Cost: 4.9023 Pre: 0.9282 Re: 0.9927 Acc: 0.9597 F1: 0.9593
Epoch 76: Time: 0.0516 Cost: 4.8062 Pre: 0.9303 Re: 0.9927 Acc: 0.9609 F1: 0.9605
Epoch 77: Time: 0.0544 Cost: 4.7134 Pre: 0.9315 Re: 0.9951 Acc: 0.9626 F1: 0.9623
Epoch 78: Time: 0.0507 Cost: 4.6233 Pre: 0.9326 Re: 0.9951 Acc: 0.9632 F1: 0.9628
Epoch 79: Time: 0.0510 Cost: 4.5359 Pre: 0.9380 Re: 0.9963 Acc: 0.9667 F1: 0.9663
Epoch 80: Time: 0.0511 Cost: 4.4510 Pre: 0.9413 Re: 0.9976 Acc: 0.9690 F1: 0.9686


--------------------------------------------------------------------
Eval results: Cost:3.4344 Pre:0.9415 Re:0.9967 Acc:0.9721 F1:0.9684
--------------------------------------------------------------------

Epoch 81: Time: 0.0512 Cost: 4.3823 Pre: 0.9402 Re: 0.9976 Acc: 0.9685 F1: 0.9680
Epoch 82: Time: 0.0513 Cost: 4.2838 Pre: 0.9413 Re: 0.9976 Acc: 0.9690 F1: 0.9686
Epoch 83: Time: 0.0506 Cost: 4.2059 Pre: 0.9424 Re: 0.9976 Acc: 0.9696 F1: 0.9692
Epoch 84: Time: 0.0511 Cost: 4.1264 Pre: 0.9435 Re: 0.9988 Acc: 0.9708 F1: 0.9704
Epoch 85: Time: 0.0534 Cost: 4.0535 Pre: 0.9435 Re: 0.9988 Acc: 0.9708 F1: 0.9704
Epoch 86: Time: 0.0517 Cost: 3.9803 Pre: 0.9468 Re: 0.9988 Acc: 0.9725 F1: 0.9721
Epoch 87: Time: 0.0519 Cost: 3.9101 Pre: 0.9479 Re: 0.9988 Acc: 0.9731 F1: 0.9727
Epoch 88: Time: 0.0516 Cost: 3.8408 Pre: 0.9501 Re: 0.9988 Acc: 0.9743 F1: 0.9738
Epoch 89: Time: 0.0511 Cost: 3.7735 Pre: 0.9512 Re: 0.9988 Acc: 0.9749 F1: 0.9744
Epoch 90: Time: 0.0511 Cost: 3.7075 Pre: 0.9523 Re: 0.9988 Acc: 0.9755 F1: 0.9750


--------------------------------------------------------------------
Eval results: Cost:2.8963 Pre:0.9505 Re:1.0000 Acc:0.9777 F1:0.9746
--------------------------------------------------------------------

Epoch 91: Time: 0.0510 Cost: 3.6567 Pre: 0.9534 Re: 0.9988 Acc: 0.9761 F1: 0.9756
Epoch 92: Time: 0.0506 Cost: 3.5805 Pre: 0.9534 Re: 0.9988 Acc: 0.9761 F1: 0.9756
Epoch 93: Time: 0.0509 Cost: 3.5142 Pre: 0.9557 Re: 0.9988 Acc: 0.9772 F1: 0.9767
Epoch 94: Time: 0.0515 Cost: 3.4523 Pre: 0.9579 Re: 0.9988 Acc: 0.9784 F1: 0.9779
Epoch 95: Time: 0.0514 Cost: 3.3931 Pre: 0.9568 Re: 0.9988 Acc: 0.9778 F1: 0.9773
Epoch 96: Time: 0.0511 Cost: 3.3342 Pre: 0.9590 Re: 0.9988 Acc: 0.9790 F1: 0.9785
Epoch 97: Time: 0.0509 Cost: 3.2781 Pre: 0.9579 Re: 0.9988 Acc: 0.9784 F1: 0.9779
Epoch 98: Time: 0.0515 Cost: 3.2215 Pre: 0.9601 Re: 0.9988 Acc: 0.9796 F1: 0.9791
Epoch 99: Time: 0.0510 Cost: 3.1679 Pre: 0.9613 Re: 0.9988 Acc: 0.9801 F1: 0.9797
Epoch 100: Time: 0.0509 Cost: 3.1135 Pre: 0.9613 Re: 0.9988 Acc: 0.9801 F1: 0.9797


--------------------------------------------------------------------
Eval results: Cost:2.4830 Pre:0.9534 Re:1.0000 Acc:0.9791 F1:0.9762
--------------------------------------------------------------------

Epoch 101: Time: 0.0515 Cost: 3.0765 Pre: 0.9613 Re: 0.9988 Acc: 0.9801 F1: 0.9797
Epoch 102: Time: 0.0510 Cost: 3.0119 Pre: 0.9647 Re: 0.9988 Acc: 0.9819 F1: 0.9814
Epoch 103: Time: 0.0548 Cost: 2.9607 Pre: 0.9624 Re: 0.9988 Acc: 0.9807 F1: 0.9803
Epoch 104: Time: 0.0513 Cost: 2.9081 Pre: 0.9635 Re: 0.9988 Acc: 0.9813 F1: 0.9808
Epoch 105: Time: 0.0519 Cost: 2.8623 Pre: 0.9624 Re: 0.9988 Acc: 0.9807 F1: 0.9803
Epoch 106: Time: 0.0518 Cost: 2.8113 Pre: 0.9647 Re: 0.9988 Acc: 0.9819 F1: 0.9814
Epoch 107: Time: 0.0516 Cost: 2.7687 Pre: 0.9647 Re: 0.9988 Acc: 0.9819 F1: 0.9814
Epoch 108: Time: 0.0515 Cost: 2.7196 Pre: 0.9669 Re: 0.9988 Acc: 0.9831 F1: 0.9826
Epoch 109: Time: 0.0511 Cost: 2.6783 Pre: 0.9658 Re: 0.9988 Acc: 0.9825 F1: 0.9820
Epoch 110: Time: 0.0515 Cost: 2.6312 Pre: 0.9681 Re: 0.9988 Acc: 0.9836 F1: 0.9832


--------------------------------------------------------------------
Eval results: Cost:2.1490 Pre:0.9564 Re:1.0000 Acc:0.9805 F1:0.9777
--------------------------------------------------------------------

Epoch 111: Time: 0.0508 Cost: 2.6043 Pre: 0.9669 Re: 0.9988 Acc: 0.9831 F1: 0.9826
Epoch 112: Time: 0.0512 Cost: 2.5445 Pre: 0.9704 Re: 0.9988 Acc: 0.9848 F1: 0.9844
Epoch 113: Time: 0.0503 Cost: 2.5076 Pre: 0.9704 Re: 0.9988 Acc: 0.9848 F1: 0.9844
Epoch 114: Time: 0.0511 Cost: 2.4625 Pre: 0.9692 Re: 0.9988 Acc: 0.9842 F1: 0.9838
Epoch 115: Time: 0.0504 Cost: 2.4225 Pre: 0.9715 Re: 0.9988 Acc: 0.9854 F1: 0.9850
Epoch 116: Time: 0.0503 Cost: 2.3821 Pre: 0.9727 Re: 0.9988 Acc: 0.9860 F1: 0.9856
Epoch 117: Time: 0.0505 Cost: 2.3434 Pre: 0.9738 Re: 0.9988 Acc: 0.9866 F1: 0.9862
Epoch 118: Time: 0.0510 Cost: 2.3048 Pre: 0.9750 Re: 0.9988 Acc: 0.9871 F1: 0.9867
Epoch 119: Time: 0.0503 Cost: 2.2670 Pre: 0.9750 Re: 0.9988 Acc: 0.9871 F1: 0.9867
Epoch 120: Time: 0.0507 Cost: 2.2297 Pre: 0.9750 Re: 0.9988 Acc: 0.9871 F1: 0.9867


--------------------------------------------------------------------
Eval results: Cost:1.8645 Pre:0.9564 Re:1.0000 Acc:0.9805 F1:0.9777
--------------------------------------------------------------------

Epoch 121: Time: 0.0540 Cost: 2.2068 Pre: 0.9750 Re: 0.9988 Acc: 0.9871 F1: 0.9867
Epoch 122: Time: 0.0507 Cost: 2.1499 Pre: 0.9774 Re: 1.0000 Acc: 0.9889 F1: 0.9885
Epoch 123: Time: 0.0516 Cost: 2.1291 Pre: 0.9773 Re: 0.9988 Acc: 0.9883 F1: 0.9879
Epoch 124: Time: 0.0514 Cost: 2.0783 Pre: 0.9785 Re: 1.0000 Acc: 0.9895 F1: 0.9891
Epoch 125: Time: 0.0510 Cost: 2.0558 Pre: 0.9785 Re: 0.9988 Acc: 0.9889 F1: 0.9885
Epoch 126: Time: 0.0507 Cost: 2.0106 Pre: 0.9809 Re: 1.0000 Acc: 0.9907 F1: 0.9903
Epoch 127: Time: 0.0510 Cost: 1.9880 Pre: 0.9797 Re: 0.9988 Acc: 0.9895 F1: 0.9891
Epoch 128: Time: 0.0502 Cost: 1.9440 Pre: 0.9820 Re: 1.0000 Acc: 0.9912 F1: 0.9909
Epoch 129: Time: 0.0506 Cost: 1.9237 Pre: 0.9808 Re: 0.9988 Acc: 0.9901 F1: 0.9897
Epoch 130: Time: 0.0513 Cost: 1.8776 Pre: 0.9832 Re: 1.0000 Acc: 0.9918 F1: 0.9915


--------------------------------------------------------------------
Eval results: Cost:1.6045 Pre:0.9564 Re:1.0000 Acc:0.9805 F1:0.9777
--------------------------------------------------------------------

Epoch 131: Time: 0.0504 Cost: 1.8759 Pre: 0.9820 Re: 0.9988 Acc: 0.9907 F1: 0.9903
Epoch 132: Time: 0.0506 Cost: 1.8062 Pre: 0.9844 Re: 1.0000 Acc: 0.9924 F1: 0.9921
Epoch 133: Time: 0.0511 Cost: 1.8152 Pre: 0.9820 Re: 0.9988 Acc: 0.9907 F1: 0.9903
Epoch 134: Time: 0.0506 Cost: 1.7416 Pre: 0.9844 Re: 1.0000 Acc: 0.9924 F1: 0.9921
Epoch 135: Time: 0.0510 Cost: 1.7516 Pre: 0.9820 Re: 0.9988 Acc: 0.9907 F1: 0.9903
Epoch 136: Time: 0.0513 Cost: 1.6827 Pre: 0.9856 Re: 1.0000 Acc: 0.9930 F1: 0.9927
Epoch 137: Time: 0.0518 Cost: 1.6976 Pre: 0.9820 Re: 0.9988 Acc: 0.9907 F1: 0.9903
Epoch 138: Time: 0.0515 Cost: 1.6262 Pre: 0.9856 Re: 1.0000 Acc: 0.9930 F1: 0.9927
Epoch 139: Time: 0.0528 Cost: 1.6421 Pre: 0.9820 Re: 0.9988 Acc: 0.9907 F1: 0.9903
Epoch 140: Time: 0.0532 Cost: 1.5715 Pre: 0.9856 Re: 1.0000 Acc: 0.9930 F1: 0.9927


--------------------------------------------------------------------
Eval results: Cost:1.3837 Pre:0.9715 Re:1.0000 Acc:0.9875 F1:0.9856
--------------------------------------------------------------------

Epoch 141: Time: 0.0515 Cost: 1.5973 Pre: 0.9820 Re: 0.9988 Acc: 0.9907 F1: 0.9903
Epoch 142: Time: 0.0515 Cost: 1.5195 Pre: 0.9868 Re: 1.0000 Acc: 0.9936 F1: 0.9933
Epoch 143: Time: 0.0511 Cost: 1.5383 Pre: 0.9844 Re: 0.9988 Acc: 0.9918 F1: 0.9915
Epoch 144: Time: 0.0511 Cost: 1.4692 Pre: 0.9880 Re: 1.0000 Acc: 0.9942 F1: 0.9939
Epoch 145: Time: 0.0509 Cost: 1.4853 Pre: 0.9879 Re: 0.9988 Acc: 0.9936 F1: 0.9933
Epoch 146: Time: 0.0515 Cost: 1.4215 Pre: 0.9891 Re: 1.0000 Acc: 0.9947 F1: 0.9945
Epoch 147: Time: 0.0514 Cost: 1.4381 Pre: 0.9879 Re: 0.9988 Acc: 0.9936 F1: 0.9933
Epoch 148: Time: 0.0514 Cost: 1.3752 Pre: 0.9891 Re: 1.0000 Acc: 0.9947 F1: 0.9945
Epoch 149: Time: 0.0521 Cost: 1.3884 Pre: 0.9891 Re: 0.9988 Acc: 0.9942 F1: 0.9939
Epoch 150: Time: 0.0514 Cost: 1.3305 Pre: 0.9927 Re: 1.0000 Acc: 0.9965 F1: 0.9964


--------------------------------------------------------------------
Eval results: Cost:1.1931 Pre:0.9777 Re:1.0000 Acc:0.9903 F1:0.9887
--------------------------------------------------------------------

Epoch 151: Time: 0.0518 Cost: 1.3531 Pre: 0.9891 Re: 0.9988 Acc: 0.9942 F1: 0.9939
Epoch 152: Time: 0.0517 Cost: 1.2884 Pre: 0.9927 Re: 1.0000 Acc: 0.9965 F1: 0.9964
Epoch 153: Time: 0.0522 Cost: 1.2977 Pre: 0.9891 Re: 0.9988 Acc: 0.9942 F1: 0.9939
Epoch 154: Time: 0.0513 Cost: 1.2455 Pre: 0.9927 Re: 1.0000 Acc: 0.9965 F1: 0.9964
Epoch 155: Time: 0.0514 Cost: 1.2588 Pre: 0.9903 Re: 0.9988 Acc: 0.9947 F1: 0.9945
Epoch 156: Time: 0.0509 Cost: 1.2064 Pre: 0.9951 Re: 1.0000 Acc: 0.9977 F1: 0.9976
Epoch 157: Time: 0.0526 Cost: 1.2162 Pre: 0.9915 Re: 0.9988 Acc: 0.9953 F1: 0.9951
Epoch 158: Time: 0.0522 Cost: 1.1674 Pre: 0.9964 Re: 1.0000 Acc: 0.9982 F1: 0.9982
Epoch 159: Time: 0.0516 Cost: 1.1775 Pre: 0.9927 Re: 0.9988 Acc: 0.9959 F1: 0.9957
Epoch 160: Time: 0.0512 Cost: 1.1312 Pre: 0.9964 Re: 1.0000 Acc: 0.9982 F1: 0.9982


--------------------------------------------------------------------
Eval results: Cost:1.0121 Pre:0.9840 Re:1.0000 Acc:0.9930 F1:0.9919
--------------------------------------------------------------------

Epoch 161: Time: 0.0513 Cost: 1.1462 Pre: 0.9927 Re: 0.9988 Acc: 0.9959 F1: 0.9957
Epoch 162: Time: 0.0511 Cost: 1.0988 Pre: 0.9964 Re: 1.0000 Acc: 0.9982 F1: 0.9982
Epoch 163: Time: 0.0510 Cost: 1.0978 Pre: 0.9927 Re: 0.9988 Acc: 0.9959 F1: 0.9957
Epoch 164: Time: 0.0518 Cost: 1.0648 Pre: 0.9964 Re: 1.0000 Acc: 0.9982 F1: 0.9982
Epoch 165: Time: 0.0603 Cost: 1.0757 Pre: 0.9927 Re: 0.9988 Acc: 0.9959 F1: 0.9957
Epoch 166: Time: 0.0525 Cost: 1.0284 Pre: 0.9964 Re: 1.0000 Acc: 0.9982 F1: 0.9982
Epoch 167: Time: 0.0516 Cost: 1.0253 Pre: 0.9927 Re: 0.9988 Acc: 0.9959 F1: 0.9957
Epoch 168: Time: 0.0512 Cost: 1.0021 Pre: 0.9964 Re: 1.0000 Acc: 0.9982 F1: 0.9982
Epoch 169: Time: 0.0516 Cost: 1.0071 Pre: 0.9927 Re: 0.9988 Acc: 0.9959 F1: 0.9957
Epoch 170: Time: 0.0514 Cost: 0.9715 Pre: 0.9964 Re: 1.0000 Acc: 0.9982 F1: 0.9982


--------------------------------------------------------------------
Eval results: Cost:0.8679 Pre:0.9903 Re:1.0000 Acc:0.9958 F1:0.9951
--------------------------------------------------------------------

Epoch 171: Time: 0.0514 Cost: 0.9784 Pre: 0.9939 Re: 0.9988 Acc: 0.9965 F1: 0.9964
Epoch 172: Time: 0.0512 Cost: 0.9423 Pre: 0.9964 Re: 1.0000 Acc: 0.9982 F1: 0.9982
Epoch 173: Time: 0.0516 Cost: 0.9431 Pre: 0.9951 Re: 0.9988 Acc: 0.9971 F1: 0.9970
Epoch 174: Time: 0.0510 Cost: 0.9068 Pre: 0.9964 Re: 1.0000 Acc: 0.9982 F1: 0.9982
Epoch 175: Time: 0.0544 Cost: 0.9175 Pre: 0.9951 Re: 0.9988 Acc: 0.9971 F1: 0.9970
Epoch 176: Time: 0.0511 Cost: 0.8723 Pre: 0.9964 Re: 1.0000 Acc: 0.9982 F1: 0.9982
Epoch 177: Time: 0.0522 Cost: 0.8815 Pre: 0.9964 Re: 0.9988 Acc: 0.9977 F1: 0.9976
Epoch 178: Time: 0.0511 Cost: 0.8557 Pre: 0.9964 Re: 1.0000 Acc: 0.9982 F1: 0.9982
Epoch 179: Time: 0.0512 Cost: 0.8640 Pre: 0.9951 Re: 0.9988 Acc: 0.9971 F1: 0.9970
Epoch 180: Time: 0.0517 Cost: 0.8196 Pre: 0.9964 Re: 1.0000 Acc: 0.9982 F1: 0.9982


--------------------------------------------------------------------
Eval results: Cost:0.7446 Pre:0.9903 Re:1.0000 Acc:0.9958 F1:0.9951
--------------------------------------------------------------------

Epoch 181: Time: 0.0515 Cost: 0.8331 Pre: 0.9976 Re: 0.9988 Acc: 0.9982 F1: 0.9982
Epoch 182: Time: 0.0515 Cost: 0.8047 Pre: 0.9964 Re: 1.0000 Acc: 0.9982 F1: 0.9982
Epoch 183: Time: 0.0523 Cost: 0.8101 Pre: 0.9976 Re: 0.9988 Acc: 0.9982 F1: 0.9982
Epoch 184: Time: 0.0512 Cost: 0.7747 Pre: 0.9976 Re: 1.0000 Acc: 0.9988 F1: 0.9988
Epoch 185: Time: 0.0515 Cost: 0.7842 Pre: 0.9976 Re: 0.9988 Acc: 0.9982 F1: 0.9982
Epoch 186: Time: 0.0514 Cost: 0.7467 Pre: 0.9988 Re: 1.0000 Acc: 0.9994 F1: 0.9994
Epoch 187: Time: 0.0507 Cost: 0.7557 Pre: 0.9976 Re: 0.9988 Acc: 0.9982 F1: 0.9982
Epoch 188: Time: 0.0513 Cost: 0.7305 Pre: 0.9976 Re: 1.0000 Acc: 0.9988 F1: 0.9988
Epoch 189: Time: 0.0506 Cost: 0.7389 Pre: 0.9976 Re: 0.9988 Acc: 0.9982 F1: 0.9982
Epoch 190: Time: 0.0502 Cost: 0.7003 Pre: 0.9988 Re: 1.0000 Acc: 0.9994 F1: 0.9994


--------------------------------------------------------------------
Eval results: Cost:0.6419 Pre:0.9935 Re:1.0000 Acc:0.9972 F1:0.9968
--------------------------------------------------------------------

Epoch 191: Time: 0.0507 Cost: 0.7079 Pre: 0.9988 Re: 1.0000 Acc: 0.9994 F1: 0.9994
Epoch 192: Time: 0.0509 Cost: 0.6931 Pre: 0.9976 Re: 1.0000 Acc: 0.9988 F1: 0.9988
Epoch 193: Time: 0.0564 Cost: 0.7005 Pre: 0.9976 Re: 0.9988 Acc: 0.9982 F1: 0.9982
Epoch 194: Time: 0.0508 Cost: 0.6611 Pre: 0.9988 Re: 1.0000 Acc: 0.9994 F1: 0.9994
Epoch 195: Time: 0.0506 Cost: 0.6517 Pre: 0.9988 Re: 1.0000 Acc: 0.9994 F1: 0.9994
Epoch 196: Time: 0.0509 Cost: 0.6554 Pre: 0.9988 Re: 1.0000 Acc: 0.9994 F1: 0.9994
Epoch 197: Time: 0.0504 Cost: 0.6755 Pre: 0.9976 Re: 0.9988 Acc: 0.9982 F1: 0.9982
Epoch 198: Time: 0.0508 Cost: 0.6063 Pre: 0.9988 Re: 1.0000 Acc: 0.9994 F1: 0.9994
Epoch 199: Time: 0.0504 Cost: 0.6017 Pre: 0.9988 Re: 1.0000 Acc: 0.9994 F1: 0.9994
Epoch 200: Time: 0.0499 Cost: 0.6158 Pre: 0.9988 Re: 1.0000 Acc: 0.9994 F1: 0.9994


--------------------------------------------------------------------
Eval results: Cost:0.5239 Pre:0.9935 Re:1.0000 Acc:0.9972 F1:0.9968
--------------------------------------------------------------------

Epoch 201: Time: 0.0553 Cost: 0.6401 Pre: 0.9988 Re: 0.9988 Acc: 0.9988 F1: 0.9988
Epoch 202: Time: 0.0526 Cost: 0.5817 Pre: 0.9988 Re: 1.0000 Acc: 0.9994 F1: 0.9994
Epoch 203: Time: 0.0520 Cost: 0.5581 Pre: 0.9988 Re: 1.0000 Acc: 0.9994 F1: 0.9994
Epoch 204: Time: 0.0500 Cost: 0.5777 Pre: 0.9988 Re: 1.0000 Acc: 0.9994 F1: 0.9994
Epoch 205: Time: 0.0499 Cost: 0.5497 Pre: 1.0000 Re: 1.0000 Acc: 1.0000 F1: 1.0000
Epoch 206: Time: 0.0503 Cost: 0.6417 Pre: 0.9964 Re: 0.9988 Acc: 0.9977 F1: 0.9976
Epoch 207: Time: 0.0502 Cost: 0.4817 Pre: 1.0000 Re: 1.0000 Acc: 1.0000 F1: 1.0000
Epoch 208: Time: 0.0501 Cost: 0.5055 Pre: 0.9988 Re: 1.0000 Acc: 0.9994 F1: 0.9994
Epoch 209: Time: 0.0507 Cost: 0.5111 Pre: 0.9988 Re: 1.0000 Acc: 0.9994 F1: 0.9994
Epoch 210: Time: 0.0507 Cost: 0.5688 Pre: 0.9976 Re: 0.9988 Acc: 0.9982 F1: 0.9982


--------------------------------------------------------------------
Eval results: Cost:0.5086 Pre:0.9968 Re:1.0000 Acc:0.9986 F1:0.9984
--------------------------------------------------------------------

Epoch 211: Time: 0.0535 Cost: 0.5004 Pre: 0.9988 Re: 1.0000 Acc: 0.9994 F1: 0.9994
Epoch 212: Time: 0.0511 Cost: 0.4572 Pre: 1.0000 Re: 1.0000 Acc: 1.0000 F1: 1.0000
Epoch 213: Time: 0.0500 Cost: 0.4480 Pre: 1.0000 Re: 1.0000 Acc: 1.0000 F1: 1.0000
Epoch 214: Time: 0.0505 Cost: 0.5376 Pre: 0.9988 Re: 0.9988 Acc: 0.9988 F1: 0.9988
Epoch 215: Time: 0.0503 Cost: 0.4561 Pre: 1.0000 Re: 1.0000 Acc: 1.0000 F1: 1.0000
Epoch 216: Time: 0.0506 Cost: 0.4165 Pre: 1.0000 Re: 1.0000 Acc: 1.0000 F1: 1.0000
Epoch 217: Time: 0.0501 Cost: 0.4167 Pre: 1.0000 Re: 1.0000 Acc: 1.0000 F1: 1.0000
Epoch 218: Time: 0.0501 Cost: 0.5089 Pre: 1.0000 Re: 0.9988 Acc: 0.9994 F1: 0.9994
Epoch 219: Time: 0.0507 Cost: 0.4593 Pre: 0.9988 Re: 0.9988 Acc: 0.9988 F1: 0.9988
Epoch 220: Time: 0.0504 Cost: 0.3837 Pre: 1.0000 Re: 1.0000 Acc: 1.0000 F1: 1.0000


--------------------------------------------------------------------
Eval results: Cost:0.4278 Pre:0.9935 Re:1.0000 Acc:0.9972 F1:0.9968
--------------------------------------------------------------------

Epoch 221: Time: 0.0508 Cost: 0.4190 Pre: 1.0000 Re: 1.0000 Acc: 1.0000 F1: 1.0000
Epoch 222: Time: 0.0506 Cost: 0.4677 Pre: 0.9988 Re: 0.9988 Acc: 0.9988 F1: 0.9988
Epoch 223: Time: 0.0500 Cost: 0.3698 Pre: 1.0000 Re: 1.0000 Acc: 1.0000 F1: 1.0000
Epoch 224: Time: 0.0511 Cost: 0.3584 Pre: 1.0000 Re: 1.0000 Acc: 1.0000 F1: 1.0000
Epoch 225: Time: 0.0507 Cost: 0.4191 Pre: 1.0000 Re: 1.0000 Acc: 1.0000 F1: 1.0000
Epoch 226: Time: 0.0506 Cost: 0.4789 Pre: 0.9988 Re: 0.9988 Acc: 0.9988 F1: 0.9988
Epoch 227: Time: 0.0510 Cost: 0.3449 Pre: 1.0000 Re: 1.0000 Acc: 1.0000 F1: 1.0000
Epoch 228: Time: 0.0508 Cost: 0.3583 Pre: 1.0000 Re: 1.0000 Acc: 1.0000 F1: 1.0000
Epoch 229: Time: 0.0499 Cost: 0.3490 Pre: 1.0000 Re: 1.0000 Acc: 1.0000 F1: 1.0000
Epoch 230: Time: 0.0530 Cost: 0.4586 Pre: 0.9988 Re: 0.9988 Acc: 0.9988 F1: 0.9988


--------------------------------------------------------------------
Eval results: Cost:0.3806 Pre:0.9968 Re:1.0000 Acc:0.9986 F1:0.9984
--------------------------------------------------------------------

Epoch 231: Time: 0.0510 Cost: 0.3268 Pre: 1.0000 Re: 1.0000 Acc: 1.0000 F1: 1.0000
Epoch 232: Time: 0.0512 Cost: 0.3256 Pre: 1.0000 Re: 1.0000 Acc: 1.0000 F1: 1.0000
Epoch 233: Time: 0.0510 Cost: 0.3214 Pre: 1.0000 Re: 1.0000 Acc: 1.0000 F1: 1.0000
Epoch 234: Time: 0.0504 Cost: 0.4044 Pre: 0.9988 Re: 0.9988 Acc: 0.9988 F1: 0.9988
Epoch 235: Time: 0.0518 Cost: 0.4151 Pre: 0.9988 Re: 0.9988 Acc: 0.9988 F1: 0.9988
Epoch 236: Time: 0.0517 Cost: 0.3044 Pre: 1.0000 Re: 1.0000 Acc: 1.0000 F1: 1.0000
Epoch 237: Time: 0.0505 Cost: 0.3680 Pre: 0.9988 Re: 1.0000 Acc: 0.9994 F1: 0.9994
Epoch 238: Time: 0.0509 Cost: 0.4373 Pre: 0.9988 Re: 0.9976 Acc: 0.9982 F1: 0.9982
Epoch 239: Time: 0.0512 Cost: 0.4894 Pre: 0.9964 Re: 0.9988 Acc: 0.9977 F1: 0.9976
Epoch 240: Time: 0.0514 Cost: 0.4482 Pre: 0.9951 Re: 0.9976 Acc: 0.9965 F1: 0.9963


--------------------------------------------------------------------
Eval results: Cost:0.3912 Pre:0.9968 Re:1.0000 Acc:0.9986 F1:0.9984
--------------------------------------------------------------------

Epoch 241: Time: 0.0508 Cost: 0.3148 Pre: 1.0000 Re: 1.0000 Acc: 1.0000 F1: 1.0000
Epoch 242: Time: 0.0513 Cost: 0.3723 Pre: 0.9988 Re: 1.0000 Acc: 0.9994 F1: 0.9994
Epoch 243: Time: 0.0520 Cost: 0.3576 Pre: 0.9988 Re: 0.9988 Acc: 0.9988 F1: 0.9988
Epoch 244: Time: 0.0510 Cost: 0.2813 Pre: 1.0000 Re: 1.0000 Acc: 1.0000 F1: 1.0000
Epoch 245: Time: 0.0516 Cost: 0.3190 Pre: 0.9988 Re: 1.0000 Acc: 0.9994 F1: 0.9994
Epoch 246: Time: 0.0512 Cost: 0.3272 Pre: 0.9988 Re: 1.0000 Acc: 0.9994 F1: 0.9994
Epoch 247: Time: 0.0515 Cost: 0.3337 Pre: 0.9988 Re: 1.0000 Acc: 0.9994 F1: 0.9994
Epoch 248: Time: 0.0536 Cost: 0.3788 Pre: 0.9988 Re: 0.9988 Acc: 0.9988 F1: 0.9988
Epoch 249: Time: 0.0518 Cost: 0.3078 Pre: 1.0000 Re: 1.0000 Acc: 1.0000 F1: 1.0000
Epoch 250: Time: 0.0514 Cost: 0.3444 Pre: 0.9988 Re: 1.0000 Acc: 0.9994 F1: 0.9994


--------------------------------------------------------------------
Eval results: Cost:0.3188 Pre:0.9968 Re:1.0000 Acc:0.9986 F1:0.9984
--------------------------------------------------------------------

Epoch 251: Time: 0.0518 Cost: 0.2738 Pre: 0.9988 Re: 1.0000 Acc: 0.9994 F1: 0.9994
Epoch 252: Time: 0.0510 Cost: 0.2709 Pre: 1.0000 Re: 1.0000 Acc: 1.0000 F1: 1.0000
Epoch 253: Time: 0.0511 Cost: 0.3117 Pre: 0.9988 Re: 1.0000 Acc: 0.9994 F1: 0.9994
Epoch 254: Time: 0.0513 Cost: 0.3328 Pre: 0.9988 Re: 0.9988 Acc: 0.9988 F1: 0.9988
Epoch 255: Time: 0.0509 Cost: 0.2467 Pre: 1.0000 Re: 1.0000 Acc: 1.0000 F1: 1.0000
Epoch 256: Time: 0.0525 Cost: 0.2834 Pre: 1.0000 Re: 1.0000 Acc: 1.0000 F1: 1.0000
Epoch 257: Time: 0.0513 Cost: 0.3358 Pre: 0.9988 Re: 0.9988 Acc: 0.9988 F1: 0.9988
Epoch 258: Time: 0.0513 Cost: 0.2409 Pre: 1.0000 Re: 1.0000 Acc: 1.0000 F1: 1.0000
Epoch 259: Time: 0.0514 Cost: 0.2656 Pre: 1.0000 Re: 1.0000 Acc: 1.0000 F1: 1.0000
Epoch 260: Time: 0.0510 Cost: 0.2234 Pre: 1.0000 Re: 1.0000 Acc: 1.0000 F1: 1.0000


--------------------------------------------------------------------
Eval results: Cost:0.2515 Pre:0.9968 Re:1.0000 Acc:0.9986 F1:0.9984
--------------------------------------------------------------------

Epoch 261: Time: 0.0508 Cost: 0.2175 Pre: 1.0000 Re: 1.0000 Acc: 1.0000 F1: 1.0000
Epoch 262: Time: 0.0503 Cost: 0.2191 Pre: 1.0000 Re: 1.0000 Acc: 1.0000 F1: 1.0000
Epoch 263: Time: 0.0690 Cost: 0.3607 Pre: 0.9988 Re: 0.9988 Acc: 0.9988 F1: 0.9988
Epoch 264: Time: 0.0582 Cost: 0.2044 Pre: 1.0000 Re: 1.0000 Acc: 1.0000 F1: 1.0000
Epoch 265: Time: 0.0523 Cost: 0.1991 Pre: 1.0000 Re: 1.0000 Acc: 1.0000 F1: 1.0000
Epoch 266: Time: 0.0531 Cost: 0.2052 Pre: 1.0000 Re: 1.0000 Acc: 1.0000 F1: 1.0000
Epoch 267: Time: 0.0506 Cost: 0.3306 Pre: 0.9988 Re: 0.9988 Acc: 0.9988 F1: 0.9988
Epoch 268: Time: 0.0507 Cost: 0.1943 Pre: 1.0000 Re: 1.0000 Acc: 1.0000 F1: 1.0000
Epoch 269: Time: 0.0512 Cost: 0.2019 Pre: 1.0000 Re: 1.0000 Acc: 1.0000 F1: 1.0000
Epoch 270: Time: 0.0509 Cost: 0.2179 Pre: 1.0000 Re: 1.0000 Acc: 1.0000 F1: 1.0000


--------------------------------------------------------------------
Eval results: Cost:0.2794 Pre:0.9968 Re:1.0000 Acc:0.9986 F1:0.9984
--------------------------------------------------------------------

Epoch 271: Time: 0.0508 Cost: 0.2930 Pre: 1.0000 Re: 0.9988 Acc: 0.9994 F1: 0.9994
Epoch 272: Time: 0.0512 Cost: 0.1841 Pre: 1.0000 Re: 1.0000 Acc: 1.0000 F1: 1.0000
Epoch 273: Time: 0.0517 Cost: 0.1914 Pre: 1.0000 Re: 1.0000 Acc: 1.0000 F1: 1.0000
Epoch 274: Time: 0.0516 Cost: 0.2028 Pre: 1.0000 Re: 1.0000 Acc: 1.0000 F1: 1.0000
Epoch 275: Time: 0.0521 Cost: 0.2372 Pre: 1.0000 Re: 0.9988 Acc: 0.9994 F1: 0.9994
Epoch 276: Time: 0.0520 Cost: 0.1712 Pre: 1.0000 Re: 1.0000 Acc: 1.0000 F1: 1.0000
Epoch 277: Time: 0.0527 Cost: 0.1742 Pre: 1.0000 Re: 1.0000 Acc: 1.0000 F1: 1.0000
Epoch 278: Time: 0.0506 Cost: 0.1879 Pre: 1.0000 Re: 1.0000 Acc: 1.0000 F1: 1.0000
Epoch 279: Time: 0.0510 Cost: 0.2321 Pre: 1.0000 Re: 1.0000 Acc: 1.0000 F1: 1.0000
Epoch 280: Time: 0.0510 Cost: 0.1590 Pre: 1.0000 Re: 1.0000 Acc: 1.0000 F1: 1.0000


--------------------------------------------------------------------
Eval results: Cost:0.1871 Pre:0.9968 Re:1.0000 Acc:0.9986 F1:0.9984
--------------------------------------------------------------------

Epoch 281: Time: 0.0509 Cost: 0.1559 Pre: 1.0000 Re: 1.0000 Acc: 1.0000 F1: 1.0000
Epoch 282: Time: 0.0511 Cost: 0.1661 Pre: 1.0000 Re: 1.0000 Acc: 1.0000 F1: 1.0000
Epoch 283: Time: 0.0516 Cost: 0.2626 Pre: 0.9988 Re: 0.9988 Acc: 0.9988 F1: 0.9988
Epoch 284: Time: 0.0548 Cost: 0.1542 Pre: 1.0000 Re: 1.0000 Acc: 1.0000 F1: 1.0000
Epoch 285: Time: 0.0512 Cost: 0.1574 Pre: 1.0000 Re: 1.0000 Acc: 1.0000 F1: 1.0000
Epoch 286: Time: 0.0514 Cost: 0.1726 Pre: 1.0000 Re: 1.0000 Acc: 1.0000 F1: 1.0000
Epoch 287: Time: 0.0508 Cost: 0.2189 Pre: 1.0000 Re: 1.0000 Acc: 1.0000 F1: 1.0000
Epoch 288: Time: 0.0508 Cost: 0.1873 Pre: 0.9988 Re: 1.0000 Acc: 0.9994 F1: 0.9994
Epoch 289: Time: 0.0504 Cost: 0.1514 Pre: 1.0000 Re: 1.0000 Acc: 1.0000 F1: 1.0000
Epoch 290: Time: 0.0509 Cost: 0.2045 Pre: 0.9988 Re: 1.0000 Acc: 0.9994 F1: 0.9994


--------------------------------------------------------------------
Eval results: Cost:0.1690 Pre:0.9968 Re:1.0000 Acc:0.9986 F1:0.9984
--------------------------------------------------------------------

Epoch 291: Time: 0.0507 Cost: 0.2326 Pre: 0.9988 Re: 0.9988 Acc: 0.9988 F1: 0.9988
Epoch 292: Time: 0.0513 Cost: 0.1867 Pre: 1.0000 Re: 1.0000 Acc: 1.0000 F1: 1.0000
Epoch 293: Time: 0.0509 Cost: 0.2344 Pre: 0.9988 Re: 1.0000 Acc: 0.9994 F1: 0.9994
Epoch 294: Time: 0.0510 Cost: 0.4684 Pre: 0.9915 Re: 0.9988 Acc: 0.9953 F1: 0.9951
Epoch 295: Time: 0.0503 Cost: 0.2566 Pre: 0.9976 Re: 1.0000 Acc: 0.9988 F1: 0.9988
Epoch 296: Time: 0.0509 Cost: 0.1513 Pre: 1.0000 Re: 1.0000 Acc: 1.0000 F1: 1.0000
Epoch 297: Time: 0.0504 Cost: 0.1723 Pre: 0.9988 Re: 1.0000 Acc: 0.9994 F1: 0.9994
Epoch 298: Time: 0.0508 Cost: 0.1443 Pre: 1.0000 Re: 1.0000 Acc: 1.0000 F1: 1.0000
Epoch 299: Time: 0.0504 Cost: 0.1259 Pre: 1.0000 Re: 1.0000 Acc: 1.0000 F1: 1.0000
Epoch 300: Time: 0.0509 Cost: 0.1248 Pre: 1.0000 Re: 1.0000 Acc: 1.0000 F1: 1.0000


--------------------------------------------------------------------
Eval results: Cost:0.1469 Pre:1.0000 Re:1.0000 Acc:1.0000 F1:1.0000
--------------------------------------------------------------------

Epoch 301: Time: 0.0517 Cost: 0.1327 Pre: 1.0000 Re: 1.0000 Acc: 1.0000 F1: 1.0000
Epoch 302: Time: 0.0528 Cost: 0.2060 Pre: 0.9988 Re: 0.9988 Acc: 0.9988 F1: 0.9988
Epoch 303: Time: 0.0508 Cost: 0.1339 Pre: 1.0000 Re: 1.0000 Acc: 1.0000 F1: 1.0000
Epoch 304: Time: 0.0507 Cost: 0.1425 Pre: 1.0000 Re: 1.0000 Acc: 1.0000 F1: 1.0000
Epoch 305: Time: 0.0504 Cost: 0.1492 Pre: 1.0000 Re: 1.0000 Acc: 1.0000 F1: 1.0000
Epoch 306: Time: 0.0513 Cost: 0.1253 Pre: 1.0000 Re: 1.0000 Acc: 1.0000 F1: 1.0000
Epoch 307: Time: 0.0507 Cost: 0.1316 Pre: 1.0000 Re: 1.0000 Acc: 1.0000 F1: 1.0000
Epoch 308: Time: 0.0506 Cost: 0.1382 Pre: 1.0000 Re: 1.0000 Acc: 1.0000 F1: 1.0000
Epoch 309: Time: 0.0504 Cost: 0.1127 Pre: 1.0000 Re: 1.0000 Acc: 1.0000 F1: 1.0000
Epoch 310: Time: 0.0500 Cost: 0.1082 Pre: 1.0000 Re: 1.0000 Acc: 1.0000 F1: 1.0000


--------------------------------------------------------------------
Eval results: Cost:0.1185 Pre:1.0000 Re:1.0000 Acc:1.0000 F1:1.0000
--------------------------------------------------------------------

Epoch 311: Time: 0.0517 Cost: 0.1120 Pre: 1.0000 Re: 1.0000 Acc: 1.0000 F1: 1.0000
Epoch 312: Time: 0.0510 Cost: 0.2054 Pre: 0.9988 Re: 0.9988 Acc: 0.9988 F1: 0.9988
Epoch 313: Time: 0.0508 Cost: 0.1166 Pre: 1.0000 Re: 1.0000 Acc: 1.0000 F1: 1.0000
Epoch 314: Time: 0.0516 Cost: 0.1261 Pre: 1.0000 Re: 1.0000 Acc: 1.0000 F1: 1.0000
Epoch 315: Time: 0.0513 Cost: 0.1621 Pre: 0.9988 Re: 1.0000 Acc: 0.9994 F1: 0.9994
Epoch 316: Time: 0.0508 Cost: 0.1216 Pre: 1.0000 Re: 1.0000 Acc: 1.0000 F1: 1.0000
Epoch 317: Time: 0.0516 Cost: 0.2567 Pre: 0.9976 Re: 0.9976 Acc: 0.9977 F1: 0.9976
Epoch 318: Time: 0.0524 Cost: 0.2537 Pre: 0.9976 Re: 1.0000 Acc: 0.9988 F1: 0.9988
Epoch 319: Time: 0.0508 Cost: 0.1353 Pre: 0.9988 Re: 1.0000 Acc: 0.9994 F1: 0.9994
Epoch 320: Time: 0.0522 Cost: 0.1035 Pre: 1.0000 Re: 1.0000 Acc: 1.0000 F1: 1.0000


--------------------------------------------------------------------
Eval results: Cost:0.0961 Pre:1.0000 Re:1.0000 Acc:1.0000 F1:1.0000
--------------------------------------------------------------------

Epoch 321: Time: 0.0512 Cost: 0.0979 Pre: 1.0000 Re: 1.0000 Acc: 1.0000 F1: 1.0000
Epoch 322: Time: 0.0509 Cost: 0.0953 Pre: 1.0000 Re: 1.0000 Acc: 1.0000 F1: 1.0000
Epoch 323: Time: 0.0501 Cost: 0.1042 Pre: 1.0000 Re: 1.0000 Acc: 1.0000 F1: 1.0000
Epoch 324: Time: 0.0502 Cost: 0.1101 Pre: 1.0000 Re: 1.0000 Acc: 1.0000 F1: 1.0000
Epoch 325: Time: 0.0510 Cost: 0.1332 Pre: 1.0000 Re: 1.0000 Acc: 1.0000 F1: 1.0000
Epoch 326: Time: 0.0506 Cost: 0.1194 Pre: 1.0000 Re: 1.0000 Acc: 1.0000 F1: 1.0000
Epoch 327: Time: 0.0508 Cost: 0.1561 Pre: 0.9988 Re: 1.0000 Acc: 0.9994 F1: 0.9994
Epoch 328: Time: 0.0510 Cost: 0.1018 Pre: 1.0000 Re: 1.0000 Acc: 1.0000 F1: 1.0000
Epoch 329: Time: 0.0517 Cost: 0.1631 Pre: 0.9988 Re: 1.0000 Acc: 0.9994 F1: 0.9994
Epoch 330: Time: 0.0512 Cost: 0.4116 Pre: 0.9976 Re: 0.9963 Acc: 0.9971 F1: 0.9969


--------------------------------------------------------------------
Eval results: Cost:0.1527 Pre:0.9968 Re:1.0000 Acc:0.9986 F1:0.9984
--------------------------------------------------------------------

Epoch 331: Time: 0.0510 Cost: 0.1101 Pre: 1.0000 Re: 1.0000 Acc: 1.0000 F1: 1.0000
Epoch 332: Time: 0.0505 Cost: 0.0985 Pre: 1.0000 Re: 1.0000 Acc: 1.0000 F1: 1.0000
Epoch 333: Time: 0.0513 Cost: 0.0842 Pre: 1.0000 Re: 1.0000 Acc: 1.0000 F1: 1.0000
Epoch 334: Time: 0.0510 Cost: 0.0878 Pre: 1.0000 Re: 1.0000 Acc: 1.0000 F1: 1.0000
Epoch 335: Time: 0.0508 Cost: 0.0894 Pre: 1.0000 Re: 1.0000 Acc: 1.0000 F1: 1.0000
Epoch 336: Time: 0.0509 Cost: 0.0897 Pre: 1.0000 Re: 1.0000 Acc: 1.0000 F1: 1.0000
Epoch 337: Time: 0.0508 Cost: 0.0801 Pre: 1.0000 Re: 1.0000 Acc: 1.0000 F1: 1.0000
Epoch 338: Time: 0.0512 Cost: 0.1499 Pre: 0.9988 Re: 1.0000 Acc: 0.9994 F1: 0.9994
Epoch 339: Time: 0.0527 Cost: 0.0966 Pre: 1.0000 Re: 1.0000 Acc: 1.0000 F1: 1.0000
Epoch 340: Time: 0.0522 Cost: 0.0895 Pre: 1.0000 Re: 1.0000 Acc: 1.0000 F1: 1.0000


--------------------------------------------------------------------
Eval results: Cost:0.1253 Pre:1.0000 Re:1.0000 Acc:1.0000 F1:1.0000
--------------------------------------------------------------------

Epoch 341: Time: 0.0506 Cost: 0.0899 Pre: 1.0000 Re: 1.0000 Acc: 1.0000 F1: 1.0000
Epoch 342: Time: 0.0509 Cost: 0.0736 Pre: 1.0000 Re: 1.0000 Acc: 1.0000 F1: 1.0000
Epoch 343: Time: 0.0504 Cost: 0.0832 Pre: 1.0000 Re: 1.0000 Acc: 1.0000 F1: 1.0000
Epoch 344: Time: 0.0512 Cost: 0.0735 Pre: 1.0000 Re: 1.0000 Acc: 1.0000 F1: 1.0000
Epoch 345: Time: 0.0505 Cost: 0.1255 Pre: 1.0000 Re: 1.0000 Acc: 1.0000 F1: 1.0000
Epoch 346: Time: 0.0586 Cost: 0.1506 Pre: 0.9988 Re: 0.9988 Acc: 0.9988 F1: 0.9988
Epoch 347: Time: 0.0518 Cost: 0.1997 Pre: 0.9988 Re: 0.9988 Acc: 0.9988 F1: 0.9988
Epoch 348: Time: 0.0512 Cost: 0.1476 Pre: 1.0000 Re: 1.0000 Acc: 1.0000 F1: 1.0000
Epoch 349: Time: 0.0499 Cost: 0.0723 Pre: 1.0000 Re: 1.0000 Acc: 1.0000 F1: 1.0000
Epoch 350: Time: 0.0506 Cost: 0.0688 Pre: 1.0000 Re: 1.0000 Acc: 1.0000 F1: 1.0000


--------------------------------------------------------------------
Eval results: Cost:0.0812 Pre:1.0000 Re:1.0000 Acc:1.0000 F1:1.0000
--------------------------------------------------------------------

Epoch 351: Time: 0.0502 Cost: 0.0661 Pre: 1.0000 Re: 1.0000 Acc: 1.0000 F1: 1.0000
Epoch 352: Time: 0.0510 Cost: 0.0662 Pre: 1.0000 Re: 1.0000 Acc: 1.0000 F1: 1.0000
Epoch 353: Time: 0.0509 Cost: 0.0710 Pre: 1.0000 Re: 1.0000 Acc: 1.0000 F1: 1.0000
Epoch 354: Time: 0.0506 Cost: 0.1304 Pre: 0.9988 Re: 0.9988 Acc: 0.9988 F1: 0.9988
Epoch 355: Time: 0.0506 Cost: 0.0780 Pre: 1.0000 Re: 1.0000 Acc: 1.0000 F1: 1.0000
Epoch 356: Time: 0.0518 Cost: 0.0667 Pre: 1.0000 Re: 1.0000 Acc: 1.0000 F1: 1.0000
Epoch 357: Time: 0.0533 Cost: 0.0616 Pre: 1.0000 Re: 1.0000 Acc: 1.0000 F1: 1.0000
Epoch 358: Time: 0.0516 Cost: 0.0604 Pre: 1.0000 Re: 1.0000 Acc: 1.0000 F1: 1.0000
Epoch 359: Time: 0.0541 Cost: 0.0595 Pre: 1.0000 Re: 1.0000 Acc: 1.0000 F1: 1.0000
Epoch 360: Time: 0.0513 Cost: 0.0655 Pre: 1.0000 Re: 1.0000 Acc: 1.0000 F1: 1.0000


--------------------------------------------------------------------
Eval results: Cost:0.1062 Pre:1.0000 Re:1.0000 Acc:1.0000 F1:1.0000
--------------------------------------------------------------------

Epoch 361: Time: 0.0512 Cost: 0.2565 Pre: 0.9976 Re: 0.9976 Acc: 0.9977 F1: 0.9976
Epoch 362: Time: 0.0511 Cost: 0.2009 Pre: 0.9988 Re: 0.9988 Acc: 0.9988 F1: 0.9988
Epoch 363: Time: 0.0511 Cost: 0.1811 Pre: 0.9976 Re: 1.0000 Acc: 0.9988 F1: 0.9988
Epoch 364: Time: 0.0507 Cost: 0.0636 Pre: 1.0000 Re: 1.0000 Acc: 1.0000 F1: 1.0000
Epoch 365: Time: 0.0514 Cost: 0.0559 Pre: 1.0000 Re: 1.0000 Acc: 1.0000 F1: 1.0000
Epoch 366: Time: 0.0513 Cost: 0.0552 Pre: 1.0000 Re: 1.0000 Acc: 1.0000 F1: 1.0000
Epoch 367: Time: 0.0510 Cost: 0.0541 Pre: 1.0000 Re: 1.0000 Acc: 1.0000 F1: 1.0000
Epoch 368: Time: 0.0506 Cost: 0.0534 Pre: 1.0000 Re: 1.0000 Acc: 1.0000 F1: 1.0000
Epoch 369: Time: 0.0506 Cost: 0.0573 Pre: 1.0000 Re: 1.0000 Acc: 1.0000 F1: 1.0000
Epoch 370: Time: 0.0513 Cost: 0.1424 Pre: 0.9988 Re: 0.9988 Acc: 0.9988 F1: 0.9988


--------------------------------------------------------------------
Eval results: Cost:0.1057 Pre:1.0000 Re:1.0000 Acc:1.0000 F1:1.0000
--------------------------------------------------------------------

Epoch 371: Time: 0.0509 Cost: 0.0612 Pre: 1.0000 Re: 1.0000 Acc: 1.0000 F1: 1.0000
Epoch 372: Time: 0.0501 Cost: 0.0521 Pre: 1.0000 Re: 1.0000 Acc: 1.0000 F1: 1.0000
Epoch 373: Time: 0.0511 Cost: 0.0492 Pre: 1.0000 Re: 1.0000 Acc: 1.0000 F1: 1.0000
Epoch 374: Time: 0.0527 Cost: 0.0496 Pre: 1.0000 Re: 1.0000 Acc: 1.0000 F1: 1.0000
Epoch 375: Time: 0.0568 Cost: 0.0504 Pre: 1.0000 Re: 1.0000 Acc: 1.0000 F1: 1.0000
Epoch 376: Time: 0.0505 Cost: 0.1138 Pre: 0.9988 Re: 1.0000 Acc: 0.9994 F1: 0.9994
Epoch 377: Time: 0.0507 Cost: 0.0634 Pre: 1.0000 Re: 1.0000 Acc: 1.0000 F1: 1.0000
Epoch 378: Time: 0.0510 Cost: 0.0803 Pre: 1.0000 Re: 1.0000 Acc: 1.0000 F1: 1.0000
Epoch 379: Time: 0.0512 Cost: 0.3202 Pre: 0.9963 Re: 0.9963 Acc: 0.9965 F1: 0.9963
Epoch 380: Time: 0.0512 Cost: 0.1902 Pre: 1.0000 Re: 0.9988 Acc: 0.9994 F1: 0.9994


--------------------------------------------------------------------
Eval results: Cost:0.2365 Pre:0.9935 Re:1.0000 Acc:0.9972 F1:0.9968
--------------------------------------------------------------------

Early stopping...
--------------------------------------------------------------------
--------------------------------------------------------------------
Test 1996 samples take time: 0.1294
FP id:
[ 733  782 1152 1179]
Test results: Cost:0.2544 Pre:0.9953 Re:1.0000 Acc:0.9980 F1:0.9977
--------------------------------------------------------------------

